Start..........................
(100, 132, 270)
80 0.005 269
[72, 72, 77, 77, 77, 77, 77, 77, 77, 77, 116] 9.52 5.51 4.01 269
[72, 72, 77, 77, 77, 77, 77, 77, 77, 77, 116] 9.52 5.51 4.01 269
[72, 72, 77, 77, 77, 77, 77, 77, 77, 77, 116] 9.52 5.51 4.01 269
[72, 72, 77, 77, 77, 77, 77, 77, 77, 77, 117] 9.44 5.43 4.01 259
[72, 72, 77, 77, 77, 77, 77, 77, 77, 77, 117] 9.44 5.43 4.01 259
[72, 72, 77, 77, 77, 77, 77, 77, 77, 77, 117] 9.44 5.43 4.01 259
[72, 72, 77, 77, 77, 77, 77, 77, 77, 77, 117] 9.44 5.43 4.01 259
[74, 74, 74, 75, 77, 77, 77, 77, 77, 77, 117] 9.41 5.4 4.01 258
[74, 74, 74, 75, 77, 77, 77, 77, 77, 77, 117] 9.41 5.4 4.01 258
[74, 74, 74, 75, 77, 77, 77, 77, 77, 77, 117] 9.41 258
Time Cost for finding optimized m0: 3785.676637 s
Start..........................
(127, 156, 306)
90 0.005 305
[93, 93, 93, 100, 117, 117, 117, 127, 127] 208.3 77.57 130.73 305
[93, 93, 93, 100, 117, 117, 117, 127, 127] 208.3 77.57 130.73 305
[93, 93, 93, 100, 117, 117, 117, 127, 127] 208.3 77.57 130.73 305
[93, 93, 93, 100, 117, 117, 117, 127, 127] 208.3 77.57 130.73 305
[88, 96, 96, 117, 117, 117, 127, 127] 206.9 76.17 130.73 310
[88, 96, 96, 117, 117, 117, 127, 127] 206.9 76.17 130.73 310
[85, 85, 85, 117, 117, 117, 120, 120, 127, 127] 206.19 94.61 111.58 312
[85, 85, 85, 117, 117, 117, 120, 120, 127, 127] 206.19 94.61 111.58 312
[85, 85, 85, 117, 117, 117, 120, 120, 127, 127] 206.19 94.61 111.58 312
[85, 85, 85, 117, 117, 117, 120, 120, 127, 127] 206.19 312
Time Cost for finding optimized m0: 10892.166753 s
Start..........................
(130, 161, 219)
50 0.025 218
[] 464.08 0.0 464.08 218
[] 210.23 0.0 210.23 178
[] 210.23 0.0 210.23 178
[] 210.23 0.0 210.23 178
[] 210.23 0.0 210.23 178
[] 210.23 0.0 210.23 178
[] 153.16 0.0 153.16 176
[] 111.58 0.0 111.58 174
[] 111.58 0.0 111.58 174
[] 111.58 0.0 111.58 174
[] 111.58 174
Time Cost for finding optimized m0: 148.661562 s
Start..........................
(128, 161, 230)
55 0.02 229
[134, 134, 134] 322.66 143.21 179.45 229
[131, 131, 132] 300.35 120.9 179.45 269
[131, 131, 132] 300.35 120.9 179.45 269
[131, 131, 132] 287.79 108.35 179.45 249
[131, 131, 132] 287.79 108.35 179.45 249
[131, 131, 132] 287.79 108.35 179.45 249
[131, 131, 132] 287.79 108.35 179.45 249
[131, 131, 132] 287.79 108.35 179.45 249
[131, 131, 132] 287.79 108.35 179.45 249
[131, 131, 132] 287.79 249
Time Cost for finding optimized m0: 683.085769 s
Start..........................
(123, 157, 201)
45 0.03 200
[] 179.45 0.0 179.45 200
[] 179.45 0.0 179.45 200
[] 179.45 0.0 179.45 200
[] 179.45 0.0 179.45 200
[] 179.45 0.0 179.45 200
[] 179.45 0.0 179.45 200
[135, 135] 170.03 88.74 81.29 199
[135, 135] 170.03 88.74 81.29 199
[135, 135] 170.03 199
Time Cost for finding optimized m0: 171.140586 s
Start..........................
(121, 154, 241)
60 0.015 240
[115, 118, 118, 127] 91.29 32.07 59.22 240
[115, 118, 118, 127] 91.29 32.07 59.22 240
[115, 118, 118, 127] 91.29 32.07 59.22 240
[115, 118, 118, 127] 91.29 32.07 59.22 240
[116, 116, 119, 127] 90.43 31.21 59.22 235
[116, 116, 119, 127] 90.43 31.21 59.22 235
[116, 116, 119, 127] 90.43 31.21 59.22 235
[116, 116, 119, 127] 90.43 31.21 59.22 235
[116, 116, 119, 127] 90.43 235
Time Cost for finding optimized m0: 780.059287 s
Start..........................
(114, 148, 187)
40 0.035 186
[] 36.83 0.0 36.83 186
[] 36.83 0.0 36.83 186
[] 36.83 0.0 36.83 186
[] 36.83 0.0 36.83 186
[] 36.83 0.0 36.83 186
[] 36.83 0.0 36.83 186
[] 36.83 0.0 36.83 186
[] 36.83 186
Time Cost for finding optimized m0: 92.679467 s
