Start..........................
(100, 132, 270)
80 0.005 269
[87, 87, 87, 107, 117, 117] 2.76 1.66 1.11 269
[87, 87, 87, 107, 117, 117] 2.76 1.66 1.11 269
[87, 87, 87, 107, 117, 117] 2.76 1.66 1.11 269
[87, 87, 87, 107, 117, 117] 2.76 1.66 1.11 269
[87, 87, 87, 107, 117, 117] 2.76 1.66 1.11 269
[87, 87, 87, 107, 117, 117] 2.76 1.66 1.11 269
[87, 87, 87, 107, 117, 117] 2.75 1.65 1.11 268
[87, 87, 87, 107, 117, 117] 2.75 1.65 1.11 268
[87, 87, 87, 107, 117, 117] 2.75 268
Time Cost for finding optimized m0: 37223.008717 s
Start..........................
(127, 156, 306)
90 0.005 305
[87, 87, 107, 107, 107, 107, 117, 117, 119, 123, 128, 131, 134, 141] 558.17 260.37 297.8 305
[87, 87, 107, 107, 107, 107, 117, 117, 119, 127, 130, 133, 140] 542.13 244.32 297.8 345
[87, 87, 107, 107, 107, 107, 117, 117, 119, 127, 130, 133, 140] 542.13 244.32 297.8 345
[87, 88, 89, 107, 108, 117, 117, 117, 118, 127, 130, 133, 140] 520.18 222.37 297.8 325
[87, 88, 89, 107, 108, 117, 117, 117, 118, 127, 130, 133, 140] 520.18 222.37 297.8 325
[87, 87, 107, 107, 107, 117, 117, 118, 121, 127, 130, 133, 140] 510.44 212.64 297.8 315
[87, 87, 107, 107, 107, 117, 117, 118, 121, 127, 130, 133, 140] 510.44 212.64 297.8 315
[87, 87, 107, 107, 107, 117, 117, 118, 121, 127, 130, 133, 140] 510.44 212.64 297.8 315
[87, 87, 87, 107, 107, 117, 117, 117, 121, 128, 130, 133, 140] 509.88 212.08 297.8 313
[87, 87, 87, 107, 107, 117, 117, 117, 121, 128, 130, 133, 140] 509.88 212.08 297.8 313
[87, 87, 87, 107, 107, 117, 117, 117, 121, 127, 129, 133, 140] 503.34 205.54 297.8 312
[87, 87, 87, 107, 107, 117, 117, 117, 121, 127, 129, 133, 140] 503.34 205.54 297.8 312
[87, 87, 87, 107, 107, 117, 117, 117, 121, 127, 129, 133, 140] 503.34 312
Time Cost for finding optimized m0: 151671.312786 s
Start..........................
(130, 161, 219)
50 0.025 218
[87, 107, 107, 118, 124, 137, 143] 1584.95 209.0 1375.96 218
[87, 107, 107, 118, 124, 137, 143] 1584.95 209.0 1375.96 218
[87, 107, 107, 118, 124, 137, 143] 1584.95 209.0 1375.96 218
[87, 87, 107, 117, 127, 133, 143] 1576.59 200.63 1375.96 228
[87, 87, 107, 117, 127, 133, 143] 1576.59 200.63 1375.96 228
[87, 87, 107, 117, 122, 134, 143] 1569.59 193.63 1375.96 223
[87, 87, 107, 117, 122, 134, 143] 1569.59 193.63 1375.96 223
[87, 107, 107, 118, 125, 134, 143] 1567.4 191.44 1375.96 221
[87, 107, 107, 118, 125, 134, 143] 1567.4 191.44 1375.96 221
[87, 107, 107, 118, 125, 134, 143] 1567.4 191.44 1375.96 221
[87, 107, 107, 118, 125, 134, 143] 1567.4 221
Time Cost for finding optimized m0: 8732.448437 s
Start..........................
(128, 161, 230)
55 0.02 229
[87, 87, 107, 117, 119, 127, 135, 145] 1401.09 334.92 1066.17 229
[87, 87, 107, 117, 119, 127, 137, 143] 1390.66 324.5 1066.17 269
[87, 87, 107, 117, 119, 127, 137, 143] 1390.66 324.5 1066.17 269
[87, 89, 107, 117, 118, 129, 138, 143] 1366.39 300.23 1066.17 249
[87, 89, 107, 117, 118, 129, 138, 143] 1366.39 300.23 1066.17 249
[87, 107, 107, 117, 120, 129, 137, 143] 1326.96 260.79 1066.17 239
[87, 107, 107, 117, 120, 129, 137, 143] 1326.96 260.79 1066.17 239
[87, 107, 107, 117, 120, 129, 137, 143] 1326.96 260.79 1066.17 239
[87, 107, 107, 117, 120, 129, 137, 143] 1326.96 260.79 1066.17 239
[87, 87, 107, 117, 118, 127, 137, 143] 1321.39 255.23 1066.17 238
[87, 87, 107, 117, 118, 127, 137, 143] 1321.39 255.23 1066.17 238
[87, 87, 107, 117, 118, 127, 137, 143] 1321.39 238
Time Cost for finding optimized m0: 18698.593441 s
Start..........................
(123, 157, 201)
45 0.03 200
[87, 108, 117, 133, 143] 640.04 144.03 496.01 200
[87, 108, 117, 133, 143] 640.04 144.03 496.01 200
[87, 87, 107, 118, 132, 141] 608.36 112.35 496.01 220
[87, 87, 107, 118, 132, 141] 608.36 112.35 496.01 220
[87, 87, 107, 117, 132, 141] 596.63 100.62 496.01 210
[87, 87, 107, 117, 132, 141] 596.63 100.62 496.01 210
[87, 87, 108, 118, 133, 141] 594.09 98.08 496.01 205
[87, 87, 108, 118, 133, 141] 594.09 98.08 496.01 205
[87, 87, 107, 118, 132, 141] 593.23 97.22 496.01 207
[87, 87, 107, 118, 132, 141] 593.23 97.22 496.01 207
[87, 87, 117, 117, 132, 141] 592.15 96.14 496.01 206
[87, 87, 117, 117, 132, 141] 592.15 96.14 496.01 206
[87, 87, 117, 117, 132, 141] 592.15 206
Time Cost for finding optimized m0: 6283.678947 s
Start..........................
(121, 154, 241)
60 0.015 240
[87, 87, 107, 107, 117, 119, 124, 134, 137] 264.38 85.58 178.8 240
[87, 87, 107, 107, 117, 119, 124, 134, 137] 264.38 85.58 178.8 240
[87, 87, 107, 107, 117, 121, 127, 133, 136] 260.22 81.42 178.8 260
[87, 87, 107, 107, 117, 121, 127, 133, 136] 260.22 81.42 178.8 260
[87, 87, 87, 107, 117, 117, 127, 133, 136] 253.3 74.5 178.8 250
[87, 87, 87, 107, 117, 117, 127, 133, 136] 253.3 74.5 178.8 250
[87, 107, 107, 117, 118, 127, 133, 136] 250.51 71.71 178.8 245
[87, 107, 107, 117, 118, 127, 133, 136] 250.51 71.71 178.8 245
[87, 107, 107, 117, 118, 127, 133, 136] 250.51 71.71 178.8 245
[87, 107, 107, 117, 118, 127, 133, 136] 250.51 71.71 178.8 245
[87, 107, 107, 117, 118, 127, 133, 136] 250.51 245
Time Cost for finding optimized m0: 21910.895011 s
Start..........................
(114, 148, 187)
40 0.035 186
[87, 87, 108, 127, 133] 63.22 13.28 49.94 186
[87, 87, 108, 127, 133] 63.22 13.28 49.94 186
[87, 87, 108, 127, 133] 63.22 13.28 49.94 186
[87, 87, 87, 117, 127, 132] 62.71 12.77 49.94 196
[87, 87, 87, 117, 127, 132] 62.71 12.77 49.94 196
[87, 87, 87, 117, 127, 132] 61.83 11.89 49.94 191
[87, 87, 87, 117, 127, 132] 61.83 11.89 49.94 191
[87, 107, 117, 127, 132] 61.49 11.55 49.94 189
[87, 107, 117, 127, 132] 61.49 11.55 49.94 189
[87, 107, 117, 127, 132] 61.49 11.55 49.94 189
[87, 107, 117, 127, 132] 61.49 189
Time Cost for finding optimized m0: 3150.492964 s
