Start..........................
(100, 132, 270)
80 0.005 269
[74, 74, 74, 100, 114] 10.98 9.4 1.58 269
[74, 87, 100, 117] 10.74 7.77 2.96 229
[74, 87, 100, 117] 10.74 7.77 2.96 229
[75, 87, 91, 117] 10.25 8.09 2.16 249
[75, 87, 91, 117] 10.25 8.09 2.16 249
[75, 87, 91, 117] 10.25 8.09 2.16 249
[74, 74, 75, 100, 116] 10.23 8.65 1.58 244
[74, 74, 75, 100, 116] 10.23 8.65 1.58 244
[74, 87, 100, 117] 10.2 8.35 1.85 242
[74, 88, 100, 117] 10.16 8.31 1.85 240
[74, 88, 100, 117] 10.16 8.31 1.85 240
[75, 87, 101, 116] 10.12 8.27 1.85 241
[75, 87, 101, 116] 10.12 8.27 1.85 241
[75, 87, 101, 116] 10.12 241
Time Cost for finding optimized m0: 107243.655277 s
Start..........................
(127, 156, 306)
90 0.005 305
[74, 76, 78, 91, 117, 117, 117, 122, 127] 98.22 55.31 42.92 305
[74, 76, 78, 91, 117, 117, 117, 122, 127] 98.22 55.31 42.92 305
[74, 76, 78, 91, 117, 117, 117, 122, 127] 98.22 55.31 42.92 305
[74, 76, 78, 91, 117, 117, 117, 122, 127] 98.22 55.31 42.92 305
[74, 74, 88, 92, 114, 117, 117, 121, 127] 97.62 54.71 42.92 310
[74, 74, 88, 92, 114, 117, 117, 121, 127] 97.62 54.71 42.92 310
[74, 74, 81, 100, 114, 117, 117, 121, 127] 97.49 54.57 42.92 308
[74, 75, 79, 100, 115, 117, 117, 121, 127] 97.17 54.25 42.92 306
[74, 75, 79, 100, 115, 117, 117, 121, 127] 97.17 54.25 42.92 306
[74, 75, 79, 100, 115, 117, 117, 121, 127] 97.17 54.25 42.92 306
[74, 75, 79, 100, 115, 117, 117, 121, 127] 97.17 306
Time Cost for finding optimized m0: 265435.365993 s
Start..........................
(130, 161, 219)
50 0.025 218
[75, 87, 114, 118, 127] 81.49 22.72 58.78 218
[75, 87, 114, 118, 127] 81.49 22.72 58.78 218
[75, 87, 114, 118, 127] 81.49 22.72 58.78 218
[75, 87, 114, 118, 127] 81.49 22.72 58.78 218
[74, 88, 117, 117, 127] 80.55 21.77 58.78 213
[74, 88, 117, 117, 127] 80.55 21.77 58.78 213
[74, 88, 117, 117, 127] 80.55 21.77 58.78 213
[74, 88, 117, 117, 127] 80.55 21.77 58.78 213
[74, 88, 117, 117, 127] 80.55 213
Time Cost for finding optimized m0: 15586.311812 s
Start..........................
(128, 161, 230)
55 0.02 229
[67, 74, 100, 117, 118, 127] 84.95 26.17 58.78 229
[67, 74, 100, 117, 118, 127] 84.95 26.17 58.78 229
[67, 74, 100, 117, 118, 127] 84.95 26.17 58.78 229
[67, 74, 100, 117, 118, 127] 84.95 26.17 58.78 229
[75, 95, 117, 117, 128] 84.91 26.13 58.78 224
[75, 95, 117, 117, 128] 84.91 26.13 58.78 224
[75, 95, 117, 117, 128] 84.91 26.13 58.78 224
[72, 75, 94, 117, 119, 127] 84.74 25.96 58.78 225
[72, 75, 94, 117, 119, 127] 84.74 25.96 58.78 225
[72, 75, 94, 117, 119, 127] 84.74 225
Time Cost for finding optimized m0: 32071.028235 s
Start..........................
(123, 157, 201)
45 0.03 200
[70, 100, 117, 123] 39.7 12.92 26.78 200
[70, 100, 117, 123] 39.7 12.92 26.78 200
[70, 100, 117, 123] 39.7 12.92 26.78 200
[70, 100, 117, 123] 39.7 12.92 26.78 200
[70, 100, 117, 123] 39.7 12.92 26.78 200
[74, 101, 117, 123] 39.63 12.85 26.78 198
[74, 101, 117, 123] 39.63 12.85 26.78 198
[74, 102, 117, 123] 39.6 12.82 26.78 197
[74, 102, 117, 123] 39.6 12.82 26.78 197
[74, 102, 117, 123] 39.6 197
Time Cost for finding optimized m0: 9243.911631 s
Start..........................
(121, 154, 241)
60 0.015 240
[74, 87, 115, 117, 120] 38.95 16.07 22.88 240
[74, 87, 115, 117, 120] 38.95 16.07 22.88 240
[74, 87, 115, 117, 120] 38.95 16.07 22.88 240
[74, 88, 114, 117, 121] 38.94 16.06 22.88 230
[74, 88, 114, 117, 121] 38.94 16.06 22.88 230
[74, 88, 115, 117, 120] 38.55 15.67 22.88 235
[74, 88, 115, 117, 120] 38.55 15.67 22.88 235
[75, 90, 115, 117, 120] 38.51 15.63 22.88 233
[75, 90, 115, 117, 120] 38.51 15.63 22.88 233
[75, 90, 115, 117, 120] 38.51 15.63 22.88 233
[75, 90, 115, 117, 120] 38.51 233
Time Cost for finding optimized m0: 47790.578407 s
Start..........................
(114, 148, 187)
40 0.035 186
[75, 109, 117] 12.01 5.51 6.5 186
[75, 109, 117] 12.01 5.51 6.5 186
[75, 109, 117] 12.01 5.51 6.5 186
[73, 93, 117] 11.84 4.23 7.61 176
[73, 93, 117] 11.84 4.23 7.61 176
[73, 93, 117] 11.84 4.23 7.61 176
[73, 93, 117] 11.84 4.23 7.61 176
[72, 94, 117] 11.83 4.22 7.61 175
[72, 94, 117] 11.83 4.22 7.61 175
[72, 94, 117] 11.83 175
Time Cost for finding optimized m0: 3958.804641 s
