New Strategy:
n = 40, alpha = 0.035, q = 1601, jump = 1, goal_margin = 1.50, MAX_TIME = inf h
Blocksize strategy selection process: -0.063573 --> -0.063573, len_BS = 1
Blocksize strategy selection process: -0.057295 --> -0.032677, len_BS = 153
Blocksize strategy selection process: -0.057079 --> -0.032676, len_BS = 206
Blocksize strategy selection process: -0.056862 --> -0.032676, len_BS = 260
Blocksize strategy selection process: -0.056642 --> -0.032676, len_BS = 314
Blocksize strategy selection process: -0.056419 --> -0.032676, len_BS = 372
Blocksize strategy selection process: -0.056193 --> -0.032676, len_BS = 417
Blocksize strategy selection process: -0.055967 --> -0.032676, len_BS = 468
Blocksize strategy selection process: -0.055737 --> -0.032676, len_BS = 515
Blocksize strategy selection process: -0.055505 --> -0.032676, len_BS = 566
Blocksize strategy selection process: -0.055273 --> -0.032676, len_BS = 611
Blocksize strategy selection process: -0.055037 --> -0.032676, len_BS = 656
Blocksize strategy selection process: -0.054801 --> -0.032676, len_BS = 699
Blocksize strategy selection process: -0.054563 --> -0.032676, len_BS = 741
Blocksize strategy selection process: -0.054323 --> -0.032676, len_BS = 786
Blocksize strategy selection process: -0.054082 --> -0.032676, len_BS = 831
Blocksize strategy selection process: -0.053839 --> -0.032676, len_BS = 876
Blocksize strategy selection process: -0.053596 --> -0.032676, len_BS = 922
Blocksize strategy selection process: -0.053351 --> -0.032676, len_BS = 969
Blocksize strategy selection process: -0.053105 --> -0.032676, len_BS = 1013
Blocksize strategy selection process: -0.052859 --> -0.032676, len_BS = 1051
Blocksize strategy selection process: -0.052611 --> -0.032676, len_BS = 1093
Blocksize strategy selection process: -0.052364 --> -0.032676, len_BS = 1128
Blocksize strategy selection process: -0.052114 --> -0.032676, len_BS = 1159
Blocksize strategy selection process: -0.051866 --> -0.032676, len_BS = 1197
Blocksize strategy selection process: -0.051615 --> -0.032676, len_BS = 1230
Blocksize strategy selection process: -0.051365 --> -0.032676, len_BS = 1260
Blocksize strategy selection process: -0.051114 --> -0.032676, len_BS = 1305
Blocksize strategy selection process: -0.050863 --> -0.032676, len_BS = 1348
Blocksize strategy selection process: -0.050612 --> -0.032676, len_BS = 1391
Blocksize strategy selection process: -0.050361 --> -0.032676, len_BS = 1426
Blocksize strategy selection process: -0.050110 --> -0.032676, len_BS = 1464
Blocksize strategy selection process: -0.049858 --> -0.032676, len_BS = 1496
Blocksize strategy selection process: -0.049606 --> -0.032676, len_BS = 1536
Blocksize strategy selection process: -0.049354 --> -0.032676, len_BS = 1558
Blocksize strategy selection process: -0.049103 --> -0.032675, len_BS = 1589
Blocksize strategy selection process: -0.048851 --> -0.032675, len_BS = 1616
Blocksize strategy selection process: -0.048601 --> -0.032675, len_BS = 1652
Blocksize strategy selection process: -0.048348 --> -0.032675, len_BS = 1674
Blocksize strategy selection process: -0.048098 --> -0.032675, len_BS = 1702
Blocksize strategy selection process: -0.047847 --> -0.032675, len_BS = 1731
Blocksize strategy selection process: -0.047832 --> -0.032675, len_BS = 1759
Blocksize strategy selection process: -0.047719 --> -0.032675, len_BS = 1759
Blocksize strategy selection process: -0.047607 --> -0.032675, len_BS = 1760
Blocksize strategy selection process: -0.047493 --> -0.032675, len_BS = 1760
Blocksize strategy selection process: -0.047447 --> -0.032675, len_BS = 1760
Blocksize strategy selection process: -0.047379 --> -0.032675, len_BS = 1760
Blocksize strategy selection process: -0.047264 --> -0.032675, len_BS = 1760
Blocksize strategy selection process: -0.047214 --> -0.032675, len_BS = 1760
Blocksize strategy selection process: -0.047150 --> -0.032675, len_BS = 1760
Blocksize strategy selection process: -0.047034 --> -0.032675, len_BS = 1782
Blocksize strategy selection process: -0.046967 --> -0.032675, len_BS = 1811
Blocksize strategy selection process: -0.046919 --> -0.032675, len_BS = 1845
Blocksize strategy selection process: -0.046854 --> -0.032675, len_BS = 1848
Blocksize strategy selection process: -0.046804 --> -0.032675, len_BS = 1879
Blocksize strategy selection process: -0.046741 --> -0.032675, len_BS = 1884
Blocksize strategy selection process: -0.046673 --> -0.032675, len_BS = 1914
Blocksize strategy selection process: -0.046627 --> -0.032675, len_BS = 1939
Blocksize strategy selection process: -0.046561 --> -0.032675, len_BS = 1939
Blocksize strategy selection process: -0.046513 --> -0.032675, len_BS = 1970
Blocksize strategy selection process: -0.046450 --> -0.032675, len_BS = 1970
Blocksize strategy selection process: -0.046400 --> -0.032675, len_BS = 1996
Blocksize strategy selection process: -0.046338 --> -0.032675, len_BS = 1997
Blocksize strategy selection process: -0.046271 --> -0.032675, len_BS = 2029
Blocksize strategy selection process: -0.046226 --> -0.032675, len_BS = 2060
Blocksize strategy selection process: -0.046161 --> -0.032675, len_BS = 2060
Blocksize strategy selection process: -0.046114 --> -0.032675, len_BS = 2076
Blocksize strategy selection process: -0.046051 --> -0.032675, len_BS = 2076
Blocksize strategy selection process: -0.045984 --> -0.032675, len_BS = 2104
Blocksize strategy selection process: -0.045940 --> -0.032675, len_BS = 2129
Blocksize strategy selection process: -0.045875 --> -0.032675, len_BS = 2129
Blocksize strategy selection process: -0.045830 --> -0.032675, len_BS = 2152
Blocksize strategy selection process: -0.045766 --> -0.032675, len_BS = 2152
Blocksize strategy selection process: -0.045721 --> -0.032675, len_BS = 2180
Blocksize strategy selection process: -0.045659 --> -0.032675, len_BS = 2180
Blocksize strategy selection process: -0.045592 --> -0.032675, len_BS = 2204
Blocksize strategy selection process: -0.045550 --> -0.032675, len_BS = 2230
Blocksize strategy selection process: -0.045485 --> -0.032675, len_BS = 2230
Blocksize strategy selection process: -0.045442 --> -0.032675, len_BS = 2259
Blocksize strategy selection process: -0.045379 --> -0.032675, len_BS = 2259
Blocksize strategy selection process: -0.045311 --> -0.032675, len_BS = 2283
Blocksize strategy selection process: -0.045273 --> -0.032675, len_BS = 2307
Blocksize strategy selection process: -0.045207 --> -0.032675, len_BS = 2307
Blocksize strategy selection process: -0.045136 --> -0.032675, len_BS = 2326
Blocksize strategy selection process: -0.045102 --> -0.032675, len_BS = 2349
Blocksize strategy selection process: -0.045033 --> -0.032675, len_BS = 2349
Blocksize strategy selection process: -0.044960 --> -0.032675, len_BS = 2369
Blocksize strategy selection process: -0.044624 --> -0.032675, len_BS = 2393
Blocksize strategy selection process: -0.044532 --> -0.032675, len_BS = 2365
Blocksize strategy selection process: -0.044439 --> -0.032675, len_BS = 2385
Blocksize strategy selection process: -0.044244 --> -0.032675, len_BS = 2404
Blocksize strategy selection process: -0.044066 --> -0.032675, len_BS = 2394
Blocksize strategy selection process: -0.043889 --> -0.032675, len_BS = 2402
Blocksize strategy selection process: -0.043800 --> -0.032675, len_BS = 2427
Blocksize strategy selection process: -0.043705 --> -0.032675, len_BS = 2437
Blocksize strategy selection process: -0.043618 --> -0.032675, len_BS = 2447
Blocksize strategy selection process: -0.043521 --> -0.032675, len_BS = 2458
Blocksize strategy selection process: -0.043437 --> -0.032675, len_BS = 2466
Blocksize strategy selection process: -0.043338 --> -0.032675, len_BS = 2480
Blocksize strategy selection process: -0.043254 --> -0.032675, len_BS = 2476
Blocksize strategy selection process: -0.043153 --> -0.032675, len_BS = 2481
Blocksize strategy selection process: -0.043072 --> -0.032675, len_BS = 2478
Blocksize strategy selection process: -0.042970 --> -0.032675, len_BS = 2482
Blocksize strategy selection process: -0.042889 --> -0.032675, len_BS = 2481
Blocksize strategy selection process: -0.042784 --> -0.032675, len_BS = 2493
Blocksize strategy selection process: -0.042706 --> -0.032675, len_BS = 2494
Blocksize strategy selection process: -0.042600 --> -0.032675, len_BS = 2503
Blocksize strategy selection process: -0.042523 --> -0.032675, len_BS = 2499
Blocksize strategy selection process: -0.042416 --> -0.032675, len_BS = 2506
Blocksize strategy selection process: -0.042147 --> -0.032675, len_BS = 2509
Blocksize strategy selection process: -0.042076 --> -0.032675, len_BS = 2452
Blocksize strategy selection process: -0.042005 --> -0.032675, len_BS = 2460
Blocksize strategy selection process: -0.041933 --> -0.032675, len_BS = 2468
Blocksize strategy selection process: -0.041862 --> -0.032675, len_BS = 2475
Blocksize strategy selection process: -0.041792 --> -0.032675, len_BS = 2487
Blocksize strategy selection process: -0.041721 --> -0.032675, len_BS = 2497
Blocksize strategy selection process: -0.041651 --> -0.032675, len_BS = 2502
Blocksize strategy selection process: -0.041540 --> -0.032675, len_BS = 2516
Blocksize strategy selection process: -0.041471 --> -0.032675, len_BS = 2497
Blocksize strategy selection process: -0.041360 --> -0.032675, len_BS = 2504
Blocksize strategy selection process: -0.041291 --> -0.032675, len_BS = 2491
Blocksize strategy selection process: -0.041178 --> -0.032675, len_BS = 2501
Blocksize strategy selection process: -0.041112 --> -0.032675, len_BS = 2488
Blocksize strategy selection process: -0.040997 --> -0.032675, len_BS = 2497
Blocksize strategy selection process: -0.040933 --> -0.032675, len_BS = 2487
Blocksize strategy selection process: -0.040817 --> -0.032675, len_BS = 2502
Blocksize strategy selection process: -0.040753 --> -0.032675, len_BS = 2491
Blocksize strategy selection process: -0.040636 --> -0.032675, len_BS = 2503
Blocksize strategy selection process: -0.040575 --> -0.032675, len_BS = 2503
Blocksize strategy selection process: -0.040457 --> -0.032675, len_BS = 2512
Blocksize strategy selection process: -0.040395 --> -0.032675, len_BS = 2496
Blocksize strategy selection process: -0.040276 --> -0.032675, len_BS = 2505
Blocksize strategy selection process: -0.040155 --> -0.032675, len_BS = 2493
Blocksize strategy selection process: -0.040098 --> -0.032675, len_BS = 2477
Blocksize strategy selection process: -0.039975 --> -0.032675, len_BS = 2489
Blocksize strategy selection process: -0.039918 --> -0.032675, len_BS = 2466
Blocksize strategy selection process: -0.039861 --> -0.032675, len_BS = 2476
Blocksize strategy selection process: -0.039740 --> -0.032675, len_BS = 2489
Blocksize strategy selection process: -0.039684 --> -0.032675, len_BS = 2482
Blocksize strategy selection process: -0.039416 --> -0.032675, len_BS = 2491
Blocksize strategy selection process: -0.039363 --> -0.032675, len_BS = 2390
Blocksize strategy selection process: -0.039311 --> -0.032675, len_BS = 2400
Blocksize strategy selection process: -0.039259 --> -0.032675, len_BS = 2411
Blocksize strategy selection process: -0.039207 --> -0.032675, len_BS = 2418
Blocksize strategy selection process: -0.039154 --> -0.032675, len_BS = 2430
Blocksize strategy selection process: -0.039030 --> -0.032675, len_BS = 2449
Blocksize strategy selection process: -0.038979 --> -0.032675, len_BS = 2433
Blocksize strategy selection process: -0.038854 --> -0.032675, len_BS = 2449
Blocksize strategy selection process: -0.038804 --> -0.032675, len_BS = 2441
Blocksize strategy selection process: -0.038678 --> -0.032675, len_BS = 2461
Blocksize strategy selection process: -0.038629 --> -0.032675, len_BS = 2453
Blocksize strategy selection process: -0.038582 --> -0.032675, len_BS = 2460
Blocksize strategy selection process: -0.038533 --> -0.032675, len_BS = 2475
Blocksize strategy selection process: -0.038485 --> -0.032675, len_BS = 2491
Blocksize strategy selection process: -0.038438 --> -0.032675, len_BS = 2508
Blocksize strategy selection process: -0.038391 --> -0.032675, len_BS = 2528
Blocksize strategy selection process: -0.038344 --> -0.032675, len_BS = 2547
Blocksize strategy selection process: -0.038297 --> -0.032675, len_BS = 2561
Blocksize strategy selection process: -0.038250 --> -0.032675, len_BS = 2583
Blocksize strategy selection process: -0.038204 --> -0.032675, len_BS = 2594
Blocksize strategy selection process: -0.038159 --> -0.032675, len_BS = 2607
Blocksize strategy selection process: -0.038114 --> -0.032675, len_BS = 2621
Blocksize strategy selection process: -0.038070 --> -0.032675, len_BS = 2633
Blocksize strategy selection process: -0.038026 --> -0.032675, len_BS = 2644
Blocksize strategy selection process: -0.037984 --> -0.032675, len_BS = 2658
Blocksize strategy selection process: -0.037941 --> -0.032675, len_BS = 2665
Blocksize strategy selection process: -0.037936 --> -0.032675, len_BS = 2673
Blocksize strategy selection process: -0.037920 --> -0.032675, len_BS = 2680
Blocksize strategy selection process: -0.037904 --> -0.032675, len_BS = 2686
Blocksize strategy selection process: -0.037903 --> -0.032675, len_BS = 2695
Blocksize strategy selection process: -0.037888 --> -0.032675, len_BS = 2695
Blocksize strategy selection process: -0.037887 --> -0.032675, len_BS = 2702
Blocksize strategy selection process: -0.037872 --> -0.032675, len_BS = 2702
Blocksize strategy selection process: -0.037856 --> -0.032675, len_BS = 2709
Blocksize strategy selection process: -0.037840 --> -0.032675, len_BS = 2714
Blocksize strategy selection process: -0.037825 --> -0.032675, len_BS = 2720
Blocksize strategy selection process: -0.037824 --> -0.032675, len_BS = 2727
Blocksize strategy selection process: -0.037810 --> -0.032675, len_BS = 2727
Blocksize strategy selection process: -0.037794 --> -0.032675, len_BS = 2732
Blocksize strategy selection process: -0.037779 --> -0.032675, len_BS = 2736
Blocksize strategy selection process: -0.037764 --> -0.032675, len_BS = 2744
Blocksize strategy selection process: -0.037749 --> -0.032675, len_BS = 2747
Blocksize strategy selection process: -0.037735 --> -0.032675, len_BS = 2753
Blocksize strategy selection process: -0.037720 --> -0.032675, len_BS = 2761
Blocksize strategy selection process: -0.037706 --> -0.032675, len_BS = 2766
Blocksize strategy selection process: -0.037691 --> -0.032675, len_BS = 2770
Blocksize strategy selection process: -0.037677 --> -0.032675, len_BS = 2776
Blocksize strategy selection process: -0.037663 --> -0.032675, len_BS = 2784
Blocksize strategy selection process: -0.037648 --> -0.032675, len_BS = 2786
Blocksize strategy selection process: -0.037634 --> -0.032675, len_BS = 2791
Blocksize strategy selection process: -0.037619 --> -0.032675, len_BS = 2795
Blocksize strategy selection process: -0.037606 --> -0.032675, len_BS = 2800
Blocksize strategy selection process: -0.037591 --> -0.032675, len_BS = 2805
Blocksize strategy selection process: -0.037521 --> -0.032675, len_BS = 2810
Blocksize strategy selection process: -0.037509 --> -0.032675, len_BS = 2808
Blocksize strategy selection process: -0.037498 --> -0.032675, len_BS = 2812
Blocksize strategy selection process: -0.037463 --> -0.032675, len_BS = 2818
Blocksize strategy selection process: -0.037441 --> -0.032675, len_BS = 2827
Blocksize strategy selection process: -0.037420 --> -0.032675, len_BS = 2838
Blocksize strategy selection process: -0.037409 --> -0.032675, len_BS = 2848
Blocksize strategy selection process: -0.037392 --> -0.032675, len_BS = 2852
Blocksize strategy selection process: -0.037382 --> -0.032675, len_BS = 2863
Blocksize strategy selection process: -0.037365 --> -0.032675, len_BS = 2870
Blocksize strategy selection process: -0.037355 --> -0.032675, len_BS = 2876
Blocksize strategy selection process: -0.037339 --> -0.032675, len_BS = 2880
Blocksize strategy selection process: -0.037329 --> -0.032675, len_BS = 2890
Blocksize strategy selection process: -0.037312 --> -0.032675, len_BS = 2894
Blocksize strategy selection process: -0.037303 --> -0.032675, len_BS = 2904
Blocksize strategy selection process: -0.037286 --> -0.032675, len_BS = 2911
Blocksize strategy selection process: -0.037277 --> -0.032675, len_BS = 2924
Blocksize strategy selection process: -0.037260 --> -0.032675, len_BS = 2926
Blocksize strategy selection process: -0.037251 --> -0.032675, len_BS = 2935
Blocksize strategy selection process: -0.037235 --> -0.032675, len_BS = 2940
Blocksize strategy selection process: -0.037226 --> -0.032675, len_BS = 2950
Blocksize strategy selection process: -0.037209 --> -0.032675, len_BS = 2952
Blocksize strategy selection process: -0.037166 --> -0.032675, len_BS = 2962
Blocksize strategy selection process: -0.037158 --> -0.032675, len_BS = 2974
Blocksize strategy selection process: -0.037151 --> -0.032675, len_BS = 2978
Blocksize strategy selection process: -0.037143 --> -0.032675, len_BS = 2984
Blocksize strategy selection process: -0.037135 --> -0.032675, len_BS = 2988
Blocksize strategy selection process: -0.037127 --> -0.032675, len_BS = 2990
Blocksize strategy selection process: -0.037119 --> -0.032675, len_BS = 2997
Blocksize strategy selection process: -0.037112 --> -0.032675, len_BS = 3002
Blocksize strategy selection process: -0.037096 --> -0.032675, len_BS = 3006
Blocksize strategy selection process: -0.037088 --> -0.032675, len_BS = 3014
Blocksize strategy selection process: -0.037072 --> -0.032675, len_BS = 3019
Blocksize strategy selection process: -0.037065 --> -0.032675, len_BS = 3029
Blocksize strategy selection process: -0.037049 --> -0.032675, len_BS = 3033
Blocksize strategy selection process: -0.037042 --> -0.032675, len_BS = 3044
Blocksize strategy selection process: -0.037026 --> -0.032675, len_BS = 3045
Blocksize strategy selection process: -0.037019 --> -0.032675, len_BS = 3053
Blocksize strategy selection process: -0.037003 --> -0.032675, len_BS = 3059
Blocksize strategy selection process: -0.036996 --> -0.032675, len_BS = 3065
Blocksize strategy selection process: -0.036981 --> -0.032675, len_BS = 3067
Blocksize strategy selection process: -0.036974 --> -0.032675, len_BS = 3080
Blocksize strategy selection process: -0.036959 --> -0.032675, len_BS = 3082
Blocksize strategy selection process: -0.036952 --> -0.032675, len_BS = 3094
Blocksize strategy selection process: -0.036937 --> -0.032675, len_BS = 3098
Blocksize strategy selection process: -0.036864 --> -0.032675, len_BS = 3103
Blocksize strategy selection process: -0.036858 --> -0.032675, len_BS = 3109
Blocksize strategy selection process: -0.036831 --> -0.032675, len_BS = 3113
Blocksize strategy selection process: -0.036826 --> -0.032675, len_BS = 3116
Blocksize strategy selection process: -0.036760 --> -0.032675, len_BS = 3118
Blocksize strategy selection process: -0.036693 --> -0.032675, len_BS = 3123
Blocksize strategy selection process: -0.036687 --> -0.032675, len_BS = 3132
Blocksize strategy selection process: -0.036441 --> -0.032675, len_BS = 3133
Blocksize strategy selection process: -0.036439 --> -0.032675, len_BS = 3113
Blocksize strategy selection process: -0.036328 --> -0.032675, len_BS = 3117
Blocksize strategy selection process: -0.035873 --> -0.032675, len_BS = 3117
Blocksize strategy selection process: -0.035862 --> -0.032675, len_BS = 3087
Blocksize strategy selection process: -0.035832 --> -0.032675, len_BS = 3080
Blocksize strategy selection process: -0.035828 --> -0.032675, len_BS = 3083
Blocksize strategy selection process: -0.035818 --> -0.032675, len_BS = 3083
Blocksize strategy selection process: -0.035807 --> -0.032675, len_BS = 3084
Blocksize strategy selection process: -0.035804 --> -0.032675, len_BS = 3085
Blocksize strategy selection process: -0.035559 --> -0.032675, len_BS = 3085
Blocksize strategy selection process: -0.035428 --> -0.032675, len_BS = 3084
Blocksize strategy selection process: -0.035236 --> -0.032675, len_BS = 3085
Blocksize strategy selection process: -0.035044 --> -0.032675, len_BS = 3086
Blocksize strategy selection process: -0.034972 --> -0.032675, len_BS = 3085
Blocksize strategy selection process: -0.034951 --> -0.032675, len_BS = 3085
Blocksize strategy selection process: -0.034895 --> -0.032675, len_BS = 3085
Blocksize strategy selection process: -0.034793 --> -0.032675, len_BS = 3085
Blocksize strategy selection process: -0.034683 --> -0.032675, len_BS = 3087
Blocksize strategy selection process: -0.034618 --> -0.032675, len_BS = 3089
Blocksize strategy selection process: -0.034613 --> -0.032675, len_BS = 3090
Blocksize strategy selection process: -0.034594 --> -0.032675, len_BS = 3090
Blocksize strategy selection process: -0.034543 --> -0.032675, len_BS = 3090
Blocksize strategy selection process: -0.034540 --> -0.032675, len_BS = 3090
Blocksize strategy selection process: -0.034535 --> -0.032675, len_BS = 3090
Blocksize strategy selection process: -0.034533 --> -0.032675, len_BS = 3090
Blocksize strategy selection process: -0.034527 --> -0.032675, len_BS = 3090
Blocksize strategy selection process: -0.034525 --> -0.032675, len_BS = 3090
Blocksize strategy selection process: -0.034473 --> -0.032675, len_BS = 3090
Blocksize strategy selection process: -0.034471 --> -0.032675, len_BS = 3090
Blocksize strategy selection process: -0.034469 --> -0.032675, len_BS = 3091
Blocksize strategy selection process: -0.034464 --> -0.032675, len_BS = 3091
Blocksize strategy selection process: -0.034462 --> -0.032675, len_BS = 3091
Blocksize strategy selection process: -0.034457 --> -0.032675, len_BS = 3091
Blocksize strategy selection process: -0.034456 --> -0.032675, len_BS = 3091
Blocksize strategy selection process: -0.034454 --> -0.032675, len_BS = 3091
Blocksize strategy selection process: -0.034453 --> -0.032675, len_BS = 3091
Blocksize strategy selection process: -0.034451 --> -0.032675, len_BS = 3091
Blocksize strategy selection process: -0.034450 --> -0.032675, len_BS = 3091
Blocksize strategy selection process: -0.034448 --> -0.032675, len_BS = 3091
Blocksize strategy selection process: -0.034447 --> -0.032675, len_BS = 3091
Blocksize strategy selection process: -0.034300 --> -0.032675, len_BS = 3091
Blocksize strategy selection process: -0.034297 --> -0.032675, len_BS = 3092
Blocksize strategy selection process: -0.034292 --> -0.032675, len_BS = 3092
Blocksize strategy selection process: -0.034291 --> -0.032675, len_BS = 3092
Blocksize strategy selection process: -0.034286 --> -0.032675, len_BS = 3092
Blocksize strategy selection process: -0.034285 --> -0.032675, len_BS = 3092
Blocksize strategy selection process: -0.034283 --> -0.032675, len_BS = 3092
Blocksize strategy selection process: -0.034279 --> -0.032675, len_BS = 3092
Blocksize strategy selection process: -0.034278 --> -0.032675, len_BS = 3092
Blocksize strategy selection process: -0.034277 --> -0.032675, len_BS = 3092
Blocksize strategy selection process: -0.034275 --> -0.032675, len_BS = 3092
Blocksize strategy selection process: -0.034274 --> -0.032675, len_BS = 3092
Blocksize strategy selection process: -0.034273 --> -0.032675, len_BS = 3092
Blocksize strategy selection process: -0.034226 --> -0.032675, len_BS = 3092
Blocksize strategy selection process: -0.034224 --> -0.032675, len_BS = 3093
Blocksize strategy selection process: -0.034223 --> -0.032675, len_BS = 3093
Blocksize strategy selection process: -0.034214 --> -0.032675, len_BS = 3093
Blocksize strategy selection process: -0.034213 --> -0.032675, len_BS = 3093
Blocksize strategy selection process: -0.034209 --> -0.032675, len_BS = 3093
Blocksize strategy selection process: -0.034207 --> -0.032675, len_BS = 3093
Blocksize strategy selection process: -0.034203 --> -0.032675, len_BS = 3093
Blocksize strategy selection process: -0.034200 --> -0.032675, len_BS = 3093
Blocksize strategy selection process: -0.034199 --> -0.032675, len_BS = 3093
Blocksize strategy selection process: -0.034198 --> -0.032675, len_BS = 3093
Blocksize strategy selection process: -0.034197 --> -0.032675, len_BS = 3093
Blocksize strategy selection process: -0.034195 --> -0.032675, len_BS = 3093
Blocksize strategy selection process: -0.034194 --> -0.032675, len_BS = 3093
Blocksize strategy selection process: -0.034193 --> -0.032675, len_BS = 3093
Blocksize strategy selection process: -0.034192 --> -0.032675, len_BS = 3093
Blocksize strategy selection process: -0.034190 --> -0.032675, len_BS = 3093
Blocksize strategy selection process: -0.034189 --> -0.032675, len_BS = 3093
Blocksize strategy selection process: -0.034188 --> -0.032675, len_BS = 3093
Blocksize strategy selection process: -0.034187 --> -0.032675, len_BS = 3093
Blocksize strategy selection process: -0.034186 --> -0.032675, len_BS = 3093
Blocksize strategy selection process: -0.034140 --> -0.032675, len_BS = 3093
Blocksize strategy selection process: -0.034139 --> -0.032675, len_BS = 3093
Blocksize strategy selection process: -0.033906 --> -0.032675, len_BS = 3093
Blocksize strategy selection process: -0.033894 --> -0.032675, len_BS = 3093
Blocksize strategy selection process: -0.033844 --> -0.032675, len_BS = 3093
Blocksize strategy selection process: -0.033742 --> -0.032675, len_BS = 3093
Blocksize strategy selection process: -0.033685 --> -0.032675, len_BS = 3093
Blocksize strategy selection process: -0.033684 --> -0.032675, len_BS = 3093
Blocksize strategy selection process: -0.033677 --> -0.032675, len_BS = 3093
Blocksize strategy selection process: -0.033675 --> -0.032675, len_BS = 3093
Blocksize strategy selection process: -0.033636 --> -0.032675, len_BS = 3093
Blocksize strategy selection process: -0.033633 --> -0.032675, len_BS = 3093
Blocksize strategy selection process: -0.033553 --> -0.032675, len_BS = 3093
Blocksize strategy selection process: -0.033483 --> -0.032675, len_BS = 3093
Blocksize strategy selection process: -0.033475 --> -0.032675, len_BS = 3093
Blocksize strategy selection process: -0.033430 --> -0.032675, len_BS = 3093
Blocksize strategy selection process: -0.033417 --> -0.032675, len_BS = 3093
Blocksize strategy selection process: -0.033375 --> -0.032675, len_BS = 3093
Blocksize strategy selection process: -0.033347 --> -0.032675, len_BS = 3094
Blocksize strategy selection process: -0.033262 --> -0.032675, len_BS = 3094
Blocksize strategy selection process: -0.033214 --> -0.032675, len_BS = 3094
Blocksize strategy selection process: -0.033211 --> -0.032675, len_BS = 3094
Blocksize strategy selection process: -0.033210 --> -0.032675, len_BS = 3094
Blocksize strategy selection process: -0.033209 --> -0.032675, len_BS = 3094
Blocksize strategy selection process: -0.033208 --> -0.032675, len_BS = 3094
Blocksize strategy selection process: -0.033206 --> -0.032675, len_BS = 3094
Blocksize strategy selection process: -0.033205 --> -0.032675, len_BS = 3094
Blocksize strategy selection process: -0.033201 --> -0.032675, len_BS = 3094
Blocksize strategy selection process: -0.033192 --> -0.032675, len_BS = 3094
Blocksize strategy selection process: -0.033191 --> -0.032675, len_BS = 3094
Blocksize strategy selection process: -0.033163 --> -0.032675, len_BS = 3094
Blocksize strategy selection process: -0.033135 --> -0.032675, len_BS = 3094
Blocksize strategy selection process: -0.033113 --> -0.032675, len_BS = 3094
Blocksize strategy selection process: -0.033086 --> -0.032675, len_BS = 3094
Blocksize strategy selection process: -0.033085 --> -0.032675, len_BS = 3094
Blocksize strategy selection process: -0.033066 --> -0.032675, len_BS = 3094
Blocksize strategy selection process: -0.033064 --> -0.032675, len_BS = 3094
Blocksize strategy selection process: -0.033039 --> -0.032675, len_BS = 3094
Blocksize strategy selection process: -0.033019 --> -0.032675, len_BS = 3094
Blocksize strategy selection process: -0.032994 --> -0.032675, len_BS = 3094
Blocksize strategy selection process: -0.032977 --> -0.032675, len_BS = 3094
Blocksize strategy selection process: -0.032975 --> -0.032675, len_BS = 3094
Blocksize strategy selection process: -0.032966 --> -0.032675, len_BS = 3094
Blocksize strategy selection process: -0.032965 --> -0.032675, len_BS = 3094
Blocksize strategy selection process: -0.032964 --> -0.032675, len_BS = 3094
Blocksize strategy selection process: -0.032963 --> -0.032675, len_BS = 3094
Blocksize strategy selection process: -0.032962 --> -0.032675, len_BS = 3094
Blocksize strategy selection process: -0.032961 --> -0.032675, len_BS = 3094
Blocksize strategy selection process: -0.032960 --> -0.032675, len_BS = 3094
Blocksize strategy selection process: -0.032959 --> -0.032675, len_BS = 3094
Blocksize strategy selection process: -0.032938 --> -0.032675, len_BS = 3094
Blocksize strategy selection process: -0.032936 --> -0.032675, len_BS = 3094
Blocksize strategy selection process: -0.032928 --> -0.032675, len_BS = 3094
Blocksize strategy selection process: -0.032927 --> -0.032675, len_BS = 3094
Blocksize strategy selection process: -0.032925 --> -0.032675, len_BS = 3094
Blocksize strategy selection process: -0.032924 --> -0.032675, len_BS = 3094
Blocksize strategy selection process: -0.032923 --> -0.032675, len_BS = 3094
Blocksize strategy selection process: -0.032922 --> -0.032675, len_BS = 3094
Blocksize strategy selection process: -0.032921 --> -0.032675, len_BS = 3094
Blocksize strategy selection process: -0.032901 --> -0.032675, len_BS = 3094
Blocksize strategy selection process: -0.032892 --> -0.032675, len_BS = 3094
Blocksize strategy selection process: -0.032891 --> -0.032675, len_BS = 3094
Blocksize strategy selection process: -0.032890 --> -0.032675, len_BS = 3094
Blocksize strategy selection process: -0.032889 --> -0.032675, len_BS = 3094
Blocksize strategy selection process: -0.032888 --> -0.032675, len_BS = 3094
Blocksize strategy selection process: -0.032887 --> -0.032675, len_BS = 3094
Blocksize strategy selection process: -0.032886 --> -0.032675, len_BS = 3094
Blocksize strategy selection process: -0.032885 --> -0.032675, len_BS = 3094
Blocksize strategy selection process: -0.032884 --> -0.032675, len_BS = 3094
Blocksize strategy selection process: -0.032883 --> -0.032675, len_BS = 3094
Blocksize strategy selection process: -0.032882 --> -0.032675, len_BS = 3094
Blocksize strategy selection process: -0.032881 --> -0.032675, len_BS = 3094
Blocksize strategy selection process: -0.032880 --> -0.032675, len_BS = 3094
Blocksize strategy selection process: -0.032879 --> -0.032675, len_BS = 3094
Blocksize strategy selection process: -0.032878 --> -0.032675, len_BS = 3094
Blocksize strategy selection process: -0.032877 --> -0.032675, len_BS = 3094
Blocksize strategy selection process: -0.032876 --> -0.032675, len_BS = 3094
Blocksize strategy selection process: -0.032858 --> -0.032675, len_BS = 3094
Blocksize strategy selection process: -0.032857 --> -0.032675, len_BS = 3094
Blocksize strategy selection process: -0.032856 --> -0.032675, len_BS = 3094
Blocksize strategy selection process: -0.032855 --> -0.032675, len_BS = 3094
Blocksize strategy selection process: -0.032854 --> -0.032675, len_BS = 3094
Blocksize strategy selection process: -0.032853 --> -0.032675, len_BS = 3094
Blocksize strategy selection process: -0.032835 --> -0.032675, len_BS = 3094
Blocksize strategy selection process: -0.032832 --> -0.032675, len_BS = 3094
Blocksize strategy selection process: -0.032831 --> -0.032675, len_BS = 3094
Blocksize strategy selection process: -0.032830 --> -0.032675, len_BS = 3094
Blocksize strategy selection process: -0.032829 --> -0.032675, len_BS = 3094
Blocksize strategy selection process: -0.032828 --> -0.032675, len_BS = 3094
Blocksize strategy selection process: -0.032827 --> -0.032675, len_BS = 3094
Blocksize strategy selection process: -0.032826 --> -0.032675, len_BS = 3094
Blocksize strategy selection process: -0.032825 --> -0.032675, len_BS = 3094
Blocksize strategy selection process: -0.032824 --> -0.032675, len_BS = 3094
Blocksize strategy selection process: -0.032823 --> -0.032675, len_BS = 3094
Blocksize strategy selection process: -0.032822 --> -0.032675, len_BS = 3094
Blocksize strategy selection process: -0.032821 --> -0.032675, len_BS = 3094
Blocksize strategy selection process: -0.032820 --> -0.032675, len_BS = 3094
Blocksize strategy selection process: -0.032819 --> -0.032675, len_BS = 3094
Blocksize strategy selection process: -0.032818 --> -0.032675, len_BS = 3094
Blocksize strategy selection process: -0.032817 --> -0.032675, len_BS = 3094
Blocksize strategy selection process: -0.032816 --> -0.032675, len_BS = 3094
Blocksize strategy selection process: -0.032815 --> -0.032675, len_BS = 3094
Blocksize strategy selection process: -0.032800 --> -0.032675, len_BS = 3094
Blocksize strategy selection process: -0.032799 --> -0.032675, len_BS = 3094
Blocksize strategy selection process: -0.032798 --> -0.032675, len_BS = 3094
Blocksize strategy selection process: -0.032797 --> -0.032675, len_BS = 3094
Blocksize strategy selection process: -0.032796 --> -0.032675, len_BS = 3094
Blocksize strategy selection process: -0.032795 --> -0.032675, len_BS = 3094
Blocksize strategy selection process: -0.032794 --> -0.032675, len_BS = 3094
Blocksize strategy selection process: -0.032793 --> -0.032675, len_BS = 3094
Blocksize strategy selection process: -0.032792 --> -0.032675, len_BS = 3094
Blocksize strategy selection process: -0.032791 --> -0.032675, len_BS = 3094
Blocksize strategy selection process: -0.032790 --> -0.032675, len_BS = 3094
Blocksize strategy selection process: -0.032789 --> -0.032675, len_BS = 3094
Blocksize strategy selection process: -0.032788 --> -0.032675, len_BS = 3094
Blocksize strategy selection process: -0.032787 --> -0.032675, len_BS = 3094
Blocksize strategy selection process: -0.032774 --> -0.032675, len_BS = 3094
Blocksize strategy selection process: -0.032773 --> -0.032675, len_BS = 3094
Blocksize strategy selection process: -0.032772 --> -0.032675, len_BS = 3094
Blocksize strategy selection process: -0.032771 --> -0.032675, len_BS = 3094
Blocksize strategy selection process: -0.032770 --> -0.032675, len_BS = 3094
Blocksize strategy selection process: -0.032769 --> -0.032675, len_BS = 3094
Blocksize strategy selection process: -0.032768 --> -0.032675, len_BS = 3094
Blocksize strategy selection process: -0.032767 --> -0.032675, len_BS = 3094
Blocksize strategy selection process: -0.032766 --> -0.032675, len_BS = 3094
Blocksize strategy selection process: -0.032765 --> -0.032675, len_BS = 3094
Blocksize strategy selection process: -0.032764 --> -0.032675, len_BS = 3094
Blocksize strategy selection process: -0.032752 --> -0.032675, len_BS = 3094
Blocksize strategy selection process: -0.032751 --> -0.032675, len_BS = 3094
Blocksize strategy selection process: -0.032750 --> -0.032675, len_BS = 3094
Blocksize strategy selection process: -0.032749 --> -0.032675, len_BS = 3094
Blocksize strategy selection process: -0.032748 --> -0.032675, len_BS = 3094
Blocksize strategy selection process: -0.032747 --> -0.032675, len_BS = 3094
Blocksize strategy selection process: -0.032746 --> -0.032675, len_BS = 3094
Blocksize strategy selection process: -0.032745 --> -0.032675, len_BS = 3094
Blocksize strategy selection process: -0.032744 --> -0.032675, len_BS = 3094
Blocksize strategy selection process: -0.032743 --> -0.032675, len_BS = 3094
Blocksize strategy selection process: -0.032732 --> -0.032675, len_BS = 3094
Blocksize strategy selection process: -0.032731 --> -0.032675, len_BS = 3094
Blocksize strategy selection process: -0.032730 --> -0.032675, len_BS = 3094
Blocksize strategy selection process: -0.032729 --> -0.032675, len_BS = 3094
Blocksize strategy selection process: -0.032728 --> -0.032675, len_BS = 3094
Blocksize strategy selection process: -0.032727 --> -0.032675, len_BS = 3094
Blocksize strategy selection process: -0.032726 --> -0.032675, len_BS = 3094
Blocksize strategy selection process: -0.032725 --> -0.032675, len_BS = 3094
Blocksize strategy selection process: -0.032724 --> -0.032675, len_BS = 3094
Blocksize strategy selection process: -0.032723 --> -0.032675, len_BS = 3094
Blocksize strategy selection process: -0.032714 --> -0.032675, len_BS = 3094
Blocksize strategy selection process: -0.032713 --> -0.032675, len_BS = 3094
Blocksize strategy selection process: -0.032712 --> -0.032675, len_BS = 3094
Blocksize strategy selection process: -0.032711 --> -0.032675, len_BS = 3094
Blocksize strategy selection process: -0.032710 --> -0.032675, len_BS = 3094
Blocksize strategy selection process: -0.032709 --> -0.032675, len_BS = 3094
Blocksize strategy selection process: -0.032708 --> -0.032675, len_BS = 3094
Blocksize strategy selection process: -0.032707 --> -0.032675, len_BS = 3094
Blocksize strategy selection process: -0.032700 --> -0.032675, len_BS = 3094
Blocksize strategy selection process: -0.032699 --> -0.032675, len_BS = 3094
Blocksize strategy selection process: -0.032698 --> -0.032675, len_BS = 3094
Blocksize strategy selection process: -0.032697 --> -0.032675, len_BS = 3094
Blocksize strategy selection process: -0.032696 --> -0.032675, len_BS = 3094
Blocksize strategy selection process: -0.032695 --> -0.032675, len_BS = 3094
Blocksize strategy selection process: -0.032694 --> -0.032675, len_BS = 3094
Blocksize strategy selection process: -0.032693 --> -0.032675, len_BS = 3094
Blocksize strategy selection process: -0.032692 --> -0.032675, len_BS = 3094
Blocksize strategy selection process: -0.032691 --> -0.032675, len_BS = 3094
Blocksize strategy selection process: -0.032690 --> -0.032675, len_BS = 3094
Blocksize strategy selection process: -0.032686 --> -0.032675, len_BS = 3094
Blocksize strategy selection process: -0.032685 --> -0.032675, len_BS = 3094
Blocksize strategy selection process: -0.032684 --> -0.032675, len_BS = 3094
Blocksize strategy selection process: -0.032683 --> -0.032675, len_BS = 3094
Blocksize strategy selection process: -0.032682 --> -0.032675, len_BS = 3094
Blocksize strategy selection process: -0.032681 --> -0.032675, len_BS = 3094
Blocksize strategy selection process: -0.032680 --> -0.032675, len_BS = 3094
Blocksize strategy selection process: -0.032677 --> -0.032675, len_BS = 3094
Blocksize strategy selection process: -0.032676 --> -0.032675, len_BS = 3094
Blocksize strategy selection process: -0.032675 --> -0.032675, len_BS = 3094
len(BS) = 3094
Time cost for generating Strategy: 150.190827 s
[14.540610952470578,14.50329912287703,14.465974907720303,14.4286351421148,14.391276616007536,14.353896072217987,14.316490204407765,14.279055654979018,14.241589012900764,14.204086811462966,14.166545525958833,14.128961571296674,14.091331299543777,14.053650997406146,14.01591688364967,13.978170866411991,13.940595693911979,13.903050817590703,13.86550401892361,13.827906755048048,13.790240712722753,13.752508301428316,13.714693123390822,13.676837535552211,13.638883908509266,13.600855443817244,13.56270834473309,13.524503468797482,13.486180704559011,13.447753513116396,13.409209612712344,13.370559927968204,13.331797267273283,13.292904537598584,13.253899988126374,13.2147568281554,13.175486743062466,13.136062709032739,13.096511833881147,13.056814413390454,13.016961953635349,12.976941841483422,12.936760278892857,12.89643329801795,12.85593810739006,12.815303493651369,12.774477798858642,12.73347781792013,12.692306668987102,12.650939222137751,12.609410472522264,12.567673089799785,12.525756441941624,12.483670955790414,12.441396669208146,12.398919614122903,12.356263599545501,12.313452146003412,12.270630863249206,12.227945783500175,12.202699487632627,12.17730797966618,12.15176935832186,12.126081683183317,12.100242973600144,12.074251207552482,12.048104320475383,12.021800204041206,11.995336704898232,11.968711623363667,11.941922712069033,11.914967674555948,11.887844163820068,11.860549780800993,11.833082072815705,11.805438531933119,11.777616593287036,11.749613633324858,11.721426967989123,11.693053850828829,11.664491471037433,11.635736951414126,11.606787346244946,11.577639639100004,11.548290740543028,11.518737485749117,11.488976632026521,11.459004856237964,11.428818752116825,11.398414827473317,11.367789501285499,11.336939100669758,11.30585985772511,11.274547906245452,11.242999278293546,11.211209900630356,11.179175590992962,11.14689205421404,11.11435487817565,11.081559529589667,11.04850134959704,11.01517554917772,10.98157720436279,10.947701251240199,10.91354248074519,10.879095533226351,10.844354892778124,10.809314881330474,10.773969652486473,10.738313185098654,10.702339276575174,10.666041535907274,10.629413376410076,10.592448008169567,10.555138430189748,10.517477422235393,10.479457536367798,10.441071088173354,10.402310147687949,10.363166530024099,10.323631785712765,10.283697190777938,10.243353736569864,10.202592119392314,10.161402729971163,10.119775642826344,10.077700605627177,10.035167028633877,9.992163974355423,9.948680147588684,9.904703886046066,9.865577064989356,9.847819882058175,9.813789362470692,9.776019571688854,9.73256834363043,9.686924001136473,9.641492789421504,9.594076669189366,9.551533544421176,9.502207369675673,9.455497737690264,9.403589049119416,9.358682058414441,9.30668425104431,9.256143503921,9.20406136398993,9.153140695796015,9.101272824810035,9.047292093481289,8.995316447497904,8.940094469670203,8.88610107042989,8.828818959732201,8.774554514444446,8.717857834617757,8.66002082019084,8.600553030008033,8.541643216534972,8.484447714676719,8.424440192702631,8.367632498111314,8.304641401050196,8.243424227200439,8.18239759090378,8.118259585760946,8.058019715273517,7.992080892140125,7.929369488542884,7.8676987603979525,7.803523623812885,7.737525422382613,7.674110106714882,7.613267733268854,7.56930626190941,7.542420730760009]
MinStrategy is: [72, 94, 117] + pump(3,173,39) , ['72 * 1 (-0.052364) , cost = 1990.8784 s', '94 * 1 (-0.042970) , cost = 4199.0400 s', '117 * 1 (-0.037286) , cost = 8994.4470 s'] + pump(3,173,39)
[72,94,117]
Time cost for pnj-BKZ = 4.22 h,
Time cost for pump = 7.61 h,
Total time cost = 11.83 h.
