New Strategy:
n = 55, alpha = 0.02, q = 3037, jump = 1, goal_margin = 1.50, MAX_TIME = inf h
[16.0372509300915, 16.0372509300915, 16.0372509300915, 16.0372509300915, 16.0372509300915, 16.0372509300915, 16.0372509300915, 16.0372509300915, 16.0372509300915, 16.0372509300915, 16.0372509300915, 16.0372509300915, 16.0372509300915, 16.0372509300915, 16.0372509300915, 16.0372509300915, 16.0372509300915, 16.0372509300915, 16.0372509300915, 16.0372509300915, 16.0372509300915, 16.0372509300915, 16.0372509300915, 16.0372509300915, 16.0372509300915, 16.0372509300915, 16.0372509300915, 16.0372509300915, 16.0372509300915, 16.0372509300915, 16.0372509300915, 16.0372509300915, 16.0372509300915, 16.0372509300915, 16.0372509300915, 16.0372509300915, 16.0372509300915, 16.0372509300915, 16.0372509300915, 16.0372509300915, 16.0372509300915, 16.0372509300915, 16.0372509300915, 16.0372509300915, 16.0372509300915, 16.0372509300915, 16.0372509300915, 16.0372509300915, 16.0372509300915, 16.0372509300915, 16.0372509300915, 16.0372509300915, 16.0372509300915, 16.0372509300915, 16.0372509300915, 16.0372509300915, 16.0372509300915, 16.0372509300915, 16.0372509300915, 16.0372509300915, 16.0372509300915, 16.0372509300915, 16.0372509300915, 16.0372509300915, 16.0372509300915, 16.0372509300915, 16.0372509300915, 16.0372509300915, 16.0372509300915, 16.0372509300915, 16.0372509300915, 16.0372509300915, 16.0372509300915, 16.0372509300915, 16.0372509300915, 16.0372509300915, 16.0372509300915, 16.0372509300915, 16.0372509300915, 16.0372509300915, 16.0372509300915, 16.0372509300915, 16.0372509300915, 16.0372509300915, 16.0372509300915, 16.0372509300915, 16.0372509300915, 16.0372509300915, 16.0372509300915, 16.0372509300915, 16.0372509300915, 16.0372509300915, 16.0372509300915, 15.854813725568809, 15.773413032680505, 15.60849823168536, 15.529029574673503, 15.558951627118283, 15.423824463265927, 15.46372948165195, 15.279985023698286, 15.145228023259769, 15.191818610265146, 14.912889583163578, 15.045549751421067, 14.809727687127547, 14.717410589597415, 14.63638548534117, 14.49921008788355, 14.544806549225763, 14.385981276891254, 14.29422278721541, 14.19300249869707, 14.058305715723, 14.009050810394651, 13.995857994852344, 13.808218283063828, 13.8359714051155, 13.709738806771538, 13.5534287103304, 13.441361357903887, 13.31762676157748, 13.232816924308292, 13.140249661298514, 13.09794166285319, 12.909296921403055, 12.865965494159868, 12.843254398667662, 12.848232776434761, 12.642606934772877, 12.490084545482905, 12.51129405172782, 12.475407881276926, 12.320133936688837, 12.343616655984917, 12.096685061606188, 12.043618970201717, 11.867172923860753, 11.707978194503887, 11.777624148480529, 11.703496348165128, 11.59433866325286, 11.554419421847657, 11.454359036915198, 11.269092867669274, 11.243201679089918, 11.048518138048093, 10.90068605745481, 10.97193835744882, 10.740558406168315, 10.546998264312954, 10.468659619247566, 10.4401474150419, 10.408515412660782, 10.30135606113417, 10.163062200138015, 10.181475825775735, 10.062067850509631, 9.886664390437657, 9.77035801867472, 9.795105989034463, 9.754670507307084, 9.618988131532191, 9.60599106048096, 9.634234848751147, 9.536072750604836, 9.471545296962374, 9.39702169167828, 9.30222140371702, 9.258456939296307, 9.289661928998594, 9.067057841242734, 8.85806629563716, 8.723881535803905, 8.623294273821541, 8.408879915223885, 8.273510628851747, 8.367384339923191, 8.325192126662303, 8.181324234221648, 7.990589307258939, 7.807995618252205, 8.00270487802103, 7.963536408106727, 7.86978525110545, 7.8978563655110685, 7.762545822985928, 7.607117301249361, 7.626745934498275, 7.400543045683339, 7.452146293053744, 7.36378998088468, 7.318294997550727, 7.314259979615035, 7.107500345119988, 7.154576417306397, 7.05379134267846, 6.898807410310498, 6.874295284536007, 6.764770563467299, 6.76397060894441, 6.774548252030716, 6.629800773227807, 6.453616368803646, 6.405513228027824, 6.3000927257052135, 6.370338578532343, 6.1640582628041045, 6.209293202746422, 5.942868898346855, 5.882477672318014, 5.655924150860519, 5.456703636767777, 5.33940043931878, 5.238842386879787, 5.11193938676764, 5.201388217820093, 5.029926350079797, 5.162400583766518, 4.997253952203423, 4.956849439396319, 4.860978448586819, 4.755697162832988, 4.604746360199096, 4.544514992077088, 4.36641834747445, 4.516763447181784, 4.418559643406626, 4.341938963468335, 4.344082927471796, 4.2068381851019385, 4.234163080450802, 4.271415973195313, 4.250269600752785, 4.193842835409255]
Blocksize strategy selection process: -0.057389 --> -0.057389, len_BS = 1
Blocksize strategy selection process: -0.047760 --> -0.027915, len_BS = 171
Blocksize strategy selection process: -0.047585 --> -0.027914, len_BS = 262
Blocksize strategy selection process: -0.047410 --> -0.027914, len_BS = 347
Blocksize strategy selection process: -0.047235 --> -0.027914, len_BS = 428
Blocksize strategy selection process: -0.047059 --> -0.027914, len_BS = 500
Blocksize strategy selection process: -0.042918 --> -0.027914, len_BS = 578
Blocksize strategy selection process: -0.042795 --> -0.027914, len_BS = 613
Blocksize strategy selection process: -0.042706 --> -0.027914, len_BS = 681
Blocksize strategy selection process: -0.042671 --> -0.027914, len_BS = 732
Blocksize strategy selection process: -0.042582 --> -0.027914, len_BS = 785
Blocksize strategy selection process: -0.042545 --> -0.027914, len_BS = 831
Blocksize strategy selection process: -0.042495 --> -0.027914, len_BS = 880
Blocksize strategy selection process: -0.042459 --> -0.027914, len_BS = 898
Blocksize strategy selection process: -0.042420 --> -0.027914, len_BS = 949
Blocksize strategy selection process: -0.042372 --> -0.027914, len_BS = 993
Blocksize strategy selection process: -0.042334 --> -0.027914, len_BS = 1012
Blocksize strategy selection process: -0.040342 --> -0.027914, len_BS = 1054
Blocksize strategy selection process: -0.040271 --> -0.027914, len_BS = 1058
Blocksize strategy selection process: -0.040201 --> -0.027914, len_BS = 1113
Blocksize strategy selection process: -0.040131 --> -0.027914, len_BS = 1166
Blocksize strategy selection process: -0.039805 --> -0.027914, len_BS = 1231
Blocksize strategy selection process: -0.038706 --> -0.027914, len_BS = 1212
Blocksize strategy selection process: -0.038657 --> -0.027914, len_BS = 1150
Blocksize strategy selection process: -0.038628 --> -0.027914, len_BS = 1201
Blocksize strategy selection process: -0.038608 --> -0.027914, len_BS = 1247
Blocksize strategy selection process: -0.038549 --> -0.027914, len_BS = 1275
Blocksize strategy selection process: -0.038501 --> -0.027914, len_BS = 1349
Blocksize strategy selection process: -0.038473 --> -0.027914, len_BS = 1408
Blocksize strategy selection process: -0.038452 --> -0.027914, len_BS = 1451
Blocksize strategy selection process: -0.038445 --> -0.027914, len_BS = 1479
Blocksize strategy selection process: -0.037702 --> -0.027914, len_BS = 1496
Blocksize strategy selection process: -0.037680 --> -0.027914, len_BS = 1473
Blocksize strategy selection process: -0.037659 --> -0.027914, len_BS = 1507
Blocksize strategy selection process: -0.037607 --> -0.027914, len_BS = 1544
Blocksize strategy selection process: -0.037586 --> -0.027914, len_BS = 1609
Blocksize strategy selection process: -0.037565 --> -0.027914, len_BS = 1647
Blocksize strategy selection process: -0.037201 --> -0.027914, len_BS = 1673
Blocksize strategy selection process: -0.037186 --> -0.027914, len_BS = 1701
Blocksize strategy selection process: -0.037177 --> -0.027914, len_BS = 1721
Blocksize strategy selection process: -0.037171 --> -0.027914, len_BS = 1735
Blocksize strategy selection process: -0.037162 --> -0.027914, len_BS = 1747
Blocksize strategy selection process: -0.037113 --> -0.027914, len_BS = 1756
Blocksize strategy selection process: -0.037099 --> -0.027914, len_BS = 1807
Blocksize strategy selection process: -0.037090 --> -0.027914, len_BS = 1824
Blocksize strategy selection process: -0.037084 --> -0.027914, len_BS = 1834
Blocksize strategy selection process: -0.036729 --> -0.027914, len_BS = 1844
Blocksize strategy selection process: -0.036710 --> -0.027914, len_BS = 1763
Blocksize strategy selection process: -0.036692 --> -0.027914, len_BS = 1789
Blocksize strategy selection process: -0.036673 --> -0.027914, len_BS = 1813
Blocksize strategy selection process: -0.036299 --> -0.027914, len_BS = 1838
Blocksize strategy selection process: -0.036286 --> -0.027914, len_BS = 1844
Blocksize strategy selection process: -0.036279 --> -0.027914, len_BS = 1868
Blocksize strategy selection process: -0.036274 --> -0.027914, len_BS = 1886
Blocksize strategy selection process: -0.036250 --> -0.027914, len_BS = 1901
Blocksize strategy selection process: -0.036237 --> -0.027914, len_BS = 1923
Blocksize strategy selection process: -0.036230 --> -0.027914, len_BS = 1943
Blocksize strategy selection process: -0.036225 --> -0.027914, len_BS = 1957
Blocksize strategy selection process: -0.036223 --> -0.027914, len_BS = 1972
Blocksize strategy selection process: -0.036038 --> -0.027914, len_BS = 1975
Blocksize strategy selection process: -0.036032 --> -0.027914, len_BS = 1975
Blocksize strategy selection process: -0.036026 --> -0.027914, len_BS = 1994
Blocksize strategy selection process: -0.036005 --> -0.027914, len_BS = 2009
Blocksize strategy selection process: -0.035999 --> -0.027914, len_BS = 2045
Blocksize strategy selection process: -0.035994 --> -0.027914, len_BS = 2065
Blocksize strategy selection process: -0.035909 --> -0.027914, len_BS = 2082
Blocksize strategy selection process: -0.035905 --> -0.027914, len_BS = 2104
Blocksize strategy selection process: -0.035902 --> -0.027914, len_BS = 2114
Blocksize strategy selection process: -0.035901 --> -0.027914, len_BS = 2121
Blocksize strategy selection process: -0.035899 --> -0.027914, len_BS = 2127
Blocksize strategy selection process: -0.035878 --> -0.027914, len_BS = 2135
Blocksize strategy selection process: -0.035874 --> -0.027914, len_BS = 2154
Blocksize strategy selection process: -0.035872 --> -0.027914, len_BS = 2164
Blocksize strategy selection process: -0.035871 --> -0.027914, len_BS = 2167
Blocksize strategy selection process: -0.035821 --> -0.027914, len_BS = 2171
Blocksize strategy selection process: -0.035818 --> -0.027914, len_BS = 2200
Blocksize strategy selection process: -0.035711 --> -0.027914, len_BS = 2215
Blocksize strategy selection process: -0.035706 --> -0.027914, len_BS = 2261
Blocksize strategy selection process: -0.035702 --> -0.027914, len_BS = 2278
Blocksize strategy selection process: -0.035697 --> -0.027914, len_BS = 2294
Blocksize strategy selection process: -0.035591 --> -0.027914, len_BS = 2306
Blocksize strategy selection process: -0.035590 --> -0.027914, len_BS = 2328
Blocksize strategy selection process: -0.035587 --> -0.027914, len_BS = 2355
Blocksize strategy selection process: -0.035585 --> -0.027914, len_BS = 2361
Blocksize strategy selection process: -0.035584 --> -0.027914, len_BS = 2365
Blocksize strategy selection process: -0.035583 --> -0.027914, len_BS = 2368
Blocksize strategy selection process: -0.035520 --> -0.027914, len_BS = 2368
Blocksize strategy selection process: -0.035517 --> -0.027914, len_BS = 2366
Blocksize strategy selection process: -0.035515 --> -0.027914, len_BS = 2376
Blocksize strategy selection process: -0.035514 --> -0.027914, len_BS = 2378
Blocksize strategy selection process: -0.035508 --> -0.027914, len_BS = 2381
Blocksize strategy selection process: -0.035502 --> -0.027914, len_BS = 2395
Blocksize strategy selection process: -0.035501 --> -0.027914, len_BS = 2409
Blocksize strategy selection process: -0.035438 --> -0.027914, len_BS = 2411
Blocksize strategy selection process: -0.035435 --> -0.027914, len_BS = 2436
Blocksize strategy selection process: -0.035433 --> -0.027914, len_BS = 2442
Blocksize strategy selection process: -0.035432 --> -0.027914, len_BS = 2450
Blocksize strategy selection process: -0.035355 --> -0.027914, len_BS = 2453
Blocksize strategy selection process: -0.035352 --> -0.027914, len_BS = 2488
Blocksize strategy selection process: -0.035350 --> -0.027914, len_BS = 2495
Blocksize strategy selection process: -0.035349 --> -0.027914, len_BS = 2504
Blocksize strategy selection process: -0.035343 --> -0.027914, len_BS = 2506
Blocksize strategy selection process: -0.035342 --> -0.027914, len_BS = 2530
Blocksize strategy selection process: -0.035341 --> -0.027914, len_BS = 2532
Blocksize strategy selection process: -0.035340 --> -0.027914, len_BS = 2532
Blocksize strategy selection process: -0.035335 --> -0.027914, len_BS = 2533
Blocksize strategy selection process: -0.035256 --> -0.027914, len_BS = 2534
Blocksize strategy selection process: -0.035175 --> -0.027914, len_BS = 2540
Blocksize strategy selection process: -0.035172 --> -0.027914, len_BS = 2541
Blocksize strategy selection process: -0.035171 --> -0.027914, len_BS = 2567
Blocksize strategy selection process: -0.035170 --> -0.027914, len_BS = 2570
Blocksize strategy selection process: -0.035126 --> -0.027914, len_BS = 2570
Blocksize strategy selection process: -0.035125 --> -0.027914, len_BS = 2605
Blocksize strategy selection process: -0.035123 --> -0.027914, len_BS = 2608
Blocksize strategy selection process: -0.035096 --> -0.027914, len_BS = 2609
Blocksize strategy selection process: -0.035095 --> -0.027914, len_BS = 2630
Blocksize strategy selection process: -0.035069 --> -0.027914, len_BS = 2633
Blocksize strategy selection process: -0.035068 --> -0.027914, len_BS = 2663
Blocksize strategy selection process: -0.035013 --> -0.027914, len_BS = 2666
Blocksize strategy selection process: -0.035012 --> -0.027914, len_BS = 2697
Blocksize strategy selection process: -0.035011 --> -0.027914, len_BS = 2699
Blocksize strategy selection process: -0.035010 --> -0.027914, len_BS = 2700
Blocksize strategy selection process: -0.035006 --> -0.027914, len_BS = 2706
Blocksize strategy selection process: -0.035005 --> -0.027914, len_BS = 2721
Blocksize strategy selection process: -0.035004 --> -0.027914, len_BS = 2724
Blocksize strategy selection process: -0.034968 --> -0.027914, len_BS = 2725
Blocksize strategy selection process: -0.034967 --> -0.027914, len_BS = 2752
Blocksize strategy selection process: -0.034966 --> -0.027914, len_BS = 2753
Blocksize strategy selection process: -0.034965 --> -0.027914, len_BS = 2755
Blocksize strategy selection process: -0.034941 --> -0.027914, len_BS = 2759
Blocksize strategy selection process: -0.034940 --> -0.027914, len_BS = 2785
Blocksize strategy selection process: -0.034939 --> -0.027914, len_BS = 2787
Blocksize strategy selection process: -0.034838 --> -0.027914, len_BS = 2787
Blocksize strategy selection process: -0.034837 --> -0.027914, len_BS = 2818
Blocksize strategy selection process: -0.034836 --> -0.027914, len_BS = 2819
Blocksize strategy selection process: -0.034835 --> -0.027914, len_BS = 2832
Blocksize strategy selection process: -0.034834 --> -0.027914, len_BS = 2834
Blocksize strategy selection process: -0.034833 --> -0.027914, len_BS = 2836
Blocksize strategy selection process: -0.034832 --> -0.027914, len_BS = 2836
Blocksize strategy selection process: -0.034831 --> -0.027914, len_BS = 2839
Blocksize strategy selection process: -0.034702 --> -0.027914, len_BS = 2839
Blocksize strategy selection process: -0.034701 --> -0.027914, len_BS = 2825
Blocksize strategy selection process: -0.034699 --> -0.027914, len_BS = 2829
Blocksize strategy selection process: -0.034695 --> -0.027914, len_BS = 2834
Blocksize strategy selection process: -0.034694 --> -0.027914, len_BS = 2843
Blocksize strategy selection process: -0.034693 --> -0.027914, len_BS = 2847
Blocksize strategy selection process: -0.034674 --> -0.027914, len_BS = 2848
Blocksize strategy selection process: -0.034673 --> -0.027914, len_BS = 2861
Blocksize strategy selection process: -0.034672 --> -0.027914, len_BS = 2863
Blocksize strategy selection process: -0.034668 --> -0.027914, len_BS = 2867
Blocksize strategy selection process: -0.034667 --> -0.027914, len_BS = 2880
Blocksize strategy selection process: -0.034666 --> -0.027914, len_BS = 2882
Blocksize strategy selection process: -0.034650 --> -0.027914, len_BS = 2887
Blocksize strategy selection process: -0.034649 --> -0.027914, len_BS = 2907
Blocksize strategy selection process: -0.034633 --> -0.027914, len_BS = 2909
Blocksize strategy selection process: -0.034632 --> -0.027914, len_BS = 2931
Blocksize strategy selection process: -0.034631 --> -0.027914, len_BS = 2933
Blocksize strategy selection process: -0.034630 --> -0.027914, len_BS = 2939
Blocksize strategy selection process: -0.034607 --> -0.027914, len_BS = 2940
Blocksize strategy selection process: -0.034606 --> -0.027914, len_BS = 2961
Blocksize strategy selection process: -0.034605 --> -0.027914, len_BS = 2963
Blocksize strategy selection process: -0.034586 --> -0.027914, len_BS = 2964
Blocksize strategy selection process: -0.034585 --> -0.027914, len_BS = 2986
Blocksize strategy selection process: -0.034584 --> -0.027914, len_BS = 2986
Blocksize strategy selection process: -0.034583 --> -0.027914, len_BS = 2988
Blocksize strategy selection process: -0.034582 --> -0.027914, len_BS = 2991
Blocksize strategy selection process: -0.034562 --> -0.027914, len_BS = 2994
Blocksize strategy selection process: -0.034561 --> -0.027914, len_BS = 3013
Blocksize strategy selection process: -0.034542 --> -0.027914, len_BS = 3018
Blocksize strategy selection process: -0.034539 --> -0.027914, len_BS = 3050
Blocksize strategy selection process: -0.034538 --> -0.027914, len_BS = 3060
Blocksize strategy selection process: -0.034537 --> -0.027914, len_BS = 3062
Blocksize strategy selection process: -0.034512 --> -0.027914, len_BS = 3063
Blocksize strategy selection process: -0.034459 --> -0.027914, len_BS = 3079
Blocksize strategy selection process: -0.034456 --> -0.027914, len_BS = 3095
Blocksize strategy selection process: -0.034455 --> -0.027914, len_BS = 3106
Blocksize strategy selection process: -0.034429 --> -0.027914, len_BS = 3107
Blocksize strategy selection process: -0.034412 --> -0.027914, len_BS = 3132
Blocksize strategy selection process: -0.034411 --> -0.027914, len_BS = 3160
Blocksize strategy selection process: -0.034406 --> -0.027914, len_BS = 3160
Blocksize strategy selection process: -0.034396 --> -0.027914, len_BS = 3177
Blocksize strategy selection process: -0.034390 --> -0.027914, len_BS = 3200
Blocksize strategy selection process: -0.034345 --> -0.027914, len_BS = 3217
Blocksize strategy selection process: -0.034328 --> -0.027914, len_BS = 3241
Blocksize strategy selection process: -0.034323 --> -0.027914, len_BS = 3273
Blocksize strategy selection process: -0.034313 --> -0.027914, len_BS = 3288
Blocksize strategy selection process: -0.034307 --> -0.027914, len_BS = 3309
Blocksize strategy selection process: -0.034302 --> -0.027914, len_BS = 3326
Blocksize strategy selection process: -0.034206 --> -0.027914, len_BS = 3340
Blocksize strategy selection process: -0.034205 --> -0.027914, len_BS = 3333
Blocksize strategy selection process: -0.034202 --> -0.027914, len_BS = 3333
Blocksize strategy selection process: -0.034201 --> -0.027914, len_BS = 3308
Blocksize strategy selection process: -0.034200 --> -0.027914, len_BS = 3312
Blocksize strategy selection process: -0.034193 --> -0.027914, len_BS = 3312
Blocksize strategy selection process: -0.034192 --> -0.027914, len_BS = 3325
Blocksize strategy selection process: -0.034146 --> -0.027914, len_BS = 3325
Blocksize strategy selection process: -0.034079 --> -0.027914, len_BS = 3338
Blocksize strategy selection process: -0.034078 --> -0.027914, len_BS = 3352
Blocksize strategy selection process: -0.034074 --> -0.027914, len_BS = 3353
Blocksize strategy selection process: -0.034073 --> -0.027914, len_BS = 3365
Blocksize strategy selection process: -0.034037 --> -0.027914, len_BS = 3365
Blocksize strategy selection process: -0.034036 --> -0.027914, len_BS = 3398
Blocksize strategy selection process: -0.034035 --> -0.027914, len_BS = 3401
Blocksize strategy selection process: -0.034032 --> -0.027914, len_BS = 3402
Blocksize strategy selection process: -0.034031 --> -0.027914, len_BS = 3409
Blocksize strategy selection process: -0.034030 --> -0.027914, len_BS = 3410
Blocksize strategy selection process: -0.034027 --> -0.027914, len_BS = 3415
Blocksize strategy selection process: -0.033937 --> -0.027914, len_BS = 3423
Blocksize strategy selection process: -0.033936 --> -0.027914, len_BS = 3357
Blocksize strategy selection process: -0.033802 --> -0.027914, len_BS = 3369
Blocksize strategy selection process: -0.033744 --> -0.027914, len_BS = 3351
Blocksize strategy selection process: -0.033743 --> -0.027914, len_BS = 3371
Blocksize strategy selection process: -0.033742 --> -0.027914, len_BS = 3371
Blocksize strategy selection process: -0.033739 --> -0.027914, len_BS = 3370
Blocksize strategy selection process: -0.033738 --> -0.027914, len_BS = 3292
Blocksize strategy selection process: -0.033733 --> -0.027914, len_BS = 3293
Blocksize strategy selection process: -0.033730 --> -0.027914, len_BS = 3308
Blocksize strategy selection process: -0.033729 --> -0.027914, len_BS = 3312
Blocksize strategy selection process: -0.033727 --> -0.027914, len_BS = 3312
Blocksize strategy selection process: -0.033726 --> -0.027914, len_BS = 3315
Blocksize strategy selection process: -0.033679 --> -0.027914, len_BS = 3317
Blocksize strategy selection process: -0.033676 --> -0.027914, len_BS = 3333
Blocksize strategy selection process: -0.033675 --> -0.027914, len_BS = 3342
Blocksize strategy selection process: -0.033670 --> -0.027914, len_BS = 3345
Blocksize strategy selection process: -0.033621 --> -0.027914, len_BS = 3359
Blocksize strategy selection process: -0.033620 --> -0.027914, len_BS = 3392
Blocksize strategy selection process: -0.033619 --> -0.027914, len_BS = 3393
Blocksize strategy selection process: -0.033616 --> -0.027914, len_BS = 3396
Blocksize strategy selection process: -0.033615 --> -0.027914, len_BS = 3404
Blocksize strategy selection process: -0.033614 --> -0.027914, len_BS = 3406
Blocksize strategy selection process: -0.033612 --> -0.027914, len_BS = 3410
Blocksize strategy selection process: -0.033611 --> -0.027914, len_BS = 3417
Blocksize strategy selection process: -0.033608 --> -0.027914, len_BS = 3417
Blocksize strategy selection process: -0.033604 --> -0.027914, len_BS = 3425
Blocksize strategy selection process: -0.033572 --> -0.027914, len_BS = 3435
Blocksize strategy selection process: -0.033564 --> -0.027914, len_BS = 3469
Blocksize strategy selection process: -0.033562 --> -0.027914, len_BS = 3496
Blocksize strategy selection process: -0.033561 --> -0.027914, len_BS = 3499
Blocksize strategy selection process: -0.033512 --> -0.027914, len_BS = 3505
Blocksize strategy selection process: -0.033509 --> -0.027914, len_BS = 3535
Blocksize strategy selection process: -0.033508 --> -0.027914, len_BS = 3546
Blocksize strategy selection process: -0.033352 --> -0.027914, len_BS = 3547
Blocksize strategy selection process: -0.033280 --> -0.027914, len_BS = 3438
Blocksize strategy selection process: -0.033266 --> -0.027914, len_BS = 3450
Blocksize strategy selection process: -0.033265 --> -0.027914, len_BS = 3470
Blocksize strategy selection process: -0.033264 --> -0.027914, len_BS = 3474
Blocksize strategy selection process: -0.033261 --> -0.027914, len_BS = 3479
Blocksize strategy selection process: -0.033260 --> -0.027914, len_BS = 3480
Blocksize strategy selection process: -0.033257 --> -0.027914, len_BS = 3480
Blocksize strategy selection process: -0.033253 --> -0.027914, len_BS = 3480
Blocksize strategy selection process: -0.033240 --> -0.027914, len_BS = 3485
Blocksize strategy selection process: -0.033239 --> -0.027914, len_BS = 3488
Blocksize strategy selection process: -0.033235 --> -0.027914, len_BS = 3489
Blocksize strategy selection process: -0.033188 --> -0.027914, len_BS = 3499
Blocksize strategy selection process: -0.033187 --> -0.027914, len_BS = 3498
Blocksize strategy selection process: -0.033093 --> -0.027914, len_BS = 3521
Blocksize strategy selection process: -0.033090 --> -0.027914, len_BS = 3517
Blocksize strategy selection process: -0.033006 --> -0.027914, len_BS = 3525
Blocksize strategy selection process: -0.033004 --> -0.027914, len_BS = 3510
Blocksize strategy selection process: -0.033003 --> -0.027914, len_BS = 3527
Blocksize strategy selection process: -0.032979 --> -0.027914, len_BS = 3528
Blocksize strategy selection process: -0.032886 --> -0.027914, len_BS = 3532
Blocksize strategy selection process: -0.032883 --> -0.027914, len_BS = 3510
Blocksize strategy selection process: -0.032882 --> -0.027914, len_BS = 3512
Blocksize strategy selection process: -0.032881 --> -0.027914, len_BS = 3513
Blocksize strategy selection process: -0.032880 --> -0.027914, len_BS = 3518
Blocksize strategy selection process: -0.032879 --> -0.027914, len_BS = 3519
Blocksize strategy selection process: -0.032840 --> -0.027914, len_BS = 3519
Blocksize strategy selection process: -0.032839 --> -0.027914, len_BS = 3535
Blocksize strategy selection process: -0.032816 --> -0.027914, len_BS = 3536
Blocksize strategy selection process: -0.032813 --> -0.027914, len_BS = 3553
Blocksize strategy selection process: -0.032753 --> -0.027914, len_BS = 3558
Blocksize strategy selection process: -0.032670 --> -0.027914, len_BS = 3556
Blocksize strategy selection process: -0.032661 --> -0.027914, len_BS = 3556
Blocksize strategy selection process: -0.032660 --> -0.027914, len_BS = 3555
Blocksize strategy selection process: -0.032599 --> -0.027914, len_BS = 3555
Blocksize strategy selection process: -0.032598 --> -0.027914, len_BS = 3560
Blocksize strategy selection process: -0.032597 --> -0.027914, len_BS = 3561
Blocksize strategy selection process: -0.032593 --> -0.027914, len_BS = 3563
Blocksize strategy selection process: -0.032592 --> -0.027914, len_BS = 3569
Blocksize strategy selection process: -0.032591 --> -0.027914, len_BS = 3572
Blocksize strategy selection process: -0.032541 --> -0.027914, len_BS = 3572
Blocksize strategy selection process: -0.032538 --> -0.027914, len_BS = 3580
Blocksize strategy selection process: -0.032519 --> -0.027914, len_BS = 3583
Blocksize strategy selection process: -0.032518 --> -0.027914, len_BS = 3602
Blocksize strategy selection process: -0.032517 --> -0.027914, len_BS = 3603
Blocksize strategy selection process: -0.032513 --> -0.027914, len_BS = 3606
Blocksize strategy selection process: -0.032460 --> -0.027914, len_BS = 3613
Blocksize strategy selection process: -0.032385 --> -0.027914, len_BS = 3624
Blocksize strategy selection process: -0.032370 --> -0.027914, len_BS = 3616
Blocksize strategy selection process: -0.032369 --> -0.027914, len_BS = 3624
Blocksize strategy selection process: -0.032360 --> -0.027914, len_BS = 3625
Blocksize strategy selection process: -0.032359 --> -0.027914, len_BS = 3636
Blocksize strategy selection process: -0.032358 --> -0.027914, len_BS = 3636
Blocksize strategy selection process: -0.032291 --> -0.027914, len_BS = 3638
Blocksize strategy selection process: -0.032290 --> -0.027914, len_BS = 3642
Blocksize strategy selection process: -0.032281 --> -0.027914, len_BS = 3642
Blocksize strategy selection process: -0.032279 --> -0.027914, len_BS = 3653
Blocksize strategy selection process: -0.032275 --> -0.027914, len_BS = 3655
Blocksize strategy selection process: -0.032274 --> -0.027914, len_BS = 3660
Blocksize strategy selection process: -0.032218 --> -0.027914, len_BS = 3661
Blocksize strategy selection process: -0.032210 --> -0.027914, len_BS = 3671
Blocksize strategy selection process: -0.032201 --> -0.027914, len_BS = 3675
Blocksize strategy selection process: -0.032196 --> -0.027914, len_BS = 3689
Blocksize strategy selection process: -0.032195 --> -0.027914, len_BS = 3693
Blocksize strategy selection process: -0.032140 --> -0.027914, len_BS = 3694
Blocksize strategy selection process: -0.032131 --> -0.027914, len_BS = 3697
Blocksize strategy selection process: -0.032130 --> -0.027914, len_BS = 3707
Blocksize strategy selection process: -0.032034 --> -0.027914, len_BS = 3707
Blocksize strategy selection process: -0.032027 --> -0.027914, len_BS = 3688
Blocksize strategy selection process: -0.032026 --> -0.027914, len_BS = 3699
Blocksize strategy selection process: -0.032022 --> -0.027914, len_BS = 3699
Blocksize strategy selection process: -0.031973 --> -0.027914, len_BS = 3702
Blocksize strategy selection process: -0.031972 --> -0.027914, len_BS = 3717
Blocksize strategy selection process: -0.031964 --> -0.027914, len_BS = 3719
Blocksize strategy selection process: -0.031963 --> -0.027914, len_BS = 3726
Blocksize strategy selection process: -0.031962 --> -0.027914, len_BS = 3727
Blocksize strategy selection process: -0.031959 --> -0.027914, len_BS = 3729
Blocksize strategy selection process: -0.031958 --> -0.027914, len_BS = 3730
Blocksize strategy selection process: -0.031950 --> -0.027914, len_BS = 3731
Blocksize strategy selection process: -0.031903 --> -0.027914, len_BS = 3740
Blocksize strategy selection process: -0.031719 --> -0.027914, len_BS = 3744
Blocksize strategy selection process: -0.031627 --> -0.027914, len_BS = 3703
Blocksize strategy selection process: -0.031608 --> -0.027914, len_BS = 3698
Blocksize strategy selection process: -0.031607 --> -0.027914, len_BS = 3697
Blocksize strategy selection process: -0.031606 --> -0.027914, len_BS = 3698
Blocksize strategy selection process: -0.031599 --> -0.027914, len_BS = 3700
Blocksize strategy selection process: -0.031532 --> -0.027914, len_BS = 3705
Blocksize strategy selection process: -0.031531 --> -0.027914, len_BS = 3701
Blocksize strategy selection process: -0.031529 --> -0.027914, len_BS = 3701
Blocksize strategy selection process: -0.031525 --> -0.027914, len_BS = 3703
Blocksize strategy selection process: -0.031523 --> -0.027914, len_BS = 3706
Blocksize strategy selection process: -0.031513 --> -0.027914, len_BS = 3707
Blocksize strategy selection process: -0.031512 --> -0.027914, len_BS = 3711
Blocksize strategy selection process: -0.031505 --> -0.027914, len_BS = 3711
Blocksize strategy selection process: -0.031503 --> -0.027914, len_BS = 3715
Blocksize strategy selection process: -0.031502 --> -0.027914, len_BS = 3716
Blocksize strategy selection process: -0.031456 --> -0.027914, len_BS = 3717
Blocksize strategy selection process: -0.031455 --> -0.027914, len_BS = 3722
Blocksize strategy selection process: -0.031453 --> -0.027914, len_BS = 3722
Blocksize strategy selection process: -0.031449 --> -0.027914, len_BS = 3723
Blocksize strategy selection process: -0.031447 --> -0.027914, len_BS = 3728
Blocksize strategy selection process: -0.031429 --> -0.027914, len_BS = 3729
Blocksize strategy selection process: -0.031379 --> -0.027914, len_BS = 3740
Blocksize strategy selection process: -0.031377 --> -0.027914, len_BS = 3744
Blocksize strategy selection process: -0.031373 --> -0.027914, len_BS = 3744
Blocksize strategy selection process: -0.031371 --> -0.027914, len_BS = 3748
Blocksize strategy selection process: -0.031352 --> -0.027914, len_BS = 3748
Blocksize strategy selection process: -0.031303 --> -0.027914, len_BS = 3758
Blocksize strategy selection process: -0.031302 --> -0.027914, len_BS = 3757
Blocksize strategy selection process: -0.031255 --> -0.027914, len_BS = 3757
Blocksize strategy selection process: -0.031236 --> -0.027914, len_BS = 3763
Blocksize strategy selection process: -0.031223 --> -0.027914, len_BS = 3771
Blocksize strategy selection process: -0.031221 --> -0.027914, len_BS = 3778
Blocksize strategy selection process: -0.031212 --> -0.027914, len_BS = 3778
Blocksize strategy selection process: -0.031161 --> -0.027914, len_BS = 3780
Blocksize strategy selection process: -0.031154 --> -0.027914, len_BS = 3787
Blocksize strategy selection process: -0.030994 --> -0.027914, len_BS = 3789
Blocksize strategy selection process: -0.030976 --> -0.027914, len_BS = 3763
Blocksize strategy selection process: -0.030975 --> -0.027914, len_BS = 3772
Blocksize strategy selection process: -0.030974 --> -0.027914, len_BS = 3773
Blocksize strategy selection process: -0.030970 --> -0.027914, len_BS = 3773
Blocksize strategy selection process: -0.030877 --> -0.027914, len_BS = 3773
Blocksize strategy selection process: -0.030865 --> -0.027914, len_BS = 3769
Blocksize strategy selection process: -0.030864 --> -0.027914, len_BS = 3773
Blocksize strategy selection process: -0.030858 --> -0.027914, len_BS = 3778
Blocksize strategy selection process: -0.030857 --> -0.027914, len_BS = 3778
Blocksize strategy selection process: -0.030856 --> -0.027914, len_BS = 3778
Blocksize strategy selection process: -0.030850 --> -0.027914, len_BS = 3778
Blocksize strategy selection process: -0.030849 --> -0.027914, len_BS = 3778
Blocksize strategy selection process: -0.030844 --> -0.027914, len_BS = 3778
Blocksize strategy selection process: -0.030843 --> -0.027914, len_BS = 3778
Blocksize strategy selection process: -0.030842 --> -0.027914, len_BS = 3778
Blocksize strategy selection process: -0.030755 --> -0.027914, len_BS = 3778
Blocksize strategy selection process: -0.030750 --> -0.027914, len_BS = 3773
Blocksize strategy selection process: -0.030745 --> -0.027914, len_BS = 3774
Blocksize strategy selection process: -0.030739 --> -0.027914, len_BS = 3776
Blocksize strategy selection process: -0.030738 --> -0.027914, len_BS = 3777
Blocksize strategy selection process: -0.030694 --> -0.027914, len_BS = 3777
Blocksize strategy selection process: -0.030641 --> -0.027914, len_BS = 3782
Blocksize strategy selection process: -0.030622 --> -0.027914, len_BS = 3788
Blocksize strategy selection process: -0.030621 --> -0.027914, len_BS = 3793
Blocksize strategy selection process: -0.030613 --> -0.027914, len_BS = 3794
Blocksize strategy selection process: -0.030608 --> -0.027914, len_BS = 3798
Blocksize strategy selection process: -0.030565 --> -0.027914, len_BS = 3798
Blocksize strategy selection process: -0.030552 --> -0.027914, len_BS = 3804
Blocksize strategy selection process: -0.030542 --> -0.027914, len_BS = 3810
Blocksize strategy selection process: -0.030539 --> -0.027914, len_BS = 3814
Blocksize strategy selection process: -0.030533 --> -0.027914, len_BS = 3816
Blocksize strategy selection process: -0.030470 --> -0.027914, len_BS = 3819
Blocksize strategy selection process: -0.030468 --> -0.027914, len_BS = 3825
Blocksize strategy selection process: -0.030458 --> -0.027914, len_BS = 3825
Blocksize strategy selection process: -0.030453 --> -0.027914, len_BS = 3831
Blocksize strategy selection process: -0.030403 --> -0.027914, len_BS = 3832
Blocksize strategy selection process: -0.030400 --> -0.027914, len_BS = 3839
Blocksize strategy selection process: -0.030394 --> -0.027914, len_BS = 3839
Blocksize strategy selection process: -0.030389 --> -0.027914, len_BS = 3842
Blocksize strategy selection process: -0.030385 --> -0.027914, len_BS = 3844
Blocksize strategy selection process: -0.030332 --> -0.027914, len_BS = 3844
Blocksize strategy selection process: -0.030317 --> -0.027914, len_BS = 3849
Blocksize strategy selection process: -0.030313 --> -0.027914, len_BS = 3853
Blocksize strategy selection process: -0.030312 --> -0.027914, len_BS = 3854
Blocksize strategy selection process: -0.030265 --> -0.027914, len_BS = 3854
Blocksize strategy selection process: -0.030253 --> -0.027914, len_BS = 3862
Blocksize strategy selection process: -0.030174 --> -0.027914, len_BS = 3862
Blocksize strategy selection process: -0.030087 --> -0.027914, len_BS = 3866
Blocksize strategy selection process: -0.030086 --> -0.027914, len_BS = 3871
Blocksize strategy selection process: -0.030081 --> -0.027914, len_BS = 3871
Blocksize strategy selection process: -0.030031 --> -0.027914, len_BS = 3872
Blocksize strategy selection process: -0.030030 --> -0.027914, len_BS = 3880
Blocksize strategy selection process: -0.030029 --> -0.027914, len_BS = 3880
Blocksize strategy selection process: -0.029962 --> -0.027914, len_BS = 3880
Blocksize strategy selection process: -0.029961 --> -0.027914, len_BS = 3886
Blocksize strategy selection process: -0.029952 --> -0.027914, len_BS = 3886
Blocksize strategy selection process: -0.029949 --> -0.027914, len_BS = 3886
Blocksize strategy selection process: -0.029907 --> -0.027914, len_BS = 3887
Blocksize strategy selection process: -0.029906 --> -0.027914, len_BS = 3893
Blocksize strategy selection process: -0.029905 --> -0.027914, len_BS = 3893
Blocksize strategy selection process: -0.029848 --> -0.027914, len_BS = 3893
Blocksize strategy selection process: -0.029847 --> -0.027914, len_BS = 3894
Blocksize strategy selection process: -0.029842 --> -0.027914, len_BS = 3894
Blocksize strategy selection process: -0.029840 --> -0.027914, len_BS = 3895
Blocksize strategy selection process: -0.029803 --> -0.027914, len_BS = 3895
Blocksize strategy selection process: -0.029800 --> -0.027914, len_BS = 3896
Blocksize strategy selection process: -0.029796 --> -0.027914, len_BS = 3896
Blocksize strategy selection process: -0.029757 --> -0.027914, len_BS = 3897
Blocksize strategy selection process: -0.029727 --> -0.027914, len_BS = 3900
Blocksize strategy selection process: -0.029726 --> -0.027914, len_BS = 3902
Blocksize strategy selection process: -0.029724 --> -0.027914, len_BS = 3902
Blocksize strategy selection process: -0.029650 --> -0.027914, len_BS = 3902
Blocksize strategy selection process: -0.029587 --> -0.027914, len_BS = 3904
Blocksize strategy selection process: -0.029546 --> -0.027914, len_BS = 3907
Blocksize strategy selection process: -0.029513 --> -0.027914, len_BS = 3910
Blocksize strategy selection process: -0.029467 --> -0.027914, len_BS = 3911
Blocksize strategy selection process: -0.029453 --> -0.027914, len_BS = 3915
Blocksize strategy selection process: -0.029452 --> -0.027914, len_BS = 3915
Blocksize strategy selection process: -0.029378 --> -0.027914, len_BS = 3915
Blocksize strategy selection process: -0.029377 --> -0.027914, len_BS = 3917
Blocksize strategy selection process: -0.029365 --> -0.027914, len_BS = 3917
Blocksize strategy selection process: -0.029261 --> -0.027914, len_BS = 3917
Blocksize strategy selection process: -0.029227 --> -0.027914, len_BS = 3917
Blocksize strategy selection process: -0.029220 --> -0.027914, len_BS = 3918
Blocksize strategy selection process: -0.029208 --> -0.027914, len_BS = 3918
Blocksize strategy selection process: -0.029152 --> -0.027914, len_BS = 3918
Blocksize strategy selection process: -0.029133 --> -0.027914, len_BS = 3918
Blocksize strategy selection process: -0.029108 --> -0.027914, len_BS = 3918
Blocksize strategy selection process: -0.029106 --> -0.027914, len_BS = 3919
Blocksize strategy selection process: -0.029072 --> -0.027914, len_BS = 3919
Blocksize strategy selection process: -0.028999 --> -0.027914, len_BS = 3921
Blocksize strategy selection process: -0.028986 --> -0.027914, len_BS = 3921
Blocksize strategy selection process: -0.028984 --> -0.027914, len_BS = 3921
Blocksize strategy selection process: -0.028950 --> -0.027914, len_BS = 3921
Blocksize strategy selection process: -0.028911 --> -0.027914, len_BS = 3922
Blocksize strategy selection process: -0.028859 --> -0.027914, len_BS = 3922
Blocksize strategy selection process: -0.028856 --> -0.027914, len_BS = 3923
Blocksize strategy selection process: -0.028811 --> -0.027914, len_BS = 3923
Blocksize strategy selection process: -0.028807 --> -0.027914, len_BS = 3924
Blocksize strategy selection process: -0.028797 --> -0.027914, len_BS = 3924
Blocksize strategy selection process: -0.028793 --> -0.027914, len_BS = 3924
Blocksize strategy selection process: -0.028766 --> -0.027914, len_BS = 3924
Blocksize strategy selection process: -0.028765 --> -0.027914, len_BS = 3924
Blocksize strategy selection process: -0.028738 --> -0.027914, len_BS = 3924
Blocksize strategy selection process: -0.028721 --> -0.027914, len_BS = 3924
Blocksize strategy selection process: -0.028688 --> -0.027914, len_BS = 3924
Blocksize strategy selection process: -0.028686 --> -0.027914, len_BS = 3924
Blocksize strategy selection process: -0.028602 --> -0.027914, len_BS = 3924
Blocksize strategy selection process: -0.028565 --> -0.027914, len_BS = 3925
Blocksize strategy selection process: -0.028564 --> -0.027914, len_BS = 3925
Blocksize strategy selection process: -0.028563 --> -0.027914, len_BS = 3925
Blocksize strategy selection process: -0.028562 --> -0.027914, len_BS = 3925
Blocksize strategy selection process: -0.028560 --> -0.027914, len_BS = 3925
Blocksize strategy selection process: -0.028558 --> -0.027914, len_BS = 3925
Blocksize strategy selection process: -0.028557 --> -0.027914, len_BS = 3925
Blocksize strategy selection process: -0.028556 --> -0.027914, len_BS = 3925
Blocksize strategy selection process: -0.028555 --> -0.027914, len_BS = 3925
Blocksize strategy selection process: -0.028554 --> -0.027914, len_BS = 3925
Blocksize strategy selection process: -0.028553 --> -0.027914, len_BS = 3925
Blocksize strategy selection process: -0.028551 --> -0.027914, len_BS = 3925
Blocksize strategy selection process: -0.028550 --> -0.027914, len_BS = 3925
Blocksize strategy selection process: -0.028549 --> -0.027914, len_BS = 3925
Blocksize strategy selection process: -0.028548 --> -0.027914, len_BS = 3925
Blocksize strategy selection process: -0.028545 --> -0.027914, len_BS = 3925
Blocksize strategy selection process: -0.028544 --> -0.027914, len_BS = 3925
Blocksize strategy selection process: -0.028543 --> -0.027914, len_BS = 3925
Blocksize strategy selection process: -0.028542 --> -0.027914, len_BS = 3925
Blocksize strategy selection process: -0.028539 --> -0.027914, len_BS = 3925
Blocksize strategy selection process: -0.028538 --> -0.027914, len_BS = 3925
Blocksize strategy selection process: -0.028537 --> -0.027914, len_BS = 3925
Blocksize strategy selection process: -0.028536 --> -0.027914, len_BS = 3925
Blocksize strategy selection process: -0.028535 --> -0.027914, len_BS = 3925
Blocksize strategy selection process: -0.028511 --> -0.027914, len_BS = 3926
Blocksize strategy selection process: -0.028481 --> -0.027914, len_BS = 3926
Blocksize strategy selection process: -0.028480 --> -0.027914, len_BS = 3926
Blocksize strategy selection process: -0.028472 --> -0.027914, len_BS = 3926
Blocksize strategy selection process: -0.028442 --> -0.027914, len_BS = 3926
Blocksize strategy selection process: -0.028398 --> -0.027914, len_BS = 3926
Blocksize strategy selection process: -0.028369 --> -0.027914, len_BS = 3926
Blocksize strategy selection process: -0.028363 --> -0.027914, len_BS = 3926
Blocksize strategy selection process: -0.028344 --> -0.027914, len_BS = 3926
Blocksize strategy selection process: -0.028343 --> -0.027914, len_BS = 3926
Blocksize strategy selection process: -0.028342 --> -0.027914, len_BS = 3926
Blocksize strategy selection process: -0.028341 --> -0.027914, len_BS = 3926
Blocksize strategy selection process: -0.028340 --> -0.027914, len_BS = 3926
Blocksize strategy selection process: -0.028339 --> -0.027914, len_BS = 3926
Blocksize strategy selection process: -0.028338 --> -0.027914, len_BS = 3926
Blocksize strategy selection process: -0.028301 --> -0.027914, len_BS = 3926
Blocksize strategy selection process: -0.028300 --> -0.027914, len_BS = 3926
Blocksize strategy selection process: -0.028299 --> -0.027914, len_BS = 3926
Blocksize strategy selection process: -0.028298 --> -0.027914, len_BS = 3926
Blocksize strategy selection process: -0.028297 --> -0.027914, len_BS = 3926
Blocksize strategy selection process: -0.028296 --> -0.027914, len_BS = 3926
Blocksize strategy selection process: -0.028278 --> -0.027914, len_BS = 3926
Blocksize strategy selection process: -0.028277 --> -0.027914, len_BS = 3926
Blocksize strategy selection process: -0.028276 --> -0.027914, len_BS = 3926
Blocksize strategy selection process: -0.028275 --> -0.027914, len_BS = 3926
Blocksize strategy selection process: -0.028274 --> -0.027914, len_BS = 3926
Blocksize strategy selection process: -0.028273 --> -0.027914, len_BS = 3926
Blocksize strategy selection process: -0.028272 --> -0.027914, len_BS = 3926
Blocksize strategy selection process: -0.028271 --> -0.027914, len_BS = 3926
Blocksize strategy selection process: -0.028270 --> -0.027914, len_BS = 3926
Blocksize strategy selection process: -0.028269 --> -0.027914, len_BS = 3926
Blocksize strategy selection process: -0.028268 --> -0.027914, len_BS = 3926
Blocksize strategy selection process: -0.028267 --> -0.027914, len_BS = 3926
Blocksize strategy selection process: -0.028266 --> -0.027914, len_BS = 3926
Blocksize strategy selection process: -0.028265 --> -0.027914, len_BS = 3926
Blocksize strategy selection process: -0.028264 --> -0.027914, len_BS = 3926
Blocksize strategy selection process: -0.028247 --> -0.027914, len_BS = 3926
Blocksize strategy selection process: -0.028246 --> -0.027914, len_BS = 3926
Blocksize strategy selection process: -0.028245 --> -0.027914, len_BS = 3926
Blocksize strategy selection process: -0.028244 --> -0.027914, len_BS = 3926
Blocksize strategy selection process: -0.028243 --> -0.027914, len_BS = 3926
Blocksize strategy selection process: -0.028242 --> -0.027914, len_BS = 3926
Blocksize strategy selection process: -0.028241 --> -0.027914, len_BS = 3926
Blocksize strategy selection process: -0.028240 --> -0.027914, len_BS = 3926
Blocksize strategy selection process: -0.028239 --> -0.027914, len_BS = 3926
Blocksize strategy selection process: -0.028238 --> -0.027914, len_BS = 3926
Blocksize strategy selection process: -0.028237 --> -0.027914, len_BS = 3926
Blocksize strategy selection process: -0.028236 --> -0.027914, len_BS = 3926
Blocksize strategy selection process: -0.028235 --> -0.027914, len_BS = 3926
Blocksize strategy selection process: -0.028219 --> -0.027914, len_BS = 3926
Blocksize strategy selection process: -0.028218 --> -0.027914, len_BS = 3927
Blocksize strategy selection process: -0.028217 --> -0.027914, len_BS = 3927
Blocksize strategy selection process: -0.028216 --> -0.027914, len_BS = 3927
Blocksize strategy selection process: -0.028215 --> -0.027914, len_BS = 3927
Blocksize strategy selection process: -0.028214 --> -0.027914, len_BS = 3927
Blocksize strategy selection process: -0.028213 --> -0.027914, len_BS = 3927
Blocksize strategy selection process: -0.028212 --> -0.027914, len_BS = 3927
Blocksize strategy selection process: -0.028211 --> -0.027914, len_BS = 3927
Blocksize strategy selection process: -0.028210 --> -0.027914, len_BS = 3927
Blocksize strategy selection process: -0.028209 --> -0.027914, len_BS = 3927
Blocksize strategy selection process: -0.028208 --> -0.027914, len_BS = 3927
Blocksize strategy selection process: -0.028207 --> -0.027914, len_BS = 3927
Blocksize strategy selection process: -0.028191 --> -0.027914, len_BS = 3927
Blocksize strategy selection process: -0.028190 --> -0.027914, len_BS = 3927
Blocksize strategy selection process: -0.028189 --> -0.027914, len_BS = 3927
Blocksize strategy selection process: -0.028188 --> -0.027914, len_BS = 3927
Blocksize strategy selection process: -0.028187 --> -0.027914, len_BS = 3927
Blocksize strategy selection process: -0.028186 --> -0.027914, len_BS = 3927
Blocksize strategy selection process: -0.028185 --> -0.027914, len_BS = 3927
Blocksize strategy selection process: -0.028184 --> -0.027914, len_BS = 3927
Blocksize strategy selection process: -0.028183 --> -0.027914, len_BS = 3927
Blocksize strategy selection process: -0.028182 --> -0.027914, len_BS = 3927
Blocksize strategy selection process: -0.028181 --> -0.027914, len_BS = 3927
Blocksize strategy selection process: -0.028180 --> -0.027914, len_BS = 3927
Blocksize strategy selection process: -0.028137 --> -0.027914, len_BS = 3927
Blocksize strategy selection process: -0.028136 --> -0.027914, len_BS = 3927
Blocksize strategy selection process: -0.028130 --> -0.027914, len_BS = 3927
Blocksize strategy selection process: -0.028129 --> -0.027914, len_BS = 3927
Blocksize strategy selection process: -0.028128 --> -0.027914, len_BS = 3927
Blocksize strategy selection process: -0.028126 --> -0.027914, len_BS = 3927
Blocksize strategy selection process: -0.028125 --> -0.027914, len_BS = 3927
Blocksize strategy selection process: -0.028124 --> -0.027914, len_BS = 3927
Blocksize strategy selection process: -0.028123 --> -0.027914, len_BS = 3927
Blocksize strategy selection process: -0.028121 --> -0.027914, len_BS = 3927
Blocksize strategy selection process: -0.028119 --> -0.027914, len_BS = 3927
Blocksize strategy selection process: -0.028118 --> -0.027914, len_BS = 3927
Blocksize strategy selection process: -0.028117 --> -0.027914, len_BS = 3927
Blocksize strategy selection process: -0.028116 --> -0.027914, len_BS = 3927
Blocksize strategy selection process: -0.028115 --> -0.027914, len_BS = 3927
Blocksize strategy selection process: -0.028114 --> -0.027914, len_BS = 3927
Blocksize strategy selection process: -0.028113 --> -0.027914, len_BS = 3927
Blocksize strategy selection process: -0.028112 --> -0.027914, len_BS = 3927
Blocksize strategy selection process: -0.028111 --> -0.027914, len_BS = 3927
Blocksize strategy selection process: -0.028110 --> -0.027914, len_BS = 3927
Blocksize strategy selection process: -0.028109 --> -0.027914, len_BS = 3927
Blocksize strategy selection process: -0.028108 --> -0.027914, len_BS = 3927
Blocksize strategy selection process: -0.028107 --> -0.027914, len_BS = 3927
Blocksize strategy selection process: -0.028106 --> -0.027914, len_BS = 3927
Blocksize strategy selection process: -0.028105 --> -0.027914, len_BS = 3927
Blocksize strategy selection process: -0.028104 --> -0.027914, len_BS = 3927
Blocksize strategy selection process: -0.028103 --> -0.027914, len_BS = 3927
Blocksize strategy selection process: -0.028090 --> -0.027914, len_BS = 3927
Blocksize strategy selection process: -0.028089 --> -0.027914, len_BS = 3927
Blocksize strategy selection process: -0.028088 --> -0.027914, len_BS = 3927
Blocksize strategy selection process: -0.028087 --> -0.027914, len_BS = 3927
Blocksize strategy selection process: -0.028086 --> -0.027914, len_BS = 3927
Blocksize strategy selection process: -0.028085 --> -0.027914, len_BS = 3927
Blocksize strategy selection process: -0.028084 --> -0.027914, len_BS = 3927
Blocksize strategy selection process: -0.028083 --> -0.027914, len_BS = 3927
Blocksize strategy selection process: -0.028082 --> -0.027914, len_BS = 3927
Blocksize strategy selection process: -0.028081 --> -0.027914, len_BS = 3927
Blocksize strategy selection process: -0.028069 --> -0.027914, len_BS = 3927
Blocksize strategy selection process: -0.028068 --> -0.027914, len_BS = 3927
Blocksize strategy selection process: -0.028067 --> -0.027914, len_BS = 3927
Blocksize strategy selection process: -0.028066 --> -0.027914, len_BS = 3927
Blocksize strategy selection process: -0.028065 --> -0.027914, len_BS = 3927
Blocksize strategy selection process: -0.028064 --> -0.027914, len_BS = 3927
Blocksize strategy selection process: -0.028063 --> -0.027914, len_BS = 3927
Blocksize strategy selection process: -0.028062 --> -0.027914, len_BS = 3927
Blocksize strategy selection process: -0.028061 --> -0.027914, len_BS = 3927
Blocksize strategy selection process: -0.028060 --> -0.027914, len_BS = 3927
Blocksize strategy selection process: -0.028059 --> -0.027914, len_BS = 3927
Blocksize strategy selection process: -0.028048 --> -0.027914, len_BS = 3927
Blocksize strategy selection process: -0.028047 --> -0.027914, len_BS = 3927
Blocksize strategy selection process: -0.028046 --> -0.027914, len_BS = 3927
Blocksize strategy selection process: -0.028045 --> -0.027914, len_BS = 3927
Blocksize strategy selection process: -0.028044 --> -0.027914, len_BS = 3927
Blocksize strategy selection process: -0.028043 --> -0.027914, len_BS = 3927
Blocksize strategy selection process: -0.028042 --> -0.027914, len_BS = 3927
Blocksize strategy selection process: -0.028041 --> -0.027914, len_BS = 3927
Blocksize strategy selection process: -0.028040 --> -0.027914, len_BS = 3927
Blocksize strategy selection process: -0.028039 --> -0.027914, len_BS = 3927
Blocksize strategy selection process: -0.028028 --> -0.027914, len_BS = 3927
Blocksize strategy selection process: -0.028027 --> -0.027914, len_BS = 3927
Blocksize strategy selection process: -0.028026 --> -0.027914, len_BS = 3927
Blocksize strategy selection process: -0.028025 --> -0.027914, len_BS = 3927
Blocksize strategy selection process: -0.028024 --> -0.027914, len_BS = 3927
Blocksize strategy selection process: -0.028023 --> -0.027914, len_BS = 3927
Blocksize strategy selection process: -0.028022 --> -0.027914, len_BS = 3927
Blocksize strategy selection process: -0.028021 --> -0.027914, len_BS = 3927
Blocksize strategy selection process: -0.028011 --> -0.027914, len_BS = 3927
Blocksize strategy selection process: -0.028010 --> -0.027914, len_BS = 3927
Blocksize strategy selection process: -0.028009 --> -0.027914, len_BS = 3927
Blocksize strategy selection process: -0.028008 --> -0.027914, len_BS = 3927
Blocksize strategy selection process: -0.028007 --> -0.027914, len_BS = 3927
Blocksize strategy selection process: -0.028006 --> -0.027914, len_BS = 3927
Blocksize strategy selection process: -0.028005 --> -0.027914, len_BS = 3927
Blocksize strategy selection process: -0.028004 --> -0.027914, len_BS = 3927
Blocksize strategy selection process: -0.027995 --> -0.027914, len_BS = 3927
Blocksize strategy selection process: -0.027994 --> -0.027914, len_BS = 3927
Blocksize strategy selection process: -0.027993 --> -0.027914, len_BS = 3927
Blocksize strategy selection process: -0.027992 --> -0.027914, len_BS = 3927
Blocksize strategy selection process: -0.027991 --> -0.027914, len_BS = 3927
Blocksize strategy selection process: -0.027990 --> -0.027914, len_BS = 3927
Blocksize strategy selection process: -0.027989 --> -0.027914, len_BS = 3928
Blocksize strategy selection process: -0.027988 --> -0.027914, len_BS = 3928
Blocksize strategy selection process: -0.027987 --> -0.027914, len_BS = 3928
Blocksize strategy selection process: -0.027986 --> -0.027914, len_BS = 3928
Blocksize strategy selection process: -0.027979 --> -0.027914, len_BS = 3928
Blocksize strategy selection process: -0.027978 --> -0.027914, len_BS = 3928
Blocksize strategy selection process: -0.027977 --> -0.027914, len_BS = 3928
Blocksize strategy selection process: -0.027976 --> -0.027914, len_BS = 3928
Blocksize strategy selection process: -0.027975 --> -0.027914, len_BS = 3928
Blocksize strategy selection process: -0.027974 --> -0.027914, len_BS = 3928
Blocksize strategy selection process: -0.027973 --> -0.027914, len_BS = 3928
Blocksize strategy selection process: -0.027972 --> -0.027914, len_BS = 3928
Blocksize strategy selection process: -0.027966 --> -0.027914, len_BS = 3928
Blocksize strategy selection process: -0.027965 --> -0.027914, len_BS = 3928
Blocksize strategy selection process: -0.027964 --> -0.027914, len_BS = 3928
Blocksize strategy selection process: -0.027963 --> -0.027914, len_BS = 3928
Blocksize strategy selection process: -0.027962 --> -0.027914, len_BS = 3928
Blocksize strategy selection process: -0.027961 --> -0.027914, len_BS = 3928
Blocksize strategy selection process: -0.027954 --> -0.027914, len_BS = 3928
Blocksize strategy selection process: -0.027952 --> -0.027914, len_BS = 3928
Blocksize strategy selection process: -0.027951 --> -0.027914, len_BS = 3928
Blocksize strategy selection process: -0.027950 --> -0.027914, len_BS = 3928
Blocksize strategy selection process: -0.027949 --> -0.027914, len_BS = 3928
Blocksize strategy selection process: -0.027948 --> -0.027914, len_BS = 3928
Blocksize strategy selection process: -0.027943 --> -0.027914, len_BS = 3928
Blocksize strategy selection process: -0.027942 --> -0.027914, len_BS = 3928
Blocksize strategy selection process: -0.027941 --> -0.027914, len_BS = 3928
Blocksize strategy selection process: -0.027940 --> -0.027914, len_BS = 3928
Blocksize strategy selection process: -0.027939 --> -0.027914, len_BS = 3928
Blocksize strategy selection process: -0.027938 --> -0.027914, len_BS = 3928
Blocksize strategy selection process: -0.027937 --> -0.027914, len_BS = 3928
Blocksize strategy selection process: -0.027933 --> -0.027914, len_BS = 3928
Blocksize strategy selection process: -0.027932 --> -0.027914, len_BS = 3928
Blocksize strategy selection process: -0.027931 --> -0.027914, len_BS = 3928
Blocksize strategy selection process: -0.027930 --> -0.027914, len_BS = 3928
Blocksize strategy selection process: -0.027929 --> -0.027914, len_BS = 3928
Blocksize strategy selection process: -0.027926 --> -0.027914, len_BS = 3928
Blocksize strategy selection process: -0.027924 --> -0.027914, len_BS = 3928
Blocksize strategy selection process: -0.027923 --> -0.027914, len_BS = 3928
Blocksize strategy selection process: -0.027922 --> -0.027914, len_BS = 3928
Blocksize strategy selection process: -0.027921 --> -0.027914, len_BS = 3928
Blocksize strategy selection process: -0.027915 --> -0.027914, len_BS = 3928
Blocksize strategy selection process: -0.027914 --> -0.027914, len_BS = 3928
len(BS) = 3928
Time cost for generating Strategy: 518.265370 s
[15.987449332871298,15.956306822776122,15.925184527227918,15.894080917196185,15.862994453809769,15.831923587928587,15.800866759702417,15.769822398116165,15.7387889205211,15.70776473215138,15.676748225625321,15.645737780430682,15.614731762393353,15.583728523128647,15.552726399474516,15.521723712905857,15.490718768929089,15.45970985645615,15.428695247157007,15.397673194789702,15.366641934506982,15.335599682138454,15.30454463344717,15.273474963359526,15.242388825167271,15.2112843497004,15.180159644469617,15.149012792777052,15.117841852793786,15.086644856602746,15.055419809205453,15.02416468749103,14.992877439165852,14.961555981642146,14.930198200883813,14.898801950207677,14.86736504903837,14.835885281614972,14.804360395647553,14.772788100921737,14.741166067849438,14.709491925963901,14.677763262357356,14.645977620059533,14.614132496355602,14.582225341042154,14.550253554620205,14.518214486424542,14.486105432689104,14.453923634548822,14.421666275978954,14.389330481673985,14.3569133148693,14.324411775110317,14.291861875633838,14.259419952190534,14.226966433154939,14.194474109216081,14.161901793276353,14.129234061084407,14.096473164808351,14.063605296094659,14.030666805073997,13.99760869592396,13.964450940621836,13.931156317193668,13.89777693196056,13.864261645835937,13.83062208627337,13.796847909335849,13.762948575527844,13.728918084514161,13.694741971308396,13.660435934505715,13.625977226600662,13.591375929707759,13.55660907942942,13.521699910939333,13.486631709519784,13.45139731238485,13.415986029169277,13.380403223835033,13.344662661591856,13.308744968255754,13.272674793158663,13.236408114981543,13.199959316398052,13.163331117539286,13.126502117174795,13.089502234546634,13.052291118776099,13.014893869517776,12.97731944158145,12.939550847888565,12.901576198664749,12.863415851145723,12.825089941393653,12.786722896155396,12.748439657589323,12.725750293897786,12.702946929032684,12.680028262003841,12.656992968453515,12.63383970008314,12.61056708406226,12.587173722419038,12.56365819141156,12.540019040879312,12.516254793573982,12.492363944468872,12.468344960046036,12.44419627756031,12.419916304279365,12.395503416698748,12.370955959731052,12.34627224586808,12.321450554314987,12.296489130095265,12.271386183125376,12.24613988725783,12.220748379291383,12.195209757947062,12.16952208280852,12.143683373225347,12.117691607177685,12.091544720100586,12.06524060366641,12.038777104523438,12.012152022988873,11.985363111694241,11.958408074181156,11.931284563445278,11.903990180426199,11.87652247244091,11.848878931558325,11.821056992912242,11.793054032950064,11.764867367614329,11.736494250454037,11.707931870662641,11.679177351039336,11.650227745870156,11.621080038725216,11.591731140168239,11.562177885374327,11.532417031651732,11.502445255863178,11.472259151742037,11.441855227098527,11.411229900910708,11.380379500294966,11.349300257350318,11.317988305870658,11.286439677918754,11.254650300255566,11.222615990618173,11.190332453839254,11.157795277800863,11.12499992921488,11.091941749222253,11.058615948802931,11.025017603988,10.991141650865409,10.956982880370402,10.922535932851561,10.887795292403334,10.852755280955678,10.81741005211168,10.78175358472386,10.745779676200376,10.709481935532475,10.672853776035277,10.635888407794766,10.598578829814947,10.560917821860592,10.522897935992997,10.484511487798551,10.445750547313148,10.406606929649296,10.367072185337966,10.327137590403138,10.286794136195063,10.246032519017511,10.20484312959636,10.163216042451543,10.121141005252378,10.078607428259078,10.03560437398062,9.99212054721388,9.948144285671265,9.909017464614552,9.89126028168337,9.857229762095887,9.81945997131405,9.776008743255625,9.730364400761669,9.6849331890467,9.637517068814562,9.594973944046371,9.545647769300869,9.49893813731546,9.447029448744612,9.402122458039637,9.350124650669505,9.299583903546196,9.247501763615126,9.19658109542121,9.14471322443523,9.090732493106485,9.0387568471231,8.983534869295399,8.929541470055085,8.872259359357397,8.817994914069642,8.761298234242952,8.703461219816036,8.643993429633229,8.585083616160167,8.527888114301915,8.467880592327827,8.41107289773651,8.348081800675391,8.286864626825635,8.225837990528975,8.161699985386141,8.101460114898712,8.03552129176532,7.972809888168079,7.911139160023148,7.846964023438081,7.780965822007809,7.7175505063400776,7.65670813289405,7.612746661534605,7.585861130385204]
MinStrategy is: [87, 87, 107, 117, 118, 124, 131, 137] + pump(68,167,24) , ['87 * 2 (-0.042918) , cost = 595.4218 s', '107 * 1 (-0.038706) , cost = 668.4929 s', '117 * 1 (-0.036299) , cost = 1487.5974 s', '118 * 1 (-0.035520) , cost = 1919.8374 s', '124 * 1 (-0.034836) , cost = 8870.3077 s', '131 * 1 (-0.034079) , cost = 40983.8652 s', '137 * 1 (-0.033412) , cost = 189359.5203 s'] + pump(68,167,24)
[87,87,107,117,118,124,131,137]
Time cost for pnj-BKZ = 67.75 h,
Time cost for pump = 466.63 h,
Total time cost = 534.38 h.
