GNU gdb (Ubuntu 9.2-0ubuntu1~20.04.1) 9.2
Copyright (C) 2020 Free Software Foundation, Inc.
License GPLv3+: GNU GPL version 3 or later <http://gnu.org/licenses/gpl.html>
This is free software: you are free to change and redistribute it.
There is NO WARRANTY, to the extent permitted by law.
Type "show copying" and "show warranty" for details.
This GDB was configured as "x86_64-linux-gnu".
Type "show configuration" for configuration details.
For bug reporting instructions, please see:
<http://www.gnu.org/software/gdb/bugs/>.
Find the GDB manual and other documentation resources online at:
    <http://www.gnu.org/software/gdb/documentation/>.

For help, type "help".
Type "apropos word" to search for commands related to "word".
[New LWP 664848]
[New LWP 664849]
[New LWP 664850]
[New LWP 664851]
[New LWP 664852]
[New LWP 664853]
[New LWP 664854]
[New LWP 664855]
[New LWP 664856]
[New LWP 664857]
[New LWP 664858]
[New LWP 664859]
[New LWP 664860]
[New LWP 664861]
[New LWP 664862]
[New LWP 664863]
[New LWP 664864]
[New LWP 664865]
[New LWP 664866]
[New LWP 664867]
[New LWP 664868]
[New LWP 664869]
[New LWP 664870]
[New LWP 664871]
[New LWP 664872]
[New LWP 664873]
[New LWP 664874]
[New LWP 664875]
[New LWP 664876]
[New LWP 664877]
[New LWP 664878]
[New LWP 664879]
[New LWP 664880]
[New LWP 664881]
[New LWP 664882]
[New LWP 664883]
[Thread debugging using libthread_db enabled]
Using host libthread_db library "/lib/x86_64-linux-gnu/libthread_db.so.1".
0x00007f9177578c7f in __GI___wait4 (pid=664884, stat_loc=stat_loc@entry=0x0, 
    options=options@entry=0, usage=usage@entry=0x0)
    at ../sysdeps/unix/sysv/linux/wait4.c:27

Stack backtrace
---------------
    stat_loc=stat_loc@entry=0x0, options=options@entry=0, 
    usage=usage@entry=0x0) at ../sysdeps/unix/sysv/linux/wait4.c:27
        resultvar = 18446744073709551104
        sc_cancel_oldtype = 0
        sc_ret = <optimized out>
#1  0x00007f9177578bfb in __GI___waitpid (pid=<optimized out>, 
    stat_loc=stat_loc@entry=0x0, options=options@entry=0) at waitpid.c:38
No locals.
#2  0x00007f91767e23e3 in print_enhanced_backtrace ()
    at build/src/cysignals/implementation.c:586
        parent_pid = 664757
        pid = <optimized out>
#3  0x00007f91767e3a76 in sigdie (sig=sig@entry=6, 
    s=s@entry=0x7f91767ebac8 "Unhandled SIGABRT: An abort() occurred.")
    at build/src/cysignals/implementation.c:612
No locals.
#4  0x00007f91767e5ccf in sigdie_for_sig (inside=0, sig=6)
    at build/src/cysignals/implementation.c:175
No locals.
#5  cysigs_signal_handler (sig=6) at build/src/cysignals/implementation.c:278
        inside = <optimized out>
#6  <signal handler called>
No locals.
#7  __GI_raise (sig=sig@entry=6) at ../sysdeps/unix/sysv/linux/raise.c:50
        set = {__val = {0, 51539607553, 140728694598160, 3, 4294967296, 0, 
            7233170478761014387, 109330211561823, 140728694604744, 
            140728694604752, 140728694604760, 140728694604768, 
            140728694604776, 0, 140728694604792, 0}}
        pid = <optimized out>
        tid = <optimized out>
        ret = <optimized out>
#8  0x00007f91774b8859 in __GI_abort () at abort.c:79
        save_stage = 1
        act = {__sigaction_handler = {
            sa_handler = 0x7f91776835c0 <_IO_2_1_stderr_>, 
            sa_sigaction = 0x7f91776835c0 <_IO_2_1_stderr_>}, sa_mask = {
            __val = {140262750303680, 1, 3, 0, 140262748875089, 14, 9689952, 
              140262708829824, 140255982258432, 140262707358592, 3657702627, 
              94172112, 140262750563516, 140728694599568, 140262750588396, 
              140262708347298}}, sa_flags = 1960376308, 
          sa_restorer = 0x93db60 <stderr>}
        sigs = {__val = {32, 0 <repeats 15 times>}}
#9  0x00007f9174d84a31 in ?? () from /lib/x86_64-linux-gnu/libstdc++.so.6
No symbol table info available.
#10 0x00007f9174d905dc in ?? () from /lib/x86_64-linux-gnu/libstdc++.so.6
No symbol table info available.
#11 0x00007f9174d90647 in std::terminate() ()
   from /lib/x86_64-linux-gnu/libstdc++.so.6
No symbol table info available.
#12 0x00007f9174d908e9 in __cxa_throw ()
   from /lib/x86_64-linux-gnu/libstdc++.so.6
No symbol table info available.
#13 0x00007f9174d84641 in ?? () from /lib/x86_64-linux-gnu/libstdc++.so.6
No symbol table info available.
#14 0x00007f916c79486d in Siever::reserve(unsigned long) ()
   from /home/cryptothesis/summer/pro-pnj-bkz/kernel/libG6K.so
No symbol table info available.
#15 0x00007f916c7ecfc2 in Siever::set_params(SieverParams const&) ()
   from /home/cryptothesis/summer/pro-pnj-bkz/kernel/libG6K.so
No symbol table info available.
#16 0x00007f916d1f4c56 in __pyx_pf_3g6k_6siever_6Siever_6params_2__set__ (
    __pyx_v_self=0x7f914a6b5ae0, __pyx_v_self=0x7f914a6b5ae0, 
    __pyx_v_params=0x7f9148624a40) at g6k/siever.cpp:5920
        __pyx_frame = 0x0
        __pyx_t_4 = 0x0
        __pyx_v_k = <optimized out>
        __pyx_r = <optimized out>
        __Pyx_use_tracing = <optimized out>
        __pyx_t_1 = <optimized out>
        __pyx_t_5 = 0x0
        __pyx_lineno = 0
        __pyx_t_2 = 0x0
        __pyx_t_6 = 0x0
        __pyx_t_3 = <optimized out>
        __pyx_t_7 = 0x0
        __pyx_filename = 0x0
        __pyx_clineno = 0
        __pyx_v_k = <optimized out>
        __pyx_r = <optimized out>
        __pyx_frame_code = 0x0
        __pyx_frame = <optimized out>
        __Pyx_use_tracing = <optimized out>
        __pyx_t_1 = <optimized out>
        __pyx_t_2 = <optimized out>
        __pyx_t_3 = <optimized out>
        __pyx_t_4 = <optimized out>
        __pyx_t_5 = <optimized out>
        __pyx_t_6 = <optimized out>
        __pyx_t_7 = <optimized out>
        __pyx_lineno = <optimized out>
        __pyx_filename = <optimized out>
        __pyx_clineno = <optimized out>
        tstate = <optimized out>
        state = <optimized out>
        tstate = <optimized out>
        exc_type = <optimized out>
        tmp = <optimized out>
        __pyx_dict_version = 0
        __pyx_dict_cached_value = 0x0
        function = <optimized out>
        tmp = <optimized out>
        function = <optimized out>
        tmp = <optimized out>
        tstate = <optimized out>
        state = <optimized out>
        tstate = <optimized out>
#17 __pyx_pw_3g6k_6siever_6Siever_6params_3__set__ (
    __pyx_v_params=0x7f9148624a40, __pyx_v_self=0x7f914a6b5ae0)
    at g6k/siever.cpp:5772
        __pyx_lineno = 0
        __pyx_filename = 0x0
        __pyx_clineno = 0
        __pyx_r = <optimized out>
        __pyx_lineno = <optimized out>
        __pyx_filename = <optimized out>
        __pyx_clineno = <optimized out>
        __pyx_r = <optimized out>
#18 __pyx_setprop_3g6k_6siever_6Siever_params (o=0x7f914a6b5ae0, 
    v=0x7f9148624a40, x=<optimized out>) at g6k/siever.cpp:47437
No locals.
#19 0x000000000050279b in ?? ()
No symbol table info available.
#20 0x00000000005be4ae in _PyObject_GenericSetAttrWithDict ()
No symbol table info available.
#21 0x00007f916d28acbf in __Pyx_PyObject_SetAttrStr (value=0x7f9148624a40, 
    attr_name=<optimized out>, obj=<optimized out>)
    at g6k/siever_params.cpp:12510
        tp = 0x7f916d272600 <__pyx_type_3g6k_6siever_Siever>
        tp = <optimized out>
#22 __pyx_gb_3g6k_13siever_params_2generator (__pyx_generator=0x7f91485d67c0, 
    __pyx_tstate=<optimized out>, __pyx_sent_value=<optimized out>)
    at g6k/siever_params.cpp:2676
        __pyx_cur_scope = 0x7f914864b180
        __pyx_r = 0x0
        __pyx_frame_code = 0x7f916d420c90
        __pyx_frame = 0x0
        __Pyx_use_tracing = <optimized out>
        __pyx_t_1 = 0x0
        __pyx_t_2 = 0x0
        __pyx_t_3 = 0x0
        __pyx_lineno = 0
        __pyx_filename = 0x0
        __pyx_clineno = 0
        tstate = <optimized out>
        state = <optimized out>
        tstate = <optimized out>
        state = <optimized out>
        tstate = <optimized out>
        state = <optimized out>
        tstate = <optimized out>
        state = <optimized out>
#23 0x00007f9174bdb8ea in __Pyx_Coroutine_SendEx (self=0x7f91485d67c0, 
    value=0x90ca10 <_Py_NoneStruct>, closing=<optimized out>)
    at build/src/fpylll/util.cpp:12532
        __pyx_tstate = 0xd51490
        tstate = 0xd51490
        exc_state = 0x7f91485d67e0
        retval = <optimized out>
#24 0x00000000004f56f3 in ?? ()
No symbol table info available.
#25 0x00000000005c4ef0 in ?? ()
No symbol table info available.
#26 0x000000000056b4ed in _PyEval_EvalFrameDefault ()
No symbol table info available.
#27 0x00000000005f6ce6 in _PyFunction_Vectorcall ()
No symbol table info available.
#28 0x000000000050b17c in ?? ()
No symbol table info available.
#29 0x000000000056cfa8 in _PyEval_EvalFrameDefault ()
No symbol table info available.
#30 0x00000000005697da in _PyEval_EvalCodeWithName ()
No symbol table info available.
#31 0x00000000005f6ec3 in _PyFunction_Vectorcall ()
No symbol table info available.
#32 0x00000000005f60b2 in PyObject_Call ()
No symbol table info available.
#33 0x000000000056ccfc in _PyEval_EvalFrameDefault ()
No symbol table info available.
#34 0x00000000005697da in _PyEval_EvalCodeWithName ()
No symbol table info available.
#35 0x00000000005f6ec3 in _PyFunction_Vectorcall ()
No symbol table info available.
#36 0x000000000056b4ed in _PyEval_EvalFrameDefault ()
No symbol table info available.
#37 0x00000000005697da in _PyEval_EvalCodeWithName ()
No symbol table info available.
#38 0x00000000005f6ec3 in _PyFunction_Vectorcall ()
No symbol table info available.
#39 0x000000000056c6d0 in _PyEval_EvalFrameDefault ()
No symbol table info available.
#40 0x00000000005f6ce6 in _PyFunction_Vectorcall ()
No symbol table info available.
#41 0x000000000056b4ed in _PyEval_EvalFrameDefault ()
No symbol table info available.
#42 0x00000000005697da in _PyEval_EvalCodeWithName ()
No symbol table info available.
#43 0x000000000068e547 in PyEval_EvalCode ()
No symbol table info available.
#44 0x000000000067dbf1 in ?? ()
No symbol table info available.
#45 0x000000000067dc6f in ?? ()
No symbol table info available.
#46 0x000000000067dd11 in ?? ()
No symbol table info available.
#47 0x000000000067fe37 in PyRun_SimpleFileExFlags ()
No symbol table info available.
#48 0x00000000006b7c82 in Py_RunMain ()
No symbol table info available.
#49 0x00000000006b800d in Py_BytesMain ()
No symbol table info available.
#50 0x00007f91774ba083 in __libc_start_main (main=0x4ef140 <main>, argc=19, 
    argv=0x7ffdf3da0408, init=<optimized out>, fini=<optimized out>, 
    rtld_fini=<optimized out>, stack_end=0x7ffdf3da03f8)
    at ../csu/libc-start.c:308
        self = <optimized out>
        result = <optimized out>
        unwind_buf = {cancel_jmp_buf = {{jmp_buf = {7045152, 
                -22372833599189547, 6273072, 140728694604800, 0, 0, 
                21220242746478037, 41212519764561365}, mask_was_saved = 0}}, 
          priv = {pad = {0x0, 0x0, 0x13, 0x7ffdf3da0408}, data = {prev = 0x0, 
              cleanup = 0x0, canceltype = 19}}}
        not_first_call = <optimized out>
#51 0x00000000005fb85e in _start ()
No symbol table info available.
>>>>>>>>>>>>>>>>>>>>>>>>>>>>>>>>>>>>>>>>>>>>>>>>>>>>>>>>>>>>>>>>>>>


Cython backtrace
----------------
#0  0x00007f9177578c20 in __GI___wait4 () at /build/glibc-SzIz7B/glibc-2.31/posix/../sysdeps/unix/sysv/linux/wait4.c:27
#1  0x00007f9177578bf0 in __GI___waitpid () at /build/glibc-SzIz7B/glibc-2.31/posix/waitpid.c:38
#2  0x00007f91767e2380 in print_enhanced_backtrace () at /project/build/src/cysignals/implementation.c:586
#3  0x00007f91767e3a00 in sigdie () at /project/build/src/cysignals/implementation.c:612
#4  0x00007f91767e5abc in sigdie_for_sig () at /project/build/src/cysignals/implementation.c:175
#5  0x00007f91767e5aa0 in cysigs_signal_handler () at /project/build/src/cysignals/implementation.c:278
#6  0x00007f91776cd3e0 in __restore_rt ()
#7  0x00007f91774d8f40 in __GI_raise () at /build/glibc-SzIz7B/glibc-2.31/signal/../sysdeps/unix/sysv/linux/raise.c:50
#8  0x00007f91774b872e in __GI_abort () at /build/glibc-SzIz7B/glibc-2.31/stdlib/abort.c:79
#9  0x0000000000000000 in ?? ()
#10 0x0000000000000000 in ?? ()
#11 0x0000000000000000 in std::terminate() ()
#12 0x00007f9174d908a0 in __cxa_throw ()
#13 0x0000000000000000 in ?? ()
#14 0x0000000000000000 in Siever::reserve(unsigned long) ()
#15 0x0000000000000000 in Siever::set_params(SieverParams const&) ()
#16 0x00007f916d1f4950 in __pyx_pf_3g6k_6siever_6Siever_6params_2__set__ () at /home/cryptothesis/summer/pro-pnj-bkz/g6k/siever.cpp:5920
  5915     *         self._core.set_params(self._params._core)             # <<<<<<<<<<<<<<
  5916     *         self._params.set_read_only()
  5917     *
  5918     */
  5919      __Pyx_TraceLine(139,0,__PYX_ERR(0, 139, __pyx_L1_error))
> 5920      (void)(__pyx_v_self->_core->set_params(__pyx_v_self->_params->_core));
  5921    
  5922      /* "g6k/siever.pyx":140
  5923     *         self._params = params
  5924     *         self._core.set_params(self._params._core)
#17 0x00007f916d1f4930 in __pyx_pw_3g6k_6siever_6Siever_6params_3__set__ () at /home/cryptothesis/summer/pro-pnj-bkz/g6k/siever.cpp:5772
  5767      int __pyx_clineno = 0;
  5768      int __pyx_r;
  5769      __Pyx_RefNannyDeclarations
  5770      __Pyx_RefNannySetupContext("__set__ (wrapper)", 0);
  5771      if (unlikely(!__Pyx_ArgTypeTest(((PyObject *)__pyx_v_params), __pyx_ptype_3g6k_13siever_params_SieverParams, 1, "params", 0))) __PYX_ERR(0, 135, __pyx_L1_error)
> 5772      __pyx_r = __pyx_pf_3g6k_6siever_6Siever_6params_2__set__(((struct __pyx_obj_3g6k_6siever_Siever *)__pyx_v_self), ((struct __pyx_obj_3g6k_13siever_params_SieverParams *)__pyx_v_params));
  5773    
  5774      /* function exit code */
  5775      goto __pyx_L0;
  5776      __pyx_L1_error:;
#18 0x00007f916d1f4900 in __pyx_setprop_3g6k_6siever_6Siever_params () at /home/cryptothesis/summer/pro-pnj-bkz/g6k/siever.cpp:47437
  47432      return __pyx_pw_3g6k_6siever_6Siever_6params_1__get__(o);
  47433    }
  47434    
  47435    static int __pyx_setprop_3g6k_6siever_6Siever_params(PyObject *o, PyObject *v, CYTHON_UNUSED void *x) {
  47436      if (v) {
> 47437        return __pyx_pw_3g6k_6siever_6Siever_6params_3__set__(o, v);
  47438      }
  47439      else {
  47440        PyErr_SetString(PyExc_NotImplementedError, "__del__");
  47441        return -1;
#19 0x0000000000000000 in ?? ()
#20 0x00000000005bde20 in _PyObject_GenericSetAttrWithDict ()
#21 0x00007f916d28ac9d in __Pyx_PyObject_SetAttrStr () at /home/cryptothesis/summer/pro-pnj-bkz/g6k/siever_params.cpp:12510
  12505    /* PyObjectSetAttrStr */
  12506    #if CYTHON_USE_TYPE_SLOTS
  12507    static CYTHON_INLINE int __Pyx_PyObject_SetAttrStr(PyObject* obj, PyObject* attr_name, PyObject* value) {
  12508        PyTypeObject* tp = Py_TYPE(obj);
  12509        if (likely(tp->tp_setattro))
> 12510            return tp->tp_setattro(obj, attr_name, value);
  12511    #if PY_MAJOR_VERSION < 3
  12512        if (likely(tp->tp_setattr))
  12513            return tp->tp_setattr(obj, PyString_AS_STRING(attr_name), value);
  12514    #endif
#22 0x00007f916d28aa30 in __pyx_gb_3g6k_13siever_params_2generator () at /home/cryptothesis/summer/pro-pnj-bkz/g6k/siever_params.cpp:2676
  2671     *     self.params = new_params             # <<<<<<<<<<<<<<
  2672     *     yield
  2673     *     self.params = old_params
  2674     */
  2675      __Pyx_TraceLine(30,0,__PYX_ERR(0, 30, __pyx_L1_error))
> 2676      if (__Pyx_PyObject_SetAttrStr(__pyx_cur_scope->__pyx_v_self, __pyx_n_s_params, __pyx_cur_scope->__pyx_v_new_params) < 0) __PYX_ERR(0, 30, __pyx_L1_error)
  2677    
  2678      /* "g6k/siever_params.pyx":31
  2679     *     new_params = self.params.new(**kwds)
  2680     *     self.params = new_params
#23 0x00007f9174bdb870 in __Pyx_Coroutine_SendEx () at /home/cryptothesis/summer/pro-pnj-bkz/g6k-fpylll/build/src/fpylll/util.cpp:12532
  12527            __Pyx_Coroutine_ExceptionClear(exc_state);
  12528            __Pyx_ExceptionSave(&exc_state->exc_type, &exc_state->exc_value, &exc_state->exc_traceback);
  12529        }
  12530    #endif
  12531        self->is_running = 1;
> 12532        retval = self->body((PyObject *) self, tstate, value);
  12533        self->is_running = 0;
  12534    #if CYTHON_USE_EXC_INFO_STACK
  12535        exc_state = &self->gi_exc_state;
  12536        tstate->exc_info = exc_state->previous_item;
#24 0x0000000000000000 in ?? ()
#25 0x0000000000000000 in ?? ()
#26 0x000000000056adc0 in _PyEval_EvalFrameDefault ()
#27 0x00000000005f6b30 in _PyFunction_Vectorcall ()
#28 0x0000000000000000 in ?? ()
#29 0x000000000056adc0 in _PyEval_EvalFrameDefault ()
#30 0x0000000000569570 in _PyEval_EvalCodeWithName ()
#31 0x00000000005f6b30 in _PyFunction_Vectorcall ()
#32 0x00000000005f6050 in PyObject_Call ()
#33 0x000000000056adc0 in _PyEval_EvalFrameDefault ()
#34 0x0000000000569570 in _PyEval_EvalCodeWithName ()
#35 0x00000000005f6b30 in _PyFunction_Vectorcall ()
#36 0x000000000056adc0 in _PyEval_EvalFrameDefault ()
#37 0x0000000000569570 in _PyEval_EvalCodeWithName ()
#38 0x00000000005f6b30 in _PyFunction_Vectorcall ()
#39 0x000000000056adc0 in _PyEval_EvalFrameDefault ()
#40 0x00000000005f6b30 in _PyFunction_Vectorcall ()
#41 0x000000000056adc0 in _PyEval_EvalFrameDefault ()
#42 0x0000000000569570 in _PyEval_EvalCodeWithName ()
#43 0x000000000068e520 in PyEval_EvalCode ()
#44 0x0000000000000000 in ?? ()
#45 0x0000000000000000 in ?? ()
#46 0x0000000000000000 in ?? ()
#47 0x000000000067fca0 in PyRun_SimpleFileExFlags ()
#48 0x00000000006b7a70 in Py_RunMain ()
#49 0x00000000006b7fe0 in Py_BytesMain ()
#50 0x00007f91774b9f90 in __libc_start_main () at /build/glibc-SzIz7B/glibc-2.31/csu/../csu/libc-start.c:308
#51 0x00000000005fb830 in _start ()

[Inferior 1 (process 664757) detached]
warning: Loadable section ".note.gnu.property" outside of ELF segments
27	../sysdeps/unix/sysv/linux/wait4.c: No such file or directory.
