GNU gdb (Ubuntu 9.2-0ubuntu1~20.04.1) 9.2
Copyright (C) 2020 Free Software Foundation, Inc.
License GPLv3+: GNU GPL version 3 or later <http://gnu.org/licenses/gpl.html>
This is free software: you are free to change and redistribute it.
There is NO WARRANTY, to the extent permitted by law.
Type "show copying" and "show warranty" for details.
This GDB was configured as "x86_64-linux-gnu".
Type "show configuration" for configuration details.
For bug reporting instructions, please see:
<http://www.gnu.org/software/gdb/bugs/>.
Find the GDB manual and other documentation resources online at:
    <http://www.gnu.org/software/gdb/documentation/>.

For help, type "help".
Type "apropos word" to search for commands related to "word".
[New LWP 664965]
[New LWP 664966]
[New LWP 664967]
[New LWP 664968]
[New LWP 664969]
[New LWP 664970]
[New LWP 664971]
[New LWP 664972]
[New LWP 664973]
[New LWP 664974]
[New LWP 664975]
[New LWP 664976]
[New LWP 664977]
[New LWP 664978]
[New LWP 664979]
[New LWP 664980]
[New LWP 664981]
[New LWP 664982]
[New LWP 664983]
[New LWP 664984]
[New LWP 664985]
[New LWP 664986]
[New LWP 664987]
[New LWP 664988]
[New LWP 664989]
[New LWP 664990]
[New LWP 664991]
[New LWP 664992]
[New LWP 664993]
[New LWP 664995]
[New LWP 664996]
[New LWP 664999]
[New LWP 665000]
[New LWP 665001]
[New LWP 665002]
[New LWP 665003]
[Thread debugging using libthread_db enabled]
Using host libthread_db library "/lib/x86_64-linux-gnu/libthread_db.so.1".
0x00007fc100017c7f in __GI___wait4 (pid=665006, stat_loc=stat_loc@entry=0x0, 
    options=options@entry=0, usage=usage@entry=0x0)
    at ../sysdeps/unix/sysv/linux/wait4.c:27

Stack backtrace
---------------
    stat_loc=stat_loc@entry=0x0, options=options@entry=0, 
    usage=usage@entry=0x0) at ../sysdeps/unix/sysv/linux/wait4.c:27
        resultvar = 18446744073709551104
        sc_cancel_oldtype = 0
        sc_ret = <optimized out>
#1  0x00007fc100017bfb in __GI___waitpid (pid=<optimized out>, 
    stat_loc=stat_loc@entry=0x0, options=options@entry=0) at waitpid.c:38
No locals.
#2  0x00007fc0ff2813e3 in print_enhanced_backtrace ()
    at build/src/cysignals/implementation.c:586
        parent_pid = 664950
        pid = <optimized out>
#3  0x00007fc0ff282a76 in sigdie (sig=sig@entry=6, 
    s=s@entry=0x7fc0ff28aac8 "Unhandled SIGABRT: An abort() occurred.")
    at build/src/cysignals/implementation.c:612
No locals.
#4  0x00007fc0ff284ccf in sigdie_for_sig (inside=0, sig=6)
    at build/src/cysignals/implementation.c:175
No locals.
#5  cysigs_signal_handler (sig=6) at build/src/cysignals/implementation.c:278
        inside = <optimized out>
#6  <signal handler called>
No locals.
#7  __GI_raise (sig=sig@entry=6) at ../sysdeps/unix/sysv/linux/raise.c:50
        set = {__val = {0, 51539607553, 140735756715184, 3, 4294967296, 0, 
            7233170478761014387, 109330211561823, 140735756721768, 
            140735756721776, 140735756721784, 140735756721792, 
            140735756721800, 0, 140735756721816, 0}}
        pid = <optimized out>
        tid = <optimized out>
        ret = <optimized out>
#8  0x00007fc0fff57859 in __GI_abort () at abort.c:79
        save_stage = 1
        act = {__sigaction_handler = {
            sa_handler = 0x7fc1001225c0 <_IO_2_1_stderr_>, 
            sa_sigaction = 0x7fc1001225c0 <_IO_2_1_stderr_>}, sa_mask = {
            __val = {140466906604992, 1, 3, 0, 140466905176401, 14, 9689952, 
              140466865131136, 140459993204992, 140466863659904, 1781810710, 
              95681264, 140466906840252, 140735756716592, 140466906865132, 
              140466864648610}}, sa_flags = -41752588, 
          sa_restorer = 0x93db60 <stderr>}
        sigs = {__val = {32, 0 <repeats 15 times>}}
#9  0x00007fc0fd823a31 in ?? () from /lib/x86_64-linux-gnu/libstdc++.so.6
No symbol table info available.
#10 0x00007fc0fd82f5dc in ?? () from /lib/x86_64-linux-gnu/libstdc++.so.6
No symbol table info available.
#11 0x00007fc0fd82f647 in std::terminate() ()
   from /lib/x86_64-linux-gnu/libstdc++.so.6
No symbol table info available.
#12 0x00007fc0fd82f8e9 in __cxa_throw ()
   from /lib/x86_64-linux-gnu/libstdc++.so.6
No symbol table info available.
#13 0x00007fc0fd823641 in ?? () from /lib/x86_64-linux-gnu/libstdc++.so.6
No symbol table info available.
#14 0x00007fc0f522e86d in Siever::reserve(unsigned long) ()
   from /home/cryptothesis/summer/pro-pnj-bkz/kernel/libG6K.so
No symbol table info available.
#15 0x00007fc0f5286fc2 in Siever::set_params(SieverParams const&) ()
   from /home/cryptothesis/summer/pro-pnj-bkz/kernel/libG6K.so
No symbol table info available.
#16 0x00007fc0f5c8ec56 in __pyx_pf_3g6k_6siever_6Siever_6params_2__set__ (
    __pyx_v_self=0x7fc0d313bae0, __pyx_v_self=0x7fc0d313bae0, 
    __pyx_v_params=0x7fc0d10c9a40) at g6k/siever.cpp:5920
        __pyx_frame = 0x0
        __pyx_t_4 = 0x0
        __pyx_v_k = <optimized out>
        __pyx_r = <optimized out>
        __Pyx_use_tracing = <optimized out>
        __pyx_t_1 = <optimized out>
        __pyx_t_5 = 0x0
        __pyx_lineno = 0
        __pyx_t_2 = 0x0
        __pyx_t_6 = 0x0
        __pyx_t_3 = <optimized out>
        __pyx_t_7 = 0x0
        __pyx_filename = 0x0
        __pyx_clineno = 0
        __pyx_v_k = <optimized out>
        __pyx_r = <optimized out>
        __pyx_frame_code = 0x0
        __pyx_frame = <optimized out>
        __Pyx_use_tracing = <optimized out>
        __pyx_t_1 = <optimized out>
        __pyx_t_2 = <optimized out>
        __pyx_t_3 = <optimized out>
        __pyx_t_4 = <optimized out>
        __pyx_t_5 = <optimized out>
        __pyx_t_6 = <optimized out>
        __pyx_t_7 = <optimized out>
        __pyx_lineno = <optimized out>
        __pyx_filename = <optimized out>
        __pyx_clineno = <optimized out>
        tstate = <optimized out>
        state = <optimized out>
        tstate = <optimized out>
        exc_type = <optimized out>
        tmp = <optimized out>
        __pyx_dict_version = 0
        __pyx_dict_cached_value = 0x0
        function = <optimized out>
        tmp = <optimized out>
        function = <optimized out>
        tmp = <optimized out>
        tstate = <optimized out>
        state = <optimized out>
        tstate = <optimized out>
#17 __pyx_pw_3g6k_6siever_6Siever_6params_3__set__ (
    __pyx_v_params=0x7fc0d10c9a40, __pyx_v_self=0x7fc0d313bae0)
    at g6k/siever.cpp:5772
        __pyx_lineno = 0
        __pyx_filename = 0x0
        __pyx_clineno = 0
        __pyx_r = <optimized out>
        __pyx_lineno = <optimized out>
        __pyx_filename = <optimized out>
        __pyx_clineno = <optimized out>
        __pyx_r = <optimized out>
#18 __pyx_setprop_3g6k_6siever_6Siever_params (o=0x7fc0d313bae0, 
    v=0x7fc0d10c9a40, x=<optimized out>) at g6k/siever.cpp:47437
No locals.
#19 0x000000000050279b in ?? ()
No symbol table info available.
#20 0x00000000005be4ae in _PyObject_GenericSetAttrWithDict ()
No symbol table info available.
#21 0x00007fc0f5d24cbf in __Pyx_PyObject_SetAttrStr (value=0x7fc0d10c9a40, 
    attr_name=<optimized out>, obj=<optimized out>)
    at g6k/siever_params.cpp:12510
        tp = 0x7fc0f5d0c600 <__pyx_type_3g6k_6siever_Siever>
        tp = <optimized out>
#22 __pyx_gb_3g6k_13siever_params_2generator (__pyx_generator=0x7fc0d107b7c0, 
    __pyx_tstate=<optimized out>, __pyx_sent_value=<optimized out>)
    at g6k/siever_params.cpp:2676
        __pyx_cur_scope = 0x7fc0d10eff80
        __pyx_r = 0x0
        __pyx_frame_code = 0x7fc0f5ebac90
        __pyx_frame = 0x0
        __Pyx_use_tracing = <optimized out>
        __pyx_t_1 = 0x0
        __pyx_t_2 = 0x0
        __pyx_t_3 = 0x0
        __pyx_lineno = 0
        __pyx_filename = 0x0
        __pyx_clineno = 0
        tstate = <optimized out>
        state = <optimized out>
        tstate = <optimized out>
        state = <optimized out>
        tstate = <optimized out>
        state = <optimized out>
        tstate = <optimized out>
        state = <optimized out>
#23 0x00007fc0fd67a8ea in __Pyx_Coroutine_SendEx (self=0x7fc0d107b7c0, 
    value=0x90ca10 <_Py_NoneStruct>, closing=<optimized out>)
    at build/src/fpylll/util.cpp:12532
        __pyx_tstate = 0xcb3490
        tstate = 0xcb3490
        exc_state = 0x7fc0d107b7e0
        retval = <optimized out>
#24 0x00000000004f56f3 in ?? ()
No symbol table info available.
#25 0x00000000005c4ef0 in ?? ()
No symbol table info available.
#26 0x000000000056b4ed in _PyEval_EvalFrameDefault ()
No symbol table info available.
#27 0x00000000005f6ce6 in _PyFunction_Vectorcall ()
No symbol table info available.
#28 0x000000000050b17c in ?? ()
No symbol table info available.
#29 0x000000000056cfa8 in _PyEval_EvalFrameDefault ()
No symbol table info available.
#30 0x00000000005697da in _PyEval_EvalCodeWithName ()
No symbol table info available.
#31 0x00000000005f6ec3 in _PyFunction_Vectorcall ()
No symbol table info available.
#32 0x00000000005f60b2 in PyObject_Call ()
No symbol table info available.
#33 0x000000000056ccfc in _PyEval_EvalFrameDefault ()
No symbol table info available.
#34 0x00000000005697da in _PyEval_EvalCodeWithName ()
No symbol table info available.
#35 0x00000000005f6ec3 in _PyFunction_Vectorcall ()
No symbol table info available.
#36 0x000000000056b4ed in _PyEval_EvalFrameDefault ()
No symbol table info available.
#37 0x00000000005697da in _PyEval_EvalCodeWithName ()
No symbol table info available.
#38 0x00000000005f6ec3 in _PyFunction_Vectorcall ()
No symbol table info available.
#39 0x000000000056c6d0 in _PyEval_EvalFrameDefault ()
No symbol table info available.
#40 0x00000000005f6ce6 in _PyFunction_Vectorcall ()
No symbol table info available.
#41 0x000000000056b4ed in _PyEval_EvalFrameDefault ()
No symbol table info available.
#42 0x00000000005697da in _PyEval_EvalCodeWithName ()
No symbol table info available.
#43 0x000000000068e547 in PyEval_EvalCode ()
No symbol table info available.
#44 0x000000000067dbf1 in ?? ()
No symbol table info available.
#45 0x000000000067dc6f in ?? ()
No symbol table info available.
#46 0x000000000067dd11 in ?? ()
No symbol table info available.
#47 0x000000000067fe37 in PyRun_SimpleFileExFlags ()
No symbol table info available.
#48 0x00000000006b7c82 in Py_RunMain ()
No symbol table info available.
#49 0x00000000006b800d in Py_BytesMain ()
No symbol table info available.
#50 0x00007fc0fff59083 in __libc_start_main (main=0x4ef140 <main>, argc=19, 
    argv=0x7fff98c95ea8, init=<optimized out>, fini=<optimized out>, 
    rtld_fini=<optimized out>, stack_end=0x7fff98c95e98)
    at ../csu/libc-start.c:308
        self = <optimized out>
        result = <optimized out>
        unwind_buf = {cancel_jmp_buf = {{jmp_buf = {7045152, 
                6009904562511721186, 6273072, 140735756721824, 0, 0, 
                -6009972574333521182, -5987949461489536286}, 
              mask_was_saved = 0}}, priv = {pad = {0x0, 0x0, 0x13, 
              0x7fff98c95ea8}, data = {prev = 0x0, cleanup = 0x0, 
              canceltype = 19}}}
        not_first_call = <optimized out>
#51 0x00000000005fb85e in _start ()
No symbol table info available.
>>>>>>>>>>>>>>>>>>>>>>>>>>>>>>>>>>>>>>>>>>>>>>>>>>>>>>>>>>>>>>>>>>>


Cython backtrace
----------------
#0  0x00007fc100017c20 in __GI___wait4 () at /build/glibc-SzIz7B/glibc-2.31/posix/../sysdeps/unix/sysv/linux/wait4.c:27
#1  0x00007fc100017bf0 in __GI___waitpid () at /build/glibc-SzIz7B/glibc-2.31/posix/waitpid.c:38
#2  0x00007fc0ff281380 in print_enhanced_backtrace () at /project/build/src/cysignals/implementation.c:586
#3  0x00007fc0ff282a00 in sigdie () at /project/build/src/cysignals/implementation.c:612
#4  0x00007fc0ff284abc in sigdie_for_sig () at /project/build/src/cysignals/implementation.c:175
#5  0x00007fc0ff284aa0 in cysigs_signal_handler () at /project/build/src/cysignals/implementation.c:278
#6  0x00007fc1001663e0 in __restore_rt ()
#7  0x00007fc0fff77f40 in __GI_raise () at /build/glibc-SzIz7B/glibc-2.31/signal/../sysdeps/unix/sysv/linux/raise.c:50
#8  0x00007fc0fff5772e in __GI_abort () at /build/glibc-SzIz7B/glibc-2.31/stdlib/abort.c:79
#9  0x0000000000000000 in ?? ()
#10 0x0000000000000000 in ?? ()
#11 0x0000000000000000 in std::terminate() ()
#12 0x00007fc0fd82f8a0 in __cxa_throw ()
#13 0x0000000000000000 in ?? ()
#14 0x0000000000000000 in Siever::reserve(unsigned long) ()
#15 0x0000000000000000 in Siever::set_params(SieverParams const&) ()
#16 0x00007fc0f5c8e950 in __pyx_pf_3g6k_6siever_6Siever_6params_2__set__ () at /home/cryptothesis/summer/pro-pnj-bkz/g6k/siever.cpp:5920
  5915     *         self._core.set_params(self._params._core)             # <<<<<<<<<<<<<<
  5916     *         self._params.set_read_only()
  5917     *
  5918     */
  5919      __Pyx_TraceLine(139,0,__PYX_ERR(0, 139, __pyx_L1_error))
> 5920      (void)(__pyx_v_self->_core->set_params(__pyx_v_self->_params->_core));
  5921    
  5922      /* "g6k/siever.pyx":140
  5923     *         self._params = params
  5924     *         self._core.set_params(self._params._core)
#17 0x00007fc0f5c8e930 in __pyx_pw_3g6k_6siever_6Siever_6params_3__set__ () at /home/cryptothesis/summer/pro-pnj-bkz/g6k/siever.cpp:5772
  5767      int __pyx_clineno = 0;
  5768      int __pyx_r;
  5769      __Pyx_RefNannyDeclarations
  5770      __Pyx_RefNannySetupContext("__set__ (wrapper)", 0);
  5771      if (unlikely(!__Pyx_ArgTypeTest(((PyObject *)__pyx_v_params), __pyx_ptype_3g6k_13siever_params_SieverParams, 1, "params", 0))) __PYX_ERR(0, 135, __pyx_L1_error)
> 5772      __pyx_r = __pyx_pf_3g6k_6siever_6Siever_6params_2__set__(((struct __pyx_obj_3g6k_6siever_Siever *)__pyx_v_self), ((struct __pyx_obj_3g6k_13siever_params_SieverParams *)__pyx_v_params));
  5773    
  5774      /* function exit code */
  5775      goto __pyx_L0;
  5776      __pyx_L1_error:;
#18 0x00007fc0f5c8e900 in __pyx_setprop_3g6k_6siever_6Siever_params () at /home/cryptothesis/summer/pro-pnj-bkz/g6k/siever.cpp:47437
  47432      return __pyx_pw_3g6k_6siever_6Siever_6params_1__get__(o);
  47433    }
  47434    
  47435    static int __pyx_setprop_3g6k_6siever_6Siever_params(PyObject *o, PyObject *v, CYTHON_UNUSED void *x) {
  47436      if (v) {
> 47437        return __pyx_pw_3g6k_6siever_6Siever_6params_3__set__(o, v);
  47438      }
  47439      else {
  47440        PyErr_SetString(PyExc_NotImplementedError, "__del__");
  47441        return -1;
#19 0x0000000000000000 in ?? ()
#20 0x00000000005bde20 in _PyObject_GenericSetAttrWithDict ()
#21 0x00007fc0f5d24c9d in __Pyx_PyObject_SetAttrStr () at /home/cryptothesis/summer/pro-pnj-bkz/g6k/siever_params.cpp:12510
  12505    /* PyObjectSetAttrStr */
  12506    #if CYTHON_USE_TYPE_SLOTS
  12507    static CYTHON_INLINE int __Pyx_PyObject_SetAttrStr(PyObject* obj, PyObject* attr_name, PyObject* value) {
  12508        PyTypeObject* tp = Py_TYPE(obj);
  12509        if (likely(tp->tp_setattro))
> 12510            return tp->tp_setattro(obj, attr_name, value);
  12511    #if PY_MAJOR_VERSION < 3
  12512        if (likely(tp->tp_setattr))
  12513            return tp->tp_setattr(obj, PyString_AS_STRING(attr_name), value);
  12514    #endif
#22 0x00007fc0f5d24a30 in __pyx_gb_3g6k_13siever_params_2generator () at /home/cryptothesis/summer/pro-pnj-bkz/g6k/siever_params.cpp:2676
  2671     *     self.params = new_params             # <<<<<<<<<<<<<<
  2672     *     yield
  2673     *     self.params = old_params
  2674     */
  2675      __Pyx_TraceLine(30,0,__PYX_ERR(0, 30, __pyx_L1_error))
> 2676      if (__Pyx_PyObject_SetAttrStr(__pyx_cur_scope->__pyx_v_self, __pyx_n_s_params, __pyx_cur_scope->__pyx_v_new_params) < 0) __PYX_ERR(0, 30, __pyx_L1_error)
  2677    
  2678      /* "g6k/siever_params.pyx":31
  2679     *     new_params = self.params.new(**kwds)
  2680     *     self.params = new_params
#23 0x00007fc0fd67a870 in __Pyx_Coroutine_SendEx () at /home/cryptothesis/summer/pro-pnj-bkz/g6k-fpylll/build/src/fpylll/util.cpp:12532
  12527            __Pyx_Coroutine_ExceptionClear(exc_state);
  12528            __Pyx_ExceptionSave(&exc_state->exc_type, &exc_state->exc_value, &exc_state->exc_traceback);
  12529        }
  12530    #endif
  12531        self->is_running = 1;
> 12532        retval = self->body((PyObject *) self, tstate, value);
  12533        self->is_running = 0;
  12534    #if CYTHON_USE_EXC_INFO_STACK
  12535        exc_state = &self->gi_exc_state;
  12536        tstate->exc_info = exc_state->previous_item;
#24 0x0000000000000000 in ?? ()
#25 0x0000000000000000 in ?? ()
#26 0x000000000056adc0 in _PyEval_EvalFrameDefault ()
#27 0x00000000005f6b30 in _PyFunction_Vectorcall ()
#28 0x0000000000000000 in ?? ()
#29 0x000000000056adc0 in _PyEval_EvalFrameDefault ()
#30 0x0000000000569570 in _PyEval_EvalCodeWithName ()
#31 0x00000000005f6b30 in _PyFunction_Vectorcall ()
#32 0x00000000005f6050 in PyObject_Call ()
#33 0x000000000056adc0 in _PyEval_EvalFrameDefault ()
#34 0x0000000000569570 in _PyEval_EvalCodeWithName ()
#35 0x00000000005f6b30 in _PyFunction_Vectorcall ()
#36 0x000000000056adc0 in _PyEval_EvalFrameDefault ()
#37 0x0000000000569570 in _PyEval_EvalCodeWithName ()
#38 0x00000000005f6b30 in _PyFunction_Vectorcall ()
#39 0x000000000056adc0 in _PyEval_EvalFrameDefault ()
#40 0x00000000005f6b30 in _PyFunction_Vectorcall ()
#41 0x000000000056adc0 in _PyEval_EvalFrameDefault ()
#42 0x0000000000569570 in _PyEval_EvalCodeWithName ()
#43 0x000000000068e520 in PyEval_EvalCode ()
#44 0x0000000000000000 in ?? ()
#45 0x0000000000000000 in ?? ()
#46 0x0000000000000000 in ?? ()
#47 0x000000000067fca0 in PyRun_SimpleFileExFlags ()
#48 0x00000000006b7a70 in Py_RunMain ()
#49 0x00000000006b7fe0 in Py_BytesMain ()
#50 0x00007fc0fff58f90 in __libc_start_main () at /build/glibc-SzIz7B/glibc-2.31/csu/../csu/libc-start.c:308
#51 0x00000000005fb830 in _start ()

[Inferior 1 (process 664950) detached]
warning: Loadable section ".note.gnu.property" outside of ELF segments
27	../sysdeps/unix/sysv/linux/wait4.c: No such file or directory.
