New Strategy:
n = 60, alpha = 0.015, q = 3607, jump = 1, goal_margin = 1.50, MAX_TIME = inf h
[16.38126336180708, 16.38126336180708, 16.38126336180708, 16.38126336180708, 16.38126336180708, 16.38126336180708, 16.38126336180708, 16.38126336180708, 16.38126336180708, 16.38126336180708, 16.38126336180708, 16.38126336180708, 16.38126336180708, 16.38126336180708, 16.38126336180708, 16.38126336180708, 16.38126336180708, 16.38126336180708, 16.38126336180708, 16.38126336180708, 16.38126336180708, 16.38126336180708, 16.38126336180708, 16.38126336180708, 16.38126336180708, 16.38126336180708, 16.38126336180708, 16.38126336180708, 16.38126336180708, 16.38126336180708, 16.38126336180708, 16.38126336180708, 16.38126336180708, 16.38126336180708, 16.38126336180708, 16.38126336180708, 16.38126336180708, 16.38126336180708, 16.38126336180708, 16.38126336180708, 16.38126336180708, 16.38126336180708, 16.38126336180708, 16.38126336180708, 16.38126336180708, 16.38126336180708, 16.38126336180708, 16.38126336180708, 16.38126336180708, 16.38126336180708, 16.38126336180708, 16.38126336180708, 16.38126336180708, 16.38126336180708, 16.38126336180708, 16.38126336180708, 16.38126336180708, 16.38126336180708, 16.38126336180708, 16.38126336180708, 16.38126336180708, 16.38126336180708, 16.38126336180708, 16.38126336180708, 16.38126336180708, 16.38126336180708, 16.38126336180708, 16.38126336180708, 16.38126336180708, 16.38126336180708, 16.38126336180708, 16.38126336180708, 16.38126336180708, 16.38126336180708, 16.38126336180708, 16.38126336180708, 16.38126336180708, 16.38126336180708, 16.38126336180708, 16.38126336180708, 16.38126336180708, 16.38126336180708, 16.38126336180708, 16.38126336180708, 16.38126336180708, 16.38126336180708, 16.38126336180708, 16.38126336180708, 16.38126336180708, 16.38126336180708, 16.38126336180708, 16.38126336180708, 16.38126336180708, 16.38126336180708, 16.38126336180708, 16.368493136753706, 16.224052894412225, 16.176793868884687, 16.17548501367093, 15.985871152599087, 15.926113172097025, 15.803997253646893, 15.873927490866143, 15.815899549119594, 15.589450277506872, 15.929057872290704, 15.665180442787797, 15.58884676107821, 15.411410349056025, 15.222472322920913, 15.11856001879263, 14.96631802253404, 14.964082668364801, 14.861073771197042, 14.770026507213924, 14.632197121428408, 14.57441485480711, 14.553498418090133, 14.538202096945268, 14.51763352723686, 14.35198297315869, 14.160193145522207, 14.039502440516161, 13.92762673270109, 13.906839765196668, 13.645621712947898, 13.544844560997438, 13.449922193860923, 13.405158994342353, 13.515783605831857, 13.55451712140968, 13.410358296572031, 13.38142351063375, 13.240322411494304, 12.973297959605263, 12.915946635606565, 12.939817661152084, 12.874459973315279, 12.703496358674839, 12.556718700540197, 12.552621500518743, 12.537226766035861, 12.31143039233398, 12.125432584256796, 12.124029167955193, 12.076550111506437, 11.85848706066613, 11.954376730003242, 11.950572531607847, 11.873729506239195, 11.75729589028805, 11.494228680627296, 11.490590728813956, 11.453771297166265, 11.265009386951883, 11.168187033501146, 11.228587117647681, 11.12081044208878, 11.067890771370108, 10.820330178064175, 10.715341909848876, 10.526049326602665, 10.666987951038783, 10.41509488436613, 10.28783406661293, 10.17186619892239, 10.11878414291398, 10.018183562670457, 9.796746420073518, 9.683281709607236, 9.53639942295211, 9.508094499412737, 9.57393768319508, 9.404183759931591, 9.244669843774924, 9.242638873298473, 9.219357477512103, 9.029242372548518, 9.100688534709212, 9.069315258995303, 8.886252606199783, 8.711689039245787, 8.536337312545506, 8.502181422484258, 8.325101852369718, 8.210899067976436, 8.197126256470273, 7.994957490351197, 7.9686499986475985, 8.046721679222431, 7.907013949861628, 7.808825035632769, 7.540161657250175, 7.537328417551047, 7.4290030968413845, 7.430528630187864, 7.262290643970915, 7.0245969831930495, 7.076326141846532, 6.9470244187286525, 6.921120817904942, 6.813801576485106, 6.615192097617632, 6.861883398928108, 6.630651655926177, 6.568608437583959, 6.436864221782185, 6.324841951396913, 6.313611371650738, 6.264888192657196, 6.250802804262779, 6.047081685531723, 5.904138034525986, 5.851965161527544, 5.753341364830188, 5.516186240019532, 5.430827490945661, 5.402366758256427, 5.322795128397711, 5.040265464075551, 5.1907313940617525, 5.146048166747347, 5.101104733801049, 5.061406799276216, 4.940680083240411, 4.859615480685232, 4.772582373236329, 4.734357641815312, 4.528508128753874, 4.469034644835424, 4.316218983497755, 4.397879493952128, 4.185074446153216, 4.102104262718868, 4.1846284119191335, 3.9963688763660015, 4.043456153411131, 3.9782798703229667, 3.8604594089854194, 3.623014214129139, 3.7758946056576734, 3.651693757308131, 3.507136927708209, 3.7186243772005225, 3.5852550325181167, 3.6584966755140904]
Blocksize strategy selection process: -0.058972 --> -0.058972, len_BS = 1
Blocksize strategy selection process: -0.049278 --> -0.027193, len_BS = 201
Blocksize strategy selection process: -0.049101 --> -0.027193, len_BS = 299
Blocksize strategy selection process: -0.048923 --> -0.027193, len_BS = 382
Blocksize strategy selection process: -0.048745 --> -0.027193, len_BS = 472
Blocksize strategy selection process: -0.048566 --> -0.027193, len_BS = 553
Blocksize strategy selection process: -0.044030 --> -0.027193, len_BS = 635
Blocksize strategy selection process: -0.043902 --> -0.027192, len_BS = 679
Blocksize strategy selection process: -0.043805 --> -0.027192, len_BS = 758
Blocksize strategy selection process: -0.043772 --> -0.027192, len_BS = 814
Blocksize strategy selection process: -0.043677 --> -0.027192, len_BS = 867
Blocksize strategy selection process: -0.043643 --> -0.027192, len_BS = 931
Blocksize strategy selection process: -0.043581 --> -0.027192, len_BS = 983
Blocksize strategy selection process: -0.043548 --> -0.027192, len_BS = 1018
Blocksize strategy selection process: -0.043512 --> -0.027192, len_BS = 1059
Blocksize strategy selection process: -0.043453 --> -0.027192, len_BS = 1114
Blocksize strategy selection process: -0.043418 --> -0.027192, len_BS = 1137
Blocksize strategy selection process: -0.041347 --> -0.027192, len_BS = 1184
Blocksize strategy selection process: -0.041286 --> -0.027192, len_BS = 1183
Blocksize strategy selection process: -0.041256 --> -0.027192, len_BS = 1171
Blocksize strategy selection process: -0.041240 --> -0.027192, len_BS = 1175
Blocksize strategy selection process: -0.041189 --> -0.027192, len_BS = 1175
Blocksize strategy selection process: -0.041157 --> -0.027192, len_BS = 1177
Blocksize strategy selection process: -0.041144 --> -0.027192, len_BS = 1180
Blocksize strategy selection process: -0.041121 --> -0.027192, len_BS = 1180
Blocksize strategy selection process: -0.041091 --> -0.027192, len_BS = 1180
Blocksize strategy selection process: -0.041058 --> -0.027192, len_BS = 1183
Blocksize strategy selection process: -0.041046 --> -0.027192, len_BS = 1185
Blocksize strategy selection process: -0.041024 --> -0.027192, len_BS = 1185
Blocksize strategy selection process: -0.040992 --> -0.027192, len_BS = 1186
Blocksize strategy selection process: -0.040243 --> -0.027192, len_BS = 1188
Blocksize strategy selection process: -0.039350 --> -0.027192, len_BS = 1254
Blocksize strategy selection process: -0.039295 --> -0.027192, len_BS = 1282
Blocksize strategy selection process: -0.039259 --> -0.027192, len_BS = 1337
Blocksize strategy selection process: -0.039239 --> -0.027192, len_BS = 1381
Blocksize strategy selection process: -0.039204 --> -0.027192, len_BS = 1404
Blocksize strategy selection process: -0.039183 --> -0.027192, len_BS = 1445
Blocksize strategy selection process: -0.039169 --> -0.027192, len_BS = 1470
Blocksize strategy selection process: -0.039148 --> -0.027192, len_BS = 1493
Blocksize strategy selection process: -0.039127 --> -0.027192, len_BS = 1521
Blocksize strategy selection process: -0.039073 --> -0.027192, len_BS = 1554
Blocksize strategy selection process: -0.039059 --> -0.027192, len_BS = 1619
Blocksize strategy selection process: -0.038196 --> -0.027192, len_BS = 1633
Blocksize strategy selection process: -0.038169 --> -0.027192, len_BS = 1630
Blocksize strategy selection process: -0.038141 --> -0.027192, len_BS = 1681
Blocksize strategy selection process: -0.038097 --> -0.027192, len_BS = 1726
Blocksize strategy selection process: -0.037997 --> -0.027192, len_BS = 1793
Blocksize strategy selection process: -0.037502 --> -0.027192, len_BS = 1853
Blocksize strategy selection process: -0.037482 --> -0.027192, len_BS = 1806
Blocksize strategy selection process: -0.037470 --> -0.027192, len_BS = 1853
Blocksize strategy selection process: -0.037463 --> -0.027192, len_BS = 1879
Blocksize strategy selection process: -0.037451 --> -0.027192, len_BS = 1900
Blocksize strategy selection process: -0.037413 --> -0.027192, len_BS = 1930
Blocksize strategy selection process: -0.037393 --> -0.027192, len_BS = 1994
Blocksize strategy selection process: -0.037381 --> -0.027192, len_BS = 2032
Blocksize strategy selection process: -0.037374 --> -0.027192, len_BS = 2053
Blocksize strategy selection process: -0.037362 --> -0.027192, len_BS = 2071
Blocksize strategy selection process: -0.037322 --> -0.027192, len_BS = 2098
Blocksize strategy selection process: -0.037098 --> -0.027192, len_BS = 2154
Blocksize strategy selection process: -0.037088 --> -0.027192, len_BS = 2201
Blocksize strategy selection process: -0.037079 --> -0.027192, len_BS = 2218
Blocksize strategy selection process: -0.037014 --> -0.027192, len_BS = 2236
Blocksize strategy selection process: -0.037005 --> -0.027192, len_BS = 2293
Blocksize strategy selection process: -0.036995 --> -0.027192, len_BS = 2311
Blocksize strategy selection process: -0.036579 --> -0.027192, len_BS = 2326
Blocksize strategy selection process: -0.036562 --> -0.027192, len_BS = 2210
Blocksize strategy selection process: -0.036551 --> -0.027192, len_BS = 2240
Blocksize strategy selection process: -0.036544 --> -0.027192, len_BS = 2261
Blocksize strategy selection process: -0.036534 --> -0.027192, len_BS = 2271
Blocksize strategy selection process: -0.036527 --> -0.027192, len_BS = 2292
Blocksize strategy selection process: -0.036523 --> -0.027192, len_BS = 2304
Blocksize strategy selection process: -0.036517 --> -0.027192, len_BS = 2310
Blocksize strategy selection process: -0.036510 --> -0.027192, len_BS = 2321
Blocksize strategy selection process: -0.036484 --> -0.027192, len_BS = 2332
Blocksize strategy selection process: -0.036481 --> -0.027192, len_BS = 2371
Blocksize strategy selection process: -0.036228 --> -0.027192, len_BS = 2377
Blocksize strategy selection process: -0.036220 --> -0.027192, len_BS = 2384
Blocksize strategy selection process: -0.036212 --> -0.027192, len_BS = 2399
Blocksize strategy selection process: -0.036190 --> -0.027192, len_BS = 2417
Blocksize strategy selection process: -0.036175 --> -0.027192, len_BS = 2439
Blocksize strategy selection process: -0.036022 --> -0.027192, len_BS = 2465
Blocksize strategy selection process: -0.036016 --> -0.027192, len_BS = 2467
Blocksize strategy selection process: -0.036012 --> -0.027192, len_BS = 2480
Blocksize strategy selection process: -0.036010 --> -0.027192, len_BS = 2490
Blocksize strategy selection process: -0.036006 --> -0.027192, len_BS = 2496
Blocksize strategy selection process: -0.035986 --> -0.027192, len_BS = 2508
Blocksize strategy selection process: -0.035981 --> -0.027192, len_BS = 2544
Blocksize strategy selection process: -0.035977 --> -0.027192, len_BS = 2562
Blocksize strategy selection process: -0.035975 --> -0.027192, len_BS = 2576
Blocksize strategy selection process: -0.035971 --> -0.027192, len_BS = 2586
Blocksize strategy selection process: -0.035951 --> -0.027192, len_BS = 2598
Blocksize strategy selection process: -0.035902 --> -0.027192, len_BS = 2634
Blocksize strategy selection process: -0.035899 --> -0.027192, len_BS = 2655
Blocksize strategy selection process: -0.035896 --> -0.027192, len_BS = 2667
Blocksize strategy selection process: -0.035838 --> -0.027192, len_BS = 2671
Blocksize strategy selection process: -0.035796 --> -0.027192, len_BS = 2711
Blocksize strategy selection process: -0.035783 --> -0.027192, len_BS = 2739
Blocksize strategy selection process: -0.035781 --> -0.027192, len_BS = 2771
Blocksize strategy selection process: -0.035778 --> -0.027192, len_BS = 2780
Blocksize strategy selection process: -0.035686 --> -0.027192, len_BS = 2788
Blocksize strategy selection process: -0.035679 --> -0.027192, len_BS = 2812
Blocksize strategy selection process: -0.035673 --> -0.027192, len_BS = 2826
Blocksize strategy selection process: -0.035667 --> -0.027192, len_BS = 2839
Blocksize strategy selection process: -0.035661 --> -0.027192, len_BS = 2848
Blocksize strategy selection process: -0.035656 --> -0.027192, len_BS = 2770
Blocksize strategy selection process: -0.035653 --> -0.027192, len_BS = 2787
Blocksize strategy selection process: -0.035651 --> -0.027192, len_BS = 2801
Blocksize strategy selection process: -0.035648 --> -0.027192, len_BS = 2808
Blocksize strategy selection process: -0.035646 --> -0.027192, len_BS = 2817
Blocksize strategy selection process: -0.035645 --> -0.027192, len_BS = 2826
Blocksize strategy selection process: -0.035643 --> -0.027192, len_BS = 2836
Blocksize strategy selection process: -0.035641 --> -0.027192, len_BS = 2838
Blocksize strategy selection process: -0.035634 --> -0.027192, len_BS = 2848
Blocksize strategy selection process: -0.035632 --> -0.027192, len_BS = 2863
Blocksize strategy selection process: -0.035559 --> -0.027192, len_BS = 2868
Blocksize strategy selection process: -0.035556 --> -0.027192, len_BS = 2863
Blocksize strategy selection process: -0.035554 --> -0.027192, len_BS = 2871
Blocksize strategy selection process: -0.035548 --> -0.027192, len_BS = 2879
Blocksize strategy selection process: -0.035543 --> -0.027192, len_BS = 2889
Blocksize strategy selection process: -0.035477 --> -0.027192, len_BS = 2903
Blocksize strategy selection process: -0.035475 --> -0.027192, len_BS = 2931
Blocksize strategy selection process: -0.035473 --> -0.027192, len_BS = 2938
Blocksize strategy selection process: -0.035466 --> -0.027192, len_BS = 2942
Blocksize strategy selection process: -0.035462 --> -0.027192, len_BS = 2957
Blocksize strategy selection process: -0.035395 --> -0.027192, len_BS = 2970
Blocksize strategy selection process: -0.035393 --> -0.027192, len_BS = 3004
Blocksize strategy selection process: -0.035391 --> -0.027192, len_BS = 3010
Blocksize strategy selection process: -0.035381 --> -0.027192, len_BS = 3015
Blocksize strategy selection process: -0.035337 --> -0.027192, len_BS = 3030
Blocksize strategy selection process: -0.035335 --> -0.027192, len_BS = 3057
Blocksize strategy selection process: -0.035334 --> -0.027192, len_BS = 3064
Blocksize strategy selection process: -0.035333 --> -0.027192, len_BS = 3065
Blocksize strategy selection process: -0.035327 --> -0.027192, len_BS = 3069
Blocksize strategy selection process: -0.035325 --> -0.027192, len_BS = 3085
Blocksize strategy selection process: -0.035324 --> -0.027192, len_BS = 3086
Blocksize strategy selection process: -0.035303 --> -0.027192, len_BS = 3090
Blocksize strategy selection process: -0.035302 --> -0.027192, len_BS = 3124
Blocksize strategy selection process: -0.035255 --> -0.027192, len_BS = 3126
Blocksize strategy selection process: -0.035253 --> -0.027192, len_BS = 3156
Blocksize strategy selection process: -0.035252 --> -0.027192, len_BS = 3163
Blocksize strategy selection process: -0.035251 --> -0.027192, len_BS = 3168
Blocksize strategy selection process: -0.035245 --> -0.027192, len_BS = 3174
Blocksize strategy selection process: -0.035244 --> -0.027192, len_BS = 3191
Blocksize strategy selection process: -0.035243 --> -0.027192, len_BS = 3196
Blocksize strategy selection process: -0.035242 --> -0.027192, len_BS = 3202
Blocksize strategy selection process: -0.035241 --> -0.027192, len_BS = 3203
Blocksize strategy selection process: -0.035222 --> -0.027192, len_BS = 3204
Blocksize strategy selection process: -0.035221 --> -0.027192, len_BS = 3222
Blocksize strategy selection process: -0.035173 --> -0.027192, len_BS = 3225
Blocksize strategy selection process: -0.035171 --> -0.027192, len_BS = 3263
Blocksize strategy selection process: -0.035170 --> -0.027192, len_BS = 3267
Blocksize strategy selection process: -0.035169 --> -0.027192, len_BS = 3270
Blocksize strategy selection process: -0.035163 --> -0.027192, len_BS = 3278
Blocksize strategy selection process: -0.035162 --> -0.027192, len_BS = 3292
Blocksize strategy selection process: -0.035161 --> -0.027192, len_BS = 3298
Blocksize strategy selection process: -0.035160 --> -0.027192, len_BS = 3300
Blocksize strategy selection process: -0.035159 --> -0.027192, len_BS = 3301
Blocksize strategy selection process: -0.035140 --> -0.027192, len_BS = 3305
Blocksize strategy selection process: -0.035139 --> -0.027192, len_BS = 3330
Blocksize strategy selection process: -0.035126 --> -0.027192, len_BS = 3330
Blocksize strategy selection process: -0.035125 --> -0.027192, len_BS = 3334
Blocksize strategy selection process: -0.035123 --> -0.027192, len_BS = 3335
Blocksize strategy selection process: -0.035122 --> -0.027192, len_BS = 3336
Blocksize strategy selection process: -0.035040 --> -0.027192, len_BS = 3336
Blocksize strategy selection process: -0.034996 --> -0.027192, len_BS = 3375
Blocksize strategy selection process: -0.034993 --> -0.027192, len_BS = 3409
Blocksize strategy selection process: -0.034992 --> -0.027192, len_BS = 3415
Blocksize strategy selection process: -0.034991 --> -0.027192, len_BS = 3435
Blocksize strategy selection process: -0.034990 --> -0.027192, len_BS = 3438
Blocksize strategy selection process: -0.034989 --> -0.027192, len_BS = 3438
Blocksize strategy selection process: -0.034988 --> -0.027192, len_BS = 3438
Blocksize strategy selection process: -0.034987 --> -0.027192, len_BS = 3443
Blocksize strategy selection process: -0.034965 --> -0.027192, len_BS = 3444
Blocksize strategy selection process: -0.034964 --> -0.027192, len_BS = 3444
Blocksize strategy selection process: -0.034963 --> -0.027192, len_BS = 3444
Blocksize strategy selection process: -0.034962 --> -0.027192, len_BS = 3444
Blocksize strategy selection process: -0.034961 --> -0.027192, len_BS = 3452
Blocksize strategy selection process: -0.034910 --> -0.027192, len_BS = 3454
Blocksize strategy selection process: -0.034909 --> -0.027192, len_BS = 3476
Blocksize strategy selection process: -0.034908 --> -0.027192, len_BS = 3479
Blocksize strategy selection process: -0.034907 --> -0.027192, len_BS = 3482
Blocksize strategy selection process: -0.034906 --> -0.027192, len_BS = 3483
Blocksize strategy selection process: -0.034905 --> -0.027192, len_BS = 3485
Blocksize strategy selection process: -0.034883 --> -0.027192, len_BS = 3486
Blocksize strategy selection process: -0.034882 --> -0.027192, len_BS = 3516
Blocksize strategy selection process: -0.034881 --> -0.027192, len_BS = 3519
Blocksize strategy selection process: -0.034827 --> -0.027192, len_BS = 3521
Blocksize strategy selection process: -0.034824 --> -0.027192, len_BS = 3535
Blocksize strategy selection process: -0.034800 --> -0.027192, len_BS = 3540
Blocksize strategy selection process: -0.034797 --> -0.027192, len_BS = 3553
Blocksize strategy selection process: -0.034796 --> -0.027192, len_BS = 3558
Blocksize strategy selection process: -0.034739 --> -0.027192, len_BS = 3560
Blocksize strategy selection process: -0.034738 --> -0.027192, len_BS = 3563
Blocksize strategy selection process: -0.034727 --> -0.027192, len_BS = 3589
Blocksize strategy selection process: -0.034726 --> -0.027192, len_BS = 3597
Blocksize strategy selection process: -0.034724 --> -0.027192, len_BS = 3598
Blocksize strategy selection process: -0.034569 --> -0.027192, len_BS = 3605
Blocksize strategy selection process: -0.034568 --> -0.027192, len_BS = 3484
Blocksize strategy selection process: -0.034550 --> -0.027192, len_BS = 3467
Blocksize strategy selection process: -0.034549 --> -0.027192, len_BS = 3478
Blocksize strategy selection process: -0.034547 --> -0.027192, len_BS = 3481
Blocksize strategy selection process: -0.034546 --> -0.027192, len_BS = 3485
Blocksize strategy selection process: -0.034522 --> -0.027192, len_BS = 3487
Blocksize strategy selection process: -0.034521 --> -0.027192, len_BS = 3494
Blocksize strategy selection process: -0.034519 --> -0.027192, len_BS = 3494
Blocksize strategy selection process: -0.034518 --> -0.027192, len_BS = 3503
Blocksize strategy selection process: -0.034494 --> -0.027192, len_BS = 3503
Blocksize strategy selection process: -0.034493 --> -0.027192, len_BS = 3520
Blocksize strategy selection process: -0.034490 --> -0.027192, len_BS = 3522
Blocksize strategy selection process: -0.034480 --> -0.027192, len_BS = 3531
Blocksize strategy selection process: -0.034479 --> -0.027192, len_BS = 3544
Blocksize strategy selection process: -0.034477 --> -0.027192, len_BS = 3544
Blocksize strategy selection process: -0.034476 --> -0.027192, len_BS = 3551
Blocksize strategy selection process: -0.034471 --> -0.027192, len_BS = 3552
Blocksize strategy selection process: -0.034452 --> -0.027192, len_BS = 3565
Blocksize strategy selection process: -0.034451 --> -0.027192, len_BS = 3588
Blocksize strategy selection process: -0.034449 --> -0.027192, len_BS = 3588
Blocksize strategy selection process: -0.034448 --> -0.027192, len_BS = 3597
Blocksize strategy selection process: -0.034443 --> -0.027192, len_BS = 3600
Blocksize strategy selection process: -0.034318 --> -0.027192, len_BS = 3616
Blocksize strategy selection process: -0.034317 --> -0.027192, len_BS = 3571
Blocksize strategy selection process: -0.034295 --> -0.027192, len_BS = 3572
Blocksize strategy selection process: -0.034292 --> -0.027192, len_BS = 3591
Blocksize strategy selection process: -0.034208 --> -0.027192, len_BS = 3598
Blocksize strategy selection process: -0.034182 --> -0.027192, len_BS = 3629
Blocksize strategy selection process: -0.034180 --> -0.027192, len_BS = 3644
Blocksize strategy selection process: -0.034179 --> -0.027192, len_BS = 3607
Blocksize strategy selection process: -0.034174 --> -0.027192, len_BS = 3609
Blocksize strategy selection process: -0.034124 --> -0.027192, len_BS = 3616
Blocksize strategy selection process: -0.034118 --> -0.027192, len_BS = 3591
Blocksize strategy selection process: -0.034117 --> -0.027192, len_BS = 3606
Blocksize strategy selection process: -0.034098 --> -0.027192, len_BS = 3607
Blocksize strategy selection process: -0.034097 --> -0.027192, len_BS = 3624
Blocksize strategy selection process: -0.034092 --> -0.027192, len_BS = 3625
Blocksize strategy selection process: -0.034091 --> -0.027192, len_BS = 3640
Blocksize strategy selection process: -0.034040 --> -0.027192, len_BS = 3640
Blocksize strategy selection process: -0.034035 --> -0.027192, len_BS = 3664
Blocksize strategy selection process: -0.034034 --> -0.027192, len_BS = 3680
Blocksize strategy selection process: -0.034015 --> -0.027192, len_BS = 3681
Blocksize strategy selection process: -0.034014 --> -0.027192, len_BS = 3697
Blocksize strategy selection process: -0.034009 --> -0.027192, len_BS = 3700
Blocksize strategy selection process: -0.034008 --> -0.027192, len_BS = 3712
Blocksize strategy selection process: -0.033791 --> -0.027192, len_BS = 3714
Blocksize strategy selection process: -0.033788 --> -0.027192, len_BS = 3658
Blocksize strategy selection process: -0.033746 --> -0.027192, len_BS = 3638
Blocksize strategy selection process: -0.033742 --> -0.027192, len_BS = 3612
Blocksize strategy selection process: -0.033741 --> -0.027192, len_BS = 3618
Blocksize strategy selection process: -0.033735 --> -0.027192, len_BS = 3618
Blocksize strategy selection process: -0.033726 --> -0.027192, len_BS = 3622
Blocksize strategy selection process: -0.033725 --> -0.027192, len_BS = 3637
Blocksize strategy selection process: -0.033724 --> -0.027192, len_BS = 3638
Blocksize strategy selection process: -0.033720 --> -0.027192, len_BS = 3640
Blocksize strategy selection process: -0.033719 --> -0.027192, len_BS = 3651
Blocksize strategy selection process: -0.033718 --> -0.027192, len_BS = 3653
Blocksize strategy selection process: -0.033645 --> -0.027192, len_BS = 3656
Blocksize strategy selection process: -0.033644 --> -0.027192, len_BS = 3679
Blocksize strategy selection process: -0.033643 --> -0.027192, len_BS = 3680
Blocksize strategy selection process: -0.033639 --> -0.027192, len_BS = 3683
Blocksize strategy selection process: -0.033630 --> -0.027192, len_BS = 3692
Blocksize strategy selection process: -0.033629 --> -0.027192, len_BS = 3674
Blocksize strategy selection process: -0.033625 --> -0.027192, len_BS = 3674
Blocksize strategy selection process: -0.033623 --> -0.027192, len_BS = 3674
Blocksize strategy selection process: -0.033499 --> -0.027192, len_BS = 3674
Blocksize strategy selection process: -0.033496 --> -0.027192, len_BS = 3641
Blocksize strategy selection process: -0.033495 --> -0.027192, len_BS = 3647
Blocksize strategy selection process: -0.033494 --> -0.027192, len_BS = 3647
Blocksize strategy selection process: -0.033490 --> -0.027192, len_BS = 3654
Blocksize strategy selection process: -0.033484 --> -0.027192, len_BS = 3660
Blocksize strategy selection process: -0.033475 --> -0.027192, len_BS = 3677
Blocksize strategy selection process: -0.033474 --> -0.027192, len_BS = 3695
Blocksize strategy selection process: -0.033417 --> -0.027192, len_BS = 3702
Blocksize strategy selection process: -0.033413 --> -0.027192, len_BS = 3726
Blocksize strategy selection process: -0.033412 --> -0.027192, len_BS = 3738
Blocksize strategy selection process: -0.033411 --> -0.027192, len_BS = 3741
Blocksize strategy selection process: -0.033408 --> -0.027192, len_BS = 3745
Blocksize strategy selection process: -0.033407 --> -0.027192, len_BS = 3768
Blocksize strategy selection process: -0.033320 --> -0.027192, len_BS = 3771
Blocksize strategy selection process: -0.033317 --> -0.027192, len_BS = 3762
Blocksize strategy selection process: -0.033311 --> -0.027192, len_BS = 3768
Blocksize strategy selection process: -0.033310 --> -0.027192, len_BS = 3749
Blocksize strategy selection process: -0.033306 --> -0.027192, len_BS = 3749
Blocksize strategy selection process: -0.033305 --> -0.027192, len_BS = 3759
Blocksize strategy selection process: -0.033289 --> -0.027192, len_BS = 3760
Blocksize strategy selection process: -0.033288 --> -0.027192, len_BS = 3764
Blocksize strategy selection process: -0.033284 --> -0.027192, len_BS = 3769
Blocksize strategy selection process: -0.033283 --> -0.027192, len_BS = 3772
Blocksize strategy selection process: -0.033083 --> -0.027192, len_BS = 3776
Blocksize strategy selection process: -0.033082 --> -0.027192, len_BS = 3705
Blocksize strategy selection process: -0.033072 --> -0.027192, len_BS = 3708
Blocksize strategy selection process: -0.033000 --> -0.027192, len_BS = 3722
Blocksize strategy selection process: -0.032994 --> -0.027192, len_BS = 3733
Blocksize strategy selection process: -0.032990 --> -0.027192, len_BS = 3742
Blocksize strategy selection process: -0.032989 --> -0.027192, len_BS = 3755
Blocksize strategy selection process: -0.032904 --> -0.027192, len_BS = 3747
Blocksize strategy selection process: -0.032903 --> -0.027192, len_BS = 3736
Blocksize strategy selection process: -0.032902 --> -0.027192, len_BS = 3702
Blocksize strategy selection process: -0.032884 --> -0.027192, len_BS = 3706
Blocksize strategy selection process: -0.032883 --> -0.027192, len_BS = 3712
Blocksize strategy selection process: -0.032877 --> -0.027192, len_BS = 3712
Blocksize strategy selection process: -0.032828 --> -0.027192, len_BS = 3718
Blocksize strategy selection process: -0.032827 --> -0.027192, len_BS = 3733
Blocksize strategy selection process: -0.032826 --> -0.027192, len_BS = 3737
Blocksize strategy selection process: -0.032824 --> -0.027192, len_BS = 3741
Blocksize strategy selection process: -0.032823 --> -0.027192, len_BS = 3742
Blocksize strategy selection process: -0.032808 --> -0.027192, len_BS = 3745
Blocksize strategy selection process: -0.032807 --> -0.027192, len_BS = 3771
Blocksize strategy selection process: -0.032806 --> -0.027192, len_BS = 3771
Blocksize strategy selection process: -0.032805 --> -0.027192, len_BS = 3774
Blocksize strategy selection process: -0.032804 --> -0.027192, len_BS = 3772
Blocksize strategy selection process: -0.032771 --> -0.027192, len_BS = 3775
Blocksize strategy selection process: -0.032728 --> -0.027192, len_BS = 3793
Blocksize strategy selection process: -0.032727 --> -0.027192, len_BS = 3797
Blocksize strategy selection process: -0.032726 --> -0.027192, len_BS = 3797
Blocksize strategy selection process: -0.032693 --> -0.027192, len_BS = 3802
Blocksize strategy selection process: -0.032692 --> -0.027192, len_BS = 3832
Blocksize strategy selection process: -0.032648 --> -0.027192, len_BS = 3833
Blocksize strategy selection process: -0.032647 --> -0.027192, len_BS = 3853
Blocksize strategy selection process: -0.032615 --> -0.027192, len_BS = 3855
Blocksize strategy selection process: -0.032572 --> -0.027192, len_BS = 3882
Blocksize strategy selection process: -0.032571 --> -0.027192, len_BS = 3901
Blocksize strategy selection process: -0.032511 --> -0.027192, len_BS = 3902
Blocksize strategy selection process: -0.032510 --> -0.027192, len_BS = 3908
Blocksize strategy selection process: -0.032507 --> -0.027192, len_BS = 3910
Blocksize strategy selection process: -0.032504 --> -0.027192, len_BS = 3919
Blocksize strategy selection process: -0.032503 --> -0.027192, len_BS = 3942
Blocksize strategy selection process: -0.032502 --> -0.027192, len_BS = 3942
Blocksize strategy selection process: -0.032500 --> -0.027192, len_BS = 3944
Blocksize strategy selection process: -0.032499 --> -0.027192, len_BS = 3950
Blocksize strategy selection process: -0.032257 --> -0.027192, len_BS = 3950
Blocksize strategy selection process: -0.032254 --> -0.027192, len_BS = 3782
Blocksize strategy selection process: -0.032225 --> -0.027192, len_BS = 3754
Blocksize strategy selection process: -0.032224 --> -0.027192, len_BS = 3753
Blocksize strategy selection process: -0.032194 --> -0.027192, len_BS = 3753
Blocksize strategy selection process: -0.032191 --> -0.027192, len_BS = 3775
Blocksize strategy selection process: -0.032190 --> -0.027192, len_BS = 3782
Blocksize strategy selection process: -0.032114 --> -0.027192, len_BS = 3782
Blocksize strategy selection process: -0.032113 --> -0.027192, len_BS = 3755
Blocksize strategy selection process: -0.032112 --> -0.027192, len_BS = 3755
Blocksize strategy selection process: -0.032067 --> -0.027192, len_BS = 3756
Blocksize strategy selection process: -0.032066 --> -0.027192, len_BS = 3757
Blocksize strategy selection process: -0.032065 --> -0.027192, len_BS = 3758
Blocksize strategy selection process: -0.032017 --> -0.027192, len_BS = 3758
Blocksize strategy selection process: -0.031991 --> -0.027192, len_BS = 3754
Blocksize strategy selection process: -0.031990 --> -0.027192, len_BS = 3765
Blocksize strategy selection process: -0.031989 --> -0.027192, len_BS = 3766
Blocksize strategy selection process: -0.031988 --> -0.027192, len_BS = 3769
Blocksize strategy selection process: -0.031800 --> -0.027192, len_BS = 3774
Blocksize strategy selection process: -0.031799 --> -0.027192, len_BS = 3675
Blocksize strategy selection process: -0.031798 --> -0.027192, len_BS = 3662
Blocksize strategy selection process: -0.031782 --> -0.027192, len_BS = 3663
Blocksize strategy selection process: -0.031730 --> -0.027192, len_BS = 3680
Blocksize strategy selection process: -0.031689 --> -0.027192, len_BS = 3694
Blocksize strategy selection process: -0.031667 --> -0.027192, len_BS = 3711
Blocksize strategy selection process: -0.031666 --> -0.027192, len_BS = 3736
Blocksize strategy selection process: -0.031664 --> -0.027192, len_BS = 3736
Blocksize strategy selection process: -0.031486 --> -0.027192, len_BS = 3740
Blocksize strategy selection process: -0.031347 --> -0.027192, len_BS = 3653
Blocksize strategy selection process: -0.031340 --> -0.027192, len_BS = 3625
Blocksize strategy selection process: -0.031318 --> -0.027192, len_BS = 3627
Blocksize strategy selection process: -0.031311 --> -0.027192, len_BS = 3636
Blocksize strategy selection process: -0.031266 --> -0.027192, len_BS = 3646
Blocksize strategy selection process: -0.031262 --> -0.027192, len_BS = 3656
Blocksize strategy selection process: -0.031205 --> -0.027192, len_BS = 3659
Blocksize strategy selection process: -0.031203 --> -0.027192, len_BS = 3671
Blocksize strategy selection process: -0.031118 --> -0.027192, len_BS = 3672
Blocksize strategy selection process: -0.030987 --> -0.027192, len_BS = 3671
Blocksize strategy selection process: -0.030983 --> -0.027192, len_BS = 3653
Blocksize strategy selection process: -0.030967 --> -0.027192, len_BS = 3657
Blocksize strategy selection process: -0.030957 --> -0.027192, len_BS = 3658
Blocksize strategy selection process: -0.030904 --> -0.027192, len_BS = 3666
Blocksize strategy selection process: -0.030771 --> -0.027192, len_BS = 3666
Blocksize strategy selection process: -0.030770 --> -0.027192, len_BS = 3648
Blocksize strategy selection process: -0.030769 --> -0.027192, len_BS = 3650
Blocksize strategy selection process: -0.030762 --> -0.027192, len_BS = 3650
Blocksize strategy selection process: -0.030761 --> -0.027192, len_BS = 3656
Blocksize strategy selection process: -0.030760 --> -0.027192, len_BS = 3657
Blocksize strategy selection process: -0.030757 --> -0.027192, len_BS = 3657
Blocksize strategy selection process: -0.030727 --> -0.027192, len_BS = 3659
Blocksize strategy selection process: -0.030726 --> -0.027192, len_BS = 3672
Blocksize strategy selection process: -0.030725 --> -0.027192, len_BS = 3674
Blocksize strategy selection process: -0.030539 --> -0.027192, len_BS = 3674
Blocksize strategy selection process: -0.030538 --> -0.027192, len_BS = 3624
Blocksize strategy selection process: -0.030537 --> -0.027192, len_BS = 3624
Blocksize strategy selection process: -0.030536 --> -0.027192, len_BS = 3632
Blocksize strategy selection process: -0.030508 --> -0.027192, len_BS = 3632
Blocksize strategy selection process: -0.030507 --> -0.027192, len_BS = 3635
Blocksize strategy selection process: -0.030381 --> -0.027192, len_BS = 3636
Blocksize strategy selection process: -0.030345 --> -0.027192, len_BS = 3624
Blocksize strategy selection process: -0.030333 --> -0.027192, len_BS = 3640
Blocksize strategy selection process: -0.030275 --> -0.027192, len_BS = 3643
Blocksize strategy selection process: -0.030271 --> -0.027192, len_BS = 3658
Blocksize strategy selection process: -0.030263 --> -0.027192, len_BS = 3660
Blocksize strategy selection process: -0.030205 --> -0.027192, len_BS = 3665
Blocksize strategy selection process: -0.030204 --> -0.027192, len_BS = 3674
Blocksize strategy selection process: -0.030202 --> -0.027192, len_BS = 3674
Blocksize strategy selection process: -0.030201 --> -0.027192, len_BS = 3675
Blocksize strategy selection process: -0.030190 --> -0.027192, len_BS = 3675
Blocksize strategy selection process: -0.030185 --> -0.027192, len_BS = 3680
Blocksize strategy selection process: -0.030137 --> -0.027192, len_BS = 3681
Blocksize strategy selection process: -0.030136 --> -0.027192, len_BS = 3693
Blocksize strategy selection process: -0.030135 --> -0.027192, len_BS = 3693
Blocksize strategy selection process: -0.030133 --> -0.027192, len_BS = 3693
Blocksize strategy selection process: -0.030121 --> -0.027192, len_BS = 3693
Blocksize strategy selection process: -0.030069 --> -0.027192, len_BS = 3702
Blocksize strategy selection process: -0.030067 --> -0.027192, len_BS = 3711
Blocksize strategy selection process: -0.030065 --> -0.027192, len_BS = 3712
Blocksize strategy selection process: -0.030064 --> -0.027192, len_BS = 3712
Blocksize strategy selection process: -0.030058 --> -0.027192, len_BS = 3712
Blocksize strategy selection process: -0.030053 --> -0.027192, len_BS = 3714
Blocksize strategy selection process: -0.030030 --> -0.027192, len_BS = 3714
Blocksize strategy selection process: -0.030029 --> -0.027192, len_BS = 3729
Blocksize strategy selection process: -0.029853 --> -0.027192, len_BS = 3730
Blocksize strategy selection process: -0.029839 --> -0.027192, len_BS = 3717
Blocksize strategy selection process: -0.029829 --> -0.027192, len_BS = 3722
Blocksize strategy selection process: -0.029827 --> -0.027192, len_BS = 3726
Blocksize strategy selection process: -0.029786 --> -0.027192, len_BS = 3727
Blocksize strategy selection process: -0.029771 --> -0.027192, len_BS = 3737
Blocksize strategy selection process: -0.029767 --> -0.027192, len_BS = 3739
Blocksize strategy selection process: -0.029766 --> -0.027192, len_BS = 3741
Blocksize strategy selection process: -0.029704 --> -0.027192, len_BS = 3743
Blocksize strategy selection process: -0.029701 --> -0.027192, len_BS = 3751
Blocksize strategy selection process: -0.029700 --> -0.027192, len_BS = 3752
Blocksize strategy selection process: -0.029699 --> -0.027192, len_BS = 3754
Blocksize strategy selection process: -0.029694 --> -0.027192, len_BS = 3754
Blocksize strategy selection process: -0.029600 --> -0.027192, len_BS = 3754
Blocksize strategy selection process: -0.029586 --> -0.027192, len_BS = 3758
Blocksize strategy selection process: -0.029571 --> -0.027192, len_BS = 3762
Blocksize strategy selection process: -0.029525 --> -0.027192, len_BS = 3766
Blocksize strategy selection process: -0.029464 --> -0.027192, len_BS = 3772
Blocksize strategy selection process: -0.029461 --> -0.027192, len_BS = 3779
Blocksize strategy selection process: -0.029456 --> -0.027192, len_BS = 3780
Blocksize strategy selection process: -0.029401 --> -0.027192, len_BS = 3781
Blocksize strategy selection process: -0.029398 --> -0.027192, len_BS = 3789
Blocksize strategy selection process: -0.029345 --> -0.027192, len_BS = 3789
Blocksize strategy selection process: -0.029330 --> -0.027192, len_BS = 3794
Blocksize strategy selection process: -0.029268 --> -0.027192, len_BS = 3797
Blocksize strategy selection process: -0.029258 --> -0.027192, len_BS = 3806
Blocksize strategy selection process: -0.029257 --> -0.027192, len_BS = 3806
Blocksize strategy selection process: -0.029255 --> -0.027192, len_BS = 3806
Blocksize strategy selection process: -0.029176 --> -0.027192, len_BS = 3806
Blocksize strategy selection process: -0.029150 --> -0.027192, len_BS = 3814
Blocksize strategy selection process: -0.029147 --> -0.027192, len_BS = 3818
Blocksize strategy selection process: -0.029067 --> -0.027192, len_BS = 3818
Blocksize strategy selection process: -0.029066 --> -0.027192, len_BS = 3825
Blocksize strategy selection process: -0.028973 --> -0.027192, len_BS = 3825
Blocksize strategy selection process: -0.028957 --> -0.027192, len_BS = 3831
Blocksize strategy selection process: -0.028884 --> -0.027192, len_BS = 3831
Blocksize strategy selection process: -0.028883 --> -0.027192, len_BS = 3833
Blocksize strategy selection process: -0.028880 --> -0.027192, len_BS = 3834
Blocksize strategy selection process: -0.028874 --> -0.027192, len_BS = 3834
Blocksize strategy selection process: -0.028781 --> -0.027192, len_BS = 3835
Blocksize strategy selection process: -0.028774 --> -0.027192, len_BS = 3839
Blocksize strategy selection process: -0.028772 --> -0.027192, len_BS = 3839
Blocksize strategy selection process: -0.028771 --> -0.027192, len_BS = 3839
Blocksize strategy selection process: -0.028768 --> -0.027192, len_BS = 3839
Blocksize strategy selection process: -0.028744 --> -0.027192, len_BS = 3839
Blocksize strategy selection process: -0.028742 --> -0.027192, len_BS = 3840
Blocksize strategy selection process: -0.028692 --> -0.027192, len_BS = 3840
Blocksize strategy selection process: -0.028654 --> -0.027192, len_BS = 3843
Blocksize strategy selection process: -0.028638 --> -0.027192, len_BS = 3844
Blocksize strategy selection process: -0.028637 --> -0.027192, len_BS = 3845
Blocksize strategy selection process: -0.028597 --> -0.027192, len_BS = 3845
Blocksize strategy selection process: -0.028584 --> -0.027192, len_BS = 3846
Blocksize strategy selection process: -0.028546 --> -0.027192, len_BS = 3847
Blocksize strategy selection process: -0.028503 --> -0.027192, len_BS = 3848
Blocksize strategy selection process: -0.028486 --> -0.027192, len_BS = 3849
Blocksize strategy selection process: -0.028442 --> -0.027192, len_BS = 3849
Blocksize strategy selection process: -0.028322 --> -0.027192, len_BS = 3850
Blocksize strategy selection process: -0.028306 --> -0.027192, len_BS = 3852
Blocksize strategy selection process: -0.028296 --> -0.027192, len_BS = 3852
Blocksize strategy selection process: -0.028217 --> -0.027192, len_BS = 3852
Blocksize strategy selection process: -0.028212 --> -0.027192, len_BS = 3852
Blocksize strategy selection process: -0.028191 --> -0.027192, len_BS = 3852
Blocksize strategy selection process: -0.028190 --> -0.027192, len_BS = 3852
Blocksize strategy selection process: -0.028189 --> -0.027192, len_BS = 3852
Blocksize strategy selection process: -0.028187 --> -0.027192, len_BS = 3852
Blocksize strategy selection process: -0.028186 --> -0.027192, len_BS = 3852
Blocksize strategy selection process: -0.028176 --> -0.027192, len_BS = 3852
Blocksize strategy selection process: -0.028175 --> -0.027192, len_BS = 3853
Blocksize strategy selection process: -0.028145 --> -0.027192, len_BS = 3853
Blocksize strategy selection process: -0.028144 --> -0.027192, len_BS = 3854
Blocksize strategy selection process: -0.028141 --> -0.027192, len_BS = 3854
Blocksize strategy selection process: -0.028140 --> -0.027192, len_BS = 3854
Blocksize strategy selection process: -0.028087 --> -0.027192, len_BS = 3854
Blocksize strategy selection process: -0.028086 --> -0.027192, len_BS = 3854
Blocksize strategy selection process: -0.028081 --> -0.027192, len_BS = 3854
Blocksize strategy selection process: -0.028056 --> -0.027192, len_BS = 3854
Blocksize strategy selection process: -0.028055 --> -0.027192, len_BS = 3854
Blocksize strategy selection process: -0.028052 --> -0.027192, len_BS = 3854
Blocksize strategy selection process: -0.028012 --> -0.027192, len_BS = 3854
Blocksize strategy selection process: -0.028009 --> -0.027192, len_BS = 3854
Blocksize strategy selection process: -0.027929 --> -0.027192, len_BS = 3854
Blocksize strategy selection process: -0.027886 --> -0.027192, len_BS = 3855
Blocksize strategy selection process: -0.027879 --> -0.027192, len_BS = 3855
Blocksize strategy selection process: -0.027849 --> -0.027192, len_BS = 3855
Blocksize strategy selection process: -0.027847 --> -0.027192, len_BS = 3856
Blocksize strategy selection process: -0.027840 --> -0.027192, len_BS = 3856
Blocksize strategy selection process: -0.027811 --> -0.027192, len_BS = 3856
Blocksize strategy selection process: -0.027741 --> -0.027192, len_BS = 3856
Blocksize strategy selection process: -0.027729 --> -0.027192, len_BS = 3856
Blocksize strategy selection process: -0.027710 --> -0.027192, len_BS = 3857
Blocksize strategy selection process: -0.027709 --> -0.027192, len_BS = 3858
Blocksize strategy selection process: -0.027707 --> -0.027192, len_BS = 3858
Blocksize strategy selection process: -0.027706 --> -0.027192, len_BS = 3858
Blocksize strategy selection process: -0.027704 --> -0.027192, len_BS = 3858
Blocksize strategy selection process: -0.027703 --> -0.027192, len_BS = 3858
Blocksize strategy selection process: -0.027702 --> -0.027192, len_BS = 3858
Blocksize strategy selection process: -0.027701 --> -0.027192, len_BS = 3858
Blocksize strategy selection process: -0.027699 --> -0.027192, len_BS = 3858
Blocksize strategy selection process: -0.027698 --> -0.027192, len_BS = 3858
Blocksize strategy selection process: -0.027697 --> -0.027192, len_BS = 3858
Blocksize strategy selection process: -0.027696 --> -0.027192, len_BS = 3858
Blocksize strategy selection process: -0.027676 --> -0.027192, len_BS = 3858
Blocksize strategy selection process: -0.027667 --> -0.027192, len_BS = 3858
Blocksize strategy selection process: -0.027665 --> -0.027192, len_BS = 3858
Blocksize strategy selection process: -0.027642 --> -0.027192, len_BS = 3858
Blocksize strategy selection process: -0.027637 --> -0.027192, len_BS = 3859
Blocksize strategy selection process: -0.027611 --> -0.027192, len_BS = 3859
Blocksize strategy selection process: -0.027579 --> -0.027192, len_BS = 3859
Blocksize strategy selection process: -0.027577 --> -0.027192, len_BS = 3859
Blocksize strategy selection process: -0.027565 --> -0.027192, len_BS = 3859
Blocksize strategy selection process: -0.027546 --> -0.027192, len_BS = 3859
Blocksize strategy selection process: -0.027545 --> -0.027192, len_BS = 3859
Blocksize strategy selection process: -0.027544 --> -0.027192, len_BS = 3859
Blocksize strategy selection process: -0.027543 --> -0.027192, len_BS = 3859
Blocksize strategy selection process: -0.027542 --> -0.027192, len_BS = 3859
Blocksize strategy selection process: -0.027541 --> -0.027192, len_BS = 3859
Blocksize strategy selection process: -0.027540 --> -0.027192, len_BS = 3859
Blocksize strategy selection process: -0.027539 --> -0.027192, len_BS = 3859
Blocksize strategy selection process: -0.027538 --> -0.027192, len_BS = 3859
Blocksize strategy selection process: -0.027537 --> -0.027192, len_BS = 3859
Blocksize strategy selection process: -0.027521 --> -0.027192, len_BS = 3859
Blocksize strategy selection process: -0.027520 --> -0.027192, len_BS = 3859
Blocksize strategy selection process: -0.027519 --> -0.027192, len_BS = 3859
Blocksize strategy selection process: -0.027518 --> -0.027192, len_BS = 3859
Blocksize strategy selection process: -0.027517 --> -0.027192, len_BS = 3859
Blocksize strategy selection process: -0.027516 --> -0.027192, len_BS = 3859
Blocksize strategy selection process: -0.027515 --> -0.027192, len_BS = 3859
Blocksize strategy selection process: -0.027514 --> -0.027192, len_BS = 3859
Blocksize strategy selection process: -0.027513 --> -0.027192, len_BS = 3859
Blocksize strategy selection process: -0.027512 --> -0.027192, len_BS = 3859
Blocksize strategy selection process: -0.027511 --> -0.027192, len_BS = 3859
Blocksize strategy selection process: -0.027465 --> -0.027192, len_BS = 3859
Blocksize strategy selection process: -0.027464 --> -0.027192, len_BS = 3859
Blocksize strategy selection process: -0.027463 --> -0.027192, len_BS = 3859
Blocksize strategy selection process: -0.027462 --> -0.027192, len_BS = 3859
Blocksize strategy selection process: -0.027461 --> -0.027192, len_BS = 3859
Blocksize strategy selection process: -0.027460 --> -0.027192, len_BS = 3859
Blocksize strategy selection process: -0.027459 --> -0.027192, len_BS = 3859
Blocksize strategy selection process: -0.027458 --> -0.027192, len_BS = 3859
Blocksize strategy selection process: -0.027457 --> -0.027192, len_BS = 3859
Blocksize strategy selection process: -0.027456 --> -0.027192, len_BS = 3859
Blocksize strategy selection process: -0.027442 --> -0.027192, len_BS = 3859
Blocksize strategy selection process: -0.027441 --> -0.027192, len_BS = 3859
Blocksize strategy selection process: -0.027440 --> -0.027192, len_BS = 3859
Blocksize strategy selection process: -0.027439 --> -0.027192, len_BS = 3859
Blocksize strategy selection process: -0.027438 --> -0.027192, len_BS = 3859
Blocksize strategy selection process: -0.027437 --> -0.027192, len_BS = 3859
Blocksize strategy selection process: -0.027436 --> -0.027192, len_BS = 3859
Blocksize strategy selection process: -0.027435 --> -0.027192, len_BS = 3859
Blocksize strategy selection process: -0.027434 --> -0.027192, len_BS = 3859
Blocksize strategy selection process: -0.027433 --> -0.027192, len_BS = 3859
Blocksize strategy selection process: -0.027432 --> -0.027192, len_BS = 3859
Blocksize strategy selection process: -0.027418 --> -0.027192, len_BS = 3859
Blocksize strategy selection process: -0.027417 --> -0.027192, len_BS = 3859
Blocksize strategy selection process: -0.027416 --> -0.027192, len_BS = 3859
Blocksize strategy selection process: -0.027415 --> -0.027192, len_BS = 3859
Blocksize strategy selection process: -0.027414 --> -0.027192, len_BS = 3859
Blocksize strategy selection process: -0.027413 --> -0.027192, len_BS = 3859
Blocksize strategy selection process: -0.027412 --> -0.027192, len_BS = 3859
Blocksize strategy selection process: -0.027411 --> -0.027192, len_BS = 3859
Blocksize strategy selection process: -0.027410 --> -0.027192, len_BS = 3859
Blocksize strategy selection process: -0.027409 --> -0.027192, len_BS = 3859
Blocksize strategy selection process: -0.027408 --> -0.027192, len_BS = 3859
Blocksize strategy selection process: -0.027407 --> -0.027192, len_BS = 3859
Blocksize strategy selection process: -0.027394 --> -0.027192, len_BS = 3859
Blocksize strategy selection process: -0.027393 --> -0.027192, len_BS = 3859
Blocksize strategy selection process: -0.027392 --> -0.027192, len_BS = 3859
Blocksize strategy selection process: -0.027391 --> -0.027192, len_BS = 3859
Blocksize strategy selection process: -0.027390 --> -0.027192, len_BS = 3859
Blocksize strategy selection process: -0.027389 --> -0.027192, len_BS = 3859
Blocksize strategy selection process: -0.027388 --> -0.027192, len_BS = 3859
Blocksize strategy selection process: -0.027387 --> -0.027192, len_BS = 3859
Blocksize strategy selection process: -0.027386 --> -0.027192, len_BS = 3859
Blocksize strategy selection process: -0.027385 --> -0.027192, len_BS = 3859
Blocksize strategy selection process: -0.027372 --> -0.027192, len_BS = 3859
Blocksize strategy selection process: -0.027371 --> -0.027192, len_BS = 3859
Blocksize strategy selection process: -0.027370 --> -0.027192, len_BS = 3859
Blocksize strategy selection process: -0.027369 --> -0.027192, len_BS = 3859
Blocksize strategy selection process: -0.027368 --> -0.027192, len_BS = 3859
Blocksize strategy selection process: -0.027367 --> -0.027192, len_BS = 3859
Blocksize strategy selection process: -0.027366 --> -0.027192, len_BS = 3859
Blocksize strategy selection process: -0.027365 --> -0.027192, len_BS = 3859
Blocksize strategy selection process: -0.027364 --> -0.027192, len_BS = 3859
Blocksize strategy selection process: -0.027363 --> -0.027192, len_BS = 3859
Blocksize strategy selection process: -0.027362 --> -0.027192, len_BS = 3859
Blocksize strategy selection process: -0.027351 --> -0.027192, len_BS = 3859
Blocksize strategy selection process: -0.027350 --> -0.027192, len_BS = 3859
Blocksize strategy selection process: -0.027328 --> -0.027192, len_BS = 3859
Blocksize strategy selection process: -0.027327 --> -0.027192, len_BS = 3859
Blocksize strategy selection process: -0.027323 --> -0.027192, len_BS = 3859
Blocksize strategy selection process: -0.027322 --> -0.027192, len_BS = 3859
Blocksize strategy selection process: -0.027320 --> -0.027192, len_BS = 3859
Blocksize strategy selection process: -0.027319 --> -0.027192, len_BS = 3859
Blocksize strategy selection process: -0.027318 --> -0.027192, len_BS = 3859
Blocksize strategy selection process: -0.027317 --> -0.027192, len_BS = 3859
Blocksize strategy selection process: -0.027316 --> -0.027192, len_BS = 3859
Blocksize strategy selection process: -0.027315 --> -0.027192, len_BS = 3859
Blocksize strategy selection process: -0.027314 --> -0.027192, len_BS = 3859
Blocksize strategy selection process: -0.027313 --> -0.027192, len_BS = 3859
Blocksize strategy selection process: -0.027312 --> -0.027192, len_BS = 3859
Blocksize strategy selection process: -0.027311 --> -0.027192, len_BS = 3859
Blocksize strategy selection process: -0.027310 --> -0.027192, len_BS = 3859
Blocksize strategy selection process: -0.027309 --> -0.027192, len_BS = 3859
Blocksize strategy selection process: -0.027308 --> -0.027192, len_BS = 3859
Blocksize strategy selection process: -0.027307 --> -0.027192, len_BS = 3859
Blocksize strategy selection process: -0.027306 --> -0.027192, len_BS = 3859
Blocksize strategy selection process: -0.027305 --> -0.027192, len_BS = 3859
Blocksize strategy selection process: -0.027296 --> -0.027192, len_BS = 3859
Blocksize strategy selection process: -0.027295 --> -0.027192, len_BS = 3859
Blocksize strategy selection process: -0.027294 --> -0.027192, len_BS = 3859
Blocksize strategy selection process: -0.027293 --> -0.027192, len_BS = 3859
Blocksize strategy selection process: -0.027292 --> -0.027192, len_BS = 3859
Blocksize strategy selection process: -0.027291 --> -0.027192, len_BS = 3859
Blocksize strategy selection process: -0.027290 --> -0.027192, len_BS = 3859
Blocksize strategy selection process: -0.027289 --> -0.027192, len_BS = 3859
Blocksize strategy selection process: -0.027280 --> -0.027192, len_BS = 3859
Blocksize strategy selection process: -0.027279 --> -0.027192, len_BS = 3859
Blocksize strategy selection process: -0.027278 --> -0.027192, len_BS = 3859
Blocksize strategy selection process: -0.027277 --> -0.027192, len_BS = 3859
Blocksize strategy selection process: -0.027276 --> -0.027192, len_BS = 3859
Blocksize strategy selection process: -0.027275 --> -0.027192, len_BS = 3859
Blocksize strategy selection process: -0.027274 --> -0.027192, len_BS = 3859
Blocksize strategy selection process: -0.027273 --> -0.027192, len_BS = 3859
Blocksize strategy selection process: -0.027265 --> -0.027192, len_BS = 3859
Blocksize strategy selection process: -0.027264 --> -0.027192, len_BS = 3859
Blocksize strategy selection process: -0.027263 --> -0.027192, len_BS = 3859
Blocksize strategy selection process: -0.027262 --> -0.027192, len_BS = 3859
Blocksize strategy selection process: -0.027261 --> -0.027192, len_BS = 3859
Blocksize strategy selection process: -0.027260 --> -0.027192, len_BS = 3859
Blocksize strategy selection process: -0.027259 --> -0.027192, len_BS = 3859
Blocksize strategy selection process: -0.027252 --> -0.027192, len_BS = 3859
Blocksize strategy selection process: -0.027251 --> -0.027192, len_BS = 3859
Blocksize strategy selection process: -0.027250 --> -0.027192, len_BS = 3859
Blocksize strategy selection process: -0.027249 --> -0.027192, len_BS = 3859
Blocksize strategy selection process: -0.027248 --> -0.027192, len_BS = 3859
Blocksize strategy selection process: -0.027247 --> -0.027192, len_BS = 3859
Blocksize strategy selection process: -0.027246 --> -0.027192, len_BS = 3859
Blocksize strategy selection process: -0.027245 --> -0.027192, len_BS = 3859
Blocksize strategy selection process: -0.027239 --> -0.027192, len_BS = 3859
Blocksize strategy selection process: -0.027238 --> -0.027192, len_BS = 3859
Blocksize strategy selection process: -0.027237 --> -0.027192, len_BS = 3859
Blocksize strategy selection process: -0.027236 --> -0.027192, len_BS = 3859
Blocksize strategy selection process: -0.027235 --> -0.027192, len_BS = 3859
Blocksize strategy selection process: -0.027234 --> -0.027192, len_BS = 3859
Blocksize strategy selection process: -0.027233 --> -0.027192, len_BS = 3859
Blocksize strategy selection process: -0.027228 --> -0.027192, len_BS = 3859
Blocksize strategy selection process: -0.027227 --> -0.027192, len_BS = 3859
Blocksize strategy selection process: -0.027226 --> -0.027192, len_BS = 3859
Blocksize strategy selection process: -0.027225 --> -0.027192, len_BS = 3859
Blocksize strategy selection process: -0.027224 --> -0.027192, len_BS = 3859
Blocksize strategy selection process: -0.027219 --> -0.027192, len_BS = 3859
Blocksize strategy selection process: -0.027217 --> -0.027192, len_BS = 3859
Blocksize strategy selection process: -0.027216 --> -0.027192, len_BS = 3859
Blocksize strategy selection process: -0.027215 --> -0.027192, len_BS = 3859
Blocksize strategy selection process: -0.027214 --> -0.027192, len_BS = 3859
Blocksize strategy selection process: -0.027210 --> -0.027192, len_BS = 3859
Blocksize strategy selection process: -0.027209 --> -0.027192, len_BS = 3859
Blocksize strategy selection process: -0.027208 --> -0.027192, len_BS = 3859
Blocksize strategy selection process: -0.027207 --> -0.027192, len_BS = 3859
Blocksize strategy selection process: -0.027203 --> -0.027192, len_BS = 3859
Blocksize strategy selection process: -0.027202 --> -0.027192, len_BS = 3859
Blocksize strategy selection process: -0.027201 --> -0.027192, len_BS = 3859
Blocksize strategy selection process: -0.027200 --> -0.027192, len_BS = 3859
Blocksize strategy selection process: -0.027199 --> -0.027192, len_BS = 3859
Blocksize strategy selection process: -0.027197 --> -0.027192, len_BS = 3859
Blocksize strategy selection process: -0.027196 --> -0.027192, len_BS = 3859
Blocksize strategy selection process: -0.027195 --> -0.027192, len_BS = 3859
Blocksize strategy selection process: -0.027193 --> -0.027192, len_BS = 3859
Blocksize strategy selection process: -0.027192 --> -0.027192, len_BS = 3859
len(BS) = 3859
Time cost for generating Strategy: 703.066565 s
[16.258631739450166,16.22720623728955,16.195818392376925,16.164466755889077,16.133149873481766,16.101866284979696,16.07061452405843,16.039393117917935,16.008200586947453,15.977035444381272,15.945896195945117,15.914781339492713,15.88368936463215,15.852618752341623,15.821567974574112,15.790535493850541,15.759519762840945,15.728519223933116,15.697532308788247,15.666557437882997,15.635593020037387,15.604637451927978,15.573689117585634,15.54274638787727,15.511807619970849,15.480871156782953,15.449935326408085,15.418998441529027,15.388058798807318,15.357114678253033,15.326164342572948,15.295206036496118,15.26423798607589,15.233258397967298,15.20226545867872,15.171257333796731,15.140232167182848,15.10918808014102,15.078123170554477,15.047035511990671,15.015923152772778,14.984784115016431,14.95361639363,14.92241795527697,14.891186737298682,14.859920646595796,14.8286175584667,14.797275315401073,14.765891725826805,14.734464562808377,14.702991562694837,14.671470423715455,14.639898804521255,14.608274322670503,14.576594553056424,14.544857026275452,14.51305922693452,14.481198591896039,14.449272508459476,14.417278312478913,14.385213286416253,14.353074657330534,14.320859594804315,14.288565208809331,14.256188547514558,14.22372659504149,14.19121563618178,14.158813160968599,14.126398714840903,14.093944891178985,14.061410204249444,14.0287791227937,13.996053922733104,13.963220701200658,13.930316083320893,13.89729071869947,13.86416473446507,13.830900642110553,13.79755094020934,13.764064119885564,13.730451903041203,13.696703877938848,13.662829583401997,13.62882298315596,13.594669514299024,13.560385000022041,13.525946533807183,13.491364281320077,13.456615118110836,13.42172246018043,13.386669478559611,13.351448967285805,13.31605016719649,13.280478492008768,13.24474781809553,13.208838637946549,13.172775792250196,13.13651494470557,13.100070594761647,13.063445492712184,13.026618089904687,12.98961853659954,12.952406194545656,12.91500635939219,12.877428061790255,12.839654199195799,12.80167280469814,12.763504396074225,12.725169267120737,12.686792768002501,12.6485007612958,12.6256973964307,12.602778729401859,12.57974343585153,12.556590167481154,12.533317551460277,12.509924189817054,12.486408658809578,12.46276950827733,12.439005260972,12.415114411866892,12.391095427444053,12.366946744958332,12.342666771677386,12.31825388409677,12.293706427129075,12.269022713266104,12.244201021713009,12.219239597493287,12.194136650523397,12.168890354655849,12.143498846689404,12.117960225345081,12.092272550206541,12.066433840623366,12.040442074575703,12.014295187498606,11.987991071064428,11.961527571921456,11.934902490386891,11.908113579092257,11.881158541579172,11.854035030843292,11.826740647824215,11.799272939838929,11.771629398956343,11.74380746031026,11.715804500348082,11.687617835012347,11.659244717852056,11.630682338060662,11.601927818437359,11.57297821326818,11.543830506123243,11.514481607566264,11.484928352772352,11.455167499049757,11.4251957232612,11.395009619140058,11.364605694496548,11.333980368308728,11.303129967692984,11.272050724748334,11.240738773268678,11.209190145316771,11.177400767653582,11.14536645801619,11.113082921237268,11.080545745198874,11.04775039661289,11.014692216620261,10.981366416200938,10.947768071386005,10.913892118263417,10.879733347768408,10.845286400249572,10.810545759801343,10.775505748353693,10.740160519509692,10.704504052121877,10.668530143598392,10.632232402930496,10.595604243433295,10.55863887519279,10.521329297212976,10.483668289258619,10.44564840339102,10.407261955196581,10.368501014711175,10.32935739704733,10.289822652735998,10.249888057801169,10.2095446035931,10.168782986415545,10.127593596994402,10.085966509849582,10.043891472650413,10.001357895657112,9.958354841378652,9.91487101461191,9.870894753069292,9.831767932012577,9.814010749081396,9.779980229493912,9.742210438712075,9.69875921065365,9.653114868159694,9.607683656444724,9.560267536212587,9.517724411444396,9.468398236698894,9.421688604713484,9.369779916142637,9.324872925437662,9.27287511806753,9.222334370944221,9.170252231013151,9.119331562819236,9.067463691833256,9.01348296050451,8.961507314521125,8.906285336693424,8.85229193745311,8.795009826755422,8.740745381467667,8.684048701640977,8.626211687214061,8.566743897031253,8.507834083558192,8.45063858169994,8.390631059725852,8.333823365134535,8.270832268073416,8.20961509422366,8.148588457927,8.084450452784166,8.024210582296737,7.958271759163345,7.895560355566104,7.833889627421173,7.7697144908361055,7.7037162894058335,7.6403009737381025,7.5794586002920745,7.53549712893263,7.508611597783229]
MinStrategy is: [87, 107, 107, 117, 118, 127, 133, 136] + pump(86,160,23) , ['87 * 1 (-0.049278) , cost = 327.3324 s', '107 * 2 (-0.038196) , cost = 1470.0126 s', '117 * 1 (-0.036228) , cost = 1635.6096 s', '118 * 1 (-0.035477) , cost = 2110.8564 s', '127 * 1 (-0.034522) , cost = 16243.9260 s', '133 * 1 (-0.033735) , cost = 75052.5120 s', '136 * 1 (-0.033297) , cost = 161325.2503 s'] + pump(86,160,23)
[87,107,107,117,118,127,133,136]
Time cost for pnj-BKZ = 71.71 h,
Time cost for pump = 178.80 h,
Total time cost = 250.51 h.
