New Strategy:
n = 50, alpha = 0.025, q = 2503, jump = 1, goal_margin = 1.50, MAX_TIME = inf h
[15.650490582863549, 15.650490582863549, 15.650490582863549, 15.650490582863549, 15.650490582863549, 15.650490582863549, 15.650490582863549, 15.650490582863549, 15.650490582863549, 15.650490582863549, 15.650490582863549, 15.650490582863549, 15.650490582863549, 15.650490582863549, 15.650490582863549, 15.650490582863549, 15.650490582863549, 15.650490582863549, 15.650490582863549, 15.650490582863549, 15.650490582863549, 15.650490582863549, 15.650490582863549, 15.650490582863549, 15.650490582863549, 15.650490582863549, 15.650490582863549, 15.650490582863549, 15.650490582863549, 15.650490582863549, 15.650490582863549, 15.650490582863549, 15.650490582863549, 15.650490582863549, 15.650490582863549, 15.650490582863549, 15.650490582863549, 15.650490582863549, 15.650490582863549, 15.650490582863549, 15.650490582863549, 15.650490582863549, 15.650490582863549, 15.650490582863549, 15.650490582863549, 15.650490582863549, 15.650490582863549, 15.650490582863549, 15.650490582863549, 15.650490582863549, 15.650490582863549, 15.650490582863549, 15.650490582863549, 15.650490582863549, 15.650490582863549, 15.650490582863549, 15.650490582863549, 15.650490582863549, 15.650490582863549, 15.650490582863549, 15.650490582863549, 15.650490582863549, 15.650490582863549, 15.650490582863549, 15.650490582863549, 15.650490582863549, 15.650490582863549, 15.650490582863549, 15.650490582863549, 15.650490582863549, 15.650490582863549, 15.650490582863549, 15.650490582863549, 15.650490582863549, 15.650490582863549, 15.650490582863549, 15.650490582863549, 15.650490582863549, 15.650490582863549, 15.650490582863549, 15.650490582863549, 15.650490582863549, 15.650490582863549, 15.650490582863549, 15.650490582863549, 15.650490582863549, 15.650490582863549, 15.650490582863549, 15.650490582863549, 15.564335907872717, 15.494922339372899, 15.534173062458642, 15.57891781679782, 15.56499462744822, 15.568754500419518, 15.42283257312949, 15.25111116713786, 15.170240311067142, 15.16378815103928, 15.084184041579277, 15.120540762235022, 15.083740487558407, 14.892338384186344, 14.829559189110064, 14.690907172735999, 14.645846669560688, 14.523641599739738, 14.324333093988223, 14.052626141170615, 14.004360911109108, 13.946117870454895, 13.98263207640706, 14.149894170886844, 14.048819945384892, 13.857579957639143, 13.736131461507519, 13.680729033347154, 13.475069695767877, 13.51360659294172, 13.540804801433746, 13.325978543705196, 13.234410046238406, 13.103843119128262, 13.045699855087747, 12.935569125981553, 12.826001651957446, 12.69685981826315, 12.667782758678849, 12.633877656889302, 12.611331123110748, 12.536010787802876, 12.382723889771649, 12.287913177693362, 12.37823341607522, 12.312862360951984, 12.276795587194885, 12.032026251077971, 12.087693061130393, 11.80531702130559, 11.630529207866736, 11.391375667535566, 11.314497979224457, 11.27789889986531, 11.274785833319985, 11.174996658672116, 11.283848023102214, 11.219959644317031, 10.993860499998888, 10.956400017857419, 10.860187775965747, 10.734521955331141, 10.722026424929666, 10.600730401694216, 10.476014072944547, 10.344963355766742, 10.369492933583468, 10.505728115491756, 10.367463553370698, 10.30275808647899, 10.060261287818241, 10.053385741332576, 9.990281197149894, 9.912459251097813, 9.87784485315541, 9.641870166009136, 9.44817452929844, 9.28600637087031, 9.146811124750064, 9.157223082422789, 9.010546056131355, 9.04154492313281, 8.91327181449006, 8.900729135911671, 8.836154595428571, 8.59739836923425, 8.580826282033625, 8.367159882745224, 8.300879478526944, 8.043432099476735, 8.045827446729835, 7.861524466252482, 7.886878110572294, 7.933133198559704, 7.875795069853842, 7.798568929541287, 7.708988345395906, 7.507573763514652, 7.564158480416719, 7.314152898672776, 7.114854376210257, 7.017026688956944, 6.973285168422209, 6.910814314687999, 6.752656171158805, 6.580650085707675, 6.692881195201838, 6.643375392745455, 6.556390883031491, 6.511254882637179, 6.435494287775749, 6.238399287786708, 6.207675630422178, 6.04048838450997, 5.94365610300142, 5.890937638723769, 5.85020526744107, 5.7783830920467985, 5.660264926731914, 5.53856635465289, 5.340635933391882, 5.24671377002279, 5.295885298759335, 5.106018717253355, 4.977721208380044, 4.986727899250291, 4.876172994434289, 4.809640995874722, 4.8305031656730355, 4.770312218146556, 4.699248598259598, 4.466529139630272, 4.407622761453673, 4.6032410752401205, 4.398689222014892, 4.38438992690875, 4.308327981851679, 4.226377872901783, 4.325657382008014, 4.352579335722096]
Blocksize strategy selection process: -0.055349 --> -0.055349, len_BS = 1
Blocksize strategy selection process: -0.045957 --> -0.028328, len_BS = 158
Blocksize strategy selection process: -0.045791 --> -0.028327, len_BS = 237
Blocksize strategy selection process: -0.045625 --> -0.028327, len_BS = 314
Blocksize strategy selection process: -0.045458 --> -0.028327, len_BS = 379
Blocksize strategy selection process: -0.045292 --> -0.028327, len_BS = 446
Blocksize strategy selection process: -0.041416 --> -0.028327, len_BS = 518
Blocksize strategy selection process: -0.041301 --> -0.028327, len_BS = 586
Blocksize strategy selection process: -0.041224 --> -0.028327, len_BS = 659
Blocksize strategy selection process: -0.041187 --> -0.028327, len_BS = 718
Blocksize strategy selection process: -0.041110 --> -0.028327, len_BS = 767
Blocksize strategy selection process: -0.041071 --> -0.028327, len_BS = 821
Blocksize strategy selection process: -0.041034 --> -0.028327, len_BS = 874
Blocksize strategy selection process: -0.040996 --> -0.028327, len_BS = 882
Blocksize strategy selection process: -0.040955 --> -0.028327, len_BS = 932
Blocksize strategy selection process: -0.040920 --> -0.028327, len_BS = 984
Blocksize strategy selection process: -0.040881 --> -0.028327, len_BS = 987
Blocksize strategy selection process: -0.039055 --> -0.028327, len_BS = 1042
Blocksize strategy selection process: -0.038996 --> -0.028326, len_BS = 956
Blocksize strategy selection process: -0.038934 --> -0.028326, len_BS = 1007
Blocksize strategy selection process: -0.038877 --> -0.028326, len_BS = 1068
Blocksize strategy selection process: -0.038820 --> -0.028326, len_BS = 1123
Blocksize strategy selection process: -0.037733 --> -0.028326, len_BS = 1174
Blocksize strategy selection process: -0.037694 --> -0.028326, len_BS = 1110
Blocksize strategy selection process: -0.037673 --> -0.028326, len_BS = 1150
Blocksize strategy selection process: -0.037654 --> -0.028326, len_BS = 1181
Blocksize strategy selection process: -0.037596 --> -0.028326, len_BS = 1197
Blocksize strategy selection process: -0.037557 --> -0.028326, len_BS = 1245
Blocksize strategy selection process: -0.037536 --> -0.028326, len_BS = 1280
Blocksize strategy selection process: -0.037517 --> -0.028326, len_BS = 1305
Blocksize strategy selection process: -0.037515 --> -0.028326, len_BS = 1330
Blocksize strategy selection process: -0.036937 --> -0.028326, len_BS = 1333
Blocksize strategy selection process: -0.036922 --> -0.028326, len_BS = 1389
Blocksize strategy selection process: -0.036906 --> -0.028326, len_BS = 1411
Blocksize strategy selection process: -0.036852 --> -0.028326, len_BS = 1426
Blocksize strategy selection process: -0.036836 --> -0.028326, len_BS = 1483
Blocksize strategy selection process: -0.036589 --> -0.028326, len_BS = 1496
Blocksize strategy selection process: -0.036579 --> -0.028326, len_BS = 1561
Blocksize strategy selection process: -0.036573 --> -0.028326, len_BS = 1572
Blocksize strategy selection process: -0.036568 --> -0.028326, len_BS = 1579
Blocksize strategy selection process: -0.036563 --> -0.028326, len_BS = 1586
Blocksize strategy selection process: -0.036509 --> -0.028326, len_BS = 1590
Blocksize strategy selection process: -0.036499 --> -0.028326, len_BS = 1646
Blocksize strategy selection process: -0.036494 --> -0.028326, len_BS = 1654
Blocksize strategy selection process: -0.036489 --> -0.028326, len_BS = 1657
Blocksize strategy selection process: -0.036477 --> -0.028326, len_BS = 1666
Blocksize strategy selection process: -0.036429 --> -0.028326, len_BS = 1678
Blocksize strategy selection process: -0.036061 --> -0.028326, len_BS = 1726
Blocksize strategy selection process: -0.036048 --> -0.028326, len_BS = 1724
Blocksize strategy selection process: -0.036028 --> -0.028326, len_BS = 1746
Blocksize strategy selection process: -0.036016 --> -0.028326, len_BS = 1774
Blocksize strategy selection process: -0.036003 --> -0.028326, len_BS = 1795
Blocksize strategy selection process: -0.035770 --> -0.028326, len_BS = 1813
Blocksize strategy selection process: -0.035761 --> -0.028326, len_BS = 1793
Blocksize strategy selection process: -0.035756 --> -0.028326, len_BS = 1819
Blocksize strategy selection process: -0.035752 --> -0.028326, len_BS = 1830
Blocksize strategy selection process: -0.035733 --> -0.028326, len_BS = 1845
Blocksize strategy selection process: -0.035725 --> -0.028326, len_BS = 1871
Blocksize strategy selection process: -0.035720 --> -0.028326, len_BS = 1889
Blocksize strategy selection process: -0.035716 --> -0.028326, len_BS = 1898
Blocksize strategy selection process: -0.035596 --> -0.028326, len_BS = 1914
Blocksize strategy selection process: -0.035593 --> -0.028326, len_BS = 1946
Blocksize strategy selection process: -0.035590 --> -0.028326, len_BS = 1952
Blocksize strategy selection process: -0.035572 --> -0.028326, len_BS = 1963
Blocksize strategy selection process: -0.035569 --> -0.028326, len_BS = 1992
Blocksize strategy selection process: -0.035515 --> -0.028326, len_BS = 2000
Blocksize strategy selection process: -0.035497 --> -0.028326, len_BS = 2038
Blocksize strategy selection process: -0.035489 --> -0.028326, len_BS = 2035
Blocksize strategy selection process: -0.035485 --> -0.028326, len_BS = 2038
Blocksize strategy selection process: -0.035482 --> -0.028326, len_BS = 2048
Blocksize strategy selection process: -0.035442 --> -0.028326, len_BS = 2063
Blocksize strategy selection process: -0.035440 --> -0.028326, len_BS = 2100
Blocksize strategy selection process: -0.035354 --> -0.028326, len_BS = 2110
Blocksize strategy selection process: -0.035351 --> -0.028326, len_BS = 2159
Blocksize strategy selection process: -0.035347 --> -0.028326, len_BS = 2163
Blocksize strategy selection process: -0.035344 --> -0.028326, len_BS = 2174
Blocksize strategy selection process: -0.035341 --> -0.028326, len_BS = 2182
Blocksize strategy selection process: -0.035277 --> -0.028326, len_BS = 2189
Blocksize strategy selection process: -0.035274 --> -0.028326, len_BS = 2213
Blocksize strategy selection process: -0.035270 --> -0.028326, len_BS = 2216
Blocksize strategy selection process: -0.035267 --> -0.028326, len_BS = 2227
Blocksize strategy selection process: -0.035199 --> -0.028326, len_BS = 2232
Blocksize strategy selection process: -0.035197 --> -0.028326, len_BS = 2268
Blocksize strategy selection process: -0.035181 --> -0.028326, len_BS = 2279
Blocksize strategy selection process: -0.035180 --> -0.028326, len_BS = 2262
Blocksize strategy selection process: -0.035140 --> -0.028326, len_BS = 2262
Blocksize strategy selection process: -0.035138 --> -0.028326, len_BS = 2283
Blocksize strategy selection process: -0.035137 --> -0.028326, len_BS = 2287
Blocksize strategy selection process: -0.035133 --> -0.028326, len_BS = 2291
Blocksize strategy selection process: -0.035131 --> -0.028326, len_BS = 2302
Blocksize strategy selection process: -0.035130 --> -0.028326, len_BS = 2306
Blocksize strategy selection process: -0.035129 --> -0.028326, len_BS = 2313
Blocksize strategy selection process: -0.035105 --> -0.028326, len_BS = 2314
Blocksize strategy selection process: -0.035104 --> -0.028326, len_BS = 2337
Blocksize strategy selection process: -0.035063 --> -0.028326, len_BS = 2340
Blocksize strategy selection process: -0.035061 --> -0.028326, len_BS = 2365
Blocksize strategy selection process: -0.035060 --> -0.028326, len_BS = 2370
Blocksize strategy selection process: -0.035056 --> -0.028326, len_BS = 2370
Blocksize strategy selection process: -0.035054 --> -0.028326, len_BS = 2384
Blocksize strategy selection process: -0.035053 --> -0.028326, len_BS = 2389
Blocksize strategy selection process: -0.035029 --> -0.028326, len_BS = 2391
Blocksize strategy selection process: -0.035028 --> -0.028326, len_BS = 2421
Blocksize strategy selection process: -0.035027 --> -0.028326, len_BS = 2424
Blocksize strategy selection process: -0.034986 --> -0.028326, len_BS = 2424
Blocksize strategy selection process: -0.034984 --> -0.028326, len_BS = 2468
Blocksize strategy selection process: -0.034983 --> -0.028326, len_BS = 2473
Blocksize strategy selection process: -0.034982 --> -0.028326, len_BS = 2476
Blocksize strategy selection process: -0.034979 --> -0.028326, len_BS = 2481
Blocksize strategy selection process: -0.034977 --> -0.028326, len_BS = 2490
Blocksize strategy selection process: -0.034976 --> -0.028326, len_BS = 2495
Blocksize strategy selection process: -0.034975 --> -0.028326, len_BS = 2499
Blocksize strategy selection process: -0.034952 --> -0.028326, len_BS = 2500
Blocksize strategy selection process: -0.034951 --> -0.028326, len_BS = 2529
Blocksize strategy selection process: -0.034908 --> -0.028326, len_BS = 2532
Blocksize strategy selection process: -0.034907 --> -0.028326, len_BS = 2571
Blocksize strategy selection process: -0.034906 --> -0.028326, len_BS = 2575
Blocksize strategy selection process: -0.034901 --> -0.028326, len_BS = 2578
Blocksize strategy selection process: -0.034900 --> -0.028326, len_BS = 2589
Blocksize strategy selection process: -0.034899 --> -0.028326, len_BS = 2597
Blocksize strategy selection process: -0.034898 --> -0.028326, len_BS = 2597
Blocksize strategy selection process: -0.034805 --> -0.028326, len_BS = 2604
Blocksize strategy selection process: -0.034803 --> -0.028326, len_BS = 2619
Blocksize strategy selection process: -0.034799 --> -0.028326, len_BS = 2623
Blocksize strategy selection process: -0.034797 --> -0.028326, len_BS = 2631
Blocksize strategy selection process: -0.034796 --> -0.028326, len_BS = 2650
Blocksize strategy selection process: -0.034793 --> -0.028326, len_BS = 2653
Blocksize strategy selection process: -0.034792 --> -0.028326, len_BS = 2663
Blocksize strategy selection process: -0.034777 --> -0.028326, len_BS = 2664
Blocksize strategy selection process: -0.034776 --> -0.028326, len_BS = 2665
Blocksize strategy selection process: -0.034764 --> -0.028326, len_BS = 2665
Blocksize strategy selection process: -0.034763 --> -0.028326, len_BS = 2691
Blocksize strategy selection process: -0.034719 --> -0.028326, len_BS = 2693
Blocksize strategy selection process: -0.034718 --> -0.028326, len_BS = 2713
Blocksize strategy selection process: -0.034700 --> -0.028326, len_BS = 2716
Blocksize strategy selection process: -0.034687 --> -0.028326, len_BS = 2739
Blocksize strategy selection process: -0.034686 --> -0.028326, len_BS = 2762
Blocksize strategy selection process: -0.034593 --> -0.028326, len_BS = 2764
Blocksize strategy selection process: -0.034591 --> -0.028326, len_BS = 2746
Blocksize strategy selection process: -0.034587 --> -0.028326, len_BS = 2748
Blocksize strategy selection process: -0.034585 --> -0.028326, len_BS = 2762
Blocksize strategy selection process: -0.034583 --> -0.028326, len_BS = 2765
Blocksize strategy selection process: -0.034513 --> -0.028326, len_BS = 2767
Blocksize strategy selection process: -0.034511 --> -0.028326, len_BS = 2658
Blocksize strategy selection process: -0.034510 --> -0.028326, len_BS = 2661
Blocksize strategy selection process: -0.034507 --> -0.028326, len_BS = 2664
Blocksize strategy selection process: -0.034505 --> -0.028326, len_BS = 2678
Blocksize strategy selection process: -0.034504 --> -0.028326, len_BS = 2681
Blocksize strategy selection process: -0.034483 --> -0.028326, len_BS = 2682
Blocksize strategy selection process: -0.034482 --> -0.028326, len_BS = 2710
Blocksize strategy selection process: -0.034479 --> -0.028326, len_BS = 2711
Blocksize strategy selection process: -0.034478 --> -0.028326, len_BS = 2720
Blocksize strategy selection process: -0.034433 --> -0.028326, len_BS = 2723
Blocksize strategy selection process: -0.034431 --> -0.028326, len_BS = 2759
Blocksize strategy selection process: -0.034430 --> -0.028326, len_BS = 2764
Blocksize strategy selection process: -0.034427 --> -0.028326, len_BS = 2767
Blocksize strategy selection process: -0.034425 --> -0.028326, len_BS = 2779
Blocksize strategy selection process: -0.034353 --> -0.028326, len_BS = 2781
Blocksize strategy selection process: -0.034351 --> -0.028326, len_BS = 2810
Blocksize strategy selection process: -0.034350 --> -0.028326, len_BS = 2812
Blocksize strategy selection process: -0.034347 --> -0.028326, len_BS = 2817
Blocksize strategy selection process: -0.034345 --> -0.028326, len_BS = 2828
Blocksize strategy selection process: -0.034328 --> -0.028326, len_BS = 2838
Blocksize strategy selection process: -0.034327 --> -0.028326, len_BS = 2838
Blocksize strategy selection process: -0.034318 --> -0.028326, len_BS = 2838
Blocksize strategy selection process: -0.034317 --> -0.028326, len_BS = 2851
Blocksize strategy selection process: -0.034316 --> -0.028326, len_BS = 2851
Blocksize strategy selection process: -0.034312 --> -0.028326, len_BS = 2852
Blocksize strategy selection process: -0.034301 --> -0.028326, len_BS = 2862
Blocksize strategy selection process: -0.034300 --> -0.028326, len_BS = 2885
Blocksize strategy selection process: -0.034299 --> -0.028326, len_BS = 2886
Blocksize strategy selection process: -0.034295 --> -0.028326, len_BS = 2886
Blocksize strategy selection process: -0.034284 --> -0.028326, len_BS = 2897
Blocksize strategy selection process: -0.034283 --> -0.028326, len_BS = 2915
Blocksize strategy selection process: -0.034240 --> -0.028326, len_BS = 2915
Blocksize strategy selection process: -0.034238 --> -0.028326, len_BS = 2941
Blocksize strategy selection process: -0.034234 --> -0.028326, len_BS = 2945
Blocksize strategy selection process: -0.034223 --> -0.028326, len_BS = 2955
Blocksize strategy selection process: -0.034222 --> -0.028326, len_BS = 2979
Blocksize strategy selection process: -0.034221 --> -0.028326, len_BS = 2981
Blocksize strategy selection process: -0.034217 --> -0.028326, len_BS = 2983
Blocksize strategy selection process: -0.034124 --> -0.028326, len_BS = 2991
Blocksize strategy selection process: -0.034123 --> -0.028326, len_BS = 2993
Blocksize strategy selection process: -0.034112 --> -0.028326, len_BS = 3016
Blocksize strategy selection process: -0.034111 --> -0.028326, len_BS = 3034
Blocksize strategy selection process: -0.034110 --> -0.028326, len_BS = 3034
Blocksize strategy selection process: -0.034066 --> -0.028326, len_BS = 3034
Blocksize strategy selection process: -0.034065 --> -0.028326, len_BS = 3071
Blocksize strategy selection process: -0.034064 --> -0.028326, len_BS = 3077
Blocksize strategy selection process: -0.034061 --> -0.028326, len_BS = 3078
Blocksize strategy selection process: -0.034060 --> -0.028326, len_BS = 3089
Blocksize strategy selection process: -0.034050 --> -0.028326, len_BS = 3089
Blocksize strategy selection process: -0.034049 --> -0.028326, len_BS = 3113
Blocksize strategy selection process: -0.034048 --> -0.028326, len_BS = 3114
Blocksize strategy selection process: -0.034045 --> -0.028326, len_BS = 3120
Blocksize strategy selection process: -0.034044 --> -0.028326, len_BS = 3135
Blocksize strategy selection process: -0.033998 --> -0.028326, len_BS = 3135
Blocksize strategy selection process: -0.033997 --> -0.028326, len_BS = 3168
Blocksize strategy selection process: -0.033994 --> -0.028326, len_BS = 3206
Blocksize strategy selection process: -0.033992 --> -0.028326, len_BS = 3214
Blocksize strategy selection process: -0.033935 --> -0.028326, len_BS = 3218
Blocksize strategy selection process: -0.033934 --> -0.028326, len_BS = 3231
Blocksize strategy selection process: -0.033933 --> -0.028326, len_BS = 3232
Blocksize strategy selection process: -0.033932 --> -0.028326, len_BS = 3235
Blocksize strategy selection process: -0.033888 --> -0.028326, len_BS = 3237
Blocksize strategy selection process: -0.033887 --> -0.028326, len_BS = 3252
Blocksize strategy selection process: -0.033813 --> -0.028326, len_BS = 3255
Blocksize strategy selection process: -0.033812 --> -0.028326, len_BS = 3250
Blocksize strategy selection process: -0.033800 --> -0.028326, len_BS = 3253
Blocksize strategy selection process: -0.033799 --> -0.028326, len_BS = 3263
Blocksize strategy selection process: -0.033796 --> -0.028326, len_BS = 3263
Blocksize strategy selection process: -0.033795 --> -0.028326, len_BS = 3263
Blocksize strategy selection process: -0.033700 --> -0.028326, len_BS = 3263
Blocksize strategy selection process: -0.033699 --> -0.028326, len_BS = 3239
Blocksize strategy selection process: -0.033698 --> -0.028326, len_BS = 3240
Blocksize strategy selection process: -0.033697 --> -0.028326, len_BS = 3242
Blocksize strategy selection process: -0.033621 --> -0.028326, len_BS = 3244
Blocksize strategy selection process: -0.033620 --> -0.028326, len_BS = 3238
Blocksize strategy selection process: -0.033619 --> -0.028326, len_BS = 3240
Blocksize strategy selection process: -0.033542 --> -0.028326, len_BS = 3242
Blocksize strategy selection process: -0.033540 --> -0.028326, len_BS = 3237
Blocksize strategy selection process: -0.033495 --> -0.028326, len_BS = 3242
Blocksize strategy selection process: -0.033394 --> -0.028326, len_BS = 3251
Blocksize strategy selection process: -0.033321 --> -0.028326, len_BS = 3219
Blocksize strategy selection process: -0.033320 --> -0.028326, len_BS = 3217
Blocksize strategy selection process: -0.033303 --> -0.028326, len_BS = 3217
Blocksize strategy selection process: -0.033302 --> -0.028326, len_BS = 3234
Blocksize strategy selection process: -0.033301 --> -0.028326, len_BS = 3234
Blocksize strategy selection process: -0.033300 --> -0.028326, len_BS = 3237
Blocksize strategy selection process: -0.033299 --> -0.028326, len_BS = 3238
Blocksize strategy selection process: -0.033290 --> -0.028326, len_BS = 3243
Blocksize strategy selection process: -0.033287 --> -0.028326, len_BS = 3251
Blocksize strategy selection process: -0.033285 --> -0.028326, len_BS = 3255
Blocksize strategy selection process: -0.033267 --> -0.028326, len_BS = 3257
Blocksize strategy selection process: -0.033266 --> -0.028326, len_BS = 3271
Blocksize strategy selection process: -0.033254 --> -0.028326, len_BS = 3271
Blocksize strategy selection process: -0.033253 --> -0.028326, len_BS = 3274
Blocksize strategy selection process: -0.033250 --> -0.028326, len_BS = 3274
Blocksize strategy selection process: -0.033241 --> -0.028326, len_BS = 3278
Blocksize strategy selection process: -0.033240 --> -0.028326, len_BS = 3291
Blocksize strategy selection process: -0.033229 --> -0.028326, len_BS = 3291
Blocksize strategy selection process: -0.033228 --> -0.028326, len_BS = 3305
Blocksize strategy selection process: -0.033227 --> -0.028326, len_BS = 3308
Blocksize strategy selection process: -0.033226 --> -0.028326, len_BS = 3308
Blocksize strategy selection process: -0.033225 --> -0.028326, len_BS = 3309
Blocksize strategy selection process: -0.033224 --> -0.028326, len_BS = 3312
Blocksize strategy selection process: -0.033223 --> -0.028326, len_BS = 3313
Blocksize strategy selection process: -0.033221 --> -0.028326, len_BS = 3313
Blocksize strategy selection process: -0.033213 --> -0.028326, len_BS = 3318
Blocksize strategy selection process: -0.033212 --> -0.028326, len_BS = 3329
Blocksize strategy selection process: -0.033211 --> -0.028326, len_BS = 3330
Blocksize strategy selection process: -0.033210 --> -0.028326, len_BS = 3332
Blocksize strategy selection process: -0.033151 --> -0.028326, len_BS = 3332
Blocksize strategy selection process: -0.033149 --> -0.028326, len_BS = 3326
Blocksize strategy selection process: -0.033148 --> -0.028326, len_BS = 3329
Blocksize strategy selection process: -0.033147 --> -0.028326, len_BS = 3329
Blocksize strategy selection process: -0.033143 --> -0.028326, len_BS = 3330
Blocksize strategy selection process: -0.033095 --> -0.028326, len_BS = 3335
Blocksize strategy selection process: -0.033092 --> -0.028326, len_BS = 3339
Blocksize strategy selection process: -0.033083 --> -0.028326, len_BS = 3343
Blocksize strategy selection process: -0.033082 --> -0.028326, len_BS = 3358
Blocksize strategy selection process: -0.033072 --> -0.028326, len_BS = 3359
Blocksize strategy selection process: -0.033070 --> -0.028326, len_BS = 3377
Blocksize strategy selection process: -0.033004 --> -0.028326, len_BS = 3382
Blocksize strategy selection process: -0.032994 --> -0.028326, len_BS = 3388
Blocksize strategy selection process: -0.032938 --> -0.028326, len_BS = 3406
Blocksize strategy selection process: -0.032937 --> -0.028326, len_BS = 3409
Blocksize strategy selection process: -0.032934 --> -0.028326, len_BS = 3409
Blocksize strategy selection process: -0.032899 --> -0.028326, len_BS = 3413
Blocksize strategy selection process: -0.032883 --> -0.028326, len_BS = 3430
Blocksize strategy selection process: -0.032882 --> -0.028326, len_BS = 3448
Blocksize strategy selection process: -0.032881 --> -0.028326, len_BS = 3451
Blocksize strategy selection process: -0.032836 --> -0.028326, len_BS = 3451
Blocksize strategy selection process: -0.032834 --> -0.028326, len_BS = 3459
Blocksize strategy selection process: -0.032805 --> -0.028326, len_BS = 3465
Blocksize strategy selection process: -0.032803 --> -0.028326, len_BS = 3484
Blocksize strategy selection process: -0.032802 --> -0.028326, len_BS = 3486
Blocksize strategy selection process: -0.032788 --> -0.028326, len_BS = 3486
Blocksize strategy selection process: -0.032787 --> -0.028326, len_BS = 3504
Blocksize strategy selection process: -0.032650 --> -0.028326, len_BS = 3504
Blocksize strategy selection process: -0.032649 --> -0.028326, len_BS = 3471
Blocksize strategy selection process: -0.032646 --> -0.028326, len_BS = 3471
Blocksize strategy selection process: -0.032645 --> -0.028326, len_BS = 3480
Blocksize strategy selection process: -0.032639 --> -0.028326, len_BS = 3480
Blocksize strategy selection process: -0.032638 --> -0.028326, len_BS = 3481
Blocksize strategy selection process: -0.032636 --> -0.028326, len_BS = 3481
Blocksize strategy selection process: -0.032631 --> -0.028326, len_BS = 3481
Blocksize strategy selection process: -0.032629 --> -0.028326, len_BS = 3484
Blocksize strategy selection process: -0.032569 --> -0.028326, len_BS = 3488
Blocksize strategy selection process: -0.032519 --> -0.028326, len_BS = 3487
Blocksize strategy selection process: -0.032438 --> -0.028326, len_BS = 3499
Blocksize strategy selection process: -0.032437 --> -0.028326, len_BS = 3491
Blocksize strategy selection process: -0.032436 --> -0.028326, len_BS = 3492
Blocksize strategy selection process: -0.032435 --> -0.028326, len_BS = 3493
Blocksize strategy selection process: -0.032411 --> -0.028326, len_BS = 3493
Blocksize strategy selection process: -0.032410 --> -0.028326, len_BS = 3508
Blocksize strategy selection process: -0.032178 --> -0.028326, len_BS = 3509
Blocksize strategy selection process: -0.032177 --> -0.028326, len_BS = 3418
Blocksize strategy selection process: -0.032176 --> -0.028326, len_BS = 3408
Blocksize strategy selection process: -0.032097 --> -0.028326, len_BS = 3409
Blocksize strategy selection process: -0.032050 --> -0.028326, len_BS = 3417
Blocksize strategy selection process: -0.032041 --> -0.028326, len_BS = 3430
Blocksize strategy selection process: -0.032040 --> -0.028326, len_BS = 3433
Blocksize strategy selection process: -0.032039 --> -0.028326, len_BS = 3433
Blocksize strategy selection process: -0.032038 --> -0.028326, len_BS = 3435
Blocksize strategy selection process: -0.032017 --> -0.028326, len_BS = 3438
Blocksize strategy selection process: -0.032016 --> -0.028326, len_BS = 3445
Blocksize strategy selection process: -0.032015 --> -0.028326, len_BS = 3445
Blocksize strategy selection process: -0.032010 --> -0.028326, len_BS = 3445
Blocksize strategy selection process: -0.032009 --> -0.028326, len_BS = 3446
Blocksize strategy selection process: -0.031963 --> -0.028326, len_BS = 3448
Blocksize strategy selection process: -0.031962 --> -0.028326, len_BS = 3457
Blocksize strategy selection process: -0.031961 --> -0.028326, len_BS = 3457
Blocksize strategy selection process: -0.031960 --> -0.028326, len_BS = 3457
Blocksize strategy selection process: -0.031881 --> -0.028326, len_BS = 3457
Blocksize strategy selection process: -0.031825 --> -0.028326, len_BS = 3457
Blocksize strategy selection process: -0.031795 --> -0.028326, len_BS = 3460
Blocksize strategy selection process: -0.031690 --> -0.028326, len_BS = 3471
Blocksize strategy selection process: -0.031657 --> -0.028326, len_BS = 3462
Blocksize strategy selection process: -0.031649 --> -0.028326, len_BS = 3478
Blocksize strategy selection process: -0.031635 --> -0.028326, len_BS = 3485
Blocksize strategy selection process: -0.031623 --> -0.028326, len_BS = 3492
Blocksize strategy selection process: -0.031617 --> -0.028326, len_BS = 3496
Blocksize strategy selection process: -0.031616 --> -0.028326, len_BS = 3502
Blocksize strategy selection process: -0.031615 --> -0.028326, len_BS = 3502
Blocksize strategy selection process: -0.031564 --> -0.028326, len_BS = 3502
Blocksize strategy selection process: -0.031563 --> -0.028326, len_BS = 3512
Blocksize strategy selection process: -0.031558 --> -0.028326, len_BS = 3513
Blocksize strategy selection process: -0.031547 --> -0.028326, len_BS = 3513
Blocksize strategy selection process: -0.031541 --> -0.028326, len_BS = 3522
Blocksize strategy selection process: -0.031495 --> -0.028326, len_BS = 3524
Blocksize strategy selection process: -0.031482 --> -0.028326, len_BS = 3536
Blocksize strategy selection process: -0.031465 --> -0.028326, len_BS = 3543
Blocksize strategy selection process: -0.031464 --> -0.028326, len_BS = 3551
Blocksize strategy selection process: -0.031463 --> -0.028326, len_BS = 3551
Blocksize strategy selection process: -0.031461 --> -0.028326, len_BS = 3551
Blocksize strategy selection process: -0.031460 --> -0.028326, len_BS = 3552
Blocksize strategy selection process: -0.031458 --> -0.028326, len_BS = 3552
Blocksize strategy selection process: -0.031395 --> -0.028326, len_BS = 3552
Blocksize strategy selection process: -0.031390 --> -0.028326, len_BS = 3551
Blocksize strategy selection process: -0.031389 --> -0.028326, len_BS = 3557
Blocksize strategy selection process: -0.031388 --> -0.028326, len_BS = 3557
Blocksize strategy selection process: -0.031387 --> -0.028326, len_BS = 3557
Blocksize strategy selection process: -0.031385 --> -0.028326, len_BS = 3557
Blocksize strategy selection process: -0.031315 --> -0.028326, len_BS = 3557
Blocksize strategy selection process: -0.031314 --> -0.028326, len_BS = 3564
Blocksize strategy selection process: -0.031312 --> -0.028326, len_BS = 3565
Blocksize strategy selection process: -0.031245 --> -0.028326, len_BS = 3566
Blocksize strategy selection process: -0.031100 --> -0.028326, len_BS = 3567
Blocksize strategy selection process: -0.031099 --> -0.028326, len_BS = 3555
Blocksize strategy selection process: -0.031098 --> -0.028326, len_BS = 3556
Blocksize strategy selection process: -0.031010 --> -0.028326, len_BS = 3557
Blocksize strategy selection process: -0.031009 --> -0.028326, len_BS = 3558
Blocksize strategy selection process: -0.031004 --> -0.028326, len_BS = 3558
Blocksize strategy selection process: -0.030934 --> -0.028326, len_BS = 3559
Blocksize strategy selection process: -0.030931 --> -0.028326, len_BS = 3566
Blocksize strategy selection process: -0.030919 --> -0.028326, len_BS = 3570
Blocksize strategy selection process: -0.030874 --> -0.028326, len_BS = 3572
Blocksize strategy selection process: -0.030873 --> -0.028326, len_BS = 3581
Blocksize strategy selection process: -0.030872 --> -0.028326, len_BS = 3581
Blocksize strategy selection process: -0.030871 --> -0.028326, len_BS = 3582
Blocksize strategy selection process: -0.030870 --> -0.028326, len_BS = 3582
Blocksize strategy selection process: -0.030869 --> -0.028326, len_BS = 3582
Blocksize strategy selection process: -0.030868 --> -0.028326, len_BS = 3582
Blocksize strategy selection process: -0.030864 --> -0.028326, len_BS = 3582
Blocksize strategy selection process: -0.030863 --> -0.028326, len_BS = 3584
Blocksize strategy selection process: -0.030859 --> -0.028326, len_BS = 3584
Blocksize strategy selection process: -0.030815 --> -0.028326, len_BS = 3586
Blocksize strategy selection process: -0.030803 --> -0.028326, len_BS = 3592
Blocksize strategy selection process: -0.030802 --> -0.028326, len_BS = 3594
Blocksize strategy selection process: -0.030801 --> -0.028326, len_BS = 3594
Blocksize strategy selection process: -0.030800 --> -0.028326, len_BS = 3594
Blocksize strategy selection process: -0.030799 --> -0.028326, len_BS = 3594
Blocksize strategy selection process: -0.030798 --> -0.028326, len_BS = 3594
Blocksize strategy selection process: -0.030793 --> -0.028326, len_BS = 3594
Blocksize strategy selection process: -0.030792 --> -0.028326, len_BS = 3598
Blocksize strategy selection process: -0.030704 --> -0.028326, len_BS = 3598
Blocksize strategy selection process: -0.030703 --> -0.028326, len_BS = 3599
Blocksize strategy selection process: -0.030637 --> -0.028326, len_BS = 3599
Blocksize strategy selection process: -0.030636 --> -0.028326, len_BS = 3603
Blocksize strategy selection process: -0.030596 --> -0.028326, len_BS = 3606
Blocksize strategy selection process: -0.030589 --> -0.028326, len_BS = 3614
Blocksize strategy selection process: -0.030582 --> -0.028326, len_BS = 3615
Blocksize strategy selection process: -0.030574 --> -0.028326, len_BS = 3615
Blocksize strategy selection process: -0.030523 --> -0.028326, len_BS = 3619
Blocksize strategy selection process: -0.030520 --> -0.028326, len_BS = 3627
Blocksize strategy selection process: -0.030511 --> -0.028326, len_BS = 3627
Blocksize strategy selection process: -0.030430 --> -0.028326, len_BS = 3627
Blocksize strategy selection process: -0.030357 --> -0.028326, len_BS = 3632
Blocksize strategy selection process: -0.030354 --> -0.028326, len_BS = 3636
Blocksize strategy selection process: -0.030297 --> -0.028326, len_BS = 3636
Blocksize strategy selection process: -0.030197 --> -0.028326, len_BS = 3639
Blocksize strategy selection process: -0.030109 --> -0.028326, len_BS = 3641
Blocksize strategy selection process: -0.030097 --> -0.028326, len_BS = 3642
Blocksize strategy selection process: -0.030061 --> -0.028326, len_BS = 3642
Blocksize strategy selection process: -0.030054 --> -0.028326, len_BS = 3646
Blocksize strategy selection process: -0.030051 --> -0.028326, len_BS = 3646
Blocksize strategy selection process: -0.029979 --> -0.028326, len_BS = 3646
Blocksize strategy selection process: -0.029945 --> -0.028326, len_BS = 3649
Blocksize strategy selection process: -0.029942 --> -0.028326, len_BS = 3650
Blocksize strategy selection process: -0.029869 --> -0.028326, len_BS = 3651
Blocksize strategy selection process: -0.029853 --> -0.028326, len_BS = 3655
Blocksize strategy selection process: -0.029852 --> -0.028326, len_BS = 3656
Blocksize strategy selection process: -0.029840 --> -0.028326, len_BS = 3656
Blocksize strategy selection process: -0.029755 --> -0.028326, len_BS = 3657
Blocksize strategy selection process: -0.029748 --> -0.028326, len_BS = 3659
Blocksize strategy selection process: -0.029746 --> -0.028326, len_BS = 3659
Blocksize strategy selection process: -0.029744 --> -0.028326, len_BS = 3659
Blocksize strategy selection process: -0.029743 --> -0.028326, len_BS = 3659
Blocksize strategy selection process: -0.029741 --> -0.028326, len_BS = 3659
Blocksize strategy selection process: -0.029738 --> -0.028326, len_BS = 3659
Blocksize strategy selection process: -0.029703 --> -0.028326, len_BS = 3659
Blocksize strategy selection process: -0.029694 --> -0.028326, len_BS = 3659
Blocksize strategy selection process: -0.029658 --> -0.028326, len_BS = 3659
Blocksize strategy selection process: -0.029654 --> -0.028326, len_BS = 3660
Blocksize strategy selection process: -0.029650 --> -0.028326, len_BS = 3660
Blocksize strategy selection process: -0.029648 --> -0.028326, len_BS = 3660
Blocksize strategy selection process: -0.029606 --> -0.028326, len_BS = 3660
Blocksize strategy selection process: -0.029604 --> -0.028326, len_BS = 3661
Blocksize strategy selection process: -0.029571 --> -0.028326, len_BS = 3661
Blocksize strategy selection process: -0.029522 --> -0.028326, len_BS = 3662
Blocksize strategy selection process: -0.029424 --> -0.028326, len_BS = 3663
Blocksize strategy selection process: -0.029419 --> -0.028326, len_BS = 3664
Blocksize strategy selection process: -0.029367 --> -0.028326, len_BS = 3664
Blocksize strategy selection process: -0.029363 --> -0.028326, len_BS = 3664
Blocksize strategy selection process: -0.029340 --> -0.028326, len_BS = 3664
Blocksize strategy selection process: -0.029337 --> -0.028326, len_BS = 3665
Blocksize strategy selection process: -0.029336 --> -0.028326, len_BS = 3665
Blocksize strategy selection process: -0.029334 --> -0.028326, len_BS = 3665
Blocksize strategy selection process: -0.029332 --> -0.028326, len_BS = 3665
Blocksize strategy selection process: -0.029331 --> -0.028326, len_BS = 3665
Blocksize strategy selection process: -0.029330 --> -0.028326, len_BS = 3665
Blocksize strategy selection process: -0.029329 --> -0.028326, len_BS = 3665
Blocksize strategy selection process: -0.029328 --> -0.028326, len_BS = 3665
Blocksize strategy selection process: -0.029327 --> -0.028326, len_BS = 3665
Blocksize strategy selection process: -0.029326 --> -0.028326, len_BS = 3665
Blocksize strategy selection process: -0.029324 --> -0.028326, len_BS = 3665
Blocksize strategy selection process: -0.029321 --> -0.028326, len_BS = 3665
Blocksize strategy selection process: -0.029319 --> -0.028326, len_BS = 3665
Blocksize strategy selection process: -0.029318 --> -0.028326, len_BS = 3665
Blocksize strategy selection process: -0.029259 --> -0.028326, len_BS = 3665
Blocksize strategy selection process: -0.029231 --> -0.028326, len_BS = 3665
Blocksize strategy selection process: -0.029220 --> -0.028326, len_BS = 3667
Blocksize strategy selection process: -0.029192 --> -0.028326, len_BS = 3668
Blocksize strategy selection process: -0.029191 --> -0.028326, len_BS = 3669
Blocksize strategy selection process: -0.029186 --> -0.028326, len_BS = 3669
Blocksize strategy selection process: -0.029183 --> -0.028326, len_BS = 3669
Blocksize strategy selection process: -0.029171 --> -0.028326, len_BS = 3669
Blocksize strategy selection process: -0.029144 --> -0.028326, len_BS = 3669
Blocksize strategy selection process: -0.029130 --> -0.028326, len_BS = 3669
Blocksize strategy selection process: -0.029113 --> -0.028326, len_BS = 3669
Blocksize strategy selection process: -0.029082 --> -0.028326, len_BS = 3670
Blocksize strategy selection process: -0.029055 --> -0.028326, len_BS = 3671
Blocksize strategy selection process: -0.029054 --> -0.028326, len_BS = 3672
Blocksize strategy selection process: -0.029053 --> -0.028326, len_BS = 3672
Blocksize strategy selection process: -0.029038 --> -0.028326, len_BS = 3672
Blocksize strategy selection process: -0.029011 --> -0.028326, len_BS = 3672
Blocksize strategy selection process: -0.029010 --> -0.028326, len_BS = 3672
Blocksize strategy selection process: -0.029009 --> -0.028326, len_BS = 3672
Blocksize strategy selection process: -0.028968 --> -0.028326, len_BS = 3672
Blocksize strategy selection process: -0.028967 --> -0.028326, len_BS = 3672
Blocksize strategy selection process: -0.028926 --> -0.028326, len_BS = 3672
Blocksize strategy selection process: -0.028925 --> -0.028326, len_BS = 3672
Blocksize strategy selection process: -0.028913 --> -0.028326, len_BS = 3672
Blocksize strategy selection process: -0.028886 --> -0.028326, len_BS = 3672
Blocksize strategy selection process: -0.028885 --> -0.028326, len_BS = 3672
Blocksize strategy selection process: -0.028846 --> -0.028326, len_BS = 3672
Blocksize strategy selection process: -0.028798 --> -0.028326, len_BS = 3672
Blocksize strategy selection process: -0.028780 --> -0.028326, len_BS = 3673
Blocksize strategy selection process: -0.028779 --> -0.028326, len_BS = 3673
Blocksize strategy selection process: -0.028777 --> -0.028326, len_BS = 3673
Blocksize strategy selection process: -0.028776 --> -0.028326, len_BS = 3673
Blocksize strategy selection process: -0.028775 --> -0.028326, len_BS = 3673
Blocksize strategy selection process: -0.028770 --> -0.028326, len_BS = 3673
Blocksize strategy selection process: -0.028768 --> -0.028326, len_BS = 3673
Blocksize strategy selection process: -0.028767 --> -0.028326, len_BS = 3673
Blocksize strategy selection process: -0.028766 --> -0.028326, len_BS = 3673
Blocksize strategy selection process: -0.028765 --> -0.028326, len_BS = 3673
Blocksize strategy selection process: -0.028764 --> -0.028326, len_BS = 3673
Blocksize strategy selection process: -0.028763 --> -0.028326, len_BS = 3673
Blocksize strategy selection process: -0.028762 --> -0.028326, len_BS = 3673
Blocksize strategy selection process: -0.028761 --> -0.028326, len_BS = 3673
Blocksize strategy selection process: -0.028760 --> -0.028326, len_BS = 3673
Blocksize strategy selection process: -0.028759 --> -0.028326, len_BS = 3673
Blocksize strategy selection process: -0.028758 --> -0.028326, len_BS = 3673
Blocksize strategy selection process: -0.028757 --> -0.028326, len_BS = 3673
Blocksize strategy selection process: -0.028755 --> -0.028326, len_BS = 3673
Blocksize strategy selection process: -0.028754 --> -0.028326, len_BS = 3673
Blocksize strategy selection process: -0.028753 --> -0.028326, len_BS = 3673
Blocksize strategy selection process: -0.028752 --> -0.028326, len_BS = 3673
Blocksize strategy selection process: -0.028751 --> -0.028326, len_BS = 3673
Blocksize strategy selection process: -0.028750 --> -0.028326, len_BS = 3673
Blocksize strategy selection process: -0.028749 --> -0.028326, len_BS = 3673
Blocksize strategy selection process: -0.028748 --> -0.028326, len_BS = 3673
Blocksize strategy selection process: -0.028747 --> -0.028326, len_BS = 3673
Blocksize strategy selection process: -0.028746 --> -0.028326, len_BS = 3673
Blocksize strategy selection process: -0.028745 --> -0.028326, len_BS = 3673
Blocksize strategy selection process: -0.028744 --> -0.028326, len_BS = 3673
Blocksize strategy selection process: -0.028669 --> -0.028326, len_BS = 3673
Blocksize strategy selection process: -0.028668 --> -0.028326, len_BS = 3674
Blocksize strategy selection process: -0.028667 --> -0.028326, len_BS = 3674
Blocksize strategy selection process: -0.028666 --> -0.028326, len_BS = 3674
Blocksize strategy selection process: -0.028649 --> -0.028326, len_BS = 3674
Blocksize strategy selection process: -0.028648 --> -0.028326, len_BS = 3674
Blocksize strategy selection process: -0.028647 --> -0.028326, len_BS = 3674
Blocksize strategy selection process: -0.028646 --> -0.028326, len_BS = 3674
Blocksize strategy selection process: -0.028645 --> -0.028326, len_BS = 3674
Blocksize strategy selection process: -0.028644 --> -0.028326, len_BS = 3674
Blocksize strategy selection process: -0.028643 --> -0.028326, len_BS = 3674
Blocksize strategy selection process: -0.028642 --> -0.028326, len_BS = 3674
Blocksize strategy selection process: -0.028641 --> -0.028326, len_BS = 3674
Blocksize strategy selection process: -0.028640 --> -0.028326, len_BS = 3674
Blocksize strategy selection process: -0.028639 --> -0.028326, len_BS = 3674
Blocksize strategy selection process: -0.028638 --> -0.028326, len_BS = 3674
Blocksize strategy selection process: -0.028637 --> -0.028326, len_BS = 3674
Blocksize strategy selection process: -0.028636 --> -0.028326, len_BS = 3674
Blocksize strategy selection process: -0.028619 --> -0.028326, len_BS = 3674
Blocksize strategy selection process: -0.028618 --> -0.028326, len_BS = 3674
Blocksize strategy selection process: -0.028617 --> -0.028326, len_BS = 3674
Blocksize strategy selection process: -0.028616 --> -0.028326, len_BS = 3674
Blocksize strategy selection process: -0.028615 --> -0.028326, len_BS = 3674
Blocksize strategy selection process: -0.028614 --> -0.028326, len_BS = 3674
Blocksize strategy selection process: -0.028613 --> -0.028326, len_BS = 3674
Blocksize strategy selection process: -0.028612 --> -0.028326, len_BS = 3674
Blocksize strategy selection process: -0.028611 --> -0.028326, len_BS = 3674
Blocksize strategy selection process: -0.028610 --> -0.028326, len_BS = 3674
Blocksize strategy selection process: -0.028609 --> -0.028326, len_BS = 3674
Blocksize strategy selection process: -0.028608 --> -0.028326, len_BS = 3674
Blocksize strategy selection process: -0.028607 --> -0.028326, len_BS = 3674
Blocksize strategy selection process: -0.028591 --> -0.028326, len_BS = 3674
Blocksize strategy selection process: -0.028590 --> -0.028326, len_BS = 3674
Blocksize strategy selection process: -0.028589 --> -0.028326, len_BS = 3674
Blocksize strategy selection process: -0.028588 --> -0.028326, len_BS = 3674
Blocksize strategy selection process: -0.028587 --> -0.028326, len_BS = 3674
Blocksize strategy selection process: -0.028586 --> -0.028326, len_BS = 3674
Blocksize strategy selection process: -0.028585 --> -0.028326, len_BS = 3674
Blocksize strategy selection process: -0.028584 --> -0.028326, len_BS = 3674
Blocksize strategy selection process: -0.028583 --> -0.028326, len_BS = 3674
Blocksize strategy selection process: -0.028582 --> -0.028326, len_BS = 3674
Blocksize strategy selection process: -0.028581 --> -0.028326, len_BS = 3674
Blocksize strategy selection process: -0.028580 --> -0.028326, len_BS = 3674
Blocksize strategy selection process: -0.028579 --> -0.028326, len_BS = 3674
Blocksize strategy selection process: -0.028578 --> -0.028326, len_BS = 3674
Blocksize strategy selection process: -0.028563 --> -0.028326, len_BS = 3675
Blocksize strategy selection process: -0.028562 --> -0.028326, len_BS = 3675
Blocksize strategy selection process: -0.028561 --> -0.028326, len_BS = 3675
Blocksize strategy selection process: -0.028560 --> -0.028326, len_BS = 3675
Blocksize strategy selection process: -0.028559 --> -0.028326, len_BS = 3675
Blocksize strategy selection process: -0.028558 --> -0.028326, len_BS = 3675
Blocksize strategy selection process: -0.028557 --> -0.028326, len_BS = 3675
Blocksize strategy selection process: -0.028556 --> -0.028326, len_BS = 3675
Blocksize strategy selection process: -0.028555 --> -0.028326, len_BS = 3675
Blocksize strategy selection process: -0.028554 --> -0.028326, len_BS = 3675
Blocksize strategy selection process: -0.028553 --> -0.028326, len_BS = 3675
Blocksize strategy selection process: -0.028552 --> -0.028326, len_BS = 3675
Blocksize strategy selection process: -0.028538 --> -0.028326, len_BS = 3675
Blocksize strategy selection process: -0.028537 --> -0.028326, len_BS = 3675
Blocksize strategy selection process: -0.028536 --> -0.028326, len_BS = 3675
Blocksize strategy selection process: -0.028535 --> -0.028326, len_BS = 3675
Blocksize strategy selection process: -0.028534 --> -0.028326, len_BS = 3675
Blocksize strategy selection process: -0.028533 --> -0.028326, len_BS = 3675
Blocksize strategy selection process: -0.028532 --> -0.028326, len_BS = 3675
Blocksize strategy selection process: -0.028531 --> -0.028326, len_BS = 3675
Blocksize strategy selection process: -0.028530 --> -0.028326, len_BS = 3675
Blocksize strategy selection process: -0.028529 --> -0.028326, len_BS = 3675
Blocksize strategy selection process: -0.028528 --> -0.028326, len_BS = 3675
Blocksize strategy selection process: -0.028527 --> -0.028326, len_BS = 3675
Blocksize strategy selection process: -0.028526 --> -0.028326, len_BS = 3675
Blocksize strategy selection process: -0.028513 --> -0.028326, len_BS = 3675
Blocksize strategy selection process: -0.028512 --> -0.028326, len_BS = 3675
Blocksize strategy selection process: -0.028511 --> -0.028326, len_BS = 3675
Blocksize strategy selection process: -0.028510 --> -0.028326, len_BS = 3675
Blocksize strategy selection process: -0.028509 --> -0.028326, len_BS = 3675
Blocksize strategy selection process: -0.028508 --> -0.028326, len_BS = 3675
Blocksize strategy selection process: -0.028507 --> -0.028326, len_BS = 3675
Blocksize strategy selection process: -0.028506 --> -0.028326, len_BS = 3675
Blocksize strategy selection process: -0.028505 --> -0.028326, len_BS = 3675
Blocksize strategy selection process: -0.028504 --> -0.028326, len_BS = 3675
Blocksize strategy selection process: -0.028503 --> -0.028326, len_BS = 3675
Blocksize strategy selection process: -0.028502 --> -0.028326, len_BS = 3675
Blocksize strategy selection process: -0.028490 --> -0.028326, len_BS = 3675
Blocksize strategy selection process: -0.028489 --> -0.028326, len_BS = 3675
Blocksize strategy selection process: -0.028488 --> -0.028326, len_BS = 3675
Blocksize strategy selection process: -0.028487 --> -0.028326, len_BS = 3675
Blocksize strategy selection process: -0.028486 --> -0.028326, len_BS = 3675
Blocksize strategy selection process: -0.028485 --> -0.028326, len_BS = 3675
Blocksize strategy selection process: -0.028484 --> -0.028326, len_BS = 3675
Blocksize strategy selection process: -0.028483 --> -0.028326, len_BS = 3675
Blocksize strategy selection process: -0.028482 --> -0.028326, len_BS = 3675
Blocksize strategy selection process: -0.028481 --> -0.028326, len_BS = 3675
Blocksize strategy selection process: -0.028480 --> -0.028326, len_BS = 3675
Blocksize strategy selection process: -0.028468 --> -0.028326, len_BS = 3675
Blocksize strategy selection process: -0.028467 --> -0.028326, len_BS = 3675
Blocksize strategy selection process: -0.028466 --> -0.028326, len_BS = 3675
Blocksize strategy selection process: -0.028465 --> -0.028326, len_BS = 3675
Blocksize strategy selection process: -0.028464 --> -0.028326, len_BS = 3675
Blocksize strategy selection process: -0.028463 --> -0.028326, len_BS = 3675
Blocksize strategy selection process: -0.028462 --> -0.028326, len_BS = 3675
Blocksize strategy selection process: -0.028461 --> -0.028326, len_BS = 3675
Blocksize strategy selection process: -0.028429 --> -0.028326, len_BS = 3675
Blocksize strategy selection process: -0.028428 --> -0.028326, len_BS = 3675
Blocksize strategy selection process: -0.028427 --> -0.028326, len_BS = 3675
Blocksize strategy selection process: -0.028418 --> -0.028326, len_BS = 3675
Blocksize strategy selection process: -0.028417 --> -0.028326, len_BS = 3675
Blocksize strategy selection process: -0.028413 --> -0.028326, len_BS = 3675
Blocksize strategy selection process: -0.028412 --> -0.028326, len_BS = 3675
Blocksize strategy selection process: -0.028411 --> -0.028326, len_BS = 3675
Blocksize strategy selection process: -0.028410 --> -0.028326, len_BS = 3675
Blocksize strategy selection process: -0.028409 --> -0.028326, len_BS = 3675
Blocksize strategy selection process: -0.028408 --> -0.028326, len_BS = 3675
Blocksize strategy selection process: -0.028407 --> -0.028326, len_BS = 3675
Blocksize strategy selection process: -0.028406 --> -0.028326, len_BS = 3675
Blocksize strategy selection process: -0.028405 --> -0.028326, len_BS = 3675
Blocksize strategy selection process: -0.028404 --> -0.028326, len_BS = 3675
Blocksize strategy selection process: -0.028403 --> -0.028326, len_BS = 3675
Blocksize strategy selection process: -0.028395 --> -0.028326, len_BS = 3675
Blocksize strategy selection process: -0.028394 --> -0.028326, len_BS = 3675
Blocksize strategy selection process: -0.028393 --> -0.028326, len_BS = 3675
Blocksize strategy selection process: -0.028392 --> -0.028326, len_BS = 3675
Blocksize strategy selection process: -0.028391 --> -0.028326, len_BS = 3675
Blocksize strategy selection process: -0.028390 --> -0.028326, len_BS = 3675
Blocksize strategy selection process: -0.028382 --> -0.028326, len_BS = 3675
Blocksize strategy selection process: -0.028380 --> -0.028326, len_BS = 3675
Blocksize strategy selection process: -0.028379 --> -0.028326, len_BS = 3675
Blocksize strategy selection process: -0.028378 --> -0.028326, len_BS = 3675
Blocksize strategy selection process: -0.028377 --> -0.028326, len_BS = 3675
Blocksize strategy selection process: -0.028376 --> -0.028326, len_BS = 3675
Blocksize strategy selection process: -0.028375 --> -0.028326, len_BS = 3675
Blocksize strategy selection process: -0.028369 --> -0.028326, len_BS = 3675
Blocksize strategy selection process: -0.028368 --> -0.028326, len_BS = 3675
Blocksize strategy selection process: -0.028366 --> -0.028326, len_BS = 3675
Blocksize strategy selection process: -0.028365 --> -0.028326, len_BS = 3675
Blocksize strategy selection process: -0.028364 --> -0.028326, len_BS = 3675
Blocksize strategy selection process: -0.028363 --> -0.028326, len_BS = 3675
Blocksize strategy selection process: -0.028362 --> -0.028326, len_BS = 3675
Blocksize strategy selection process: -0.028361 --> -0.028326, len_BS = 3675
Blocksize strategy selection process: -0.028356 --> -0.028326, len_BS = 3675
Blocksize strategy selection process: -0.028354 --> -0.028326, len_BS = 3675
Blocksize strategy selection process: -0.028353 --> -0.028326, len_BS = 3675
Blocksize strategy selection process: -0.028348 --> -0.028326, len_BS = 3675
Blocksize strategy selection process: -0.028347 --> -0.028326, len_BS = 3675
Blocksize strategy selection process: -0.028346 --> -0.028326, len_BS = 3675
Blocksize strategy selection process: -0.028345 --> -0.028326, len_BS = 3675
Blocksize strategy selection process: -0.028344 --> -0.028326, len_BS = 3675
Blocksize strategy selection process: -0.028343 --> -0.028326, len_BS = 3675
Blocksize strategy selection process: -0.028342 --> -0.028326, len_BS = 3675
Blocksize strategy selection process: -0.028339 --> -0.028326, len_BS = 3675
Blocksize strategy selection process: -0.028338 --> -0.028326, len_BS = 3675
Blocksize strategy selection process: -0.028337 --> -0.028326, len_BS = 3675
Blocksize strategy selection process: -0.028336 --> -0.028326, len_BS = 3675
Blocksize strategy selection process: -0.028335 --> -0.028326, len_BS = 3675
Blocksize strategy selection process: -0.028334 --> -0.028326, len_BS = 3675
Blocksize strategy selection process: -0.028332 --> -0.028326, len_BS = 3675
Blocksize strategy selection process: -0.028331 --> -0.028326, len_BS = 3675
Blocksize strategy selection process: -0.028330 --> -0.028326, len_BS = 3675
Blocksize strategy selection process: -0.028328 --> -0.028326, len_BS = 3675
Blocksize strategy selection process: -0.028327 --> -0.028326, len_BS = 3675
Blocksize strategy selection process: -0.028326 --> -0.028326, len_BS = 3675
len(BS) = 3675
Time cost for generating Strategy: 383.256613 s
[15.650490582863549,15.650490582863549,15.650490582863549,15.650490582863549,15.650490582863549,15.633108396282967,15.602660709855815,15.57220192816146,15.54173038594204,15.511244398730877,15.480742262139472,15.450222251118689,15.419682619193019,15.389121597666726,15.358537394800598,15.327928194958039,15.297292157719149,15.26662741696131,15.23593207990494,15.205204226122781,15.174441906511218,15.143643142221947,15.112805923552404,15.081928208793158,15.051007923030546,15.020042956902781,14.989031165307694,14.957970366060353,14.926858338498699,14.895692822035478,14.86447151465477,14.833192071351469,14.801852102512285,14.770449172236956,14.738980796598671,14.707444441843023,14.675837522525217,14.644157399585861,14.61240137836641,14.580566706566126,14.548650572143696,14.51665010116798,14.48459979557631,14.452649441891358,14.420684541591703,14.388679047652314,14.35659351361419,14.324413162733716,14.292140148490766,14.259761238401735,14.227311249888373,14.194743246086679,14.1620763497802,14.12927489548586,14.096388787090747,14.063369030451051,14.030226749402381,13.9969520217881,13.963553895987946,13.93002661113055,13.896356295178949,13.862557969926423,13.828609828921625,13.794521511285808,13.760270999292919,13.725880529724538,13.691334072671836,13.656624744588541,13.62174228040665,13.586691792803146,13.551486444960092,13.5161076553399,13.480579013237394,13.444858325995314,13.408959341644094,13.372884639447099,13.336613690376355,13.300175126470531,13.263530267045635,13.226703124095055,13.189702249779481,13.152511345657828,13.115118991904644,13.077544659396816,13.039807613315991,13.002027039785666,12.964322655362901,12.942291218469585,12.920153125640859,12.89790720497276,12.875552264293598,12.85308709068493,12.830510449988237,12.807821086296702,12.7850177214316,12.76209905440276,12.739063760852432,12.715910492482056,12.692637876461179,12.669244514817956,12.645728983810477,12.62208983327823,12.598325585972898,12.57443473686779,12.550415752444955,12.526267069959232,12.501987096678285,12.477574209097671,12.453026752129977,12.428343038267004,12.40352134671391,12.378559922494187,12.353456975524299,12.32821067965675,12.302819171690308,12.277280550345985,12.251592875207445,12.22575416562427,12.199762399576606,12.17361551249951,12.147311396065332,12.120847896922358,12.094222815387793,12.067433904093159,12.040478866580074,12.013355355844194,11.986060972825118,11.95859326483983,11.930949723957243,11.903127785311161,11.875124825348983,11.846938160013247,11.818565042852955,11.790002663061559,11.761248143438252,11.732298538269072,11.703150831124132,11.673801932567155,11.644248677773245,11.61448782405065,11.584516048262094,11.554329944140955,11.523926019497445,11.493300693309628,11.462450292693884,11.431371049749238,11.400059098269578,11.368510470317673,11.336721092654484,11.304686783017091,11.27240324623817,11.239866070199781,11.207070721613796,11.174012541621172,11.140686741201849,11.107088396386915,11.073212443264323,11.039053672769315,11.004606725250481,10.969866084802252,10.934826073354602,10.8994808445106,10.863824377122787,10.827850468599303,10.791552727931407,10.754924568434207,10.717959200193704,10.680649622213888,10.642988614259535,10.604968728391936,10.56658228019749,10.527821339712085,10.48867772204824,10.449142977736908,10.409208382802081,10.368864928594004,10.32810331141645,10.286913921995307,10.24528683485049,10.203211797651322,10.16067822065802,10.117675166379561,10.07419133961282,10.030215078070205,9.99108825701349,9.973331074082308,9.939300554494825,9.901530763712987,9.858079535654563,9.812435193160606,9.767003981445637,9.7195878612135,9.677044736445309,9.627718561699806,9.581008929714397,9.52910024114355,9.484193250438574,9.432195443068442,9.381654695945134,9.329572556014064,9.278651887820148,9.226784016834168,9.172803285505422,9.120827639522037,9.065605661694336,9.011612262454022,8.954330151756334,8.90006570646858,8.84336902664189,8.785532012214974,8.726064222032166,8.667154408559105,8.609958906700852,8.549951384726764,8.493143690135447,8.430152593074329,8.368935419224572,8.307908782927912,8.243770777785079,8.18353090729765,8.117592084164258,8.054880680567017,7.993209952422085,7.929034815837018,7.863036614406746,7.799621298739015,7.738778925292987,7.694817453933543,7.667931922784142]
MinStrategy is: [87, 87, 107, 117, 127, 133, 143] + pump(60,169,24) , ['87 * 2 (-0.041416) , cost = 563.1076 s', '107 * 1 (-0.037733) , cost = 632.2129 s', '117 * 1 (-0.035770) , cost = 1406.8635 s', '127 * 1 (-0.034513) , cost = 13972.1521 s', '133 * 1 (-0.033800) , cost = 64556.1369 s', '143 * 1 (-0.032915) , cost = 641134.1046 s'] + pump(60,169,24)
[87,87,107,117,127,133,143]
Time cost for pnj-BKZ = 200.63 h,
Time cost for pump = 1375.96 h,
Total time cost = 1576.59 h.
