New Strategy:
n = 60, alpha = 0.015, q = 3607, jump = 1, goal_margin = 1.50, MAX_TIME = inf h
[16.38126336180708, 16.38126336180708, 16.38126336180708, 16.38126336180708, 16.38126336180708, 16.38126336180708, 16.38126336180708, 16.38126336180708, 16.38126336180708, 16.38126336180708, 16.38126336180708, 16.38126336180708, 16.38126336180708, 16.38126336180708, 16.38126336180708, 16.38126336180708, 16.38126336180708, 16.38126336180708, 16.38126336180708, 16.38126336180708, 16.38126336180708, 16.38126336180708, 16.38126336180708, 16.38126336180708, 16.38126336180708, 16.38126336180708, 16.38126336180708, 16.38126336180708, 16.38126336180708, 16.38126336180708, 16.38126336180708, 16.38126336180708, 16.38126336180708, 16.38126336180708, 16.38126336180708, 16.38126336180708, 16.38126336180708, 16.38126336180708, 16.38126336180708, 16.38126336180708, 16.38126336180708, 16.38126336180708, 16.38126336180708, 16.38126336180708, 16.38126336180708, 16.38126336180708, 16.38126336180708, 16.38126336180708, 16.38126336180708, 16.38126336180708, 16.38126336180708, 16.38126336180708, 16.38126336180708, 16.38126336180708, 16.38126336180708, 16.38126336180708, 16.38126336180708, 16.38126336180708, 16.38126336180708, 16.38126336180708, 16.38126336180708, 16.38126336180708, 16.38126336180708, 16.38126336180708, 16.38126336180708, 16.38126336180708, 16.38126336180708, 16.38126336180708, 16.38126336180708, 16.38126336180708, 16.38126336180708, 16.38126336180708, 16.38126336180708, 16.38126336180708, 16.38126336180708, 16.38126336180708, 16.38126336180708, 16.38126336180708, 16.38126336180708, 16.38126336180708, 16.38126336180708, 16.38126336180708, 16.38126336180708, 16.38126336180708, 16.38126336180708, 16.38126336180708, 16.38126336180708, 16.38126336180708, 16.38126336180708, 16.38126336180708, 16.38126336180708, 16.38126336180708, 16.38126336180708, 16.38126336180708, 16.38126336180708, 16.38126336180708, 16.38126336180708, 16.38126336180708, 16.38126336180708, 16.341671188952848, 16.14450604773468, 16.072299546906113, 16.037105284140683, 15.954229298898298, 15.952096763144056, 15.997377407334573, 15.887390396083878, 15.72510226292936, 15.659936423408308, 15.673552042304218, 15.652380153465469, 15.385801262366124, 15.226138864594056, 15.288157754643715, 15.35243979367888, 15.290157115440142, 15.075188415623415, 15.020326080103237, 14.945332924330868, 14.880280466238261, 14.857269695879044, 14.71890722086072, 14.543605127841884, 14.595408995524302, 14.515408999022535, 14.365659314408221, 14.227732552633542, 14.244532107596402, 14.177163486153646, 13.976568558738164, 13.742460805012028, 13.775453214340539, 13.835449718503614, 13.801624470657801, 13.698454315668624, 13.692532817084961, 13.526152308039759, 13.470745880832844, 13.359556115185867, 13.20315781500084, 13.228371684962513, 13.112440857757473, 13.035208576249875, 13.146135013763962, 12.996255562552912, 12.888903792217887, 12.693693739074508, 12.610719049249894, 12.699191944333958, 12.593792928499242, 12.401624725006876, 12.360415765489886, 12.259338984278296, 12.199360738424932, 11.979341923831289, 12.039679101952084, 11.864519988123803, 11.83145452079207, 11.649694872221101, 11.596152329705529, 11.517120079556731, 11.325666899245697, 11.340760704759388, 11.19051395077519, 11.105046667491825, 11.154910863034514, 11.225528370466236, 10.983237204667502, 10.8795903712279, 10.64570619361363, 10.716506784501815, 10.48566153332798, 10.456759085949793, 10.333684223134387, 10.408550157924585, 10.274977911376302, 10.137191371454689, 10.02395421500569, 9.965301484476585, 9.86221656523128, 9.897964939447961, 9.69668185308015, 9.566480897532749, 9.56090941653225, 9.537856711985071, 9.419763903181662, 9.386330906155594, 9.295201090996347, 9.231688715947575, 9.00004774358755, 9.064919060905495, 9.045811543883628, 8.81076690711008, 8.867461847904025, 8.698944364783989, 8.750622065135852, 8.550766338061003, 8.694393947395383, 8.63336916855869, 8.407274800833898, 8.112527126378273, 7.983881310899766, 8.103147585163898, 7.993914980284472, 7.8811963195552694, 7.971594580210072, 7.80125503882689, 7.528527256336518, 7.526558983676456, 7.453403123180249, 7.355913664239034, 7.097042398564725, 7.049699974479136, 6.871793303224611, 6.685380278205089, 6.4905891599025365, 6.356966324928817, 6.291641202734436, 6.158459594919429, 6.294965074056779, 6.047665433613287, 5.980628905697199, 6.0702801140109095, 5.9179101894940205, 5.921963948878308, 5.855088162549969, 5.699497477056884, 5.68582268889658, 5.581647831332542, 5.504951716398365, 5.283559858807469, 5.3672648889810475, 5.267112053124452, 5.129116618992597, 5.02959672670413, 5.053073086777841, 4.980958735827834, 4.941844140011545, 4.85176731697666, 4.7768734913589155, 4.545651964946832, 4.433663061953847, 4.379418293763126, 4.364934413717346, 4.28264523968125, 4.297984457989196, 4.129002912260254, 4.049608582783065, 4.043965174639689, 3.936501848219196, 3.9176764590925557, 3.7962372530563617, 3.9033980685903686, 3.7787675668608145, 3.6710113442826184, 3.889998963693287]
Blocksize strategy selection process: -0.054789 --> -0.054789, len_BS = 1
Blocksize strategy selection process: -0.046817 --> -0.026573, len_BS = 209
Blocksize strategy selection process: -0.046666 --> -0.026572, len_BS = 313
Blocksize strategy selection process: -0.046515 --> -0.026572, len_BS = 399
Blocksize strategy selection process: -0.046362 --> -0.026572, len_BS = 486
Blocksize strategy selection process: -0.046210 --> -0.026572, len_BS = 566
Blocksize strategy selection process: -0.042437 --> -0.026572, len_BS = 651
Blocksize strategy selection process: -0.042325 --> -0.026572, len_BS = 712
Blocksize strategy selection process: -0.042243 --> -0.026572, len_BS = 790
Blocksize strategy selection process: -0.042213 --> -0.026572, len_BS = 854
Blocksize strategy selection process: -0.042131 --> -0.026572, len_BS = 902
Blocksize strategy selection process: -0.042101 --> -0.026572, len_BS = 966
Blocksize strategy selection process: -0.042049 --> -0.026572, len_BS = 1023
Blocksize strategy selection process: -0.042019 --> -0.026572, len_BS = 1048
Blocksize strategy selection process: -0.041987 --> -0.026572, len_BS = 1099
Blocksize strategy selection process: -0.041938 --> -0.026572, len_BS = 1149
Blocksize strategy selection process: -0.041907 --> -0.026572, len_BS = 1167
Blocksize strategy selection process: -0.040104 --> -0.026572, len_BS = 1215
Blocksize strategy selection process: -0.040036 --> -0.026572, len_BS = 1244
Blocksize strategy selection process: -0.039968 --> -0.026572, len_BS = 1306
Blocksize strategy selection process: -0.039901 --> -0.026572, len_BS = 1367
Blocksize strategy selection process: -0.039885 --> -0.026572, len_BS = 1420
Blocksize strategy selection process: -0.039857 --> -0.026572, len_BS = 1414
Blocksize strategy selection process: -0.039238 --> -0.026572, len_BS = 1419
Blocksize strategy selection process: -0.038417 --> -0.026572, len_BS = 1456
Blocksize strategy selection process: -0.038368 --> -0.026571, len_BS = 1466
Blocksize strategy selection process: -0.038338 --> -0.026571, len_BS = 1527
Blocksize strategy selection process: -0.038320 --> -0.026571, len_BS = 1552
Blocksize strategy selection process: -0.038290 --> -0.026571, len_BS = 1581
Blocksize strategy selection process: -0.038271 --> -0.026571, len_BS = 1615
Blocksize strategy selection process: -0.038260 --> -0.026571, len_BS = 1637
Blocksize strategy selection process: -0.038241 --> -0.026571, len_BS = 1647
Blocksize strategy selection process: -0.038222 --> -0.026571, len_BS = 1677
Blocksize strategy selection process: -0.038174 --> -0.026571, len_BS = 1702
Blocksize strategy selection process: -0.038163 --> -0.026571, len_BS = 1766
Blocksize strategy selection process: -0.037411 --> -0.026571, len_BS = 1775
Blocksize strategy selection process: -0.037387 --> -0.026571, len_BS = 1788
Blocksize strategy selection process: -0.037363 --> -0.026571, len_BS = 1844
Blocksize strategy selection process: -0.037324 --> -0.026571, len_BS = 1896
Blocksize strategy selection process: -0.037300 --> -0.026571, len_BS = 1976
Blocksize strategy selection process: -0.037274 --> -0.026571, len_BS = 2022
Blocksize strategy selection process: -0.036825 --> -0.026571, len_BS = 2022
Blocksize strategy selection process: -0.036808 --> -0.026571, len_BS = 1972
Blocksize strategy selection process: -0.036797 --> -0.026571, len_BS = 2005
Blocksize strategy selection process: -0.036791 --> -0.026571, len_BS = 2033
Blocksize strategy selection process: -0.036780 --> -0.026571, len_BS = 2043
Blocksize strategy selection process: -0.036746 --> -0.026571, len_BS = 2072
Blocksize strategy selection process: -0.036729 --> -0.026571, len_BS = 2141
Blocksize strategy selection process: -0.036718 --> -0.026571, len_BS = 2178
Blocksize strategy selection process: -0.036712 --> -0.026571, len_BS = 2201
Blocksize strategy selection process: -0.036702 --> -0.026571, len_BS = 2218
Blocksize strategy selection process: -0.036666 --> -0.026571, len_BS = 2250
Blocksize strategy selection process: -0.036473 --> -0.026571, len_BS = 2319
Blocksize strategy selection process: -0.036464 --> -0.026571, len_BS = 2379
Blocksize strategy selection process: -0.036456 --> -0.026571, len_BS = 2397
Blocksize strategy selection process: -0.036399 --> -0.026571, len_BS = 2417
Blocksize strategy selection process: -0.036391 --> -0.026571, len_BS = 2480
Blocksize strategy selection process: -0.036382 --> -0.026571, len_BS = 2500
Blocksize strategy selection process: -0.036009 --> -0.026571, len_BS = 2513
Blocksize strategy selection process: -0.035994 --> -0.026571, len_BS = 2383
Blocksize strategy selection process: -0.035985 --> -0.026571, len_BS = 2409
Blocksize strategy selection process: -0.035979 --> -0.026571, len_BS = 2426
Blocksize strategy selection process: -0.035970 --> -0.026571, len_BS = 2441
Blocksize strategy selection process: -0.035964 --> -0.026571, len_BS = 2456
Blocksize strategy selection process: -0.035961 --> -0.026571, len_BS = 2469
Blocksize strategy selection process: -0.035955 --> -0.026571, len_BS = 2481
Blocksize strategy selection process: -0.035949 --> -0.026571, len_BS = 2490
Blocksize strategy selection process: -0.035927 --> -0.026571, len_BS = 2497
Blocksize strategy selection process: -0.035923 --> -0.026571, len_BS = 2534
Blocksize strategy selection process: -0.035703 --> -0.026571, len_BS = 2542
Blocksize strategy selection process: -0.035696 --> -0.026571, len_BS = 2533
Blocksize strategy selection process: -0.035689 --> -0.026571, len_BS = 2549
Blocksize strategy selection process: -0.035670 --> -0.026571, len_BS = 2570
Blocksize strategy selection process: -0.035663 --> -0.026571, len_BS = 2600
Blocksize strategy selection process: -0.035529 --> -0.026571, len_BS = 2614
Blocksize strategy selection process: -0.035524 --> -0.026571, len_BS = 2633
Blocksize strategy selection process: -0.035521 --> -0.026571, len_BS = 2645
Blocksize strategy selection process: -0.035519 --> -0.026571, len_BS = 2657
Blocksize strategy selection process: -0.035516 --> -0.026571, len_BS = 2663
Blocksize strategy selection process: -0.035498 --> -0.026571, len_BS = 2673
Blocksize strategy selection process: -0.035493 --> -0.026571, len_BS = 2708
Blocksize strategy selection process: -0.035490 --> -0.026571, len_BS = 2727
Blocksize strategy selection process: -0.035488 --> -0.026571, len_BS = 2737
Blocksize strategy selection process: -0.035485 --> -0.026571, len_BS = 2746
Blocksize strategy selection process: -0.035467 --> -0.026571, len_BS = 2751
Blocksize strategy selection process: -0.035425 --> -0.026571, len_BS = 2783
Blocksize strategy selection process: -0.035422 --> -0.026571, len_BS = 2817
Blocksize strategy selection process: -0.035420 --> -0.026571, len_BS = 2823
Blocksize strategy selection process: -0.035359 --> -0.026571, len_BS = 2832
Blocksize strategy selection process: -0.035353 --> -0.026571, len_BS = 2859
Blocksize strategy selection process: -0.035347 --> -0.026571, len_BS = 2877
Blocksize strategy selection process: -0.035341 --> -0.026571, len_BS = 2894
Blocksize strategy selection process: -0.035332 --> -0.026571, len_BS = 2910
Blocksize strategy selection process: -0.035320 --> -0.026571, len_BS = 2925
Blocksize strategy selection process: -0.035317 --> -0.026571, len_BS = 2967
Blocksize strategy selection process: -0.035315 --> -0.026571, len_BS = 2977
Blocksize strategy selection process: -0.035226 --> -0.026571, len_BS = 2981
Blocksize strategy selection process: -0.035221 --> -0.026571, len_BS = 3003
Blocksize strategy selection process: -0.035216 --> -0.026571, len_BS = 3013
Blocksize strategy selection process: -0.035210 --> -0.026571, len_BS = 3024
Blocksize strategy selection process: -0.035206 --> -0.026571, len_BS = 2971
Blocksize strategy selection process: -0.035203 --> -0.026571, len_BS = 2985
Blocksize strategy selection process: -0.035202 --> -0.026571, len_BS = 2999
Blocksize strategy selection process: -0.035199 --> -0.026571, len_BS = 3003
Blocksize strategy selection process: -0.035197 --> -0.026571, len_BS = 3009
Blocksize strategy selection process: -0.035196 --> -0.026571, len_BS = 3015
Blocksize strategy selection process: -0.035195 --> -0.026571, len_BS = 3020
Blocksize strategy selection process: -0.035193 --> -0.026571, len_BS = 3022
Blocksize strategy selection process: -0.035186 --> -0.026571, len_BS = 3026
Blocksize strategy selection process: -0.035185 --> -0.026571, len_BS = 3041
Blocksize strategy selection process: -0.035121 --> -0.026571, len_BS = 3043
Blocksize strategy selection process: -0.035119 --> -0.026571, len_BS = 3058
Blocksize strategy selection process: -0.035117 --> -0.026571, len_BS = 3065
Blocksize strategy selection process: -0.035111 --> -0.026571, len_BS = 3073
Blocksize strategy selection process: -0.035109 --> -0.026571, len_BS = 3089
Blocksize strategy selection process: -0.035049 --> -0.026571, len_BS = 3096
Blocksize strategy selection process: -0.035047 --> -0.026571, len_BS = 3110
Blocksize strategy selection process: -0.035045 --> -0.026571, len_BS = 3116
Blocksize strategy selection process: -0.035039 --> -0.026571, len_BS = 3123
Blocksize strategy selection process: -0.035037 --> -0.026571, len_BS = 3138
Blocksize strategy selection process: -0.034977 --> -0.026571, len_BS = 3143
Blocksize strategy selection process: -0.034975 --> -0.026571, len_BS = 3174
Blocksize strategy selection process: -0.034973 --> -0.026571, len_BS = 3175
Blocksize strategy selection process: -0.034967 --> -0.026571, len_BS = 3180
Blocksize strategy selection process: -0.034965 --> -0.026571, len_BS = 3190
Blocksize strategy selection process: -0.034927 --> -0.026571, len_BS = 3197
Blocksize strategy selection process: -0.034893 --> -0.026571, len_BS = 3221
Blocksize strategy selection process: -0.034854 --> -0.026571, len_BS = 3252
Blocksize strategy selection process: -0.034853 --> -0.026571, len_BS = 3274
Blocksize strategy selection process: -0.034852 --> -0.026571, len_BS = 3278
Blocksize strategy selection process: -0.034851 --> -0.026571, len_BS = 3280
Blocksize strategy selection process: -0.034846 --> -0.026571, len_BS = 3285
Blocksize strategy selection process: -0.034844 --> -0.026571, len_BS = 3294
Blocksize strategy selection process: -0.034843 --> -0.026571, len_BS = 3298
Blocksize strategy selection process: -0.034842 --> -0.026571, len_BS = 3305
Blocksize strategy selection process: -0.034826 --> -0.026571, len_BS = 3305
Blocksize strategy selection process: -0.034825 --> -0.026571, len_BS = 3332
Blocksize strategy selection process: -0.034781 --> -0.026571, len_BS = 3334
Blocksize strategy selection process: -0.034780 --> -0.026571, len_BS = 3372
Blocksize strategy selection process: -0.034779 --> -0.026571, len_BS = 3377
Blocksize strategy selection process: -0.034778 --> -0.026571, len_BS = 3380
Blocksize strategy selection process: -0.034773 --> -0.026571, len_BS = 3385
Blocksize strategy selection process: -0.034772 --> -0.026571, len_BS = 3400
Blocksize strategy selection process: -0.034771 --> -0.026571, len_BS = 3401
Blocksize strategy selection process: -0.034770 --> -0.026571, len_BS = 3404
Blocksize strategy selection process: -0.034769 --> -0.026571, len_BS = 3407
Blocksize strategy selection process: -0.034765 --> -0.026571, len_BS = 3409
Blocksize strategy selection process: -0.034735 --> -0.026571, len_BS = 3409
Blocksize strategy selection process: -0.034733 --> -0.026571, len_BS = 3438
Blocksize strategy selection process: -0.034731 --> -0.026571, len_BS = 3442
Blocksize strategy selection process: -0.034730 --> -0.026571, len_BS = 3446
Blocksize strategy selection process: -0.034661 --> -0.026571, len_BS = 3454
Blocksize strategy selection process: -0.034660 --> -0.026571, len_BS = 3490
Blocksize strategy selection process: -0.034625 --> -0.026571, len_BS = 3497
Blocksize strategy selection process: -0.034622 --> -0.026571, len_BS = 3532
Blocksize strategy selection process: -0.034621 --> -0.026571, len_BS = 3541
Blocksize strategy selection process: -0.034620 --> -0.026571, len_BS = 3557
Blocksize strategy selection process: -0.034619 --> -0.026571, len_BS = 3559
Blocksize strategy selection process: -0.034618 --> -0.026571, len_BS = 3560
Blocksize strategy selection process: -0.034598 --> -0.026571, len_BS = 3561
Blocksize strategy selection process: -0.034597 --> -0.026571, len_BS = 3561
Blocksize strategy selection process: -0.034595 --> -0.026571, len_BS = 3561
Blocksize strategy selection process: -0.034594 --> -0.026571, len_BS = 3563
Blocksize strategy selection process: -0.034549 --> -0.026571, len_BS = 3567
Blocksize strategy selection process: -0.034547 --> -0.026571, len_BS = 3603
Blocksize strategy selection process: -0.034546 --> -0.026571, len_BS = 3606
Blocksize strategy selection process: -0.034545 --> -0.026571, len_BS = 3608
Blocksize strategy selection process: -0.034525 --> -0.026571, len_BS = 3610
Blocksize strategy selection process: -0.034524 --> -0.026571, len_BS = 3634
Blocksize strategy selection process: -0.034522 --> -0.026571, len_BS = 3635
Blocksize strategy selection process: -0.034474 --> -0.026571, len_BS = 3642
Blocksize strategy selection process: -0.034473 --> -0.026571, len_BS = 3671
Blocksize strategy selection process: -0.034472 --> -0.026571, len_BS = 3672
Blocksize strategy selection process: -0.034471 --> -0.026571, len_BS = 3691
Blocksize strategy selection process: -0.034470 --> -0.026571, len_BS = 3694
Blocksize strategy selection process: -0.034469 --> -0.026571, len_BS = 3696
Blocksize strategy selection process: -0.034401 --> -0.026571, len_BS = 3696
Blocksize strategy selection process: -0.034400 --> -0.026571, len_BS = 3681
Blocksize strategy selection process: -0.034399 --> -0.026571, len_BS = 3707
Blocksize strategy selection process: -0.034398 --> -0.026571, len_BS = 3708
Blocksize strategy selection process: -0.034397 --> -0.026571, len_BS = 3713
Blocksize strategy selection process: -0.034387 --> -0.026571, len_BS = 3717
Blocksize strategy selection process: -0.034285 --> -0.026571, len_BS = 3728
Blocksize strategy selection process: -0.034252 --> -0.026571, len_BS = 3708
Blocksize strategy selection process: -0.034251 --> -0.026571, len_BS = 3731
Blocksize strategy selection process: -0.034250 --> -0.026571, len_BS = 3733
Blocksize strategy selection process: -0.034249 --> -0.026571, len_BS = 3734
Blocksize strategy selection process: -0.034248 --> -0.026571, len_BS = 3737
Blocksize strategy selection process: -0.034247 --> -0.026571, len_BS = 3737
Blocksize strategy selection process: -0.034246 --> -0.026571, len_BS = 3742
Blocksize strategy selection process: -0.034245 --> -0.026571, len_BS = 3745
Blocksize strategy selection process: -0.034229 --> -0.026571, len_BS = 3746
Blocksize strategy selection process: -0.034228 --> -0.026571, len_BS = 3762
Blocksize strategy selection process: -0.034227 --> -0.026571, len_BS = 3764
Blocksize strategy selection process: -0.034205 --> -0.026571, len_BS = 3772
Blocksize strategy selection process: -0.034204 --> -0.026571, len_BS = 3804
Blocksize strategy selection process: -0.034202 --> -0.026571, len_BS = 3806
Blocksize strategy selection process: -0.034180 --> -0.026571, len_BS = 3808
Blocksize strategy selection process: -0.034179 --> -0.026571, len_BS = 3834
Blocksize strategy selection process: -0.034178 --> -0.026571, len_BS = 3838
Blocksize strategy selection process: -0.034177 --> -0.026571, len_BS = 3841
Blocksize strategy selection process: -0.034168 --> -0.026571, len_BS = 3843
Blocksize strategy selection process: -0.034153 --> -0.026571, len_BS = 3859
Blocksize strategy selection process: -0.034143 --> -0.026571, len_BS = 3879
Blocksize strategy selection process: -0.034142 --> -0.026571, len_BS = 3897
Blocksize strategy selection process: -0.034141 --> -0.026571, len_BS = 3897
Blocksize strategy selection process: -0.034140 --> -0.026571, len_BS = 3904
Blocksize strategy selection process: -0.034136 --> -0.026571, len_BS = 3905
Blocksize strategy selection process: -0.034118 --> -0.026571, len_BS = 3917
Blocksize strategy selection process: -0.034117 --> -0.026571, len_BS = 3936
Blocksize strategy selection process: -0.034116 --> -0.026571, len_BS = 3936
Blocksize strategy selection process: -0.034115 --> -0.026571, len_BS = 3939
Blocksize strategy selection process: -0.034107 --> -0.026571, len_BS = 3942
Blocksize strategy selection process: -0.034106 --> -0.026571, len_BS = 3961
Blocksize strategy selection process: -0.034105 --> -0.026571, len_BS = 3962
Blocksize strategy selection process: -0.034069 --> -0.026571, len_BS = 3966
Blocksize strategy selection process: -0.034068 --> -0.026571, len_BS = 3994
Blocksize strategy selection process: -0.034067 --> -0.026571, len_BS = 3998
Blocksize strategy selection process: -0.034045 --> -0.026571, len_BS = 3999
Blocksize strategy selection process: -0.034044 --> -0.026571, len_BS = 4022
Blocksize strategy selection process: -0.034043 --> -0.026571, len_BS = 4023
Blocksize strategy selection process: -0.034034 --> -0.026571, len_BS = 4025
Blocksize strategy selection process: -0.034033 --> -0.026571, len_BS = 4038
Blocksize strategy selection process: -0.033995 --> -0.026571, len_BS = 4038
Blocksize strategy selection process: -0.033994 --> -0.026571, len_BS = 4050
Blocksize strategy selection process: -0.033993 --> -0.026571, len_BS = 4065
Blocksize strategy selection process: -0.033975 --> -0.026571, len_BS = 4067
Blocksize strategy selection process: -0.033970 --> -0.026571, len_BS = 4073
Blocksize strategy selection process: -0.033969 --> -0.026571, len_BS = 4074
Blocksize strategy selection process: -0.033899 --> -0.026571, len_BS = 4074
Blocksize strategy selection process: -0.033897 --> -0.026571, len_BS = 4057
Blocksize strategy selection process: -0.033896 --> -0.026571, len_BS = 4065
Blocksize strategy selection process: -0.033853 --> -0.026571, len_BS = 4065
Blocksize strategy selection process: -0.033847 --> -0.026571, len_BS = 4088
Blocksize strategy selection process: -0.033829 --> -0.026571, len_BS = 4095
Blocksize strategy selection process: -0.033824 --> -0.026571, len_BS = 4105
Blocksize strategy selection process: -0.033823 --> -0.026571, len_BS = 4117
Blocksize strategy selection process: -0.033815 --> -0.026571, len_BS = 4118
Blocksize strategy selection process: -0.033807 --> -0.026571, len_BS = 4119
Blocksize strategy selection process: -0.033806 --> -0.026571, len_BS = 4119
Blocksize strategy selection process: -0.033805 --> -0.026571, len_BS = 4119
Blocksize strategy selection process: -0.033802 --> -0.026571, len_BS = 4119
Blocksize strategy selection process: -0.033801 --> -0.026571, len_BS = 4119
Blocksize strategy selection process: -0.033796 --> -0.026571, len_BS = 4119
Blocksize strategy selection process: -0.033795 --> -0.026571, len_BS = 4122
Blocksize strategy selection process: -0.033790 --> -0.026571, len_BS = 4122
Blocksize strategy selection process: -0.033789 --> -0.026571, len_BS = 4132
Blocksize strategy selection process: -0.033787 --> -0.026571, len_BS = 4135
Blocksize strategy selection process: -0.033714 --> -0.026571, len_BS = 4138
Blocksize strategy selection process: -0.033664 --> -0.026571, len_BS = 4130
Blocksize strategy selection process: -0.033659 --> -0.026571, len_BS = 4152
Blocksize strategy selection process: -0.033602 --> -0.026571, len_BS = 4162
Blocksize strategy selection process: -0.033601 --> -0.026571, len_BS = 4188
Blocksize strategy selection process: -0.033562 --> -0.026571, len_BS = 4188
Blocksize strategy selection process: -0.033479 --> -0.026571, len_BS = 4217
Blocksize strategy selection process: -0.033473 --> -0.026571, len_BS = 4210
Blocksize strategy selection process: -0.033444 --> -0.026571, len_BS = 4221
Blocksize strategy selection process: -0.033443 --> -0.026571, len_BS = 4218
Blocksize strategy selection process: -0.033442 --> -0.026571, len_BS = 4218
Blocksize strategy selection process: -0.033439 --> -0.026571, len_BS = 4219
Blocksize strategy selection process: -0.033438 --> -0.026571, len_BS = 4225
Blocksize strategy selection process: -0.033433 --> -0.026571, len_BS = 4226
Blocksize strategy selection process: -0.033428 --> -0.026571, len_BS = 4240
Blocksize strategy selection process: -0.033425 --> -0.026571, len_BS = 4252
Blocksize strategy selection process: -0.033420 --> -0.026571, len_BS = 4254
Blocksize strategy selection process: -0.033419 --> -0.026571, len_BS = 4260
Blocksize strategy selection process: -0.033418 --> -0.026571, len_BS = 4260
Blocksize strategy selection process: -0.033415 --> -0.026571, len_BS = 4262
Blocksize strategy selection process: -0.033414 --> -0.026571, len_BS = 4270
Blocksize strategy selection process: -0.033412 --> -0.026571, len_BS = 4271
Blocksize strategy selection process: -0.033398 --> -0.026571, len_BS = 4275
Blocksize strategy selection process: -0.033393 --> -0.026571, len_BS = 4282
Blocksize strategy selection process: -0.033392 --> -0.026571, len_BS = 4294
Blocksize strategy selection process: -0.033390 --> -0.026571, len_BS = 4296
Blocksize strategy selection process: -0.033381 --> -0.026571, len_BS = 4297
Blocksize strategy selection process: -0.033377 --> -0.026571, len_BS = 4307
Blocksize strategy selection process: -0.033376 --> -0.026571, len_BS = 4314
Blocksize strategy selection process: -0.033325 --> -0.026571, len_BS = 4315
Blocksize strategy selection process: -0.033324 --> -0.026571, len_BS = 4329
Blocksize strategy selection process: -0.033319 --> -0.026571, len_BS = 4330
Blocksize strategy selection process: -0.033317 --> -0.026571, len_BS = 4343
Blocksize strategy selection process: -0.033308 --> -0.026571, len_BS = 4349
Blocksize strategy selection process: -0.033303 --> -0.026571, len_BS = 4363
Blocksize strategy selection process: -0.033265 --> -0.026571, len_BS = 4370
Blocksize strategy selection process: -0.033251 --> -0.026571, len_BS = 4379
Blocksize strategy selection process: -0.033246 --> -0.026571, len_BS = 4391
Blocksize strategy selection process: -0.033091 --> -0.026571, len_BS = 4402
Blocksize strategy selection process: -0.032979 --> -0.026571, len_BS = 4370
Blocksize strategy selection process: -0.032978 --> -0.026571, len_BS = 4355
Blocksize strategy selection process: -0.032975 --> -0.026571, len_BS = 4350
Blocksize strategy selection process: -0.032972 --> -0.026571, len_BS = 4356
Blocksize strategy selection process: -0.032968 --> -0.026571, len_BS = 4361
Blocksize strategy selection process: -0.032966 --> -0.026571, len_BS = 4366
Blocksize strategy selection process: -0.032954 --> -0.026571, len_BS = 4369
Blocksize strategy selection process: -0.032953 --> -0.026571, len_BS = 4373
Blocksize strategy selection process: -0.032949 --> -0.026571, len_BS = 4373
Blocksize strategy selection process: -0.032948 --> -0.026571, len_BS = 4382
Blocksize strategy selection process: -0.032946 --> -0.026571, len_BS = 4382
Blocksize strategy selection process: -0.032905 --> -0.026571, len_BS = 4383
Blocksize strategy selection process: -0.032903 --> -0.026571, len_BS = 4407
Blocksize strategy selection process: -0.032900 --> -0.026571, len_BS = 4412
Blocksize strategy selection process: -0.032899 --> -0.026571, len_BS = 4422
Blocksize strategy selection process: -0.032895 --> -0.026571, len_BS = 4425
Blocksize strategy selection process: -0.032894 --> -0.026571, len_BS = 4431
Blocksize strategy selection process: -0.032893 --> -0.026571, len_BS = 4433
Blocksize strategy selection process: -0.032892 --> -0.026571, len_BS = 4437
Blocksize strategy selection process: -0.032839 --> -0.026571, len_BS = 4437
Blocksize strategy selection process: -0.032835 --> -0.026571, len_BS = 4443
Blocksize strategy selection process: -0.032828 --> -0.026571, len_BS = 4431
Blocksize strategy selection process: -0.032762 --> -0.026571, len_BS = 4446
Blocksize strategy selection process: -0.032673 --> -0.026571, len_BS = 4437
Blocksize strategy selection process: -0.032645 --> -0.026571, len_BS = 4422
Blocksize strategy selection process: -0.032644 --> -0.026571, len_BS = 4444
Blocksize strategy selection process: -0.032643 --> -0.026571, len_BS = 4443
Blocksize strategy selection process: -0.032641 --> -0.026571, len_BS = 4445
Blocksize strategy selection process: -0.032640 --> -0.026571, len_BS = 4449
Blocksize strategy selection process: -0.032626 --> -0.026571, len_BS = 4450
Blocksize strategy selection process: -0.032625 --> -0.026571, len_BS = 4455
Blocksize strategy selection process: -0.032624 --> -0.026571, len_BS = 4455
Blocksize strategy selection process: -0.032623 --> -0.026571, len_BS = 4455
Blocksize strategy selection process: -0.032622 --> -0.026571, len_BS = 4455
Blocksize strategy selection process: -0.032582 --> -0.026571, len_BS = 4456
Blocksize strategy selection process: -0.032581 --> -0.026571, len_BS = 4467
Blocksize strategy selection process: -0.032580 --> -0.026571, len_BS = 4470
Blocksize strategy selection process: -0.032579 --> -0.026571, len_BS = 4470
Blocksize strategy selection process: -0.032578 --> -0.026571, len_BS = 4471
Blocksize strategy selection process: -0.032577 --> -0.026571, len_BS = 4474
Blocksize strategy selection process: -0.032576 --> -0.026571, len_BS = 4476
Blocksize strategy selection process: -0.032575 --> -0.026571, len_BS = 4476
Blocksize strategy selection process: -0.032574 --> -0.026571, len_BS = 4480
Blocksize strategy selection process: -0.032571 --> -0.026571, len_BS = 4483
Blocksize strategy selection process: -0.032570 --> -0.026571, len_BS = 4491
Blocksize strategy selection process: -0.032568 --> -0.026571, len_BS = 4493
Blocksize strategy selection process: -0.032567 --> -0.026571, len_BS = 4495
Blocksize strategy selection process: -0.032553 --> -0.026571, len_BS = 4496
Blocksize strategy selection process: -0.032552 --> -0.026571, len_BS = 4515
Blocksize strategy selection process: -0.032551 --> -0.026571, len_BS = 4515
Blocksize strategy selection process: -0.032550 --> -0.026571, len_BS = 4517
Blocksize strategy selection process: -0.032549 --> -0.026571, len_BS = 4520
Blocksize strategy selection process: -0.032506 --> -0.026571, len_BS = 4523
Blocksize strategy selection process: -0.032505 --> -0.026571, len_BS = 4529
Blocksize strategy selection process: -0.032504 --> -0.026571, len_BS = 4530
Blocksize strategy selection process: -0.032503 --> -0.026571, len_BS = 4533
Blocksize strategy selection process: -0.032502 --> -0.026571, len_BS = 4536
Blocksize strategy selection process: -0.032501 --> -0.026571, len_BS = 4538
Blocksize strategy selection process: -0.032500 --> -0.026571, len_BS = 4540
Blocksize strategy selection process: -0.032497 --> -0.026571, len_BS = 4543
Blocksize strategy selection process: -0.032496 --> -0.026571, len_BS = 4550
Blocksize strategy selection process: -0.032494 --> -0.026571, len_BS = 4551
Blocksize strategy selection process: -0.032493 --> -0.026571, len_BS = 4554
Blocksize strategy selection process: -0.032369 --> -0.026571, len_BS = 4555
Blocksize strategy selection process: -0.032368 --> -0.026571, len_BS = 4513
Blocksize strategy selection process: -0.032349 --> -0.026571, len_BS = 4513
Blocksize strategy selection process: -0.032348 --> -0.026571, len_BS = 4504
Blocksize strategy selection process: -0.032346 --> -0.026571, len_BS = 4504
Blocksize strategy selection process: -0.032345 --> -0.026571, len_BS = 4505
Blocksize strategy selection process: -0.032332 --> -0.026571, len_BS = 4505
Blocksize strategy selection process: -0.032331 --> -0.026571, len_BS = 4519
Blocksize strategy selection process: -0.032330 --> -0.026571, len_BS = 4521
Blocksize strategy selection process: -0.032329 --> -0.026571, len_BS = 4521
Blocksize strategy selection process: -0.032328 --> -0.026571, len_BS = 4524
Blocksize strategy selection process: -0.032282 --> -0.026571, len_BS = 4527
Blocksize strategy selection process: -0.032281 --> -0.026571, len_BS = 4534
Blocksize strategy selection process: -0.032280 --> -0.026571, len_BS = 4535
Blocksize strategy selection process: -0.032279 --> -0.026571, len_BS = 4536
Blocksize strategy selection process: -0.032277 --> -0.026571, len_BS = 4537
Blocksize strategy selection process: -0.032274 --> -0.026571, len_BS = 4538
Blocksize strategy selection process: -0.032273 --> -0.026571, len_BS = 4543
Blocksize strategy selection process: -0.032271 --> -0.026571, len_BS = 4545
Blocksize strategy selection process: -0.032270 --> -0.026571, len_BS = 4551
Blocksize strategy selection process: -0.032257 --> -0.026571, len_BS = 4551
Blocksize strategy selection process: -0.032256 --> -0.026571, len_BS = 4564
Blocksize strategy selection process: -0.032199 --> -0.026571, len_BS = 4568
Blocksize strategy selection process: -0.032196 --> -0.026571, len_BS = 4554
Blocksize strategy selection process: -0.032183 --> -0.026571, len_BS = 4561
Blocksize strategy selection process: -0.032180 --> -0.026571, len_BS = 4573
Blocksize strategy selection process: -0.032179 --> -0.026571, len_BS = 4575
Blocksize strategy selection process: -0.032168 --> -0.026571, len_BS = 4578
Blocksize strategy selection process: -0.032162 --> -0.026571, len_BS = 4595
Blocksize strategy selection process: -0.032161 --> -0.026571, len_BS = 4595
Blocksize strategy selection process: -0.032159 --> -0.026571, len_BS = 4595
Blocksize strategy selection process: -0.032158 --> -0.026571, len_BS = 4595
Blocksize strategy selection process: -0.032155 --> -0.026571, len_BS = 4595
Blocksize strategy selection process: -0.032151 --> -0.026571, len_BS = 4595
Blocksize strategy selection process: -0.032149 --> -0.026571, len_BS = 4596
Blocksize strategy selection process: -0.032147 --> -0.026571, len_BS = 4596
Blocksize strategy selection process: -0.031973 --> -0.026571, len_BS = 4596
Blocksize strategy selection process: -0.031955 --> -0.026571, len_BS = 4500
Blocksize strategy selection process: -0.031954 --> -0.026571, len_BS = 4508
Blocksize strategy selection process: -0.031953 --> -0.026571, len_BS = 4508
Blocksize strategy selection process: -0.031951 --> -0.026571, len_BS = 4508
Blocksize strategy selection process: -0.031931 --> -0.026571, len_BS = 4511
Blocksize strategy selection process: -0.031930 --> -0.026571, len_BS = 4536
Blocksize strategy selection process: -0.031928 --> -0.026571, len_BS = 4538
Blocksize strategy selection process: -0.031755 --> -0.026571, len_BS = 4543
Blocksize strategy selection process: -0.031752 --> -0.026571, len_BS = 4372
Blocksize strategy selection process: -0.031751 --> -0.026571, len_BS = 4372
Blocksize strategy selection process: -0.031749 --> -0.026571, len_BS = 4372
Blocksize strategy selection process: -0.031729 --> -0.026571, len_BS = 4377
Blocksize strategy selection process: -0.031728 --> -0.026571, len_BS = 4399
Blocksize strategy selection process: -0.031717 --> -0.026571, len_BS = 4402
Blocksize strategy selection process: -0.031710 --> -0.026571, len_BS = 4419
Blocksize strategy selection process: -0.031708 --> -0.026571, len_BS = 4419
Blocksize strategy selection process: -0.031707 --> -0.026571, len_BS = 4419
Blocksize strategy selection process: -0.031658 --> -0.026571, len_BS = 4419
Blocksize strategy selection process: -0.031657 --> -0.026571, len_BS = 4427
Blocksize strategy selection process: -0.031656 --> -0.026571, len_BS = 4428
Blocksize strategy selection process: -0.031654 --> -0.026571, len_BS = 4429
Blocksize strategy selection process: -0.031653 --> -0.026571, len_BS = 4433
Blocksize strategy selection process: -0.031652 --> -0.026571, len_BS = 4434
Blocksize strategy selection process: -0.031645 --> -0.026571, len_BS = 4435
Blocksize strategy selection process: -0.031644 --> -0.026571, len_BS = 4450
Blocksize strategy selection process: -0.031635 --> -0.026571, len_BS = 4452
Blocksize strategy selection process: -0.031634 --> -0.026571, len_BS = 4461
Blocksize strategy selection process: -0.031632 --> -0.026571, len_BS = 4463
Blocksize strategy selection process: -0.031622 --> -0.026571, len_BS = 4467
Blocksize strategy selection process: -0.031620 --> -0.026571, len_BS = 4479
Blocksize strategy selection process: -0.031598 --> -0.026571, len_BS = 4487
Blocksize strategy selection process: -0.031595 --> -0.026571, len_BS = 4511
Blocksize strategy selection process: -0.031585 --> -0.026571, len_BS = 4512
Blocksize strategy selection process: -0.031584 --> -0.026571, len_BS = 4532
Blocksize strategy selection process: -0.031583 --> -0.026571, len_BS = 4533
Blocksize strategy selection process: -0.031581 --> -0.026571, len_BS = 4537
Blocksize strategy selection process: -0.031580 --> -0.026571, len_BS = 4540
Blocksize strategy selection process: -0.031494 --> -0.026571, len_BS = 4540
Blocksize strategy selection process: -0.031486 --> -0.026571, len_BS = 4524
Blocksize strategy selection process: -0.031485 --> -0.026571, len_BS = 4540
Blocksize strategy selection process: -0.031483 --> -0.026571, len_BS = 4543
Blocksize strategy selection process: -0.031472 --> -0.026571, len_BS = 4544
Blocksize strategy selection process: -0.031451 --> -0.026571, len_BS = 4558
Blocksize strategy selection process: -0.031448 --> -0.026571, len_BS = 4577
Blocksize strategy selection process: -0.031447 --> -0.026571, len_BS = 4583
Blocksize strategy selection process: -0.031437 --> -0.026571, len_BS = 4584
Blocksize strategy selection process: -0.031433 --> -0.026571, len_BS = 4599
Blocksize strategy selection process: -0.031424 --> -0.026571, len_BS = 4605
Blocksize strategy selection process: -0.031423 --> -0.026571, len_BS = 4619
Blocksize strategy selection process: -0.031422 --> -0.026571, len_BS = 4619
Blocksize strategy selection process: -0.031361 --> -0.026571, len_BS = 4619
Blocksize strategy selection process: -0.031360 --> -0.026571, len_BS = 4626
Blocksize strategy selection process: -0.031351 --> -0.026571, len_BS = 4626
Blocksize strategy selection process: -0.031350 --> -0.026571, len_BS = 4637
Blocksize strategy selection process: -0.031349 --> -0.026571, len_BS = 4638
Blocksize strategy selection process: -0.031304 --> -0.026571, len_BS = 4641
Blocksize strategy selection process: -0.031303 --> -0.026571, len_BS = 4652
Blocksize strategy selection process: -0.031301 --> -0.026571, len_BS = 4649
Blocksize strategy selection process: -0.031300 --> -0.026571, len_BS = 4653
Blocksize strategy selection process: -0.031218 --> -0.026571, len_BS = 4653
Blocksize strategy selection process: -0.031214 --> -0.026571, len_BS = 4628
Blocksize strategy selection process: -0.031205 --> -0.026571, len_BS = 4631
Blocksize strategy selection process: -0.031204 --> -0.026571, len_BS = 4638
Blocksize strategy selection process: -0.031145 --> -0.026571, len_BS = 4638
Blocksize strategy selection process: -0.031144 --> -0.026571, len_BS = 4635
Blocksize strategy selection process: -0.031103 --> -0.026571, len_BS = 4635
Blocksize strategy selection process: -0.031102 --> -0.026571, len_BS = 4642
Blocksize strategy selection process: -0.031058 --> -0.026571, len_BS = 4642
Blocksize strategy selection process: -0.031057 --> -0.026571, len_BS = 4655
Blocksize strategy selection process: -0.031043 --> -0.026571, len_BS = 4655
Blocksize strategy selection process: -0.031042 --> -0.026571, len_BS = 4654
Blocksize strategy selection process: -0.031040 --> -0.026571, len_BS = 4654
Blocksize strategy selection process: -0.031039 --> -0.026571, len_BS = 4654
Blocksize strategy selection process: -0.030972 --> -0.026571, len_BS = 4654
Blocksize strategy selection process: -0.030971 --> -0.026571, len_BS = 4647
Blocksize strategy selection process: -0.030865 --> -0.026571, len_BS = 4648
Blocksize strategy selection process: -0.030861 --> -0.026571, len_BS = 4634
Blocksize strategy selection process: -0.030660 --> -0.026571, len_BS = 4634
Blocksize strategy selection process: -0.030635 --> -0.026571, len_BS = 4556
Blocksize strategy selection process: -0.030631 --> -0.026571, len_BS = 4575
Blocksize strategy selection process: -0.030601 --> -0.026571, len_BS = 4577
Blocksize strategy selection process: -0.030580 --> -0.026571, len_BS = 4594
Blocksize strategy selection process: -0.030497 --> -0.026571, len_BS = 4613
Blocksize strategy selection process: -0.030489 --> -0.026571, len_BS = 4600
Blocksize strategy selection process: -0.030409 --> -0.026571, len_BS = 4608
Blocksize strategy selection process: -0.030406 --> -0.026571, len_BS = 4607
Blocksize strategy selection process: -0.030339 --> -0.026571, len_BS = 4609
Blocksize strategy selection process: -0.030337 --> -0.026571, len_BS = 4616
Blocksize strategy selection process: -0.030336 --> -0.026571, len_BS = 4621
Blocksize strategy selection process: -0.030311 --> -0.026571, len_BS = 4621
Blocksize strategy selection process: -0.030310 --> -0.026571, len_BS = 4632
Blocksize strategy selection process: -0.030269 --> -0.026571, len_BS = 4632
Blocksize strategy selection process: -0.030242 --> -0.026571, len_BS = 4637
Blocksize strategy selection process: -0.030233 --> -0.026571, len_BS = 4652
Blocksize strategy selection process: -0.030232 --> -0.026571, len_BS = 4653
Blocksize strategy selection process: -0.030229 --> -0.026571, len_BS = 4654
Blocksize strategy selection process: -0.030227 --> -0.026571, len_BS = 4659
Blocksize strategy selection process: -0.030226 --> -0.026571, len_BS = 4661
Blocksize strategy selection process: -0.030225 --> -0.026571, len_BS = 4662
Blocksize strategy selection process: -0.030214 --> -0.026571, len_BS = 4662
Blocksize strategy selection process: -0.030173 --> -0.026571, len_BS = 4673
Blocksize strategy selection process: -0.030171 --> -0.026571, len_BS = 4682
Blocksize strategy selection process: -0.030163 --> -0.026571, len_BS = 4684
Blocksize strategy selection process: -0.030162 --> -0.026571, len_BS = 4690
Blocksize strategy selection process: -0.030161 --> -0.026571, len_BS = 4691
Blocksize strategy selection process: -0.030159 --> -0.026571, len_BS = 4691
Blocksize strategy selection process: -0.030158 --> -0.026571, len_BS = 4693
Blocksize strategy selection process: -0.030157 --> -0.026571, len_BS = 4694
Blocksize strategy selection process: -0.030105 --> -0.026571, len_BS = 4694
Blocksize strategy selection process: -0.029983 --> -0.026571, len_BS = 4702
Blocksize strategy selection process: -0.029950 --> -0.026571, len_BS = 4690
Blocksize strategy selection process: -0.029923 --> -0.026571, len_BS = 4700
Blocksize strategy selection process: -0.029901 --> -0.026571, len_BS = 4707
Blocksize strategy selection process: -0.029893 --> -0.026571, len_BS = 4714
Blocksize strategy selection process: -0.029892 --> -0.026571, len_BS = 4720
Blocksize strategy selection process: -0.029890 --> -0.026571, len_BS = 4720
Blocksize strategy selection process: -0.029888 --> -0.026571, len_BS = 4722
Blocksize strategy selection process: -0.029887 --> -0.026571, len_BS = 4725
Blocksize strategy selection process: -0.029876 --> -0.026571, len_BS = 4726
Blocksize strategy selection process: -0.029873 --> -0.026571, len_BS = 4728
Blocksize strategy selection process: -0.029872 --> -0.026571, len_BS = 4734
Blocksize strategy selection process: -0.029871 --> -0.026571, len_BS = 4734
Blocksize strategy selection process: -0.029832 --> -0.026571, len_BS = 4734
Blocksize strategy selection process: -0.029831 --> -0.026571, len_BS = 4742
Blocksize strategy selection process: -0.029824 --> -0.026571, len_BS = 4742
Blocksize strategy selection process: -0.029823 --> -0.026571, len_BS = 4746
Blocksize strategy selection process: -0.029820 --> -0.026571, len_BS = 4746
Blocksize strategy selection process: -0.029759 --> -0.026571, len_BS = 4747
Blocksize strategy selection process: -0.029758 --> -0.026571, len_BS = 4752
Blocksize strategy selection process: -0.029756 --> -0.026571, len_BS = 4752
Blocksize strategy selection process: -0.029743 --> -0.026571, len_BS = 4753
Blocksize strategy selection process: -0.029741 --> -0.026571, len_BS = 4759
Blocksize strategy selection process: -0.029740 --> -0.026571, len_BS = 4762
Blocksize strategy selection process: -0.029739 --> -0.026571, len_BS = 4762
Blocksize strategy selection process: -0.029738 --> -0.026571, len_BS = 4762
Blocksize strategy selection process: -0.029617 --> -0.026571, len_BS = 4762
Blocksize strategy selection process: -0.029615 --> -0.026571, len_BS = 4750
Blocksize strategy selection process: -0.029611 --> -0.026571, len_BS = 4750
Blocksize strategy selection process: -0.029610 --> -0.026571, len_BS = 4753
Blocksize strategy selection process: -0.029609 --> -0.026571, len_BS = 4753
Blocksize strategy selection process: -0.029608 --> -0.026571, len_BS = 4753
Blocksize strategy selection process: -0.029607 --> -0.026571, len_BS = 4753
Blocksize strategy selection process: -0.029606 --> -0.026571, len_BS = 4753
Blocksize strategy selection process: -0.029600 --> -0.026571, len_BS = 4753
Blocksize strategy selection process: -0.029599 --> -0.026571, len_BS = 4753
Blocksize strategy selection process: -0.029560 --> -0.026571, len_BS = 4754
Blocksize strategy selection process: -0.029557 --> -0.026571, len_BS = 4766
Blocksize strategy selection process: -0.029490 --> -0.026571, len_BS = 4767
Blocksize strategy selection process: -0.029489 --> -0.026571, len_BS = 4777
Blocksize strategy selection process: -0.029479 --> -0.026571, len_BS = 4777
Blocksize strategy selection process: -0.029477 --> -0.026571, len_BS = 4781
Blocksize strategy selection process: -0.029475 --> -0.026571, len_BS = 4781
Blocksize strategy selection process: -0.029436 --> -0.026571, len_BS = 4782
Blocksize strategy selection process: -0.029433 --> -0.026571, len_BS = 4793
Blocksize strategy selection process: -0.029415 --> -0.026571, len_BS = 4793
Blocksize strategy selection process: -0.029404 --> -0.026571, len_BS = 4803
Blocksize strategy selection process: -0.029364 --> -0.026571, len_BS = 4806
Blocksize strategy selection process: -0.029363 --> -0.026571, len_BS = 4812
Blocksize strategy selection process: -0.029362 --> -0.026571, len_BS = 4812
Blocksize strategy selection process: -0.029360 --> -0.026571, len_BS = 4812
Blocksize strategy selection process: -0.029359 --> -0.026571, len_BS = 4812
Blocksize strategy selection process: -0.029348 --> -0.026571, len_BS = 4812
Blocksize strategy selection process: -0.029341 --> -0.026571, len_BS = 4815
Blocksize strategy selection process: -0.029300 --> -0.026571, len_BS = 4819
Blocksize strategy selection process: -0.029299 --> -0.026571, len_BS = 4828
Blocksize strategy selection process: -0.029298 --> -0.026571, len_BS = 4828
Blocksize strategy selection process: -0.029297 --> -0.026571, len_BS = 4828
Blocksize strategy selection process: -0.029295 --> -0.026571, len_BS = 4828
Blocksize strategy selection process: -0.029287 --> -0.026571, len_BS = 4829
Blocksize strategy selection process: -0.029286 --> -0.026571, len_BS = 4830
Blocksize strategy selection process: -0.029282 --> -0.026571, len_BS = 4831
Blocksize strategy selection process: -0.029242 --> -0.026571, len_BS = 4831
Blocksize strategy selection process: -0.029241 --> -0.026571, len_BS = 4837
Blocksize strategy selection process: -0.029240 --> -0.026571, len_BS = 4837
Blocksize strategy selection process: -0.029236 --> -0.026571, len_BS = 4837
Blocksize strategy selection process: -0.029234 --> -0.026571, len_BS = 4838
Blocksize strategy selection process: -0.029232 --> -0.026571, len_BS = 4838
Blocksize strategy selection process: -0.029222 --> -0.026571, len_BS = 4839
Blocksize strategy selection process: -0.029220 --> -0.026571, len_BS = 4839
Blocksize strategy selection process: -0.029214 --> -0.026571, len_BS = 4840
Blocksize strategy selection process: -0.029213 --> -0.026571, len_BS = 4842
Blocksize strategy selection process: -0.029203 --> -0.026571, len_BS = 4843
Blocksize strategy selection process: -0.029202 --> -0.026571, len_BS = 4847
Blocksize strategy selection process: -0.029197 --> -0.026571, len_BS = 4847
Blocksize strategy selection process: -0.029157 --> -0.026571, len_BS = 4848
Blocksize strategy selection process: -0.029151 --> -0.026571, len_BS = 4858
Blocksize strategy selection process: -0.029146 --> -0.026571, len_BS = 4861
Blocksize strategy selection process: -0.029097 --> -0.026571, len_BS = 4862
Blocksize strategy selection process: -0.029094 --> -0.026571, len_BS = 4867
Blocksize strategy selection process: -0.029093 --> -0.026571, len_BS = 4868
Blocksize strategy selection process: -0.029084 --> -0.026571, len_BS = 4868
Blocksize strategy selection process: -0.029070 --> -0.026571, len_BS = 4871
Blocksize strategy selection process: -0.029062 --> -0.026571, len_BS = 4874
Blocksize strategy selection process: -0.029016 --> -0.026571, len_BS = 4876
Blocksize strategy selection process: -0.029015 --> -0.026571, len_BS = 4882
Blocksize strategy selection process: -0.029005 --> -0.026571, len_BS = 4882
Blocksize strategy selection process: -0.028925 --> -0.026571, len_BS = 4883
Blocksize strategy selection process: -0.028911 --> -0.026571, len_BS = 4885
Blocksize strategy selection process: -0.028909 --> -0.026571, len_BS = 4887
Blocksize strategy selection process: -0.028800 --> -0.026571, len_BS = 4888
Blocksize strategy selection process: -0.028770 --> -0.026571, len_BS = 4891
Blocksize strategy selection process: -0.028693 --> -0.026571, len_BS = 4896
Blocksize strategy selection process: -0.028688 --> -0.026571, len_BS = 4898
Blocksize strategy selection process: -0.028687 --> -0.026571, len_BS = 4898
Blocksize strategy selection process: -0.028682 --> -0.026571, len_BS = 4898
Blocksize strategy selection process: -0.028680 --> -0.026571, len_BS = 4898
Blocksize strategy selection process: -0.028679 --> -0.026571, len_BS = 4898
Blocksize strategy selection process: -0.028678 --> -0.026571, len_BS = 4898
Blocksize strategy selection process: -0.028609 --> -0.026571, len_BS = 4898
Blocksize strategy selection process: -0.028595 --> -0.026571, len_BS = 4902
Blocksize strategy selection process: -0.028560 --> -0.026571, len_BS = 4903
Blocksize strategy selection process: -0.028559 --> -0.026571, len_BS = 4905
Blocksize strategy selection process: -0.028534 --> -0.026571, len_BS = 4906
Blocksize strategy selection process: -0.028533 --> -0.026571, len_BS = 4907
Blocksize strategy selection process: -0.028492 --> -0.026571, len_BS = 4907
Blocksize strategy selection process: -0.028485 --> -0.026571, len_BS = 4909
Blocksize strategy selection process: -0.028481 --> -0.026571, len_BS = 4909
Blocksize strategy selection process: -0.028480 --> -0.026571, len_BS = 4909
Blocksize strategy selection process: -0.028444 --> -0.026571, len_BS = 4909
Blocksize strategy selection process: -0.028423 --> -0.026571, len_BS = 4912
Blocksize strategy selection process: -0.028387 --> -0.026571, len_BS = 4913
Blocksize strategy selection process: -0.028374 --> -0.026571, len_BS = 4913
Blocksize strategy selection process: -0.028368 --> -0.026571, len_BS = 4913
Blocksize strategy selection process: -0.028331 --> -0.026571, len_BS = 4913
Blocksize strategy selection process: -0.028316 --> -0.026571, len_BS = 4916
Blocksize strategy selection process: -0.028275 --> -0.026571, len_BS = 4916
Blocksize strategy selection process: -0.028269 --> -0.026571, len_BS = 4918
Blocksize strategy selection process: -0.028263 --> -0.026571, len_BS = 4918
Blocksize strategy selection process: -0.028260 --> -0.026571, len_BS = 4918
Blocksize strategy selection process: -0.028252 --> -0.026571, len_BS = 4918
Blocksize strategy selection process: -0.028219 --> -0.026571, len_BS = 4918
Blocksize strategy selection process: -0.028208 --> -0.026571, len_BS = 4920
Blocksize strategy selection process: -0.028169 --> -0.026571, len_BS = 4921
Blocksize strategy selection process: -0.028067 --> -0.026571, len_BS = 4923
Blocksize strategy selection process: -0.028041 --> -0.026571, len_BS = 4924
Blocksize strategy selection process: -0.028040 --> -0.026571, len_BS = 4925
Blocksize strategy selection process: -0.027990 --> -0.026571, len_BS = 4925
Blocksize strategy selection process: -0.027973 --> -0.026571, len_BS = 4925
Blocksize strategy selection process: -0.027972 --> -0.026571, len_BS = 4925
Blocksize strategy selection process: -0.027971 --> -0.026571, len_BS = 4925
Blocksize strategy selection process: -0.027970 --> -0.026571, len_BS = 4925
Blocksize strategy selection process: -0.027967 --> -0.026571, len_BS = 4925
Blocksize strategy selection process: -0.027938 --> -0.026571, len_BS = 4926
Blocksize strategy selection process: -0.027841 --> -0.026571, len_BS = 4927
Blocksize strategy selection process: -0.027824 --> -0.026571, len_BS = 4928
Blocksize strategy selection process: -0.027792 --> -0.026571, len_BS = 4928
Blocksize strategy selection process: -0.027750 --> -0.026571, len_BS = 4929
Blocksize strategy selection process: -0.027749 --> -0.026571, len_BS = 4929
Blocksize strategy selection process: -0.027745 --> -0.026571, len_BS = 4929
Blocksize strategy selection process: -0.027740 --> -0.026571, len_BS = 4929
Blocksize strategy selection process: -0.027703 --> -0.026571, len_BS = 4929
Blocksize strategy selection process: -0.027702 --> -0.026571, len_BS = 4929
Blocksize strategy selection process: -0.027699 --> -0.026571, len_BS = 4929
Blocksize strategy selection process: -0.027639 --> -0.026571, len_BS = 4929
Blocksize strategy selection process: -0.027638 --> -0.026571, len_BS = 4929
Blocksize strategy selection process: -0.027636 --> -0.026571, len_BS = 4929
Blocksize strategy selection process: -0.027597 --> -0.026571, len_BS = 4929
Blocksize strategy selection process: -0.027552 --> -0.026571, len_BS = 4929
Blocksize strategy selection process: -0.027551 --> -0.026571, len_BS = 4929
Blocksize strategy selection process: -0.027525 --> -0.026571, len_BS = 4929
Blocksize strategy selection process: -0.027424 --> -0.026571, len_BS = 4929
Blocksize strategy selection process: -0.027407 --> -0.026571, len_BS = 4930
Blocksize strategy selection process: -0.027359 --> -0.026571, len_BS = 4930
Blocksize strategy selection process: -0.027357 --> -0.026571, len_BS = 4930
Blocksize strategy selection process: -0.027320 --> -0.026571, len_BS = 4930
Blocksize strategy selection process: -0.027287 --> -0.026571, len_BS = 4930
Blocksize strategy selection process: -0.027207 --> -0.026571, len_BS = 4930
Blocksize strategy selection process: -0.027175 --> -0.026571, len_BS = 4930
Blocksize strategy selection process: -0.027171 --> -0.026571, len_BS = 4930
Blocksize strategy selection process: -0.027093 --> -0.026571, len_BS = 4930
Blocksize strategy selection process: -0.027068 --> -0.026571, len_BS = 4930
Blocksize strategy selection process: -0.027039 --> -0.026571, len_BS = 4930
Blocksize strategy selection process: -0.027014 --> -0.026571, len_BS = 4930
Blocksize strategy selection process: -0.026982 --> -0.026571, len_BS = 4930
Blocksize strategy selection process: -0.026981 --> -0.026571, len_BS = 4930
Blocksize strategy selection process: -0.026980 --> -0.026571, len_BS = 4930
Blocksize strategy selection process: -0.026979 --> -0.026571, len_BS = 4930
Blocksize strategy selection process: -0.026978 --> -0.026571, len_BS = 4930
Blocksize strategy selection process: -0.026977 --> -0.026571, len_BS = 4930
Blocksize strategy selection process: -0.026976 --> -0.026571, len_BS = 4930
Blocksize strategy selection process: -0.026927 --> -0.026571, len_BS = 4930
Blocksize strategy selection process: -0.026926 --> -0.026571, len_BS = 4930
Blocksize strategy selection process: -0.026925 --> -0.026571, len_BS = 4930
Blocksize strategy selection process: -0.026924 --> -0.026571, len_BS = 4930
Blocksize strategy selection process: -0.026923 --> -0.026571, len_BS = 4930
Blocksize strategy selection process: -0.026922 --> -0.026571, len_BS = 4930
Blocksize strategy selection process: -0.026921 --> -0.026571, len_BS = 4930
Blocksize strategy selection process: -0.026920 --> -0.026571, len_BS = 4930
Blocksize strategy selection process: -0.026919 --> -0.026571, len_BS = 4930
Blocksize strategy selection process: -0.026918 --> -0.026571, len_BS = 4930
Blocksize strategy selection process: -0.026917 --> -0.026571, len_BS = 4930
Blocksize strategy selection process: -0.026916 --> -0.026571, len_BS = 4930
Blocksize strategy selection process: -0.026915 --> -0.026571, len_BS = 4930
Blocksize strategy selection process: -0.026914 --> -0.026571, len_BS = 4930
Blocksize strategy selection process: -0.026913 --> -0.026571, len_BS = 4930
Blocksize strategy selection process: -0.026912 --> -0.026571, len_BS = 4930
Blocksize strategy selection process: -0.026895 --> -0.026571, len_BS = 4930
Blocksize strategy selection process: -0.026894 --> -0.026571, len_BS = 4930
Blocksize strategy selection process: -0.026893 --> -0.026571, len_BS = 4930
Blocksize strategy selection process: -0.026892 --> -0.026571, len_BS = 4930
Blocksize strategy selection process: -0.026891 --> -0.026571, len_BS = 4930
Blocksize strategy selection process: -0.026890 --> -0.026571, len_BS = 4930
Blocksize strategy selection process: -0.026889 --> -0.026571, len_BS = 4930
Blocksize strategy selection process: -0.026874 --> -0.026571, len_BS = 4930
Blocksize strategy selection process: -0.026873 --> -0.026571, len_BS = 4930
Blocksize strategy selection process: -0.026872 --> -0.026571, len_BS = 4930
Blocksize strategy selection process: -0.026871 --> -0.026571, len_BS = 4930
Blocksize strategy selection process: -0.026870 --> -0.026571, len_BS = 4930
Blocksize strategy selection process: -0.026869 --> -0.026571, len_BS = 4930
Blocksize strategy selection process: -0.026868 --> -0.026571, len_BS = 4930
Blocksize strategy selection process: -0.026867 --> -0.026571, len_BS = 4930
Blocksize strategy selection process: -0.026866 --> -0.026571, len_BS = 4930
Blocksize strategy selection process: -0.026865 --> -0.026571, len_BS = 4930
Blocksize strategy selection process: -0.026864 --> -0.026571, len_BS = 4930
Blocksize strategy selection process: -0.026863 --> -0.026571, len_BS = 4930
Blocksize strategy selection process: -0.026862 --> -0.026571, len_BS = 4930
Blocksize strategy selection process: -0.026848 --> -0.026571, len_BS = 4930
Blocksize strategy selection process: -0.026847 --> -0.026571, len_BS = 4930
Blocksize strategy selection process: -0.026846 --> -0.026571, len_BS = 4930
Blocksize strategy selection process: -0.026845 --> -0.026571, len_BS = 4930
Blocksize strategy selection process: -0.026844 --> -0.026571, len_BS = 4930
Blocksize strategy selection process: -0.026843 --> -0.026571, len_BS = 4930
Blocksize strategy selection process: -0.026842 --> -0.026571, len_BS = 4930
Blocksize strategy selection process: -0.026841 --> -0.026571, len_BS = 4930
Blocksize strategy selection process: -0.026840 --> -0.026571, len_BS = 4930
Blocksize strategy selection process: -0.026839 --> -0.026571, len_BS = 4930
Blocksize strategy selection process: -0.026838 --> -0.026571, len_BS = 4930
Blocksize strategy selection process: -0.026824 --> -0.026571, len_BS = 4930
Blocksize strategy selection process: -0.026823 --> -0.026571, len_BS = 4930
Blocksize strategy selection process: -0.026822 --> -0.026571, len_BS = 4930
Blocksize strategy selection process: -0.026821 --> -0.026571, len_BS = 4930
Blocksize strategy selection process: -0.026820 --> -0.026571, len_BS = 4930
Blocksize strategy selection process: -0.026819 --> -0.026571, len_BS = 4930
Blocksize strategy selection process: -0.026818 --> -0.026571, len_BS = 4930
Blocksize strategy selection process: -0.026817 --> -0.026571, len_BS = 4930
Blocksize strategy selection process: -0.026816 --> -0.026571, len_BS = 4930
Blocksize strategy selection process: -0.026815 --> -0.026571, len_BS = 4930
Blocksize strategy selection process: -0.026814 --> -0.026571, len_BS = 4930
Blocksize strategy selection process: -0.026813 --> -0.026571, len_BS = 4930
Blocksize strategy selection process: -0.026800 --> -0.026571, len_BS = 4930
Blocksize strategy selection process: -0.026799 --> -0.026571, len_BS = 4930
Blocksize strategy selection process: -0.026798 --> -0.026571, len_BS = 4930
Blocksize strategy selection process: -0.026797 --> -0.026571, len_BS = 4930
Blocksize strategy selection process: -0.026796 --> -0.026571, len_BS = 4930
Blocksize strategy selection process: -0.026795 --> -0.026571, len_BS = 4930
Blocksize strategy selection process: -0.026794 --> -0.026571, len_BS = 4930
Blocksize strategy selection process: -0.026793 --> -0.026571, len_BS = 4930
Blocksize strategy selection process: -0.026792 --> -0.026571, len_BS = 4930
Blocksize strategy selection process: -0.026791 --> -0.026571, len_BS = 4930
Blocksize strategy selection process: -0.026790 --> -0.026571, len_BS = 4930
Blocksize strategy selection process: -0.026778 --> -0.026571, len_BS = 4930
Blocksize strategy selection process: -0.026777 --> -0.026571, len_BS = 4930
Blocksize strategy selection process: -0.026776 --> -0.026571, len_BS = 4930
Blocksize strategy selection process: -0.026775 --> -0.026571, len_BS = 4930
Blocksize strategy selection process: -0.026774 --> -0.026571, len_BS = 4930
Blocksize strategy selection process: -0.026773 --> -0.026571, len_BS = 4930
Blocksize strategy selection process: -0.026772 --> -0.026571, len_BS = 4930
Blocksize strategy selection process: -0.026771 --> -0.026571, len_BS = 4930
Blocksize strategy selection process: -0.026770 --> -0.026571, len_BS = 4930
Blocksize strategy selection process: -0.026769 --> -0.026571, len_BS = 4930
Blocksize strategy selection process: -0.026757 --> -0.026571, len_BS = 4930
Blocksize strategy selection process: -0.026756 --> -0.026571, len_BS = 4930
Blocksize strategy selection process: -0.026755 --> -0.026571, len_BS = 4930
Blocksize strategy selection process: -0.026754 --> -0.026571, len_BS = 4930
Blocksize strategy selection process: -0.026753 --> -0.026571, len_BS = 4930
Blocksize strategy selection process: -0.026752 --> -0.026571, len_BS = 4930
Blocksize strategy selection process: -0.026751 --> -0.026571, len_BS = 4930
Blocksize strategy selection process: -0.026750 --> -0.026571, len_BS = 4930
Blocksize strategy selection process: -0.026749 --> -0.026571, len_BS = 4930
Blocksize strategy selection process: -0.026748 --> -0.026571, len_BS = 4930
Blocksize strategy selection process: -0.026747 --> -0.026571, len_BS = 4930
Blocksize strategy selection process: -0.026736 --> -0.026571, len_BS = 4930
Blocksize strategy selection process: -0.026735 --> -0.026571, len_BS = 4930
Blocksize strategy selection process: -0.026734 --> -0.026571, len_BS = 4930
Blocksize strategy selection process: -0.026733 --> -0.026571, len_BS = 4930
Blocksize strategy selection process: -0.026732 --> -0.026571, len_BS = 4930
Blocksize strategy selection process: -0.026731 --> -0.026571, len_BS = 4930
Blocksize strategy selection process: -0.026730 --> -0.026571, len_BS = 4930
Blocksize strategy selection process: -0.026729 --> -0.026571, len_BS = 4930
Blocksize strategy selection process: -0.026728 --> -0.026571, len_BS = 4930
Blocksize strategy selection process: -0.026717 --> -0.026571, len_BS = 4930
Blocksize strategy selection process: -0.026716 --> -0.026571, len_BS = 4930
Blocksize strategy selection process: -0.026715 --> -0.026571, len_BS = 4930
Blocksize strategy selection process: -0.026714 --> -0.026571, len_BS = 4930
Blocksize strategy selection process: -0.026713 --> -0.026571, len_BS = 4930
Blocksize strategy selection process: -0.026712 --> -0.026571, len_BS = 4930
Blocksize strategy selection process: -0.026711 --> -0.026571, len_BS = 4930
Blocksize strategy selection process: -0.026710 --> -0.026571, len_BS = 4930
Blocksize strategy selection process: -0.026709 --> -0.026571, len_BS = 4930
Blocksize strategy selection process: -0.026699 --> -0.026571, len_BS = 4930
Blocksize strategy selection process: -0.026698 --> -0.026571, len_BS = 4930
Blocksize strategy selection process: -0.026697 --> -0.026571, len_BS = 4930
Blocksize strategy selection process: -0.026696 --> -0.026571, len_BS = 4930
Blocksize strategy selection process: -0.026695 --> -0.026571, len_BS = 4930
Blocksize strategy selection process: -0.026694 --> -0.026571, len_BS = 4930
Blocksize strategy selection process: -0.026693 --> -0.026571, len_BS = 4930
Blocksize strategy selection process: -0.026692 --> -0.026571, len_BS = 4930
Blocksize strategy selection process: -0.026682 --> -0.026571, len_BS = 4930
Blocksize strategy selection process: -0.026681 --> -0.026571, len_BS = 4930
Blocksize strategy selection process: -0.026680 --> -0.026571, len_BS = 4930
Blocksize strategy selection process: -0.026679 --> -0.026571, len_BS = 4930
Blocksize strategy selection process: -0.026678 --> -0.026571, len_BS = 4930
Blocksize strategy selection process: -0.026677 --> -0.026571, len_BS = 4930
Blocksize strategy selection process: -0.026676 --> -0.026571, len_BS = 4930
Blocksize strategy selection process: -0.026675 --> -0.026571, len_BS = 4930
Blocksize strategy selection process: -0.026666 --> -0.026571, len_BS = 4930
Blocksize strategy selection process: -0.026665 --> -0.026571, len_BS = 4930
Blocksize strategy selection process: -0.026664 --> -0.026571, len_BS = 4930
Blocksize strategy selection process: -0.026648 --> -0.026571, len_BS = 4930
Blocksize strategy selection process: -0.026647 --> -0.026571, len_BS = 4930
Blocksize strategy selection process: -0.026643 --> -0.026571, len_BS = 4930
Blocksize strategy selection process: -0.026641 --> -0.026571, len_BS = 4930
Blocksize strategy selection process: -0.026640 --> -0.026571, len_BS = 4930
Blocksize strategy selection process: -0.026639 --> -0.026571, len_BS = 4930
Blocksize strategy selection process: -0.026638 --> -0.026571, len_BS = 4930
Blocksize strategy selection process: -0.026637 --> -0.026571, len_BS = 4930
Blocksize strategy selection process: -0.026636 --> -0.026571, len_BS = 4930
Blocksize strategy selection process: -0.026635 --> -0.026571, len_BS = 4930
Blocksize strategy selection process: -0.026634 --> -0.026571, len_BS = 4930
Blocksize strategy selection process: -0.026633 --> -0.026571, len_BS = 4930
Blocksize strategy selection process: -0.026626 --> -0.026571, len_BS = 4930
Blocksize strategy selection process: -0.026625 --> -0.026571, len_BS = 4930
Blocksize strategy selection process: -0.026624 --> -0.026571, len_BS = 4930
Blocksize strategy selection process: -0.026623 --> -0.026571, len_BS = 4930
Blocksize strategy selection process: -0.026622 --> -0.026571, len_BS = 4930
Blocksize strategy selection process: -0.026621 --> -0.026571, len_BS = 4930
Blocksize strategy selection process: -0.026615 --> -0.026571, len_BS = 4930
Blocksize strategy selection process: -0.026614 --> -0.026571, len_BS = 4930
Blocksize strategy selection process: -0.026613 --> -0.026571, len_BS = 4930
Blocksize strategy selection process: -0.026612 --> -0.026571, len_BS = 4930
Blocksize strategy selection process: -0.026611 --> -0.026571, len_BS = 4930
Blocksize strategy selection process: -0.026610 --> -0.026571, len_BS = 4930
Blocksize strategy selection process: -0.026609 --> -0.026571, len_BS = 4930
Blocksize strategy selection process: -0.026604 --> -0.026571, len_BS = 4930
Blocksize strategy selection process: -0.026603 --> -0.026571, len_BS = 4930
Blocksize strategy selection process: -0.026602 --> -0.026571, len_BS = 4930
Blocksize strategy selection process: -0.026601 --> -0.026571, len_BS = 4930
Blocksize strategy selection process: -0.026596 --> -0.026571, len_BS = 4930
Blocksize strategy selection process: -0.026595 --> -0.026571, len_BS = 4930
Blocksize strategy selection process: -0.026594 --> -0.026571, len_BS = 4930
Blocksize strategy selection process: -0.026593 --> -0.026571, len_BS = 4930
Blocksize strategy selection process: -0.026592 --> -0.026571, len_BS = 4930
Blocksize strategy selection process: -0.026591 --> -0.026571, len_BS = 4930
Blocksize strategy selection process: -0.026587 --> -0.026571, len_BS = 4930
Blocksize strategy selection process: -0.026586 --> -0.026571, len_BS = 4930
Blocksize strategy selection process: -0.026585 --> -0.026571, len_BS = 4930
Blocksize strategy selection process: -0.026582 --> -0.026571, len_BS = 4930
Blocksize strategy selection process: -0.026581 --> -0.026571, len_BS = 4930
Blocksize strategy selection process: -0.026580 --> -0.026571, len_BS = 4930
Blocksize strategy selection process: -0.026579 --> -0.026571, len_BS = 4930
Blocksize strategy selection process: -0.026578 --> -0.026571, len_BS = 4930
Blocksize strategy selection process: -0.026576 --> -0.026571, len_BS = 4930
Blocksize strategy selection process: -0.026575 --> -0.026571, len_BS = 4930
Blocksize strategy selection process: -0.026574 --> -0.026571, len_BS = 4930
Blocksize strategy selection process: -0.026573 --> -0.026571, len_BS = 4930
Blocksize strategy selection process: -0.026572 --> -0.026571, len_BS = 4930
Blocksize strategy selection process: -0.026571 --> -0.026571, len_BS = 4930
len(BS) = 4930
Time cost for generating Strategy: 1025.099814 s
[16.38126336180708,16.38126336180708,16.38126336180708,16.38126336180708,16.38126336180708,16.38126336180708,16.38126336180708,16.359187936012205,16.32751763812042,16.29588878936618,16.264299954930756,16.23274969507928,16.20123656486801,16.169759113844165,16.13831588573805,16.106905418147207,16.07552624221225,16.04417688228397,16.012855855581556,15.981561671841327,15.9502928329558,15.91904783260256,15.887825155862588,15.856623278827577,15.825440668195803,15.794275780856063,15.763127063459176,15.731992951976535,15.700871871245175,15.66976223449876,15.638662442883907,15.607570884961216,15.57648593619036,15.545405958398538,15.514329299231562,15.483254291586858,15.452179253027557,15.421102485176865,15.390022273091857,15.358936884615767,15.32784456970784,15.296743559749766,15.265632066827598,15.234508282988179,15.203370379468808,15.172216505899073,15.141044789473533,15.109853334094,15.078640219480045,15.047403500246348,15.01614120494539,14.984851335074021,14.953531864042265,14.922180736102804,14.89079586523937,14.859375134012401,14.8279163923601,14.796417456353144,14.764876106901125,14.733290088408948,14.701657107381184,14.66997483097264,14.638240885483244,14.606452854795492,14.574608278752823,14.542704651477367,14.510739419625759,14.47870998058199,14.446613680586562,14.414447812801722,14.38220961531313,14.34989626906903,14.317504895758985,14.285032555635386,14.252476245282452,14.219871974997371,14.187376077612685,14.15486897860608,14.122323465790895,14.089698349214814,14.056978201792615,14.02416527287923,13.99124575132848,13.95825598449877,13.925146973815663,13.891938688524508,13.858593903939342,13.825164723689067,13.791600006014558,13.757911375716338,13.724088486223717,13.690140795426705,13.65606230039474,13.621838533564985,13.587485190974984,13.552979522580332,13.518331607975126,13.483518480259756,13.448563372124148,13.413449566384958,13.378169897808629,13.342713673600137,13.307086255309423,13.27130140575179,13.235339748366302,13.199225930125296,13.162915927367354,13.126424120440861,13.089753227168599,13.052881844028668,13.01583988798839,12.978587005910937,12.941148295209251,12.903532708467834,12.865723256399091,12.827708047035738,12.789507435436589,12.75114155550279,12.712734831835954,12.67441220446487,12.651722840773335,12.628919475908232,12.60600080887939,12.582965515329064,12.559812246958685,12.536539630937808,12.513146269294586,12.489630738287108,12.465991587754859,12.44222734044953,12.41833649134442,12.394317506921581,12.37016882443586,12.345888851154914,12.321475963574297,12.296928506606601,12.27224479274363,12.247423101190536,12.222461676970813,12.197358730000923,12.172112434133377,12.146720926166932,12.121182304822609,12.095494629684067,12.069655920100896,12.04366415405323,12.017517266976133,11.991213150541958,11.964749651398984,11.938124569864419,11.911335658569783,11.884380621056698,11.857257110320818,11.82996272730174,11.802495019316453,11.774851478433863,11.74702953978778,11.719026579825602,11.690839914489864,11.66246679732957,11.633904417538172,11.605149897914865,11.576200292745684,11.547052585600742,11.517703687043763,11.488150432249855,11.45838957852726,11.428417802738705,11.398231698617565,11.367827773974055,11.337202447786236,11.306352047170494,11.275272804225846,11.243960852746186,11.212412224794281,11.180622847131094,11.148588537493701,11.116305000714782,11.083767824676391,11.050972476090408,11.01791429609778,10.984588495678459,10.950990150863527,10.917114197740936,10.88295542724593,10.848508479727089,10.813767839278862,10.778727827831206,10.743382598987207,10.707726131599388,10.671752223075904,10.635454482408003,10.598826322910805,10.561860954670294,10.524551376690475,10.48689036873612,10.448870482868525,10.410484034674079,10.371723094188676,10.332579476524824,10.293044732213493,10.253110137278666,10.21276668307059,10.172005065893039,10.130815676471888,10.08918858932707,10.047113552127906,10.004579975134606,9.961576920856148,9.918093094089407,9.874116832546793,9.83499001149008,9.817232828558899,9.783202308971415,9.745432518189578,9.701981290131153,9.656336947637197,9.610905735922227,9.56348961569009,9.520946490921899,9.471620316176397,9.424910684190987,9.37300199562014,9.328095004915165,9.276097197545033,9.225556450421724,9.173474310490654,9.122553642296738,9.070685771310758,9.016705039982012,8.964729393998628,8.909507416170927,8.855514016930613,8.798231906232925,8.74396746094517,8.68727078111848,8.629433766691564,8.569965976508756,8.511056163035695,8.453860661177442,8.393853139203355,8.337045444612038,8.27405434755092,8.212837173701162,8.151810537404502,8.087672532261669,8.02743266177424,7.961493838640848,7.898782435043607,7.837111706898676,7.772936570313608,7.706938368883336,7.643523053215605,7.582680679769577,7.538719208410133,7.511833677260732]
MinStrategy is: [88, 107, 108, 117, 119, 124, 131, 137] + pump(96,160,23) , ['88 * 1 (-0.046666) , cost = 411.1922 s', '107 * 1 (-0.040036) , cost = 795.4730 s', '108 * 1 (-0.037300) , cost = 988.8919 s', '117 * 1 (-0.035663) , cost = 1770.1662 s', '119 * 1 (-0.034965) , cost = 2948.3030 s', '124 * 1 (-0.034397) , cost = 10555.2204 s', '131 * 1 (-0.033714) , cost = 48768.7401 s', '137 * 1 (-0.033087) , cost = 225328.3136 s'] + pump(96,160,23)
[88,107,108,117,119,124,131,137]
Time cost for pnj-BKZ = 80.99 h,
Time cost for pump = 178.80 h,
Total time cost = 259.79 h.
