New Strategy:
n = 40, alpha = 0.035, q = 1601, jump = 1, goal_margin = 1.50, MAX_TIME = inf h
[14.756767425993429, 14.756767425993429, 14.756767425993429, 14.756767425993429, 14.756767425993429, 14.756767425993429, 14.756767425993429, 14.756767425993429, 14.756767425993429, 14.756767425993429, 14.756767425993429, 14.756767425993429, 14.756767425993429, 14.756767425993429, 14.756767425993429, 14.756767425993429, 14.756767425993429, 14.756767425993429, 14.756767425993429, 14.756767425993429, 14.756767425993429, 14.756767425993429, 14.756767425993429, 14.756767425993429, 14.756767425993429, 14.756767425993429, 14.756767425993429, 14.756767425993429, 14.756767425993429, 14.756767425993429, 14.756767425993429, 14.756767425993429, 14.756767425993429, 14.756767425993429, 14.756767425993429, 14.756767425993429, 14.756767425993429, 14.756767425993429, 14.756767425993429, 14.756767425993429, 14.756767425993429, 14.756767425993429, 14.756767425993429, 14.756767425993429, 14.756767425993429, 14.756767425993429, 14.756767425993429, 14.756767425993429, 14.756767425993429, 14.756767425993429, 14.756767425993429, 14.756767425993429, 14.756767425993429, 14.756767425993429, 14.756767425993429, 14.756767425993429, 14.756767425993429, 14.756767425993429, 14.756767425993429, 14.756767425993429, 14.756767425993429, 14.756767425993429, 14.756767425993429, 14.756767425993429, 14.756767425993429, 14.756767425993429, 14.756767425993429, 14.756767425993429, 14.756767425993429, 14.756767425993429, 14.605326086509539, 14.63777603352208, 14.535510494979606, 14.611489999668793, 14.652150437932256, 14.701009507672348, 14.47145990223037, 14.272137814639697, 14.313620029127021, 14.207464226868149, 14.060281086841902, 14.082348543524384, 13.82973005210653, 13.676143210578493, 13.790220186550666, 13.54504517080479, 13.516012192980334, 13.532762339410223, 13.376987326382654, 13.141939018244672, 13.293301949833458, 13.084031607948077, 12.8362727835238, 12.812746602962442, 12.646043641310337, 12.695673742482535, 12.665869548532092, 12.770083757598748, 12.64942216686564, 12.434854660048753, 12.274358756933877, 12.151003410217275, 12.0045344040335, 11.920699733758672, 11.950794498579347, 11.799606873364159, 11.640565228312697, 11.40456029992321, 11.344985613470488, 11.144239990876699, 11.082422480893339, 11.238885989717355, 11.236447670759892, 11.003057482261582, 11.082055965110591, 10.934102594478713, 10.739052055684315, 10.646698791005443, 10.5821133820951, 10.449076181014647, 10.282979532304031, 10.274279491821247, 10.250278928712294, 10.279280744234237, 10.188738822430254, 10.15015033758566, 10.165602072175714, 10.0808242908928, 9.901773424836408, 9.81560889664321, 9.688988590216619, 9.583695660427951, 9.49939914261373, 9.476700858068266, 9.340753665232922, 9.139374401464694, 9.068801547067176, 8.908444476004743, 8.857287200090672, 8.806002329629752, 8.881936065323618, 8.751603608309821, 8.51658313841907, 8.427204952053664, 8.311165212292721, 8.31137379138363, 8.10404189602608, 8.061068320864676, 7.898442631085425, 7.880451330414329, 8.012493965861124, 7.888410007617956, 7.826937053351893, 7.700150503157944, 7.591886576985399, 7.577977284131001, 7.477926457988707, 7.27230657653729, 7.314092805638558, 7.2266661379224235, 7.160506703329107, 6.976804477179791, 6.900005920754302, 6.930755376741876, 6.80266570790356, 6.607471171294995, 6.504672201536193, 6.29679520315044, 6.238384401140285, 6.33164277663521, 6.2168755558360544, 6.161828317665381, 6.064015757864835, 6.0490873218980115, 5.924511311973941, 5.859465526053988, 5.9105290411118006, 5.705199374052299, 5.554456151814825, 5.351399946216114, 5.285936361096454, 5.419163279467546, 5.282910424014264, 5.367743858857076, 5.188882584543422, 4.986980530737892, 5.106738718508826, 4.881695478023534, 4.8692651106725755, 4.979580327797711]
Blocksize strategy selection process: -0.058655 --> -0.058655, len_BS = 1
Blocksize strategy selection process: -0.046276 --> -0.031388, len_BS = 99
Blocksize strategy selection process: -0.046073 --> -0.031386, len_BS = 149
Blocksize strategy selection process: -0.045870 --> -0.031386, len_BS = 204
Blocksize strategy selection process: -0.045667 --> -0.031386, len_BS = 260
Blocksize strategy selection process: -0.045465 --> -0.031386, len_BS = 313
Blocksize strategy selection process: -0.041587 --> -0.031386, len_BS = 364
Blocksize strategy selection process: -0.041461 --> -0.031386, len_BS = 372
Blocksize strategy selection process: -0.041392 --> -0.031386, len_BS = 416
Blocksize strategy selection process: -0.041334 --> -0.031386, len_BS = 446
Blocksize strategy selection process: -0.041267 --> -0.031386, len_BS = 485
Blocksize strategy selection process: -0.041208 --> -0.031386, len_BS = 518
Blocksize strategy selection process: -0.041200 --> -0.031386, len_BS = 560
Blocksize strategy selection process: -0.041142 --> -0.031386, len_BS = 560
Blocksize strategy selection process: -0.041080 --> -0.031386, len_BS = 590
Blocksize strategy selection process: -0.041076 --> -0.031386, len_BS = 632
Blocksize strategy selection process: -0.041016 --> -0.031386, len_BS = 632
Blocksize strategy selection process: -0.040233 --> -0.031386, len_BS = 666
Blocksize strategy selection process: -0.040135 --> -0.031386, len_BS = 715
Blocksize strategy selection process: -0.039004 --> -0.031386, len_BS = 762
Blocksize strategy selection process: -0.038958 --> -0.031386, len_BS = 751
Blocksize strategy selection process: -0.038874 --> -0.031386, len_BS = 790
Blocksize strategy selection process: -0.038829 --> -0.031386, len_BS = 843
Blocksize strategy selection process: -0.038784 --> -0.031386, len_BS = 874
Blocksize strategy selection process: -0.038126 --> -0.031386, len_BS = 914
Blocksize strategy selection process: -0.038098 --> -0.031386, len_BS = 898
Blocksize strategy selection process: -0.038086 --> -0.031386, len_BS = 938
Blocksize strategy selection process: -0.038015 --> -0.031386, len_BS = 966
Blocksize strategy selection process: -0.037988 --> -0.031386, len_BS = 1020
Blocksize strategy selection process: -0.037976 --> -0.031386, len_BS = 1059
Blocksize strategy selection process: -0.037961 --> -0.031386, len_BS = 1093
Blocksize strategy selection process: -0.037889 --> -0.031386, len_BS = 1121
Blocksize strategy selection process: -0.037866 --> -0.031386, len_BS = 1163
Blocksize strategy selection process: -0.037576 --> -0.031386, len_BS = 1205
Blocksize strategy selection process: -0.037009 --> -0.031386, len_BS = 1199
Blocksize strategy selection process: -0.036986 --> -0.031386, len_BS = 928
Blocksize strategy selection process: -0.036977 --> -0.031386, len_BS = 959
Blocksize strategy selection process: -0.036964 --> -0.031386, len_BS = 980
Blocksize strategy selection process: -0.036897 --> -0.031386, len_BS = 1006
Blocksize strategy selection process: -0.036875 --> -0.031386, len_BS = 1033
Blocksize strategy selection process: -0.036866 --> -0.031386, len_BS = 1067
Blocksize strategy selection process: -0.036853 --> -0.031386, len_BS = 1087
Blocksize strategy selection process: -0.036844 --> -0.031386, len_BS = 1114
Blocksize strategy selection process: -0.036831 --> -0.031386, len_BS = 1135
Blocksize strategy selection process: -0.036822 --> -0.031386, len_BS = 1163
Blocksize strategy selection process: -0.036804 --> -0.031386, len_BS = 1160
Blocksize strategy selection process: -0.036576 --> -0.031386, len_BS = 1163
Blocksize strategy selection process: -0.036570 --> -0.031385, len_BS = 1192
Blocksize strategy selection process: -0.036556 --> -0.031385, len_BS = 1206
Blocksize strategy selection process: -0.036550 --> -0.031385, len_BS = 1236
Blocksize strategy selection process: -0.036544 --> -0.031385, len_BS = 1247
Blocksize strategy selection process: -0.036463 --> -0.031385, len_BS = 1258
Blocksize strategy selection process: -0.036459 --> -0.031385, len_BS = 1291
Blocksize strategy selection process: -0.036458 --> -0.031385, len_BS = 1301
Blocksize strategy selection process: -0.036445 --> -0.031385, len_BS = 1304
Blocksize strategy selection process: -0.036442 --> -0.031385, len_BS = 1333
Blocksize strategy selection process: -0.036440 --> -0.031385, len_BS = 1346
Blocksize strategy selection process: -0.036438 --> -0.031385, len_BS = 1349
Blocksize strategy selection process: -0.036432 --> -0.031385, len_BS = 1353
Blocksize strategy selection process: -0.036429 --> -0.031385, len_BS = 1362
Blocksize strategy selection process: -0.036364 --> -0.031385, len_BS = 1366
Blocksize strategy selection process: -0.036360 --> -0.031385, len_BS = 1395
Blocksize strategy selection process: -0.036359 --> -0.031385, len_BS = 1401
Blocksize strategy selection process: -0.036346 --> -0.031385, len_BS = 1403
Blocksize strategy selection process: -0.036343 --> -0.031385, len_BS = 1424
Blocksize strategy selection process: -0.036341 --> -0.031385, len_BS = 1434
Blocksize strategy selection process: -0.036339 --> -0.031385, len_BS = 1438
Blocksize strategy selection process: -0.036334 --> -0.031385, len_BS = 1441
Blocksize strategy selection process: -0.036331 --> -0.031385, len_BS = 1454
Blocksize strategy selection process: -0.036264 --> -0.031385, len_BS = 1463
Blocksize strategy selection process: -0.036261 --> -0.031385, len_BS = 1480
Blocksize strategy selection process: -0.036259 --> -0.031385, len_BS = 1485
Blocksize strategy selection process: -0.036248 --> -0.031385, len_BS = 1488
Blocksize strategy selection process: -0.036196 --> -0.031385, len_BS = 1509
Blocksize strategy selection process: -0.036193 --> -0.031385, len_BS = 1537
Blocksize strategy selection process: -0.036192 --> -0.031385, len_BS = 1541
Blocksize strategy selection process: -0.036191 --> -0.031385, len_BS = 1546
Blocksize strategy selection process: -0.036173 --> -0.031385, len_BS = 1551
Blocksize strategy selection process: -0.036171 --> -0.031385, len_BS = 1572
Blocksize strategy selection process: -0.036101 --> -0.031385, len_BS = 1578
Blocksize strategy selection process: -0.036098 --> -0.031385, len_BS = 1607
Blocksize strategy selection process: -0.036097 --> -0.031385, len_BS = 1614
Blocksize strategy selection process: -0.036096 --> -0.031385, len_BS = 1616
Blocksize strategy selection process: -0.036085 --> -0.031385, len_BS = 1619
Blocksize strategy selection process: -0.036083 --> -0.031385, len_BS = 1635
Blocksize strategy selection process: -0.036081 --> -0.031385, len_BS = 1638
Blocksize strategy selection process: -0.036080 --> -0.031385, len_BS = 1638
Blocksize strategy selection process: -0.036079 --> -0.031385, len_BS = 1644
Blocksize strategy selection process: -0.036077 --> -0.031385, len_BS = 1646
Blocksize strategy selection process: -0.036006 --> -0.031385, len_BS = 1649
Blocksize strategy selection process: -0.036003 --> -0.031385, len_BS = 1665
Blocksize strategy selection process: -0.036002 --> -0.031385, len_BS = 1669
Blocksize strategy selection process: -0.036001 --> -0.031385, len_BS = 1670
Blocksize strategy selection process: -0.035991 --> -0.031385, len_BS = 1674
Blocksize strategy selection process: -0.035988 --> -0.031385, len_BS = 1689
Blocksize strategy selection process: -0.035987 --> -0.031385, len_BS = 1692
Blocksize strategy selection process: -0.035986 --> -0.031385, len_BS = 1692
Blocksize strategy selection process: -0.035985 --> -0.031385, len_BS = 1694
Blocksize strategy selection process: -0.035983 --> -0.031385, len_BS = 1695
Blocksize strategy selection process: -0.035911 --> -0.031385, len_BS = 1697
Blocksize strategy selection process: -0.035908 --> -0.031385, len_BS = 1718
Blocksize strategy selection process: -0.035907 --> -0.031385, len_BS = 1722
Blocksize strategy selection process: -0.035906 --> -0.031385, len_BS = 1723
Blocksize strategy selection process: -0.035895 --> -0.031385, len_BS = 1725
Blocksize strategy selection process: -0.035893 --> -0.031385, len_BS = 1737
Blocksize strategy selection process: -0.035892 --> -0.031385, len_BS = 1743
Blocksize strategy selection process: -0.035891 --> -0.031385, len_BS = 1744
Blocksize strategy selection process: -0.035890 --> -0.031385, len_BS = 1745
Blocksize strategy selection process: -0.035888 --> -0.031385, len_BS = 1745
Blocksize strategy selection process: -0.035815 --> -0.031385, len_BS = 1745
Blocksize strategy selection process: -0.035812 --> -0.031385, len_BS = 1770
Blocksize strategy selection process: -0.035811 --> -0.031385, len_BS = 1773
Blocksize strategy selection process: -0.035810 --> -0.031385, len_BS = 1773
Blocksize strategy selection process: -0.035800 --> -0.031385, len_BS = 1774
Blocksize strategy selection process: -0.035797 --> -0.031385, len_BS = 1793
Blocksize strategy selection process: -0.035796 --> -0.031385, len_BS = 1794
Blocksize strategy selection process: -0.035795 --> -0.031385, len_BS = 1794
Blocksize strategy selection process: -0.035794 --> -0.031385, len_BS = 1796
Blocksize strategy selection process: -0.035792 --> -0.031385, len_BS = 1798
Blocksize strategy selection process: -0.035718 --> -0.031385, len_BS = 1801
Blocksize strategy selection process: -0.035716 --> -0.031385, len_BS = 1818
Blocksize strategy selection process: -0.035715 --> -0.031385, len_BS = 1823
Blocksize strategy selection process: -0.035714 --> -0.031385, len_BS = 1823
Blocksize strategy selection process: -0.035704 --> -0.031385, len_BS = 1825
Blocksize strategy selection process: -0.035702 --> -0.031385, len_BS = 1837
Blocksize strategy selection process: -0.035701 --> -0.031385, len_BS = 1838
Blocksize strategy selection process: -0.035700 --> -0.031385, len_BS = 1839
Blocksize strategy selection process: -0.035699 --> -0.031385, len_BS = 1842
Blocksize strategy selection process: -0.035697 --> -0.031385, len_BS = 1842
Blocksize strategy selection process: -0.035623 --> -0.031385, len_BS = 1844
Blocksize strategy selection process: -0.035620 --> -0.031385, len_BS = 1861
Blocksize strategy selection process: -0.035619 --> -0.031385, len_BS = 1861
Blocksize strategy selection process: -0.035618 --> -0.031385, len_BS = 1862
Blocksize strategy selection process: -0.035609 --> -0.031385, len_BS = 1865
Blocksize strategy selection process: -0.035607 --> -0.031385, len_BS = 1875
Blocksize strategy selection process: -0.035606 --> -0.031385, len_BS = 1877
Blocksize strategy selection process: -0.035605 --> -0.031385, len_BS = 1881
Blocksize strategy selection process: -0.035604 --> -0.031385, len_BS = 1883
Blocksize strategy selection process: -0.035602 --> -0.031385, len_BS = 1883
Blocksize strategy selection process: -0.035412 --> -0.031385, len_BS = 1886
Blocksize strategy selection process: -0.035333 --> -0.031385, len_BS = 1884
Blocksize strategy selection process: -0.035331 --> -0.031385, len_BS = 1895
Blocksize strategy selection process: -0.035330 --> -0.031385, len_BS = 1898
Blocksize strategy selection process: -0.035329 --> -0.031385, len_BS = 1900
Blocksize strategy selection process: -0.035321 --> -0.031385, len_BS = 1901
Blocksize strategy selection process: -0.035319 --> -0.031385, len_BS = 1907
Blocksize strategy selection process: -0.035318 --> -0.031385, len_BS = 1909
Blocksize strategy selection process: -0.035317 --> -0.031385, len_BS = 1909
Blocksize strategy selection process: -0.035316 --> -0.031385, len_BS = 1909
Blocksize strategy selection process: -0.035314 --> -0.031385, len_BS = 1909
Blocksize strategy selection process: -0.035293 --> -0.031385, len_BS = 1911
Blocksize strategy selection process: -0.035237 --> -0.031385, len_BS = 1930
Blocksize strategy selection process: -0.035235 --> -0.031385, len_BS = 1948
Blocksize strategy selection process: -0.035234 --> -0.031385, len_BS = 1951
Blocksize strategy selection process: -0.035225 --> -0.031385, len_BS = 1953
Blocksize strategy selection process: -0.035223 --> -0.031385, len_BS = 1957
Blocksize strategy selection process: -0.035218 --> -0.031385, len_BS = 1959
Blocksize strategy selection process: -0.035197 --> -0.031385, len_BS = 1963
Blocksize strategy selection process: -0.035141 --> -0.031385, len_BS = 1978
Blocksize strategy selection process: -0.035102 --> -0.031385, len_BS = 2000
Blocksize strategy selection process: -0.035101 --> -0.031385, len_BS = 2014
Blocksize strategy selection process: -0.035100 --> -0.031385, len_BS = 2014
Blocksize strategy selection process: -0.035099 --> -0.031385, len_BS = 2016
Blocksize strategy selection process: -0.035091 --> -0.031385, len_BS = 2017
Blocksize strategy selection process: -0.035090 --> -0.031385, len_BS = 2023
Blocksize strategy selection process: -0.035089 --> -0.031385, len_BS = 2026
Blocksize strategy selection process: -0.035088 --> -0.031385, len_BS = 2026
Blocksize strategy selection process: -0.035081 --> -0.031385, len_BS = 2027
Blocksize strategy selection process: -0.035080 --> -0.031385, len_BS = 2033
Blocksize strategy selection process: -0.035079 --> -0.031385, len_BS = 2033
Blocksize strategy selection process: -0.035078 --> -0.031385, len_BS = 2034
Blocksize strategy selection process: -0.035070 --> -0.031385, len_BS = 2034
Blocksize strategy selection process: -0.035069 --> -0.031385, len_BS = 2041
Blocksize strategy selection process: -0.035066 --> -0.031385, len_BS = 2044
Blocksize strategy selection process: -0.035065 --> -0.031385, len_BS = 2047
Blocksize strategy selection process: -0.035064 --> -0.031385, len_BS = 2048
Blocksize strategy selection process: -0.035006 --> -0.031385, len_BS = 2048
Blocksize strategy selection process: -0.035004 --> -0.031385, len_BS = 2067
Blocksize strategy selection process: -0.035003 --> -0.031385, len_BS = 2067
Blocksize strategy selection process: -0.034997 --> -0.031385, len_BS = 2068
Blocksize strategy selection process: -0.034996 --> -0.031385, len_BS = 2073
Blocksize strategy selection process: -0.034995 --> -0.031385, len_BS = 2074
Blocksize strategy selection process: -0.034994 --> -0.031385, len_BS = 2077
Blocksize strategy selection process: -0.034936 --> -0.031385, len_BS = 2077
Blocksize strategy selection process: -0.034935 --> -0.031385, len_BS = 2094
Blocksize strategy selection process: -0.034934 --> -0.031385, len_BS = 2096
Blocksize strategy selection process: -0.034933 --> -0.031385, len_BS = 2097
Blocksize strategy selection process: -0.034757 --> -0.031385, len_BS = 2097
Blocksize strategy selection process: -0.034755 --> -0.031385, len_BS = 2093
Blocksize strategy selection process: -0.034657 --> -0.031385, len_BS = 2100
Blocksize strategy selection process: -0.034656 --> -0.031385, len_BS = 2113
Blocksize strategy selection process: -0.034655 --> -0.031385, len_BS = 2113
Blocksize strategy selection process: -0.034648 --> -0.031385, len_BS = 2113
Blocksize strategy selection process: -0.034646 --> -0.031385, len_BS = 2117
Blocksize strategy selection process: -0.034645 --> -0.031385, len_BS = 2119
Blocksize strategy selection process: -0.034625 --> -0.031385, len_BS = 2119
Blocksize strategy selection process: -0.034624 --> -0.031385, len_BS = 2128
Blocksize strategy selection process: -0.034623 --> -0.031385, len_BS = 2130
Blocksize strategy selection process: -0.034563 --> -0.031385, len_BS = 2131
Blocksize strategy selection process: -0.034561 --> -0.031385, len_BS = 2140
Blocksize strategy selection process: -0.034466 --> -0.031385, len_BS = 2140
Blocksize strategy selection process: -0.034465 --> -0.031385, len_BS = 2151
Blocksize strategy selection process: -0.034365 --> -0.031385, len_BS = 2151
Blocksize strategy selection process: -0.034363 --> -0.031385, len_BS = 2160
Blocksize strategy selection process: -0.034345 --> -0.031385, len_BS = 2161
Blocksize strategy selection process: -0.034181 --> -0.031385, len_BS = 2156
Blocksize strategy selection process: -0.034180 --> -0.031385, len_BS = 2167
Blocksize strategy selection process: -0.034173 --> -0.031385, len_BS = 2167
Blocksize strategy selection process: -0.034172 --> -0.031385, len_BS = 2171
Blocksize strategy selection process: -0.034171 --> -0.031385, len_BS = 2171
Blocksize strategy selection process: -0.034170 --> -0.031385, len_BS = 2171
Blocksize strategy selection process: -0.034096 --> -0.031385, len_BS = 2172
Blocksize strategy selection process: -0.034095 --> -0.031385, len_BS = 2184
Blocksize strategy selection process: -0.034094 --> -0.031385, len_BS = 2184
Blocksize strategy selection process: -0.034088 --> -0.031385, len_BS = 2184
Blocksize strategy selection process: -0.034087 --> -0.031385, len_BS = 2184
Blocksize strategy selection process: -0.034086 --> -0.031385, len_BS = 2184
Blocksize strategy selection process: -0.034085 --> -0.031385, len_BS = 2185
Blocksize strategy selection process: -0.034084 --> -0.031385, len_BS = 2185
Blocksize strategy selection process: -0.034070 --> -0.031385, len_BS = 2185
Blocksize strategy selection process: -0.034069 --> -0.031385, len_BS = 2190
Blocksize strategy selection process: -0.034068 --> -0.031385, len_BS = 2190
Blocksize strategy selection process: -0.034064 --> -0.031385, len_BS = 2190
Blocksize strategy selection process: -0.034063 --> -0.031385, len_BS = 2190
Blocksize strategy selection process: -0.034062 --> -0.031385, len_BS = 2192
Blocksize strategy selection process: -0.034056 --> -0.031385, len_BS = 2192
Blocksize strategy selection process: -0.034055 --> -0.031385, len_BS = 2194
Blocksize strategy selection process: -0.034004 --> -0.031385, len_BS = 2195
Blocksize strategy selection process: -0.034003 --> -0.031385, len_BS = 2206
Blocksize strategy selection process: -0.033998 --> -0.031385, len_BS = 2206
Blocksize strategy selection process: -0.033996 --> -0.031385, len_BS = 2208
Blocksize strategy selection process: -0.033995 --> -0.031385, len_BS = 2208
Blocksize strategy selection process: -0.033993 --> -0.031385, len_BS = 2208
Blocksize strategy selection process: -0.033974 --> -0.031385, len_BS = 2208
Blocksize strategy selection process: -0.033973 --> -0.031385, len_BS = 2216
Blocksize strategy selection process: -0.033967 --> -0.031385, len_BS = 2217
Blocksize strategy selection process: -0.033915 --> -0.031385, len_BS = 2217
Blocksize strategy selection process: -0.033914 --> -0.031385, len_BS = 2228
Blocksize strategy selection process: -0.033913 --> -0.031385, len_BS = 2228
Blocksize strategy selection process: -0.033908 --> -0.031385, len_BS = 2229
Blocksize strategy selection process: -0.033907 --> -0.031385, len_BS = 2231
Blocksize strategy selection process: -0.033906 --> -0.031385, len_BS = 2231
Blocksize strategy selection process: -0.033879 --> -0.031385, len_BS = 2231
Blocksize strategy selection process: -0.033878 --> -0.031385, len_BS = 2239
Blocksize strategy selection process: -0.033826 --> -0.031385, len_BS = 2239
Blocksize strategy selection process: -0.033825 --> -0.031385, len_BS = 2250
Blocksize strategy selection process: -0.033824 --> -0.031385, len_BS = 2250
Blocksize strategy selection process: -0.033818 --> -0.031385, len_BS = 2251
Blocksize strategy selection process: -0.033817 --> -0.031385, len_BS = 2254
Blocksize strategy selection process: -0.033816 --> -0.031385, len_BS = 2254
Blocksize strategy selection process: -0.033803 --> -0.031385, len_BS = 2254
Blocksize strategy selection process: -0.033798 --> -0.031385, len_BS = 2256
Blocksize strategy selection process: -0.033797 --> -0.031385, len_BS = 2256
Blocksize strategy selection process: -0.033791 --> -0.031385, len_BS = 2256
Blocksize strategy selection process: -0.033790 --> -0.031385, len_BS = 2256
Blocksize strategy selection process: -0.033785 --> -0.031385, len_BS = 2256
Blocksize strategy selection process: -0.033784 --> -0.031385, len_BS = 2257
Blocksize strategy selection process: -0.033783 --> -0.031385, len_BS = 2257
Blocksize strategy selection process: -0.033777 --> -0.031385, len_BS = 2257
Blocksize strategy selection process: -0.033770 --> -0.031385, len_BS = 2259
Blocksize strategy selection process: -0.033764 --> -0.031385, len_BS = 2261
Blocksize strategy selection process: -0.033711 --> -0.031385, len_BS = 2264
Blocksize strategy selection process: -0.033710 --> -0.031385, len_BS = 2275
Blocksize strategy selection process: -0.033705 --> -0.031385, len_BS = 2275
Blocksize strategy selection process: -0.033704 --> -0.031385, len_BS = 2275
Blocksize strategy selection process: -0.033703 --> -0.031385, len_BS = 2275
Blocksize strategy selection process: -0.033644 --> -0.031385, len_BS = 2275
Blocksize strategy selection process: -0.033643 --> -0.031385, len_BS = 2281
Blocksize strategy selection process: -0.033542 --> -0.031385, len_BS = 2281
Blocksize strategy selection process: -0.033541 --> -0.031385, len_BS = 2288
Blocksize strategy selection process: -0.033536 --> -0.031385, len_BS = 2288
Blocksize strategy selection process: -0.033480 --> -0.031385, len_BS = 2288
Blocksize strategy selection process: -0.033479 --> -0.031385, len_BS = 2297
Blocksize strategy selection process: -0.033474 --> -0.031385, len_BS = 2298
Blocksize strategy selection process: -0.033472 --> -0.031385, len_BS = 2301
Blocksize strategy selection process: -0.033451 --> -0.031385, len_BS = 2301
Blocksize strategy selection process: -0.033446 --> -0.031385, len_BS = 2302
Blocksize strategy selection process: -0.033425 --> -0.031385, len_BS = 2302
Blocksize strategy selection process: -0.033373 --> -0.031385, len_BS = 2306
Blocksize strategy selection process: -0.033364 --> -0.031385, len_BS = 2314
Blocksize strategy selection process: -0.033363 --> -0.031385, len_BS = 2314
Blocksize strategy selection process: -0.033361 --> -0.031385, len_BS = 2314
Blocksize strategy selection process: -0.033314 --> -0.031385, len_BS = 2315
Blocksize strategy selection process: -0.033308 --> -0.031385, len_BS = 2321
Blocksize strategy selection process: -0.033297 --> -0.031385, len_BS = 2321
Blocksize strategy selection process: -0.033231 --> -0.031385, len_BS = 2322
Blocksize strategy selection process: -0.033227 --> -0.031385, len_BS = 2332
Blocksize strategy selection process: -0.033216 --> -0.031385, len_BS = 2333
Blocksize strategy selection process: -0.033212 --> -0.031385, len_BS = 2333
Blocksize strategy selection process: -0.033121 --> -0.031385, len_BS = 2333
Blocksize strategy selection process: -0.033112 --> -0.031385, len_BS = 2340
Blocksize strategy selection process: -0.032990 --> -0.031385, len_BS = 2341
Blocksize strategy selection process: -0.032985 --> -0.031385, len_BS = 2346
Blocksize strategy selection process: -0.032984 --> -0.031385, len_BS = 2348
Blocksize strategy selection process: -0.032957 --> -0.031385, len_BS = 2348
Blocksize strategy selection process: -0.032911 --> -0.031385, len_BS = 2352
Blocksize strategy selection process: -0.032834 --> -0.031385, len_BS = 2359
Blocksize strategy selection process: -0.032832 --> -0.031385, len_BS = 2360
Blocksize strategy selection process: -0.032831 --> -0.031385, len_BS = 2360
Blocksize strategy selection process: -0.032825 --> -0.031385, len_BS = 2360
Blocksize strategy selection process: -0.032805 --> -0.031385, len_BS = 2360
Blocksize strategy selection process: -0.032802 --> -0.031385, len_BS = 2362
Blocksize strategy selection process: -0.032795 --> -0.031385, len_BS = 2362
Blocksize strategy selection process: -0.032753 --> -0.031385, len_BS = 2362
Blocksize strategy selection process: -0.032746 --> -0.031385, len_BS = 2364
Blocksize strategy selection process: -0.032743 --> -0.031385, len_BS = 2364
Blocksize strategy selection process: -0.032660 --> -0.031385, len_BS = 2365
Blocksize strategy selection process: -0.032657 --> -0.031385, len_BS = 2371
Blocksize strategy selection process: -0.032656 --> -0.031385, len_BS = 2371
Blocksize strategy selection process: -0.032627 --> -0.031385, len_BS = 2371
Blocksize strategy selection process: -0.032626 --> -0.031385, len_BS = 2373
Blocksize strategy selection process: -0.032586 --> -0.031385, len_BS = 2373
Blocksize strategy selection process: -0.032584 --> -0.031385, len_BS = 2376
Blocksize strategy selection process: -0.032558 --> -0.031385, len_BS = 2376
Blocksize strategy selection process: -0.032520 --> -0.031385, len_BS = 2378
Blocksize strategy selection process: -0.032515 --> -0.031385, len_BS = 2381
Blocksize strategy selection process: -0.032470 --> -0.031385, len_BS = 2382
Blocksize strategy selection process: -0.032467 --> -0.031385, len_BS = 2382
Blocksize strategy selection process: -0.032465 --> -0.031385, len_BS = 2382
Blocksize strategy selection process: -0.032464 --> -0.031385, len_BS = 2382
Blocksize strategy selection process: -0.032463 --> -0.031385, len_BS = 2382
Blocksize strategy selection process: -0.032462 --> -0.031385, len_BS = 2382
Blocksize strategy selection process: -0.032460 --> -0.031385, len_BS = 2382
Blocksize strategy selection process: -0.032455 --> -0.031385, len_BS = 2382
Blocksize strategy selection process: -0.032383 --> -0.031385, len_BS = 2382
Blocksize strategy selection process: -0.032337 --> -0.031385, len_BS = 2385
Blocksize strategy selection process: -0.032260 --> -0.031385, len_BS = 2387
Blocksize strategy selection process: -0.032210 --> -0.031385, len_BS = 2388
Blocksize strategy selection process: -0.032195 --> -0.031385, len_BS = 2389
Blocksize strategy selection process: -0.032177 --> -0.031385, len_BS = 2391
Blocksize strategy selection process: -0.032168 --> -0.031385, len_BS = 2392
Blocksize strategy selection process: -0.032167 --> -0.031385, len_BS = 2392
Blocksize strategy selection process: -0.032166 --> -0.031385, len_BS = 2392
Blocksize strategy selection process: -0.032165 --> -0.031385, len_BS = 2392
Blocksize strategy selection process: -0.032164 --> -0.031385, len_BS = 2392
Blocksize strategy selection process: -0.032163 --> -0.031385, len_BS = 2392
Blocksize strategy selection process: -0.032161 --> -0.031385, len_BS = 2392
Blocksize strategy selection process: -0.032160 --> -0.031385, len_BS = 2392
Blocksize strategy selection process: -0.032158 --> -0.031385, len_BS = 2392
Blocksize strategy selection process: -0.032157 --> -0.031385, len_BS = 2392
Blocksize strategy selection process: -0.032093 --> -0.031385, len_BS = 2392
Blocksize strategy selection process: -0.032092 --> -0.031385, len_BS = 2392
Blocksize strategy selection process: -0.032091 --> -0.031385, len_BS = 2392
Blocksize strategy selection process: -0.032090 --> -0.031385, len_BS = 2392
Blocksize strategy selection process: -0.032081 --> -0.031385, len_BS = 2392
Blocksize strategy selection process: -0.032080 --> -0.031385, len_BS = 2393
Blocksize strategy selection process: -0.032079 --> -0.031385, len_BS = 2393
Blocksize strategy selection process: -0.032078 --> -0.031385, len_BS = 2393
Blocksize strategy selection process: -0.032074 --> -0.031385, len_BS = 2393
Blocksize strategy selection process: -0.032037 --> -0.031385, len_BS = 2394
Blocksize strategy selection process: -0.032010 --> -0.031385, len_BS = 2395
Blocksize strategy selection process: -0.032009 --> -0.031385, len_BS = 2395
Blocksize strategy selection process: -0.032006 --> -0.031385, len_BS = 2395
Blocksize strategy selection process: -0.032005 --> -0.031385, len_BS = 2396
Blocksize strategy selection process: -0.032004 --> -0.031385, len_BS = 2396
Blocksize strategy selection process: -0.032003 --> -0.031385, len_BS = 2396
Blocksize strategy selection process: -0.032002 --> -0.031385, len_BS = 2396
Blocksize strategy selection process: -0.032001 --> -0.031385, len_BS = 2396
Blocksize strategy selection process: -0.032000 --> -0.031385, len_BS = 2396
Blocksize strategy selection process: -0.031999 --> -0.031385, len_BS = 2396
Blocksize strategy selection process: -0.031998 --> -0.031385, len_BS = 2396
Blocksize strategy selection process: -0.031997 --> -0.031385, len_BS = 2396
Blocksize strategy selection process: -0.031996 --> -0.031385, len_BS = 2396
Blocksize strategy selection process: -0.031995 --> -0.031385, len_BS = 2396
Blocksize strategy selection process: -0.031992 --> -0.031385, len_BS = 2396
Blocksize strategy selection process: -0.031910 --> -0.031385, len_BS = 2396
Blocksize strategy selection process: -0.031907 --> -0.031385, len_BS = 2396
Blocksize strategy selection process: -0.031859 --> -0.031385, len_BS = 2396
Blocksize strategy selection process: -0.031858 --> -0.031385, len_BS = 2397
Blocksize strategy selection process: -0.031857 --> -0.031385, len_BS = 2397
Blocksize strategy selection process: -0.031856 --> -0.031385, len_BS = 2397
Blocksize strategy selection process: -0.031855 --> -0.031385, len_BS = 2397
Blocksize strategy selection process: -0.031854 --> -0.031385, len_BS = 2397
Blocksize strategy selection process: -0.031853 --> -0.031385, len_BS = 2397
Blocksize strategy selection process: -0.031852 --> -0.031385, len_BS = 2397
Blocksize strategy selection process: -0.031851 --> -0.031385, len_BS = 2397
Blocksize strategy selection process: -0.031850 --> -0.031385, len_BS = 2397
Blocksize strategy selection process: -0.031849 --> -0.031385, len_BS = 2397
Blocksize strategy selection process: -0.031848 --> -0.031385, len_BS = 2397
Blocksize strategy selection process: -0.031847 --> -0.031385, len_BS = 2397
Blocksize strategy selection process: -0.031846 --> -0.031385, len_BS = 2397
Blocksize strategy selection process: -0.031822 --> -0.031385, len_BS = 2397
Blocksize strategy selection process: -0.031816 --> -0.031385, len_BS = 2397
Blocksize strategy selection process: -0.031815 --> -0.031385, len_BS = 2397
Blocksize strategy selection process: -0.031814 --> -0.031385, len_BS = 2397
Blocksize strategy selection process: -0.031813 --> -0.031385, len_BS = 2397
Blocksize strategy selection process: -0.031812 --> -0.031385, len_BS = 2397
Blocksize strategy selection process: -0.031811 --> -0.031385, len_BS = 2397
Blocksize strategy selection process: -0.031810 --> -0.031385, len_BS = 2397
Blocksize strategy selection process: -0.031809 --> -0.031385, len_BS = 2397
Blocksize strategy selection process: -0.031808 --> -0.031385, len_BS = 2397
Blocksize strategy selection process: -0.031807 --> -0.031385, len_BS = 2397
Blocksize strategy selection process: -0.031806 --> -0.031385, len_BS = 2397
Blocksize strategy selection process: -0.031805 --> -0.031385, len_BS = 2397
Blocksize strategy selection process: -0.031803 --> -0.031385, len_BS = 2397
Blocksize strategy selection process: -0.031780 --> -0.031385, len_BS = 2397
Blocksize strategy selection process: -0.031779 --> -0.031385, len_BS = 2399
Blocksize strategy selection process: -0.031777 --> -0.031385, len_BS = 2399
Blocksize strategy selection process: -0.031772 --> -0.031385, len_BS = 2399
Blocksize strategy selection process: -0.031771 --> -0.031385, len_BS = 2399
Blocksize strategy selection process: -0.031769 --> -0.031385, len_BS = 2399
Blocksize strategy selection process: -0.031768 --> -0.031385, len_BS = 2399
Blocksize strategy selection process: -0.031767 --> -0.031385, len_BS = 2399
Blocksize strategy selection process: -0.031766 --> -0.031385, len_BS = 2399
Blocksize strategy selection process: -0.031765 --> -0.031385, len_BS = 2399
Blocksize strategy selection process: -0.031764 --> -0.031385, len_BS = 2399
Blocksize strategy selection process: -0.031763 --> -0.031385, len_BS = 2399
Blocksize strategy selection process: -0.031762 --> -0.031385, len_BS = 2399
Blocksize strategy selection process: -0.031761 --> -0.031385, len_BS = 2399
Blocksize strategy selection process: -0.031760 --> -0.031385, len_BS = 2399
Blocksize strategy selection process: -0.031738 --> -0.031385, len_BS = 2399
Blocksize strategy selection process: -0.031737 --> -0.031385, len_BS = 2399
Blocksize strategy selection process: -0.031735 --> -0.031385, len_BS = 2399
Blocksize strategy selection process: -0.031730 --> -0.031385, len_BS = 2399
Blocksize strategy selection process: -0.031729 --> -0.031385, len_BS = 2399
Blocksize strategy selection process: -0.031728 --> -0.031385, len_BS = 2399
Blocksize strategy selection process: -0.031727 --> -0.031385, len_BS = 2399
Blocksize strategy selection process: -0.031726 --> -0.031385, len_BS = 2399
Blocksize strategy selection process: -0.031725 --> -0.031385, len_BS = 2399
Blocksize strategy selection process: -0.031724 --> -0.031385, len_BS = 2399
Blocksize strategy selection process: -0.031723 --> -0.031385, len_BS = 2399
Blocksize strategy selection process: -0.031722 --> -0.031385, len_BS = 2399
Blocksize strategy selection process: -0.031701 --> -0.031385, len_BS = 2399
Blocksize strategy selection process: -0.031698 --> -0.031385, len_BS = 2399
Blocksize strategy selection process: -0.031697 --> -0.031385, len_BS = 2399
Blocksize strategy selection process: -0.031695 --> -0.031385, len_BS = 2399
Blocksize strategy selection process: -0.031691 --> -0.031385, len_BS = 2399
Blocksize strategy selection process: -0.031690 --> -0.031385, len_BS = 2399
Blocksize strategy selection process: -0.031689 --> -0.031385, len_BS = 2399
Blocksize strategy selection process: -0.031688 --> -0.031385, len_BS = 2399
Blocksize strategy selection process: -0.031687 --> -0.031385, len_BS = 2399
Blocksize strategy selection process: -0.031686 --> -0.031385, len_BS = 2399
Blocksize strategy selection process: -0.031685 --> -0.031385, len_BS = 2399
Blocksize strategy selection process: -0.031684 --> -0.031385, len_BS = 2399
Blocksize strategy selection process: -0.031683 --> -0.031385, len_BS = 2399
Blocksize strategy selection process: -0.031626 --> -0.031385, len_BS = 2399
Blocksize strategy selection process: -0.031625 --> -0.031385, len_BS = 2399
Blocksize strategy selection process: -0.031624 --> -0.031385, len_BS = 2399
Blocksize strategy selection process: -0.031623 --> -0.031385, len_BS = 2399
Blocksize strategy selection process: -0.031622 --> -0.031385, len_BS = 2399
Blocksize strategy selection process: -0.031619 --> -0.031385, len_BS = 2399
Blocksize strategy selection process: -0.031618 --> -0.031385, len_BS = 2399
Blocksize strategy selection process: -0.031617 --> -0.031385, len_BS = 2399
Blocksize strategy selection process: -0.031616 --> -0.031385, len_BS = 2399
Blocksize strategy selection process: -0.031615 --> -0.031385, len_BS = 2399
Blocksize strategy selection process: -0.031614 --> -0.031385, len_BS = 2399
Blocksize strategy selection process: -0.031613 --> -0.031385, len_BS = 2399
Blocksize strategy selection process: -0.031612 --> -0.031385, len_BS = 2399
Blocksize strategy selection process: -0.031611 --> -0.031385, len_BS = 2399
Blocksize strategy selection process: -0.031610 --> -0.031385, len_BS = 2399
Blocksize strategy selection process: -0.031593 --> -0.031385, len_BS = 2399
Blocksize strategy selection process: -0.031590 --> -0.031385, len_BS = 2399
Blocksize strategy selection process: -0.031589 --> -0.031385, len_BS = 2399
Blocksize strategy selection process: -0.031557 --> -0.031385, len_BS = 2399
Blocksize strategy selection process: -0.031556 --> -0.031385, len_BS = 2399
Blocksize strategy selection process: -0.031555 --> -0.031385, len_BS = 2399
Blocksize strategy selection process: -0.031554 --> -0.031385, len_BS = 2399
Blocksize strategy selection process: -0.031541 --> -0.031385, len_BS = 2399
Blocksize strategy selection process: -0.031540 --> -0.031385, len_BS = 2399
Blocksize strategy selection process: -0.031539 --> -0.031385, len_BS = 2399
Blocksize strategy selection process: -0.031537 --> -0.031385, len_BS = 2399
Blocksize strategy selection process: -0.031533 --> -0.031385, len_BS = 2399
Blocksize strategy selection process: -0.031532 --> -0.031385, len_BS = 2399
Blocksize strategy selection process: -0.031530 --> -0.031385, len_BS = 2399
Blocksize strategy selection process: -0.031529 --> -0.031385, len_BS = 2399
Blocksize strategy selection process: -0.031527 --> -0.031385, len_BS = 2399
Blocksize strategy selection process: -0.031526 --> -0.031385, len_BS = 2399
Blocksize strategy selection process: -0.031513 --> -0.031385, len_BS = 2399
Blocksize strategy selection process: -0.031512 --> -0.031385, len_BS = 2399
Blocksize strategy selection process: -0.031511 --> -0.031385, len_BS = 2399
Blocksize strategy selection process: -0.031510 --> -0.031385, len_BS = 2399
Blocksize strategy selection process: -0.031509 --> -0.031385, len_BS = 2399
Blocksize strategy selection process: -0.031506 --> -0.031385, len_BS = 2399
Blocksize strategy selection process: -0.031505 --> -0.031385, len_BS = 2399
Blocksize strategy selection process: -0.031504 --> -0.031385, len_BS = 2399
Blocksize strategy selection process: -0.031503 --> -0.031385, len_BS = 2399
Blocksize strategy selection process: -0.031501 --> -0.031385, len_BS = 2399
Blocksize strategy selection process: -0.031500 --> -0.031385, len_BS = 2399
Blocksize strategy selection process: -0.031499 --> -0.031385, len_BS = 2399
Blocksize strategy selection process: -0.031487 --> -0.031385, len_BS = 2399
Blocksize strategy selection process: -0.031486 --> -0.031385, len_BS = 2399
Blocksize strategy selection process: -0.031485 --> -0.031385, len_BS = 2399
Blocksize strategy selection process: -0.031484 --> -0.031385, len_BS = 2399
Blocksize strategy selection process: -0.031470 --> -0.031385, len_BS = 2399
Blocksize strategy selection process: -0.031464 --> -0.031385, len_BS = 2399
Blocksize strategy selection process: -0.031463 --> -0.031385, len_BS = 2399
Blocksize strategy selection process: -0.031462 --> -0.031385, len_BS = 2399
Blocksize strategy selection process: -0.031460 --> -0.031385, len_BS = 2399
Blocksize strategy selection process: -0.031450 --> -0.031385, len_BS = 2399
Blocksize strategy selection process: -0.031449 --> -0.031385, len_BS = 2399
Blocksize strategy selection process: -0.031444 --> -0.031385, len_BS = 2399
Blocksize strategy selection process: -0.031443 --> -0.031385, len_BS = 2399
Blocksize strategy selection process: -0.031441 --> -0.031385, len_BS = 2399
Blocksize strategy selection process: -0.031440 --> -0.031385, len_BS = 2399
Blocksize strategy selection process: -0.031431 --> -0.031385, len_BS = 2399
Blocksize strategy selection process: -0.031430 --> -0.031385, len_BS = 2399
Blocksize strategy selection process: -0.031427 --> -0.031385, len_BS = 2399
Blocksize strategy selection process: -0.031426 --> -0.031385, len_BS = 2399
Blocksize strategy selection process: -0.031424 --> -0.031385, len_BS = 2399
Blocksize strategy selection process: -0.031423 --> -0.031385, len_BS = 2399
Blocksize strategy selection process: -0.031422 --> -0.031385, len_BS = 2399
Blocksize strategy selection process: -0.031421 --> -0.031385, len_BS = 2399
Blocksize strategy selection process: -0.031415 --> -0.031385, len_BS = 2399
Blocksize strategy selection process: -0.031414 --> -0.031385, len_BS = 2399
Blocksize strategy selection process: -0.031412 --> -0.031385, len_BS = 2399
Blocksize strategy selection process: -0.031411 --> -0.031385, len_BS = 2399
Blocksize strategy selection process: -0.031410 --> -0.031385, len_BS = 2399
Blocksize strategy selection process: -0.031409 --> -0.031385, len_BS = 2399
Blocksize strategy selection process: -0.031408 --> -0.031385, len_BS = 2399
Blocksize strategy selection process: -0.031402 --> -0.031385, len_BS = 2399
Blocksize strategy selection process: -0.031400 --> -0.031385, len_BS = 2399
Blocksize strategy selection process: -0.031399 --> -0.031385, len_BS = 2399
Blocksize strategy selection process: -0.031398 --> -0.031385, len_BS = 2399
Blocksize strategy selection process: -0.031392 --> -0.031385, len_BS = 2399
Blocksize strategy selection process: -0.031391 --> -0.031385, len_BS = 2399
Blocksize strategy selection process: -0.031390 --> -0.031385, len_BS = 2399
Blocksize strategy selection process: -0.031388 --> -0.031385, len_BS = 2399
Blocksize strategy selection process: -0.031386 --> -0.031385, len_BS = 2399
Blocksize strategy selection process: -0.031385 --> -0.031385, len_BS = 2399
len(BS) = 2399
Time cost for generating Strategy: 126.364289 s
[14.717162648427117,14.685106395344636,14.652996450106237,14.620830256390011,14.588605211149403,14.556318662810554,14.52396790940475,14.491550196635188,14.459062715877938,14.426502602117338,14.393866931817097,14.361152720729145,14.328356921643621,14.295476422084942,14.26254860190885,14.2297357108028,14.196913595238552,14.164053997286295,14.131114159712023,14.098078075888356,14.064948089580668,14.031709874985673,13.99840116864694,13.964971117850578,13.931440464166425,13.897770582945249,13.86401557210677,13.830122358264262,13.796103026745389,13.761946855768844,13.727663681025504,13.693247288886386,13.658682682056433,13.623986173414718,13.589134168794317,13.554137153608615,13.518971311941762,13.483660783883838,13.44818823952464,13.412546267361893,13.376723796577789,13.340726421682401,13.30456845491608,13.268229809701218,13.231736095930476,13.195041644407532,13.158161414685146,13.12109825764022,13.08382998810971,13.04638769129922,13.008729511713558,12.970881534976293,12.932853082849576,12.894626549779993,12.856189625283434,12.81756347055073,12.778769011130809,12.739935407681035,12.70119231993051,12.677919703909632,12.65452634226641,12.631010811258932,12.607371660726683,12.583607413421351,12.559716564316243,12.535697579893405,12.511548897407685,12.487268924126738,12.462856036546125,12.438308579578427,12.413624865715455,12.388803174162362,12.36384174994264,12.33873880297275,12.313492507105202,12.288100999138758,12.262562377794435,12.236874702655895,12.21103599307272,12.185044227025058,12.158897339947961,12.132593223513783,12.10612972437081,12.079504642836245,12.05271573154161,12.025760694028525,11.998637183292646,11.971342800273568,11.943875092288282,11.916231551405696,11.888409612759613,11.860406652797435,11.832219987461702,11.803846870301408,11.775284490510012,11.746529970886705,11.717580365717525,11.688432658572584,11.659083760015607,11.629530505221696,11.599769651499102,11.569797875710545,11.539611771589405,11.509207846945896,11.47858252075808,11.447732120142337,11.416652877197691,11.385340925718031,11.353792297766127,11.322002920102937,11.289968610465543,11.257685073686622,11.225147897648233,11.192352549062248,11.159294369069622,11.125968568650302,11.09237022383537,11.058494270712782,11.024335500217774,10.989888552698934,10.955147912250707,10.920107900803057,10.884762671959056,10.849106204571239,10.813132296047756,10.776834555379857,10.74020639588266,10.703241027642152,10.665931449662335,10.628270441707977,10.590250555840381,10.551864107645937,10.513103167160532,10.473959549496682,10.43442480518535,10.39449021025052,10.354146756042446,10.313385138864897,10.272195749443748,10.230568662298928,10.188493625099762,10.145960048106463,10.102956993828007,10.05947316706127,10.015496905518654,9.976370084461943,9.958612901530762,9.924582381943278,9.88681259116144,9.843361363103016,9.79771702060906,9.75228580889409,9.704869688661953,9.662326563893762,9.61300038914826,9.56629075716285,9.514382068592003,9.469475077887028,9.417477270516896,9.366936523393587,9.314854383462517,9.263933715268601,9.212065844282622,9.158085112953875,9.10610946697049,9.05088748914279,8.996894089902476,8.939611979204788,8.885347533917033,8.828650854090343,8.770813839663427,8.71134604948062,8.652436236007558,8.595240734149305,8.535233212175218,8.4784255175839,8.415434420522782,8.354217246673025,8.293190610376366,8.229052605233532,8.168812734746103,8.102873911612711,8.04016250801547,7.978491779870539,7.9143166432854715,7.8483184418551994,7.784903126187468,7.72406075274144,7.680099281381996,7.653213750232595]
MinStrategy is: [87, 107, 117, 127, 132] + pump(35,155,23) , ['87 * 1 (-0.046276) , cost = 176.5321 s', '107 * 1 (-0.039004) , cost = 396.3928 s', '117 * 1 (-0.036576) , cost = 882.0929 s', '127 * 1 (-0.035293) , cost = 8760.4354 s', '132 * 1 (-0.034697) , cost = 31363.2373 s'] + pump(35,155,23)
[87,107,117,127,132]
Time cost for pnj-BKZ = 11.55 h,
Time cost for pump = 49.94 h,
Total time cost = 61.49 h.
