New Strategy:
n = 55, alpha = 0.02, q = 3037, jump = 1, goal_margin = 1.50, MAX_TIME = inf h
[16.0372509300915, 16.0372509300915, 16.0372509300915, 16.0372509300915, 16.0372509300915, 16.0372509300915, 16.0372509300915, 16.0372509300915, 16.0372509300915, 16.0372509300915, 16.0372509300915, 16.0372509300915, 16.0372509300915, 16.0372509300915, 16.0372509300915, 16.0372509300915, 16.0372509300915, 16.0372509300915, 16.0372509300915, 16.0372509300915, 16.0372509300915, 16.0372509300915, 16.0372509300915, 16.0372509300915, 16.0372509300915, 16.0372509300915, 16.0372509300915, 16.0372509300915, 16.0372509300915, 16.0372509300915, 16.0372509300915, 16.0372509300915, 16.0372509300915, 16.0372509300915, 16.0372509300915, 16.0372509300915, 16.0372509300915, 16.0372509300915, 16.0372509300915, 16.0372509300915, 16.0372509300915, 16.0372509300915, 16.0372509300915, 16.0372509300915, 16.0372509300915, 16.0372509300915, 16.0372509300915, 16.0372509300915, 16.0372509300915, 16.0372509300915, 16.0372509300915, 16.0372509300915, 16.0372509300915, 16.0372509300915, 16.0372509300915, 16.0372509300915, 16.0372509300915, 16.0372509300915, 16.0372509300915, 16.0372509300915, 16.0372509300915, 16.0372509300915, 16.0372509300915, 16.0372509300915, 16.0372509300915, 16.0372509300915, 16.0372509300915, 16.0372509300915, 16.0372509300915, 16.0372509300915, 16.0372509300915, 16.0372509300915, 16.0372509300915, 16.0372509300915, 16.0372509300915, 16.0372509300915, 16.0372509300915, 16.0372509300915, 16.0372509300915, 16.0372509300915, 16.0372509300915, 16.0372509300915, 16.0372509300915, 16.0372509300915, 16.0372509300915, 16.0372509300915, 16.0372509300915, 16.0372509300915, 16.0372509300915, 16.0372509300915, 16.0372509300915, 16.0372509300915, 16.0372509300915, 16.0372509300915, 16.0372509300915, 16.0372509300915, 16.0372509300915, 16.0372509300915, 16.0372509300915, 16.0372509300915, 16.0372509300915, 16.0372509300915, 16.0372509300915, 16.0372509300915, 16.0372509300915, 16.0372509300915, 16.0372509300915, 16.0372509300915, 16.0372509300915, 16.0372509300915, 16.0372509300915, 16.0372509300915, 16.0372509300915, 15.880409237996647, 15.888380165537386, 15.782686138077755, 15.762384354030043, 15.676166666885576, 15.777268480440652, 15.642964407742713, 15.59656247312848, 15.430992015152077, 15.37108837769714, 15.358898178305255, 15.140744720997503, 15.144221280197549, 15.17994270600064, 15.194158702822902, 14.9707008200033, 15.045536981803673, 14.912859151389128, 14.864045792342734, 14.641930478881141, 14.498085957813593, 14.395910385428548, 14.279983553797907, 14.205068573334115, 14.076708996982243, 14.070139018068653, 14.080302327448731, 14.117452888158333, 14.104263451602208, 13.930494510307636, 13.773254016384541, 13.68340980896472, 13.670639718856044, 13.630168618238773, 13.381281015295313, 13.360377240700565, 13.284267609805585, 13.070303136113681, 13.012702829049564, 13.041769589704385, 12.904897569717061, 12.819614283701071, 12.644437754908543, 12.42450399428547, 12.628283020575237, 12.574600130730879, 12.417519217591298, 12.258065560264194, 12.054888702381454, 12.253000094831165, 12.188864998083734, 12.095967845177082, 11.828535752696357, 11.654027272207307, 11.447467157067704, 11.445686697943938, 11.535870878840184, 11.38184219469232, 11.190150410391992, 11.27724537908639, 11.151964965508553, 11.10080348328785, 10.859410627556102, 10.899709878447307, 10.809323714858166, 10.590317689425031, 10.399986649617885, 10.271551194890675, 10.222022414333056, 10.098449217472092, 10.186491239790923, 10.042274894885564, 10.041247214788353, 9.904816065020958, 9.654152972745614, 9.729749031435553, 9.616470921991557, 9.676053715584041, 9.617829241540656, 9.438322691720682, 9.342672511735875, 9.173382938074006, 9.071330617518699, 9.066445211576074, 8.844587853892325, 8.720491798722687, 8.686183104356843, 8.526100721941129, 8.538809722139488, 8.353244924035824, 8.194407548116706, 8.237971974905252, 8.426753818180538, 8.242394238046291, 8.111066770649003, 8.021653077540412, 7.775689409252288, 7.6097821436801025, 7.849658803678692, 7.6249246760572555, 7.799621302965888, 7.640269383061134, 7.50106014594095, 7.26671948873771, 7.096876574783521, 7.178726466294747, 6.9348112760630505, 6.841053904290143, 6.639745962359797, 6.768131363922826, 6.492062882528462, 6.701801062477843, 6.566246821171273, 6.515796987110867, 6.461715759842333, 6.23046235431757, 6.0285021733992386, 5.96369339301147, 5.955371428673326, 6.107304421199584, 5.857287933775727, 6.01309409915511, 5.778722511562592, 5.693295871745562, 5.442472682455402, 5.222400403756346, 5.244694867230389, 5.197630575753357, 5.13629826751433, 4.940351120719847, 4.984376638547501, 4.943458428989334, 4.8986097232404875, 4.9211602427052785, 4.673043476759732, 4.583598607502571, 4.3640922879107755, 4.357955075842776, 4.317650984019968, 4.120149841732191, 4.051983874497679, 3.894981333843291, 4.020710950739792, 3.951413408342614, 3.7499234315953873, 3.6998678196449015, 3.9584191010967253]
Blocksize strategy selection process: -0.050330 --> -0.050330, len_BS = 1
Blocksize strategy selection process: -0.043147 --> -0.026333, len_BS = 205
Blocksize strategy selection process: -0.043016 --> -0.026332, len_BS = 319
Blocksize strategy selection process: -0.042885 --> -0.026332, len_BS = 407
Blocksize strategy selection process: -0.042754 --> -0.026332, len_BS = 486
Blocksize strategy selection process: -0.042623 --> -0.026332, len_BS = 567
Blocksize strategy selection process: -0.039455 --> -0.026332, len_BS = 642
Blocksize strategy selection process: -0.039362 --> -0.026332, len_BS = 708
Blocksize strategy selection process: -0.039295 --> -0.026332, len_BS = 786
Blocksize strategy selection process: -0.039269 --> -0.026332, len_BS = 838
Blocksize strategy selection process: -0.039203 --> -0.026332, len_BS = 879
Blocksize strategy selection process: -0.039175 --> -0.026332, len_BS = 933
Blocksize strategy selection process: -0.039137 --> -0.026332, len_BS = 974
Blocksize strategy selection process: -0.039110 --> -0.026332, len_BS = 995
Blocksize strategy selection process: -0.039081 --> -0.026332, len_BS = 1031
Blocksize strategy selection process: -0.039045 --> -0.026332, len_BS = 1082
Blocksize strategy selection process: -0.039017 --> -0.026332, len_BS = 1094
Blocksize strategy selection process: -0.037528 --> -0.026332, len_BS = 1134
Blocksize strategy selection process: -0.037475 --> -0.026332, len_BS = 1180
Blocksize strategy selection process: -0.037422 --> -0.026332, len_BS = 1228
Blocksize strategy selection process: -0.037369 --> -0.026332, len_BS = 1280
Blocksize strategy selection process: -0.037074 --> -0.026332, len_BS = 1331
Blocksize strategy selection process: -0.036276 --> -0.026332, len_BS = 1323
Blocksize strategy selection process: -0.036240 --> -0.026332, len_BS = 1315
Blocksize strategy selection process: -0.036218 --> -0.026332, len_BS = 1364
Blocksize strategy selection process: -0.036203 --> -0.026332, len_BS = 1391
Blocksize strategy selection process: -0.036160 --> -0.026332, len_BS = 1418
Blocksize strategy selection process: -0.036123 --> -0.026332, len_BS = 1474
Blocksize strategy selection process: -0.036103 --> -0.026332, len_BS = 1529
Blocksize strategy selection process: -0.036087 --> -0.026332, len_BS = 1563
Blocksize strategy selection process: -0.036082 --> -0.026332, len_BS = 1597
Blocksize strategy selection process: -0.035527 --> -0.026332, len_BS = 1605
Blocksize strategy selection process: -0.035511 --> -0.026332, len_BS = 1622
Blocksize strategy selection process: -0.035494 --> -0.026332, len_BS = 1650
Blocksize strategy selection process: -0.035456 --> -0.026332, len_BS = 1670
Blocksize strategy selection process: -0.035440 --> -0.026332, len_BS = 1737
Blocksize strategy selection process: -0.035424 --> -0.026332, len_BS = 1768
Blocksize strategy selection process: -0.035143 --> -0.026332, len_BS = 1791
Blocksize strategy selection process: -0.035132 --> -0.026332, len_BS = 1833
Blocksize strategy selection process: -0.035125 --> -0.026332, len_BS = 1858
Blocksize strategy selection process: -0.035120 --> -0.026332, len_BS = 1865
Blocksize strategy selection process: -0.035114 --> -0.026332, len_BS = 1867
Blocksize strategy selection process: -0.035078 --> -0.026332, len_BS = 1881
Blocksize strategy selection process: -0.035067 --> -0.026332, len_BS = 1938
Blocksize strategy selection process: -0.034805 --> -0.026332, len_BS = 1954
Blocksize strategy selection process: -0.034791 --> -0.026332, len_BS = 1887
Blocksize strategy selection process: -0.034777 --> -0.026332, len_BS = 1907
Blocksize strategy selection process: -0.034763 --> -0.026332, len_BS = 1929
Blocksize strategy selection process: -0.034476 --> -0.026332, len_BS = 1947
Blocksize strategy selection process: -0.034466 --> -0.026332, len_BS = 1982
Blocksize strategy selection process: -0.034461 --> -0.026332, len_BS = 2004
Blocksize strategy selection process: -0.034456 --> -0.026332, len_BS = 2018
Blocksize strategy selection process: -0.034439 --> -0.026332, len_BS = 2026
Blocksize strategy selection process: -0.034430 --> -0.026332, len_BS = 2057
Blocksize strategy selection process: -0.034424 --> -0.026332, len_BS = 2071
Blocksize strategy selection process: -0.034420 --> -0.026332, len_BS = 2081
Blocksize strategy selection process: -0.034419 --> -0.026332, len_BS = 2096
Blocksize strategy selection process: -0.034280 --> -0.026332, len_BS = 2099
Blocksize strategy selection process: -0.034276 --> -0.026332, len_BS = 2119
Blocksize strategy selection process: -0.034272 --> -0.026332, len_BS = 2132
Blocksize strategy selection process: -0.034256 --> -0.026332, len_BS = 2147
Blocksize strategy selection process: -0.034252 --> -0.026332, len_BS = 2172
Blocksize strategy selection process: -0.034248 --> -0.026332, len_BS = 2187
Blocksize strategy selection process: -0.034182 --> -0.026332, len_BS = 2202
Blocksize strategy selection process: -0.034180 --> -0.026332, len_BS = 2228
Blocksize strategy selection process: -0.034179 --> -0.026332, len_BS = 2232
Blocksize strategy selection process: -0.034177 --> -0.026332, len_BS = 2239
Blocksize strategy selection process: -0.034176 --> -0.026332, len_BS = 2244
Blocksize strategy selection process: -0.034174 --> -0.026332, len_BS = 2244
Blocksize strategy selection process: -0.034159 --> -0.026332, len_BS = 2249
Blocksize strategy selection process: -0.034156 --> -0.026332, len_BS = 2264
Blocksize strategy selection process: -0.034117 --> -0.026332, len_BS = 2275
Blocksize strategy selection process: -0.034114 --> -0.026332, len_BS = 2307
Blocksize strategy selection process: -0.034038 --> -0.026332, len_BS = 2316
Blocksize strategy selection process: -0.034035 --> -0.026332, len_BS = 2358
Blocksize strategy selection process: -0.034031 --> -0.026332, len_BS = 2367
Blocksize strategy selection process: -0.034028 --> -0.026332, len_BS = 2377
Blocksize strategy selection process: -0.033949 --> -0.026332, len_BS = 2385
Blocksize strategy selection process: -0.033946 --> -0.026332, len_BS = 2412
Blocksize strategy selection process: -0.033943 --> -0.026332, len_BS = 2434
Blocksize strategy selection process: -0.033942 --> -0.026332, len_BS = 2439
Blocksize strategy selection process: -0.033941 --> -0.026332, len_BS = 2443
Blocksize strategy selection process: -0.033894 --> -0.026332, len_BS = 2444
Blocksize strategy selection process: -0.033892 --> -0.026332, len_BS = 2461
Blocksize strategy selection process: -0.033891 --> -0.026332, len_BS = 2465
Blocksize strategy selection process: -0.033890 --> -0.026332, len_BS = 2471
Blocksize strategy selection process: -0.033885 --> -0.026332, len_BS = 2474
Blocksize strategy selection process: -0.033833 --> -0.026332, len_BS = 2490
Blocksize strategy selection process: -0.033831 --> -0.026332, len_BS = 2521
Blocksize strategy selection process: -0.033830 --> -0.026332, len_BS = 2528
Blocksize strategy selection process: -0.033829 --> -0.026332, len_BS = 2530
Blocksize strategy selection process: -0.033825 --> -0.026332, len_BS = 2532
Blocksize strategy selection process: -0.033822 --> -0.026332, len_BS = 2548
Blocksize strategy selection process: -0.033821 --> -0.026332, len_BS = 2545
Blocksize strategy selection process: -0.033820 --> -0.026332, len_BS = 2545
Blocksize strategy selection process: -0.033816 --> -0.026332, len_BS = 2545
Blocksize strategy selection process: -0.033815 --> -0.026332, len_BS = 2545
Blocksize strategy selection process: -0.033786 --> -0.026332, len_BS = 2545
Blocksize strategy selection process: -0.033785 --> -0.026332, len_BS = 2584
Blocksize strategy selection process: -0.033784 --> -0.026332, len_BS = 2589
Blocksize strategy selection process: -0.033780 --> -0.026332, len_BS = 2591
Blocksize strategy selection process: -0.033779 --> -0.026332, len_BS = 2599
Blocksize strategy selection process: -0.033778 --> -0.026332, len_BS = 2603
Blocksize strategy selection process: -0.033710 --> -0.026332, len_BS = 2604
Blocksize strategy selection process: -0.033708 --> -0.026332, len_BS = 2633
Blocksize strategy selection process: -0.033701 --> -0.026332, len_BS = 2639
Blocksize strategy selection process: -0.033700 --> -0.026332, len_BS = 2655
Blocksize strategy selection process: -0.033696 --> -0.026332, len_BS = 2655
Blocksize strategy selection process: -0.033637 --> -0.026332, len_BS = 2662
Blocksize strategy selection process: -0.033636 --> -0.026332, len_BS = 2695
Blocksize strategy selection process: -0.033635 --> -0.026332, len_BS = 2711
Blocksize strategy selection process: -0.033603 --> -0.026332, len_BS = 2712
Blocksize strategy selection process: -0.033602 --> -0.026332, len_BS = 2748
Blocksize strategy selection process: -0.033601 --> -0.026332, len_BS = 2751
Blocksize strategy selection process: -0.033580 --> -0.026332, len_BS = 2752
Blocksize strategy selection process: -0.033579 --> -0.026332, len_BS = 2774
Blocksize strategy selection process: -0.033560 --> -0.026332, len_BS = 2775
Blocksize strategy selection process: -0.033559 --> -0.026332, len_BS = 2801
Blocksize strategy selection process: -0.033518 --> -0.026332, len_BS = 2805
Blocksize strategy selection process: -0.033517 --> -0.026332, len_BS = 2835
Blocksize strategy selection process: -0.033516 --> -0.026332, len_BS = 2837
Blocksize strategy selection process: -0.033513 --> -0.026332, len_BS = 2839
Blocksize strategy selection process: -0.033512 --> -0.026332, len_BS = 2850
Blocksize strategy selection process: -0.033486 --> -0.026332, len_BS = 2852
Blocksize strategy selection process: -0.033485 --> -0.026332, len_BS = 2882
Blocksize strategy selection process: -0.033484 --> -0.026332, len_BS = 2885
Blocksize strategy selection process: -0.033465 --> -0.026332, len_BS = 2890
Blocksize strategy selection process: -0.033464 --> -0.026332, len_BS = 2919
Blocksize strategy selection process: -0.033448 --> -0.026332, len_BS = 2920
Blocksize strategy selection process: -0.033447 --> -0.026332, len_BS = 2937
Blocksize strategy selection process: -0.033446 --> -0.026332, len_BS = 2945
Blocksize strategy selection process: -0.033403 --> -0.026332, len_BS = 2947
Blocksize strategy selection process: -0.033402 --> -0.026332, len_BS = 2973
Blocksize strategy selection process: -0.033387 --> -0.026332, len_BS = 2973
Blocksize strategy selection process: -0.033386 --> -0.026332, len_BS = 2996
Blocksize strategy selection process: -0.033385 --> -0.026332, len_BS = 2998
Blocksize strategy selection process: -0.033289 --> -0.026332, len_BS = 3002
Blocksize strategy selection process: -0.033288 --> -0.026332, len_BS = 2969
Blocksize strategy selection process: -0.033287 --> -0.026332, len_BS = 2971
Blocksize strategy selection process: -0.033284 --> -0.026332, len_BS = 2973
Blocksize strategy selection process: -0.033268 --> -0.026332, len_BS = 2981
Blocksize strategy selection process: -0.033267 --> -0.026332, len_BS = 2997
Blocksize strategy selection process: -0.033263 --> -0.026332, len_BS = 2997
Blocksize strategy selection process: -0.033250 --> -0.026332, len_BS = 3006
Blocksize strategy selection process: -0.033238 --> -0.026332, len_BS = 3021
Blocksize strategy selection process: -0.033237 --> -0.026332, len_BS = 3040
Blocksize strategy selection process: -0.033236 --> -0.026332, len_BS = 3040
Blocksize strategy selection process: -0.033218 --> -0.026332, len_BS = 3042
Blocksize strategy selection process: -0.033217 --> -0.026332, len_BS = 3059
Blocksize strategy selection process: -0.033203 --> -0.026332, len_BS = 3061
Blocksize strategy selection process: -0.033202 --> -0.026332, len_BS = 3077
Blocksize strategy selection process: -0.033201 --> -0.026332, len_BS = 3080
Blocksize strategy selection process: -0.033185 --> -0.026332, len_BS = 3081
Blocksize strategy selection process: -0.033184 --> -0.026332, len_BS = 3098
Blocksize strategy selection process: -0.033183 --> -0.026332, len_BS = 3101
Blocksize strategy selection process: -0.033175 --> -0.026332, len_BS = 3106
Blocksize strategy selection process: -0.033174 --> -0.026332, len_BS = 3119
Blocksize strategy selection process: -0.033125 --> -0.026332, len_BS = 3121
Blocksize strategy selection process: -0.033113 --> -0.026332, len_BS = 3138
Blocksize strategy selection process: -0.033112 --> -0.026332, len_BS = 3159
Blocksize strategy selection process: -0.033092 --> -0.026332, len_BS = 3161
Blocksize strategy selection process: -0.033091 --> -0.026332, len_BS = 3177
Blocksize strategy selection process: -0.033089 --> -0.026332, len_BS = 3178
Blocksize strategy selection process: -0.033074 --> -0.026332, len_BS = 3182
Blocksize strategy selection process: -0.033070 --> -0.026332, len_BS = 3193
Blocksize strategy selection process: -0.033063 --> -0.026332, len_BS = 3201
Blocksize strategy selection process: -0.032999 --> -0.026332, len_BS = 3215
Blocksize strategy selection process: -0.032998 --> -0.026332, len_BS = 3246
Blocksize strategy selection process: -0.032997 --> -0.026332, len_BS = 3246
Blocksize strategy selection process: -0.032993 --> -0.026332, len_BS = 3257
Blocksize strategy selection process: -0.032980 --> -0.026332, len_BS = 3266
Blocksize strategy selection process: -0.032979 --> -0.026332, len_BS = 3266
Blocksize strategy selection process: -0.032947 --> -0.026332, len_BS = 3266
Blocksize strategy selection process: -0.032940 --> -0.026332, len_BS = 3286
Blocksize strategy selection process: -0.032906 --> -0.026332, len_BS = 3298
Blocksize strategy selection process: -0.032878 --> -0.026332, len_BS = 3338
Blocksize strategy selection process: -0.032778 --> -0.026332, len_BS = 3362
Blocksize strategy selection process: -0.032734 --> -0.026332, len_BS = 3375
Blocksize strategy selection process: -0.032724 --> -0.026332, len_BS = 3402
Blocksize strategy selection process: -0.032723 --> -0.026332, len_BS = 3417
Blocksize strategy selection process: -0.032720 --> -0.026332, len_BS = 3387
Blocksize strategy selection process: -0.032719 --> -0.026332, len_BS = 3391
Blocksize strategy selection process: -0.032716 --> -0.026332, len_BS = 3391
Blocksize strategy selection process: -0.032714 --> -0.026332, len_BS = 3391
Blocksize strategy selection process: -0.032675 --> -0.026332, len_BS = 3392
Blocksize strategy selection process: -0.032608 --> -0.026332, len_BS = 3419
Blocksize strategy selection process: -0.032596 --> -0.026332, len_BS = 3406
Blocksize strategy selection process: -0.032581 --> -0.026332, len_BS = 3420
Blocksize strategy selection process: -0.032551 --> -0.026332, len_BS = 3443
Blocksize strategy selection process: -0.032548 --> -0.026332, len_BS = 3472
Blocksize strategy selection process: -0.032547 --> -0.026332, len_BS = 3483
Blocksize strategy selection process: -0.032545 --> -0.026332, len_BS = 3486
Blocksize strategy selection process: -0.032543 --> -0.026332, len_BS = 3488
Blocksize strategy selection process: -0.032542 --> -0.026332, len_BS = 3493
Blocksize strategy selection process: -0.032536 --> -0.026332, len_BS = 3493
Blocksize strategy selection process: -0.032533 --> -0.026332, len_BS = 3511
Blocksize strategy selection process: -0.032531 --> -0.026332, len_BS = 3519
Blocksize strategy selection process: -0.032430 --> -0.026332, len_BS = 3522
Blocksize strategy selection process: -0.032427 --> -0.026332, len_BS = 3523
Blocksize strategy selection process: -0.032393 --> -0.026332, len_BS = 3491
Blocksize strategy selection process: -0.032355 --> -0.026332, len_BS = 3515
Blocksize strategy selection process: -0.032291 --> -0.026332, len_BS = 3530
Blocksize strategy selection process: -0.032290 --> -0.026332, len_BS = 3506
Blocksize strategy selection process: -0.032218 --> -0.026332, len_BS = 3508
Blocksize strategy selection process: -0.032216 --> -0.026332, len_BS = 3513
Blocksize strategy selection process: -0.032215 --> -0.026332, len_BS = 3517
Blocksize strategy selection process: -0.032176 --> -0.026332, len_BS = 3517
Blocksize strategy selection process: -0.032170 --> -0.026332, len_BS = 3530
Blocksize strategy selection process: -0.032168 --> -0.026332, len_BS = 3548
Blocksize strategy selection process: -0.032165 --> -0.026332, len_BS = 3558
Blocksize strategy selection process: -0.032162 --> -0.026332, len_BS = 3570
Blocksize strategy selection process: -0.032160 --> -0.026332, len_BS = 3577
Blocksize strategy selection process: -0.032109 --> -0.026332, len_BS = 3585
Blocksize strategy selection process: -0.032107 --> -0.026332, len_BS = 3623
Blocksize strategy selection process: -0.032105 --> -0.026332, len_BS = 3629
Blocksize strategy selection process: -0.032060 --> -0.026332, len_BS = 3633
Blocksize strategy selection process: -0.031998 --> -0.026332, len_BS = 3651
Blocksize strategy selection process: -0.031995 --> -0.026332, len_BS = 3631
Blocksize strategy selection process: -0.031987 --> -0.026332, len_BS = 3637
Blocksize strategy selection process: -0.031986 --> -0.026332, len_BS = 3654
Blocksize strategy selection process: -0.031973 --> -0.026332, len_BS = 3656
Blocksize strategy selection process: -0.031924 --> -0.026332, len_BS = 3674
Blocksize strategy selection process: -0.031923 --> -0.026332, len_BS = 3693
Blocksize strategy selection process: -0.031920 --> -0.026332, len_BS = 3694
Blocksize strategy selection process: -0.031918 --> -0.026332, len_BS = 3715
Blocksize strategy selection process: -0.031915 --> -0.026332, len_BS = 3717
Blocksize strategy selection process: -0.031911 --> -0.026332, len_BS = 3718
Blocksize strategy selection process: -0.031910 --> -0.026332, len_BS = 3719
Blocksize strategy selection process: -0.031909 --> -0.026332, len_BS = 3719
Blocksize strategy selection process: -0.031874 --> -0.026332, len_BS = 3719
Blocksize strategy selection process: -0.031858 --> -0.026332, len_BS = 3741
Blocksize strategy selection process: -0.031822 --> -0.026332, len_BS = 3765
Blocksize strategy selection process: -0.031821 --> -0.026332, len_BS = 3789
Blocksize strategy selection process: -0.031819 --> -0.026332, len_BS = 3792
Blocksize strategy selection process: -0.031812 --> -0.026332, len_BS = 3796
Blocksize strategy selection process: -0.031795 --> -0.026332, len_BS = 3812
Blocksize strategy selection process: -0.031760 --> -0.026332, len_BS = 3832
Blocksize strategy selection process: -0.031759 --> -0.026332, len_BS = 3847
Blocksize strategy selection process: -0.031735 --> -0.026332, len_BS = 3847
Blocksize strategy selection process: -0.031733 --> -0.026332, len_BS = 3861
Blocksize strategy selection process: -0.031697 --> -0.026332, len_BS = 3864
Blocksize strategy selection process: -0.031671 --> -0.026332, len_BS = 3874
Blocksize strategy selection process: -0.031635 --> -0.026332, len_BS = 3899
Blocksize strategy selection process: -0.031611 --> -0.026332, len_BS = 3936
Blocksize strategy selection process: -0.031609 --> -0.026332, len_BS = 3977
Blocksize strategy selection process: -0.031607 --> -0.026332, len_BS = 3980
Blocksize strategy selection process: -0.031603 --> -0.026332, len_BS = 3990
Blocksize strategy selection process: -0.031580 --> -0.026332, len_BS = 4005
Blocksize strategy selection process: -0.031556 --> -0.026332, len_BS = 4042
Blocksize strategy selection process: -0.031484 --> -0.026332, len_BS = 4078
Blocksize strategy selection process: -0.031482 --> -0.026332, len_BS = 4034
Blocksize strategy selection process: -0.031478 --> -0.026332, len_BS = 4037
Blocksize strategy selection process: -0.031475 --> -0.026332, len_BS = 4043
Blocksize strategy selection process: -0.031457 --> -0.026332, len_BS = 4049
Blocksize strategy selection process: -0.031415 --> -0.026332, len_BS = 4081
Blocksize strategy selection process: -0.031413 --> -0.026332, len_BS = 4107
Blocksize strategy selection process: -0.031412 --> -0.026332, len_BS = 4132
Blocksize strategy selection process: -0.031411 --> -0.026332, len_BS = 4133
Blocksize strategy selection process: -0.031261 --> -0.026332, len_BS = 4133
Blocksize strategy selection process: -0.031256 --> -0.026332, len_BS = 4085
Blocksize strategy selection process: -0.031255 --> -0.026332, len_BS = 4084
Blocksize strategy selection process: -0.031254 --> -0.026332, len_BS = 4084
Blocksize strategy selection process: -0.031169 --> -0.026332, len_BS = 4090
Blocksize strategy selection process: -0.031168 --> -0.026332, len_BS = 4068
Blocksize strategy selection process: -0.031102 --> -0.026332, len_BS = 4072
Blocksize strategy selection process: -0.031101 --> -0.026332, len_BS = 4085
Blocksize strategy selection process: -0.031100 --> -0.026332, len_BS = 4086
Blocksize strategy selection process: -0.031099 --> -0.026332, len_BS = 4089
Blocksize strategy selection process: -0.031060 --> -0.026332, len_BS = 4091
Blocksize strategy selection process: -0.031049 --> -0.026332, len_BS = 4102
Blocksize strategy selection process: -0.031044 --> -0.026332, len_BS = 4117
Blocksize strategy selection process: -0.031043 --> -0.026332, len_BS = 4126
Blocksize strategy selection process: -0.031034 --> -0.026332, len_BS = 4127
Blocksize strategy selection process: -0.031028 --> -0.026332, len_BS = 4143
Blocksize strategy selection process: -0.030987 --> -0.026332, len_BS = 4152
Blocksize strategy selection process: -0.030986 --> -0.026332, len_BS = 4154
Blocksize strategy selection process: -0.030981 --> -0.026332, len_BS = 4155
Blocksize strategy selection process: -0.030980 --> -0.026332, len_BS = 4160
Blocksize strategy selection process: -0.030971 --> -0.026332, len_BS = 4160
Blocksize strategy selection process: -0.030925 --> -0.026332, len_BS = 4177
Blocksize strategy selection process: -0.030920 --> -0.026332, len_BS = 4180
Blocksize strategy selection process: -0.030919 --> -0.026332, len_BS = 4184
Blocksize strategy selection process: -0.030918 --> -0.026332, len_BS = 4184
Blocksize strategy selection process: -0.030896 --> -0.026332, len_BS = 4186
Blocksize strategy selection process: -0.030895 --> -0.026332, len_BS = 4204
Blocksize strategy selection process: -0.030894 --> -0.026332, len_BS = 4204
Blocksize strategy selection process: -0.030858 --> -0.026332, len_BS = 4207
Blocksize strategy selection process: -0.030857 --> -0.026332, len_BS = 4214
Blocksize strategy selection process: -0.030856 --> -0.026332, len_BS = 4215
Blocksize strategy selection process: -0.030848 --> -0.026332, len_BS = 4215
Blocksize strategy selection process: -0.030843 --> -0.026332, len_BS = 4223
Blocksize strategy selection process: -0.030834 --> -0.026332, len_BS = 4227
Blocksize strategy selection process: -0.030833 --> -0.026332, len_BS = 4236
Blocksize strategy selection process: -0.030832 --> -0.026332, len_BS = 4236
Blocksize strategy selection process: -0.030831 --> -0.026332, len_BS = 4236
Blocksize strategy selection process: -0.030786 --> -0.026332, len_BS = 4236
Blocksize strategy selection process: -0.030658 --> -0.026332, len_BS = 4241
Blocksize strategy selection process: -0.030634 --> -0.026332, len_BS = 4186
Blocksize strategy selection process: -0.030627 --> -0.026332, len_BS = 4169
Blocksize strategy selection process: -0.030626 --> -0.026332, len_BS = 4179
Blocksize strategy selection process: -0.030625 --> -0.026332, len_BS = 4179
Blocksize strategy selection process: -0.030624 --> -0.026332, len_BS = 4181
Blocksize strategy selection process: -0.030586 --> -0.026332, len_BS = 4185
Blocksize strategy selection process: -0.030585 --> -0.026332, len_BS = 4203
Blocksize strategy selection process: -0.030584 --> -0.026332, len_BS = 4205
Blocksize strategy selection process: -0.030571 --> -0.026332, len_BS = 4208
Blocksize strategy selection process: -0.030557 --> -0.026332, len_BS = 4229
Blocksize strategy selection process: -0.030555 --> -0.026332, len_BS = 4243
Blocksize strategy selection process: -0.030517 --> -0.026332, len_BS = 4247
Blocksize strategy selection process: -0.030516 --> -0.026332, len_BS = 4263
Blocksize strategy selection process: -0.030509 --> -0.026332, len_BS = 4263
Blocksize strategy selection process: -0.030501 --> -0.026332, len_BS = 4276
Blocksize strategy selection process: -0.030463 --> -0.026332, len_BS = 4286
Blocksize strategy selection process: -0.030380 --> -0.026332, len_BS = 4302
Blocksize strategy selection process: -0.030372 --> -0.026332, len_BS = 4291
Blocksize strategy selection process: -0.030364 --> -0.026332, len_BS = 4284
Blocksize strategy selection process: -0.030360 --> -0.026332, len_BS = 4294
Blocksize strategy selection process: -0.030359 --> -0.026332, len_BS = 4300
Blocksize strategy selection process: -0.030358 --> -0.026332, len_BS = 4300
Blocksize strategy selection process: -0.030310 --> -0.026332, len_BS = 4300
Blocksize strategy selection process: -0.030301 --> -0.026332, len_BS = 4309
Blocksize strategy selection process: -0.030297 --> -0.026332, len_BS = 4319
Blocksize strategy selection process: -0.030295 --> -0.026332, len_BS = 4317
Blocksize strategy selection process: -0.030294 --> -0.026332, len_BS = 4317
Blocksize strategy selection process: -0.030292 --> -0.026332, len_BS = 4317
Blocksize strategy selection process: -0.030280 --> -0.026332, len_BS = 4317
Blocksize strategy selection process: -0.030279 --> -0.026332, len_BS = 4327
Blocksize strategy selection process: -0.030277 --> -0.026332, len_BS = 4328
Blocksize strategy selection process: -0.030241 --> -0.026332, len_BS = 4331
Blocksize strategy selection process: -0.030201 --> -0.026332, len_BS = 4343
Blocksize strategy selection process: -0.030196 --> -0.026332, len_BS = 4356
Blocksize strategy selection process: -0.030195 --> -0.026332, len_BS = 4360
Blocksize strategy selection process: -0.030194 --> -0.026332, len_BS = 4363
Blocksize strategy selection process: -0.030147 --> -0.026332, len_BS = 4363
Blocksize strategy selection process: -0.030107 --> -0.026332, len_BS = 4373
Blocksize strategy selection process: -0.030097 --> -0.026332, len_BS = 4382
Blocksize strategy selection process: -0.030095 --> -0.026332, len_BS = 4379
Blocksize strategy selection process: -0.030092 --> -0.026332, len_BS = 4381
Blocksize strategy selection process: -0.030048 --> -0.026332, len_BS = 4381
Blocksize strategy selection process: -0.030046 --> -0.026332, len_BS = 4386
Blocksize strategy selection process: -0.030037 --> -0.026332, len_BS = 4394
Blocksize strategy selection process: -0.030035 --> -0.026332, len_BS = 4401
Blocksize strategy selection process: -0.029999 --> -0.026332, len_BS = 4403
Blocksize strategy selection process: -0.029989 --> -0.026332, len_BS = 4413
Blocksize strategy selection process: -0.029988 --> -0.026332, len_BS = 4422
Blocksize strategy selection process: -0.029915 --> -0.026332, len_BS = 4422
Blocksize strategy selection process: -0.029914 --> -0.026332, len_BS = 4428
Blocksize strategy selection process: -0.029910 --> -0.026332, len_BS = 4428
Blocksize strategy selection process: -0.029909 --> -0.026332, len_BS = 4431
Blocksize strategy selection process: -0.029855 --> -0.026332, len_BS = 4432
Blocksize strategy selection process: -0.029810 --> -0.026332, len_BS = 4434
Blocksize strategy selection process: -0.029789 --> -0.026332, len_BS = 4442
Blocksize strategy selection process: -0.029603 --> -0.026332, len_BS = 4459
Blocksize strategy selection process: -0.029523 --> -0.026332, len_BS = 4420
Blocksize strategy selection process: -0.029522 --> -0.026332, len_BS = 4419
Blocksize strategy selection process: -0.029518 --> -0.026332, len_BS = 4419
Blocksize strategy selection process: -0.029477 --> -0.026332, len_BS = 4419
Blocksize strategy selection process: -0.029472 --> -0.026332, len_BS = 4420
Blocksize strategy selection process: -0.029468 --> -0.026332, len_BS = 4421
Blocksize strategy selection process: -0.029467 --> -0.026332, len_BS = 4422
Blocksize strategy selection process: -0.029463 --> -0.026332, len_BS = 4424
Blocksize strategy selection process: -0.029461 --> -0.026332, len_BS = 4425
Blocksize strategy selection process: -0.029460 --> -0.026332, len_BS = 4426
Blocksize strategy selection process: -0.029457 --> -0.026332, len_BS = 4426
Blocksize strategy selection process: -0.029456 --> -0.026332, len_BS = 4426
Blocksize strategy selection process: -0.029455 --> -0.026332, len_BS = 4426
Blocksize strategy selection process: -0.029451 --> -0.026332, len_BS = 4426
Blocksize strategy selection process: -0.029450 --> -0.026332, len_BS = 4426
Blocksize strategy selection process: -0.029446 --> -0.026332, len_BS = 4427
Blocksize strategy selection process: -0.029445 --> -0.026332, len_BS = 4427
Blocksize strategy selection process: -0.029444 --> -0.026332, len_BS = 4427
Blocksize strategy selection process: -0.029440 --> -0.026332, len_BS = 4427
Blocksize strategy selection process: -0.029439 --> -0.026332, len_BS = 4429
Blocksize strategy selection process: -0.029438 --> -0.026332, len_BS = 4429
Blocksize strategy selection process: -0.029434 --> -0.026332, len_BS = 4430
Blocksize strategy selection process: -0.029392 --> -0.026332, len_BS = 4432
Blocksize strategy selection process: -0.029391 --> -0.026332, len_BS = 4441
Blocksize strategy selection process: -0.029355 --> -0.026332, len_BS = 4442
Blocksize strategy selection process: -0.029347 --> -0.026332, len_BS = 4451
Blocksize strategy selection process: -0.029346 --> -0.026332, len_BS = 4454
Blocksize strategy selection process: -0.029339 --> -0.026332, len_BS = 4456
Blocksize strategy selection process: -0.029338 --> -0.026332, len_BS = 4460
Blocksize strategy selection process: -0.029333 --> -0.026332, len_BS = 4460
Blocksize strategy selection process: -0.029326 --> -0.026332, len_BS = 4462
Blocksize strategy selection process: -0.029288 --> -0.026332, len_BS = 4468
Blocksize strategy selection process: -0.029280 --> -0.026332, len_BS = 4478
Blocksize strategy selection process: -0.029273 --> -0.026332, len_BS = 4482
Blocksize strategy selection process: -0.029269 --> -0.026332, len_BS = 4485
Blocksize strategy selection process: -0.029224 --> -0.026332, len_BS = 4486
Blocksize strategy selection process: -0.029219 --> -0.026332, len_BS = 4491
Blocksize strategy selection process: -0.029211 --> -0.026332, len_BS = 4491
Blocksize strategy selection process: -0.029209 --> -0.026332, len_BS = 4494
Blocksize strategy selection process: -0.029134 --> -0.026332, len_BS = 4494
Blocksize strategy selection process: -0.029132 --> -0.026332, len_BS = 4492
Blocksize strategy selection process: -0.029112 --> -0.026332, len_BS = 4493
Blocksize strategy selection process: -0.029077 --> -0.026332, len_BS = 4499
Blocksize strategy selection process: -0.029044 --> -0.026332, len_BS = 4505
Blocksize strategy selection process: -0.029034 --> -0.026332, len_BS = 4512
Blocksize strategy selection process: -0.029030 --> -0.026332, len_BS = 4515
Blocksize strategy selection process: -0.029029 --> -0.026332, len_BS = 4516
Blocksize strategy selection process: -0.028959 --> -0.026332, len_BS = 4516
Blocksize strategy selection process: -0.028932 --> -0.026332, len_BS = 4518
Blocksize strategy selection process: -0.028923 --> -0.026332, len_BS = 4522
Blocksize strategy selection process: -0.028919 --> -0.026332, len_BS = 4525
Blocksize strategy selection process: -0.028915 --> -0.026332, len_BS = 4527
Blocksize strategy selection process: -0.028910 --> -0.026332, len_BS = 4529
Blocksize strategy selection process: -0.028870 --> -0.026332, len_BS = 4529
Blocksize strategy selection process: -0.028866 --> -0.026332, len_BS = 4534
Blocksize strategy selection process: -0.028862 --> -0.026332, len_BS = 4534
Blocksize strategy selection process: -0.028860 --> -0.026332, len_BS = 4537
Blocksize strategy selection process: -0.028856 --> -0.026332, len_BS = 4539
Blocksize strategy selection process: -0.028715 --> -0.026332, len_BS = 4540
Blocksize strategy selection process: -0.028686 --> -0.026332, len_BS = 4523
Blocksize strategy selection process: -0.028685 --> -0.026332, len_BS = 4526
Blocksize strategy selection process: -0.028635 --> -0.026332, len_BS = 4526
Blocksize strategy selection process: -0.028631 --> -0.026332, len_BS = 4532
Blocksize strategy selection process: -0.028585 --> -0.026332, len_BS = 4533
Blocksize strategy selection process: -0.028553 --> -0.026332, len_BS = 4534
Blocksize strategy selection process: -0.028530 --> -0.026332, len_BS = 4536
Blocksize strategy selection process: -0.028523 --> -0.026332, len_BS = 4536
Blocksize strategy selection process: -0.028503 --> -0.026332, len_BS = 4537
Blocksize strategy selection process: -0.028502 --> -0.026332, len_BS = 4543
Blocksize strategy selection process: -0.028500 --> -0.026332, len_BS = 4543
Blocksize strategy selection process: -0.028463 --> -0.026332, len_BS = 4544
Blocksize strategy selection process: -0.028458 --> -0.026332, len_BS = 4547
Blocksize strategy selection process: -0.028415 --> -0.026332, len_BS = 4548
Blocksize strategy selection process: -0.028403 --> -0.026332, len_BS = 4551
Blocksize strategy selection process: -0.028360 --> -0.026332, len_BS = 4552
Blocksize strategy selection process: -0.028351 --> -0.026332, len_BS = 4554
Blocksize strategy selection process: -0.028350 --> -0.026332, len_BS = 4556
Blocksize strategy selection process: -0.028344 --> -0.026332, len_BS = 4556
Blocksize strategy selection process: -0.028336 --> -0.026332, len_BS = 4556
Blocksize strategy selection process: -0.028333 --> -0.026332, len_BS = 4558
Blocksize strategy selection process: -0.028299 --> -0.026332, len_BS = 4558
Blocksize strategy selection process: -0.028296 --> -0.026332, len_BS = 4559
Blocksize strategy selection process: -0.028288 --> -0.026332, len_BS = 4560
Blocksize strategy selection process: -0.028280 --> -0.026332, len_BS = 4561
Blocksize strategy selection process: -0.028277 --> -0.026332, len_BS = 4561
Blocksize strategy selection process: -0.028271 --> -0.026332, len_BS = 4562
Blocksize strategy selection process: -0.028226 --> -0.026332, len_BS = 4562
Blocksize strategy selection process: -0.028225 --> -0.026332, len_BS = 4564
Blocksize strategy selection process: -0.028192 --> -0.026332, len_BS = 4564
Blocksize strategy selection process: -0.028191 --> -0.026332, len_BS = 4568
Blocksize strategy selection process: -0.028190 --> -0.026332, len_BS = 4568
Blocksize strategy selection process: -0.028158 --> -0.026332, len_BS = 4568
Blocksize strategy selection process: -0.028001 --> -0.026332, len_BS = 4569
Blocksize strategy selection process: -0.027969 --> -0.026332, len_BS = 4564
Blocksize strategy selection process: -0.027967 --> -0.026332, len_BS = 4565
Blocksize strategy selection process: -0.027954 --> -0.026332, len_BS = 4565
Blocksize strategy selection process: -0.027949 --> -0.026332, len_BS = 4565
Blocksize strategy selection process: -0.027946 --> -0.026332, len_BS = 4565
Blocksize strategy selection process: -0.027939 --> -0.026332, len_BS = 4565
Blocksize strategy selection process: -0.027901 --> -0.026332, len_BS = 4565
Blocksize strategy selection process: -0.027896 --> -0.026332, len_BS = 4568
Blocksize strategy selection process: -0.027853 --> -0.026332, len_BS = 4568
Blocksize strategy selection process: -0.027790 --> -0.026332, len_BS = 4570
Blocksize strategy selection process: -0.027741 --> -0.026332, len_BS = 4571
Blocksize strategy selection process: -0.027698 --> -0.026332, len_BS = 4572
Blocksize strategy selection process: -0.027688 --> -0.026332, len_BS = 4572
Blocksize strategy selection process: -0.027666 --> -0.026332, len_BS = 4572
Blocksize strategy selection process: -0.027665 --> -0.026332, len_BS = 4572
Blocksize strategy selection process: -0.027604 --> -0.026332, len_BS = 4572
Blocksize strategy selection process: -0.027594 --> -0.026332, len_BS = 4573
Blocksize strategy selection process: -0.027547 --> -0.026332, len_BS = 4573
Blocksize strategy selection process: -0.027545 --> -0.026332, len_BS = 4573
Blocksize strategy selection process: -0.027543 --> -0.026332, len_BS = 4573
Blocksize strategy selection process: -0.027511 --> -0.026332, len_BS = 4573
Blocksize strategy selection process: -0.027506 --> -0.026332, len_BS = 4573
Blocksize strategy selection process: -0.027478 --> -0.026332, len_BS = 4573
Blocksize strategy selection process: -0.027441 --> -0.026332, len_BS = 4573
Blocksize strategy selection process: -0.027408 --> -0.026332, len_BS = 4573
Blocksize strategy selection process: -0.027396 --> -0.026332, len_BS = 4573
Blocksize strategy selection process: -0.027391 --> -0.026332, len_BS = 4573
Blocksize strategy selection process: -0.027284 --> -0.026332, len_BS = 4573
Blocksize strategy selection process: -0.027260 --> -0.026332, len_BS = 4573
Blocksize strategy selection process: -0.027258 --> -0.026332, len_BS = 4573
Blocksize strategy selection process: -0.027209 --> -0.026332, len_BS = 4573
Blocksize strategy selection process: -0.027206 --> -0.026332, len_BS = 4573
Blocksize strategy selection process: -0.027202 --> -0.026332, len_BS = 4573
Blocksize strategy selection process: -0.027178 --> -0.026332, len_BS = 4573
Blocksize strategy selection process: -0.027177 --> -0.026332, len_BS = 4573
Blocksize strategy selection process: -0.027169 --> -0.026332, len_BS = 4573
Blocksize strategy selection process: -0.027139 --> -0.026332, len_BS = 4573
Blocksize strategy selection process: -0.027138 --> -0.026332, len_BS = 4573
Blocksize strategy selection process: -0.027137 --> -0.026332, len_BS = 4573
Blocksize strategy selection process: -0.027123 --> -0.026332, len_BS = 4573
Blocksize strategy selection process: -0.027099 --> -0.026332, len_BS = 4573
Blocksize strategy selection process: -0.027098 --> -0.026332, len_BS = 4573
Blocksize strategy selection process: -0.027085 --> -0.026332, len_BS = 4573
Blocksize strategy selection process: -0.027084 --> -0.026332, len_BS = 4573
Blocksize strategy selection process: -0.027061 --> -0.026332, len_BS = 4573
Blocksize strategy selection process: -0.027060 --> -0.026332, len_BS = 4573
Blocksize strategy selection process: -0.027047 --> -0.026332, len_BS = 4573
Blocksize strategy selection process: -0.027023 --> -0.026332, len_BS = 4573
Blocksize strategy selection process: -0.027001 --> -0.026332, len_BS = 4573
Blocksize strategy selection process: -0.026974 --> -0.026332, len_BS = 4573
Blocksize strategy selection process: -0.026965 --> -0.026332, len_BS = 4573
Blocksize strategy selection process: -0.026951 --> -0.026332, len_BS = 4573
Blocksize strategy selection process: -0.026950 --> -0.026332, len_BS = 4573
Blocksize strategy selection process: -0.026939 --> -0.026332, len_BS = 4573
Blocksize strategy selection process: -0.026915 --> -0.026332, len_BS = 4573
Blocksize strategy selection process: -0.026881 --> -0.026332, len_BS = 4573
Blocksize strategy selection process: -0.026871 --> -0.026332, len_BS = 4573
Blocksize strategy selection process: -0.026848 --> -0.026332, len_BS = 4573
Blocksize strategy selection process: -0.026847 --> -0.026332, len_BS = 4573
Blocksize strategy selection process: -0.026838 --> -0.026332, len_BS = 4573
Blocksize strategy selection process: -0.026790 --> -0.026332, len_BS = 4573
Blocksize strategy selection process: -0.026789 --> -0.026332, len_BS = 4573
Blocksize strategy selection process: -0.026788 --> -0.026332, len_BS = 4573
Blocksize strategy selection process: -0.026787 --> -0.026332, len_BS = 4573
Blocksize strategy selection process: -0.026786 --> -0.026332, len_BS = 4573
Blocksize strategy selection process: -0.026785 --> -0.026332, len_BS = 4573
Blocksize strategy selection process: -0.026784 --> -0.026332, len_BS = 4573
Blocksize strategy selection process: -0.026783 --> -0.026332, len_BS = 4573
Blocksize strategy selection process: -0.026782 --> -0.026332, len_BS = 4573
Blocksize strategy selection process: -0.026781 --> -0.026332, len_BS = 4573
Blocksize strategy selection process: -0.026780 --> -0.026332, len_BS = 4573
Blocksize strategy selection process: -0.026778 --> -0.026332, len_BS = 4573
Blocksize strategy selection process: -0.026777 --> -0.026332, len_BS = 4573
Blocksize strategy selection process: -0.026776 --> -0.026332, len_BS = 4573
Blocksize strategy selection process: -0.026775 --> -0.026332, len_BS = 4573
Blocksize strategy selection process: -0.026774 --> -0.026332, len_BS = 4573
Blocksize strategy selection process: -0.026773 --> -0.026332, len_BS = 4573
Blocksize strategy selection process: -0.026772 --> -0.026332, len_BS = 4573
Blocksize strategy selection process: -0.026771 --> -0.026332, len_BS = 4573
Blocksize strategy selection process: -0.026753 --> -0.026332, len_BS = 4573
Blocksize strategy selection process: -0.026723 --> -0.026332, len_BS = 4573
Blocksize strategy selection process: -0.026722 --> -0.026332, len_BS = 4573
Blocksize strategy selection process: -0.026721 --> -0.026332, len_BS = 4573
Blocksize strategy selection process: -0.026720 --> -0.026332, len_BS = 4573
Blocksize strategy selection process: -0.026719 --> -0.026332, len_BS = 4573
Blocksize strategy selection process: -0.026703 --> -0.026332, len_BS = 4573
Blocksize strategy selection process: -0.026702 --> -0.026332, len_BS = 4573
Blocksize strategy selection process: -0.026701 --> -0.026332, len_BS = 4573
Blocksize strategy selection process: -0.026700 --> -0.026332, len_BS = 4573
Blocksize strategy selection process: -0.026699 --> -0.026332, len_BS = 4573
Blocksize strategy selection process: -0.026698 --> -0.026332, len_BS = 4573
Blocksize strategy selection process: -0.026697 --> -0.026332, len_BS = 4573
Blocksize strategy selection process: -0.026696 --> -0.026332, len_BS = 4573
Blocksize strategy selection process: -0.026695 --> -0.026332, len_BS = 4573
Blocksize strategy selection process: -0.026694 --> -0.026332, len_BS = 4573
Blocksize strategy selection process: -0.026693 --> -0.026332, len_BS = 4573
Blocksize strategy selection process: -0.026692 --> -0.026332, len_BS = 4573
Blocksize strategy selection process: -0.026676 --> -0.026332, len_BS = 4573
Blocksize strategy selection process: -0.026675 --> -0.026332, len_BS = 4573
Blocksize strategy selection process: -0.026674 --> -0.026332, len_BS = 4573
Blocksize strategy selection process: -0.026673 --> -0.026332, len_BS = 4573
Blocksize strategy selection process: -0.026672 --> -0.026332, len_BS = 4573
Blocksize strategy selection process: -0.026671 --> -0.026332, len_BS = 4573
Blocksize strategy selection process: -0.026670 --> -0.026332, len_BS = 4573
Blocksize strategy selection process: -0.026640 --> -0.026332, len_BS = 4573
Blocksize strategy selection process: -0.026639 --> -0.026332, len_BS = 4573
Blocksize strategy selection process: -0.026638 --> -0.026332, len_BS = 4573
Blocksize strategy selection process: -0.026637 --> -0.026332, len_BS = 4573
Blocksize strategy selection process: -0.026624 --> -0.026332, len_BS = 4573
Blocksize strategy selection process: -0.026623 --> -0.026332, len_BS = 4573
Blocksize strategy selection process: -0.026622 --> -0.026332, len_BS = 4573
Blocksize strategy selection process: -0.026621 --> -0.026332, len_BS = 4573
Blocksize strategy selection process: -0.026620 --> -0.026332, len_BS = 4573
Blocksize strategy selection process: -0.026619 --> -0.026332, len_BS = 4573
Blocksize strategy selection process: -0.026618 --> -0.026332, len_BS = 4573
Blocksize strategy selection process: -0.026617 --> -0.026332, len_BS = 4573
Blocksize strategy selection process: -0.026616 --> -0.026332, len_BS = 4573
Blocksize strategy selection process: -0.026615 --> -0.026332, len_BS = 4573
Blocksize strategy selection process: -0.026614 --> -0.026332, len_BS = 4573
Blocksize strategy selection process: -0.026613 --> -0.026332, len_BS = 4573
Blocksize strategy selection process: -0.026599 --> -0.026332, len_BS = 4573
Blocksize strategy selection process: -0.026598 --> -0.026332, len_BS = 4573
Blocksize strategy selection process: -0.026597 --> -0.026332, len_BS = 4573
Blocksize strategy selection process: -0.026596 --> -0.026332, len_BS = 4573
Blocksize strategy selection process: -0.026595 --> -0.026332, len_BS = 4573
Blocksize strategy selection process: -0.026594 --> -0.026332, len_BS = 4573
Blocksize strategy selection process: -0.026593 --> -0.026332, len_BS = 4573
Blocksize strategy selection process: -0.026592 --> -0.026332, len_BS = 4573
Blocksize strategy selection process: -0.026591 --> -0.026332, len_BS = 4573
Blocksize strategy selection process: -0.026590 --> -0.026332, len_BS = 4573
Blocksize strategy selection process: -0.026576 --> -0.026332, len_BS = 4574
Blocksize strategy selection process: -0.026575 --> -0.026332, len_BS = 4574
Blocksize strategy selection process: -0.026574 --> -0.026332, len_BS = 4574
Blocksize strategy selection process: -0.026573 --> -0.026332, len_BS = 4574
Blocksize strategy selection process: -0.026572 --> -0.026332, len_BS = 4574
Blocksize strategy selection process: -0.026571 --> -0.026332, len_BS = 4574
Blocksize strategy selection process: -0.026570 --> -0.026332, len_BS = 4574
Blocksize strategy selection process: -0.026569 --> -0.026332, len_BS = 4574
Blocksize strategy selection process: -0.026568 --> -0.026332, len_BS = 4574
Blocksize strategy selection process: -0.026567 --> -0.026332, len_BS = 4574
Blocksize strategy selection process: -0.026566 --> -0.026332, len_BS = 4574
Blocksize strategy selection process: -0.026553 --> -0.026332, len_BS = 4574
Blocksize strategy selection process: -0.026552 --> -0.026332, len_BS = 4574
Blocksize strategy selection process: -0.026551 --> -0.026332, len_BS = 4574
Blocksize strategy selection process: -0.026550 --> -0.026332, len_BS = 4574
Blocksize strategy selection process: -0.026549 --> -0.026332, len_BS = 4574
Blocksize strategy selection process: -0.026548 --> -0.026332, len_BS = 4574
Blocksize strategy selection process: -0.026547 --> -0.026332, len_BS = 4574
Blocksize strategy selection process: -0.026546 --> -0.026332, len_BS = 4574
Blocksize strategy selection process: -0.026545 --> -0.026332, len_BS = 4574
Blocksize strategy selection process: -0.026544 --> -0.026332, len_BS = 4574
Blocksize strategy selection process: -0.026543 --> -0.026332, len_BS = 4574
Blocksize strategy selection process: -0.026531 --> -0.026332, len_BS = 4574
Blocksize strategy selection process: -0.026530 --> -0.026332, len_BS = 4574
Blocksize strategy selection process: -0.026529 --> -0.026332, len_BS = 4574
Blocksize strategy selection process: -0.026528 --> -0.026332, len_BS = 4574
Blocksize strategy selection process: -0.026527 --> -0.026332, len_BS = 4574
Blocksize strategy selection process: -0.026526 --> -0.026332, len_BS = 4574
Blocksize strategy selection process: -0.026525 --> -0.026332, len_BS = 4574
Blocksize strategy selection process: -0.026524 --> -0.026332, len_BS = 4574
Blocksize strategy selection process: -0.026523 --> -0.026332, len_BS = 4574
Blocksize strategy selection process: -0.026522 --> -0.026332, len_BS = 4574
Blocksize strategy selection process: -0.026511 --> -0.026332, len_BS = 4574
Blocksize strategy selection process: -0.026510 --> -0.026332, len_BS = 4574
Blocksize strategy selection process: -0.026509 --> -0.026332, len_BS = 4574
Blocksize strategy selection process: -0.026508 --> -0.026332, len_BS = 4574
Blocksize strategy selection process: -0.026507 --> -0.026332, len_BS = 4574
Blocksize strategy selection process: -0.026506 --> -0.026332, len_BS = 4574
Blocksize strategy selection process: -0.026505 --> -0.026332, len_BS = 4574
Blocksize strategy selection process: -0.026504 --> -0.026332, len_BS = 4574
Blocksize strategy selection process: -0.026503 --> -0.026332, len_BS = 4574
Blocksize strategy selection process: -0.026502 --> -0.026332, len_BS = 4574
Blocksize strategy selection process: -0.026491 --> -0.026332, len_BS = 4574
Blocksize strategy selection process: -0.026490 --> -0.026332, len_BS = 4575
Blocksize strategy selection process: -0.026489 --> -0.026332, len_BS = 4575
Blocksize strategy selection process: -0.026469 --> -0.026332, len_BS = 4575
Blocksize strategy selection process: -0.026468 --> -0.026332, len_BS = 4575
Blocksize strategy selection process: -0.026465 --> -0.026332, len_BS = 4575
Blocksize strategy selection process: -0.026464 --> -0.026332, len_BS = 4575
Blocksize strategy selection process: -0.026462 --> -0.026332, len_BS = 4575
Blocksize strategy selection process: -0.026461 --> -0.026332, len_BS = 4575
Blocksize strategy selection process: -0.026460 --> -0.026332, len_BS = 4575
Blocksize strategy selection process: -0.026459 --> -0.026332, len_BS = 4575
Blocksize strategy selection process: -0.026458 --> -0.026332, len_BS = 4575
Blocksize strategy selection process: -0.026457 --> -0.026332, len_BS = 4575
Blocksize strategy selection process: -0.026456 --> -0.026332, len_BS = 4575
Blocksize strategy selection process: -0.026455 --> -0.026332, len_BS = 4575
Blocksize strategy selection process: -0.026454 --> -0.026332, len_BS = 4575
Blocksize strategy selection process: -0.026453 --> -0.026332, len_BS = 4575
Blocksize strategy selection process: -0.026452 --> -0.026332, len_BS = 4575
Blocksize strategy selection process: -0.026451 --> -0.026332, len_BS = 4575
Blocksize strategy selection process: -0.026450 --> -0.026332, len_BS = 4575
Blocksize strategy selection process: -0.026449 --> -0.026332, len_BS = 4575
Blocksize strategy selection process: -0.026448 --> -0.026332, len_BS = 4575
Blocksize strategy selection process: -0.026439 --> -0.026332, len_BS = 4575
Blocksize strategy selection process: -0.026438 --> -0.026332, len_BS = 4575
Blocksize strategy selection process: -0.026437 --> -0.026332, len_BS = 4575
Blocksize strategy selection process: -0.026436 --> -0.026332, len_BS = 4575
Blocksize strategy selection process: -0.026435 --> -0.026332, len_BS = 4575
Blocksize strategy selection process: -0.026434 --> -0.026332, len_BS = 4575
Blocksize strategy selection process: -0.026433 --> -0.026332, len_BS = 4575
Blocksize strategy selection process: -0.026432 --> -0.026332, len_BS = 4575
Blocksize strategy selection process: -0.026424 --> -0.026332, len_BS = 4575
Blocksize strategy selection process: -0.026423 --> -0.026332, len_BS = 4575
Blocksize strategy selection process: -0.026422 --> -0.026332, len_BS = 4575
Blocksize strategy selection process: -0.026421 --> -0.026332, len_BS = 4575
Blocksize strategy selection process: -0.026420 --> -0.026332, len_BS = 4575
Blocksize strategy selection process: -0.026419 --> -0.026332, len_BS = 4575
Blocksize strategy selection process: -0.026418 --> -0.026332, len_BS = 4575
Blocksize strategy selection process: -0.026410 --> -0.026332, len_BS = 4575
Blocksize strategy selection process: -0.026409 --> -0.026332, len_BS = 4575
Blocksize strategy selection process: -0.026408 --> -0.026332, len_BS = 4575
Blocksize strategy selection process: -0.026407 --> -0.026332, len_BS = 4575
Blocksize strategy selection process: -0.026406 --> -0.026332, len_BS = 4575
Blocksize strategy selection process: -0.026405 --> -0.026332, len_BS = 4575
Blocksize strategy selection process: -0.026404 --> -0.026332, len_BS = 4575
Blocksize strategy selection process: -0.026403 --> -0.026332, len_BS = 4575
Blocksize strategy selection process: -0.026396 --> -0.026332, len_BS = 4575
Blocksize strategy selection process: -0.026395 --> -0.026332, len_BS = 4575
Blocksize strategy selection process: -0.026394 --> -0.026332, len_BS = 4575
Blocksize strategy selection process: -0.026393 --> -0.026332, len_BS = 4575
Blocksize strategy selection process: -0.026392 --> -0.026332, len_BS = 4575
Blocksize strategy selection process: -0.026391 --> -0.026332, len_BS = 4575
Blocksize strategy selection process: -0.026390 --> -0.026332, len_BS = 4575
Blocksize strategy selection process: -0.026384 --> -0.026332, len_BS = 4575
Blocksize strategy selection process: -0.026383 --> -0.026332, len_BS = 4575
Blocksize strategy selection process: -0.026382 --> -0.026332, len_BS = 4575
Blocksize strategy selection process: -0.026381 --> -0.026332, len_BS = 4575
Blocksize strategy selection process: -0.026380 --> -0.026332, len_BS = 4575
Blocksize strategy selection process: -0.026379 --> -0.026332, len_BS = 4575
Blocksize strategy selection process: -0.026374 --> -0.026332, len_BS = 4575
Blocksize strategy selection process: -0.026373 --> -0.026332, len_BS = 4575
Blocksize strategy selection process: -0.026372 --> -0.026332, len_BS = 4575
Blocksize strategy selection process: -0.026371 --> -0.026332, len_BS = 4575
Blocksize strategy selection process: -0.026370 --> -0.026332, len_BS = 4575
Blocksize strategy selection process: -0.026369 --> -0.026332, len_BS = 4575
Blocksize strategy selection process: -0.026364 --> -0.026332, len_BS = 4575
Blocksize strategy selection process: -0.026363 --> -0.026332, len_BS = 4575
Blocksize strategy selection process: -0.026362 --> -0.026332, len_BS = 4575
Blocksize strategy selection process: -0.026361 --> -0.026332, len_BS = 4575
Blocksize strategy selection process: -0.026360 --> -0.026332, len_BS = 4575
Blocksize strategy selection process: -0.026359 --> -0.026332, len_BS = 4575
Blocksize strategy selection process: -0.026355 --> -0.026332, len_BS = 4575
Blocksize strategy selection process: -0.026354 --> -0.026332, len_BS = 4575
Blocksize strategy selection process: -0.026353 --> -0.026332, len_BS = 4575
Blocksize strategy selection process: -0.026352 --> -0.026332, len_BS = 4575
Blocksize strategy selection process: -0.026348 --> -0.026332, len_BS = 4575
Blocksize strategy selection process: -0.026347 --> -0.026332, len_BS = 4575
Blocksize strategy selection process: -0.026346 --> -0.026332, len_BS = 4575
Blocksize strategy selection process: -0.026345 --> -0.026332, len_BS = 4575
Blocksize strategy selection process: -0.026344 --> -0.026332, len_BS = 4575
Blocksize strategy selection process: -0.026341 --> -0.026332, len_BS = 4575
Blocksize strategy selection process: -0.026340 --> -0.026332, len_BS = 4575
Blocksize strategy selection process: -0.026339 --> -0.026332, len_BS = 4575
Blocksize strategy selection process: -0.026338 --> -0.026332, len_BS = 4575
Blocksize strategy selection process: -0.026336 --> -0.026332, len_BS = 4575
Blocksize strategy selection process: -0.026335 --> -0.026332, len_BS = 4575
Blocksize strategy selection process: -0.026334 --> -0.026332, len_BS = 4575
Blocksize strategy selection process: -0.026333 --> -0.026332, len_BS = 4575
Blocksize strategy selection process: -0.026332 --> -0.026332, len_BS = 4575
len(BS) = 4575
Time cost for generating Strategy: 745.488017 s
[16.0372509300915,16.0372509300915,16.0372509300915,16.0372509300915,16.0372509300915,16.0372509300915,16.0372509300915,16.0372509300915,16.0372509300915,16.0372509300915,16.0372509300915,16.0372509300915,16.0372509300915,16.0372509300915,16.0372509300915,16.0372509300915,16.0372509300915,16.0372509300915,16.0372509300915,16.0372509300915,16.0372509300915,16.033687620247996,16.003399151382233,15.97312140943425,15.94285295515605,15.912592338270391,15.88233809703738,15.85208875780744,15.821842834560071,15.791598828427794,15.76135522720469,15.731110504838782,15.70086312090769,15.670611520076703,15.640354131538626,15.610089368434526,15.579815627254566,15.549531287218082,15.519234709631942,15.488924237226268,15.458598193466521,15.428254881840855,15.397892585121713,15.367509564600475,15.337104059293965,15.306674285121607,15.27621843405189,15.245734673216793,15.215221143992792,15.18467596104695,15.154097211346574,15.1234829531309,15.092831214843144,15.062139994021265,15.03140725614571,15.000630933442428,14.969808923639311,14.938939088674298,14.908019253353318,14.877047203956305,14.84602068678944,14.81493740668204,14.783795025426357,14.752591160158932,14.721323381682133,14.689989212724907,14.658586126142062,14.62711154305179,14.595562830911806,14.563937301535084,14.53223220904716,14.500444747788059,14.468572050163335,14.436648624402725,14.404824263277286,14.372984474470295,14.341103217118025,14.309141050879697,14.277083205087136,14.244931839253159,14.212673726884928,14.18034369135306,14.147894801700817,14.115346186577714,14.082662186325607,14.049892710615785,14.0169887710482,13.983961497162046,13.950800972464386,13.91751625095906,13.884101577359466,13.850543085174351,13.816855801703934,13.783017925965282,13.749039102509839,13.714897319003747,13.6806148175831,13.64617557365612,13.611572708956409,13.576795963658917,13.541850455646909,13.50674935327234,13.47147408013134,13.43604823061656,13.400429617132927,13.364631992737642,13.328657941685703,13.292486939905858,13.256147624358828,13.219601319248255,13.182872041420993,13.145968347857243,13.108873944901738,13.071577417481372,13.034098241192144,12.99645568590182,12.958768942387236,12.921157731826256,12.899126294932937,12.876988202104211,12.854742281436113,12.83238734075695,12.809922167148283,12.787345526451594,12.764656162760058,12.741852797894955,12.718934130866113,12.695898837315788,12.672745568945412,12.649472952924532,12.626079591281309,12.602564060273833,12.578924909741584,12.555160662436254,12.531269813331145,12.507250828908308,12.483102146422585,12.458822173141638,12.434409285561024,12.409861828593328,12.385178114730355,12.360356423177262,12.335394998957538,12.31029205198765,12.285045756120102,12.259654248153655,12.23411562680933,12.20842795167079,12.182589242087618,12.156597476039956,12.130450588962857,12.104146472528678,12.077682973385707,12.051057891851139,12.024268980556506,11.997313943043423,11.970190432307541,11.942896049288468,11.915428341303182,11.887784800420595,11.859962861774514,11.831959901812338,11.803773236476603,11.775400119316311,11.746837739524917,11.718083219901613,11.689133614732434,11.659985907587496,11.63063700903052,11.601083754236608,11.571322900514014,11.541351124725455,11.511165020604313,11.480761095960801,11.450135769772986,11.419285369157242,11.388206126212596,11.35689417473294,11.325345546781033,11.293556169117844,11.26152185948045,11.229238322701528,11.19670114666314,11.163905798077154,11.13084761808453,11.097521817665212,11.063923472850279,11.030047519727692,10.995888749232682,10.961441801713846,10.926701161265616,10.891661149817963,10.856315920973962,10.820659453586147,10.784685545062661,10.748387804394765,10.711759644897564,10.674794276657058,10.637484698677243,10.599823690722886,10.561803804855288,10.523417356660847,10.48465641617544,10.445512798511594,10.40597805420026,10.36604345926543,10.32570000505736,10.284938387879805,10.24374899845866,10.20212191131384,10.160046874114672,10.117513297121368,10.074510242842916,10.031026416076182,9.987050154533565,9.947923333476847,9.930166150545666,9.896135630958183,9.858365840176345,9.81491461211792,9.769270269623965,9.723839057908995,9.676422937676858,9.633879812908667,9.584553638163165,9.537844006177755,9.485935317606907,9.441028326901932,9.3890305195318,9.338489772408492,9.28640763247742,9.235486964283506,9.183619093297526,9.12963836196878,9.077662715985396,9.022440738157695,8.96844733891738,8.911165228219692,8.856900782931937,8.800204103105248,8.742367088678332,8.682899298495524,8.623989485022463,8.56679398316421,8.506786461190122,8.449978766598806,8.386987669537687,8.32577049568793,8.26474385939127,8.200605854248437,8.140365983761008,8.074427160627616,8.011715757030375,7.950045028885444,7.885869892300376,7.819871690870104,7.756456375202373,7.695614001756345,7.651652530396901,7.6247669992475]
MinStrategy is: [87, 87, 107, 107, 118, 122, 138, 143] + pump(92,168,24) , ['87 * 2 (-0.039455) , cost = 730.0650 s', '107 * 2 (-0.035143) , cost = 1639.3192 s', '118 * 1 (-0.034117) , cost = 2353.9715 s', '122 * 1 (-0.033560) , cost = 6530.0628 s', '138 * 1 (-0.032430) , cost = 299642.1696 s', '143 * 1 (-0.031884) , cost = 831225.9379 s'] + pump(92,168,24)
[87,87,107,107,118,122,138,143]
Time cost for pnj-BKZ = 317.26 h,
Time cost for pump = 1066.17 h,
Total time cost = 1383.42 h.
