New Strategy:
n = 45, alpha = 0.03, q = 2027, jump = 1, goal_margin = 1.50, MAX_TIME = inf h
[15.228624292904, 15.228624292904, 15.228624292904, 15.228624292904, 15.228624292904, 15.228624292904, 15.228624292904, 15.228624292904, 15.228624292904, 15.228624292904, 15.228624292904, 15.228624292904, 15.228624292904, 15.228624292904, 15.228624292904, 15.228624292904, 15.228624292904, 15.228624292904, 15.228624292904, 15.228624292904, 15.228624292904, 15.228624292904, 15.228624292904, 15.228624292904, 15.228624292904, 15.228624292904, 15.228624292904, 15.228624292904, 15.228624292904, 15.228624292904, 15.228624292904, 15.228624292904, 15.228624292904, 15.228624292904, 15.228624292904, 15.228624292904, 15.228624292904, 15.228624292904, 15.228624292904, 15.228624292904, 15.228624292904, 15.228624292904, 15.228624292904, 15.228624292904, 15.228624292904, 15.228624292904, 15.228624292904, 15.228624292904, 15.228624292904, 15.228624292904, 15.228624292904, 15.228624292904, 15.228624292904, 15.228624292904, 15.228624292904, 15.228624292904, 15.228624292904, 15.228624292904, 15.228624292904, 15.228624292904, 15.228624292904, 15.228624292904, 15.228624292904, 15.228624292904, 15.228624292904, 15.228624292904, 15.228624292904, 15.228624292904, 15.228624292904, 15.228624292904, 15.228624292904, 15.228624292904, 15.228624292904, 15.228624292904, 15.228624292904, 15.228624292904, 15.228624292904, 15.228624292904, 15.228624292904, 15.077634999387264, 15.005348423593176, 14.818598479357417, 14.871190666526887, 14.936057589043783, 14.98112678949085, 14.73527718000058, 14.73713048560056, 14.664001968952501, 14.660930659670132, 14.445941557402971, 14.485422515137449, 14.307754207080327, 14.22163907891504, 14.017560164899288, 13.944630665332944, 13.93334889149246, 14.017981569945912, 13.750195364788441, 13.624299909885515, 13.70661770864843, 13.575119442213438, 13.582210828949847, 13.427478858442468, 13.30336870851554, 13.205757601607075, 13.078764165734498, 12.927838368168867, 12.854425937396998, 12.711832881536635, 12.625444351727438, 12.483677556892747, 12.52608015591147, 12.313278153340423, 12.298416306627287, 12.213594221951587, 12.204803532366679, 12.048807471134669, 11.979146043603468, 11.732405827592077, 11.737496442503419, 11.635604238231299, 11.572009903710686, 11.315715309049152, 11.291678516036855, 11.33616138528228, 11.183948643000353, 11.039159593845213, 11.044545146008513, 10.880559337750281, 10.91428616662541, 10.83935337006656, 10.806390751020668, 10.645865471760528, 10.559099372768543, 10.559424623399496, 10.509521463863654, 10.354425625808394, 10.323220917104509, 10.193868626765171, 10.170539909015403, 10.278054687169055, 10.127490073515771, 9.946943636165042, 9.898042784293722, 9.670171752737692, 9.493158157455742, 9.459351010213974, 9.366870126419235, 9.301329718285338, 9.272458221065873, 9.035659434400685, 9.08349984207847, 8.99599017706621, 8.987899064238347, 8.857756350946364, 8.762767672309371, 8.654183017776134, 8.679819074135855, 8.459661413296104, 8.391835313493802, 8.340849830305, 8.165377061137427, 8.070311033134521, 7.860001416321432, 7.668707029698945, 7.655676117168489, 7.521961362268472, 7.533145399476565, 7.5485781023150365, 7.568629161800548, 7.2901173325157975, 7.440740583958072, 7.3408719900701636, 7.297264505507913, 7.206177103576393, 7.055953425494482, 6.928277562724668, 6.941502593798524, 6.900913753937212, 6.764057006887292, 6.771432318075092, 6.737357442500676, 6.547241683662811, 6.541447801814678, 6.509896352718732, 6.2189677091529125, 6.122332591884484, 6.050297817735689, 5.909884179091107, 5.99395647819187, 5.915810691449642, 5.686781156756473, 5.664441663535846, 5.605841053608177, 5.489557805815823, 5.455544569117267, 5.350926173971039, 5.425045994748487, 5.323183337203203, 5.205702622172656, 4.95008574479505, 4.91757982965145, 4.848747137977849, 4.74617798522045, 4.779388932546029, 4.76772165649586, 4.931045436833528, 4.739352125969942]
Blocksize strategy selection process: -0.057026 --> -0.057026, len_BS = 1
Blocksize strategy selection process: -0.046289 --> -0.029887, len_BS = 114
Blocksize strategy selection process: -0.046104 --> -0.029886, len_BS = 192
Blocksize strategy selection process: -0.045918 --> -0.029886, len_BS = 260
Blocksize strategy selection process: -0.045733 --> -0.029886, len_BS = 324
Blocksize strategy selection process: -0.045548 --> -0.029886, len_BS = 385
Blocksize strategy selection process: -0.041650 --> -0.029886, len_BS = 442
Blocksize strategy selection process: -0.041528 --> -0.029886, len_BS = 486
Blocksize strategy selection process: -0.041453 --> -0.029886, len_BS = 540
Blocksize strategy selection process: -0.041406 --> -0.029886, len_BS = 594
Blocksize strategy selection process: -0.041332 --> -0.029886, len_BS = 640
Blocksize strategy selection process: -0.041283 --> -0.029886, len_BS = 687
Blocksize strategy selection process: -0.041258 --> -0.029886, len_BS = 731
Blocksize strategy selection process: -0.041210 --> -0.029886, len_BS = 731
Blocksize strategy selection process: -0.041160 --> -0.029886, len_BS = 779
Blocksize strategy selection process: -0.041137 --> -0.029886, len_BS = 824
Blocksize strategy selection process: -0.041088 --> -0.029886, len_BS = 824
Blocksize strategy selection process: -0.039143 --> -0.029886, len_BS = 865
Blocksize strategy selection process: -0.039090 --> -0.029886, len_BS = 801
Blocksize strategy selection process: -0.039016 --> -0.029886, len_BS = 835
Blocksize strategy selection process: -0.038963 --> -0.029886, len_BS = 889
Blocksize strategy selection process: -0.038910 --> -0.029886, len_BS = 926
Blocksize strategy selection process: -0.038030 --> -0.029886, len_BS = 965
Blocksize strategy selection process: -0.037995 --> -0.029886, len_BS = 999
Blocksize strategy selection process: -0.037978 --> -0.029886, len_BS = 1021
Blocksize strategy selection process: -0.037924 --> -0.029886, len_BS = 1036
Blocksize strategy selection process: -0.037889 --> -0.029886, len_BS = 1084
Blocksize strategy selection process: -0.037873 --> -0.029886, len_BS = 1110
Blocksize strategy selection process: -0.037817 --> -0.029886, len_BS = 1132
Blocksize strategy selection process: -0.036953 --> -0.029886, len_BS = 1175
Blocksize strategy selection process: -0.036925 --> -0.029886, len_BS = 1115
Blocksize strategy selection process: -0.036911 --> -0.029886, len_BS = 1145
Blocksize strategy selection process: -0.036896 --> -0.029886, len_BS = 1175
Blocksize strategy selection process: -0.036882 --> -0.029886, len_BS = 1203
Blocksize strategy selection process: -0.036867 --> -0.029886, len_BS = 1227
Blocksize strategy selection process: -0.036853 --> -0.029886, len_BS = 1249
Blocksize strategy selection process: -0.036838 --> -0.029886, len_BS = 1277
Blocksize strategy selection process: -0.036824 --> -0.029886, len_BS = 1306
Blocksize strategy selection process: -0.036384 --> -0.029886, len_BS = 1329
Blocksize strategy selection process: -0.036374 --> -0.029886, len_BS = 1281
Blocksize strategy selection process: -0.036356 --> -0.029886, len_BS = 1309
Blocksize strategy selection process: -0.036347 --> -0.029886, len_BS = 1340
Blocksize strategy selection process: -0.036338 --> -0.029886, len_BS = 1372
Blocksize strategy selection process: -0.036188 --> -0.029886, len_BS = 1400
Blocksize strategy selection process: -0.036182 --> -0.029885, len_BS = 1387
Blocksize strategy selection process: -0.036179 --> -0.029885, len_BS = 1412
Blocksize strategy selection process: -0.036165 --> -0.029885, len_BS = 1423
Blocksize strategy selection process: -0.036159 --> -0.029885, len_BS = 1460
Blocksize strategy selection process: -0.036156 --> -0.029885, len_BS = 1484
Blocksize strategy selection process: -0.036096 --> -0.029885, len_BS = 1493
Blocksize strategy selection process: -0.036090 --> -0.029885, len_BS = 1535
Blocksize strategy selection process: -0.036087 --> -0.029885, len_BS = 1559
Blocksize strategy selection process: -0.036073 --> -0.029885, len_BS = 1571
Blocksize strategy selection process: -0.036067 --> -0.029885, len_BS = 1610
Blocksize strategy selection process: -0.036064 --> -0.029885, len_BS = 1629
Blocksize strategy selection process: -0.036050 --> -0.029885, len_BS = 1641
Blocksize strategy selection process: -0.035958 --> -0.029885, len_BS = 1683
Blocksize strategy selection process: -0.035954 --> -0.029885, len_BS = 1730
Blocksize strategy selection process: -0.035951 --> -0.029885, len_BS = 1753
Blocksize strategy selection process: -0.035949 --> -0.029885, len_BS = 1759
Blocksize strategy selection process: -0.035946 --> -0.029885, len_BS = 1766
Blocksize strategy selection process: -0.035944 --> -0.029885, len_BS = 1776
Blocksize strategy selection process: -0.035941 --> -0.029885, len_BS = 1784
Blocksize strategy selection process: -0.035939 --> -0.029885, len_BS = 1790
Blocksize strategy selection process: -0.035937 --> -0.029885, len_BS = 1802
Blocksize strategy selection process: -0.035856 --> -0.029885, len_BS = 1811
Blocksize strategy selection process: -0.035853 --> -0.029885, len_BS = 1846
Blocksize strategy selection process: -0.035781 --> -0.029885, len_BS = 1850
Blocksize strategy selection process: -0.035774 --> -0.029885, len_BS = 1896
Blocksize strategy selection process: -0.035772 --> -0.029885, len_BS = 1915
Blocksize strategy selection process: -0.035771 --> -0.029885, len_BS = 1949
Blocksize strategy selection process: -0.035769 --> -0.029885, len_BS = 1949
Blocksize strategy selection process: -0.035745 --> -0.029885, len_BS = 1949
Blocksize strategy selection process: -0.035744 --> -0.029885, len_BS = 1970
Blocksize strategy selection process: -0.035743 --> -0.029885, len_BS = 1971
Blocksize strategy selection process: -0.035741 --> -0.029885, len_BS = 1973
Blocksize strategy selection process: -0.035740 --> -0.029885, len_BS = 1983
Blocksize strategy selection process: -0.035739 --> -0.029885, len_BS = 1985
Blocksize strategy selection process: -0.035690 --> -0.029885, len_BS = 1986
Blocksize strategy selection process: -0.035688 --> -0.029885, len_BS = 2020
Blocksize strategy selection process: -0.035685 --> -0.029885, len_BS = 2024
Blocksize strategy selection process: -0.035684 --> -0.029885, len_BS = 2032
Blocksize strategy selection process: -0.035682 --> -0.029885, len_BS = 2037
Blocksize strategy selection process: -0.035658 --> -0.029885, len_BS = 2038
Blocksize strategy selection process: -0.035657 --> -0.029885, len_BS = 2069
Blocksize strategy selection process: -0.035655 --> -0.029885, len_BS = 2071
Blocksize strategy selection process: -0.035654 --> -0.029885, len_BS = 2083
Blocksize strategy selection process: -0.035653 --> -0.029885, len_BS = 2085
Blocksize strategy selection process: -0.035602 --> -0.029885, len_BS = 2086
Blocksize strategy selection process: -0.035601 --> -0.029885, len_BS = 2112
Blocksize strategy selection process: -0.035598 --> -0.029885, len_BS = 2114
Blocksize strategy selection process: -0.035597 --> -0.029885, len_BS = 2124
Blocksize strategy selection process: -0.035595 --> -0.029885, len_BS = 2127
Blocksize strategy selection process: -0.035572 --> -0.029885, len_BS = 2129
Blocksize strategy selection process: -0.035571 --> -0.029885, len_BS = 2164
Blocksize strategy selection process: -0.035568 --> -0.029885, len_BS = 2167
Blocksize strategy selection process: -0.035567 --> -0.029885, len_BS = 2171
Blocksize strategy selection process: -0.035515 --> -0.029885, len_BS = 2173
Blocksize strategy selection process: -0.035513 --> -0.029885, len_BS = 2196
Blocksize strategy selection process: -0.035511 --> -0.029885, len_BS = 2198
Blocksize strategy selection process: -0.035509 --> -0.029885, len_BS = 2204
Blocksize strategy selection process: -0.035508 --> -0.029885, len_BS = 2210
Blocksize strategy selection process: -0.035485 --> -0.029885, len_BS = 2213
Blocksize strategy selection process: -0.035484 --> -0.029885, len_BS = 2239
Blocksize strategy selection process: -0.035482 --> -0.029885, len_BS = 2241
Blocksize strategy selection process: -0.035481 --> -0.029885, len_BS = 2249
Blocksize strategy selection process: -0.035480 --> -0.029885, len_BS = 2249
Blocksize strategy selection process: -0.035427 --> -0.029885, len_BS = 2250
Blocksize strategy selection process: -0.035426 --> -0.029885, len_BS = 2257
Blocksize strategy selection process: -0.035423 --> -0.029885, len_BS = 2259
Blocksize strategy selection process: -0.035421 --> -0.029885, len_BS = 2268
Blocksize strategy selection process: -0.035420 --> -0.029885, len_BS = 2270
Blocksize strategy selection process: -0.035398 --> -0.029885, len_BS = 2272
Blocksize strategy selection process: -0.035397 --> -0.029885, len_BS = 2302
Blocksize strategy selection process: -0.035396 --> -0.029885, len_BS = 2307
Blocksize strategy selection process: -0.035394 --> -0.029885, len_BS = 2307
Blocksize strategy selection process: -0.035393 --> -0.029885, len_BS = 2311
Blocksize strategy selection process: -0.035338 --> -0.029885, len_BS = 2317
Blocksize strategy selection process: -0.035337 --> -0.029885, len_BS = 2317
Blocksize strategy selection process: -0.035334 --> -0.029885, len_BS = 2320
Blocksize strategy selection process: -0.035333 --> -0.029885, len_BS = 2328
Blocksize strategy selection process: -0.035331 --> -0.029885, len_BS = 2329
Blocksize strategy selection process: -0.035224 --> -0.029885, len_BS = 2331
Blocksize strategy selection process: -0.035222 --> -0.029885, len_BS = 2296
Blocksize strategy selection process: -0.035221 --> -0.029885, len_BS = 2311
Blocksize strategy selection process: -0.035220 --> -0.029885, len_BS = 2316
Blocksize strategy selection process: -0.035218 --> -0.029885, len_BS = 2316
Blocksize strategy selection process: -0.035217 --> -0.029885, len_BS = 2318
Blocksize strategy selection process: -0.035161 --> -0.029885, len_BS = 2321
Blocksize strategy selection process: -0.035055 --> -0.029885, len_BS = 2341
Blocksize strategy selection process: -0.035051 --> -0.029885, len_BS = 2311
Blocksize strategy selection process: -0.035049 --> -0.029885, len_BS = 2321
Blocksize strategy selection process: -0.035047 --> -0.029885, len_BS = 2325
Blocksize strategy selection process: -0.035045 --> -0.029885, len_BS = 2327
Blocksize strategy selection process: -0.035041 --> -0.029885, len_BS = 2330
Blocksize strategy selection process: -0.034963 --> -0.029885, len_BS = 2339
Blocksize strategy selection process: -0.034961 --> -0.029885, len_BS = 2325
Blocksize strategy selection process: -0.034959 --> -0.029885, len_BS = 2328
Blocksize strategy selection process: -0.034957 --> -0.029885, len_BS = 2334
Blocksize strategy selection process: -0.034955 --> -0.029885, len_BS = 2341
Blocksize strategy selection process: -0.034954 --> -0.029885, len_BS = 2360
Blocksize strategy selection process: -0.034952 --> -0.029885, len_BS = 2362
Blocksize strategy selection process: -0.034951 --> -0.029885, len_BS = 2362
Blocksize strategy selection process: -0.034940 --> -0.029885, len_BS = 2362
Blocksize strategy selection process: -0.034939 --> -0.029885, len_BS = 2362
Blocksize strategy selection process: -0.034938 --> -0.029885, len_BS = 2362
Blocksize strategy selection process: -0.034937 --> -0.029885, len_BS = 2362
Blocksize strategy selection process: -0.034936 --> -0.029885, len_BS = 2362
Blocksize strategy selection process: -0.034935 --> -0.029885, len_BS = 2362
Blocksize strategy selection process: -0.034933 --> -0.029885, len_BS = 2364
Blocksize strategy selection process: -0.034925 --> -0.029885, len_BS = 2367
Blocksize strategy selection process: -0.034924 --> -0.029885, len_BS = 2383
Blocksize strategy selection process: -0.034923 --> -0.029885, len_BS = 2384
Blocksize strategy selection process: -0.034770 --> -0.029885, len_BS = 2385
Blocksize strategy selection process: -0.034768 --> -0.029885, len_BS = 2311
Blocksize strategy selection process: -0.034711 --> -0.029885, len_BS = 2313
Blocksize strategy selection process: -0.034620 --> -0.029885, len_BS = 2329
Blocksize strategy selection process: -0.034617 --> -0.029885, len_BS = 2326
Blocksize strategy selection process: -0.034616 --> -0.029885, len_BS = 2329
Blocksize strategy selection process: -0.034582 --> -0.029885, len_BS = 2331
Blocksize strategy selection process: -0.034581 --> -0.029885, len_BS = 2353
Blocksize strategy selection process: -0.034579 --> -0.029885, len_BS = 2355
Blocksize strategy selection process: -0.034578 --> -0.029885, len_BS = 2357
Blocksize strategy selection process: -0.034492 --> -0.029885, len_BS = 2359
Blocksize strategy selection process: -0.034491 --> -0.029885, len_BS = 2355
Blocksize strategy selection process: -0.034479 --> -0.029885, len_BS = 2357
Blocksize strategy selection process: -0.034478 --> -0.029885, len_BS = 2378
Blocksize strategy selection process: -0.034416 --> -0.029885, len_BS = 2380
Blocksize strategy selection process: -0.034413 --> -0.029885, len_BS = 2386
Blocksize strategy selection process: -0.034397 --> -0.029885, len_BS = 2389
Blocksize strategy selection process: -0.034325 --> -0.029885, len_BS = 2411
Blocksize strategy selection process: -0.034312 --> -0.029885, len_BS = 2419
Blocksize strategy selection process: -0.034274 --> -0.029885, len_BS = 2441
Blocksize strategy selection process: -0.034273 --> -0.029885, len_BS = 2463
Blocksize strategy selection process: -0.034272 --> -0.029885, len_BS = 2464
Blocksize strategy selection process: -0.034264 --> -0.029885, len_BS = 2465
Blocksize strategy selection process: -0.034263 --> -0.029885, len_BS = 2476
Blocksize strategy selection process: -0.034260 --> -0.029885, len_BS = 2476
Blocksize strategy selection process: -0.034238 --> -0.029885, len_BS = 2479
Blocksize strategy selection process: -0.034186 --> -0.029885, len_BS = 2495
Blocksize strategy selection process: -0.034184 --> -0.029885, len_BS = 2511
Blocksize strategy selection process: -0.034183 --> -0.029885, len_BS = 2515
Blocksize strategy selection process: -0.034182 --> -0.029885, len_BS = 2516
Blocksize strategy selection process: -0.034174 --> -0.029885, len_BS = 2517
Blocksize strategy selection process: -0.034173 --> -0.029885, len_BS = 2526
Blocksize strategy selection process: -0.034150 --> -0.029885, len_BS = 2529
Blocksize strategy selection process: -0.034149 --> -0.029885, len_BS = 2548
Blocksize strategy selection process: -0.034096 --> -0.029885, len_BS = 2548
Blocksize strategy selection process: -0.034095 --> -0.029885, len_BS = 2564
Blocksize strategy selection process: -0.034094 --> -0.029885, len_BS = 2566
Blocksize strategy selection process: -0.034093 --> -0.029885, len_BS = 2566
Blocksize strategy selection process: -0.034041 --> -0.029885, len_BS = 2569
Blocksize strategy selection process: -0.034040 --> -0.029885, len_BS = 2576
Blocksize strategy selection process: -0.034038 --> -0.029885, len_BS = 2576
Blocksize strategy selection process: -0.034037 --> -0.029885, len_BS = 2588
Blocksize strategy selection process: -0.034023 --> -0.029885, len_BS = 2588
Blocksize strategy selection process: -0.034022 --> -0.029885, len_BS = 2590
Blocksize strategy selection process: -0.033762 --> -0.029885, len_BS = 2590
Blocksize strategy selection process: -0.033761 --> -0.029885, len_BS = 2514
Blocksize strategy selection process: -0.033669 --> -0.029885, len_BS = 2516
Blocksize strategy selection process: -0.033634 --> -0.029885, len_BS = 2521
Blocksize strategy selection process: -0.033627 --> -0.029885, len_BS = 2518
Blocksize strategy selection process: -0.033626 --> -0.029885, len_BS = 2523
Blocksize strategy selection process: -0.033624 --> -0.029885, len_BS = 2524
Blocksize strategy selection process: -0.033616 --> -0.029885, len_BS = 2529
Blocksize strategy selection process: -0.033517 --> -0.029885, len_BS = 2533
Blocksize strategy selection process: -0.033516 --> -0.029885, len_BS = 2534
Blocksize strategy selection process: -0.033514 --> -0.029885, len_BS = 2535
Blocksize strategy selection process: -0.033494 --> -0.029885, len_BS = 2537
Blocksize strategy selection process: -0.033492 --> -0.029885, len_BS = 2552
Blocksize strategy selection process: -0.033419 --> -0.029885, len_BS = 2553
Blocksize strategy selection process: -0.033418 --> -0.029885, len_BS = 2554
Blocksize strategy selection process: -0.033399 --> -0.029885, len_BS = 2554
Blocksize strategy selection process: -0.033281 --> -0.029885, len_BS = 2569
Blocksize strategy selection process: -0.033280 --> -0.029885, len_BS = 2571
Blocksize strategy selection process: -0.033278 --> -0.029885, len_BS = 2571
Blocksize strategy selection process: -0.033184 --> -0.029885, len_BS = 2574
Blocksize strategy selection process: -0.033183 --> -0.029885, len_BS = 2576
Blocksize strategy selection process: -0.033175 --> -0.029885, len_BS = 2577
Blocksize strategy selection process: -0.033097 --> -0.029885, len_BS = 2582
Blocksize strategy selection process: -0.033087 --> -0.029885, len_BS = 2592
Blocksize strategy selection process: -0.033086 --> -0.029885, len_BS = 2598
Blocksize strategy selection process: -0.033079 --> -0.029885, len_BS = 2599
Blocksize strategy selection process: -0.033071 --> -0.029885, len_BS = 2602
Blocksize strategy selection process: -0.032999 --> -0.029885, len_BS = 2611
Blocksize strategy selection process: -0.032932 --> -0.029885, len_BS = 2615
Blocksize strategy selection process: -0.032931 --> -0.029885, len_BS = 2620
Blocksize strategy selection process: -0.032924 --> -0.029885, len_BS = 2620
Blocksize strategy selection process: -0.032922 --> -0.029885, len_BS = 2622
Blocksize strategy selection process: -0.032904 --> -0.029885, len_BS = 2624
Blocksize strategy selection process: -0.032902 --> -0.029885, len_BS = 2625
Blocksize strategy selection process: -0.032805 --> -0.029885, len_BS = 2625
Blocksize strategy selection process: -0.032754 --> -0.029885, len_BS = 2628
Blocksize strategy selection process: -0.032589 --> -0.029885, len_BS = 2638
Blocksize strategy selection process: -0.032586 --> -0.029885, len_BS = 2637
Blocksize strategy selection process: -0.032585 --> -0.029885, len_BS = 2639
Blocksize strategy selection process: -0.032506 --> -0.029885, len_BS = 2642
Blocksize strategy selection process: -0.032502 --> -0.029885, len_BS = 2650
Blocksize strategy selection process: -0.032416 --> -0.029885, len_BS = 2651
Blocksize strategy selection process: -0.032377 --> -0.029885, len_BS = 2653
Blocksize strategy selection process: -0.032352 --> -0.029885, len_BS = 2662
Blocksize strategy selection process: -0.032350 --> -0.029885, len_BS = 2665
Blocksize strategy selection process: -0.032328 --> -0.029885, len_BS = 2666
Blocksize strategy selection process: -0.032196 --> -0.029885, len_BS = 2673
Blocksize strategy selection process: -0.032169 --> -0.029885, len_BS = 2676
Blocksize strategy selection process: -0.032157 --> -0.029885, len_BS = 2679
Blocksize strategy selection process: -0.032156 --> -0.029885, len_BS = 2683
Blocksize strategy selection process: -0.032153 --> -0.029885, len_BS = 2684
Blocksize strategy selection process: -0.032047 --> -0.029885, len_BS = 2684
Blocksize strategy selection process: -0.031985 --> -0.029885, len_BS = 2688
Blocksize strategy selection process: -0.031984 --> -0.029885, len_BS = 2695
Blocksize strategy selection process: -0.031892 --> -0.029885, len_BS = 2695
Blocksize strategy selection process: -0.031876 --> -0.029885, len_BS = 2702
Blocksize strategy selection process: -0.031875 --> -0.029885, len_BS = 2705
Blocksize strategy selection process: -0.031852 --> -0.029885, len_BS = 2705
Blocksize strategy selection process: -0.031851 --> -0.029885, len_BS = 2706
Blocksize strategy selection process: -0.031841 --> -0.029885, len_BS = 2706
Blocksize strategy selection process: -0.031756 --> -0.029885, len_BS = 2707
Blocksize strategy selection process: -0.031731 --> -0.029885, len_BS = 2712
Blocksize strategy selection process: -0.031666 --> -0.029885, len_BS = 2713
Blocksize strategy selection process: -0.031650 --> -0.029885, len_BS = 2718
Blocksize strategy selection process: -0.031642 --> -0.029885, len_BS = 2719
Blocksize strategy selection process: -0.031556 --> -0.029885, len_BS = 2720
Blocksize strategy selection process: -0.031536 --> -0.029885, len_BS = 2728
Blocksize strategy selection process: -0.031530 --> -0.029885, len_BS = 2729
Blocksize strategy selection process: -0.031528 --> -0.029885, len_BS = 2729
Blocksize strategy selection process: -0.031483 --> -0.029885, len_BS = 2729
Blocksize strategy selection process: -0.031482 --> -0.029885, len_BS = 2734
Blocksize strategy selection process: -0.031465 --> -0.029885, len_BS = 2734
Blocksize strategy selection process: -0.031459 --> -0.029885, len_BS = 2734
Blocksize strategy selection process: -0.031454 --> -0.029885, len_BS = 2734
Blocksize strategy selection process: -0.031445 --> -0.029885, len_BS = 2734
Blocksize strategy selection process: -0.031441 --> -0.029885, len_BS = 2734
Blocksize strategy selection process: -0.031440 --> -0.029885, len_BS = 2735
Blocksize strategy selection process: -0.031438 --> -0.029885, len_BS = 2735
Blocksize strategy selection process: -0.031395 --> -0.029885, len_BS = 2736
Blocksize strategy selection process: -0.031370 --> -0.029885, len_BS = 2741
Blocksize strategy selection process: -0.031369 --> -0.029885, len_BS = 2742
Blocksize strategy selection process: -0.031326 --> -0.029885, len_BS = 2742
Blocksize strategy selection process: -0.031321 --> -0.029885, len_BS = 2746
Blocksize strategy selection process: -0.031318 --> -0.029885, len_BS = 2746
Blocksize strategy selection process: -0.031275 --> -0.029885, len_BS = 2746
Blocksize strategy selection process: -0.031254 --> -0.029885, len_BS = 2749
Blocksize strategy selection process: -0.031250 --> -0.029885, len_BS = 2751
Blocksize strategy selection process: -0.031206 --> -0.029885, len_BS = 2752
Blocksize strategy selection process: -0.031193 --> -0.029885, len_BS = 2755
Blocksize strategy selection process: -0.031111 --> -0.029885, len_BS = 2755
Blocksize strategy selection process: -0.031078 --> -0.029885, len_BS = 2758
Blocksize strategy selection process: -0.031077 --> -0.029885, len_BS = 2758
Blocksize strategy selection process: -0.031059 --> -0.029885, len_BS = 2758
Blocksize strategy selection process: -0.031058 --> -0.029885, len_BS = 2759
Blocksize strategy selection process: -0.031056 --> -0.029885, len_BS = 2759
Blocksize strategy selection process: -0.031050 --> -0.029885, len_BS = 2759
Blocksize strategy selection process: -0.031048 --> -0.029885, len_BS = 2759
Blocksize strategy selection process: -0.031013 --> -0.029885, len_BS = 2759
Blocksize strategy selection process: -0.030978 --> -0.029885, len_BS = 2761
Blocksize strategy selection process: -0.030917 --> -0.029885, len_BS = 2761
Blocksize strategy selection process: -0.030817 --> -0.029885, len_BS = 2762
Blocksize strategy selection process: -0.030759 --> -0.029885, len_BS = 2767
Blocksize strategy selection process: -0.030740 --> -0.029885, len_BS = 2767
Blocksize strategy selection process: -0.030721 --> -0.029885, len_BS = 2767
Blocksize strategy selection process: -0.030720 --> -0.029885, len_BS = 2767
Blocksize strategy selection process: -0.030719 --> -0.029885, len_BS = 2767
Blocksize strategy selection process: -0.030712 --> -0.029885, len_BS = 2767
Blocksize strategy selection process: -0.030709 --> -0.029885, len_BS = 2767
Blocksize strategy selection process: -0.030707 --> -0.029885, len_BS = 2767
Blocksize strategy selection process: -0.030706 --> -0.029885, len_BS = 2767
Blocksize strategy selection process: -0.030705 --> -0.029885, len_BS = 2767
Blocksize strategy selection process: -0.030704 --> -0.029885, len_BS = 2767
Blocksize strategy selection process: -0.030703 --> -0.029885, len_BS = 2767
Blocksize strategy selection process: -0.030702 --> -0.029885, len_BS = 2767
Blocksize strategy selection process: -0.030701 --> -0.029885, len_BS = 2767
Blocksize strategy selection process: -0.030700 --> -0.029885, len_BS = 2767
Blocksize strategy selection process: -0.030699 --> -0.029885, len_BS = 2767
Blocksize strategy selection process: -0.030698 --> -0.029885, len_BS = 2767
Blocksize strategy selection process: -0.030697 --> -0.029885, len_BS = 2767
Blocksize strategy selection process: -0.030696 --> -0.029885, len_BS = 2767
Blocksize strategy selection process: -0.030667 --> -0.029885, len_BS = 2767
Blocksize strategy selection process: -0.030652 --> -0.029885, len_BS = 2767
Blocksize strategy selection process: -0.030651 --> -0.029885, len_BS = 2767
Blocksize strategy selection process: -0.030646 --> -0.029885, len_BS = 2767
Blocksize strategy selection process: -0.030579 --> -0.029885, len_BS = 2767
Blocksize strategy selection process: -0.030563 --> -0.029885, len_BS = 2768
Blocksize strategy selection process: -0.030554 --> -0.029885, len_BS = 2768
Blocksize strategy selection process: -0.030534 --> -0.029885, len_BS = 2769
Blocksize strategy selection process: -0.030533 --> -0.029885, len_BS = 2769
Blocksize strategy selection process: -0.030532 --> -0.029885, len_BS = 2769
Blocksize strategy selection process: -0.030531 --> -0.029885, len_BS = 2769
Blocksize strategy selection process: -0.030530 --> -0.029885, len_BS = 2769
Blocksize strategy selection process: -0.030529 --> -0.029885, len_BS = 2769
Blocksize strategy selection process: -0.030528 --> -0.029885, len_BS = 2769
Blocksize strategy selection process: -0.030527 --> -0.029885, len_BS = 2769
Blocksize strategy selection process: -0.030526 --> -0.029885, len_BS = 2769
Blocksize strategy selection process: -0.030525 --> -0.029885, len_BS = 2769
Blocksize strategy selection process: -0.030524 --> -0.029885, len_BS = 2769
Blocksize strategy selection process: -0.030521 --> -0.029885, len_BS = 2769
Blocksize strategy selection process: -0.030519 --> -0.029885, len_BS = 2769
Blocksize strategy selection process: -0.030518 --> -0.029885, len_BS = 2769
Blocksize strategy selection process: -0.030517 --> -0.029885, len_BS = 2769
Blocksize strategy selection process: -0.030516 --> -0.029885, len_BS = 2769
Blocksize strategy selection process: -0.030515 --> -0.029885, len_BS = 2769
Blocksize strategy selection process: -0.030514 --> -0.029885, len_BS = 2769
Blocksize strategy selection process: -0.030513 --> -0.029885, len_BS = 2769
Blocksize strategy selection process: -0.030512 --> -0.029885, len_BS = 2769
Blocksize strategy selection process: -0.030486 --> -0.029885, len_BS = 2769
Blocksize strategy selection process: -0.030485 --> -0.029885, len_BS = 2770
Blocksize strategy selection process: -0.030484 --> -0.029885, len_BS = 2770
Blocksize strategy selection process: -0.030483 --> -0.029885, len_BS = 2770
Blocksize strategy selection process: -0.030482 --> -0.029885, len_BS = 2770
Blocksize strategy selection process: -0.030432 --> -0.029885, len_BS = 2770
Blocksize strategy selection process: -0.030431 --> -0.029885, len_BS = 2772
Blocksize strategy selection process: -0.030398 --> -0.029885, len_BS = 2772
Blocksize strategy selection process: -0.030336 --> -0.029885, len_BS = 2772
Blocksize strategy selection process: -0.030333 --> -0.029885, len_BS = 2772
Blocksize strategy selection process: -0.030320 --> -0.029885, len_BS = 2772
Blocksize strategy selection process: -0.030319 --> -0.029885, len_BS = 2772
Blocksize strategy selection process: -0.030318 --> -0.029885, len_BS = 2772
Blocksize strategy selection process: -0.030317 --> -0.029885, len_BS = 2772
Blocksize strategy selection process: -0.030316 --> -0.029885, len_BS = 2772
Blocksize strategy selection process: -0.030315 --> -0.029885, len_BS = 2772
Blocksize strategy selection process: -0.030313 --> -0.029885, len_BS = 2772
Blocksize strategy selection process: -0.030312 --> -0.029885, len_BS = 2772
Blocksize strategy selection process: -0.030311 --> -0.029885, len_BS = 2772
Blocksize strategy selection process: -0.030310 --> -0.029885, len_BS = 2772
Blocksize strategy selection process: -0.030268 --> -0.029885, len_BS = 2772
Blocksize strategy selection process: -0.030267 --> -0.029885, len_BS = 2772
Blocksize strategy selection process: -0.030266 --> -0.029885, len_BS = 2772
Blocksize strategy selection process: -0.030246 --> -0.029885, len_BS = 2772
Blocksize strategy selection process: -0.030245 --> -0.029885, len_BS = 2772
Blocksize strategy selection process: -0.030244 --> -0.029885, len_BS = 2772
Blocksize strategy selection process: -0.030243 --> -0.029885, len_BS = 2772
Blocksize strategy selection process: -0.030242 --> -0.029885, len_BS = 2772
Blocksize strategy selection process: -0.030241 --> -0.029885, len_BS = 2772
Blocksize strategy selection process: -0.030240 --> -0.029885, len_BS = 2772
Blocksize strategy selection process: -0.030239 --> -0.029885, len_BS = 2772
Blocksize strategy selection process: -0.030238 --> -0.029885, len_BS = 2772
Blocksize strategy selection process: -0.030237 --> -0.029885, len_BS = 2772
Blocksize strategy selection process: -0.030236 --> -0.029885, len_BS = 2772
Blocksize strategy selection process: -0.030235 --> -0.029885, len_BS = 2772
Blocksize strategy selection process: -0.030234 --> -0.029885, len_BS = 2772
Blocksize strategy selection process: -0.030233 --> -0.029885, len_BS = 2772
Blocksize strategy selection process: -0.030232 --> -0.029885, len_BS = 2772
Blocksize strategy selection process: -0.030230 --> -0.029885, len_BS = 2772
Blocksize strategy selection process: -0.030211 --> -0.029885, len_BS = 2772
Blocksize strategy selection process: -0.030210 --> -0.029885, len_BS = 2772
Blocksize strategy selection process: -0.030209 --> -0.029885, len_BS = 2772
Blocksize strategy selection process: -0.030208 --> -0.029885, len_BS = 2773
Blocksize strategy selection process: -0.030207 --> -0.029885, len_BS = 2773
Blocksize strategy selection process: -0.030206 --> -0.029885, len_BS = 2773
Blocksize strategy selection process: -0.030205 --> -0.029885, len_BS = 2773
Blocksize strategy selection process: -0.030204 --> -0.029885, len_BS = 2773
Blocksize strategy selection process: -0.030203 --> -0.029885, len_BS = 2773
Blocksize strategy selection process: -0.030202 --> -0.029885, len_BS = 2773
Blocksize strategy selection process: -0.030201 --> -0.029885, len_BS = 2773
Blocksize strategy selection process: -0.030200 --> -0.029885, len_BS = 2774
Blocksize strategy selection process: -0.030199 --> -0.029885, len_BS = 2774
Blocksize strategy selection process: -0.030198 --> -0.029885, len_BS = 2774
Blocksize strategy selection process: -0.030197 --> -0.029885, len_BS = 2774
Blocksize strategy selection process: -0.030178 --> -0.029885, len_BS = 2774
Blocksize strategy selection process: -0.030176 --> -0.029885, len_BS = 2774
Blocksize strategy selection process: -0.030175 --> -0.029885, len_BS = 2774
Blocksize strategy selection process: -0.030174 --> -0.029885, len_BS = 2774
Blocksize strategy selection process: -0.030139 --> -0.029885, len_BS = 2774
Blocksize strategy selection process: -0.030138 --> -0.029885, len_BS = 2774
Blocksize strategy selection process: -0.030137 --> -0.029885, len_BS = 2774
Blocksize strategy selection process: -0.030136 --> -0.029885, len_BS = 2774
Blocksize strategy selection process: -0.030135 --> -0.029885, len_BS = 2774
Blocksize strategy selection process: -0.030124 --> -0.029885, len_BS = 2774
Blocksize strategy selection process: -0.030123 --> -0.029885, len_BS = 2774
Blocksize strategy selection process: -0.030122 --> -0.029885, len_BS = 2774
Blocksize strategy selection process: -0.030119 --> -0.029885, len_BS = 2774
Blocksize strategy selection process: -0.030118 --> -0.029885, len_BS = 2774
Blocksize strategy selection process: -0.030113 --> -0.029885, len_BS = 2774
Blocksize strategy selection process: -0.030111 --> -0.029885, len_BS = 2774
Blocksize strategy selection process: -0.030110 --> -0.029885, len_BS = 2774
Blocksize strategy selection process: -0.030109 --> -0.029885, len_BS = 2774
Blocksize strategy selection process: -0.030108 --> -0.029885, len_BS = 2774
Blocksize strategy selection process: -0.030107 --> -0.029885, len_BS = 2774
Blocksize strategy selection process: -0.030106 --> -0.029885, len_BS = 2774
Blocksize strategy selection process: -0.030061 --> -0.029885, len_BS = 2774
Blocksize strategy selection process: -0.030060 --> -0.029885, len_BS = 2774
Blocksize strategy selection process: -0.030059 --> -0.029885, len_BS = 2774
Blocksize strategy selection process: -0.030031 --> -0.029885, len_BS = 2774
Blocksize strategy selection process: -0.030030 --> -0.029885, len_BS = 2774
Blocksize strategy selection process: -0.030029 --> -0.029885, len_BS = 2774
Blocksize strategy selection process: -0.030028 --> -0.029885, len_BS = 2774
Blocksize strategy selection process: -0.030027 --> -0.029885, len_BS = 2774
Blocksize strategy selection process: -0.030026 --> -0.029885, len_BS = 2774
Blocksize strategy selection process: -0.030025 --> -0.029885, len_BS = 2774
Blocksize strategy selection process: -0.030024 --> -0.029885, len_BS = 2774
Blocksize strategy selection process: -0.030023 --> -0.029885, len_BS = 2774
Blocksize strategy selection process: -0.030011 --> -0.029885, len_BS = 2774
Blocksize strategy selection process: -0.030010 --> -0.029885, len_BS = 2774
Blocksize strategy selection process: -0.030008 --> -0.029885, len_BS = 2774
Blocksize strategy selection process: -0.030006 --> -0.029885, len_BS = 2774
Blocksize strategy selection process: -0.030005 --> -0.029885, len_BS = 2774
Blocksize strategy selection process: -0.030004 --> -0.029885, len_BS = 2774
Blocksize strategy selection process: -0.030003 --> -0.029885, len_BS = 2774
Blocksize strategy selection process: -0.030002 --> -0.029885, len_BS = 2774
Blocksize strategy selection process: -0.030001 --> -0.029885, len_BS = 2774
Blocksize strategy selection process: -0.030000 --> -0.029885, len_BS = 2774
Blocksize strategy selection process: -0.029999 --> -0.029885, len_BS = 2774
Blocksize strategy selection process: -0.029988 --> -0.029885, len_BS = 2774
Blocksize strategy selection process: -0.029986 --> -0.029885, len_BS = 2774
Blocksize strategy selection process: -0.029984 --> -0.029885, len_BS = 2774
Blocksize strategy selection process: -0.029983 --> -0.029885, len_BS = 2774
Blocksize strategy selection process: -0.029982 --> -0.029885, len_BS = 2774
Blocksize strategy selection process: -0.029972 --> -0.029885, len_BS = 2774
Blocksize strategy selection process: -0.029971 --> -0.029885, len_BS = 2774
Blocksize strategy selection process: -0.029967 --> -0.029885, len_BS = 2774
Blocksize strategy selection process: -0.029966 --> -0.029885, len_BS = 2774
Blocksize strategy selection process: -0.029965 --> -0.029885, len_BS = 2774
Blocksize strategy selection process: -0.029964 --> -0.029885, len_BS = 2774
Blocksize strategy selection process: -0.029963 --> -0.029885, len_BS = 2774
Blocksize strategy selection process: -0.029962 --> -0.029885, len_BS = 2774
Blocksize strategy selection process: -0.029953 --> -0.029885, len_BS = 2774
Blocksize strategy selection process: -0.029952 --> -0.029885, len_BS = 2774
Blocksize strategy selection process: -0.029949 --> -0.029885, len_BS = 2774
Blocksize strategy selection process: -0.029948 --> -0.029885, len_BS = 2774
Blocksize strategy selection process: -0.029947 --> -0.029885, len_BS = 2774
Blocksize strategy selection process: -0.029946 --> -0.029885, len_BS = 2774
Blocksize strategy selection process: -0.029945 --> -0.029885, len_BS = 2774
Blocksize strategy selection process: -0.029944 --> -0.029885, len_BS = 2774
Blocksize strategy selection process: -0.029943 --> -0.029885, len_BS = 2774
Blocksize strategy selection process: -0.029936 --> -0.029885, len_BS = 2774
Blocksize strategy selection process: -0.029935 --> -0.029885, len_BS = 2774
Blocksize strategy selection process: -0.029933 --> -0.029885, len_BS = 2774
Blocksize strategy selection process: -0.029932 --> -0.029885, len_BS = 2774
Blocksize strategy selection process: -0.029925 --> -0.029885, len_BS = 2774
Blocksize strategy selection process: -0.029924 --> -0.029885, len_BS = 2774
Blocksize strategy selection process: -0.029921 --> -0.029885, len_BS = 2774
Blocksize strategy selection process: -0.029920 --> -0.029885, len_BS = 2774
Blocksize strategy selection process: -0.029919 --> -0.029885, len_BS = 2774
Blocksize strategy selection process: -0.029918 --> -0.029885, len_BS = 2774
Blocksize strategy selection process: -0.029917 --> -0.029885, len_BS = 2774
Blocksize strategy selection process: -0.029916 --> -0.029885, len_BS = 2774
Blocksize strategy selection process: -0.029911 --> -0.029885, len_BS = 2774
Blocksize strategy selection process: -0.029910 --> -0.029885, len_BS = 2774
Blocksize strategy selection process: -0.029908 --> -0.029885, len_BS = 2774
Blocksize strategy selection process: -0.029907 --> -0.029885, len_BS = 2774
Blocksize strategy selection process: -0.029906 --> -0.029885, len_BS = 2774
Blocksize strategy selection process: -0.029905 --> -0.029885, len_BS = 2774
Blocksize strategy selection process: -0.029904 --> -0.029885, len_BS = 2774
Blocksize strategy selection process: -0.029900 --> -0.029885, len_BS = 2774
Blocksize strategy selection process: -0.029899 --> -0.029885, len_BS = 2774
Blocksize strategy selection process: -0.029898 --> -0.029885, len_BS = 2774
Blocksize strategy selection process: -0.029897 --> -0.029885, len_BS = 2774
Blocksize strategy selection process: -0.029896 --> -0.029885, len_BS = 2774
Blocksize strategy selection process: -0.029895 --> -0.029885, len_BS = 2774
Blocksize strategy selection process: -0.029887 --> -0.029885, len_BS = 2774
Blocksize strategy selection process: -0.029886 --> -0.029885, len_BS = 2774
Blocksize strategy selection process: -0.029885 --> -0.029885, len_BS = 2774
len(BS) = 2774
Time cost for generating Strategy: 186.971875 s
[15.19144734872745,15.160525093877926,15.129567011697382,15.098571059598484,15.06753516276627,15.03645721294534,15.00533506718002,14.974166546505565,14.942949434588598,14.911681476315056,14.880360376323697,14.848983797483598,14.817549359313919,14.786054636344485,14.754497156415908,14.722874398918194,14.691183792967124,14.659422715518222,14.62758848941861,14.595678381397764,14.563689599999208,14.531619293456195,14.499464547516027,14.4672603542346,14.43515862201949,14.403043210461309,14.370887696922821,14.33865207193384,14.306321349657587,14.27389771610872,14.241367752867063,14.20876677429543,14.176047177311215,14.143228360220611,14.110274153970572,14.07723517619958,14.044061738644192,14.010765128680521,13.977335288007865,13.943781398913071,13.910097623421883,13.876269897889298,13.842313463701029,13.80820621005433,13.773957919914054,13.739546269344295,13.704993818811996,13.670284317008107,13.635410790292,13.600362836175417,13.56514564901375,13.52977258727977,13.494224813061813,13.458526259266744,13.422634141335035,13.38656241307767,13.350313699656901,13.313867189840941,13.277251932786179,13.240428707177664,13.203421877469939,13.166240126496707,13.128866933072324,13.091290725406761,13.05353126165608,13.015608089325998,12.977642092180108,12.939754679899437,12.917508759231339,12.895153818552176,12.872688644943509,12.850112004246817,12.82742264055528,12.804619275690179,12.781700608661339,12.75866531511101,12.735512046740634,12.712239430719755,12.688846069076531,12.665330538069053,12.641691387536804,12.617927140231473,12.594036291126365,12.57001730670353,12.545868624217807,12.521588650936863,12.497175763356246,12.472628306388554,12.44794459252558,12.423122900972487,12.398161476752765,12.373058529782876,12.347812233915327,12.32242072594888,12.29688210460456,12.27119442946602,12.245355719882845,12.219363953835183,12.193217066758084,12.166912950323907,12.140449451180935,12.11382436964637,12.087035458351735,12.060080420838652,12.032956910102772,12.005662527083695,11.978194819098409,11.950551278215821,11.922729339569738,11.89472637960756,11.866539714271825,11.838166597111533,11.809604217320137,11.780849697696832,11.75190009252765,11.72275238538271,11.693403486825733,11.663850232031823,11.634089378309229,11.604117602520672,11.573931498399531,11.543527573756021,11.512902247568205,11.48205184695246,11.450972604007813,11.419660652528155,11.38811202457625,11.35632264691306,11.324288337275668,11.292004800496748,11.25946762445836,11.226672275872373,11.193614095879747,11.160288295460429,11.126689950645495,11.092813997522907,11.058655227027899,11.024208279509061,10.989467639060832,10.95442762761318,10.91908239876918,10.883425931381364,10.84745202285788,10.811154282189982,10.774526122692782,10.737560754452275,10.700251176472458,10.662590168518102,10.624570282650506,10.586183834456063,10.54742289397066,10.508279276306812,10.468744531995476,10.428809937060645,10.388466482852573,10.34770486567502,10.306515476253873,10.26488838910905,10.222813351909883,10.180279774916581,10.137276720638129,10.093792893871392,10.049816632328778,10.010689811272067,9.992932628340887,9.958902108753403,9.921132317971566,9.87768108991314,9.832036747419185,9.786605535704215,9.739189415472078,9.696646290703887,9.647320115958385,9.600610483972975,9.548701795402128,9.503794804697153,9.45179699732702,9.401256250203712,9.349174110272642,9.298253442078726,9.246385571092747,9.192404839764,9.140429193780616,9.085207215952915,9.0312138167126,8.973931706014913,8.919667260727158,8.862970580900468,8.805133566473552,8.745665776290744,8.686755962817683,8.62956046095943,8.569552938985343,8.512745244394026,8.449754147332907,8.38853697348315,8.32751033718649,8.263372332043657,8.203132461556228,8.137193638422836,8.074482234825595,8.012811506680663,7.948636370095596,7.882638168665324,7.819222852997593,7.758380479551565,7.714419008192121,7.68753347704272]
MinStrategy is: [87, 87, 107, 118, 132, 141] + pump(44,164,23) , ['87 * 2 (-0.041650) , cost = 450.0072 s', '107 * 1 (-0.038030) , cost = 505.2328 s', '118 * 1 (-0.036096) , cost = 1450.9726 s', '132 * 1 (-0.034492) , cost = 39974.8380 s', '141 * 1 (-0.033500) , cost = 307623.1534 s'] + pump(44,164,23)
[87,87,107,118,132,141]
Time cost for pnj-BKZ = 97.22 h,
Time cost for pump = 496.01 h,
Total time cost = 593.23 h.
