New Strategy:
n = 45, alpha = 0.03, q = 2027, jump = 1, goal_margin = 1.50, MAX_TIME = inf h
[15.228624292904, 15.228624292904, 15.228624292904, 15.228624292904, 15.228624292904, 15.228624292904, 15.228624292904, 15.228624292904, 15.228624292904, 15.228624292904, 15.228624292904, 15.228624292904, 15.228624292904, 15.228624292904, 15.228624292904, 15.228624292904, 15.228624292904, 15.228624292904, 15.228624292904, 15.228624292904, 15.228624292904, 15.228624292904, 15.228624292904, 15.228624292904, 15.228624292904, 15.228624292904, 15.228624292904, 15.228624292904, 15.228624292904, 15.228624292904, 15.228624292904, 15.228624292904, 15.228624292904, 15.228624292904, 15.228624292904, 15.228624292904, 15.228624292904, 15.228624292904, 15.228624292904, 15.228624292904, 15.228624292904, 15.228624292904, 15.228624292904, 15.228624292904, 15.228624292904, 15.228624292904, 15.228624292904, 15.228624292904, 15.228624292904, 15.228624292904, 15.228624292904, 15.228624292904, 15.228624292904, 15.228624292904, 15.228624292904, 15.228624292904, 15.228624292904, 15.228624292904, 15.228624292904, 15.228624292904, 15.228624292904, 15.228624292904, 15.228624292904, 15.228624292904, 15.228624292904, 15.228624292904, 15.228624292904, 15.228624292904, 15.228624292904, 15.228624292904, 15.228624292904, 15.228624292904, 15.228624292904, 15.228624292904, 15.228624292904, 15.228624292904, 15.138860859450313, 14.95597283438356, 15.080480010417126, 14.950228856698335, 14.956583708662649, 14.944319609826591, 14.846509522053664, 14.784923363326508, 14.771529100333177, 14.723440088561123, 14.607449547529457, 14.658126861147691, 14.677512435861772, 14.656339235518741, 14.509601244083113, 14.316534403121398, 14.240547168524648, 14.327719075626893, 14.077085860465544, 14.045577274773233, 14.060508717014786, 13.96373104348511, 13.844983275860184, 13.783683389453598, 13.685847315800801, 13.607395345461907, 13.592637415080885, 13.606424689932366, 13.441306646698566, 13.237530009338151, 13.034082046683414, 12.973424283929269, 12.741823932234423, 12.647559332657844, 12.76616755333533, 12.767173890145067, 12.533194845414004, 12.354991026006577, 12.17014659717896, 12.055766497276705, 11.951758661102517, 11.960099707836179, 11.810130353653705, 11.853496647535692, 11.944931409662148, 11.731207736289807, 11.670025423640677, 11.843437519961942, 11.618559295111224, 11.577141137243418, 11.414572406735683, 11.291747771868927, 11.072037422859953, 10.873568393205302, 10.663999812366441, 10.840078916512521, 10.770258579193094, 10.680892114641454, 10.394628633932756, 10.454272791944401, 10.25465077765295, 10.316353613314245, 10.163553577974772, 10.08003528486707, 9.935905648288069, 9.945198300443588, 9.675720449538773, 9.680497276304624, 9.629123353597286, 9.706831310251541, 9.55873046897834, 9.462537596319734, 9.669389408019455, 9.526957989546423, 9.40269207687382, 9.232507614825751, 9.35023077247151, 9.104573394907746, 9.157606795993535, 8.959351869513695, 8.961533447983847, 8.790642504086854, 8.534518099369965, 8.338544902152439, 8.411467545598342, 8.268031653154232, 8.139687681260344, 8.06322761167829, 8.007532016333185, 7.892970095701143, 7.890559529242084, 7.802312463628545, 7.617642477441846, 7.43128210761047, 7.638320153189683, 7.555665017239678, 7.451779964088309, 7.273120682821576, 7.33658664010303, 7.437041956326477, 7.3040670503910725, 7.185086347232211, 7.06477670423811, 6.881374377878919, 6.695486377662111, 6.5969596008211004, 6.674525671416071, 6.502020030995036, 6.42869459227035, 6.184618523114064, 6.176010272192017, 6.054213228785762, 6.108675897623695, 5.968344889249466, 5.792784135147478, 5.6159145048694254, 5.583083160003983, 5.420629675326157, 5.637253931089058, 5.592110026211134, 5.353180520130667, 5.234636833446437, 5.099603541425479, 5.268494377380879, 5.065333809183189, 5.012987152668847, 5.07010057754887, 4.962964546545119, 4.7699411253528785, 4.786957227349449, 4.9387863914439105, 4.886155234849392, 4.765063848532284]
Blocksize strategy selection process: -0.056617 --> -0.056617, len_BS = 1
Blocksize strategy selection process: -0.046090 --> -0.029809, len_BS = 117
Blocksize strategy selection process: -0.045907 --> -0.029807, len_BS = 197
Blocksize strategy selection process: -0.045725 --> -0.029807, len_BS = 265
Blocksize strategy selection process: -0.045542 --> -0.029807, len_BS = 332
Blocksize strategy selection process: -0.045360 --> -0.029807, len_BS = 383
Blocksize strategy selection process: -0.041520 --> -0.029807, len_BS = 447
Blocksize strategy selection process: -0.041399 --> -0.029807, len_BS = 491
Blocksize strategy selection process: -0.041325 --> -0.029807, len_BS = 546
Blocksize strategy selection process: -0.041279 --> -0.029807, len_BS = 595
Blocksize strategy selection process: -0.041205 --> -0.029807, len_BS = 653
Blocksize strategy selection process: -0.041157 --> -0.029807, len_BS = 696
Blocksize strategy selection process: -0.041133 --> -0.029807, len_BS = 742
Blocksize strategy selection process: -0.041086 --> -0.029807, len_BS = 742
Blocksize strategy selection process: -0.041036 --> -0.029807, len_BS = 784
Blocksize strategy selection process: -0.041014 --> -0.029807, len_BS = 830
Blocksize strategy selection process: -0.040965 --> -0.029807, len_BS = 830
Blocksize strategy selection process: -0.039047 --> -0.029807, len_BS = 876
Blocksize strategy selection process: -0.038995 --> -0.029807, len_BS = 807
Blocksize strategy selection process: -0.038922 --> -0.029807, len_BS = 841
Blocksize strategy selection process: -0.038869 --> -0.029807, len_BS = 887
Blocksize strategy selection process: -0.038818 --> -0.029807, len_BS = 922
Blocksize strategy selection process: -0.037949 --> -0.029807, len_BS = 962
Blocksize strategy selection process: -0.037913 --> -0.029807, len_BS = 999
Blocksize strategy selection process: -0.037897 --> -0.029807, len_BS = 1026
Blocksize strategy selection process: -0.037843 --> -0.029807, len_BS = 1041
Blocksize strategy selection process: -0.037809 --> -0.029807, len_BS = 1084
Blocksize strategy selection process: -0.037793 --> -0.029807, len_BS = 1113
Blocksize strategy selection process: -0.037738 --> -0.029807, len_BS = 1128
Blocksize strategy selection process: -0.036887 --> -0.029807, len_BS = 1174
Blocksize strategy selection process: -0.036858 --> -0.029807, len_BS = 1128
Blocksize strategy selection process: -0.036845 --> -0.029807, len_BS = 1156
Blocksize strategy selection process: -0.036830 --> -0.029807, len_BS = 1186
Blocksize strategy selection process: -0.036816 --> -0.029807, len_BS = 1215
Blocksize strategy selection process: -0.036801 --> -0.029807, len_BS = 1236
Blocksize strategy selection process: -0.036788 --> -0.029807, len_BS = 1265
Blocksize strategy selection process: -0.036772 --> -0.029807, len_BS = 1295
Blocksize strategy selection process: -0.036759 --> -0.029807, len_BS = 1320
Blocksize strategy selection process: -0.036325 --> -0.029807, len_BS = 1349
Blocksize strategy selection process: -0.036315 --> -0.029807, len_BS = 1303
Blocksize strategy selection process: -0.036298 --> -0.029807, len_BS = 1329
Blocksize strategy selection process: -0.036288 --> -0.029807, len_BS = 1359
Blocksize strategy selection process: -0.036279 --> -0.029807, len_BS = 1384
Blocksize strategy selection process: -0.036132 --> -0.029807, len_BS = 1415
Blocksize strategy selection process: -0.036126 --> -0.029807, len_BS = 1402
Blocksize strategy selection process: -0.036123 --> -0.029807, len_BS = 1423
Blocksize strategy selection process: -0.036109 --> -0.029807, len_BS = 1434
Blocksize strategy selection process: -0.036103 --> -0.029807, len_BS = 1472
Blocksize strategy selection process: -0.036100 --> -0.029807, len_BS = 1495
Blocksize strategy selection process: -0.036040 --> -0.029807, len_BS = 1505
Blocksize strategy selection process: -0.036035 --> -0.029807, len_BS = 1550
Blocksize strategy selection process: -0.036032 --> -0.029807, len_BS = 1578
Blocksize strategy selection process: -0.036018 --> -0.029807, len_BS = 1587
Blocksize strategy selection process: -0.036012 --> -0.029807, len_BS = 1629
Blocksize strategy selection process: -0.036009 --> -0.029807, len_BS = 1651
Blocksize strategy selection process: -0.035995 --> -0.029807, len_BS = 1664
Blocksize strategy selection process: -0.035905 --> -0.029807, len_BS = 1703
Blocksize strategy selection process: -0.035900 --> -0.029807, len_BS = 1756
Blocksize strategy selection process: -0.035898 --> -0.029807, len_BS = 1771
Blocksize strategy selection process: -0.035896 --> -0.029807, len_BS = 1778
Blocksize strategy selection process: -0.035893 --> -0.029807, len_BS = 1784
Blocksize strategy selection process: -0.035891 --> -0.029807, len_BS = 1794
Blocksize strategy selection process: -0.035888 --> -0.029807, len_BS = 1808
Blocksize strategy selection process: -0.035886 --> -0.029807, len_BS = 1815
Blocksize strategy selection process: -0.035884 --> -0.029807, len_BS = 1825
Blocksize strategy selection process: -0.035804 --> -0.029807, len_BS = 1832
Blocksize strategy selection process: -0.035802 --> -0.029807, len_BS = 1868
Blocksize strategy selection process: -0.035731 --> -0.029807, len_BS = 1883
Blocksize strategy selection process: -0.035726 --> -0.029807, len_BS = 1920
Blocksize strategy selection process: -0.035724 --> -0.029807, len_BS = 1963
Blocksize strategy selection process: -0.035722 --> -0.029807, len_BS = 1968
Blocksize strategy selection process: -0.035720 --> -0.029807, len_BS = 1975
Blocksize strategy selection process: -0.035719 --> -0.029807, len_BS = 1975
Blocksize strategy selection process: -0.035694 --> -0.029807, len_BS = 1975
Blocksize strategy selection process: -0.035693 --> -0.029807, len_BS = 2005
Blocksize strategy selection process: -0.035691 --> -0.029807, len_BS = 2007
Blocksize strategy selection process: -0.035690 --> -0.029807, len_BS = 2010
Blocksize strategy selection process: -0.035689 --> -0.029807, len_BS = 2015
Blocksize strategy selection process: -0.035640 --> -0.029807, len_BS = 2018
Blocksize strategy selection process: -0.035639 --> -0.029807, len_BS = 2049
Blocksize strategy selection process: -0.035636 --> -0.029807, len_BS = 2055
Blocksize strategy selection process: -0.035634 --> -0.029807, len_BS = 2064
Blocksize strategy selection process: -0.035633 --> -0.029807, len_BS = 2072
Blocksize strategy selection process: -0.035609 --> -0.029807, len_BS = 2073
Blocksize strategy selection process: -0.035608 --> -0.029807, len_BS = 2117
Blocksize strategy selection process: -0.035606 --> -0.029807, len_BS = 2119
Blocksize strategy selection process: -0.035605 --> -0.029807, len_BS = 2126
Blocksize strategy selection process: -0.035604 --> -0.029807, len_BS = 2131
Blocksize strategy selection process: -0.035554 --> -0.029807, len_BS = 2131
Blocksize strategy selection process: -0.035553 --> -0.029807, len_BS = 2152
Blocksize strategy selection process: -0.035550 --> -0.029807, len_BS = 2156
Blocksize strategy selection process: -0.035549 --> -0.029807, len_BS = 2161
Blocksize strategy selection process: -0.035547 --> -0.029807, len_BS = 2169
Blocksize strategy selection process: -0.035524 --> -0.029807, len_BS = 2169
Blocksize strategy selection process: -0.035523 --> -0.029807, len_BS = 2197
Blocksize strategy selection process: -0.035521 --> -0.029807, len_BS = 2197
Blocksize strategy selection process: -0.035520 --> -0.029807, len_BS = 2205
Blocksize strategy selection process: -0.035519 --> -0.029807, len_BS = 2206
Blocksize strategy selection process: -0.035468 --> -0.029807, len_BS = 2206
Blocksize strategy selection process: -0.035467 --> -0.029807, len_BS = 2218
Blocksize strategy selection process: -0.035464 --> -0.029807, len_BS = 2224
Blocksize strategy selection process: -0.035462 --> -0.029807, len_BS = 2231
Blocksize strategy selection process: -0.035461 --> -0.029807, len_BS = 2233
Blocksize strategy selection process: -0.035439 --> -0.029807, len_BS = 2237
Blocksize strategy selection process: -0.035438 --> -0.029807, len_BS = 2271
Blocksize strategy selection process: -0.035437 --> -0.029807, len_BS = 2273
Blocksize strategy selection process: -0.035435 --> -0.029807, len_BS = 2275
Blocksize strategy selection process: -0.035434 --> -0.029807, len_BS = 2279
Blocksize strategy selection process: -0.035381 --> -0.029807, len_BS = 2279
Blocksize strategy selection process: -0.035380 --> -0.029807, len_BS = 2295
Blocksize strategy selection process: -0.035377 --> -0.029807, len_BS = 2298
Blocksize strategy selection process: -0.035376 --> -0.029807, len_BS = 2303
Blocksize strategy selection process: -0.035374 --> -0.029807, len_BS = 2306
Blocksize strategy selection process: -0.035352 --> -0.029807, len_BS = 2311
Blocksize strategy selection process: -0.035351 --> -0.029807, len_BS = 2345
Blocksize strategy selection process: -0.035349 --> -0.029807, len_BS = 2346
Blocksize strategy selection process: -0.035348 --> -0.029807, len_BS = 2353
Blocksize strategy selection process: -0.035294 --> -0.029807, len_BS = 2354
Blocksize strategy selection process: -0.035293 --> -0.029807, len_BS = 2361
Blocksize strategy selection process: -0.035290 --> -0.029807, len_BS = 2365
Blocksize strategy selection process: -0.035289 --> -0.029807, len_BS = 2370
Blocksize strategy selection process: -0.035287 --> -0.029807, len_BS = 2373
Blocksize strategy selection process: -0.035266 --> -0.029807, len_BS = 2374
Blocksize strategy selection process: -0.035265 --> -0.029807, len_BS = 2404
Blocksize strategy selection process: -0.035264 --> -0.029807, len_BS = 2404
Blocksize strategy selection process: -0.035262 --> -0.029807, len_BS = 2404
Blocksize strategy selection process: -0.035261 --> -0.029807, len_BS = 2407
Blocksize strategy selection process: -0.035249 --> -0.029807, len_BS = 2411
Blocksize strategy selection process: -0.035248 --> -0.029807, len_BS = 2438
Blocksize strategy selection process: -0.035246 --> -0.029807, len_BS = 2440
Blocksize strategy selection process: -0.035245 --> -0.029807, len_BS = 2445
Blocksize strategy selection process: -0.035244 --> -0.029807, len_BS = 2446
Blocksize strategy selection process: -0.035242 --> -0.029807, len_BS = 2447
Blocksize strategy selection process: -0.035233 --> -0.029807, len_BS = 2451
Blocksize strategy selection process: -0.035232 --> -0.029807, len_BS = 2471
Blocksize strategy selection process: -0.035231 --> -0.029807, len_BS = 2475
Blocksize strategy selection process: -0.035230 --> -0.029807, len_BS = 2475
Blocksize strategy selection process: -0.035179 --> -0.029807, len_BS = 2475
Blocksize strategy selection process: -0.035178 --> -0.029807, len_BS = 2487
Blocksize strategy selection process: -0.035176 --> -0.029807, len_BS = 2489
Blocksize strategy selection process: -0.035175 --> -0.029807, len_BS = 2498
Blocksize strategy selection process: -0.035119 --> -0.029807, len_BS = 2499
Blocksize strategy selection process: -0.035114 --> -0.029807, len_BS = 2513
Blocksize strategy selection process: -0.035011 --> -0.029807, len_BS = 2525
Blocksize strategy selection process: -0.035009 --> -0.029807, len_BS = 2499
Blocksize strategy selection process: -0.035007 --> -0.029807, len_BS = 2502
Blocksize strategy selection process: -0.035005 --> -0.029807, len_BS = 2504
Blocksize strategy selection process: -0.034924 --> -0.029807, len_BS = 2510
Blocksize strategy selection process: -0.034922 --> -0.029807, len_BS = 2484
Blocksize strategy selection process: -0.034920 --> -0.029807, len_BS = 2488
Blocksize strategy selection process: -0.034918 --> -0.029807, len_BS = 2490
Blocksize strategy selection process: -0.034837 --> -0.029807, len_BS = 2496
Blocksize strategy selection process: -0.034833 --> -0.029807, len_BS = 2491
Blocksize strategy selection process: -0.034832 --> -0.029807, len_BS = 2503
Blocksize strategy selection process: -0.034734 --> -0.029807, len_BS = 2506
Blocksize strategy selection process: -0.034732 --> -0.029807, len_BS = 2492
Blocksize strategy selection process: -0.034675 --> -0.029807, len_BS = 2495
Blocksize strategy selection process: -0.034672 --> -0.029807, len_BS = 2504
Blocksize strategy selection process: -0.034586 --> -0.029807, len_BS = 2512
Blocksize strategy selection process: -0.034583 --> -0.029807, len_BS = 2508
Blocksize strategy selection process: -0.034582 --> -0.029807, len_BS = 2513
Blocksize strategy selection process: -0.034549 --> -0.029807, len_BS = 2517
Blocksize strategy selection process: -0.034548 --> -0.029807, len_BS = 2542
Blocksize strategy selection process: -0.034547 --> -0.029807, len_BS = 2542
Blocksize strategy selection process: -0.034546 --> -0.029807, len_BS = 2542
Blocksize strategy selection process: -0.034545 --> -0.029807, len_BS = 2545
Blocksize strategy selection process: -0.034494 --> -0.029807, len_BS = 2547
Blocksize strategy selection process: -0.034474 --> -0.029807, len_BS = 2552
Blocksize strategy selection process: -0.034460 --> -0.029807, len_BS = 2570
Blocksize strategy selection process: -0.034459 --> -0.029807, len_BS = 2588
Blocksize strategy selection process: -0.034447 --> -0.029807, len_BS = 2589
Blocksize strategy selection process: -0.034446 --> -0.029807, len_BS = 2605
Blocksize strategy selection process: -0.034445 --> -0.029807, len_BS = 2605
Blocksize strategy selection process: -0.034385 --> -0.029807, len_BS = 2607
Blocksize strategy selection process: -0.034366 --> -0.029807, len_BS = 2608
Blocksize strategy selection process: -0.034295 --> -0.029807, len_BS = 2624
Blocksize strategy selection process: -0.034282 --> -0.029807, len_BS = 2623
Blocksize strategy selection process: -0.034255 --> -0.029807, len_BS = 2638
Blocksize strategy selection process: -0.034245 --> -0.029807, len_BS = 2657
Blocksize strategy selection process: -0.034243 --> -0.029807, len_BS = 2669
Blocksize strategy selection process: -0.034234 --> -0.029807, len_BS = 2672
Blocksize strategy selection process: -0.034231 --> -0.029807, len_BS = 2688
Blocksize strategy selection process: -0.034222 --> -0.029807, len_BS = 2693
Blocksize strategy selection process: -0.034221 --> -0.029807, len_BS = 2704
Blocksize strategy selection process: -0.034219 --> -0.029807, len_BS = 2705
Blocksize strategy selection process: -0.034210 --> -0.029807, len_BS = 2707
Blocksize strategy selection process: -0.034209 --> -0.029807, len_BS = 2723
Blocksize strategy selection process: -0.034197 --> -0.029807, len_BS = 2723
Blocksize strategy selection process: -0.034194 --> -0.029807, len_BS = 2740
Blocksize strategy selection process: -0.034185 --> -0.029807, len_BS = 2744
Blocksize strategy selection process: -0.034184 --> -0.029807, len_BS = 2753
Blocksize strategy selection process: -0.034182 --> -0.029807, len_BS = 2753
Blocksize strategy selection process: -0.034181 --> -0.029807, len_BS = 2759
Blocksize strategy selection process: -0.034131 --> -0.029807, len_BS = 2759
Blocksize strategy selection process: -0.034130 --> -0.029807, len_BS = 2767
Blocksize strategy selection process: -0.034122 --> -0.029807, len_BS = 2767
Blocksize strategy selection process: -0.034119 --> -0.029807, len_BS = 2775
Blocksize strategy selection process: -0.034014 --> -0.029807, len_BS = 2780
Blocksize strategy selection process: -0.034010 --> -0.029807, len_BS = 2761
Blocksize strategy selection process: -0.033830 --> -0.029807, len_BS = 2762
Blocksize strategy selection process: -0.033828 --> -0.029807, len_BS = 2724
Blocksize strategy selection process: -0.033827 --> -0.029807, len_BS = 2725
Blocksize strategy selection process: -0.033826 --> -0.029807, len_BS = 2728
Blocksize strategy selection process: -0.033740 --> -0.029807, len_BS = 2731
Blocksize strategy selection process: -0.033688 --> -0.029807, len_BS = 2735
Blocksize strategy selection process: -0.033687 --> -0.029807, len_BS = 2744
Blocksize strategy selection process: -0.033685 --> -0.029807, len_BS = 2745
Blocksize strategy selection process: -0.033684 --> -0.029807, len_BS = 2731
Blocksize strategy selection process: -0.033682 --> -0.029807, len_BS = 2731
Blocksize strategy selection process: -0.033681 --> -0.029807, len_BS = 2731
Blocksize strategy selection process: -0.033674 --> -0.029807, len_BS = 2731
Blocksize strategy selection process: -0.033673 --> -0.029807, len_BS = 2731
Blocksize strategy selection process: -0.033671 --> -0.029807, len_BS = 2731
Blocksize strategy selection process: -0.033615 --> -0.029807, len_BS = 2731
Blocksize strategy selection process: -0.033614 --> -0.029807, len_BS = 2738
Blocksize strategy selection process: -0.033604 --> -0.029807, len_BS = 2738
Blocksize strategy selection process: -0.033596 --> -0.029807, len_BS = 2746
Blocksize strategy selection process: -0.033595 --> -0.029807, len_BS = 2750
Blocksize strategy selection process: -0.033590 --> -0.029807, len_BS = 2749
Blocksize strategy selection process: -0.033589 --> -0.029807, len_BS = 2750
Blocksize strategy selection process: -0.033488 --> -0.029807, len_BS = 2750
Blocksize strategy selection process: -0.033486 --> -0.029807, len_BS = 2734
Blocksize strategy selection process: -0.033485 --> -0.029807, len_BS = 2736
Blocksize strategy selection process: -0.033476 --> -0.029807, len_BS = 2737
Blocksize strategy selection process: -0.033363 --> -0.029807, len_BS = 2742
Blocksize strategy selection process: -0.033359 --> -0.029807, len_BS = 2741
Blocksize strategy selection process: -0.033324 --> -0.029807, len_BS = 2744
Blocksize strategy selection process: -0.033264 --> -0.029807, len_BS = 2757
Blocksize strategy selection process: -0.033246 --> -0.029807, len_BS = 2767
Blocksize strategy selection process: -0.033243 --> -0.029807, len_BS = 2782
Blocksize strategy selection process: -0.033176 --> -0.029807, len_BS = 2783
Blocksize strategy selection process: -0.033174 --> -0.029807, len_BS = 2793
Blocksize strategy selection process: -0.033173 --> -0.029807, len_BS = 2796
Blocksize strategy selection process: -0.033079 --> -0.029807, len_BS = 2796
Blocksize strategy selection process: -0.033050 --> -0.029807, len_BS = 2800
Blocksize strategy selection process: -0.032993 --> -0.029807, len_BS = 2808
Blocksize strategy selection process: -0.032967 --> -0.029807, len_BS = 2818
Blocksize strategy selection process: -0.032966 --> -0.029807, len_BS = 2825
Blocksize strategy selection process: -0.032960 --> -0.029807, len_BS = 2821
Blocksize strategy selection process: -0.032959 --> -0.029807, len_BS = 2821
Blocksize strategy selection process: -0.032957 --> -0.029807, len_BS = 2821
Blocksize strategy selection process: -0.032956 --> -0.029807, len_BS = 2821
Blocksize strategy selection process: -0.032955 --> -0.029807, len_BS = 2821
Blocksize strategy selection process: -0.032954 --> -0.029807, len_BS = 2821
Blocksize strategy selection process: -0.032953 --> -0.029807, len_BS = 2821
Blocksize strategy selection process: -0.032952 --> -0.029807, len_BS = 2821
Blocksize strategy selection process: -0.032951 --> -0.029807, len_BS = 2821
Blocksize strategy selection process: -0.032899 --> -0.029807, len_BS = 2821
Blocksize strategy selection process: -0.032894 --> -0.029807, len_BS = 2830
Blocksize strategy selection process: -0.032796 --> -0.029807, len_BS = 2833
Blocksize strategy selection process: -0.032722 --> -0.029807, len_BS = 2836
Blocksize strategy selection process: -0.032576 --> -0.029807, len_BS = 2843
Blocksize strategy selection process: -0.032539 --> -0.029807, len_BS = 2837
Blocksize strategy selection process: -0.032489 --> -0.029807, len_BS = 2845
Blocksize strategy selection process: -0.032488 --> -0.029807, len_BS = 2851
Blocksize strategy selection process: -0.032455 --> -0.029807, len_BS = 2852
Blocksize strategy selection process: -0.032454 --> -0.029807, len_BS = 2858
Blocksize strategy selection process: -0.032452 --> -0.029807, len_BS = 2858
Blocksize strategy selection process: -0.032443 --> -0.029807, len_BS = 2858
Blocksize strategy selection process: -0.032437 --> -0.029807, len_BS = 2858
Blocksize strategy selection process: -0.032339 --> -0.029807, len_BS = 2859
Blocksize strategy selection process: -0.032335 --> -0.029807, len_BS = 2865
Blocksize strategy selection process: -0.032329 --> -0.029807, len_BS = 2867
Blocksize strategy selection process: -0.032322 --> -0.029807, len_BS = 2868
Blocksize strategy selection process: -0.032270 --> -0.029807, len_BS = 2869
Blocksize strategy selection process: -0.032269 --> -0.029807, len_BS = 2876
Blocksize strategy selection process: -0.032265 --> -0.029807, len_BS = 2877
Blocksize strategy selection process: -0.032173 --> -0.029807, len_BS = 2877
Blocksize strategy selection process: -0.032162 --> -0.029807, len_BS = 2883
Blocksize strategy selection process: -0.032161 --> -0.029807, len_BS = 2884
Blocksize strategy selection process: -0.032110 --> -0.029807, len_BS = 2884
Blocksize strategy selection process: -0.032066 --> -0.029807, len_BS = 2888
Blocksize strategy selection process: -0.032065 --> -0.029807, len_BS = 2893
Blocksize strategy selection process: -0.032064 --> -0.029807, len_BS = 2895
Blocksize strategy selection process: -0.032010 --> -0.029807, len_BS = 2895
Blocksize strategy selection process: -0.032009 --> -0.029807, len_BS = 2901
Blocksize strategy selection process: -0.031983 --> -0.029807, len_BS = 2901
Blocksize strategy selection process: -0.031972 --> -0.029807, len_BS = 2903
Blocksize strategy selection process: -0.031875 --> -0.029807, len_BS = 2903
Blocksize strategy selection process: -0.031861 --> -0.029807, len_BS = 2906
Blocksize strategy selection process: -0.031860 --> -0.029807, len_BS = 2910
Blocksize strategy selection process: -0.031850 --> -0.029807, len_BS = 2910
Blocksize strategy selection process: -0.031841 --> -0.029807, len_BS = 2913
Blocksize strategy selection process: -0.031840 --> -0.029807, len_BS = 2913
Blocksize strategy selection process: -0.031827 --> -0.029807, len_BS = 2913
Blocksize strategy selection process: -0.031736 --> -0.029807, len_BS = 2915
Blocksize strategy selection process: -0.031735 --> -0.029807, len_BS = 2921
Blocksize strategy selection process: -0.031723 --> -0.029807, len_BS = 2921
Blocksize strategy selection process: -0.031585 --> -0.029807, len_BS = 2924
Blocksize strategy selection process: -0.031581 --> -0.029807, len_BS = 2931
Blocksize strategy selection process: -0.031536 --> -0.029807, len_BS = 2932
Blocksize strategy selection process: -0.031533 --> -0.029807, len_BS = 2935
Blocksize strategy selection process: -0.031508 --> -0.029807, len_BS = 2935
Blocksize strategy selection process: -0.031507 --> -0.029807, len_BS = 2937
Blocksize strategy selection process: -0.031463 --> -0.029807, len_BS = 2937
Blocksize strategy selection process: -0.031460 --> -0.029807, len_BS = 2941
Blocksize strategy selection process: -0.031391 --> -0.029807, len_BS = 2941
Blocksize strategy selection process: -0.031390 --> -0.029807, len_BS = 2943
Blocksize strategy selection process: -0.031367 --> -0.029807, len_BS = 2943
Blocksize strategy selection process: -0.031320 --> -0.029807, len_BS = 2943
Blocksize strategy selection process: -0.031250 --> -0.029807, len_BS = 2951
Blocksize strategy selection process: -0.031184 --> -0.029807, len_BS = 2953
Blocksize strategy selection process: -0.031116 --> -0.029807, len_BS = 2955
Blocksize strategy selection process: -0.031103 --> -0.029807, len_BS = 2959
Blocksize strategy selection process: -0.031086 --> -0.029807, len_BS = 2959
Blocksize strategy selection process: -0.031076 --> -0.029807, len_BS = 2959
Blocksize strategy selection process: -0.031062 --> -0.029807, len_BS = 2959
Blocksize strategy selection process: -0.031025 --> -0.029807, len_BS = 2960
Blocksize strategy selection process: -0.031024 --> -0.029807, len_BS = 2960
Blocksize strategy selection process: -0.031016 --> -0.029807, len_BS = 2960
Blocksize strategy selection process: -0.031013 --> -0.029807, len_BS = 2960
Blocksize strategy selection process: -0.031011 --> -0.029807, len_BS = 2960
Blocksize strategy selection process: -0.031009 --> -0.029807, len_BS = 2960
Blocksize strategy selection process: -0.031007 --> -0.029807, len_BS = 2960
Blocksize strategy selection process: -0.031002 --> -0.029807, len_BS = 2960
Blocksize strategy selection process: -0.030967 --> -0.029807, len_BS = 2960
Blocksize strategy selection process: -0.030792 --> -0.029807, len_BS = 2960
Blocksize strategy selection process: -0.030734 --> -0.029807, len_BS = 2965
Blocksize strategy selection process: -0.030690 --> -0.029807, len_BS = 2966
Blocksize strategy selection process: -0.030689 --> -0.029807, len_BS = 2967
Blocksize strategy selection process: -0.030688 --> -0.029807, len_BS = 2967
Blocksize strategy selection process: -0.030681 --> -0.029807, len_BS = 2967
Blocksize strategy selection process: -0.030680 --> -0.029807, len_BS = 2967
Blocksize strategy selection process: -0.030678 --> -0.029807, len_BS = 2967
Blocksize strategy selection process: -0.030677 --> -0.029807, len_BS = 2967
Blocksize strategy selection process: -0.030676 --> -0.029807, len_BS = 2967
Blocksize strategy selection process: -0.030675 --> -0.029807, len_BS = 2967
Blocksize strategy selection process: -0.030674 --> -0.029807, len_BS = 2967
Blocksize strategy selection process: -0.030672 --> -0.029807, len_BS = 2967
Blocksize strategy selection process: -0.030671 --> -0.029807, len_BS = 2967
Blocksize strategy selection process: -0.030670 --> -0.029807, len_BS = 2967
Blocksize strategy selection process: -0.030669 --> -0.029807, len_BS = 2967
Blocksize strategy selection process: -0.030668 --> -0.029807, len_BS = 2967
Blocksize strategy selection process: -0.030667 --> -0.029807, len_BS = 2967
Blocksize strategy selection process: -0.030665 --> -0.029807, len_BS = 2967
Blocksize strategy selection process: -0.030634 --> -0.029807, len_BS = 2967
Blocksize strategy selection process: -0.030618 --> -0.029807, len_BS = 2967
Blocksize strategy selection process: -0.030616 --> -0.029807, len_BS = 2967
Blocksize strategy selection process: -0.030610 --> -0.029807, len_BS = 2967
Blocksize strategy selection process: -0.030573 --> -0.029807, len_BS = 2967
Blocksize strategy selection process: -0.030569 --> -0.029807, len_BS = 2967
Blocksize strategy selection process: -0.030560 --> -0.029807, len_BS = 2967
Blocksize strategy selection process: -0.030528 --> -0.029807, len_BS = 2967
Blocksize strategy selection process: -0.030517 --> -0.029807, len_BS = 2968
Blocksize strategy selection process: -0.030514 --> -0.029807, len_BS = 2968
Blocksize strategy selection process: -0.030508 --> -0.029807, len_BS = 2968
Blocksize strategy selection process: -0.030495 --> -0.029807, len_BS = 2968
Blocksize strategy selection process: -0.030494 --> -0.029807, len_BS = 2969
Blocksize strategy selection process: -0.030493 --> -0.029807, len_BS = 2969
Blocksize strategy selection process: -0.030492 --> -0.029807, len_BS = 2969
Blocksize strategy selection process: -0.030491 --> -0.029807, len_BS = 2969
Blocksize strategy selection process: -0.030490 --> -0.029807, len_BS = 2970
Blocksize strategy selection process: -0.030489 --> -0.029807, len_BS = 2970
Blocksize strategy selection process: -0.030487 --> -0.029807, len_BS = 2970
Blocksize strategy selection process: -0.030485 --> -0.029807, len_BS = 2970
Blocksize strategy selection process: -0.030458 --> -0.029807, len_BS = 2970
Blocksize strategy selection process: -0.030450 --> -0.029807, len_BS = 2971
Blocksize strategy selection process: -0.030449 --> -0.029807, len_BS = 2971
Blocksize strategy selection process: -0.030448 --> -0.029807, len_BS = 2972
Blocksize strategy selection process: -0.030447 --> -0.029807, len_BS = 2972
Blocksize strategy selection process: -0.030446 --> -0.029807, len_BS = 2972
Blocksize strategy selection process: -0.030445 --> -0.029807, len_BS = 2972
Blocksize strategy selection process: -0.030444 --> -0.029807, len_BS = 2972
Blocksize strategy selection process: -0.030443 --> -0.029807, len_BS = 2972
Blocksize strategy selection process: -0.030442 --> -0.029807, len_BS = 2972
Blocksize strategy selection process: -0.030441 --> -0.029807, len_BS = 2972
Blocksize strategy selection process: -0.030440 --> -0.029807, len_BS = 2972
Blocksize strategy selection process: -0.030413 --> -0.029807, len_BS = 2972
Blocksize strategy selection process: -0.030381 --> -0.029807, len_BS = 2972
Blocksize strategy selection process: -0.030348 --> -0.029807, len_BS = 2973
Blocksize strategy selection process: -0.030347 --> -0.029807, len_BS = 2973
Blocksize strategy selection process: -0.030346 --> -0.029807, len_BS = 2973
Blocksize strategy selection process: -0.030345 --> -0.029807, len_BS = 2973
Blocksize strategy selection process: -0.030344 --> -0.029807, len_BS = 2973
Blocksize strategy selection process: -0.030320 --> -0.029807, len_BS = 2973
Blocksize strategy selection process: -0.030316 --> -0.029807, len_BS = 2973
Blocksize strategy selection process: -0.030315 --> -0.029807, len_BS = 2973
Blocksize strategy selection process: -0.030314 --> -0.029807, len_BS = 2973
Blocksize strategy selection process: -0.030313 --> -0.029807, len_BS = 2973
Blocksize strategy selection process: -0.030312 --> -0.029807, len_BS = 2973
Blocksize strategy selection process: -0.030311 --> -0.029807, len_BS = 2973
Blocksize strategy selection process: -0.030310 --> -0.029807, len_BS = 2973
Blocksize strategy selection process: -0.030309 --> -0.029807, len_BS = 2973
Blocksize strategy selection process: -0.030308 --> -0.029807, len_BS = 2973
Blocksize strategy selection process: -0.030307 --> -0.029807, len_BS = 2973
Blocksize strategy selection process: -0.030306 --> -0.029807, len_BS = 2973
Blocksize strategy selection process: -0.030304 --> -0.029807, len_BS = 2973
Blocksize strategy selection process: -0.030303 --> -0.029807, len_BS = 2973
Blocksize strategy selection process: -0.030302 --> -0.029807, len_BS = 2973
Blocksize strategy selection process: -0.030301 --> -0.029807, len_BS = 2973
Blocksize strategy selection process: -0.030300 --> -0.029807, len_BS = 2973
Blocksize strategy selection process: -0.030299 --> -0.029807, len_BS = 2973
Blocksize strategy selection process: -0.030276 --> -0.029807, len_BS = 2973
Blocksize strategy selection process: -0.030275 --> -0.029807, len_BS = 2973
Blocksize strategy selection process: -0.030274 --> -0.029807, len_BS = 2973
Blocksize strategy selection process: -0.030273 --> -0.029807, len_BS = 2973
Blocksize strategy selection process: -0.030272 --> -0.029807, len_BS = 2973
Blocksize strategy selection process: -0.030271 --> -0.029807, len_BS = 2973
Blocksize strategy selection process: -0.030270 --> -0.029807, len_BS = 2973
Blocksize strategy selection process: -0.030269 --> -0.029807, len_BS = 2973
Blocksize strategy selection process: -0.030268 --> -0.029807, len_BS = 2973
Blocksize strategy selection process: -0.030267 --> -0.029807, len_BS = 2973
Blocksize strategy selection process: -0.030266 --> -0.029807, len_BS = 2973
Blocksize strategy selection process: -0.030265 --> -0.029807, len_BS = 2973
Blocksize strategy selection process: -0.030263 --> -0.029807, len_BS = 2973
Blocksize strategy selection process: -0.030262 --> -0.029807, len_BS = 2973
Blocksize strategy selection process: -0.030261 --> -0.029807, len_BS = 2973
Blocksize strategy selection process: -0.030260 --> -0.029807, len_BS = 2973
Blocksize strategy selection process: -0.030259 --> -0.029807, len_BS = 2973
Blocksize strategy selection process: -0.030237 --> -0.029807, len_BS = 2973
Blocksize strategy selection process: -0.030236 --> -0.029807, len_BS = 2973
Blocksize strategy selection process: -0.030235 --> -0.029807, len_BS = 2973
Blocksize strategy selection process: -0.030234 --> -0.029807, len_BS = 2973
Blocksize strategy selection process: -0.030233 --> -0.029807, len_BS = 2973
Blocksize strategy selection process: -0.030232 --> -0.029807, len_BS = 2973
Blocksize strategy selection process: -0.030231 --> -0.029807, len_BS = 2973
Blocksize strategy selection process: -0.030230 --> -0.029807, len_BS = 2973
Blocksize strategy selection process: -0.030229 --> -0.029807, len_BS = 2973
Blocksize strategy selection process: -0.030228 --> -0.029807, len_BS = 2973
Blocksize strategy selection process: -0.030186 --> -0.029807, len_BS = 2973
Blocksize strategy selection process: -0.030185 --> -0.029807, len_BS = 2973
Blocksize strategy selection process: -0.030184 --> -0.029807, len_BS = 2973
Blocksize strategy selection process: -0.030183 --> -0.029807, len_BS = 2973
Blocksize strategy selection process: -0.030163 --> -0.029807, len_BS = 2973
Blocksize strategy selection process: -0.030162 --> -0.029807, len_BS = 2973
Blocksize strategy selection process: -0.030161 --> -0.029807, len_BS = 2973
Blocksize strategy selection process: -0.030160 --> -0.029807, len_BS = 2974
Blocksize strategy selection process: -0.030159 --> -0.029807, len_BS = 2974
Blocksize strategy selection process: -0.030158 --> -0.029807, len_BS = 2974
Blocksize strategy selection process: -0.030157 --> -0.029807, len_BS = 2974
Blocksize strategy selection process: -0.030156 --> -0.029807, len_BS = 2974
Blocksize strategy selection process: -0.030155 --> -0.029807, len_BS = 2974
Blocksize strategy selection process: -0.030154 --> -0.029807, len_BS = 2974
Blocksize strategy selection process: -0.030153 --> -0.029807, len_BS = 2974
Blocksize strategy selection process: -0.030152 --> -0.029807, len_BS = 2974
Blocksize strategy selection process: -0.030151 --> -0.029807, len_BS = 2974
Blocksize strategy selection process: -0.030150 --> -0.029807, len_BS = 2974
Blocksize strategy selection process: -0.030149 --> -0.029807, len_BS = 2974
Blocksize strategy selection process: -0.030093 --> -0.029807, len_BS = 2974
Blocksize strategy selection process: -0.030092 --> -0.029807, len_BS = 2974
Blocksize strategy selection process: -0.030091 --> -0.029807, len_BS = 2974
Blocksize strategy selection process: -0.030090 --> -0.029807, len_BS = 2974
Blocksize strategy selection process: -0.030089 --> -0.029807, len_BS = 2974
Blocksize strategy selection process: -0.030076 --> -0.029807, len_BS = 2974
Blocksize strategy selection process: -0.030075 --> -0.029807, len_BS = 2974
Blocksize strategy selection process: -0.030074 --> -0.029807, len_BS = 2974
Blocksize strategy selection process: -0.030070 --> -0.029807, len_BS = 2974
Blocksize strategy selection process: -0.030069 --> -0.029807, len_BS = 2974
Blocksize strategy selection process: -0.030064 --> -0.029807, len_BS = 2974
Blocksize strategy selection process: -0.030063 --> -0.029807, len_BS = 2974
Blocksize strategy selection process: -0.030061 --> -0.029807, len_BS = 2974
Blocksize strategy selection process: -0.030060 --> -0.029807, len_BS = 2974
Blocksize strategy selection process: -0.030059 --> -0.029807, len_BS = 2974
Blocksize strategy selection process: -0.030058 --> -0.029807, len_BS = 2974
Blocksize strategy selection process: -0.030057 --> -0.029807, len_BS = 2974
Blocksize strategy selection process: -0.030056 --> -0.029807, len_BS = 2974
Blocksize strategy selection process: -0.030055 --> -0.029807, len_BS = 2974
Blocksize strategy selection process: -0.030054 --> -0.029807, len_BS = 2974
Blocksize strategy selection process: -0.030053 --> -0.029807, len_BS = 2974
Blocksize strategy selection process: -0.030052 --> -0.029807, len_BS = 2974
Blocksize strategy selection process: -0.030051 --> -0.029807, len_BS = 2974
Blocksize strategy selection process: -0.030050 --> -0.029807, len_BS = 2974
Blocksize strategy selection process: -0.030049 --> -0.029807, len_BS = 2974
Blocksize strategy selection process: -0.030032 --> -0.029807, len_BS = 2974
Blocksize strategy selection process: -0.030030 --> -0.029807, len_BS = 2974
Blocksize strategy selection process: -0.030029 --> -0.029807, len_BS = 2974
Blocksize strategy selection process: -0.030028 --> -0.029807, len_BS = 2974
Blocksize strategy selection process: -0.030027 --> -0.029807, len_BS = 2974
Blocksize strategy selection process: -0.030026 --> -0.029807, len_BS = 2974
Blocksize strategy selection process: -0.030025 --> -0.029807, len_BS = 2974
Blocksize strategy selection process: -0.029980 --> -0.029807, len_BS = 2974
Blocksize strategy selection process: -0.029979 --> -0.029807, len_BS = 2974
Blocksize strategy selection process: -0.029951 --> -0.029807, len_BS = 2974
Blocksize strategy selection process: -0.029950 --> -0.029807, len_BS = 2974
Blocksize strategy selection process: -0.029949 --> -0.029807, len_BS = 2974
Blocksize strategy selection process: -0.029948 --> -0.029807, len_BS = 2974
Blocksize strategy selection process: -0.029947 --> -0.029807, len_BS = 2974
Blocksize strategy selection process: -0.029946 --> -0.029807, len_BS = 2974
Blocksize strategy selection process: -0.029945 --> -0.029807, len_BS = 2974
Blocksize strategy selection process: -0.029944 --> -0.029807, len_BS = 2974
Blocksize strategy selection process: -0.029943 --> -0.029807, len_BS = 2974
Blocksize strategy selection process: -0.029931 --> -0.029807, len_BS = 2974
Blocksize strategy selection process: -0.029930 --> -0.029807, len_BS = 2974
Blocksize strategy selection process: -0.029929 --> -0.029807, len_BS = 2974
Blocksize strategy selection process: -0.029928 --> -0.029807, len_BS = 2974
Blocksize strategy selection process: -0.029926 --> -0.029807, len_BS = 2974
Blocksize strategy selection process: -0.029925 --> -0.029807, len_BS = 2974
Blocksize strategy selection process: -0.029924 --> -0.029807, len_BS = 2974
Blocksize strategy selection process: -0.029923 --> -0.029807, len_BS = 2974
Blocksize strategy selection process: -0.029922 --> -0.029807, len_BS = 2974
Blocksize strategy selection process: -0.029921 --> -0.029807, len_BS = 2974
Blocksize strategy selection process: -0.029920 --> -0.029807, len_BS = 2974
Blocksize strategy selection process: -0.029919 --> -0.029807, len_BS = 2974
Blocksize strategy selection process: -0.029908 --> -0.029807, len_BS = 2974
Blocksize strategy selection process: -0.029906 --> -0.029807, len_BS = 2974
Blocksize strategy selection process: -0.029904 --> -0.029807, len_BS = 2974
Blocksize strategy selection process: -0.029903 --> -0.029807, len_BS = 2974
Blocksize strategy selection process: -0.029893 --> -0.029807, len_BS = 2974
Blocksize strategy selection process: -0.029892 --> -0.029807, len_BS = 2974
Blocksize strategy selection process: -0.029888 --> -0.029807, len_BS = 2974
Blocksize strategy selection process: -0.029886 --> -0.029807, len_BS = 2974
Blocksize strategy selection process: -0.029885 --> -0.029807, len_BS = 2974
Blocksize strategy selection process: -0.029884 --> -0.029807, len_BS = 2974
Blocksize strategy selection process: -0.029883 --> -0.029807, len_BS = 2974
Blocksize strategy selection process: -0.029882 --> -0.029807, len_BS = 2974
Blocksize strategy selection process: -0.029873 --> -0.029807, len_BS = 2974
Blocksize strategy selection process: -0.029870 --> -0.029807, len_BS = 2974
Blocksize strategy selection process: -0.029869 --> -0.029807, len_BS = 2974
Blocksize strategy selection process: -0.029868 --> -0.029807, len_BS = 2974
Blocksize strategy selection process: -0.029867 --> -0.029807, len_BS = 2974
Blocksize strategy selection process: -0.029866 --> -0.029807, len_BS = 2974
Blocksize strategy selection process: -0.029865 --> -0.029807, len_BS = 2974
Blocksize strategy selection process: -0.029864 --> -0.029807, len_BS = 2974
Blocksize strategy selection process: -0.029856 --> -0.029807, len_BS = 2974
Blocksize strategy selection process: -0.029854 --> -0.029807, len_BS = 2974
Blocksize strategy selection process: -0.029853 --> -0.029807, len_BS = 2974
Blocksize strategy selection process: -0.029852 --> -0.029807, len_BS = 2974
Blocksize strategy selection process: -0.029845 --> -0.029807, len_BS = 2974
Blocksize strategy selection process: -0.029842 --> -0.029807, len_BS = 2974
Blocksize strategy selection process: -0.029841 --> -0.029807, len_BS = 2974
Blocksize strategy selection process: -0.029840 --> -0.029807, len_BS = 2974
Blocksize strategy selection process: -0.029839 --> -0.029807, len_BS = 2974
Blocksize strategy selection process: -0.029838 --> -0.029807, len_BS = 2974
Blocksize strategy selection process: -0.029837 --> -0.029807, len_BS = 2974
Blocksize strategy selection process: -0.029832 --> -0.029807, len_BS = 2974
Blocksize strategy selection process: -0.029831 --> -0.029807, len_BS = 2974
Blocksize strategy selection process: -0.029829 --> -0.029807, len_BS = 2974
Blocksize strategy selection process: -0.029828 --> -0.029807, len_BS = 2974
Blocksize strategy selection process: -0.029827 --> -0.029807, len_BS = 2974
Blocksize strategy selection process: -0.029826 --> -0.029807, len_BS = 2974
Blocksize strategy selection process: -0.029825 --> -0.029807, len_BS = 2974
Blocksize strategy selection process: -0.029817 --> -0.029807, len_BS = 2974
Blocksize strategy selection process: -0.029813 --> -0.029807, len_BS = 2974
Blocksize strategy selection process: -0.029812 --> -0.029807, len_BS = 2974
Blocksize strategy selection process: -0.029811 --> -0.029807, len_BS = 2974
Blocksize strategy selection process: -0.029809 --> -0.029807, len_BS = 2974
Blocksize strategy selection process: -0.029807 --> -0.029807, len_BS = 2974
len(BS) = 2974
Time cost for generating Strategy: 214.388180 s
[15.223143770766505,15.192238374957498,15.161299283605377,15.130324484330057,15.09931193369734,15.068259556051405,15.037165242301956,15.006026848664352,14.974842195350742,14.94360906521051,14.912325202318115,14.880988310506627,14.849596051845118,14.818146045058434,14.78663586388772,14.755063035390503,14.72342503817924,14.691719300597693,14.659943198834846,14.628094054976707,14.59616913499704,14.564165646689013,14.532080737540856,14.499911492560113,14.46769290306819,14.435576876743365,14.40344727245214,14.371277666838285,14.339028049717736,14.306683434544887,14.274246006630609,14.241702346855917,14.209087768889784,14.176354668960677,14.143522444690742,14.110554926347753,14.077502730895816,14.044316169401903,14.011006528577287,13.977563749461137,13.943997013684857,13.910300482623406,13.876460091985589,13.84249108251553,13.808371342773437,13.77411065509164,13.739686694906183,13.705122022060426,13.670400384626149,13.635514808347953,13.600454890127175,13.565225823713117,13.52984096697676,13.494281481408926,13.4585712993232,13.422667635570978,13.38658444337835,13.350324347326826,13.313866535607989,13.277240056805688,13.2404056890365,13.203387796190512,13.166195060540993,13.128810960345827,13.091223923262469,13.05345370689837,13.015519858214546,12.977543260433727,12.939645322699942,12.917399402031844,12.89504446135268,12.872579287744013,12.850002647047322,12.827313283355785,12.804509918490684,12.78159125146184,12.758555957911515,12.73540268954114,12.71213007352026,12.688736711877038,12.66522118086956,12.641582030337311,12.617817783031981,12.593926933926872,12.569907949504035,12.54575926701831,12.521479293737364,12.497066406156748,12.472518949189054,12.44783523532608,12.423013543772988,12.398052119553265,12.372949172583375,12.347702876715827,12.322311368749382,12.296772747405061,12.27108507226652,12.245246362683346,12.219254596635684,12.193107709558586,12.16680359312441,12.140340093981438,12.113715012446873,12.08692610115224,12.059971063639155,12.032847552903277,12.0055531698842,11.978085461898912,11.950441921016324,11.922619982370241,11.894617022408065,11.86643035707233,11.838057239912036,11.809494860120639,11.780740340497333,11.751790735328154,11.722643028183214,11.693294129626237,11.663740874832325,11.633980021109732,11.604008245321177,11.573822141200036,11.543418216556526,11.512792890368708,11.481942489752965,11.450863246808318,11.41955129532866,11.388002667376757,11.356213289713569,11.324178980076175,11.291895443297255,11.259358267258863,11.226562918672878,11.19350473868025,11.160178938260929,11.126580593445997,11.092704640323406,11.058545869828396,11.024098922309559,10.989358281861332,10.95431827041368,10.918973041569679,10.883316574181862,10.84734266565838,10.811044924990481,10.774416765493283,10.737451397252777,10.700141819272961,10.662480811318607,10.624460925451011,10.586074477256567,10.547313536771163,10.508169919107317,10.468635174795983,10.428700579861152,10.388357125653076,10.347595508475527,10.30640611905438,10.264779031909558,10.222703994710393,10.180170417717093,10.137167363438637,10.093683536671902,10.049707275129284,10.010580454072576,9.992823271141395,9.958792751553911,9.921022960772074,9.87757173271365,9.831927390219693,9.786496178504724,9.739080058272586,9.696536933504396,9.647210758758893,9.600501126773484,9.548592438202636,9.503685447497661,9.45168764012753,9.40114689300422,9.34906475307315,9.298144084879235,9.246276213893255,9.192295482564509,9.140319836581124,9.085097858753423,9.03110445951311,8.973822348815421,8.919557903527666,8.862861223700977,8.80502420927406,8.745556419091253,8.686646605618192,8.629451103759939,8.569443581785851,8.512635887194534,8.449644790133416,8.388427616283659,8.327400979986999,8.263262974844165,8.203023104356737,8.137084281223345,8.074372877626104,8.012702149481171,7.948527012896105,7.882528811465833,7.819113495798102,7.758271122352074,7.71430965099263,7.687424119843229]
MinStrategy is: [87, 108, 117, 132, 141] + pump(45,164,23) , ['87 * 1 (-0.046090) , cost = 227.6965 s', '108 * 1 (-0.038922) , cost = 635.5969 s', '117 * 1 (-0.036298) , cost = 1137.7504 s', '132 * 1 (-0.034494) , cost = 40453.2603 s', '141 * 1 (-0.033484) , cost = 311304.8135 s'] + pump(45,164,23)
[87,108,117,132,141]
Time cost for pnj-BKZ = 98.27 h,
Time cost for pump = 496.01 h,
Total time cost = 594.27 h.
