New Strategy:
n = 55, alpha = 0.02, q = 3037, jump = 1, goal_margin = 1.50, MAX_TIME = inf h
[16.0372509300915, 16.0372509300915, 16.0372509300915, 16.0372509300915, 16.0372509300915, 16.0372509300915, 16.0372509300915, 16.0372509300915, 16.0372509300915, 16.0372509300915, 16.0372509300915, 16.0372509300915, 16.0372509300915, 16.0372509300915, 16.0372509300915, 16.0372509300915, 16.0372509300915, 16.0372509300915, 16.0372509300915, 16.0372509300915, 16.0372509300915, 16.0372509300915, 16.0372509300915, 16.0372509300915, 16.0372509300915, 16.0372509300915, 16.0372509300915, 16.0372509300915, 16.0372509300915, 16.0372509300915, 16.0372509300915, 16.0372509300915, 16.0372509300915, 16.0372509300915, 16.0372509300915, 16.0372509300915, 16.0372509300915, 16.0372509300915, 16.0372509300915, 16.0372509300915, 16.0372509300915, 16.0372509300915, 16.0372509300915, 16.0372509300915, 16.0372509300915, 16.0372509300915, 16.0372509300915, 16.0372509300915, 16.0372509300915, 16.0372509300915, 16.0372509300915, 16.0372509300915, 16.0372509300915, 16.0372509300915, 16.0372509300915, 16.0372509300915, 16.0372509300915, 16.0372509300915, 16.0372509300915, 16.0372509300915, 16.0372509300915, 16.0372509300915, 16.0372509300915, 16.0372509300915, 16.0372509300915, 16.0372509300915, 16.0372509300915, 16.0372509300915, 16.0372509300915, 16.0372509300915, 16.0372509300915, 16.0372509300915, 16.0372509300915, 16.0372509300915, 16.0372509300915, 16.0372509300915, 16.0372509300915, 16.0372509300915, 16.0372509300915, 16.0372509300915, 16.0372509300915, 16.0372509300915, 16.0372509300915, 16.0372509300915, 16.0372509300915, 16.0372509300915, 16.0372509300915, 16.0372509300915, 16.0372509300915, 16.0372509300915, 16.0372509300915, 16.02259734345909, 15.901267772280324, 15.93758300365131, 15.800887733397536, 15.692815545202299, 15.79633306810415, 15.848267792465371, 15.712456547752243, 15.63280291662099, 15.797986748557584, 15.610081827344745, 15.52407813365364, 15.447834557440832, 15.35914564658926, 15.298064217508466, 15.126306137746244, 14.940068303609058, 14.768727313656903, 14.709277525539772, 14.73804339225255, 14.672011046097118, 14.559398124213306, 14.539749064390675, 14.308161302160448, 14.37903095364581, 14.315678405755873, 14.121349823219457, 13.998138009406594, 13.816195456878898, 13.789854316990688, 13.780125739129941, 13.72483001954362, 13.737130675814107, 13.649206191534086, 13.515504708196566, 13.380720717925215, 13.208417556260866, 13.191826078579544, 13.020438237711174, 13.075310105147155, 13.061404515411375, 13.019814709939197, 12.895159369299632, 12.758906437596366, 12.653745837913867, 12.426277208776328, 12.43560457522858, 12.240826101986444, 12.169545295632021, 12.068156201591911, 12.02708477767586, 12.137014134408064, 12.09207138871269, 11.842985950117034, 11.740023598523475, 11.52440593523178, 11.433511645156614, 11.385290116188786, 11.366800305002084, 11.464694434151285, 11.314905275319381, 11.154698730143455, 11.171267483218182, 10.979961469444023, 10.961666173013437, 10.857440645443686, 10.65425598827867, 10.6996258358611, 10.577080523928275, 10.548561220594674, 10.521777775498183, 10.444556419105167, 10.340961235652623, 10.333167289391367, 10.206058868664677, 10.058847030996029, 10.13472550531414, 10.031022749619769, 9.843024398700425, 9.696865745206745, 9.707947443756035, 9.777601258823562, 9.594114162618126, 9.578308227632286, 9.499046490309738, 9.253020905717669, 9.00196986254745, 8.85773199800622, 8.780160843928499, 8.592431479236922, 8.607209654081206, 8.450815169194737, 8.423773889402776, 8.293421341992522, 8.527656807177488, 8.299651134524858, 8.08884323428845, 8.234465740289998, 8.037836693853269, 7.969031296756575, 7.99577091473304, 7.982860916714791, 7.889820391612844, 7.64722865033128, 7.513446621180165, 7.321989700896383, 7.2910683153996025, 7.168104190395343, 7.101511352358593, 6.9581146188364285, 6.84182311646071, 6.803414925782166, 6.6679080329097955, 6.632601467754747, 6.495998549953767, 6.538874260533312, 6.3828827074865275, 6.269220214297345, 6.233508699071983, 6.121530892970808, 6.152076358832142, 6.191117534976796, 5.942201420798071, 5.917733177444705, 5.836322317134177, 5.627030008128991, 5.441596938888636, 5.67927213541337, 5.572199531033946, 5.367846678694348, 5.422939254196645, 5.400450310311236, 5.392572938219665, 5.187832617231708, 4.963374893930763, 4.913500126184804, 4.818921618633446, 4.707450806299714, 4.8078379896148595, 4.594940814234755, 4.674399363137487, 4.68114641734807, 4.583635371933636, 4.473926852016605, 4.567091304487403, 4.334380601710962, 4.444980050212504, 4.334317910106098, 4.205412729773031, 4.110880868741996]
Blocksize strategy selection process: -0.055207 --> -0.055207, len_BS = 1
Blocksize strategy selection process: -0.046535 --> -0.027516, len_BS = 178
Blocksize strategy selection process: -0.046375 --> -0.027515, len_BS = 275
Blocksize strategy selection process: -0.046215 --> -0.027515, len_BS = 353
Blocksize strategy selection process: -0.046054 --> -0.027515, len_BS = 432
Blocksize strategy selection process: -0.045894 --> -0.027515, len_BS = 510
Blocksize strategy selection process: -0.042079 --> -0.027515, len_BS = 587
Blocksize strategy selection process: -0.041965 --> -0.027515, len_BS = 635
Blocksize strategy selection process: -0.041883 --> -0.027515, len_BS = 713
Blocksize strategy selection process: -0.041850 --> -0.027515, len_BS = 776
Blocksize strategy selection process: -0.041769 --> -0.027515, len_BS = 820
Blocksize strategy selection process: -0.041734 --> -0.027515, len_BS = 872
Blocksize strategy selection process: -0.041688 --> -0.027515, len_BS = 928
Blocksize strategy selection process: -0.041654 --> -0.027515, len_BS = 947
Blocksize strategy selection process: -0.041618 --> -0.027515, len_BS = 991
Blocksize strategy selection process: -0.041574 --> -0.027515, len_BS = 1042
Blocksize strategy selection process: -0.041539 --> -0.027515, len_BS = 1056
Blocksize strategy selection process: -0.039695 --> -0.027515, len_BS = 1102
Blocksize strategy selection process: -0.039630 --> -0.027515, len_BS = 1125
Blocksize strategy selection process: -0.039566 --> -0.027515, len_BS = 1174
Blocksize strategy selection process: -0.039501 --> -0.027515, len_BS = 1240
Blocksize strategy selection process: -0.039211 --> -0.027515, len_BS = 1295
Blocksize strategy selection process: -0.038189 --> -0.027515, len_BS = 1286
Blocksize strategy selection process: -0.038144 --> -0.027515, len_BS = 1256
Blocksize strategy selection process: -0.038117 --> -0.027515, len_BS = 1308
Blocksize strategy selection process: -0.038098 --> -0.027515, len_BS = 1340
Blocksize strategy selection process: -0.038044 --> -0.027515, len_BS = 1373
Blocksize strategy selection process: -0.037999 --> -0.027515, len_BS = 1433
Blocksize strategy selection process: -0.037973 --> -0.027515, len_BS = 1487
Blocksize strategy selection process: -0.037954 --> -0.027515, len_BS = 1529
Blocksize strategy selection process: -0.037948 --> -0.027515, len_BS = 1565
Blocksize strategy selection process: -0.037260 --> -0.027515, len_BS = 1578
Blocksize strategy selection process: -0.037240 --> -0.027515, len_BS = 1564
Blocksize strategy selection process: -0.037220 --> -0.027515, len_BS = 1595
Blocksize strategy selection process: -0.037172 --> -0.027515, len_BS = 1631
Blocksize strategy selection process: -0.037153 --> -0.027515, len_BS = 1685
Blocksize strategy selection process: -0.037133 --> -0.027515, len_BS = 1732
Blocksize strategy selection process: -0.036798 --> -0.027515, len_BS = 1765
Blocksize strategy selection process: -0.036784 --> -0.027515, len_BS = 1800
Blocksize strategy selection process: -0.036776 --> -0.027515, len_BS = 1825
Blocksize strategy selection process: -0.036771 --> -0.027515, len_BS = 1843
Blocksize strategy selection process: -0.036763 --> -0.027515, len_BS = 1852
Blocksize strategy selection process: -0.036717 --> -0.027515, len_BS = 1866
Blocksize strategy selection process: -0.036704 --> -0.027515, len_BS = 1913
Blocksize strategy selection process: -0.036696 --> -0.027515, len_BS = 1936
Blocksize strategy selection process: -0.036690 --> -0.027515, len_BS = 1949
Blocksize strategy selection process: -0.036359 --> -0.027515, len_BS = 1961
Blocksize strategy selection process: -0.036341 --> -0.027515, len_BS = 1874
Blocksize strategy selection process: -0.036324 --> -0.027515, len_BS = 1903
Blocksize strategy selection process: -0.036307 --> -0.027515, len_BS = 1928
Blocksize strategy selection process: -0.035963 --> -0.027515, len_BS = 1950
Blocksize strategy selection process: -0.035951 --> -0.027515, len_BS = 1970
Blocksize strategy selection process: -0.035944 --> -0.027515, len_BS = 2000
Blocksize strategy selection process: -0.035939 --> -0.027515, len_BS = 2014
Blocksize strategy selection process: -0.035918 --> -0.027515, len_BS = 2031
Blocksize strategy selection process: -0.035906 --> -0.027515, len_BS = 2054
Blocksize strategy selection process: -0.035899 --> -0.027515, len_BS = 2065
Blocksize strategy selection process: -0.035894 --> -0.027515, len_BS = 2081
Blocksize strategy selection process: -0.035892 --> -0.027515, len_BS = 2091
Blocksize strategy selection process: -0.035721 --> -0.027515, len_BS = 2100
Blocksize strategy selection process: -0.035716 --> -0.027515, len_BS = 2101
Blocksize strategy selection process: -0.035710 --> -0.027515, len_BS = 2114
Blocksize strategy selection process: -0.035691 --> -0.027515, len_BS = 2128
Blocksize strategy selection process: -0.035686 --> -0.027515, len_BS = 2169
Blocksize strategy selection process: -0.035681 --> -0.027515, len_BS = 2186
Blocksize strategy selection process: -0.035602 --> -0.027515, len_BS = 2201
Blocksize strategy selection process: -0.035598 --> -0.027515, len_BS = 2213
Blocksize strategy selection process: -0.035596 --> -0.027515, len_BS = 2228
Blocksize strategy selection process: -0.035595 --> -0.027515, len_BS = 2232
Blocksize strategy selection process: -0.035594 --> -0.027515, len_BS = 2240
Blocksize strategy selection process: -0.035593 --> -0.027515, len_BS = 2242
Blocksize strategy selection process: -0.035574 --> -0.027515, len_BS = 2244
Blocksize strategy selection process: -0.035570 --> -0.027515, len_BS = 2264
Blocksize strategy selection process: -0.035568 --> -0.027515, len_BS = 2270
Blocksize strategy selection process: -0.035567 --> -0.027515, len_BS = 2273
Blocksize strategy selection process: -0.035521 --> -0.027515, len_BS = 2277
Blocksize strategy selection process: -0.035518 --> -0.027515, len_BS = 2310
Blocksize strategy selection process: -0.035418 --> -0.027515, len_BS = 2318
Blocksize strategy selection process: -0.035414 --> -0.027515, len_BS = 2363
Blocksize strategy selection process: -0.035410 --> -0.027515, len_BS = 2374
Blocksize strategy selection process: -0.035405 --> -0.027515, len_BS = 2384
Blocksize strategy selection process: -0.035311 --> -0.027515, len_BS = 2397
Blocksize strategy selection process: -0.035310 --> -0.027515, len_BS = 2412
Blocksize strategy selection process: -0.035307 --> -0.027515, len_BS = 2411
Blocksize strategy selection process: -0.035304 --> -0.027515, len_BS = 2436
Blocksize strategy selection process: -0.035302 --> -0.027515, len_BS = 2443
Blocksize strategy selection process: -0.035301 --> -0.027515, len_BS = 2445
Blocksize strategy selection process: -0.035300 --> -0.027515, len_BS = 2448
Blocksize strategy selection process: -0.035242 --> -0.027515, len_BS = 2449
Blocksize strategy selection process: -0.035239 --> -0.027515, len_BS = 2466
Blocksize strategy selection process: -0.035238 --> -0.027515, len_BS = 2476
Blocksize strategy selection process: -0.035236 --> -0.027515, len_BS = 2479
Blocksize strategy selection process: -0.035231 --> -0.027515, len_BS = 2483
Blocksize strategy selection process: -0.035226 --> -0.027515, len_BS = 2500
Blocksize strategy selection process: -0.035225 --> -0.027515, len_BS = 2511
Blocksize strategy selection process: -0.035166 --> -0.027515, len_BS = 2516
Blocksize strategy selection process: -0.035163 --> -0.027515, len_BS = 2541
Blocksize strategy selection process: -0.035161 --> -0.027515, len_BS = 2549
Blocksize strategy selection process: -0.035160 --> -0.027515, len_BS = 2556
Blocksize strategy selection process: -0.035089 --> -0.027515, len_BS = 2559
Blocksize strategy selection process: -0.035086 --> -0.027515, len_BS = 2606
Blocksize strategy selection process: -0.035084 --> -0.027515, len_BS = 2611
Blocksize strategy selection process: -0.035083 --> -0.027515, len_BS = 2618
Blocksize strategy selection process: -0.035078 --> -0.027515, len_BS = 2619
Blocksize strategy selection process: -0.035077 --> -0.027515, len_BS = 2641
Blocksize strategy selection process: -0.035076 --> -0.027515, len_BS = 2643
Blocksize strategy selection process: -0.035075 --> -0.027515, len_BS = 2643
Blocksize strategy selection process: -0.035071 --> -0.027515, len_BS = 2643
Blocksize strategy selection process: -0.034997 --> -0.027515, len_BS = 2644
Blocksize strategy selection process: -0.034996 --> -0.027515, len_BS = 2657
Blocksize strategy selection process: -0.034922 --> -0.027515, len_BS = 2660
Blocksize strategy selection process: -0.034919 --> -0.027515, len_BS = 2668
Blocksize strategy selection process: -0.034918 --> -0.027515, len_BS = 2690
Blocksize strategy selection process: -0.034877 --> -0.027515, len_BS = 2695
Blocksize strategy selection process: -0.034876 --> -0.027515, len_BS = 2723
Blocksize strategy selection process: -0.034874 --> -0.027515, len_BS = 2726
Blocksize strategy selection process: -0.034849 --> -0.027515, len_BS = 2726
Blocksize strategy selection process: -0.034848 --> -0.027515, len_BS = 2747
Blocksize strategy selection process: -0.034824 --> -0.027515, len_BS = 2748
Blocksize strategy selection process: -0.034823 --> -0.027515, len_BS = 2778
Blocksize strategy selection process: -0.034772 --> -0.027515, len_BS = 2783
Blocksize strategy selection process: -0.034771 --> -0.027515, len_BS = 2818
Blocksize strategy selection process: -0.034770 --> -0.027515, len_BS = 2819
Blocksize strategy selection process: -0.034765 --> -0.027515, len_BS = 2819
Blocksize strategy selection process: -0.034764 --> -0.027515, len_BS = 2832
Blocksize strategy selection process: -0.034730 --> -0.027515, len_BS = 2836
Blocksize strategy selection process: -0.034729 --> -0.027515, len_BS = 2871
Blocksize strategy selection process: -0.034728 --> -0.027515, len_BS = 2873
Blocksize strategy selection process: -0.034727 --> -0.027515, len_BS = 2879
Blocksize strategy selection process: -0.034705 --> -0.027515, len_BS = 2881
Blocksize strategy selection process: -0.034704 --> -0.027515, len_BS = 2908
Blocksize strategy selection process: -0.034535 --> -0.027515, len_BS = 2910
Blocksize strategy selection process: -0.034533 --> -0.027515, len_BS = 2862
Blocksize strategy selection process: -0.034483 --> -0.027515, len_BS = 2866
Blocksize strategy selection process: -0.034482 --> -0.027515, len_BS = 2886
Blocksize strategy selection process: -0.034481 --> -0.027515, len_BS = 2888
Blocksize strategy selection process: -0.034477 --> -0.027515, len_BS = 2892
Blocksize strategy selection process: -0.034476 --> -0.027515, len_BS = 2903
Blocksize strategy selection process: -0.034475 --> -0.027515, len_BS = 2906
Blocksize strategy selection process: -0.034458 --> -0.027515, len_BS = 2907
Blocksize strategy selection process: -0.034457 --> -0.027515, len_BS = 2921
Blocksize strategy selection process: -0.034456 --> -0.027515, len_BS = 2922
Blocksize strategy selection process: -0.034452 --> -0.027515, len_BS = 2925
Blocksize strategy selection process: -0.034451 --> -0.027515, len_BS = 2930
Blocksize strategy selection process: -0.034435 --> -0.027515, len_BS = 2931
Blocksize strategy selection process: -0.034419 --> -0.027515, len_BS = 2949
Blocksize strategy selection process: -0.034418 --> -0.027515, len_BS = 2968
Blocksize strategy selection process: -0.034417 --> -0.027515, len_BS = 2970
Blocksize strategy selection process: -0.034396 --> -0.027515, len_BS = 2971
Blocksize strategy selection process: -0.034395 --> -0.027515, len_BS = 2987
Blocksize strategy selection process: -0.034394 --> -0.027515, len_BS = 2989
Blocksize strategy selection process: -0.034376 --> -0.027515, len_BS = 2991
Blocksize strategy selection process: -0.034375 --> -0.027515, len_BS = 3005
Blocksize strategy selection process: -0.034374 --> -0.027515, len_BS = 3008
Blocksize strategy selection process: -0.034373 --> -0.027515, len_BS = 3012
Blocksize strategy selection process: -0.034372 --> -0.027515, len_BS = 3013
Blocksize strategy selection process: -0.034354 --> -0.027515, len_BS = 3013
Blocksize strategy selection process: -0.034353 --> -0.027515, len_BS = 3040
Blocksize strategy selection process: -0.034336 --> -0.027515, len_BS = 3041
Blocksize strategy selection process: -0.034332 --> -0.027515, len_BS = 3061
Blocksize strategy selection process: -0.034331 --> -0.027515, len_BS = 3071
Blocksize strategy selection process: -0.034308 --> -0.027515, len_BS = 3071
Blocksize strategy selection process: -0.034307 --> -0.027515, len_BS = 3099
Blocksize strategy selection process: -0.034258 --> -0.027515, len_BS = 3099
Blocksize strategy selection process: -0.034255 --> -0.027515, len_BS = 3125
Blocksize strategy selection process: -0.034231 --> -0.027515, len_BS = 3132
Blocksize strategy selection process: -0.034215 --> -0.027515, len_BS = 3151
Blocksize strategy selection process: -0.034214 --> -0.027515, len_BS = 3174
Blocksize strategy selection process: -0.034210 --> -0.027515, len_BS = 3174
Blocksize strategy selection process: -0.034200 --> -0.027515, len_BS = 3187
Blocksize strategy selection process: -0.034195 --> -0.027515, len_BS = 3204
Blocksize strategy selection process: -0.034194 --> -0.027515, len_BS = 3219
Blocksize strategy selection process: -0.034153 --> -0.027515, len_BS = 3219
Blocksize strategy selection process: -0.034137 --> -0.027515, len_BS = 3241
Blocksize strategy selection process: -0.034133 --> -0.027515, len_BS = 3258
Blocksize strategy selection process: -0.034123 --> -0.027515, len_BS = 3271
Blocksize strategy selection process: -0.033999 --> -0.027515, len_BS = 3286
Blocksize strategy selection process: -0.033998 --> -0.027515, len_BS = 3264
Blocksize strategy selection process: -0.033982 --> -0.027515, len_BS = 3264
Blocksize strategy selection process: -0.033978 --> -0.027515, len_BS = 3278
Blocksize strategy selection process: -0.033953 --> -0.027515, len_BS = 3280
Blocksize strategy selection process: -0.033943 --> -0.027515, len_BS = 3280
Blocksize strategy selection process: -0.033942 --> -0.027515, len_BS = 3299
Blocksize strategy selection process: -0.033941 --> -0.027515, len_BS = 3299
Blocksize strategy selection process: -0.033938 --> -0.027515, len_BS = 3303
Blocksize strategy selection process: -0.033937 --> -0.027515, len_BS = 3315
Blocksize strategy selection process: -0.033933 --> -0.027515, len_BS = 3317
Blocksize strategy selection process: -0.033930 --> -0.027515, len_BS = 3327
Blocksize strategy selection process: -0.033926 --> -0.027515, len_BS = 3334
Blocksize strategy selection process: -0.033925 --> -0.027515, len_BS = 3350
Blocksize strategy selection process: -0.033922 --> -0.027515, len_BS = 3350
Blocksize strategy selection process: -0.033921 --> -0.027515, len_BS = 3361
Blocksize strategy selection process: -0.033918 --> -0.027515, len_BS = 3364
Blocksize strategy selection process: -0.033917 --> -0.027515, len_BS = 3372
Blocksize strategy selection process: -0.033877 --> -0.027515, len_BS = 3373
Blocksize strategy selection process: -0.033787 --> -0.027515, len_BS = 3408
Blocksize strategy selection process: -0.033775 --> -0.027515, len_BS = 3411
Blocksize strategy selection process: -0.033696 --> -0.027515, len_BS = 3431
Blocksize strategy selection process: -0.033695 --> -0.027515, len_BS = 3412
Blocksize strategy selection process: -0.033694 --> -0.027515, len_BS = 3408
Blocksize strategy selection process: -0.033693 --> -0.027515, len_BS = 3438
Blocksize strategy selection process: -0.033690 --> -0.027515, len_BS = 3442
Blocksize strategy selection process: -0.033689 --> -0.027515, len_BS = 3448
Blocksize strategy selection process: -0.033688 --> -0.027515, len_BS = 3448
Blocksize strategy selection process: -0.033686 --> -0.027515, len_BS = 3448
Blocksize strategy selection process: -0.033685 --> -0.027515, len_BS = 3459
Blocksize strategy selection process: -0.033681 --> -0.027515, len_BS = 3461
Blocksize strategy selection process: -0.033637 --> -0.027515, len_BS = 3469
Blocksize strategy selection process: -0.033636 --> -0.027515, len_BS = 3482
Blocksize strategy selection process: -0.033635 --> -0.027515, len_BS = 3483
Blocksize strategy selection process: -0.033632 --> -0.027515, len_BS = 3486
Blocksize strategy selection process: -0.033631 --> -0.027515, len_BS = 3496
Blocksize strategy selection process: -0.033628 --> -0.027515, len_BS = 3500
Blocksize strategy selection process: -0.033625 --> -0.027515, len_BS = 3507
Blocksize strategy selection process: -0.033621 --> -0.027515, len_BS = 3514
Blocksize strategy selection process: -0.033617 --> -0.027515, len_BS = 3525
Blocksize strategy selection process: -0.033613 --> -0.027515, len_BS = 3535
Blocksize strategy selection process: -0.033610 --> -0.027515, len_BS = 3546
Blocksize strategy selection process: -0.033609 --> -0.027515, len_BS = 3554
Blocksize strategy selection process: -0.033605 --> -0.027515, len_BS = 3555
Blocksize strategy selection process: -0.033559 --> -0.027515, len_BS = 3564
Blocksize strategy selection process: -0.033558 --> -0.027515, len_BS = 3585
Blocksize strategy selection process: -0.033555 --> -0.027515, len_BS = 3588
Blocksize strategy selection process: -0.033554 --> -0.027515, len_BS = 3594
Blocksize strategy selection process: -0.033551 --> -0.027515, len_BS = 3594
Blocksize strategy selection process: -0.033548 --> -0.027515, len_BS = 3599
Blocksize strategy selection process: -0.033547 --> -0.027515, len_BS = 3602
Blocksize strategy selection process: -0.033543 --> -0.027515, len_BS = 3603
Blocksize strategy selection process: -0.033540 --> -0.027515, len_BS = 3615
Blocksize strategy selection process: -0.033539 --> -0.027515, len_BS = 3619
Blocksize strategy selection process: -0.033536 --> -0.027515, len_BS = 3621
Blocksize strategy selection process: -0.033533 --> -0.027515, len_BS = 3626
Blocksize strategy selection process: -0.033490 --> -0.027515, len_BS = 3636
Blocksize strategy selection process: -0.033481 --> -0.027515, len_BS = 3657
Blocksize strategy selection process: -0.033480 --> -0.027515, len_BS = 3678
Blocksize strategy selection process: -0.033477 --> -0.027515, len_BS = 3681
Blocksize strategy selection process: -0.033476 --> -0.027515, len_BS = 3686
Blocksize strategy selection process: -0.033473 --> -0.027515, len_BS = 3687
Blocksize strategy selection process: -0.033470 --> -0.027515, len_BS = 3699
Blocksize strategy selection process: -0.033466 --> -0.027515, len_BS = 3702
Blocksize strategy selection process: -0.033462 --> -0.027515, len_BS = 3712
Blocksize strategy selection process: -0.033458 --> -0.027515, len_BS = 3716
Blocksize strategy selection process: -0.033455 --> -0.027515, len_BS = 3723
Blocksize strategy selection process: -0.033437 --> -0.027515, len_BS = 3731
Blocksize strategy selection process: -0.033432 --> -0.027515, len_BS = 3754
Blocksize strategy selection process: -0.033429 --> -0.027515, len_BS = 3765
Blocksize strategy selection process: -0.033427 --> -0.027515, len_BS = 3770
Blocksize strategy selection process: -0.033426 --> -0.027515, len_BS = 3775
Blocksize strategy selection process: -0.033414 --> -0.027515, len_BS = 3775
Blocksize strategy selection process: -0.033412 --> -0.027515, len_BS = 3787
Blocksize strategy selection process: -0.033411 --> -0.027515, len_BS = 3795
Blocksize strategy selection process: -0.033409 --> -0.027515, len_BS = 3795
Blocksize strategy selection process: -0.033360 --> -0.027515, len_BS = 3797
Blocksize strategy selection process: -0.033359 --> -0.027515, len_BS = 3815
Blocksize strategy selection process: -0.033355 --> -0.027515, len_BS = 3815
Blocksize strategy selection process: -0.033352 --> -0.027515, len_BS = 3827
Blocksize strategy selection process: -0.033351 --> -0.027515, len_BS = 3834
Blocksize strategy selection process: -0.033350 --> -0.027515, len_BS = 3836
Blocksize strategy selection process: -0.033349 --> -0.027515, len_BS = 3840
Blocksize strategy selection process: -0.033337 --> -0.027515, len_BS = 3842
Blocksize strategy selection process: -0.033334 --> -0.027515, len_BS = 3859
Blocksize strategy selection process: -0.033332 --> -0.027515, len_BS = 3864
Blocksize strategy selection process: -0.033282 --> -0.027515, len_BS = 3871
Blocksize strategy selection process: -0.033277 --> -0.027515, len_BS = 3891
Blocksize strategy selection process: -0.033274 --> -0.027515, len_BS = 3901
Blocksize strategy selection process: -0.033272 --> -0.027515, len_BS = 3909
Blocksize strategy selection process: -0.033271 --> -0.027515, len_BS = 3912
Blocksize strategy selection process: -0.033176 --> -0.027515, len_BS = 3912
Blocksize strategy selection process: -0.033175 --> -0.027515, len_BS = 3867
Blocksize strategy selection process: -0.033167 --> -0.027515, len_BS = 3869
Blocksize strategy selection process: -0.033163 --> -0.027515, len_BS = 3887
Blocksize strategy selection process: -0.033162 --> -0.027515, len_BS = 3896
Blocksize strategy selection process: -0.033159 --> -0.027515, len_BS = 3896
Blocksize strategy selection process: -0.033156 --> -0.027515, len_BS = 3903
Blocksize strategy selection process: -0.033152 --> -0.027515, len_BS = 3911
Blocksize strategy selection process: -0.033149 --> -0.027515, len_BS = 3920
Blocksize strategy selection process: -0.033146 --> -0.027515, len_BS = 3930
Blocksize strategy selection process: -0.033145 --> -0.027515, len_BS = 3939
Blocksize strategy selection process: -0.033143 --> -0.027515, len_BS = 3940
Blocksize strategy selection process: -0.033142 --> -0.027515, len_BS = 3946
Blocksize strategy selection process: -0.033138 --> -0.027515, len_BS = 3946
Blocksize strategy selection process: -0.033126 --> -0.027515, len_BS = 3956
Blocksize strategy selection process: -0.033125 --> -0.027515, len_BS = 3983
Blocksize strategy selection process: -0.033121 --> -0.027515, len_BS = 3985
Blocksize strategy selection process: -0.033119 --> -0.027515, len_BS = 3996
Blocksize strategy selection process: -0.033118 --> -0.027515, len_BS = 4003
Blocksize strategy selection process: -0.033116 --> -0.027515, len_BS = 4004
Blocksize strategy selection process: -0.033115 --> -0.027515, len_BS = 4008
Blocksize strategy selection process: -0.033105 --> -0.027515, len_BS = 4013
Blocksize strategy selection process: -0.033102 --> -0.027515, len_BS = 4041
Blocksize strategy selection process: -0.033101 --> -0.027515, len_BS = 4046
Blocksize strategy selection process: -0.033100 --> -0.027515, len_BS = 4047
Blocksize strategy selection process: -0.033071 --> -0.027515, len_BS = 4053
Blocksize strategy selection process: -0.033068 --> -0.027515, len_BS = 4086
Blocksize strategy selection process: -0.033067 --> -0.027515, len_BS = 4094
Blocksize strategy selection process: -0.033066 --> -0.027515, len_BS = 4096
Blocksize strategy selection process: -0.033065 --> -0.027515, len_BS = 4103
Blocksize strategy selection process: -0.033064 --> -0.027515, len_BS = 4103
Blocksize strategy selection process: -0.033063 --> -0.027515, len_BS = 4107
Blocksize strategy selection process: -0.033062 --> -0.027515, len_BS = 4108
Blocksize strategy selection process: -0.033061 --> -0.027515, len_BS = 4111
Blocksize strategy selection process: -0.033051 --> -0.027515, len_BS = 4115
Blocksize strategy selection process: -0.032993 --> -0.027515, len_BS = 4144
Blocksize strategy selection process: -0.032948 --> -0.027515, len_BS = 4153
Blocksize strategy selection process: -0.032945 --> -0.027515, len_BS = 4153
Blocksize strategy selection process: -0.032915 --> -0.027515, len_BS = 4159
Blocksize strategy selection process: -0.032913 --> -0.027515, len_BS = 4174
Blocksize strategy selection process: -0.032912 --> -0.027515, len_BS = 4178
Blocksize strategy selection process: -0.032910 --> -0.027515, len_BS = 4179
Blocksize strategy selection process: -0.032909 --> -0.027515, len_BS = 4187
Blocksize strategy selection process: -0.032837 --> -0.027515, len_BS = 4188
Blocksize strategy selection process: -0.032835 --> -0.027515, len_BS = 4198
Blocksize strategy selection process: -0.032834 --> -0.027515, len_BS = 4204
Blocksize strategy selection process: -0.032832 --> -0.027515, len_BS = 4206
Blocksize strategy selection process: -0.032759 --> -0.027515, len_BS = 4208
Blocksize strategy selection process: -0.032756 --> -0.027515, len_BS = 4188
Blocksize strategy selection process: -0.032719 --> -0.027515, len_BS = 4193
Blocksize strategy selection process: -0.032705 --> -0.027515, len_BS = 4221
Blocksize strategy selection process: -0.032704 --> -0.027515, len_BS = 4237
Blocksize strategy selection process: -0.032703 --> -0.027515, len_BS = 4238
Blocksize strategy selection process: -0.032693 --> -0.027515, len_BS = 4239
Blocksize strategy selection process: -0.032692 --> -0.027515, len_BS = 4255
Blocksize strategy selection process: -0.032691 --> -0.027515, len_BS = 4257
Blocksize strategy selection process: -0.032690 --> -0.027515, len_BS = 4257
Blocksize strategy selection process: -0.032689 --> -0.027515, len_BS = 4257
Blocksize strategy selection process: -0.032688 --> -0.027515, len_BS = 4258
Blocksize strategy selection process: -0.032642 --> -0.027515, len_BS = 4259
Blocksize strategy selection process: -0.032628 --> -0.027515, len_BS = 4263
Blocksize strategy selection process: -0.032627 --> -0.027515, len_BS = 4280
Blocksize strategy selection process: -0.032597 --> -0.027515, len_BS = 4280
Blocksize strategy selection process: -0.032546 --> -0.027515, len_BS = 4302
Blocksize strategy selection process: -0.032538 --> -0.027515, len_BS = 4311
Blocksize strategy selection process: -0.032537 --> -0.027515, len_BS = 4320
Blocksize strategy selection process: -0.032536 --> -0.027515, len_BS = 4320
Blocksize strategy selection process: -0.032535 --> -0.027515, len_BS = 4321
Blocksize strategy selection process: -0.032534 --> -0.027515, len_BS = 4322
Blocksize strategy selection process: -0.032533 --> -0.027515, len_BS = 4322
Blocksize strategy selection process: -0.032438 --> -0.027515, len_BS = 4323
Blocksize strategy selection process: -0.032432 --> -0.027515, len_BS = 4272
Blocksize strategy selection process: -0.032431 --> -0.027515, len_BS = 4265
Blocksize strategy selection process: -0.032430 --> -0.027515, len_BS = 4267
Blocksize strategy selection process: -0.032429 --> -0.027515, len_BS = 4267
Blocksize strategy selection process: -0.032428 --> -0.027515, len_BS = 4269
Blocksize strategy selection process: -0.032427 --> -0.027515, len_BS = 4271
Blocksize strategy selection process: -0.032425 --> -0.027515, len_BS = 4272
Blocksize strategy selection process: -0.032424 --> -0.027515, len_BS = 4272
Blocksize strategy selection process: -0.032423 --> -0.027515, len_BS = 4272
Blocksize strategy selection process: -0.032355 --> -0.027515, len_BS = 4272
Blocksize strategy selection process: -0.032353 --> -0.027515, len_BS = 4260
Blocksize strategy selection process: -0.032352 --> -0.027515, len_BS = 4263
Blocksize strategy selection process: -0.032351 --> -0.027515, len_BS = 4266
Blocksize strategy selection process: -0.032350 --> -0.027515, len_BS = 4267
Blocksize strategy selection process: -0.032347 --> -0.027515, len_BS = 4268
Blocksize strategy selection process: -0.032333 --> -0.027515, len_BS = 4271
Blocksize strategy selection process: -0.032330 --> -0.027515, len_BS = 4282
Blocksize strategy selection process: -0.032329 --> -0.027515, len_BS = 4286
Blocksize strategy selection process: -0.032277 --> -0.027515, len_BS = 4286
Blocksize strategy selection process: -0.032276 --> -0.027515, len_BS = 4283
Blocksize strategy selection process: -0.032275 --> -0.027515, len_BS = 4284
Blocksize strategy selection process: -0.032274 --> -0.027515, len_BS = 4284
Blocksize strategy selection process: -0.032273 --> -0.027515, len_BS = 4284
Blocksize strategy selection process: -0.032272 --> -0.027515, len_BS = 4285
Blocksize strategy selection process: -0.032225 --> -0.027515, len_BS = 4286
Blocksize strategy selection process: -0.032223 --> -0.027515, len_BS = 4293
Blocksize strategy selection process: -0.032169 --> -0.027515, len_BS = 4294
Blocksize strategy selection process: -0.032157 --> -0.027515, len_BS = 4291
Blocksize strategy selection process: -0.032132 --> -0.027515, len_BS = 4304
Blocksize strategy selection process: -0.032131 --> -0.027515, len_BS = 4319
Blocksize strategy selection process: -0.032077 --> -0.027515, len_BS = 4319
Blocksize strategy selection process: -0.032042 --> -0.027515, len_BS = 4320
Blocksize strategy selection process: -0.032040 --> -0.027515, len_BS = 4332
Blocksize strategy selection process: -0.032039 --> -0.027515, len_BS = 4332
Blocksize strategy selection process: -0.031949 --> -0.027515, len_BS = 4332
Blocksize strategy selection process: -0.031917 --> -0.027515, len_BS = 4314
Blocksize strategy selection process: -0.031869 --> -0.027515, len_BS = 4334
Blocksize strategy selection process: -0.031802 --> -0.027515, len_BS = 4336
Blocksize strategy selection process: -0.031762 --> -0.027515, len_BS = 4338
Blocksize strategy selection process: -0.031722 --> -0.027515, len_BS = 4350
Blocksize strategy selection process: -0.031721 --> -0.027515, len_BS = 4363
Blocksize strategy selection process: -0.031673 --> -0.027515, len_BS = 4363
Blocksize strategy selection process: -0.031649 --> -0.027515, len_BS = 4369
Blocksize strategy selection process: -0.031567 --> -0.027515, len_BS = 4386
Blocksize strategy selection process: -0.031529 --> -0.027515, len_BS = 4382
Blocksize strategy selection process: -0.031528 --> -0.027515, len_BS = 4394
Blocksize strategy selection process: -0.031527 --> -0.027515, len_BS = 4395
Blocksize strategy selection process: -0.031526 --> -0.027515, len_BS = 4395
Blocksize strategy selection process: -0.031524 --> -0.027515, len_BS = 4395
Blocksize strategy selection process: -0.031500 --> -0.027515, len_BS = 4395
Blocksize strategy selection process: -0.031497 --> -0.027515, len_BS = 4409
Blocksize strategy selection process: -0.031447 --> -0.027515, len_BS = 4411
Blocksize strategy selection process: -0.031446 --> -0.027515, len_BS = 4412
Blocksize strategy selection process: -0.031445 --> -0.027515, len_BS = 4412
Blocksize strategy selection process: -0.031442 --> -0.027515, len_BS = 4412
Blocksize strategy selection process: -0.031440 --> -0.027515, len_BS = 4415
Blocksize strategy selection process: -0.031432 --> -0.027515, len_BS = 4419
Blocksize strategy selection process: -0.031421 --> -0.027515, len_BS = 4421
Blocksize strategy selection process: -0.031378 --> -0.027515, len_BS = 4428
Blocksize strategy selection process: -0.031377 --> -0.027515, len_BS = 4437
Blocksize strategy selection process: -0.031376 --> -0.027515, len_BS = 4437
Blocksize strategy selection process: -0.031284 --> -0.027515, len_BS = 4437
Blocksize strategy selection process: -0.031283 --> -0.027515, len_BS = 4423
Blocksize strategy selection process: -0.031198 --> -0.027515, len_BS = 4423
Blocksize strategy selection process: -0.031187 --> -0.027515, len_BS = 4411
Blocksize strategy selection process: -0.031178 --> -0.027515, len_BS = 4413
Blocksize strategy selection process: -0.031174 --> -0.027515, len_BS = 4416
Blocksize strategy selection process: -0.031173 --> -0.027515, len_BS = 4419
Blocksize strategy selection process: -0.031171 --> -0.027515, len_BS = 4421
Blocksize strategy selection process: -0.031125 --> -0.027515, len_BS = 4421
Blocksize strategy selection process: -0.031122 --> -0.027515, len_BS = 4425
Blocksize strategy selection process: -0.031057 --> -0.027515, len_BS = 4427
Blocksize strategy selection process: -0.030904 --> -0.027515, len_BS = 4424
Blocksize strategy selection process: -0.030903 --> -0.027515, len_BS = 4395
Blocksize strategy selection process: -0.030887 --> -0.027515, len_BS = 4395
Blocksize strategy selection process: -0.030885 --> -0.027515, len_BS = 4401
Blocksize strategy selection process: -0.030884 --> -0.027515, len_BS = 4404
Blocksize strategy selection process: -0.030882 --> -0.027515, len_BS = 4405
Blocksize strategy selection process: -0.030881 --> -0.027515, len_BS = 4405
Blocksize strategy selection process: -0.030880 --> -0.027515, len_BS = 4406
Blocksize strategy selection process: -0.030874 --> -0.027515, len_BS = 4407
Blocksize strategy selection process: -0.030873 --> -0.027515, len_BS = 4407
Blocksize strategy selection process: -0.030810 --> -0.027515, len_BS = 4407
Blocksize strategy selection process: -0.030797 --> -0.027515, len_BS = 4410
Blocksize strategy selection process: -0.030792 --> -0.027515, len_BS = 4417
Blocksize strategy selection process: -0.030726 --> -0.027515, len_BS = 4423
Blocksize strategy selection process: -0.030678 --> -0.027515, len_BS = 4422
Blocksize strategy selection process: -0.030677 --> -0.027515, len_BS = 4423
Blocksize strategy selection process: -0.030667 --> -0.027515, len_BS = 4423
Blocksize strategy selection process: -0.030664 --> -0.027515, len_BS = 4423
Blocksize strategy selection process: -0.030655 --> -0.027515, len_BS = 4423
Blocksize strategy selection process: -0.030653 --> -0.027515, len_BS = 4423
Blocksize strategy selection process: -0.030637 --> -0.027515, len_BS = 4425
Blocksize strategy selection process: -0.030592 --> -0.027515, len_BS = 4431
Blocksize strategy selection process: -0.030585 --> -0.027515, len_BS = 4440
Blocksize strategy selection process: -0.030582 --> -0.027515, len_BS = 4442
Blocksize strategy selection process: -0.030576 --> -0.027515, len_BS = 4443
Blocksize strategy selection process: -0.030565 --> -0.027515, len_BS = 4446
Blocksize strategy selection process: -0.030558 --> -0.027515, len_BS = 4448
Blocksize strategy selection process: -0.030557 --> -0.027515, len_BS = 4452
Blocksize strategy selection process: -0.030514 --> -0.027515, len_BS = 4452
Blocksize strategy selection process: -0.030513 --> -0.027515, len_BS = 4454
Blocksize strategy selection process: -0.030511 --> -0.027515, len_BS = 4455
Blocksize strategy selection process: -0.030505 --> -0.027515, len_BS = 4456
Blocksize strategy selection process: -0.030460 --> -0.027515, len_BS = 4460
Blocksize strategy selection process: -0.030443 --> -0.027515, len_BS = 4463
Blocksize strategy selection process: -0.030442 --> -0.027515, len_BS = 4466
Blocksize strategy selection process: -0.030426 --> -0.027515, len_BS = 4466
Blocksize strategy selection process: -0.030425 --> -0.027515, len_BS = 4471
Blocksize strategy selection process: -0.030380 --> -0.027515, len_BS = 4471
Blocksize strategy selection process: -0.030379 --> -0.027515, len_BS = 4473
Blocksize strategy selection process: -0.030373 --> -0.027515, len_BS = 4474
Blocksize strategy selection process: -0.030356 --> -0.027515, len_BS = 4476
Blocksize strategy selection process: -0.030312 --> -0.027515, len_BS = 4479
Blocksize strategy selection process: -0.030243 --> -0.027515, len_BS = 4481
Blocksize strategy selection process: -0.030227 --> -0.027515, len_BS = 4482
Blocksize strategy selection process: -0.030173 --> -0.027515, len_BS = 4485
Blocksize strategy selection process: -0.030119 --> -0.027515, len_BS = 4487
Blocksize strategy selection process: -0.030037 --> -0.027515, len_BS = 4493
Blocksize strategy selection process: -0.029917 --> -0.027515, len_BS = 4488
Blocksize strategy selection process: -0.029916 --> -0.027515, len_BS = 4482
Blocksize strategy selection process: -0.029902 --> -0.027515, len_BS = 4482
Blocksize strategy selection process: -0.029861 --> -0.027515, len_BS = 4481
Blocksize strategy selection process: -0.029859 --> -0.027515, len_BS = 4484
Blocksize strategy selection process: -0.029814 --> -0.027515, len_BS = 4484
Blocksize strategy selection process: -0.029811 --> -0.027515, len_BS = 4487
Blocksize strategy selection process: -0.029767 --> -0.027515, len_BS = 4489
Blocksize strategy selection process: -0.029722 --> -0.027515, len_BS = 4494
Blocksize strategy selection process: -0.029661 --> -0.027515, len_BS = 4497
Blocksize strategy selection process: -0.029660 --> -0.027515, len_BS = 4501
Blocksize strategy selection process: -0.029659 --> -0.027515, len_BS = 4501
Blocksize strategy selection process: -0.029598 --> -0.027515, len_BS = 4501
Blocksize strategy selection process: -0.029595 --> -0.027515, len_BS = 4504
Blocksize strategy selection process: -0.029574 --> -0.027515, len_BS = 4504
Blocksize strategy selection process: -0.029534 --> -0.027515, len_BS = 4508
Blocksize strategy selection process: -0.029533 --> -0.027515, len_BS = 4511
Blocksize strategy selection process: -0.029467 --> -0.027515, len_BS = 4511
Blocksize strategy selection process: -0.029448 --> -0.027515, len_BS = 4513
Blocksize strategy selection process: -0.029404 --> -0.027515, len_BS = 4515
Blocksize strategy selection process: -0.029343 --> -0.027515, len_BS = 4516
Blocksize strategy selection process: -0.029324 --> -0.027515, len_BS = 4518
Blocksize strategy selection process: -0.029320 --> -0.027515, len_BS = 4518
Blocksize strategy selection process: -0.029316 --> -0.027515, len_BS = 4518
Blocksize strategy selection process: -0.029311 --> -0.027515, len_BS = 4519
Blocksize strategy selection process: -0.029308 --> -0.027515, len_BS = 4519
Blocksize strategy selection process: -0.029237 --> -0.027515, len_BS = 4519
Blocksize strategy selection process: -0.029236 --> -0.027515, len_BS = 4521
Blocksize strategy selection process: -0.029177 --> -0.027515, len_BS = 4521
Blocksize strategy selection process: -0.029096 --> -0.027515, len_BS = 4525
Blocksize strategy selection process: -0.029087 --> -0.027515, len_BS = 4526
Blocksize strategy selection process: -0.029077 --> -0.027515, len_BS = 4526
Blocksize strategy selection process: -0.029035 --> -0.027515, len_BS = 4526
Blocksize strategy selection process: -0.028978 --> -0.027515, len_BS = 4529
Blocksize strategy selection process: -0.028925 --> -0.027515, len_BS = 4529
Blocksize strategy selection process: -0.028888 --> -0.027515, len_BS = 4531
Blocksize strategy selection process: -0.028886 --> -0.027515, len_BS = 4531
Blocksize strategy selection process: -0.028873 --> -0.027515, len_BS = 4531
Blocksize strategy selection process: -0.028834 --> -0.027515, len_BS = 4531
Blocksize strategy selection process: -0.028808 --> -0.027515, len_BS = 4532
Blocksize strategy selection process: -0.028746 --> -0.027515, len_BS = 4533
Blocksize strategy selection process: -0.028732 --> -0.027515, len_BS = 4533
Blocksize strategy selection process: -0.028729 --> -0.027515, len_BS = 4534
Blocksize strategy selection process: -0.028684 --> -0.027515, len_BS = 4534
Blocksize strategy selection process: -0.028654 --> -0.027515, len_BS = 4536
Blocksize strategy selection process: -0.028649 --> -0.027515, len_BS = 4536
Blocksize strategy selection process: -0.028646 --> -0.027515, len_BS = 4536
Blocksize strategy selection process: -0.028614 --> -0.027515, len_BS = 4536
Blocksize strategy selection process: -0.028552 --> -0.027515, len_BS = 4536
Blocksize strategy selection process: -0.028539 --> -0.027515, len_BS = 4536
Blocksize strategy selection process: -0.028536 --> -0.027515, len_BS = 4536
Blocksize strategy selection process: -0.028510 --> -0.027515, len_BS = 4536
Blocksize strategy selection process: -0.028509 --> -0.027515, len_BS = 4536
Blocksize strategy selection process: -0.028480 --> -0.027515, len_BS = 4536
Blocksize strategy selection process: -0.028419 --> -0.027515, len_BS = 4536
Blocksize strategy selection process: -0.028417 --> -0.027515, len_BS = 4536
Blocksize strategy selection process: -0.028404 --> -0.027515, len_BS = 4536
Blocksize strategy selection process: -0.028368 --> -0.027515, len_BS = 4536
Blocksize strategy selection process: -0.028355 --> -0.027515, len_BS = 4536
Blocksize strategy selection process: -0.028354 --> -0.027515, len_BS = 4536
Blocksize strategy selection process: -0.028353 --> -0.027515, len_BS = 4536
Blocksize strategy selection process: -0.028328 --> -0.027515, len_BS = 4536
Blocksize strategy selection process: -0.028327 --> -0.027515, len_BS = 4536
Blocksize strategy selection process: -0.028289 --> -0.027515, len_BS = 4536
Blocksize strategy selection process: -0.028285 --> -0.027515, len_BS = 4536
Blocksize strategy selection process: -0.028248 --> -0.027515, len_BS = 4536
Blocksize strategy selection process: -0.028243 --> -0.027515, len_BS = 4536
Blocksize strategy selection process: -0.028242 --> -0.027515, len_BS = 4536
Blocksize strategy selection process: -0.028202 --> -0.027515, len_BS = 4536
Blocksize strategy selection process: -0.028201 --> -0.027515, len_BS = 4537
Blocksize strategy selection process: -0.028166 --> -0.027515, len_BS = 4537
Blocksize strategy selection process: -0.028161 --> -0.027515, len_BS = 4537
Blocksize strategy selection process: -0.028149 --> -0.027515, len_BS = 4537
Blocksize strategy selection process: -0.028122 --> -0.027515, len_BS = 4537
Blocksize strategy selection process: -0.028121 --> -0.027515, len_BS = 4537
Blocksize strategy selection process: -0.028120 --> -0.027515, len_BS = 4537
Blocksize strategy selection process: -0.028119 --> -0.027515, len_BS = 4537
Blocksize strategy selection process: -0.028118 --> -0.027515, len_BS = 4537
Blocksize strategy selection process: -0.028117 --> -0.027515, len_BS = 4537
Blocksize strategy selection process: -0.028116 --> -0.027515, len_BS = 4537
Blocksize strategy selection process: -0.028115 --> -0.027515, len_BS = 4537
Blocksize strategy selection process: -0.028093 --> -0.027515, len_BS = 4537
Blocksize strategy selection process: -0.028092 --> -0.027515, len_BS = 4537
Blocksize strategy selection process: -0.028091 --> -0.027515, len_BS = 4537
Blocksize strategy selection process: -0.028090 --> -0.027515, len_BS = 4537
Blocksize strategy selection process: -0.028089 --> -0.027515, len_BS = 4537
Blocksize strategy selection process: -0.028047 --> -0.027515, len_BS = 4537
Blocksize strategy selection process: -0.028037 --> -0.027515, len_BS = 4537
Blocksize strategy selection process: -0.028011 --> -0.027515, len_BS = 4537
Blocksize strategy selection process: -0.028010 --> -0.027515, len_BS = 4538
Blocksize strategy selection process: -0.028009 --> -0.027515, len_BS = 4538
Blocksize strategy selection process: -0.028008 --> -0.027515, len_BS = 4538
Blocksize strategy selection process: -0.028007 --> -0.027515, len_BS = 4538
Blocksize strategy selection process: -0.027987 --> -0.027515, len_BS = 4538
Blocksize strategy selection process: -0.027986 --> -0.027515, len_BS = 4538
Blocksize strategy selection process: -0.027985 --> -0.027515, len_BS = 4538
Blocksize strategy selection process: -0.027984 --> -0.027515, len_BS = 4538
Blocksize strategy selection process: -0.027983 --> -0.027515, len_BS = 4538
Blocksize strategy selection process: -0.027982 --> -0.027515, len_BS = 4538
Blocksize strategy selection process: -0.027981 --> -0.027515, len_BS = 4538
Blocksize strategy selection process: -0.027980 --> -0.027515, len_BS = 4538
Blocksize strategy selection process: -0.027979 --> -0.027515, len_BS = 4538
Blocksize strategy selection process: -0.027978 --> -0.027515, len_BS = 4538
Blocksize strategy selection process: -0.027977 --> -0.027515, len_BS = 4538
Blocksize strategy selection process: -0.027976 --> -0.027515, len_BS = 4538
Blocksize strategy selection process: -0.027975 --> -0.027515, len_BS = 4538
Blocksize strategy selection process: -0.027974 --> -0.027515, len_BS = 4538
Blocksize strategy selection process: -0.027973 --> -0.027515, len_BS = 4538
Blocksize strategy selection process: -0.027972 --> -0.027515, len_BS = 4538
Blocksize strategy selection process: -0.027953 --> -0.027515, len_BS = 4538
Blocksize strategy selection process: -0.027952 --> -0.027515, len_BS = 4538
Blocksize strategy selection process: -0.027951 --> -0.027515, len_BS = 4538
Blocksize strategy selection process: -0.027950 --> -0.027515, len_BS = 4538
Blocksize strategy selection process: -0.027949 --> -0.027515, len_BS = 4538
Blocksize strategy selection process: -0.027948 --> -0.027515, len_BS = 4538
Blocksize strategy selection process: -0.027947 --> -0.027515, len_BS = 4538
Blocksize strategy selection process: -0.027946 --> -0.027515, len_BS = 4538
Blocksize strategy selection process: -0.027910 --> -0.027515, len_BS = 4538
Blocksize strategy selection process: -0.027887 --> -0.027515, len_BS = 4538
Blocksize strategy selection process: -0.027884 --> -0.027515, len_BS = 4538
Blocksize strategy selection process: -0.027883 --> -0.027515, len_BS = 4538
Blocksize strategy selection process: -0.027882 --> -0.027515, len_BS = 4538
Blocksize strategy selection process: -0.027881 --> -0.027515, len_BS = 4538
Blocksize strategy selection process: -0.027880 --> -0.027515, len_BS = 4538
Blocksize strategy selection process: -0.027879 --> -0.027515, len_BS = 4538
Blocksize strategy selection process: -0.027878 --> -0.027515, len_BS = 4538
Blocksize strategy selection process: -0.027877 --> -0.027515, len_BS = 4538
Blocksize strategy selection process: -0.027876 --> -0.027515, len_BS = 4538
Blocksize strategy selection process: -0.027875 --> -0.027515, len_BS = 4538
Blocksize strategy selection process: -0.027873 --> -0.027515, len_BS = 4538
Blocksize strategy selection process: -0.027872 --> -0.027515, len_BS = 4538
Blocksize strategy selection process: -0.027871 --> -0.027515, len_BS = 4538
Blocksize strategy selection process: -0.027870 --> -0.027515, len_BS = 4538
Blocksize strategy selection process: -0.027869 --> -0.027515, len_BS = 4538
Blocksize strategy selection process: -0.027868 --> -0.027515, len_BS = 4538
Blocksize strategy selection process: -0.027867 --> -0.027515, len_BS = 4538
Blocksize strategy selection process: -0.027866 --> -0.027515, len_BS = 4538
Blocksize strategy selection process: -0.027865 --> -0.027515, len_BS = 4538
Blocksize strategy selection process: -0.027864 --> -0.027515, len_BS = 4538
Blocksize strategy selection process: -0.027863 --> -0.027515, len_BS = 4538
Blocksize strategy selection process: -0.027862 --> -0.027515, len_BS = 4538
Blocksize strategy selection process: -0.027861 --> -0.027515, len_BS = 4538
Blocksize strategy selection process: -0.027860 --> -0.027515, len_BS = 4538
Blocksize strategy selection process: -0.027859 --> -0.027515, len_BS = 4538
Blocksize strategy selection process: -0.027858 --> -0.027515, len_BS = 4538
Blocksize strategy selection process: -0.027857 --> -0.027515, len_BS = 4538
Blocksize strategy selection process: -0.027856 --> -0.027515, len_BS = 4538
Blocksize strategy selection process: -0.027855 --> -0.027515, len_BS = 4538
Blocksize strategy selection process: -0.027854 --> -0.027515, len_BS = 4538
Blocksize strategy selection process: -0.027853 --> -0.027515, len_BS = 4538
Blocksize strategy selection process: -0.027852 --> -0.027515, len_BS = 4538
Blocksize strategy selection process: -0.027851 --> -0.027515, len_BS = 4538
Blocksize strategy selection process: -0.027850 --> -0.027515, len_BS = 4538
Blocksize strategy selection process: -0.027849 --> -0.027515, len_BS = 4538
Blocksize strategy selection process: -0.027848 --> -0.027515, len_BS = 4538
Blocksize strategy selection process: -0.027847 --> -0.027515, len_BS = 4538
Blocksize strategy selection process: -0.027831 --> -0.027515, len_BS = 4538
Blocksize strategy selection process: -0.027830 --> -0.027515, len_BS = 4538
Blocksize strategy selection process: -0.027829 --> -0.027515, len_BS = 4538
Blocksize strategy selection process: -0.027828 --> -0.027515, len_BS = 4538
Blocksize strategy selection process: -0.027827 --> -0.027515, len_BS = 4538
Blocksize strategy selection process: -0.027826 --> -0.027515, len_BS = 4538
Blocksize strategy selection process: -0.027825 --> -0.027515, len_BS = 4538
Blocksize strategy selection process: -0.027824 --> -0.027515, len_BS = 4538
Blocksize strategy selection process: -0.027823 --> -0.027515, len_BS = 4538
Blocksize strategy selection process: -0.027822 --> -0.027515, len_BS = 4538
Blocksize strategy selection process: -0.027821 --> -0.027515, len_BS = 4538
Blocksize strategy selection process: -0.027820 --> -0.027515, len_BS = 4538
Blocksize strategy selection process: -0.027819 --> -0.027515, len_BS = 4538
Blocksize strategy selection process: -0.027818 --> -0.027515, len_BS = 4538
Blocksize strategy selection process: -0.027803 --> -0.027515, len_BS = 4538
Blocksize strategy selection process: -0.027802 --> -0.027515, len_BS = 4538
Blocksize strategy selection process: -0.027801 --> -0.027515, len_BS = 4538
Blocksize strategy selection process: -0.027800 --> -0.027515, len_BS = 4538
Blocksize strategy selection process: -0.027799 --> -0.027515, len_BS = 4538
Blocksize strategy selection process: -0.027798 --> -0.027515, len_BS = 4538
Blocksize strategy selection process: -0.027797 --> -0.027515, len_BS = 4538
Blocksize strategy selection process: -0.027796 --> -0.027515, len_BS = 4538
Blocksize strategy selection process: -0.027795 --> -0.027515, len_BS = 4538
Blocksize strategy selection process: -0.027794 --> -0.027515, len_BS = 4538
Blocksize strategy selection process: -0.027793 --> -0.027515, len_BS = 4538
Blocksize strategy selection process: -0.027792 --> -0.027515, len_BS = 4538
Blocksize strategy selection process: -0.027791 --> -0.027515, len_BS = 4538
Blocksize strategy selection process: -0.027776 --> -0.027515, len_BS = 4538
Blocksize strategy selection process: -0.027775 --> -0.027515, len_BS = 4538
Blocksize strategy selection process: -0.027774 --> -0.027515, len_BS = 4538
Blocksize strategy selection process: -0.027773 --> -0.027515, len_BS = 4538
Blocksize strategy selection process: -0.027772 --> -0.027515, len_BS = 4538
Blocksize strategy selection process: -0.027771 --> -0.027515, len_BS = 4538
Blocksize strategy selection process: -0.027770 --> -0.027515, len_BS = 4538
Blocksize strategy selection process: -0.027769 --> -0.027515, len_BS = 4538
Blocksize strategy selection process: -0.027768 --> -0.027515, len_BS = 4538
Blocksize strategy selection process: -0.027767 --> -0.027515, len_BS = 4538
Blocksize strategy selection process: -0.027766 --> -0.027515, len_BS = 4538
Blocksize strategy selection process: -0.027765 --> -0.027515, len_BS = 4538
Blocksize strategy selection process: -0.027751 --> -0.027515, len_BS = 4538
Blocksize strategy selection process: -0.027750 --> -0.027515, len_BS = 4538
Blocksize strategy selection process: -0.027749 --> -0.027515, len_BS = 4538
Blocksize strategy selection process: -0.027748 --> -0.027515, len_BS = 4538
Blocksize strategy selection process: -0.027747 --> -0.027515, len_BS = 4538
Blocksize strategy selection process: -0.027746 --> -0.027515, len_BS = 4538
Blocksize strategy selection process: -0.027745 --> -0.027515, len_BS = 4538
Blocksize strategy selection process: -0.027744 --> -0.027515, len_BS = 4538
Blocksize strategy selection process: -0.027743 --> -0.027515, len_BS = 4538
Blocksize strategy selection process: -0.027742 --> -0.027515, len_BS = 4538
Blocksize strategy selection process: -0.027741 --> -0.027515, len_BS = 4538
Blocksize strategy selection process: -0.027727 --> -0.027515, len_BS = 4538
Blocksize strategy selection process: -0.027726 --> -0.027515, len_BS = 4538
Blocksize strategy selection process: -0.027725 --> -0.027515, len_BS = 4538
Blocksize strategy selection process: -0.027724 --> -0.027515, len_BS = 4538
Blocksize strategy selection process: -0.027723 --> -0.027515, len_BS = 4538
Blocksize strategy selection process: -0.027722 --> -0.027515, len_BS = 4538
Blocksize strategy selection process: -0.027721 --> -0.027515, len_BS = 4538
Blocksize strategy selection process: -0.027720 --> -0.027515, len_BS = 4538
Blocksize strategy selection process: -0.027719 --> -0.027515, len_BS = 4538
Blocksize strategy selection process: -0.027718 --> -0.027515, len_BS = 4538
Blocksize strategy selection process: -0.027717 --> -0.027515, len_BS = 4538
Blocksize strategy selection process: -0.027716 --> -0.027515, len_BS = 4538
Blocksize strategy selection process: -0.027703 --> -0.027515, len_BS = 4538
Blocksize strategy selection process: -0.027702 --> -0.027515, len_BS = 4538
Blocksize strategy selection process: -0.027701 --> -0.027515, len_BS = 4538
Blocksize strategy selection process: -0.027700 --> -0.027515, len_BS = 4538
Blocksize strategy selection process: -0.027699 --> -0.027515, len_BS = 4538
Blocksize strategy selection process: -0.027698 --> -0.027515, len_BS = 4538
Blocksize strategy selection process: -0.027697 --> -0.027515, len_BS = 4538
Blocksize strategy selection process: -0.027696 --> -0.027515, len_BS = 4538
Blocksize strategy selection process: -0.027695 --> -0.027515, len_BS = 4538
Blocksize strategy selection process: -0.027694 --> -0.027515, len_BS = 4538
Blocksize strategy selection process: -0.027682 --> -0.027515, len_BS = 4538
Blocksize strategy selection process: -0.027681 --> -0.027515, len_BS = 4538
Blocksize strategy selection process: -0.027680 --> -0.027515, len_BS = 4538
Blocksize strategy selection process: -0.027679 --> -0.027515, len_BS = 4538
Blocksize strategy selection process: -0.027678 --> -0.027515, len_BS = 4538
Blocksize strategy selection process: -0.027677 --> -0.027515, len_BS = 4538
Blocksize strategy selection process: -0.027676 --> -0.027515, len_BS = 4538
Blocksize strategy selection process: -0.027675 --> -0.027515, len_BS = 4538
Blocksize strategy selection process: -0.027674 --> -0.027515, len_BS = 4538
Blocksize strategy selection process: -0.027673 --> -0.027515, len_BS = 4538
Blocksize strategy selection process: -0.027672 --> -0.027515, len_BS = 4538
Blocksize strategy selection process: -0.027661 --> -0.027515, len_BS = 4538
Blocksize strategy selection process: -0.027660 --> -0.027515, len_BS = 4538
Blocksize strategy selection process: -0.027659 --> -0.027515, len_BS = 4538
Blocksize strategy selection process: -0.027658 --> -0.027515, len_BS = 4538
Blocksize strategy selection process: -0.027657 --> -0.027515, len_BS = 4538
Blocksize strategy selection process: -0.027656 --> -0.027515, len_BS = 4538
Blocksize strategy selection process: -0.027655 --> -0.027515, len_BS = 4538
Blocksize strategy selection process: -0.027654 --> -0.027515, len_BS = 4538
Blocksize strategy selection process: -0.027653 --> -0.027515, len_BS = 4538
Blocksize strategy selection process: -0.027642 --> -0.027515, len_BS = 4538
Blocksize strategy selection process: -0.027641 --> -0.027515, len_BS = 4538
Blocksize strategy selection process: -0.027640 --> -0.027515, len_BS = 4538
Blocksize strategy selection process: -0.027639 --> -0.027515, len_BS = 4538
Blocksize strategy selection process: -0.027638 --> -0.027515, len_BS = 4538
Blocksize strategy selection process: -0.027637 --> -0.027515, len_BS = 4538
Blocksize strategy selection process: -0.027636 --> -0.027515, len_BS = 4538
Blocksize strategy selection process: -0.027635 --> -0.027515, len_BS = 4538
Blocksize strategy selection process: -0.027634 --> -0.027515, len_BS = 4538
Blocksize strategy selection process: -0.027633 --> -0.027515, len_BS = 4538
Blocksize strategy selection process: -0.027624 --> -0.027515, len_BS = 4538
Blocksize strategy selection process: -0.027623 --> -0.027515, len_BS = 4538
Blocksize strategy selection process: -0.027622 --> -0.027515, len_BS = 4538
Blocksize strategy selection process: -0.027621 --> -0.027515, len_BS = 4538
Blocksize strategy selection process: -0.027620 --> -0.027515, len_BS = 4538
Blocksize strategy selection process: -0.027619 --> -0.027515, len_BS = 4538
Blocksize strategy selection process: -0.027618 --> -0.027515, len_BS = 4538
Blocksize strategy selection process: -0.027617 --> -0.027515, len_BS = 4538
Blocksize strategy selection process: -0.027616 --> -0.027515, len_BS = 4538
Blocksize strategy selection process: -0.027607 --> -0.027515, len_BS = 4538
Blocksize strategy selection process: -0.027606 --> -0.027515, len_BS = 4538
Blocksize strategy selection process: -0.027605 --> -0.027515, len_BS = 4538
Blocksize strategy selection process: -0.027604 --> -0.027515, len_BS = 4538
Blocksize strategy selection process: -0.027603 --> -0.027515, len_BS = 4538
Blocksize strategy selection process: -0.027602 --> -0.027515, len_BS = 4538
Blocksize strategy selection process: -0.027601 --> -0.027515, len_BS = 4538
Blocksize strategy selection process: -0.027600 --> -0.027515, len_BS = 4538
Blocksize strategy selection process: -0.027599 --> -0.027515, len_BS = 4538
Blocksize strategy selection process: -0.027591 --> -0.027515, len_BS = 4538
Blocksize strategy selection process: -0.027590 --> -0.027515, len_BS = 4538
Blocksize strategy selection process: -0.027589 --> -0.027515, len_BS = 4538
Blocksize strategy selection process: -0.027588 --> -0.027515, len_BS = 4538
Blocksize strategy selection process: -0.027573 --> -0.027515, len_BS = 4538
Blocksize strategy selection process: -0.027572 --> -0.027515, len_BS = 4538
Blocksize strategy selection process: -0.027567 --> -0.027515, len_BS = 4538
Blocksize strategy selection process: -0.027566 --> -0.027515, len_BS = 4538
Blocksize strategy selection process: -0.027564 --> -0.027515, len_BS = 4538
Blocksize strategy selection process: -0.027562 --> -0.027515, len_BS = 4538
Blocksize strategy selection process: -0.027561 --> -0.027515, len_BS = 4538
Blocksize strategy selection process: -0.027560 --> -0.027515, len_BS = 4538
Blocksize strategy selection process: -0.027559 --> -0.027515, len_BS = 4538
Blocksize strategy selection process: -0.027553 --> -0.027515, len_BS = 4538
Blocksize strategy selection process: -0.027551 --> -0.027515, len_BS = 4538
Blocksize strategy selection process: -0.027550 --> -0.027515, len_BS = 4538
Blocksize strategy selection process: -0.027549 --> -0.027515, len_BS = 4538
Blocksize strategy selection process: -0.027548 --> -0.027515, len_BS = 4538
Blocksize strategy selection process: -0.027547 --> -0.027515, len_BS = 4538
Blocksize strategy selection process: -0.027542 --> -0.027515, len_BS = 4538
Blocksize strategy selection process: -0.027540 --> -0.027515, len_BS = 4538
Blocksize strategy selection process: -0.027539 --> -0.027515, len_BS = 4538
Blocksize strategy selection process: -0.027534 --> -0.027515, len_BS = 4538
Blocksize strategy selection process: -0.027533 --> -0.027515, len_BS = 4538
Blocksize strategy selection process: -0.027532 --> -0.027515, len_BS = 4538
Blocksize strategy selection process: -0.027531 --> -0.027515, len_BS = 4538
Blocksize strategy selection process: -0.027530 --> -0.027515, len_BS = 4538
Blocksize strategy selection process: -0.027529 --> -0.027515, len_BS = 4538
Blocksize strategy selection process: -0.027526 --> -0.027515, len_BS = 4538
Blocksize strategy selection process: -0.027525 --> -0.027515, len_BS = 4538
Blocksize strategy selection process: -0.027524 --> -0.027515, len_BS = 4538
Blocksize strategy selection process: -0.027523 --> -0.027515, len_BS = 4538
Blocksize strategy selection process: -0.027522 --> -0.027515, len_BS = 4538
Blocksize strategy selection process: -0.027520 --> -0.027515, len_BS = 4538
Blocksize strategy selection process: -0.027519 --> -0.027515, len_BS = 4538
Blocksize strategy selection process: -0.027518 --> -0.027515, len_BS = 4538
Blocksize strategy selection process: -0.027516 --> -0.027515, len_BS = 4538
Blocksize strategy selection process: -0.027515 --> -0.027515, len_BS = 4538
len(BS) = 4538
Time cost for generating Strategy: 638.266285 s
[16.0372509300915,16.0372509300915,16.032782165650396,16.002509441338905,15.972247333843415,15.94199440468587,15.911749204353587,15.881510271865885,15.851276134327092,15.821045306465336,15.79081629015654,15.760587573932971,15.730357632475698,15.700124926090238,15.669887900164706,15.639644984609673,15.609394593278939,15.579135123370435,15.548864954806302,15.51858244959131,15.4882859511486,15.457973783631791,15.427644251212405,15.397295637341454,15.36692620398415,15.336534190826447,15.306117814452202,15.275675267489703,15.245204717726109,15.214704307188498,15.184172151189975,15.153606337339387,15.123004924513017,15.092365941786664,15.061687387326455,15.030967227236617,15.00020339436251,14.969393787047101,14.938536267839114,14.907628662150989,14.876668756864916,14.845654298885144,14.814582993634854,14.783452503496028,14.752260446190792,14.72100439310302,14.689681867539097,14.65829034292722,14.62682724095497,14.595289929645475,14.563675721373151,14.531981870821065,14.500205572882862,14.468343960513861,14.436431542489698,14.404618112123531,14.372789177636934,14.34091869870072,14.30896723550491,14.276920017908413,14.24477920594745,14.21253157364893,14.180211944899572,14.147773389255136,14.115235035874052,14.082561225603524,14.049801868616674,14.016907977011757,13.983890680822796,13.950740064048228,13.917465181179816,13.884060277415479,13.850511486745095,13.81683383694665,13.783005527511635,13.749036203462598,13.714903852933501,13.680630718524974,13.646200776106529,13.611607147869842,13.57683957444472,13.54190317416612,13.506811115834513,13.471544823491417,13.436127891971763,13.40051813411965,13.364729303428392,13.328763984586047,13.292601653951394,13.256270948912173,13.21973319409607,13.183012406771011,13.14611714433532,13.109031113548937,13.071742899751058,13.034271978947093,12.996637621411367,12.958959018324428,12.921355891265023,12.899324454371708,12.877186361542982,12.854940440874884,12.832585500195721,12.810120326587054,12.78754368589036,12.764854322198826,12.742050957333724,12.71913229030488,12.696096996754555,12.67294372838418,12.6496711123633,12.62627775072008,12.602762219712602,12.579123069180353,12.555358821875025,12.531467972769915,12.507448988347079,12.483300305861356,12.459020332580412,12.434607444999795,12.410059988032101,12.385376274169127,12.360554582616034,12.33559315839631,12.310490211426423,12.285243915558874,12.25985240759243,12.234313786248107,12.208626111109567,12.182787401526394,12.15679563547873,12.130648748401631,12.104344631967454,12.07788113282448,12.051256051289915,12.02446713999528,11.997512102482196,11.970388591746316,11.943094208727238,11.91562650074195,11.887982959859363,11.860161021213282,11.832158061251103,11.803971395915369,11.775598278755076,11.74703589896368,11.718281379340374,11.689331774171192,11.660184067026252,11.630835168469275,11.601281913675365,11.57152105995277,11.541549284164214,11.511363180043071,11.480959255399561,11.450333929211741,11.419483528595997,11.388404285651347,11.357092334171691,11.325543706219785,11.293754328556595,11.261720018919203,11.229436482140281,11.196899306101889,11.164103957515904,11.131045777523275,11.097719977103951,11.064121632289018,11.030245679166425,10.996086908671415,10.96163996115258,10.92689932070435,10.8918593092567,10.8565140804127,10.820857613024884,10.7848837045014,10.748585963833504,10.711957804336302,10.674992436095797,10.637682858115983,10.600021850161626,10.562001964294028,10.52361551609959,10.484854575614182,10.445710957950338,10.406176213639005,10.366241618704176,10.325898164496108,10.285136547318553,10.24394715789741,10.20232007075259,10.160245033553421,10.11771145656012,10.07470840228166,10.031224575514917,9.9872483139723,9.948121492915584,9.930364309984403,9.89633379039692,9.858563999615082,9.815112771556658,9.769468429062702,9.724037217347732,9.676621097115595,9.634077972347404,9.584751797601902,9.538042165616492,9.486133477045644,9.44122648634067,9.389228678970538,9.338687931847229,9.286605791916159,9.235685123722243,9.183817252736263,9.129836521407517,9.077860875424133,9.022638897596432,8.968645498356118,8.91136338765843,8.857098942370675,8.800402262543985,8.742565248117069,8.683097457934261,8.6241876444612,8.566992142602947,8.50698462062886,8.450176926037543,8.387185828976424,8.325968655126667,8.264942018830007,8.200804013687174,8.140564143199745,8.074625320066353,8.011913916469112,7.950243188324181,7.886068051739113,7.820069850308841,7.75665453464111,7.695812161195082,7.651850689835638,7.624965158686237]
MinStrategy is: [87, 87, 107, 107, 117, 119, 128, 137, 143] + pump(73,168,24) , ['87 * 2 (-0.042079) , cost = 627.7362 s', '107 * 2 (-0.036798) , cost = 1409.5458 s', '117 * 1 (-0.035602) , cost = 1568.3313 s', '119 * 1 (-0.035078) , cost = 2612.1367 s', '128 * 1 (-0.034258) , cost = 20101.4880 s', '137 * 1 (-0.033360) , cost = 199636.3184 s', '143 * 1 (-0.032717) , cost = 714718.0400 s'] + pump(73,168,24)
[87,87,107,107,117,119,128,137,143]
Time cost for pnj-BKZ = 261.30 h,
Time cost for pump = 1066.17 h,
Total time cost = 1327.47 h.
