New Strategy:
n = 55, alpha = 0.02, q = 3037, jump = 1, goal_margin = 1.50, MAX_TIME = inf h
[16.0372509300915, 16.0372509300915, 16.0372509300915, 16.0372509300915, 16.0372509300915, 16.0372509300915, 16.0372509300915, 16.0372509300915, 16.0372509300915, 16.0372509300915, 16.0372509300915, 16.0372509300915, 16.0372509300915, 16.0372509300915, 16.0372509300915, 16.0372509300915, 16.0372509300915, 16.0372509300915, 16.0372509300915, 16.0372509300915, 16.0372509300915, 16.0372509300915, 16.0372509300915, 16.0372509300915, 16.0372509300915, 16.0372509300915, 16.0372509300915, 16.0372509300915, 16.0372509300915, 16.0372509300915, 16.0372509300915, 16.0372509300915, 16.0372509300915, 16.0372509300915, 16.0372509300915, 16.0372509300915, 16.0372509300915, 16.0372509300915, 16.0372509300915, 16.0372509300915, 16.0372509300915, 16.0372509300915, 16.0372509300915, 16.0372509300915, 16.0372509300915, 16.0372509300915, 16.0372509300915, 16.0372509300915, 16.0372509300915, 16.0372509300915, 16.0372509300915, 16.0372509300915, 16.0372509300915, 16.0372509300915, 16.0372509300915, 16.0372509300915, 16.0372509300915, 16.0372509300915, 16.0372509300915, 16.0372509300915, 16.0372509300915, 16.0372509300915, 16.0372509300915, 16.0372509300915, 16.0372509300915, 16.0372509300915, 16.0372509300915, 16.0372509300915, 16.0372509300915, 16.0372509300915, 16.0372509300915, 16.0372509300915, 16.0372509300915, 16.0372509300915, 16.0372509300915, 16.0372509300915, 16.0372509300915, 16.0372509300915, 16.0372509300915, 16.0372509300915, 16.0372509300915, 16.0372509300915, 16.0372509300915, 16.0372509300915, 16.0372509300915, 16.0372509300915, 16.0372509300915, 16.0372509300915, 16.0372509300915, 16.0372509300915, 16.0372509300915, 16.0372509300915, 16.0372509300915, 16.0372509300915, 16.0372509300915, 16.0372509300915, 16.0372509300915, 16.0372509300915, 16.0372509300915, 16.0372509300915, 16.0372509300915, 16.0372509300915, 16.0372509300915, 16.0372509300915, 16.0372509300915, 16.0372509300915, 16.0372509300915, 16.0372509300915, 16.0372509300915, 16.0372509300915, 16.0372509300915, 16.0372509300915, 16.0372509300915, 16.0372509300915, 16.0372509300915, 16.0372509300915, 16.0372509300915, 16.0372509300915, 16.0372509300915, 16.0372509300915, 16.0372509300915, 16.0372509300915, 16.0372509300915, 15.922373181695953, 15.726485022784653, 15.755715132457766, 15.680240486857455, 15.644123444606862, 15.502147151046618, 15.471096677615774, 15.380192646587965, 15.353525628394873, 15.313502989880178, 15.2682979893447, 15.11171597446408, 15.070565858729823, 14.8459354099981, 14.74245249231462, 14.827286551246123, 14.745945436823039, 14.882313746908766, 14.671763124247388, 14.722308165214297, 14.663113283871546, 14.437109648348208, 14.389793541767132, 14.192855137412176, 14.389602592926266, 14.257777452474912, 14.185479150988813, 13.985437813719056, 13.93146330262758, 13.941077330850707, 13.716216964806557, 13.60736254071579, 13.41211989723988, 13.349169573579918, 13.399302691454393, 13.263320624834725, 13.263583335647565, 13.232680630715784, 13.110414639469546, 12.979485100885034, 12.788537769788045, 12.615222980714154, 12.578093153369668, 12.573167449524503, 12.37898704731143, 12.321427357513862, 12.316349724946214, 12.324735496509978, 12.22850944170876, 12.098553032739835, 11.995572208062269, 12.037515252924036, 11.925378527164867, 11.660934221694507, 11.443700935320894, 11.426438065102838, 11.478155368467338, 11.291758076842049, 11.213833499533076, 11.321997326397195, 11.19374805985525, 11.034503290459625, 10.9082083018157, 10.910592314337729, 10.64580735874427, 10.561787456509599, 10.49383779823279, 10.414417228765362, 10.275518663863098, 10.289718661651595, 10.27733868270251, 10.068609871205952, 9.997845356009957, 9.690900701203242, 9.745613504323302, 9.62704981386041, 9.61120975956449, 9.420944685160777, 9.22689510343549, 9.188253432186102, 8.999995884182718, 9.011268413217842, 8.765096704291452, 8.895350556619702, 8.846275361434023, 8.73409250693207, 8.582420136210237, 8.787643099181112, 8.774215921778893, 8.610286768495927, 8.54475201804512, 8.440455930093126, 8.38282892266888, 8.182748758154002, 8.267559533724837, 8.247500371584767, 8.05968680996915, 8.051714390500122, 7.924845299222227, 7.750074817816961, 7.592095747808033, 7.518188168767148, 7.497510542400385, 7.385837727989399, 7.343249057004687, 7.12986675142193, 7.157321694300984, 6.9895008764430955, 7.062586103954179, 7.010162835452108, 6.839283204219405, 6.590233880072536, 6.361648639409728, 6.501556151230255, 6.311588084326649, 6.265337874429581, 6.150521227230398, 6.104622826186142, 5.934546214675012, 5.71304052585787, 5.772718577784035, 5.630806965930228, 5.555520337337276, 5.508459037422275, 5.302229933157561, 5.356718999279377, 5.125830701127168, 5.299232337128292, 5.16090906003032, 5.1100837376010375, 5.008326262528328, 4.911687364186993, 4.889763575249361, 4.786119317777342, 4.635967788311446, 4.694756594398558, 4.728050808828195, 4.639234847758097, 4.447079931199992, 4.244014670342565, 4.1727834458813, 4.040424728073938, 4.236286382447299, 4.163425031590454, 4.227348717117192, 4.130055378357303, 4.3474685416914385]
Blocksize strategy selection process: -0.047434 --> -0.047434, len_BS = 1
Blocksize strategy selection process: -0.041153 --> -0.025755, len_BS = 211
Blocksize strategy selection process: -0.041037 --> -0.025755, len_BS = 324
Blocksize strategy selection process: -0.040922 --> -0.025755, len_BS = 408
Blocksize strategy selection process: -0.040806 --> -0.025755, len_BS = 477
Blocksize strategy selection process: -0.040690 --> -0.025755, len_BS = 560
Blocksize strategy selection process: -0.037917 --> -0.025755, len_BS = 630
Blocksize strategy selection process: -0.037835 --> -0.025755, len_BS = 717
Blocksize strategy selection process: -0.037776 --> -0.025755, len_BS = 794
Blocksize strategy selection process: -0.037753 --> -0.025755, len_BS = 846
Blocksize strategy selection process: -0.037695 --> -0.025755, len_BS = 890
Blocksize strategy selection process: -0.037670 --> -0.025755, len_BS = 939
Blocksize strategy selection process: -0.037636 --> -0.025755, len_BS = 986
Blocksize strategy selection process: -0.037612 --> -0.025755, len_BS = 999
Blocksize strategy selection process: -0.037586 --> -0.025755, len_BS = 1040
Blocksize strategy selection process: -0.037555 --> -0.025755, len_BS = 1083
Blocksize strategy selection process: -0.037530 --> -0.025755, len_BS = 1088
Blocksize strategy selection process: -0.036209 --> -0.025755, len_BS = 1123
Blocksize strategy selection process: -0.036162 --> -0.025755, len_BS = 1179
Blocksize strategy selection process: -0.036115 --> -0.025755, len_BS = 1232
Blocksize strategy selection process: -0.036069 --> -0.025755, len_BS = 1275
Blocksize strategy selection process: -0.035834 --> -0.025755, len_BS = 1327
Blocksize strategy selection process: -0.035114 --> -0.025755, len_BS = 1320
Blocksize strategy selection process: -0.035082 --> -0.025754, len_BS = 1326
Blocksize strategy selection process: -0.035063 --> -0.025754, len_BS = 1371
Blocksize strategy selection process: -0.035049 --> -0.025754, len_BS = 1406
Blocksize strategy selection process: -0.035010 --> -0.025754, len_BS = 1424
Blocksize strategy selection process: -0.034978 --> -0.025754, len_BS = 1480
Blocksize strategy selection process: -0.034960 --> -0.025754, len_BS = 1523
Blocksize strategy selection process: -0.034946 --> -0.025754, len_BS = 1557
Blocksize strategy selection process: -0.034942 --> -0.025754, len_BS = 1580
Blocksize strategy selection process: -0.034449 --> -0.025754, len_BS = 1589
Blocksize strategy selection process: -0.034435 --> -0.025754, len_BS = 1607
Blocksize strategy selection process: -0.034420 --> -0.025754, len_BS = 1634
Blocksize strategy selection process: -0.034386 --> -0.025754, len_BS = 1663
Blocksize strategy selection process: -0.034372 --> -0.025754, len_BS = 1709
Blocksize strategy selection process: -0.034358 --> -0.025754, len_BS = 1749
Blocksize strategy selection process: -0.034114 --> -0.025754, len_BS = 1770
Blocksize strategy selection process: -0.034104 --> -0.025754, len_BS = 1827
Blocksize strategy selection process: -0.034098 --> -0.025754, len_BS = 1843
Blocksize strategy selection process: -0.034094 --> -0.025754, len_BS = 1850
Blocksize strategy selection process: -0.034088 --> -0.025754, len_BS = 1854
Blocksize strategy selection process: -0.034056 --> -0.025754, len_BS = 1862
Blocksize strategy selection process: -0.034046 --> -0.025754, len_BS = 1911
Blocksize strategy selection process: -0.034040 --> -0.025754, len_BS = 1929
Blocksize strategy selection process: -0.033806 --> -0.025754, len_BS = 1936
Blocksize strategy selection process: -0.033794 --> -0.025754, len_BS = 1899
Blocksize strategy selection process: -0.033782 --> -0.025754, len_BS = 1921
Blocksize strategy selection process: -0.033769 --> -0.025754, len_BS = 1937
Blocksize strategy selection process: -0.033519 --> -0.025754, len_BS = 1956
Blocksize strategy selection process: -0.033510 --> -0.025754, len_BS = 1990
Blocksize strategy selection process: -0.033505 --> -0.025754, len_BS = 2010
Blocksize strategy selection process: -0.033502 --> -0.025754, len_BS = 2021
Blocksize strategy selection process: -0.033486 --> -0.025754, len_BS = 2033
Blocksize strategy selection process: -0.033478 --> -0.025754, len_BS = 2060
Blocksize strategy selection process: -0.033473 --> -0.025754, len_BS = 2078
Blocksize strategy selection process: -0.033469 --> -0.025754, len_BS = 2090
Blocksize strategy selection process: -0.033468 --> -0.025754, len_BS = 2100
Blocksize strategy selection process: -0.033345 --> -0.025754, len_BS = 2106
Blocksize strategy selection process: -0.033341 --> -0.025754, len_BS = 2114
Blocksize strategy selection process: -0.033338 --> -0.025754, len_BS = 2124
Blocksize strategy selection process: -0.033324 --> -0.025754, len_BS = 2138
Blocksize strategy selection process: -0.033320 --> -0.025754, len_BS = 2162
Blocksize strategy selection process: -0.033316 --> -0.025754, len_BS = 2176
Blocksize strategy selection process: -0.033286 --> -0.025754, len_BS = 2193
Blocksize strategy selection process: -0.033277 --> -0.025754, len_BS = 2232
Blocksize strategy selection process: -0.033270 --> -0.025754, len_BS = 2230
Blocksize strategy selection process: -0.033266 --> -0.025754, len_BS = 2230
Blocksize strategy selection process: -0.033263 --> -0.025754, len_BS = 2230
Blocksize strategy selection process: -0.033259 --> -0.025754, len_BS = 2240
Blocksize strategy selection process: -0.033256 --> -0.025754, len_BS = 2225
Blocksize strategy selection process: -0.033255 --> -0.025754, len_BS = 2230
Blocksize strategy selection process: -0.033254 --> -0.025754, len_BS = 2236
Blocksize strategy selection process: -0.033252 --> -0.025754, len_BS = 2238
Blocksize strategy selection process: -0.033239 --> -0.025754, len_BS = 2239
Blocksize strategy selection process: -0.033236 --> -0.025754, len_BS = 2258
Blocksize strategy selection process: -0.033235 --> -0.025754, len_BS = 2267
Blocksize strategy selection process: -0.033201 --> -0.025754, len_BS = 2269
Blocksize strategy selection process: -0.033199 --> -0.025754, len_BS = 2303
Blocksize strategy selection process: -0.033130 --> -0.025754, len_BS = 2311
Blocksize strategy selection process: -0.033127 --> -0.025754, len_BS = 2357
Blocksize strategy selection process: -0.033123 --> -0.025754, len_BS = 2367
Blocksize strategy selection process: -0.033120 --> -0.025754, len_BS = 2374
Blocksize strategy selection process: -0.033057 --> -0.025754, len_BS = 2386
Blocksize strategy selection process: -0.033055 --> -0.025754, len_BS = 2423
Blocksize strategy selection process: -0.033054 --> -0.025754, len_BS = 2427
Blocksize strategy selection process: -0.033053 --> -0.025754, len_BS = 2431
Blocksize strategy selection process: -0.033049 --> -0.025754, len_BS = 2433
Blocksize strategy selection process: -0.033047 --> -0.025754, len_BS = 2444
Blocksize strategy selection process: -0.033045 --> -0.025754, len_BS = 2451
Blocksize strategy selection process: -0.033044 --> -0.025754, len_BS = 2454
Blocksize strategy selection process: -0.033003 --> -0.025754, len_BS = 2455
Blocksize strategy selection process: -0.033001 --> -0.025754, len_BS = 2489
Blocksize strategy selection process: -0.032999 --> -0.025754, len_BS = 2495
Blocksize strategy selection process: -0.032998 --> -0.025754, len_BS = 2499
Blocksize strategy selection process: -0.032995 --> -0.025754, len_BS = 2502
Blocksize strategy selection process: -0.032990 --> -0.025754, len_BS = 2514
Blocksize strategy selection process: -0.032948 --> -0.025754, len_BS = 2526
Blocksize strategy selection process: -0.032946 --> -0.025754, len_BS = 2565
Blocksize strategy selection process: -0.032945 --> -0.025754, len_BS = 2573
Blocksize strategy selection process: -0.032944 --> -0.025754, len_BS = 2579
Blocksize strategy selection process: -0.032939 --> -0.025754, len_BS = 2581
Blocksize strategy selection process: -0.032938 --> -0.025754, len_BS = 2579
Blocksize strategy selection process: -0.032937 --> -0.025754, len_BS = 2579
Blocksize strategy selection process: -0.032934 --> -0.025754, len_BS = 2579
Blocksize strategy selection process: -0.032933 --> -0.025754, len_BS = 2579
Blocksize strategy selection process: -0.032906 --> -0.025754, len_BS = 2579
Blocksize strategy selection process: -0.032905 --> -0.025754, len_BS = 2608
Blocksize strategy selection process: -0.032904 --> -0.025754, len_BS = 2610
Blocksize strategy selection process: -0.032901 --> -0.025754, len_BS = 2612
Blocksize strategy selection process: -0.032900 --> -0.025754, len_BS = 2620
Blocksize strategy selection process: -0.032899 --> -0.025754, len_BS = 2621
Blocksize strategy selection process: -0.032885 --> -0.025754, len_BS = 2623
Blocksize strategy selection process: -0.032884 --> -0.025754, len_BS = 2644
Blocksize strategy selection process: -0.032883 --> -0.025754, len_BS = 2644
Blocksize strategy selection process: -0.032828 --> -0.025754, len_BS = 2645
Blocksize strategy selection process: -0.032827 --> -0.025754, len_BS = 2670
Blocksize strategy selection process: -0.032775 --> -0.025754, len_BS = 2678
Blocksize strategy selection process: -0.032773 --> -0.025754, len_BS = 2705
Blocksize strategy selection process: -0.032772 --> -0.025754, len_BS = 2709
Blocksize strategy selection process: -0.032771 --> -0.025754, len_BS = 2728
Blocksize strategy selection process: -0.032759 --> -0.025754, len_BS = 2730
Blocksize strategy selection process: -0.032758 --> -0.025754, len_BS = 2732
Blocksize strategy selection process: -0.032722 --> -0.025754, len_BS = 2732
Blocksize strategy selection process: -0.032705 --> -0.025754, len_BS = 2760
Blocksize strategy selection process: -0.032704 --> -0.025754, len_BS = 2776
Blocksize strategy selection process: -0.032667 --> -0.025754, len_BS = 2779
Blocksize strategy selection process: -0.032666 --> -0.025754, len_BS = 2815
Blocksize strategy selection process: -0.032663 --> -0.025754, len_BS = 2818
Blocksize strategy selection process: -0.032662 --> -0.025754, len_BS = 2826
Blocksize strategy selection process: -0.032638 --> -0.025754, len_BS = 2827
Blocksize strategy selection process: -0.032637 --> -0.025754, len_BS = 2857
Blocksize strategy selection process: -0.032569 --> -0.025754, len_BS = 2862
Blocksize strategy selection process: -0.032498 --> -0.025754, len_BS = 2883
Blocksize strategy selection process: -0.032497 --> -0.025754, len_BS = 2883
Blocksize strategy selection process: -0.032463 --> -0.025754, len_BS = 2885
Blocksize strategy selection process: -0.032462 --> -0.025754, len_BS = 2914
Blocksize strategy selection process: -0.032461 --> -0.025754, len_BS = 2915
Blocksize strategy selection process: -0.032458 --> -0.025754, len_BS = 2916
Blocksize strategy selection process: -0.032457 --> -0.025754, len_BS = 2923
Blocksize strategy selection process: -0.032446 --> -0.025754, len_BS = 2925
Blocksize strategy selection process: -0.032445 --> -0.025754, len_BS = 2938
Blocksize strategy selection process: -0.032444 --> -0.025754, len_BS = 2938
Blocksize strategy selection process: -0.032443 --> -0.025754, len_BS = 2940
Blocksize strategy selection process: -0.032440 --> -0.025754, len_BS = 2940
Blocksize strategy selection process: -0.032439 --> -0.025754, len_BS = 2947
Blocksize strategy selection process: -0.032428 --> -0.025754, len_BS = 2949
Blocksize strategy selection process: -0.032417 --> -0.025754, len_BS = 2965
Blocksize strategy selection process: -0.032416 --> -0.025754, len_BS = 2983
Blocksize strategy selection process: -0.032415 --> -0.025754, len_BS = 2984
Blocksize strategy selection process: -0.032402 --> -0.025754, len_BS = 2990
Blocksize strategy selection process: -0.032401 --> -0.025754, len_BS = 3011
Blocksize strategy selection process: -0.032400 --> -0.025754, len_BS = 3013
Blocksize strategy selection process: -0.032399 --> -0.025754, len_BS = 3019
Blocksize strategy selection process: -0.032386 --> -0.025754, len_BS = 3019
Blocksize strategy selection process: -0.032385 --> -0.025754, len_BS = 3034
Blocksize strategy selection process: -0.032384 --> -0.025754, len_BS = 3034
Blocksize strategy selection process: -0.032383 --> -0.025754, len_BS = 3039
Blocksize strategy selection process: -0.032370 --> -0.025754, len_BS = 3043
Blocksize strategy selection process: -0.032361 --> -0.025754, len_BS = 3068
Blocksize strategy selection process: -0.032360 --> -0.025754, len_BS = 3083
Blocksize strategy selection process: -0.032357 --> -0.025754, len_BS = 3087
Blocksize strategy selection process: -0.032337 --> -0.025754, len_BS = 3100
Blocksize strategy selection process: -0.032306 --> -0.025754, len_BS = 3120
Blocksize strategy selection process: -0.032305 --> -0.025754, len_BS = 3146
Blocksize strategy selection process: -0.032302 --> -0.025754, len_BS = 3147
Blocksize strategy selection process: -0.032283 --> -0.025754, len_BS = 3157
Blocksize strategy selection process: -0.032282 --> -0.025754, len_BS = 3187
Blocksize strategy selection process: -0.032271 --> -0.025754, len_BS = 3187
Blocksize strategy selection process: -0.032268 --> -0.025754, len_BS = 3202
Blocksize strategy selection process: -0.032267 --> -0.025754, len_BS = 3208
Blocksize strategy selection process: -0.032257 --> -0.025754, len_BS = 3210
Blocksize strategy selection process: -0.032227 --> -0.025754, len_BS = 3230
Blocksize strategy selection process: -0.032216 --> -0.025754, len_BS = 3253
Blocksize strategy selection process: -0.032213 --> -0.025754, len_BS = 3272
Blocksize strategy selection process: -0.032212 --> -0.025754, len_BS = 3276
Blocksize strategy selection process: -0.032202 --> -0.025754, len_BS = 3278
Blocksize strategy selection process: -0.032199 --> -0.025754, len_BS = 3289
Blocksize strategy selection process: -0.032198 --> -0.025754, len_BS = 3299
Blocksize strategy selection process: -0.032187 --> -0.025754, len_BS = 3299
Blocksize strategy selection process: -0.032158 --> -0.025754, len_BS = 3310
Blocksize strategy selection process: -0.032157 --> -0.025754, len_BS = 3331
Blocksize strategy selection process: -0.032147 --> -0.025754, len_BS = 3333
Blocksize strategy selection process: -0.032144 --> -0.025754, len_BS = 3345
Blocksize strategy selection process: -0.032083 --> -0.025754, len_BS = 3349
Blocksize strategy selection process: -0.032061 --> -0.025754, len_BS = 3368
Blocksize strategy selection process: -0.032033 --> -0.025754, len_BS = 3391
Blocksize strategy selection process: -0.031970 --> -0.025754, len_BS = 3422
Blocksize strategy selection process: -0.031969 --> -0.025754, len_BS = 3438
Blocksize strategy selection process: -0.031968 --> -0.025754, len_BS = 3447
Blocksize strategy selection process: -0.031966 --> -0.025754, len_BS = 3449
Blocksize strategy selection process: -0.031965 --> -0.025754, len_BS = 3451
Blocksize strategy selection process: -0.031963 --> -0.025754, len_BS = 3452
Blocksize strategy selection process: -0.031961 --> -0.025754, len_BS = 3457
Blocksize strategy selection process: -0.031960 --> -0.025754, len_BS = 3460
Blocksize strategy selection process: -0.031958 --> -0.025754, len_BS = 3461
Blocksize strategy selection process: -0.031957 --> -0.025754, len_BS = 3463
Blocksize strategy selection process: -0.031955 --> -0.025754, len_BS = 3463
Blocksize strategy selection process: -0.031954 --> -0.025754, len_BS = 3468
Blocksize strategy selection process: -0.031952 --> -0.025754, len_BS = 3469
Blocksize strategy selection process: -0.031950 --> -0.025754, len_BS = 3472
Blocksize strategy selection process: -0.031949 --> -0.025754, len_BS = 3475
Blocksize strategy selection process: -0.031946 --> -0.025754, len_BS = 3475
Blocksize strategy selection process: -0.031855 --> -0.025754, len_BS = 3482
Blocksize strategy selection process: -0.031854 --> -0.025754, len_BS = 3506
Blocksize strategy selection process: -0.031852 --> -0.025754, len_BS = 3518
Blocksize strategy selection process: -0.031851 --> -0.025754, len_BS = 3520
Blocksize strategy selection process: -0.031849 --> -0.025754, len_BS = 3521
Blocksize strategy selection process: -0.031846 --> -0.025754, len_BS = 3525
Blocksize strategy selection process: -0.031843 --> -0.025754, len_BS = 3526
Blocksize strategy selection process: -0.031842 --> -0.025754, len_BS = 3529
Blocksize strategy selection process: -0.031841 --> -0.025754, len_BS = 3529
Blocksize strategy selection process: -0.031812 --> -0.025754, len_BS = 3529
Blocksize strategy selection process: -0.031811 --> -0.025754, len_BS = 3555
Blocksize strategy selection process: -0.031804 --> -0.025754, len_BS = 3557
Blocksize strategy selection process: -0.031802 --> -0.025754, len_BS = 3572
Blocksize strategy selection process: -0.031801 --> -0.025754, len_BS = 3578
Blocksize strategy selection process: -0.031799 --> -0.025754, len_BS = 3580
Blocksize strategy selection process: -0.031797 --> -0.025754, len_BS = 3584
Blocksize strategy selection process: -0.031796 --> -0.025754, len_BS = 3587
Blocksize strategy selection process: -0.031791 --> -0.025754, len_BS = 3588
Blocksize strategy selection process: -0.031788 --> -0.025754, len_BS = 3598
Blocksize strategy selection process: -0.031787 --> -0.025754, len_BS = 3606
Blocksize strategy selection process: -0.031786 --> -0.025754, len_BS = 3609
Blocksize strategy selection process: -0.031782 --> -0.025754, len_BS = 3609
Blocksize strategy selection process: -0.031747 --> -0.025754, len_BS = 3617
Blocksize strategy selection process: -0.031746 --> -0.025754, len_BS = 3648
Blocksize strategy selection process: -0.031745 --> -0.025754, len_BS = 3648
Blocksize strategy selection process: -0.031743 --> -0.025754, len_BS = 3649
Blocksize strategy selection process: -0.031736 --> -0.025754, len_BS = 3656
Blocksize strategy selection process: -0.031735 --> -0.025754, len_BS = 3674
Blocksize strategy selection process: -0.031733 --> -0.025754, len_BS = 3674
Blocksize strategy selection process: -0.031732 --> -0.025754, len_BS = 3679
Blocksize strategy selection process: -0.031731 --> -0.025754, len_BS = 3680
Blocksize strategy selection process: -0.031727 --> -0.025754, len_BS = 3681
Blocksize strategy selection process: -0.031694 --> -0.025754, len_BS = 3690
Blocksize strategy selection process: -0.031693 --> -0.025754, len_BS = 3725
Blocksize strategy selection process: -0.031691 --> -0.025754, len_BS = 3727
Blocksize strategy selection process: -0.031690 --> -0.025754, len_BS = 3730
Blocksize strategy selection process: -0.031688 --> -0.025754, len_BS = 3731
Blocksize strategy selection process: -0.031683 --> -0.025754, len_BS = 3735
Blocksize strategy selection process: -0.031681 --> -0.025754, len_BS = 3744
Blocksize strategy selection process: -0.031680 --> -0.025754, len_BS = 3752
Blocksize strategy selection process: -0.031678 --> -0.025754, len_BS = 3752
Blocksize strategy selection process: -0.031676 --> -0.025754, len_BS = 3756
Blocksize strategy selection process: -0.031672 --> -0.025754, len_BS = 3759
Blocksize strategy selection process: -0.031638 --> -0.025754, len_BS = 3771
Blocksize strategy selection process: -0.031637 --> -0.025754, len_BS = 3792
Blocksize strategy selection process: -0.031636 --> -0.025754, len_BS = 3792
Blocksize strategy selection process: -0.031635 --> -0.025754, len_BS = 3796
Blocksize strategy selection process: -0.031634 --> -0.025754, len_BS = 3796
Blocksize strategy selection process: -0.031631 --> -0.025754, len_BS = 3799
Blocksize strategy selection process: -0.031608 --> -0.025754, len_BS = 3812
Blocksize strategy selection process: -0.031602 --> -0.025754, len_BS = 3832
Blocksize strategy selection process: -0.031600 --> -0.025754, len_BS = 3848
Blocksize strategy selection process: -0.031564 --> -0.025754, len_BS = 3852
Blocksize strategy selection process: -0.031532 --> -0.025754, len_BS = 3884
Blocksize strategy selection process: -0.031526 --> -0.025754, len_BS = 3864
Blocksize strategy selection process: -0.031525 --> -0.025754, len_BS = 3877
Blocksize strategy selection process: -0.031523 --> -0.025754, len_BS = 3877
Blocksize strategy selection process: -0.031522 --> -0.025754, len_BS = 3881
Blocksize strategy selection process: -0.031520 --> -0.025754, len_BS = 3883
Blocksize strategy selection process: -0.031518 --> -0.025754, len_BS = 3885
Blocksize strategy selection process: -0.031516 --> -0.025754, len_BS = 3889
Blocksize strategy selection process: -0.031515 --> -0.025754, len_BS = 3898
Blocksize strategy selection process: -0.031513 --> -0.025754, len_BS = 3898
Blocksize strategy selection process: -0.031511 --> -0.025754, len_BS = 3903
Blocksize strategy selection process: -0.031509 --> -0.025754, len_BS = 3906
Blocksize strategy selection process: -0.031508 --> -0.025754, len_BS = 3915
Blocksize strategy selection process: -0.031505 --> -0.025754, len_BS = 3917
Blocksize strategy selection process: -0.031470 --> -0.025754, len_BS = 3921
Blocksize strategy selection process: -0.031469 --> -0.025754, len_BS = 3944
Blocksize strategy selection process: -0.031464 --> -0.025754, len_BS = 3945
Blocksize strategy selection process: -0.031462 --> -0.025754, len_BS = 3956
Blocksize strategy selection process: -0.031457 --> -0.025754, len_BS = 3961
Blocksize strategy selection process: -0.031455 --> -0.025754, len_BS = 3969
Blocksize strategy selection process: -0.031453 --> -0.025754, len_BS = 3973
Blocksize strategy selection process: -0.031413 --> -0.025754, len_BS = 3975
Blocksize strategy selection process: -0.031408 --> -0.025754, len_BS = 3994
Blocksize strategy selection process: -0.031403 --> -0.025754, len_BS = 4004
Blocksize strategy selection process: -0.031401 --> -0.025754, len_BS = 4012
Blocksize strategy selection process: -0.031400 --> -0.025754, len_BS = 4017
Blocksize strategy selection process: -0.031398 --> -0.025754, len_BS = 4017
Blocksize strategy selection process: -0.031368 --> -0.025754, len_BS = 4022
Blocksize strategy selection process: -0.031367 --> -0.025754, len_BS = 4040
Blocksize strategy selection process: -0.031366 --> -0.025754, len_BS = 4042
Blocksize strategy selection process: -0.031365 --> -0.025754, len_BS = 4050
Blocksize strategy selection process: -0.031363 --> -0.025754, len_BS = 4051
Blocksize strategy selection process: -0.031356 --> -0.025754, len_BS = 4053
Blocksize strategy selection process: -0.031354 --> -0.025754, len_BS = 4071
Blocksize strategy selection process: -0.031335 --> -0.025754, len_BS = 4071
Blocksize strategy selection process: -0.031300 --> -0.025754, len_BS = 4088
Blocksize strategy selection process: -0.031299 --> -0.025754, len_BS = 4105
Blocksize strategy selection process: -0.031298 --> -0.025754, len_BS = 4106
Blocksize strategy selection process: -0.031256 --> -0.025754, len_BS = 4109
Blocksize strategy selection process: -0.031255 --> -0.025754, len_BS = 4134
Blocksize strategy selection process: -0.031244 --> -0.025754, len_BS = 4136
Blocksize strategy selection process: -0.031224 --> -0.025754, len_BS = 4150
Blocksize strategy selection process: -0.031205 --> -0.025754, len_BS = 4181
Blocksize strategy selection process: -0.031172 --> -0.025754, len_BS = 4199
Blocksize strategy selection process: -0.031169 --> -0.025754, len_BS = 4235
Blocksize strategy selection process: -0.031152 --> -0.025754, len_BS = 4242
Blocksize strategy selection process: -0.031150 --> -0.025754, len_BS = 4264
Blocksize strategy selection process: -0.031098 --> -0.025754, len_BS = 4266
Blocksize strategy selection process: -0.031097 --> -0.025754, len_BS = 4291
Blocksize strategy selection process: -0.031043 --> -0.025754, len_BS = 4292
Blocksize strategy selection process: -0.031040 --> -0.025754, len_BS = 4306
Blocksize strategy selection process: -0.031039 --> -0.025754, len_BS = 4314
Blocksize strategy selection process: -0.031022 --> -0.025754, len_BS = 4318
Blocksize strategy selection process: -0.031021 --> -0.025754, len_BS = 4344
Blocksize strategy selection process: -0.031020 --> -0.025754, len_BS = 4348
Blocksize strategy selection process: -0.031012 --> -0.025754, len_BS = 4351
Blocksize strategy selection process: -0.031011 --> -0.025754, len_BS = 4364
Blocksize strategy selection process: -0.031010 --> -0.025754, len_BS = 4365
Blocksize strategy selection process: -0.030966 --> -0.025754, len_BS = 4368
Blocksize strategy selection process: -0.030965 --> -0.025754, len_BS = 4406
Blocksize strategy selection process: -0.030932 --> -0.025754, len_BS = 4409
Blocksize strategy selection process: -0.030903 --> -0.025754, len_BS = 4446
Blocksize strategy selection process: -0.030902 --> -0.025754, len_BS = 4481
Blocksize strategy selection process: -0.030900 --> -0.025754, len_BS = 4484
Blocksize strategy selection process: -0.030892 --> -0.025754, len_BS = 4486
Blocksize strategy selection process: -0.030891 --> -0.025754, len_BS = 4510
Blocksize strategy selection process: -0.030890 --> -0.025754, len_BS = 4510
Blocksize strategy selection process: -0.030889 --> -0.025754, len_BS = 4515
Blocksize strategy selection process: -0.030882 --> -0.025754, len_BS = 4517
Blocksize strategy selection process: -0.030847 --> -0.025754, len_BS = 4531
Blocksize strategy selection process: -0.030846 --> -0.025754, len_BS = 4556
Blocksize strategy selection process: -0.030844 --> -0.025754, len_BS = 4556
Blocksize strategy selection process: -0.030835 --> -0.025754, len_BS = 4561
Blocksize strategy selection process: -0.030834 --> -0.025754, len_BS = 4577
Blocksize strategy selection process: -0.030824 --> -0.025754, len_BS = 4578
Blocksize strategy selection process: -0.030791 --> -0.025754, len_BS = 4605
Blocksize strategy selection process: -0.030790 --> -0.025754, len_BS = 4644
Blocksize strategy selection process: -0.030789 --> -0.025754, len_BS = 4649
Blocksize strategy selection process: -0.030781 --> -0.025754, len_BS = 4650
Blocksize strategy selection process: -0.030780 --> -0.025754, len_BS = 4672
Blocksize strategy selection process: -0.030761 --> -0.025754, len_BS = 4672
Blocksize strategy selection process: -0.030758 --> -0.025754, len_BS = 4706
Blocksize strategy selection process: -0.030757 --> -0.025754, len_BS = 4712
Blocksize strategy selection process: -0.030661 --> -0.025754, len_BS = 4715
Blocksize strategy selection process: -0.030658 --> -0.025754, len_BS = 4700
Blocksize strategy selection process: -0.030648 --> -0.025754, len_BS = 4713
Blocksize strategy selection process: -0.030647 --> -0.025754, len_BS = 4727
Blocksize strategy selection process: -0.030572 --> -0.025754, len_BS = 4729
Blocksize strategy selection process: -0.030569 --> -0.025754, len_BS = 4731
Blocksize strategy selection process: -0.030568 --> -0.025754, len_BS = 4754
Blocksize strategy selection process: -0.030567 --> -0.025754, len_BS = 4755
Blocksize strategy selection process: -0.030560 --> -0.025754, len_BS = 4756
Blocksize strategy selection process: -0.030559 --> -0.025754, len_BS = 4766
Blocksize strategy selection process: -0.030558 --> -0.025754, len_BS = 4766
Blocksize strategy selection process: -0.030523 --> -0.025754, len_BS = 4766
Blocksize strategy selection process: -0.030521 --> -0.025754, len_BS = 4778
Blocksize strategy selection process: -0.030520 --> -0.025754, len_BS = 4781
Blocksize strategy selection process: -0.030513 --> -0.025754, len_BS = 4784
Blocksize strategy selection process: -0.030512 --> -0.025754, len_BS = 4797
Blocksize strategy selection process: -0.030504 --> -0.025754, len_BS = 4798
Blocksize strategy selection process: -0.030466 --> -0.025754, len_BS = 4810
Blocksize strategy selection process: -0.030458 --> -0.025754, len_BS = 4811
Blocksize strategy selection process: -0.030457 --> -0.025754, len_BS = 4823
Blocksize strategy selection process: -0.030456 --> -0.025754, len_BS = 4825
Blocksize strategy selection process: -0.030450 --> -0.025754, len_BS = 4827
Blocksize strategy selection process: -0.030444 --> -0.025754, len_BS = 4835
Blocksize strategy selection process: -0.030412 --> -0.025754, len_BS = 4845
Blocksize strategy selection process: -0.030410 --> -0.025754, len_BS = 4867
Blocksize strategy selection process: -0.030409 --> -0.025754, len_BS = 4867
Blocksize strategy selection process: -0.030403 --> -0.025754, len_BS = 4872
Blocksize strategy selection process: -0.030402 --> -0.025754, len_BS = 4881
Blocksize strategy selection process: -0.030401 --> -0.025754, len_BS = 4881
Blocksize strategy selection process: -0.030393 --> -0.025754, len_BS = 4881
Blocksize strategy selection process: -0.030389 --> -0.025754, len_BS = 4890
Blocksize strategy selection process: -0.030357 --> -0.025754, len_BS = 4894
Blocksize strategy selection process: -0.030356 --> -0.025754, len_BS = 4904
Blocksize strategy selection process: -0.030355 --> -0.025754, len_BS = 4904
Blocksize strategy selection process: -0.030354 --> -0.025754, len_BS = 4904
Blocksize strategy selection process: -0.030348 --> -0.025754, len_BS = 4905
Blocksize strategy selection process: -0.030347 --> -0.025754, len_BS = 4914
Blocksize strategy selection process: -0.030346 --> -0.025754, len_BS = 4915
Blocksize strategy selection process: -0.030338 --> -0.025754, len_BS = 4915
Blocksize strategy selection process: -0.030334 --> -0.025754, len_BS = 4923
Blocksize strategy selection process: -0.030325 --> -0.025754, len_BS = 4927
Blocksize strategy selection process: -0.030292 --> -0.025754, len_BS = 4942
Blocksize strategy selection process: -0.030291 --> -0.025754, len_BS = 4944
Blocksize strategy selection process: -0.030290 --> -0.025754, len_BS = 4944
Blocksize strategy selection process: -0.030284 --> -0.025754, len_BS = 4945
Blocksize strategy selection process: -0.030283 --> -0.025754, len_BS = 4949
Blocksize strategy selection process: -0.030282 --> -0.025754, len_BS = 4951
Blocksize strategy selection process: -0.030245 --> -0.025754, len_BS = 4951
Blocksize strategy selection process: -0.030244 --> -0.025754, len_BS = 4951
Blocksize strategy selection process: -0.030243 --> -0.025754, len_BS = 4952
Blocksize strategy selection process: -0.030237 --> -0.025754, len_BS = 4953
Blocksize strategy selection process: -0.030229 --> -0.025754, len_BS = 4957
Blocksize strategy selection process: -0.030228 --> -0.025754, len_BS = 4963
Blocksize strategy selection process: -0.030227 --> -0.025754, len_BS = 4963
Blocksize strategy selection process: -0.030222 --> -0.025754, len_BS = 4963
Blocksize strategy selection process: -0.030220 --> -0.025754, len_BS = 4968
Blocksize strategy selection process: -0.030114 --> -0.025754, len_BS = 4969
Blocksize strategy selection process: -0.030110 --> -0.025754, len_BS = 4911
Blocksize strategy selection process: -0.030095 --> -0.025754, len_BS = 4917
Blocksize strategy selection process: -0.030056 --> -0.025754, len_BS = 4924
Blocksize strategy selection process: -0.030049 --> -0.025754, len_BS = 4928
Blocksize strategy selection process: -0.030042 --> -0.025754, len_BS = 4936
Blocksize strategy selection process: -0.030040 --> -0.025754, len_BS = 4943
Blocksize strategy selection process: -0.030001 --> -0.025754, len_BS = 4948
Blocksize strategy selection process: -0.029988 --> -0.025754, len_BS = 4957
Blocksize strategy selection process: -0.029987 --> -0.025754, len_BS = 4973
Blocksize strategy selection process: -0.029969 --> -0.025754, len_BS = 4974
Blocksize strategy selection process: -0.029868 --> -0.025754, len_BS = 4995
Blocksize strategy selection process: -0.029855 --> -0.025754, len_BS = 4937
Blocksize strategy selection process: -0.029854 --> -0.025754, len_BS = 4956
Blocksize strategy selection process: -0.029853 --> -0.025754, len_BS = 4956
Blocksize strategy selection process: -0.029847 --> -0.025754, len_BS = 4958
Blocksize strategy selection process: -0.029836 --> -0.025754, len_BS = 4964
Blocksize strategy selection process: -0.029804 --> -0.025754, len_BS = 4975
Blocksize strategy selection process: -0.029798 --> -0.025754, len_BS = 4986
Blocksize strategy selection process: -0.029796 --> -0.025754, len_BS = 4993
Blocksize strategy selection process: -0.029795 --> -0.025754, len_BS = 4993
Blocksize strategy selection process: -0.029730 --> -0.025754, len_BS = 4993
Blocksize strategy selection process: -0.029729 --> -0.025754, len_BS = 4985
Blocksize strategy selection process: -0.029724 --> -0.025754, len_BS = 4985
Blocksize strategy selection process: -0.029722 --> -0.025754, len_BS = 4989
Blocksize strategy selection process: -0.029715 --> -0.025754, len_BS = 4989
Blocksize strategy selection process: -0.029676 --> -0.025754, len_BS = 4989
Blocksize strategy selection process: -0.029622 --> -0.025754, len_BS = 4996
Blocksize strategy selection process: -0.029618 --> -0.025754, len_BS = 4997
Blocksize strategy selection process: -0.029617 --> -0.025754, len_BS = 4999
Blocksize strategy selection process: -0.029580 --> -0.025754, len_BS = 4999
Blocksize strategy selection process: -0.029568 --> -0.025754, len_BS = 5004
Blocksize strategy selection process: -0.029564 --> -0.025754, len_BS = 5016
Blocksize strategy selection process: -0.029558 --> -0.025754, len_BS = 5021
Blocksize strategy selection process: -0.029553 --> -0.025754, len_BS = 5023
Blocksize strategy selection process: -0.029552 --> -0.025754, len_BS = 5024
Blocksize strategy selection process: -0.029551 --> -0.025754, len_BS = 5025
Blocksize strategy selection process: -0.029504 --> -0.025754, len_BS = 5026
Blocksize strategy selection process: -0.029503 --> -0.025754, len_BS = 5033
Blocksize strategy selection process: -0.029499 --> -0.025754, len_BS = 5033
Blocksize strategy selection process: -0.029451 --> -0.025754, len_BS = 5036
Blocksize strategy selection process: -0.029450 --> -0.025754, len_BS = 5037
Blocksize strategy selection process: -0.029416 --> -0.025754, len_BS = 5037
Blocksize strategy selection process: -0.029414 --> -0.025754, len_BS = 5046
Blocksize strategy selection process: -0.029409 --> -0.025754, len_BS = 5046
Blocksize strategy selection process: -0.029397 --> -0.025754, len_BS = 5051
Blocksize strategy selection process: -0.029388 --> -0.025754, len_BS = 5059
Blocksize strategy selection process: -0.029351 --> -0.025754, len_BS = 5064
Blocksize strategy selection process: -0.029341 --> -0.025754, len_BS = 5067
Blocksize strategy selection process: -0.029335 --> -0.025754, len_BS = 5072
Blocksize strategy selection process: -0.029293 --> -0.025754, len_BS = 5075
Blocksize strategy selection process: -0.029283 --> -0.025754, len_BS = 5076
Blocksize strategy selection process: -0.029269 --> -0.025754, len_BS = 5081
Blocksize strategy selection process: -0.029235 --> -0.025754, len_BS = 5087
Blocksize strategy selection process: -0.029217 --> -0.025754, len_BS = 5091
Blocksize strategy selection process: -0.029181 --> -0.025754, len_BS = 5101
Blocksize strategy selection process: -0.029114 --> -0.025754, len_BS = 5109
Blocksize strategy selection process: -0.029080 --> -0.025754, len_BS = 5112
Blocksize strategy selection process: -0.029055 --> -0.025754, len_BS = 5116
Blocksize strategy selection process: -0.029050 --> -0.025754, len_BS = 5127
Blocksize strategy selection process: -0.029049 --> -0.025754, len_BS = 5126
Blocksize strategy selection process: -0.029046 --> -0.025754, len_BS = 5126
Blocksize strategy selection process: -0.029045 --> -0.025754, len_BS = 5126
Blocksize strategy selection process: -0.029041 --> -0.025754, len_BS = 5126
Blocksize strategy selection process: -0.029040 --> -0.025754, len_BS = 5129
Blocksize strategy selection process: -0.029036 --> -0.025754, len_BS = 5129
Blocksize strategy selection process: -0.029035 --> -0.025754, len_BS = 5130
Blocksize strategy selection process: -0.028971 --> -0.025754, len_BS = 5132
Blocksize strategy selection process: -0.028951 --> -0.025754, len_BS = 5126
Blocksize strategy selection process: -0.028943 --> -0.025754, len_BS = 5131
Blocksize strategy selection process: -0.028936 --> -0.025754, len_BS = 5132
Blocksize strategy selection process: -0.028935 --> -0.025754, len_BS = 5134
Blocksize strategy selection process: -0.028931 --> -0.025754, len_BS = 5134
Blocksize strategy selection process: -0.028930 --> -0.025754, len_BS = 5135
Blocksize strategy selection process: -0.028927 --> -0.025754, len_BS = 5135
Blocksize strategy selection process: -0.028926 --> -0.025754, len_BS = 5136
Blocksize strategy selection process: -0.028892 --> -0.025754, len_BS = 5136
Blocksize strategy selection process: -0.028888 --> -0.025754, len_BS = 5135
Blocksize strategy selection process: -0.028879 --> -0.025754, len_BS = 5135
Blocksize strategy selection process: -0.028878 --> -0.025754, len_BS = 5143
Blocksize strategy selection process: -0.028874 --> -0.025754, len_BS = 5143
Blocksize strategy selection process: -0.028872 --> -0.025754, len_BS = 5145
Blocksize strategy selection process: -0.028830 --> -0.025754, len_BS = 5145
Blocksize strategy selection process: -0.028829 --> -0.025754, len_BS = 5150
Blocksize strategy selection process: -0.028791 --> -0.025754, len_BS = 5150
Blocksize strategy selection process: -0.028759 --> -0.025754, len_BS = 5155
Blocksize strategy selection process: -0.028740 --> -0.025754, len_BS = 5164
Blocksize strategy selection process: -0.028734 --> -0.025754, len_BS = 5169
Blocksize strategy selection process: -0.028729 --> -0.025754, len_BS = 5174
Blocksize strategy selection process: -0.028725 --> -0.025754, len_BS = 5176
Blocksize strategy selection process: -0.028724 --> -0.025754, len_BS = 5178
Blocksize strategy selection process: -0.028722 --> -0.025754, len_BS = 5178
Blocksize strategy selection process: -0.028717 --> -0.025754, len_BS = 5180
Blocksize strategy selection process: -0.028715 --> -0.025754, len_BS = 5182
Blocksize strategy selection process: -0.028709 --> -0.025754, len_BS = 5182
Blocksize strategy selection process: -0.028678 --> -0.025754, len_BS = 5184
Blocksize strategy selection process: -0.028674 --> -0.025754, len_BS = 5190
Blocksize strategy selection process: -0.028673 --> -0.025754, len_BS = 5192
Blocksize strategy selection process: -0.028663 --> -0.025754, len_BS = 5192
Blocksize strategy selection process: -0.028597 --> -0.025754, len_BS = 5195
Blocksize strategy selection process: -0.028539 --> -0.025754, len_BS = 5195
Blocksize strategy selection process: -0.028514 --> -0.025754, len_BS = 5198
Blocksize strategy selection process: -0.028389 --> -0.025754, len_BS = 5206
Blocksize strategy selection process: -0.028363 --> -0.025754, len_BS = 5196
Blocksize strategy selection process: -0.028357 --> -0.025754, len_BS = 5198
Blocksize strategy selection process: -0.028353 --> -0.025754, len_BS = 5198
Blocksize strategy selection process: -0.028320 --> -0.025754, len_BS = 5198
Blocksize strategy selection process: -0.028277 --> -0.025754, len_BS = 5203
Blocksize strategy selection process: -0.028238 --> -0.025754, len_BS = 5209
Blocksize strategy selection process: -0.028216 --> -0.025754, len_BS = 5213
Blocksize strategy selection process: -0.028204 --> -0.025754, len_BS = 5214
Blocksize strategy selection process: -0.028198 --> -0.025754, len_BS = 5217
Blocksize strategy selection process: -0.028158 --> -0.025754, len_BS = 5218
Blocksize strategy selection process: -0.028140 --> -0.025754, len_BS = 5223
Blocksize strategy selection process: -0.028134 --> -0.025754, len_BS = 5225
Blocksize strategy selection process: -0.028103 --> -0.025754, len_BS = 5226
Blocksize strategy selection process: -0.028100 --> -0.025754, len_BS = 5230
Blocksize strategy selection process: -0.028031 --> -0.025754, len_BS = 5230
Blocksize strategy selection process: -0.028014 --> -0.025754, len_BS = 5231
Blocksize strategy selection process: -0.028005 --> -0.025754, len_BS = 5232
Blocksize strategy selection process: -0.027991 --> -0.025754, len_BS = 5232
Blocksize strategy selection process: -0.027942 --> -0.025754, len_BS = 5232
Blocksize strategy selection process: -0.027911 --> -0.025754, len_BS = 5234
Blocksize strategy selection process: -0.027910 --> -0.025754, len_BS = 5234
Blocksize strategy selection process: -0.027905 --> -0.025754, len_BS = 5234
Blocksize strategy selection process: -0.027868 --> -0.025754, len_BS = 5235
Blocksize strategy selection process: -0.027862 --> -0.025754, len_BS = 5238
Blocksize strategy selection process: -0.027815 --> -0.025754, len_BS = 5238
Blocksize strategy selection process: -0.027724 --> -0.025754, len_BS = 5242
Blocksize strategy selection process: -0.027692 --> -0.025754, len_BS = 5243
Blocksize strategy selection process: -0.027689 --> -0.025754, len_BS = 5244
Blocksize strategy selection process: -0.027683 --> -0.025754, len_BS = 5244
Blocksize strategy selection process: -0.027676 --> -0.025754, len_BS = 5244
Blocksize strategy selection process: -0.027671 --> -0.025754, len_BS = 5245
Blocksize strategy selection process: -0.027668 --> -0.025754, len_BS = 5245
Blocksize strategy selection process: -0.027665 --> -0.025754, len_BS = 5245
Blocksize strategy selection process: -0.027637 --> -0.025754, len_BS = 5245
Blocksize strategy selection process: -0.027636 --> -0.025754, len_BS = 5245
Blocksize strategy selection process: -0.027634 --> -0.025754, len_BS = 5245
Blocksize strategy selection process: -0.027615 --> -0.025754, len_BS = 5245
Blocksize strategy selection process: -0.027550 --> -0.025754, len_BS = 5245
Blocksize strategy selection process: -0.027545 --> -0.025754, len_BS = 5248
Blocksize strategy selection process: -0.027520 --> -0.025754, len_BS = 5249
Blocksize strategy selection process: -0.027492 --> -0.025754, len_BS = 5250
Blocksize strategy selection process: -0.027447 --> -0.025754, len_BS = 5250
Blocksize strategy selection process: -0.027408 --> -0.025754, len_BS = 5252
Blocksize strategy selection process: -0.027403 --> -0.025754, len_BS = 5253
Blocksize strategy selection process: -0.027400 --> -0.025754, len_BS = 5253
Blocksize strategy selection process: -0.027389 --> -0.025754, len_BS = 5253
Blocksize strategy selection process: -0.027358 --> -0.025754, len_BS = 5253
Blocksize strategy selection process: -0.027312 --> -0.025754, len_BS = 5253
Blocksize strategy selection process: -0.027290 --> -0.025754, len_BS = 5255
Blocksize strategy selection process: -0.027263 --> -0.025754, len_BS = 5255
Blocksize strategy selection process: -0.027242 --> -0.025754, len_BS = 5255
Blocksize strategy selection process: -0.027137 --> -0.025754, len_BS = 5255
Blocksize strategy selection process: -0.027099 --> -0.025754, len_BS = 5254
Blocksize strategy selection process: -0.027097 --> -0.025754, len_BS = 5256
Blocksize strategy selection process: -0.027094 --> -0.025754, len_BS = 5256
Blocksize strategy selection process: -0.027093 --> -0.025754, len_BS = 5256
Blocksize strategy selection process: -0.027082 --> -0.025754, len_BS = 5256
Blocksize strategy selection process: -0.027032 --> -0.025754, len_BS = 5256
Blocksize strategy selection process: -0.027013 --> -0.025754, len_BS = 5256
Blocksize strategy selection process: -0.026970 --> -0.025754, len_BS = 5256
Blocksize strategy selection process: -0.026955 --> -0.025754, len_BS = 5256
Blocksize strategy selection process: -0.026953 --> -0.025754, len_BS = 5256
Blocksize strategy selection process: -0.026926 --> -0.025754, len_BS = 5256
Blocksize strategy selection process: -0.026924 --> -0.025754, len_BS = 5256
Blocksize strategy selection process: -0.026923 --> -0.025754, len_BS = 5256
Blocksize strategy selection process: -0.026922 --> -0.025754, len_BS = 5256
Blocksize strategy selection process: -0.026907 --> -0.025754, len_BS = 5256
Blocksize strategy selection process: -0.026906 --> -0.025754, len_BS = 5256
Blocksize strategy selection process: -0.026882 --> -0.025754, len_BS = 5256
Blocksize strategy selection process: -0.026881 --> -0.025754, len_BS = 5256
Blocksize strategy selection process: -0.026820 --> -0.025754, len_BS = 5256
Blocksize strategy selection process: -0.026812 --> -0.025754, len_BS = 5256
Blocksize strategy selection process: -0.026784 --> -0.025754, len_BS = 5256
Blocksize strategy selection process: -0.026759 --> -0.025754, len_BS = 5256
Blocksize strategy selection process: -0.026758 --> -0.025754, len_BS = 5256
Blocksize strategy selection process: -0.026743 --> -0.025754, len_BS = 5256
Blocksize strategy selection process: -0.026718 --> -0.025754, len_BS = 5256
Blocksize strategy selection process: -0.026717 --> -0.025754, len_BS = 5256
Blocksize strategy selection process: -0.026677 --> -0.025754, len_BS = 5256
Blocksize strategy selection process: -0.026670 --> -0.025754, len_BS = 5256
Blocksize strategy selection process: -0.026653 --> -0.025754, len_BS = 5256
Blocksize strategy selection process: -0.026642 --> -0.025754, len_BS = 5256
Blocksize strategy selection process: -0.026639 --> -0.025754, len_BS = 5256
Blocksize strategy selection process: -0.026638 --> -0.025754, len_BS = 5256
Blocksize strategy selection process: -0.026600 --> -0.025754, len_BS = 5256
Blocksize strategy selection process: -0.026528 --> -0.025754, len_BS = 5257
Blocksize strategy selection process: -0.026525 --> -0.025754, len_BS = 5257
Blocksize strategy selection process: -0.026514 --> -0.025754, len_BS = 5257
Blocksize strategy selection process: -0.026505 --> -0.025754, len_BS = 5257
Blocksize strategy selection process: -0.026499 --> -0.025754, len_BS = 5257
Blocksize strategy selection process: -0.026498 --> -0.025754, len_BS = 5257
Blocksize strategy selection process: -0.026497 --> -0.025754, len_BS = 5257
Blocksize strategy selection process: -0.026496 --> -0.025754, len_BS = 5257
Blocksize strategy selection process: -0.026495 --> -0.025754, len_BS = 5257
Blocksize strategy selection process: -0.026453 --> -0.025754, len_BS = 5257
Blocksize strategy selection process: -0.026383 --> -0.025754, len_BS = 5257
Blocksize strategy selection process: -0.026350 --> -0.025754, len_BS = 5257
Blocksize strategy selection process: -0.026317 --> -0.025754, len_BS = 5257
Blocksize strategy selection process: -0.026285 --> -0.025754, len_BS = 5257
Blocksize strategy selection process: -0.026254 --> -0.025754, len_BS = 5257
Blocksize strategy selection process: -0.026253 --> -0.025754, len_BS = 5257
Blocksize strategy selection process: -0.026252 --> -0.025754, len_BS = 5257
Blocksize strategy selection process: -0.026235 --> -0.025754, len_BS = 5257
Blocksize strategy selection process: -0.026234 --> -0.025754, len_BS = 5257
Blocksize strategy selection process: -0.026233 --> -0.025754, len_BS = 5257
Blocksize strategy selection process: -0.026232 --> -0.025754, len_BS = 5257
Blocksize strategy selection process: -0.026231 --> -0.025754, len_BS = 5257
Blocksize strategy selection process: -0.026230 --> -0.025754, len_BS = 5257
Blocksize strategy selection process: -0.026229 --> -0.025754, len_BS = 5257
Blocksize strategy selection process: -0.026228 --> -0.025754, len_BS = 5257
Blocksize strategy selection process: -0.026227 --> -0.025754, len_BS = 5257
Blocksize strategy selection process: -0.026226 --> -0.025754, len_BS = 5257
Blocksize strategy selection process: -0.026225 --> -0.025754, len_BS = 5257
Blocksize strategy selection process: -0.026224 --> -0.025754, len_BS = 5257
Blocksize strategy selection process: -0.026223 --> -0.025754, len_BS = 5257
Blocksize strategy selection process: -0.026222 --> -0.025754, len_BS = 5257
Blocksize strategy selection process: -0.026205 --> -0.025754, len_BS = 5257
Blocksize strategy selection process: -0.026204 --> -0.025754, len_BS = 5257
Blocksize strategy selection process: -0.026203 --> -0.025754, len_BS = 5257
Blocksize strategy selection process: -0.026202 --> -0.025754, len_BS = 5257
Blocksize strategy selection process: -0.026201 --> -0.025754, len_BS = 5257
Blocksize strategy selection process: -0.026200 --> -0.025754, len_BS = 5257
Blocksize strategy selection process: -0.026199 --> -0.025754, len_BS = 5257
Blocksize strategy selection process: -0.026198 --> -0.025754, len_BS = 5257
Blocksize strategy selection process: -0.026197 --> -0.025754, len_BS = 5257
Blocksize strategy selection process: -0.026196 --> -0.025754, len_BS = 5257
Blocksize strategy selection process: -0.026195 --> -0.025754, len_BS = 5257
Blocksize strategy selection process: -0.026194 --> -0.025754, len_BS = 5257
Blocksize strategy selection process: -0.026177 --> -0.025754, len_BS = 5257
Blocksize strategy selection process: -0.026176 --> -0.025754, len_BS = 5257
Blocksize strategy selection process: -0.026175 --> -0.025754, len_BS = 5257
Blocksize strategy selection process: -0.026174 --> -0.025754, len_BS = 5257
Blocksize strategy selection process: -0.026173 --> -0.025754, len_BS = 5257
Blocksize strategy selection process: -0.026172 --> -0.025754, len_BS = 5257
Blocksize strategy selection process: -0.026171 --> -0.025754, len_BS = 5257
Blocksize strategy selection process: -0.026170 --> -0.025754, len_BS = 5257
Blocksize strategy selection process: -0.026169 --> -0.025754, len_BS = 5257
Blocksize strategy selection process: -0.026168 --> -0.025754, len_BS = 5257
Blocksize strategy selection process: -0.026167 --> -0.025754, len_BS = 5257
Blocksize strategy selection process: -0.026166 --> -0.025754, len_BS = 5257
Blocksize strategy selection process: -0.026149 --> -0.025754, len_BS = 5257
Blocksize strategy selection process: -0.026148 --> -0.025754, len_BS = 5257
Blocksize strategy selection process: -0.026147 --> -0.025754, len_BS = 5257
Blocksize strategy selection process: -0.026146 --> -0.025754, len_BS = 5257
Blocksize strategy selection process: -0.026145 --> -0.025754, len_BS = 5257
Blocksize strategy selection process: -0.026144 --> -0.025754, len_BS = 5257
Blocksize strategy selection process: -0.026143 --> -0.025754, len_BS = 5257
Blocksize strategy selection process: -0.026142 --> -0.025754, len_BS = 5257
Blocksize strategy selection process: -0.026141 --> -0.025754, len_BS = 5257
Blocksize strategy selection process: -0.026096 --> -0.025754, len_BS = 5257
Blocksize strategy selection process: -0.026095 --> -0.025754, len_BS = 5257
Blocksize strategy selection process: -0.026094 --> -0.025754, len_BS = 5257
Blocksize strategy selection process: -0.026093 --> -0.025754, len_BS = 5257
Blocksize strategy selection process: -0.026092 --> -0.025754, len_BS = 5257
Blocksize strategy selection process: -0.026091 --> -0.025754, len_BS = 5257
Blocksize strategy selection process: -0.026090 --> -0.025754, len_BS = 5257
Blocksize strategy selection process: -0.026089 --> -0.025754, len_BS = 5257
Blocksize strategy selection process: -0.026088 --> -0.025754, len_BS = 5257
Blocksize strategy selection process: -0.026087 --> -0.025754, len_BS = 5257
Blocksize strategy selection process: -0.026086 --> -0.025754, len_BS = 5257
Blocksize strategy selection process: -0.026085 --> -0.025754, len_BS = 5257
Blocksize strategy selection process: -0.026084 --> -0.025754, len_BS = 5257
Blocksize strategy selection process: -0.026083 --> -0.025754, len_BS = 5257
Blocksize strategy selection process: -0.026082 --> -0.025754, len_BS = 5257
Blocksize strategy selection process: -0.026081 --> -0.025754, len_BS = 5257
Blocksize strategy selection process: -0.026080 --> -0.025754, len_BS = 5257
Blocksize strategy selection process: -0.026079 --> -0.025754, len_BS = 5257
Blocksize strategy selection process: -0.026078 --> -0.025754, len_BS = 5257
Blocksize strategy selection process: -0.026077 --> -0.025754, len_BS = 5257
Blocksize strategy selection process: -0.026076 --> -0.025754, len_BS = 5257
Blocksize strategy selection process: -0.026075 --> -0.025754, len_BS = 5257
Blocksize strategy selection process: -0.026074 --> -0.025754, len_BS = 5257
Blocksize strategy selection process: -0.026073 --> -0.025754, len_BS = 5257
Blocksize strategy selection process: -0.026072 --> -0.025754, len_BS = 5257
Blocksize strategy selection process: -0.026071 --> -0.025754, len_BS = 5257
Blocksize strategy selection process: -0.026070 --> -0.025754, len_BS = 5257
Blocksize strategy selection process: -0.026069 --> -0.025754, len_BS = 5257
Blocksize strategy selection process: -0.026068 --> -0.025754, len_BS = 5257
Blocksize strategy selection process: -0.026067 --> -0.025754, len_BS = 5257
Blocksize strategy selection process: -0.026066 --> -0.025754, len_BS = 5257
Blocksize strategy selection process: -0.026065 --> -0.025754, len_BS = 5257
Blocksize strategy selection process: -0.026064 --> -0.025754, len_BS = 5257
Blocksize strategy selection process: -0.026063 --> -0.025754, len_BS = 5257
Blocksize strategy selection process: -0.026062 --> -0.025754, len_BS = 5257
Blocksize strategy selection process: -0.026061 --> -0.025754, len_BS = 5257
Blocksize strategy selection process: -0.026060 --> -0.025754, len_BS = 5257
Blocksize strategy selection process: -0.026046 --> -0.025754, len_BS = 5257
Blocksize strategy selection process: -0.026045 --> -0.025754, len_BS = 5257
Blocksize strategy selection process: -0.026044 --> -0.025754, len_BS = 5257
Blocksize strategy selection process: -0.026043 --> -0.025754, len_BS = 5257
Blocksize strategy selection process: -0.026042 --> -0.025754, len_BS = 5257
Blocksize strategy selection process: -0.026041 --> -0.025754, len_BS = 5257
Blocksize strategy selection process: -0.026040 --> -0.025754, len_BS = 5257
Blocksize strategy selection process: -0.026039 --> -0.025754, len_BS = 5257
Blocksize strategy selection process: -0.026038 --> -0.025754, len_BS = 5257
Blocksize strategy selection process: -0.026037 --> -0.025754, len_BS = 5257
Blocksize strategy selection process: -0.026036 --> -0.025754, len_BS = 5257
Blocksize strategy selection process: -0.026023 --> -0.025754, len_BS = 5257
Blocksize strategy selection process: -0.026022 --> -0.025754, len_BS = 5257
Blocksize strategy selection process: -0.026021 --> -0.025754, len_BS = 5257
Blocksize strategy selection process: -0.026020 --> -0.025754, len_BS = 5257
Blocksize strategy selection process: -0.026019 --> -0.025754, len_BS = 5257
Blocksize strategy selection process: -0.026018 --> -0.025754, len_BS = 5257
Blocksize strategy selection process: -0.026017 --> -0.025754, len_BS = 5257
Blocksize strategy selection process: -0.026016 --> -0.025754, len_BS = 5257
Blocksize strategy selection process: -0.026015 --> -0.025754, len_BS = 5257
Blocksize strategy selection process: -0.026014 --> -0.025754, len_BS = 5257
Blocksize strategy selection process: -0.026013 --> -0.025754, len_BS = 5257
Blocksize strategy selection process: -0.026012 --> -0.025754, len_BS = 5257
Blocksize strategy selection process: -0.026000 --> -0.025754, len_BS = 5257
Blocksize strategy selection process: -0.025999 --> -0.025754, len_BS = 5257
Blocksize strategy selection process: -0.025998 --> -0.025754, len_BS = 5257
Blocksize strategy selection process: -0.025997 --> -0.025754, len_BS = 5257
Blocksize strategy selection process: -0.025996 --> -0.025754, len_BS = 5257
Blocksize strategy selection process: -0.025995 --> -0.025754, len_BS = 5257
Blocksize strategy selection process: -0.025994 --> -0.025754, len_BS = 5257
Blocksize strategy selection process: -0.025993 --> -0.025754, len_BS = 5257
Blocksize strategy selection process: -0.025992 --> -0.025754, len_BS = 5257
Blocksize strategy selection process: -0.025991 --> -0.025754, len_BS = 5257
Blocksize strategy selection process: -0.025990 --> -0.025754, len_BS = 5257
Blocksize strategy selection process: -0.025978 --> -0.025754, len_BS = 5257
Blocksize strategy selection process: -0.025977 --> -0.025754, len_BS = 5257
Blocksize strategy selection process: -0.025976 --> -0.025754, len_BS = 5257
Blocksize strategy selection process: -0.025975 --> -0.025754, len_BS = 5257
Blocksize strategy selection process: -0.025974 --> -0.025754, len_BS = 5257
Blocksize strategy selection process: -0.025973 --> -0.025754, len_BS = 5257
Blocksize strategy selection process: -0.025972 --> -0.025754, len_BS = 5257
Blocksize strategy selection process: -0.025971 --> -0.025754, len_BS = 5257
Blocksize strategy selection process: -0.025970 --> -0.025754, len_BS = 5257
Blocksize strategy selection process: -0.025958 --> -0.025754, len_BS = 5257
Blocksize strategy selection process: -0.025957 --> -0.025754, len_BS = 5257
Blocksize strategy selection process: -0.025956 --> -0.025754, len_BS = 5257
Blocksize strategy selection process: -0.025955 --> -0.025754, len_BS = 5257
Blocksize strategy selection process: -0.025954 --> -0.025754, len_BS = 5257
Blocksize strategy selection process: -0.025953 --> -0.025754, len_BS = 5257
Blocksize strategy selection process: -0.025952 --> -0.025754, len_BS = 5257
Blocksize strategy selection process: -0.025951 --> -0.025754, len_BS = 5257
Blocksize strategy selection process: -0.025950 --> -0.025754, len_BS = 5257
Blocksize strategy selection process: -0.025949 --> -0.025754, len_BS = 5257
Blocksize strategy selection process: -0.025938 --> -0.025754, len_BS = 5257
Blocksize strategy selection process: -0.025937 --> -0.025754, len_BS = 5257
Blocksize strategy selection process: -0.025936 --> -0.025754, len_BS = 5257
Blocksize strategy selection process: -0.025935 --> -0.025754, len_BS = 5257
Blocksize strategy selection process: -0.025934 --> -0.025754, len_BS = 5257
Blocksize strategy selection process: -0.025933 --> -0.025754, len_BS = 5257
Blocksize strategy selection process: -0.025932 --> -0.025754, len_BS = 5257
Blocksize strategy selection process: -0.025931 --> -0.025754, len_BS = 5257
Blocksize strategy selection process: -0.025930 --> -0.025754, len_BS = 5257
Blocksize strategy selection process: -0.025929 --> -0.025754, len_BS = 5257
Blocksize strategy selection process: -0.025919 --> -0.025754, len_BS = 5257
Blocksize strategy selection process: -0.025918 --> -0.025754, len_BS = 5257
Blocksize strategy selection process: -0.025917 --> -0.025754, len_BS = 5257
Blocksize strategy selection process: -0.025916 --> -0.025754, len_BS = 5257
Blocksize strategy selection process: -0.025915 --> -0.025754, len_BS = 5257
Blocksize strategy selection process: -0.025914 --> -0.025754, len_BS = 5257
Blocksize strategy selection process: -0.025913 --> -0.025754, len_BS = 5257
Blocksize strategy selection process: -0.025912 --> -0.025754, len_BS = 5257
Blocksize strategy selection process: -0.025911 --> -0.025754, len_BS = 5258
Blocksize strategy selection process: -0.025901 --> -0.025754, len_BS = 5258
Blocksize strategy selection process: -0.025900 --> -0.025754, len_BS = 5258
Blocksize strategy selection process: -0.025899 --> -0.025754, len_BS = 5258
Blocksize strategy selection process: -0.025898 --> -0.025754, len_BS = 5258
Blocksize strategy selection process: -0.025897 --> -0.025754, len_BS = 5258
Blocksize strategy selection process: -0.025896 --> -0.025754, len_BS = 5258
Blocksize strategy selection process: -0.025895 --> -0.025754, len_BS = 5258
Blocksize strategy selection process: -0.025894 --> -0.025754, len_BS = 5258
Blocksize strategy selection process: -0.025884 --> -0.025754, len_BS = 5258
Blocksize strategy selection process: -0.025883 --> -0.025754, len_BS = 5258
Blocksize strategy selection process: -0.025882 --> -0.025754, len_BS = 5258
Blocksize strategy selection process: -0.025881 --> -0.025754, len_BS = 5258
Blocksize strategy selection process: -0.025880 --> -0.025754, len_BS = 5258
Blocksize strategy selection process: -0.025879 --> -0.025754, len_BS = 5258
Blocksize strategy selection process: -0.025878 --> -0.025754, len_BS = 5258
Blocksize strategy selection process: -0.025877 --> -0.025754, len_BS = 5258
Blocksize strategy selection process: -0.025868 --> -0.025754, len_BS = 5258
Blocksize strategy selection process: -0.025867 --> -0.025754, len_BS = 5258
Blocksize strategy selection process: -0.025866 --> -0.025754, len_BS = 5258
Blocksize strategy selection process: -0.025865 --> -0.025754, len_BS = 5258
Blocksize strategy selection process: -0.025864 --> -0.025754, len_BS = 5258
Blocksize strategy selection process: -0.025863 --> -0.025754, len_BS = 5258
Blocksize strategy selection process: -0.025862 --> -0.025754, len_BS = 5258
Blocksize strategy selection process: -0.025861 --> -0.025754, len_BS = 5258
Blocksize strategy selection process: -0.025853 --> -0.025754, len_BS = 5258
Blocksize strategy selection process: -0.025852 --> -0.025754, len_BS = 5258
Blocksize strategy selection process: -0.025851 --> -0.025754, len_BS = 5258
Blocksize strategy selection process: -0.025850 --> -0.025754, len_BS = 5258
Blocksize strategy selection process: -0.025835 --> -0.025754, len_BS = 5258
Blocksize strategy selection process: -0.025834 --> -0.025754, len_BS = 5258
Blocksize strategy selection process: -0.025830 --> -0.025754, len_BS = 5258
Blocksize strategy selection process: -0.025828 --> -0.025754, len_BS = 5258
Blocksize strategy selection process: -0.025827 --> -0.025754, len_BS = 5258
Blocksize strategy selection process: -0.025826 --> -0.025754, len_BS = 5258
Blocksize strategy selection process: -0.025825 --> -0.025754, len_BS = 5258
Blocksize strategy selection process: -0.025824 --> -0.025754, len_BS = 5258
Blocksize strategy selection process: -0.025823 --> -0.025754, len_BS = 5258
Blocksize strategy selection process: -0.025822 --> -0.025754, len_BS = 5258
Blocksize strategy selection process: -0.025821 --> -0.025754, len_BS = 5258
Blocksize strategy selection process: -0.025814 --> -0.025754, len_BS = 5258
Blocksize strategy selection process: -0.025813 --> -0.025754, len_BS = 5258
Blocksize strategy selection process: -0.025812 --> -0.025754, len_BS = 5258
Blocksize strategy selection process: -0.025811 --> -0.025754, len_BS = 5258
Blocksize strategy selection process: -0.025810 --> -0.025754, len_BS = 5258
Blocksize strategy selection process: -0.025809 --> -0.025754, len_BS = 5258
Blocksize strategy selection process: -0.025808 --> -0.025754, len_BS = 5258
Blocksize strategy selection process: -0.025802 --> -0.025754, len_BS = 5258
Blocksize strategy selection process: -0.025801 --> -0.025754, len_BS = 5258
Blocksize strategy selection process: -0.025800 --> -0.025754, len_BS = 5258
Blocksize strategy selection process: -0.025799 --> -0.025754, len_BS = 5258
Blocksize strategy selection process: -0.025798 --> -0.025754, len_BS = 5258
Blocksize strategy selection process: -0.025793 --> -0.025754, len_BS = 5258
Blocksize strategy selection process: -0.025792 --> -0.025754, len_BS = 5258
Blocksize strategy selection process: -0.025791 --> -0.025754, len_BS = 5258
Blocksize strategy selection process: -0.025790 --> -0.025754, len_BS = 5258
Blocksize strategy selection process: -0.025789 --> -0.025754, len_BS = 5258
Blocksize strategy selection process: -0.025784 --> -0.025754, len_BS = 5258
Blocksize strategy selection process: -0.025783 --> -0.025754, len_BS = 5258
Blocksize strategy selection process: -0.025782 --> -0.025754, len_BS = 5258
Blocksize strategy selection process: -0.025781 --> -0.025754, len_BS = 5258
Blocksize strategy selection process: -0.025780 --> -0.025754, len_BS = 5258
Blocksize strategy selection process: -0.025779 --> -0.025754, len_BS = 5258
Blocksize strategy selection process: -0.025778 --> -0.025754, len_BS = 5258
Blocksize strategy selection process: -0.025774 --> -0.025754, len_BS = 5258
Blocksize strategy selection process: -0.025773 --> -0.025754, len_BS = 5258
Blocksize strategy selection process: -0.025769 --> -0.025754, len_BS = 5258
Blocksize strategy selection process: -0.025767 --> -0.025754, len_BS = 5258
Blocksize strategy selection process: -0.025766 --> -0.025754, len_BS = 5258
Blocksize strategy selection process: -0.025763 --> -0.025754, len_BS = 5258
Blocksize strategy selection process: -0.025762 --> -0.025754, len_BS = 5258
Blocksize strategy selection process: -0.025761 --> -0.025754, len_BS = 5258
Blocksize strategy selection process: -0.025760 --> -0.025754, len_BS = 5258
Blocksize strategy selection process: -0.025758 --> -0.025754, len_BS = 5258
Blocksize strategy selection process: -0.025757 --> -0.025754, len_BS = 5258
Blocksize strategy selection process: -0.025755 --> -0.025754, len_BS = 5258
Blocksize strategy selection process: -0.025754 --> -0.025754, len_BS = 5258
len(BS) = 5258
Time cost for generating Strategy: 1060.475653 s
[16.0372509300915,16.0372509300915,16.0372509300915,16.0372509300915,16.0372509300915,16.0372509300915,16.0372509300915,16.0372509300915,16.0372509300915,16.0372509300915,16.0372509300915,16.0372509300915,16.0372509300915,16.0372509300915,16.0372509300915,16.0372509300915,16.0372509300915,16.0372509300915,16.0372509300915,16.0372509300915,16.0372509300915,16.0372509300915,16.0372509300915,16.0372509300915,16.0372509300915,16.0372509300915,16.0372509300915,16.0372509300915,16.0372509300915,16.0372509300915,16.0372509300915,16.033585295261837,16.0032985876675,15.97302259467436,15.94275587712055,15.912496984814354,15.882244456100809,15.851996817414673,15.821752582819192,15.791510253530053,15.761268317423907,15.731025248530788,15.700779506509733,15.670529536106898,15.640273766595378,15.610010611195968,15.57973846647801,15.549455711739455,15.519160708365243,15.48885179916303,15.458527307675245,15.428185537466495,15.397824771385132,15.36744327079791,15.337039274796506,15.306610999374673,15.27615663657471,15.245674353601883,15.215162291905454,15.18461856622475,15.154041263598845,15.123428442338247,15.092778130956928,15.062088327063115,15.03135699620704,15.000582070683942,14.969761448290516,14.938892991033029,14.907974523785262,14.87700383289451,14.845978664733865,14.814896724199071,14.783755673148356,14.75255312878377,14.721286661972725,14.689953795508766,14.65855200231084,14.627078703560837,14.595531266779725,14.563907003843282,14.532203168939413,14.500416956470067,14.468545498902309,14.436623304526933,14.404800166175642,14.372961591591931,14.341081539971869,14.30912057103406,14.27706391416928,14.244913728948907,14.21265678893824,14.180327917565632,14.14788018393168,14.115332716742817,14.08264985639744,14.049881512622974,14.016978697075112,13.983952539348401,13.950793123004877,13.917509502102957,13.884095921410239,13.850538514489296,13.816852308693791,13.783015503093868,13.74903774229366,13.714897014011655,13.680615560435898,13.646177357026222,13.611575525567472,13.576799806285477,13.541855317114038,13.506755226455274,13.471480957955146,13.43605610605578,13.400438483211227,13.364641842527476,13.328668768307969,13.292498736529557,13.256160384200733,13.219615035572577,13.182886707539042,13.145983957127108,13.108890490727948,13.071594893314584,13.034116640528813,12.996475002283878,12.95878916940178,12.921178863105224,12.899147426211908,12.877009333383182,12.854763412715084,12.832408472035919,12.809943298427253,12.78736665773056,12.764677294039025,12.741873929173922,12.71895526214508,12.695919968594755,12.67276670022438,12.649494084203498,12.626100722560277,12.6025851915528,12.57894604102055,12.55518179371522,12.531290944610111,12.507271960187275,12.483123277701552,12.458843304420608,12.43443041683999,12.409882959872299,12.385199246009325,12.36037755445623,12.335416130236508,12.310313183266619,12.28506688739907,12.259675379432627,12.234136758088303,12.20844908294976,12.182610373366588,12.156618607318926,12.130471720241829,12.104167603807651,12.07770410466468,12.051079023130116,12.024290111835482,11.997335074322399,11.970211563586517,11.942917180567441,11.915449472582155,11.887805931699567,11.859983993053486,11.83198103309131,11.803794367755575,11.775421250595283,11.746858870803887,11.718104351180582,11.689154746011402,11.660007038866462,11.630658140309489,11.601104885515575,11.571344031792979,11.541372256004422,11.511186151883283,11.480782227239777,11.45015690105196,11.41930650043622,11.388227257491575,11.356915306011917,11.32536667806001,11.29357730039682,11.261542990759425,11.229259453980502,11.196722277942115,11.163926929356128,11.130868749363504,11.097542948944186,11.063944604129256,11.030068651006669,10.99590988051166,10.961462932992822,10.926722292544596,10.891682281096946,10.856337052252943,10.820680584865126,10.784706676341647,10.74840893567375,10.711780776176555,10.674815407936048,10.637505829956233,10.599844822001875,10.561824936134276,10.523438487939835,10.484677547454428,10.445533929790582,10.405999185479246,10.366064590544417,10.325721136336345,10.284959519158798,10.243770129737651,10.20214304259283,10.160068005393661,10.117534428400367,10.074531374121914,10.03104754735518,9.987071285812561,9.947944464755855,9.930187281824674,9.89615676223719,9.858386971455353,9.814935743396928,9.769291400902972,9.723860189188002,9.676444068955865,9.633900944187674,9.584574769442172,9.537865137456762,9.485956448885915,9.44104945818094,9.389051650810808,9.3385109036875,9.28642876375643,9.235508095562514,9.183640224576534,9.129659493247788,9.077683847264403,9.022461869436702,8.968468470196388,8.9111863594987,8.856921914210945,8.800225234384255,8.74238821995734,8.682920429774532,8.62401061630147,8.566815114443218,8.50680759246913,8.449999897877813,8.387008800816695,8.325791626966938,8.264764990670278,8.200626985527444,8.140387115040015,8.074448291906624,8.011736888309382,7.950066160164451,7.885891023579384,7.819892822149112,7.756477506481381,7.695635133035353,7.6516736616759085,7.6247881305265075]
MinStrategy is: [87, 87, 107, 117, 119, 127, 137, 143] + pump(102,168,24) , ['87 * 2 (-0.037917) , cost = 783.9222 s', '107 * 1 (-0.035114) , cost = 880.1263 s', '117 * 1 (-0.033519) , cost = 1958.5453 s', '119 * 1 (-0.032948) , cost = 3262.0582 s', '127 * 1 (-0.032370) , cost = 19451.1362 s', '137 * 1 (-0.031678) , cost = 249307.5091 s', '143 * 1 (-0.031208) , cost = 892545.8841 s'] + pump(102,168,24)
[87,87,107,117,119,127,137,143]
Time cost for pnj-BKZ = 324.50 h,
Time cost for pump = 1066.17 h,
Total time cost = 1390.66 h.
