40 0.005
(40, '0.005', 5.7052, 3.7348)
T_BKZ = T_pump = -212.480200
BKZ projection:(89, 6.684613648932558)
Pump projection:(89, 261.149495394034)
40 0.010
(40, '0.010', 19.7409, 6.276)
T_BKZ = T_pump = -137.043200
BKZ projection:(139, 7.192018226880581)
Pump projection:(139, 281.1646118828415)
40 0.015
(40, '0.015', 48.2518, 14.8201)
T_BKZ = T_pump = 987.844100
BKZ projection:(23, 14.756767425993429)
Pump projection:(23, 12.305556185513325)
40 0.020
(40, '0.020', 107.5306, 45.2033)
T_BKZ = T_pump = 1644.113000
BKZ projection:(26, 14.541249249217097)
Pump projection:(26, 12.466898142482922)
40 0.025
(40, '0.025', 858.8473, 456.8909)
T_BKZ = T_pump = 3287.366400
BKZ projection:(34, 14.186534292425565)
Pump projection:(34, 12.505904440011598)
40 0.030
(40, '0.030', 21650.0642, 26912.3187)
T_BKZ = T_pump = 5554.814900
BKZ projection:(41, 13.821271120844887)
Pump projection:(41, 12.505904440011598)
40 0.035
(40, '0.035', 294686.393, 294686.393)
T_BKZ = T_pump = 9159.998400
BKZ projection:(47, 13.639024686433153)
Pump projection:(47, 12.619908330535566)
45 0.005
(45, '0.005', 8.7919, 4.9038)
T_BKZ = T_pump = -205.147500
BKZ projection:(112, 6.877103430851438)
Pump projection:(112, 270.8435705566871)
45 0.010
(45, '0.010', 45.6804, 7.5975)
T_BKZ = T_pump = -11.877900
BKZ projection:(165, 7.174053649414763)
Pump projection:(165, 281.4504531903388)
45 0.015
(45, '0.015', 208.459, 64.5122)
T_BKZ = T_pump = 1888.217400
BKZ projection:(40, 14.449368435230713)
Pump projection:(40, 12.241753162620837)
45 0.020
(45, '0.020', 7296.8999, 9070.0108)
T_BKZ = T_pump = 3813.292800
BKZ projection:(47, 14.038071780988384)
Pump projection:(47, 12.28581019816961)
45 0.025
(45, '0.025', 123429.8343, 153428.2887)
T_BKZ = T_pump = 7275.607500
BKZ projection:(56, 13.60301341825829)
Pump projection:(56, 12.285810198169607)
45 0.030
(45, '0.030', 2595724.3635, 2595724.3635)
T_BKZ = T_pump = 28178.335800
BKZ projection:(56, 13.61586163589497)
Pump projection:(56, 12.618284684673654)
50 0.005
(50, '0.005', 20.5471, 6.6826)
T_BKZ = T_pump = -104.520000
BKZ projection:(147, 6.769645263701367)
Pump projection:(147, 266.3610112655759)
50 0.010
(50, '0.010', 131.5336, 50.7062)
T_BKZ = T_pump = 1723.410000
BKZ projection:(47, 14.558566541614061)
Pump projection:(47, 11.951279779476863)
50 0.015
(50, '0.015', 11277.9556, 17423.5942)
T_BKZ = T_pump = 3903.256500
BKZ projection:(56, 14.01503164755946)
Pump projection:(56, 12.000007631227298)
50 0.020
(50, '0.020', 455355.1636, 566027.5607)
T_BKZ = T_pump = 9133.701600
BKZ projection:(65, 13.594218416884637)
Pump projection:(65, 12.143790669956672)
50 0.025
(50, '0.025', 11903893.6766, 14797184.0053)
T_BKZ = T_pump = 79224.984000
BKZ projection:(70, 13.529077152333711)
Pump projection:(70, 12.54313259497017)
55 0.005
(55, '0.005', 52.966, 34.2528)
T_BKZ = T_pump = 113.785500
BKZ projection:(65, 13.496839621591267)
Pump projection:(65, 10.71058839661677)
55 0.010
(55, '0.010', 1625.73, 9078.3978)
T_BKZ = T_pump = 3016.107500
BKZ projection:(67, 14.147127653051335)
Pump projection:(67, 11.687959737944972)
55 0.015
(55, '0.015', 455364.2723, 703608.9552)
T_BKZ = T_pump = 9593.984400
BKZ projection:(78, 13.551779400994802)
Pump projection:(78, 11.822269799993869)
55 0.020
(55, '0.020', 22864384.8196, 28421672.5059)
T_BKZ = T_pump = 64007.879500
BKZ projection:(82, 13.388823225424435)
Pump projection:(82, 12.217178298686012)
60 0.005
(60, '0.005', 135.1925, 55.4915)
T_BKZ = T_pump = 1654.356600
BKZ projection:(62, 14.396048883778638)
Pump projection:(62, 11.289087712376586)
60 0.010
(60, '0.010', 123446.3675, 294708.8948)
T_BKZ = T_pump = 6136.033800
BKZ projection:(84, 13.500885502124415)
Pump projection:(84, 11.361565698752287)
60 0.015
(60, '0.015', 22864397.6972, 28421685.7561)
T_BKZ = T_pump = 29124.705700
BKZ projection:(96, 13.229634303507742)
Pump projection:(96, 11.742377687045037)
65 0.005
(65, '0.005', 1395.5421, 9084.2687)
T_BKZ = T_pump = 2618.648200
BKZ projection:(81, 14.049588922322469)
Pump projection:(81, 10.964502609933774)
65 0.010
(65, '0.010', 3226661.7477, 7703897.974)
T_BKZ = T_pump = 12738.675000
BKZ projection:(102, 13.160384602126879)
Pump projection:(102, 11.178095457793386)
70 0.005
(70, '0.005', 64286.7682, 190743.593)
T_BKZ = T_pump = 4144.300800
BKZ projection:(97, 13.49914503587514)
Pump projection:(97, 10.584199980357312)
70 0.010
(70, '0.010', 104855451.7331, 201401044.6684)
T_BKZ = T_pump = 33682.571000
BKZ projection:(116, 12.926636968212438)
Pump projection:(116, 11.102162875901527)
75 0.005
(75, '0.005', 874643.5429, 3226668.9932)
T_BKZ = T_pump = 7352.688000
BKZ projection:(112, 13.014990053113976)
Pump projection:(112, 10.410133356449123)
75 0.010
(75, '0.010', 4235705325.8941, 5265214155.4359)
T_BKZ = T_pump = 327687.485400
BKZ projection:(123, 13.039859867139993)
Pump projection:(123, 11.295103111327567)
80 0.005
(80, '0.005', 22864431.6473, 54590938.1964)
T_BKZ = T_pump = 11739.431600
BKZ projection:(129, 12.769207179940294)
Pump projection:(129, 10.142764368519916)
85 0.005
(85, '0.005', 311201940.9954, 923620733.1403)
T_BKZ = T_pump = 21698.140800
BKZ projection:(143, 12.228312777996388)
Pump projection:(143, 9.97602532317012)
90 0.005
(90, '0.005', 5265214217.5292, 15626710148.8086)
T_BKZ = T_pump = 87083.591400
BKZ projection:(156, 12.141335340501676)
Pump projection:(156, 9.937003268559447)
