New Strategy:
n = 40, alpha = 0.035, q = 1601, jump = 1, goal_margin = 1.50, MAX_TIME = inf h
[14.756767425993429, 14.756767425993429, 14.756767425993429, 14.756767425993429, 14.756767425993429, 14.756767425993429, 14.756767425993429, 14.756767425993429, 14.756767425993429, 14.756767425993429, 14.756767425993429, 14.756767425993429, 14.756767425993429, 14.756767425993429, 14.756767425993429, 14.756767425993429, 14.756767425993429, 14.756767425993429, 14.756767425993429, 14.756767425993429, 14.756767425993429, 14.756767425993429, 14.756767425993429, 14.756767425993429, 14.756767425993429, 14.756767425993429, 14.756767425993429, 14.756767425993429, 14.756767425993429, 14.756767425993429, 14.756767425993429, 14.756767425993429, 14.756767425993429, 14.756767425993429, 14.756767425993429, 14.756767425993429, 14.756767425993429, 14.756767425993429, 14.756767425993429, 14.756767425993429, 14.756767425993429, 14.756767425993429, 14.756767425993429, 14.756767425993429, 14.756767425993429, 14.756767425993429, 14.756767425993429, 14.756767425993429, 14.756767425993429, 14.756767425993429, 14.756767425993429, 14.756767425993429, 14.756767425993429, 14.756767425993429, 14.756767425993429, 14.756767425993429, 14.756767425993429, 14.756767425993429, 14.756767425993429, 14.756767425993429, 14.756767425993429, 14.756767425993429, 14.61248788376237, 14.484693170110171, 14.593217340901667, 14.62459430193205, 14.430640069789938, 14.409627669245694, 14.418593002793413, 14.32824264008686, 14.254494675422405, 14.264108657814775, 14.261362946620162, 14.150138536608225, 14.120662221457208, 13.89476771998714, 13.74069114496559, 13.529989119402215, 13.408465422116949, 13.598820239533403, 13.40361517385068, 13.34696181920308, 13.224697779831343, 13.143709170724772, 13.026522976367493, 13.249862603936114, 13.046257586842335, 13.057751359239212, 12.962013102073872, 12.772913378748838, 12.529664742209055, 12.425697942314411, 12.385339598605226, 12.214339004315885, 12.14782475286517, 12.044980285600069, 12.07905715316386, 11.839312518704038, 11.878893376870563, 11.876315103989144, 11.682209053010196, 11.549947285567887, 11.344374042994962, 11.40689936151838, 11.40070993533868, 11.308714774580015, 11.107840733713013, 10.97517258438435, 10.805088590951186, 10.790837400456267, 10.716706404910187, 10.648936639881056, 10.455460752710803, 10.432492560035222, 10.432897605232093, 10.26185176178336, 10.427377697860672, 10.212821896523286, 9.968543314493092, 9.911501650043128, 10.011036214617306, 9.861728226091106, 9.708964894978823, 9.629954673917684, 9.629417256603443, 9.591783241134062, 9.364953974986339, 9.170884661841498, 9.191986309402953, 9.163011683921098, 8.99858196736619, 9.016467642056964, 8.842091945735737, 8.736145840580322, 8.634127060741221, 8.642082429675781, 8.800802204980052, 8.627399048129964, 8.605301718598938, 8.540306236274102, 8.52015218555291, 8.31272378118528, 8.289828227816747, 8.222651065233954, 8.027510042892866, 7.983608031756397, 7.718283522350941, 7.5087596460144965, 7.518565896892123, 7.474930526937709, 7.398882328509134, 7.379723171874154, 7.130821539051659, 6.919832181078502, 6.769074673616503, 6.664724810167815, 6.804660247283118, 6.570904973985695, 6.376374242740934, 6.21768749429633, 6.320516939362959, 6.085770215507076, 6.033528010537487, 5.907643746866342, 6.012703591674277, 5.871231550139652, 5.850933741024799, 5.8005973550894785, 5.807910367251452, 5.6846621082637405, 5.485822512331628, 5.30538369060948, 5.081966342805954, 5.18720092545947, 5.245712842758642, 5.266613014369653, 5.259961820357754, 5.163022999985443, 4.991602980652409, 4.969536616016929, 4.973126416399589, 5.040417225253911, 4.997092514035919]
Blocksize strategy selection process: -0.061721 --> -0.061721, len_BS = 1
Blocksize strategy selection process: -0.047796 --> -0.032018, len_BS = 88
Blocksize strategy selection process: -0.047566 --> -0.032016, len_BS = 127
Blocksize strategy selection process: -0.047339 --> -0.032016, len_BS = 180
Blocksize strategy selection process: -0.047110 --> -0.032016, len_BS = 221
Blocksize strategy selection process: -0.046883 --> -0.032016, len_BS = 267
Blocksize strategy selection process: -0.042443 --> -0.032016, len_BS = 309
Blocksize strategy selection process: -0.042302 --> -0.032016, len_BS = 340
Blocksize strategy selection process: -0.042224 --> -0.032016, len_BS = 386
Blocksize strategy selection process: -0.042159 --> -0.032016, len_BS = 420
Blocksize strategy selection process: -0.042083 --> -0.032016, len_BS = 452
Blocksize strategy selection process: -0.042017 --> -0.032016, len_BS = 485
Blocksize strategy selection process: -0.042009 --> -0.032016, len_BS = 523
Blocksize strategy selection process: -0.041943 --> -0.032016, len_BS = 523
Blocksize strategy selection process: -0.041874 --> -0.032016, len_BS = 549
Blocksize strategy selection process: -0.041868 --> -0.032016, len_BS = 583
Blocksize strategy selection process: -0.041800 --> -0.032016, len_BS = 583
Blocksize strategy selection process: -0.040895 --> -0.032016, len_BS = 614
Blocksize strategy selection process: -0.040785 --> -0.032016, len_BS = 655
Blocksize strategy selection process: -0.039538 --> -0.032016, len_BS = 700
Blocksize strategy selection process: -0.039486 --> -0.032016, len_BS = 682
Blocksize strategy selection process: -0.039390 --> -0.032016, len_BS = 721
Blocksize strategy selection process: -0.039340 --> -0.032016, len_BS = 756
Blocksize strategy selection process: -0.039290 --> -0.032016, len_BS = 786
Blocksize strategy selection process: -0.038533 --> -0.032016, len_BS = 824
Blocksize strategy selection process: -0.038501 --> -0.032016, len_BS = 789
Blocksize strategy selection process: -0.038487 --> -0.032016, len_BS = 827
Blocksize strategy selection process: -0.038408 --> -0.032016, len_BS = 849
Blocksize strategy selection process: -0.038377 --> -0.032016, len_BS = 873
Blocksize strategy selection process: -0.038364 --> -0.032016, len_BS = 903
Blocksize strategy selection process: -0.038347 --> -0.032016, len_BS = 924
Blocksize strategy selection process: -0.038261 --> -0.032016, len_BS = 950
Blocksize strategy selection process: -0.038235 --> -0.032016, len_BS = 986
Blocksize strategy selection process: -0.037914 --> -0.032016, len_BS = 1015
Blocksize strategy selection process: -0.037280 --> -0.032016, len_BS = 973
Blocksize strategy selection process: -0.037255 --> -0.032016, len_BS = 793
Blocksize strategy selection process: -0.037244 --> -0.032016, len_BS = 820
Blocksize strategy selection process: -0.037230 --> -0.032016, len_BS = 838
Blocksize strategy selection process: -0.037220 --> -0.032016, len_BS = 866
Blocksize strategy selection process: -0.037205 --> -0.032016, len_BS = 885
Blocksize strategy selection process: -0.037195 --> -0.032016, len_BS = 906
Blocksize strategy selection process: -0.037181 --> -0.032016, len_BS = 922
Blocksize strategy selection process: -0.037171 --> -0.032016, len_BS = 949
Blocksize strategy selection process: -0.037066 --> -0.032016, len_BS = 964
Blocksize strategy selection process: -0.037046 --> -0.032016, len_BS = 984
Blocksize strategy selection process: -0.036795 --> -0.032016, len_BS = 1009
Blocksize strategy selection process: -0.036788 --> -0.032016, len_BS = 1009
Blocksize strategy selection process: -0.036772 --> -0.032016, len_BS = 1020
Blocksize strategy selection process: -0.036766 --> -0.032016, len_BS = 1045
Blocksize strategy selection process: -0.036759 --> -0.032016, len_BS = 1056
Blocksize strategy selection process: -0.036669 --> -0.032016, len_BS = 1066
Blocksize strategy selection process: -0.036665 --> -0.032016, len_BS = 1100
Blocksize strategy selection process: -0.036663 --> -0.032016, len_BS = 1103
Blocksize strategy selection process: -0.036650 --> -0.032016, len_BS = 1106
Blocksize strategy selection process: -0.036646 --> -0.032016, len_BS = 1130
Blocksize strategy selection process: -0.036644 --> -0.032016, len_BS = 1137
Blocksize strategy selection process: -0.036642 --> -0.032016, len_BS = 1139
Blocksize strategy selection process: -0.036636 --> -0.032016, len_BS = 1142
Blocksize strategy selection process: -0.036632 --> -0.032016, len_BS = 1154
Blocksize strategy selection process: -0.036560 --> -0.032016, len_BS = 1159
Blocksize strategy selection process: -0.036557 --> -0.032016, len_BS = 1189
Blocksize strategy selection process: -0.036555 --> -0.032016, len_BS = 1194
Blocksize strategy selection process: -0.036542 --> -0.032016, len_BS = 1198
Blocksize strategy selection process: -0.036539 --> -0.032016, len_BS = 1215
Blocksize strategy selection process: -0.036537 --> -0.032016, len_BS = 1219
Blocksize strategy selection process: -0.036535 --> -0.032016, len_BS = 1221
Blocksize strategy selection process: -0.036528 --> -0.032016, len_BS = 1229
Blocksize strategy selection process: -0.036525 --> -0.032016, len_BS = 1237
Blocksize strategy selection process: -0.036452 --> -0.032016, len_BS = 1241
Blocksize strategy selection process: -0.036449 --> -0.032016, len_BS = 1267
Blocksize strategy selection process: -0.036447 --> -0.032016, len_BS = 1271
Blocksize strategy selection process: -0.036435 --> -0.032016, len_BS = 1272
Blocksize strategy selection process: -0.036431 --> -0.032016, len_BS = 1288
Blocksize strategy selection process: -0.036430 --> -0.032016, len_BS = 1298
Blocksize strategy selection process: -0.036386 --> -0.032016, len_BS = 1300
Blocksize strategy selection process: -0.036383 --> -0.032016, len_BS = 1324
Blocksize strategy selection process: -0.036382 --> -0.032016, len_BS = 1327
Blocksize strategy selection process: -0.036380 --> -0.032016, len_BS = 1328
Blocksize strategy selection process: -0.036379 --> -0.032016, len_BS = 1332
Blocksize strategy selection process: -0.036377 --> -0.032016, len_BS = 1335
Blocksize strategy selection process: -0.036376 --> -0.032016, len_BS = 1336
Blocksize strategy selection process: -0.036375 --> -0.032016, len_BS = 1336
Blocksize strategy selection process: -0.036373 --> -0.032016, len_BS = 1341
Blocksize strategy selection process: -0.036362 --> -0.032016, len_BS = 1343
Blocksize strategy selection process: -0.036361 --> -0.032016, len_BS = 1354
Blocksize strategy selection process: -0.036360 --> -0.032016, len_BS = 1358
Blocksize strategy selection process: -0.036284 --> -0.032016, len_BS = 1361
Blocksize strategy selection process: -0.036281 --> -0.032016, len_BS = 1392
Blocksize strategy selection process: -0.036280 --> -0.032016, len_BS = 1397
Blocksize strategy selection process: -0.036278 --> -0.032016, len_BS = 1397
Blocksize strategy selection process: -0.036277 --> -0.032016, len_BS = 1397
Blocksize strategy selection process: -0.036276 --> -0.032016, len_BS = 1397
Blocksize strategy selection process: -0.036274 --> -0.032016, len_BS = 1402
Blocksize strategy selection process: -0.036273 --> -0.032016, len_BS = 1403
Blocksize strategy selection process: -0.036272 --> -0.032016, len_BS = 1405
Blocksize strategy selection process: -0.036261 --> -0.032016, len_BS = 1406
Blocksize strategy selection process: -0.036259 --> -0.032016, len_BS = 1416
Blocksize strategy selection process: -0.036182 --> -0.032016, len_BS = 1418
Blocksize strategy selection process: -0.036179 --> -0.032016, len_BS = 1446
Blocksize strategy selection process: -0.036178 --> -0.032016, len_BS = 1449
Blocksize strategy selection process: -0.036176 --> -0.032016, len_BS = 1451
Blocksize strategy selection process: -0.036175 --> -0.032016, len_BS = 1453
Blocksize strategy selection process: -0.036174 --> -0.032016, len_BS = 1457
Blocksize strategy selection process: -0.036173 --> -0.032016, len_BS = 1460
Blocksize strategy selection process: -0.036171 --> -0.032016, len_BS = 1460
Blocksize strategy selection process: -0.036170 --> -0.032016, len_BS = 1461
Blocksize strategy selection process: -0.036160 --> -0.032016, len_BS = 1462
Blocksize strategy selection process: -0.036158 --> -0.032016, len_BS = 1474
Blocksize strategy selection process: -0.036080 --> -0.032016, len_BS = 1475
Blocksize strategy selection process: -0.036077 --> -0.032016, len_BS = 1498
Blocksize strategy selection process: -0.036076 --> -0.032016, len_BS = 1502
Blocksize strategy selection process: -0.036075 --> -0.032016, len_BS = 1503
Blocksize strategy selection process: -0.036074 --> -0.032016, len_BS = 1506
Blocksize strategy selection process: -0.036072 --> -0.032016, len_BS = 1507
Blocksize strategy selection process: -0.036071 --> -0.032016, len_BS = 1510
Blocksize strategy selection process: -0.036070 --> -0.032016, len_BS = 1511
Blocksize strategy selection process: -0.036069 --> -0.032016, len_BS = 1511
Blocksize strategy selection process: -0.036059 --> -0.032016, len_BS = 1514
Blocksize strategy selection process: -0.036057 --> -0.032016, len_BS = 1524
Blocksize strategy selection process: -0.035978 --> -0.032016, len_BS = 1527
Blocksize strategy selection process: -0.035976 --> -0.032016, len_BS = 1554
Blocksize strategy selection process: -0.035975 --> -0.032016, len_BS = 1556
Blocksize strategy selection process: -0.035973 --> -0.032016, len_BS = 1557
Blocksize strategy selection process: -0.035972 --> -0.032016, len_BS = 1558
Blocksize strategy selection process: -0.035971 --> -0.032016, len_BS = 1559
Blocksize strategy selection process: -0.035970 --> -0.032016, len_BS = 1560
Blocksize strategy selection process: -0.035969 --> -0.032016, len_BS = 1563
Blocksize strategy selection process: -0.035968 --> -0.032016, len_BS = 1564
Blocksize strategy selection process: -0.035958 --> -0.032016, len_BS = 1566
Blocksize strategy selection process: -0.035956 --> -0.032016, len_BS = 1575
Blocksize strategy selection process: -0.035877 --> -0.032016, len_BS = 1575
Blocksize strategy selection process: -0.035875 --> -0.032016, len_BS = 1597
Blocksize strategy selection process: -0.035874 --> -0.032016, len_BS = 1597
Blocksize strategy selection process: -0.035872 --> -0.032016, len_BS = 1597
Blocksize strategy selection process: -0.035871 --> -0.032016, len_BS = 1599
Blocksize strategy selection process: -0.035870 --> -0.032016, len_BS = 1600
Blocksize strategy selection process: -0.035869 --> -0.032016, len_BS = 1602
Blocksize strategy selection process: -0.035868 --> -0.032016, len_BS = 1602
Blocksize strategy selection process: -0.035867 --> -0.032016, len_BS = 1602
Blocksize strategy selection process: -0.035857 --> -0.032016, len_BS = 1602
Blocksize strategy selection process: -0.035855 --> -0.032016, len_BS = 1608
Blocksize strategy selection process: -0.035776 --> -0.032016, len_BS = 1609
Blocksize strategy selection process: -0.035774 --> -0.032016, len_BS = 1628
Blocksize strategy selection process: -0.035773 --> -0.032016, len_BS = 1632
Blocksize strategy selection process: -0.035771 --> -0.032016, len_BS = 1632
Blocksize strategy selection process: -0.035770 --> -0.032016, len_BS = 1632
Blocksize strategy selection process: -0.035769 --> -0.032016, len_BS = 1632
Blocksize strategy selection process: -0.035768 --> -0.032016, len_BS = 1633
Blocksize strategy selection process: -0.035767 --> -0.032016, len_BS = 1633
Blocksize strategy selection process: -0.035766 --> -0.032016, len_BS = 1633
Blocksize strategy selection process: -0.035585 --> -0.032016, len_BS = 1634
Blocksize strategy selection process: -0.035583 --> -0.032016, len_BS = 1629
Blocksize strategy selection process: -0.035582 --> -0.032016, len_BS = 1630
Blocksize strategy selection process: -0.035577 --> -0.032016, len_BS = 1630
Blocksize strategy selection process: -0.035575 --> -0.032016, len_BS = 1631
Blocksize strategy selection process: -0.035548 --> -0.032016, len_BS = 1634
Blocksize strategy selection process: -0.035475 --> -0.032016, len_BS = 1654
Blocksize strategy selection process: -0.035473 --> -0.032016, len_BS = 1681
Blocksize strategy selection process: -0.035472 --> -0.032016, len_BS = 1682
Blocksize strategy selection process: -0.035471 --> -0.032016, len_BS = 1682
Blocksize strategy selection process: -0.035470 --> -0.032016, len_BS = 1683
Blocksize strategy selection process: -0.035469 --> -0.032016, len_BS = 1683
Blocksize strategy selection process: -0.035468 --> -0.032016, len_BS = 1684
Blocksize strategy selection process: -0.035467 --> -0.032016, len_BS = 1685
Blocksize strategy selection process: -0.035458 --> -0.032016, len_BS = 1686
Blocksize strategy selection process: -0.035457 --> -0.032016, len_BS = 1691
Blocksize strategy selection process: -0.035276 --> -0.032016, len_BS = 1691
Blocksize strategy selection process: -0.035275 --> -0.032016, len_BS = 1700
Blocksize strategy selection process: -0.035274 --> -0.032016, len_BS = 1707
Blocksize strategy selection process: -0.035273 --> -0.032016, len_BS = 1707
Blocksize strategy selection process: -0.035272 --> -0.032016, len_BS = 1707
Blocksize strategy selection process: -0.035262 --> -0.032016, len_BS = 1707
Blocksize strategy selection process: -0.035260 --> -0.032016, len_BS = 1707
Blocksize strategy selection process: -0.035242 --> -0.032016, len_BS = 1707
Blocksize strategy selection process: -0.035241 --> -0.032016, len_BS = 1717
Blocksize strategy selection process: -0.035072 --> -0.032016, len_BS = 1720
Blocksize strategy selection process: -0.034984 --> -0.032016, len_BS = 1732
Blocksize strategy selection process: -0.034983 --> -0.032016, len_BS = 1750
Blocksize strategy selection process: -0.034982 --> -0.032016, len_BS = 1753
Blocksize strategy selection process: -0.034971 --> -0.032016, len_BS = 1753
Blocksize strategy selection process: -0.034970 --> -0.032016, len_BS = 1753
Blocksize strategy selection process: -0.034954 --> -0.032016, len_BS = 1753
Blocksize strategy selection process: -0.034953 --> -0.032016, len_BS = 1762
Blocksize strategy selection process: -0.034952 --> -0.032016, len_BS = 1762
Blocksize strategy selection process: -0.034946 --> -0.032016, len_BS = 1762
Blocksize strategy selection process: -0.034945 --> -0.032016, len_BS = 1764
Blocksize strategy selection process: -0.034944 --> -0.032016, len_BS = 1764
Blocksize strategy selection process: -0.034938 --> -0.032016, len_BS = 1765
Blocksize strategy selection process: -0.034937 --> -0.032016, len_BS = 1768
Blocksize strategy selection process: -0.034936 --> -0.032016, len_BS = 1768
Blocksize strategy selection process: -0.034930 --> -0.032016, len_BS = 1768
Blocksize strategy selection process: -0.034929 --> -0.032016, len_BS = 1773
Blocksize strategy selection process: -0.034928 --> -0.032016, len_BS = 1773
Blocksize strategy selection process: -0.034927 --> -0.032016, len_BS = 1773
Blocksize strategy selection process: -0.034926 --> -0.032016, len_BS = 1774
Blocksize strategy selection process: -0.034925 --> -0.032016, len_BS = 1774
Blocksize strategy selection process: -0.034919 --> -0.032016, len_BS = 1775
Blocksize strategy selection process: -0.034918 --> -0.032016, len_BS = 1779
Blocksize strategy selection process: -0.034858 --> -0.032016, len_BS = 1779
Blocksize strategy selection process: -0.034857 --> -0.032016, len_BS = 1794
Blocksize strategy selection process: -0.034852 --> -0.032016, len_BS = 1794
Blocksize strategy selection process: -0.034851 --> -0.032016, len_BS = 1796
Blocksize strategy selection process: -0.034850 --> -0.032016, len_BS = 1796
Blocksize strategy selection process: -0.034794 --> -0.032016, len_BS = 1796
Blocksize strategy selection process: -0.034793 --> -0.032016, len_BS = 1810
Blocksize strategy selection process: -0.034792 --> -0.032016, len_BS = 1810
Blocksize strategy selection process: -0.034791 --> -0.032016, len_BS = 1810
Blocksize strategy selection process: -0.034766 --> -0.032016, len_BS = 1810
Blocksize strategy selection process: -0.034765 --> -0.032016, len_BS = 1819
Blocksize strategy selection process: -0.034764 --> -0.032016, len_BS = 1819
Blocksize strategy selection process: -0.034758 --> -0.032016, len_BS = 1819
Blocksize strategy selection process: -0.034757 --> -0.032016, len_BS = 1819
Blocksize strategy selection process: -0.034756 --> -0.032016, len_BS = 1819
Blocksize strategy selection process: -0.034751 --> -0.032016, len_BS = 1819
Blocksize strategy selection process: -0.034750 --> -0.032016, len_BS = 1821
Blocksize strategy selection process: -0.034749 --> -0.032016, len_BS = 1821
Blocksize strategy selection process: -0.034743 --> -0.032016, len_BS = 1821
Blocksize strategy selection process: -0.034742 --> -0.032016, len_BS = 1824
Blocksize strategy selection process: -0.034741 --> -0.032016, len_BS = 1824
Blocksize strategy selection process: -0.034740 --> -0.032016, len_BS = 1824
Blocksize strategy selection process: -0.034739 --> -0.032016, len_BS = 1824
Blocksize strategy selection process: -0.034734 --> -0.032016, len_BS = 1824
Blocksize strategy selection process: -0.034733 --> -0.032016, len_BS = 1830
Blocksize strategy selection process: -0.034732 --> -0.032016, len_BS = 1830
Blocksize strategy selection process: -0.034727 --> -0.032016, len_BS = 1830
Blocksize strategy selection process: -0.034726 --> -0.032016, len_BS = 1833
Blocksize strategy selection process: -0.034673 --> -0.032016, len_BS = 1833
Blocksize strategy selection process: -0.034672 --> -0.032016, len_BS = 1849
Blocksize strategy selection process: -0.034671 --> -0.032016, len_BS = 1849
Blocksize strategy selection process: -0.034658 --> -0.032016, len_BS = 1849
Blocksize strategy selection process: -0.034657 --> -0.032016, len_BS = 1854
Blocksize strategy selection process: -0.034498 --> -0.032016, len_BS = 1854
Blocksize strategy selection process: -0.034497 --> -0.032016, len_BS = 1862
Blocksize strategy selection process: -0.034492 --> -0.032016, len_BS = 1862
Blocksize strategy selection process: -0.034483 --> -0.032016, len_BS = 1863
Blocksize strategy selection process: -0.034482 --> -0.032016, len_BS = 1863
Blocksize strategy selection process: -0.034481 --> -0.032016, len_BS = 1863
Blocksize strategy selection process: -0.034476 --> -0.032016, len_BS = 1863
Blocksize strategy selection process: -0.034475 --> -0.032016, len_BS = 1864
Blocksize strategy selection process: -0.034422 --> -0.032016, len_BS = 1864
Blocksize strategy selection process: -0.034421 --> -0.032016, len_BS = 1875
Blocksize strategy selection process: -0.034420 --> -0.032016, len_BS = 1875
Blocksize strategy selection process: -0.034418 --> -0.032016, len_BS = 1876
Blocksize strategy selection process: -0.034399 --> -0.032016, len_BS = 1876
Blocksize strategy selection process: -0.034398 --> -0.032016, len_BS = 1880
Blocksize strategy selection process: -0.034397 --> -0.032016, len_BS = 1880
Blocksize strategy selection process: -0.034393 --> -0.032016, len_BS = 1880
Blocksize strategy selection process: -0.034392 --> -0.032016, len_BS = 1881
Blocksize strategy selection process: -0.034387 --> -0.032016, len_BS = 1881
Blocksize strategy selection process: -0.034284 --> -0.032016, len_BS = 1883
Blocksize strategy selection process: -0.034243 --> -0.032016, len_BS = 1897
Blocksize strategy selection process: -0.034242 --> -0.032016, len_BS = 1906
Blocksize strategy selection process: -0.034241 --> -0.032016, len_BS = 1906
Blocksize strategy selection process: -0.034240 --> -0.032016, len_BS = 1906
Blocksize strategy selection process: -0.034239 --> -0.032016, len_BS = 1906
Blocksize strategy selection process: -0.034238 --> -0.032016, len_BS = 1906
Blocksize strategy selection process: -0.034233 --> -0.032016, len_BS = 1907
Blocksize strategy selection process: -0.034232 --> -0.032016, len_BS = 1909
Blocksize strategy selection process: -0.034222 --> -0.032016, len_BS = 1910
Blocksize strategy selection process: -0.034221 --> -0.032016, len_BS = 1913
Blocksize strategy selection process: -0.034220 --> -0.032016, len_BS = 1913
Blocksize strategy selection process: -0.034119 --> -0.032016, len_BS = 1913
Blocksize strategy selection process: -0.033986 --> -0.032016, len_BS = 1919
Blocksize strategy selection process: -0.033984 --> -0.032016, len_BS = 1932
Blocksize strategy selection process: -0.033982 --> -0.032016, len_BS = 1932
Blocksize strategy selection process: -0.033862 --> -0.032016, len_BS = 1932
Blocksize strategy selection process: -0.033777 --> -0.032016, len_BS = 1941
Blocksize strategy selection process: -0.033776 --> -0.032016, len_BS = 1951
Blocksize strategy selection process: -0.033693 --> -0.032016, len_BS = 1951
Blocksize strategy selection process: -0.033692 --> -0.032016, len_BS = 1959
Blocksize strategy selection process: -0.033558 --> -0.032016, len_BS = 1959
Blocksize strategy selection process: -0.033536 --> -0.032016, len_BS = 1967
Blocksize strategy selection process: -0.033530 --> -0.032016, len_BS = 1968
Blocksize strategy selection process: -0.033529 --> -0.032016, len_BS = 1970
Blocksize strategy selection process: -0.033492 --> -0.032016, len_BS = 1970
Blocksize strategy selection process: -0.033480 --> -0.032016, len_BS = 1974
Blocksize strategy selection process: -0.033470 --> -0.032016, len_BS = 1975
Blocksize strategy selection process: -0.033469 --> -0.032016, len_BS = 1975
Blocksize strategy selection process: -0.033468 --> -0.032016, len_BS = 1975
Blocksize strategy selection process: -0.033466 --> -0.032016, len_BS = 1975
Blocksize strategy selection process: -0.033465 --> -0.032016, len_BS = 1976
Blocksize strategy selection process: -0.033462 --> -0.032016, len_BS = 1976
Blocksize strategy selection process: -0.033459 --> -0.032016, len_BS = 1977
Blocksize strategy selection process: -0.033458 --> -0.032016, len_BS = 1977
Blocksize strategy selection process: -0.033456 --> -0.032016, len_BS = 1977
Blocksize strategy selection process: -0.033455 --> -0.032016, len_BS = 1977
Blocksize strategy selection process: -0.033453 --> -0.032016, len_BS = 1977
Blocksize strategy selection process: -0.033452 --> -0.032016, len_BS = 1977
Blocksize strategy selection process: -0.033450 --> -0.032016, len_BS = 1977
Blocksize strategy selection process: -0.033449 --> -0.032016, len_BS = 1977
Blocksize strategy selection process: -0.033322 --> -0.032016, len_BS = 1978
Blocksize strategy selection process: -0.033224 --> -0.032016, len_BS = 1988
Blocksize strategy selection process: -0.033178 --> -0.032016, len_BS = 1995
Blocksize strategy selection process: -0.033177 --> -0.032016, len_BS = 1997
Blocksize strategy selection process: -0.033174 --> -0.032016, len_BS = 1997
Blocksize strategy selection process: -0.033173 --> -0.032016, len_BS = 1997
Blocksize strategy selection process: -0.033172 --> -0.032016, len_BS = 1997
Blocksize strategy selection process: -0.033157 --> -0.032016, len_BS = 1997
Blocksize strategy selection process: -0.033156 --> -0.032016, len_BS = 1997
Blocksize strategy selection process: -0.033153 --> -0.032016, len_BS = 1997
Blocksize strategy selection process: -0.033152 --> -0.032016, len_BS = 1997
Blocksize strategy selection process: -0.033151 --> -0.032016, len_BS = 1997
Blocksize strategy selection process: -0.033144 --> -0.032016, len_BS = 1998
Blocksize strategy selection process: -0.033105 --> -0.032016, len_BS = 1998
Blocksize strategy selection process: -0.033083 --> -0.032016, len_BS = 2002
Blocksize strategy selection process: -0.033082 --> -0.032016, len_BS = 2003
Blocksize strategy selection process: -0.033081 --> -0.032016, len_BS = 2003
Blocksize strategy selection process: -0.033036 --> -0.032016, len_BS = 2003
Blocksize strategy selection process: -0.033032 --> -0.032016, len_BS = 2005
Blocksize strategy selection process: -0.032956 --> -0.032016, len_BS = 2006
Blocksize strategy selection process: -0.032953 --> -0.032015, len_BS = 2008
Blocksize strategy selection process: -0.032900 --> -0.032015, len_BS = 2008
Blocksize strategy selection process: -0.032898 --> -0.032015, len_BS = 2009
Blocksize strategy selection process: -0.032897 --> -0.032015, len_BS = 2009
Blocksize strategy selection process: -0.032863 --> -0.032015, len_BS = 2009
Blocksize strategy selection process: -0.032862 --> -0.032015, len_BS = 2011
Blocksize strategy selection process: -0.032860 --> -0.032015, len_BS = 2011
Blocksize strategy selection process: -0.032757 --> -0.032015, len_BS = 2011
Blocksize strategy selection process: -0.032715 --> -0.032015, len_BS = 2016
Blocksize strategy selection process: -0.032703 --> -0.032015, len_BS = 2016
Blocksize strategy selection process: -0.032700 --> -0.032015, len_BS = 2016
Blocksize strategy selection process: -0.032685 --> -0.032015, len_BS = 2016
Blocksize strategy selection process: -0.032684 --> -0.032015, len_BS = 2016
Blocksize strategy selection process: -0.032683 --> -0.032015, len_BS = 2016
Blocksize strategy selection process: -0.032680 --> -0.032015, len_BS = 2016
Blocksize strategy selection process: -0.032679 --> -0.032015, len_BS = 2016
Blocksize strategy selection process: -0.032678 --> -0.032015, len_BS = 2016
Blocksize strategy selection process: -0.032677 --> -0.032015, len_BS = 2016
Blocksize strategy selection process: -0.032676 --> -0.032015, len_BS = 2016
Blocksize strategy selection process: -0.032675 --> -0.032015, len_BS = 2016
Blocksize strategy selection process: -0.032674 --> -0.032015, len_BS = 2016
Blocksize strategy selection process: -0.032673 --> -0.032015, len_BS = 2016
Blocksize strategy selection process: -0.032672 --> -0.032015, len_BS = 2017
Blocksize strategy selection process: -0.032671 --> -0.032015, len_BS = 2017
Blocksize strategy selection process: -0.032583 --> -0.032015, len_BS = 2017
Blocksize strategy selection process: -0.032581 --> -0.032015, len_BS = 2017
Blocksize strategy selection process: -0.032580 --> -0.032015, len_BS = 2017
Blocksize strategy selection process: -0.032579 --> -0.032015, len_BS = 2017
Blocksize strategy selection process: -0.032578 --> -0.032015, len_BS = 2017
Blocksize strategy selection process: -0.032528 --> -0.032015, len_BS = 2017
Blocksize strategy selection process: -0.032523 --> -0.032015, len_BS = 2017
Blocksize strategy selection process: -0.032522 --> -0.032015, len_BS = 2017
Blocksize strategy selection process: -0.032521 --> -0.032015, len_BS = 2017
Blocksize strategy selection process: -0.032520 --> -0.032015, len_BS = 2017
Blocksize strategy selection process: -0.032519 --> -0.032015, len_BS = 2017
Blocksize strategy selection process: -0.032518 --> -0.032015, len_BS = 2017
Blocksize strategy selection process: -0.032517 --> -0.032015, len_BS = 2017
Blocksize strategy selection process: -0.032516 --> -0.032015, len_BS = 2017
Blocksize strategy selection process: -0.032515 --> -0.032015, len_BS = 2017
Blocksize strategy selection process: -0.032514 --> -0.032015, len_BS = 2017
Blocksize strategy selection process: -0.032488 --> -0.032015, len_BS = 2017
Blocksize strategy selection process: -0.032487 --> -0.032015, len_BS = 2017
Blocksize strategy selection process: -0.032486 --> -0.032015, len_BS = 2017
Blocksize strategy selection process: -0.032484 --> -0.032015, len_BS = 2017
Blocksize strategy selection process: -0.032477 --> -0.032015, len_BS = 2017
Blocksize strategy selection process: -0.032476 --> -0.032015, len_BS = 2017
Blocksize strategy selection process: -0.032426 --> -0.032015, len_BS = 2017
Blocksize strategy selection process: -0.032424 --> -0.032015, len_BS = 2017
Blocksize strategy selection process: -0.032423 --> -0.032015, len_BS = 2017
Blocksize strategy selection process: -0.032422 --> -0.032015, len_BS = 2017
Blocksize strategy selection process: -0.032421 --> -0.032015, len_BS = 2017
Blocksize strategy selection process: -0.032420 --> -0.032015, len_BS = 2017
Blocksize strategy selection process: -0.032415 --> -0.032015, len_BS = 2017
Blocksize strategy selection process: -0.032414 --> -0.032015, len_BS = 2017
Blocksize strategy selection process: -0.032401 --> -0.032015, len_BS = 2017
Blocksize strategy selection process: -0.032400 --> -0.032015, len_BS = 2017
Blocksize strategy selection process: -0.032399 --> -0.032015, len_BS = 2017
Blocksize strategy selection process: -0.032395 --> -0.032015, len_BS = 2017
Blocksize strategy selection process: -0.032394 --> -0.032015, len_BS = 2017
Blocksize strategy selection process: -0.032393 --> -0.032015, len_BS = 2017
Blocksize strategy selection process: -0.032391 --> -0.032015, len_BS = 2017
Blocksize strategy selection process: -0.032386 --> -0.032015, len_BS = 2017
Blocksize strategy selection process: -0.032385 --> -0.032015, len_BS = 2017
Blocksize strategy selection process: -0.032384 --> -0.032015, len_BS = 2017
Blocksize strategy selection process: -0.032383 --> -0.032015, len_BS = 2017
Blocksize strategy selection process: -0.032382 --> -0.032015, len_BS = 2017
Blocksize strategy selection process: -0.032381 --> -0.032015, len_BS = 2017
Blocksize strategy selection process: -0.032380 --> -0.032015, len_BS = 2017
Blocksize strategy selection process: -0.032379 --> -0.032015, len_BS = 2017
Blocksize strategy selection process: -0.032357 --> -0.032015, len_BS = 2017
Blocksize strategy selection process: -0.032356 --> -0.032015, len_BS = 2017
Blocksize strategy selection process: -0.032355 --> -0.032015, len_BS = 2017
Blocksize strategy selection process: -0.032351 --> -0.032015, len_BS = 2017
Blocksize strategy selection process: -0.032350 --> -0.032015, len_BS = 2017
Blocksize strategy selection process: -0.032348 --> -0.032015, len_BS = 2017
Blocksize strategy selection process: -0.032343 --> -0.032015, len_BS = 2017
Blocksize strategy selection process: -0.032342 --> -0.032015, len_BS = 2017
Blocksize strategy selection process: -0.032341 --> -0.032015, len_BS = 2017
Blocksize strategy selection process: -0.032340 --> -0.032015, len_BS = 2017
Blocksize strategy selection process: -0.032339 --> -0.032015, len_BS = 2017
Blocksize strategy selection process: -0.032338 --> -0.032015, len_BS = 2017
Blocksize strategy selection process: -0.032337 --> -0.032015, len_BS = 2017
Blocksize strategy selection process: -0.032336 --> -0.032015, len_BS = 2017
Blocksize strategy selection process: -0.032315 --> -0.032015, len_BS = 2017
Blocksize strategy selection process: -0.032314 --> -0.032015, len_BS = 2017
Blocksize strategy selection process: -0.032310 --> -0.032015, len_BS = 2017
Blocksize strategy selection process: -0.032309 --> -0.032015, len_BS = 2017
Blocksize strategy selection process: -0.032307 --> -0.032015, len_BS = 2017
Blocksize strategy selection process: -0.032303 --> -0.032015, len_BS = 2017
Blocksize strategy selection process: -0.032302 --> -0.032015, len_BS = 2017
Blocksize strategy selection process: -0.032301 --> -0.032015, len_BS = 2017
Blocksize strategy selection process: -0.032300 --> -0.032015, len_BS = 2017
Blocksize strategy selection process: -0.032299 --> -0.032015, len_BS = 2017
Blocksize strategy selection process: -0.032298 --> -0.032015, len_BS = 2017
Blocksize strategy selection process: -0.032297 --> -0.032015, len_BS = 2017
Blocksize strategy selection process: -0.032296 --> -0.032015, len_BS = 2017
Blocksize strategy selection process: -0.032295 --> -0.032015, len_BS = 2017
Blocksize strategy selection process: -0.032276 --> -0.032015, len_BS = 2017
Blocksize strategy selection process: -0.032275 --> -0.032015, len_BS = 2017
Blocksize strategy selection process: -0.032272 --> -0.032015, len_BS = 2017
Blocksize strategy selection process: -0.032271 --> -0.032015, len_BS = 2017
Blocksize strategy selection process: -0.032269 --> -0.032015, len_BS = 2017
Blocksize strategy selection process: -0.032266 --> -0.032015, len_BS = 2017
Blocksize strategy selection process: -0.032265 --> -0.032015, len_BS = 2017
Blocksize strategy selection process: -0.032246 --> -0.032015, len_BS = 2017
Blocksize strategy selection process: -0.032239 --> -0.032015, len_BS = 2017
Blocksize strategy selection process: -0.032238 --> -0.032015, len_BS = 2017
Blocksize strategy selection process: -0.032236 --> -0.032015, len_BS = 2017
Blocksize strategy selection process: -0.032235 --> -0.032015, len_BS = 2017
Blocksize strategy selection process: -0.032200 --> -0.032015, len_BS = 2017
Blocksize strategy selection process: -0.032199 --> -0.032015, len_BS = 2017
Blocksize strategy selection process: -0.032183 --> -0.032015, len_BS = 2017
Blocksize strategy selection process: -0.032182 --> -0.032015, len_BS = 2017
Blocksize strategy selection process: -0.032181 --> -0.032015, len_BS = 2017
Blocksize strategy selection process: -0.032179 --> -0.032015, len_BS = 2017
Blocksize strategy selection process: -0.032174 --> -0.032015, len_BS = 2017
Blocksize strategy selection process: -0.032173 --> -0.032015, len_BS = 2017
Blocksize strategy selection process: -0.032171 --> -0.032015, len_BS = 2017
Blocksize strategy selection process: -0.032170 --> -0.032015, len_BS = 2017
Blocksize strategy selection process: -0.032168 --> -0.032015, len_BS = 2017
Blocksize strategy selection process: -0.032153 --> -0.032015, len_BS = 2017
Blocksize strategy selection process: -0.032152 --> -0.032015, len_BS = 2017
Blocksize strategy selection process: -0.032151 --> -0.032015, len_BS = 2017
Blocksize strategy selection process: -0.032150 --> -0.032015, len_BS = 2017
Blocksize strategy selection process: -0.032149 --> -0.032015, len_BS = 2017
Blocksize strategy selection process: -0.032145 --> -0.032015, len_BS = 2017
Blocksize strategy selection process: -0.032143 --> -0.032015, len_BS = 2017
Blocksize strategy selection process: -0.032142 --> -0.032015, len_BS = 2017
Blocksize strategy selection process: -0.032140 --> -0.032015, len_BS = 2017
Blocksize strategy selection process: -0.032139 --> -0.032015, len_BS = 2017
Blocksize strategy selection process: -0.032138 --> -0.032015, len_BS = 2017
Blocksize strategy selection process: -0.032125 --> -0.032015, len_BS = 2017
Blocksize strategy selection process: -0.032124 --> -0.032015, len_BS = 2017
Blocksize strategy selection process: -0.032123 --> -0.032015, len_BS = 2017
Blocksize strategy selection process: -0.032122 --> -0.032015, len_BS = 2017
Blocksize strategy selection process: -0.032119 --> -0.032015, len_BS = 2017
Blocksize strategy selection process: -0.032117 --> -0.032015, len_BS = 2017
Blocksize strategy selection process: -0.032116 --> -0.032015, len_BS = 2017
Blocksize strategy selection process: -0.032115 --> -0.032015, len_BS = 2017
Blocksize strategy selection process: -0.032114 --> -0.032015, len_BS = 2017
Blocksize strategy selection process: -0.032113 --> -0.032015, len_BS = 2017
Blocksize strategy selection process: -0.032112 --> -0.032015, len_BS = 2017
Blocksize strategy selection process: -0.032101 --> -0.032015, len_BS = 2017
Blocksize strategy selection process: -0.032100 --> -0.032015, len_BS = 2017
Blocksize strategy selection process: -0.032098 --> -0.032015, len_BS = 2017
Blocksize strategy selection process: -0.032086 --> -0.032015, len_BS = 2017
Blocksize strategy selection process: -0.032085 --> -0.032015, len_BS = 2017
Blocksize strategy selection process: -0.032084 --> -0.032015, len_BS = 2017
Blocksize strategy selection process: -0.032079 --> -0.032015, len_BS = 2017
Blocksize strategy selection process: -0.032078 --> -0.032015, len_BS = 2017
Blocksize strategy selection process: -0.032077 --> -0.032015, len_BS = 2017
Blocksize strategy selection process: -0.032075 --> -0.032015, len_BS = 2017
Blocksize strategy selection process: -0.032074 --> -0.032015, len_BS = 2017
Blocksize strategy selection process: -0.032065 --> -0.032015, len_BS = 2017
Blocksize strategy selection process: -0.032064 --> -0.032015, len_BS = 2017
Blocksize strategy selection process: -0.032045 --> -0.032015, len_BS = 2017
Blocksize strategy selection process: -0.032034 --> -0.032015, len_BS = 2017
Blocksize strategy selection process: -0.032033 --> -0.032015, len_BS = 2017
Blocksize strategy selection process: -0.032032 --> -0.032015, len_BS = 2017
Blocksize strategy selection process: -0.032031 --> -0.032015, len_BS = 2017
Blocksize strategy selection process: -0.032030 --> -0.032015, len_BS = 2017
Blocksize strategy selection process: -0.032029 --> -0.032015, len_BS = 2017
Blocksize strategy selection process: -0.032023 --> -0.032015, len_BS = 2017
Blocksize strategy selection process: -0.032022 --> -0.032015, len_BS = 2017
Blocksize strategy selection process: -0.032021 --> -0.032015, len_BS = 2017
Blocksize strategy selection process: -0.032018 --> -0.032015, len_BS = 2017
Blocksize strategy selection process: -0.032016 --> -0.032015, len_BS = 2017
Blocksize strategy selection process: -0.032015 --> -0.032015, len_BS = 2017
len(BS) = 2017
Time cost for generating Strategy: 149.915127 s
[14.592853034738734,14.559574033244665,14.52625350779368,14.492888751326156,14.459477012247277,14.42601549263805,14.392501346400167,14.358931677333256,14.32530353714349,14.29161392338274,14.257859777318053,14.22403798173195,14.190145358654732,14.15617866703116,14.122134600325126,14.088009784067573,14.053844301104334,14.019812218954367,13.985780149508159,13.951717692083612,13.917578903190499,13.883346573211202,13.849023195412908,13.814593372554182,13.780097587891312,13.745481230951349,13.710766554702072,13.675912089734734,13.640975896915872,13.605900991783585,13.570700348098523,13.535362456476502,13.49989787561406,13.46429993466931,13.428552540144207,13.392673208615374,13.35663661979956,13.32045404065509,13.284099920603687,13.247600188151985,13.210936252876099,13.174100178745324,13.137080106923072,13.099882069721545,13.062521451506544,13.024976712122776,12.987275363347074,12.949368406861733,12.911271936414082,12.872989041853838,12.83449594314251,12.79582604140862,12.756934441126763,12.71784918390738,12.67858030497316,12.639108936139337,12.59942190199985,12.559541955002416,12.51949158177369,12.479409410999182,12.439434529977728,12.415021642397111,12.390474185429419,12.365790471566445,12.340968780013352,12.316007355793628,12.290904408823739,12.26565811295619,12.240266604989747,12.214727983645425,12.189040308506884,12.16320159892371,12.13720983287605,12.11106294579895,12.084758829364773,12.058295330221801,12.031670248687236,12.004881337392602,11.977926299879519,11.950802789143639,11.923508406124562,11.896040698139275,11.868397157256688,11.840575218610605,11.812572258648428,11.784385593312692,11.756012476152398,11.727450096361004,11.698695576737697,11.669745971568517,11.640598264423575,11.6112493658666,11.58169611107269,11.551935257350095,11.521963481561539,11.4917773774404,11.46137345279689,11.430748126609073,11.399897725993329,11.368818483048683,11.337506531569023,11.305957903617118,11.274168525953929,11.242134216316536,11.209850679537617,11.177313503499226,11.144518154913243,11.111459974920617,11.078134174501297,11.044535829686367,11.010659876563778,10.97650110606877,10.942054158549933,10.907313518101704,10.87227350665405,10.83692827781005,10.801271810422232,10.765297901898753,10.729000161230854,10.692372001733654,10.655406633493147,10.618097055513328,10.580436047558974,10.542416161691376,10.504029713496934,10.465268773011529,10.42612515534768,10.386590411036345,10.346655816101512,10.30631236189344,10.26555074471589,10.224361355294743,10.18273426814992,10.140659230950753,10.098125653957451,10.055122599678997,10.01163877291226,9.967662511369644,9.928535690312934,9.910778507381753,9.87674798779427,9.838978197012432,9.795526968954007,9.749882626460051,9.704451414745082,9.657035294512944,9.614492169744754,9.565165994999251,9.518456363013842,9.466547674442994,9.421640683738019,9.369642876367887,9.319102129244579,9.267019989313507,9.216099321119593,9.164231450133613,9.110250718804867,9.058275072821482,9.003053094993781,8.949059695753467,8.89177758505578,8.837513139768024,8.780816459941335,8.722979445514419,8.663511655331611,8.60460184185855,8.547406340000297,8.48739881802621,8.430591123434892,8.367600026373774,8.306382852524017,8.245356216227357,8.181218211084524,8.120978340597095,8.055039517463703,7.992328113866462,7.93065738572153,7.866482249136463,7.800484047706191,7.73706873203846,7.676226358592432,7.632264887232988,7.605379356083587]
MinStrategy is: [87, 107, 117, 123] + pump(29,154,23) , ['87 * 1 (-0.047796) , cost = 157.6821 s', '107 * 1 (-0.039538) , cost = 354.0661 s', '117 * 1 (-0.036795) , cost = 787.9034 s', '123 * 1 (-0.035833) , cost = 3640.3839 s'] + pump(29,154,23)
[87,107,117,123]
Time cost for pnj-BKZ = 1.37 h,
Time cost for pump = 34.28 h,
Total time cost = 35.66 h.
