New Strategy:
n = 45, alpha = 0.03, q = 2027, jump = 1, goal_margin = 1.50, MAX_TIME = inf h
[15.228624292904, 15.228624292904, 15.228624292904, 15.228624292904, 15.228624292904, 15.228624292904, 15.228624292904, 15.228624292904, 15.228624292904, 15.228624292904, 15.228624292904, 15.228624292904, 15.228624292904, 15.228624292904, 15.228624292904, 15.228624292904, 15.228624292904, 15.228624292904, 15.228624292904, 15.228624292904, 15.228624292904, 15.228624292904, 15.228624292904, 15.228624292904, 15.228624292904, 15.228624292904, 15.228624292904, 15.228624292904, 15.228624292904, 15.228624292904, 15.228624292904, 15.228624292904, 15.228624292904, 15.228624292904, 15.228624292904, 15.228624292904, 15.228624292904, 15.228624292904, 15.228624292904, 15.228624292904, 15.228624292904, 15.228624292904, 15.228624292904, 15.228624292904, 15.228624292904, 15.228624292904, 15.228624292904, 15.228624292904, 15.228624292904, 15.228624292904, 15.228624292904, 15.228624292904, 15.228624292904, 15.228624292904, 15.228624292904, 15.228624292904, 15.228624292904, 15.228624292904, 15.228624292904, 15.228624292904, 15.228624292904, 15.228624292904, 15.228624292904, 15.228624292904, 15.228624292904, 15.228624292904, 15.228624292904, 15.228624292904, 15.228624292904, 15.228624292904, 15.228624292904, 15.228624292904, 15.228624292904, 15.228624292904, 15.228624292904, 15.228624292904, 15.228624292904, 15.228624292904, 15.228624292904, 15.228624292904, 15.228624292904, 15.228624292904, 15.197887506031366, 15.146646342356137, 15.136289717613963, 15.11652289343971, 14.942357043659147, 15.032397417984619, 14.916834779195604, 14.982499152159074, 14.769225769015701, 14.697626231520466, 14.577214838405652, 14.57612416571071, 14.436424911775918, 14.614802123044111, 14.648515361921064, 14.368714526347741, 14.284331316296825, 14.167247499953708, 14.030076516099834, 13.932374417851316, 13.765872425291915, 13.725301877506736, 13.797890095600284, 13.65669191660831, 13.522582204646561, 13.373145856552526, 13.299852950153502, 13.269432730181075, 13.278256656799577, 13.224066203919634, 13.108893573398618, 13.090674494658511, 12.956050029745425, 12.987339695078045, 12.94406950204049, 12.77975662141551, 12.823830588525833, 12.718417782517177, 12.487894781668903, 12.483646510634399, 12.287071423035492, 12.246608785170592, 12.150044019269416, 12.031243364366084, 11.85848786954198, 11.707370964580361, 11.842213121203919, 11.589018116994769, 11.588759360457606, 11.562999413866347, 11.485339632075755, 11.53786138437574, 11.380728138110852, 11.258327500935824, 11.2136842115872, 11.19335481390924, 11.271201344306423, 11.154924350268269, 11.046613814890538, 10.80195793058717, 10.594254291960805, 10.571641399925914, 10.38732199804266, 10.382692905406554, 10.266273278467686, 10.148007350615742, 10.023556643480916, 10.244551284750344, 10.038426444566126, 9.877880801915596, 9.777104275918463, 9.692584491694783, 9.462957902518705, 9.249847908345629, 9.280156074549517, 9.261406259084692, 9.10998930857337, 9.128760143707513, 8.87767590405482, 8.880943950344003, 8.60515642900147, 8.585207344346312, 8.595177613565628, 8.498611520090368, 8.509836244887193, 8.341498715036742, 8.269891190219788, 8.100014094243916, 7.978818284770005, 7.843637214480154, 7.677245500453547, 7.792324758878061, 7.670707997166664, 7.769937678047126, 7.730388591374317, 7.702716031723492, 7.503575111844729, 7.480331752784947, 7.427253973139984, 7.426986886944783, 7.18343834705288, 7.108606464113113, 6.9964930459202685, 6.894837938217805, 6.937892401450918, 6.98046014496246, 6.770072225528132, 6.6256903660712485, 6.437539714738955, 6.351826384101862, 6.252397550759009, 6.062461048274014, 6.112381011072194, 6.09951789911142, 5.94225152518267, 5.866317855028751, 5.90738586631885, 5.799444770507277, 5.6644518500157535, 5.6259413996620316, 5.502859728032682, 5.352757092010586, 5.288801765110677, 5.351216845913237, 5.14347957055653, 4.965493239473211, 4.929839250252225, 4.927848612537866, 4.773237423347761, 4.790600397210123, 4.616146096619871, 4.660689750910088, 4.690385894300199, 4.665236064811786]
Blocksize strategy selection process: -0.054203 --> -0.054203, len_BS = 1
Blocksize strategy selection process: -0.044734 --> -0.029271, len_BS = 128
Blocksize strategy selection process: -0.044568 --> -0.029270, len_BS = 213
Blocksize strategy selection process: -0.044401 --> -0.029270, len_BS = 282
Blocksize strategy selection process: -0.044235 --> -0.029270, len_BS = 349
Blocksize strategy selection process: -0.044069 --> -0.029270, len_BS = 413
Blocksize strategy selection process: -0.040553 --> -0.029270, len_BS = 477
Blocksize strategy selection process: -0.040443 --> -0.029269, len_BS = 515
Blocksize strategy selection process: -0.040376 --> -0.029269, len_BS = 568
Blocksize strategy selection process: -0.040334 --> -0.029269, len_BS = 616
Blocksize strategy selection process: -0.040267 --> -0.029269, len_BS = 657
Blocksize strategy selection process: -0.040224 --> -0.029269, len_BS = 695
Blocksize strategy selection process: -0.040201 --> -0.029269, len_BS = 738
Blocksize strategy selection process: -0.040158 --> -0.029269, len_BS = 738
Blocksize strategy selection process: -0.040113 --> -0.029269, len_BS = 773
Blocksize strategy selection process: -0.040093 --> -0.029269, len_BS = 819
Blocksize strategy selection process: -0.040049 --> -0.029269, len_BS = 819
Blocksize strategy selection process: -0.038307 --> -0.029269, len_BS = 857
Blocksize strategy selection process: -0.038259 --> -0.029269, len_BS = 809
Blocksize strategy selection process: -0.038193 --> -0.029269, len_BS = 848
Blocksize strategy selection process: -0.038145 --> -0.029269, len_BS = 893
Blocksize strategy selection process: -0.038098 --> -0.029269, len_BS = 937
Blocksize strategy selection process: -0.037302 --> -0.029269, len_BS = 981
Blocksize strategy selection process: -0.037270 --> -0.029269, len_BS = 1036
Blocksize strategy selection process: -0.037254 --> -0.029269, len_BS = 1065
Blocksize strategy selection process: -0.037206 --> -0.029269, len_BS = 1076
Blocksize strategy selection process: -0.037175 --> -0.029269, len_BS = 1126
Blocksize strategy selection process: -0.037160 --> -0.029269, len_BS = 1145
Blocksize strategy selection process: -0.037111 --> -0.029269, len_BS = 1155
Blocksize strategy selection process: -0.036339 --> -0.029269, len_BS = 1203
Blocksize strategy selection process: -0.036313 --> -0.029269, len_BS = 1202
Blocksize strategy selection process: -0.036301 --> -0.029269, len_BS = 1236
Blocksize strategy selection process: -0.036287 --> -0.029269, len_BS = 1266
Blocksize strategy selection process: -0.036275 --> -0.029269, len_BS = 1284
Blocksize strategy selection process: -0.036261 --> -0.029269, len_BS = 1316
Blocksize strategy selection process: -0.036249 --> -0.029269, len_BS = 1339
Blocksize strategy selection process: -0.036235 --> -0.029269, len_BS = 1364
Blocksize strategy selection process: -0.036223 --> -0.029269, len_BS = 1392
Blocksize strategy selection process: -0.035829 --> -0.029269, len_BS = 1410
Blocksize strategy selection process: -0.035820 --> -0.029269, len_BS = 1348
Blocksize strategy selection process: -0.035804 --> -0.029269, len_BS = 1374
Blocksize strategy selection process: -0.035795 --> -0.029269, len_BS = 1404
Blocksize strategy selection process: -0.035787 --> -0.029269, len_BS = 1430
Blocksize strategy selection process: -0.035652 --> -0.029269, len_BS = 1455
Blocksize strategy selection process: -0.035647 --> -0.029269, len_BS = 1448
Blocksize strategy selection process: -0.035644 --> -0.029269, len_BS = 1464
Blocksize strategy selection process: -0.035631 --> -0.029269, len_BS = 1473
Blocksize strategy selection process: -0.035626 --> -0.029269, len_BS = 1509
Blocksize strategy selection process: -0.035623 --> -0.029269, len_BS = 1530
Blocksize strategy selection process: -0.035569 --> -0.029269, len_BS = 1542
Blocksize strategy selection process: -0.035564 --> -0.029269, len_BS = 1584
Blocksize strategy selection process: -0.035561 --> -0.029269, len_BS = 1604
Blocksize strategy selection process: -0.035549 --> -0.029269, len_BS = 1617
Blocksize strategy selection process: -0.035543 --> -0.029269, len_BS = 1647
Blocksize strategy selection process: -0.035541 --> -0.029269, len_BS = 1659
Blocksize strategy selection process: -0.035528 --> -0.029269, len_BS = 1670
Blocksize strategy selection process: -0.035447 --> -0.029269, len_BS = 1705
Blocksize strategy selection process: -0.035442 --> -0.029269, len_BS = 1746
Blocksize strategy selection process: -0.035440 --> -0.029269, len_BS = 1759
Blocksize strategy selection process: -0.035438 --> -0.029269, len_BS = 1767
Blocksize strategy selection process: -0.035436 --> -0.029269, len_BS = 1774
Blocksize strategy selection process: -0.035433 --> -0.029269, len_BS = 1781
Blocksize strategy selection process: -0.035431 --> -0.029269, len_BS = 1789
Blocksize strategy selection process: -0.035429 --> -0.029269, len_BS = 1793
Blocksize strategy selection process: -0.035427 --> -0.029269, len_BS = 1802
Blocksize strategy selection process: -0.035353 --> -0.029269, len_BS = 1810
Blocksize strategy selection process: -0.035288 --> -0.029269, len_BS = 1846
Blocksize strategy selection process: -0.035282 --> -0.029269, len_BS = 1897
Blocksize strategy selection process: -0.035280 --> -0.029269, len_BS = 1917
Blocksize strategy selection process: -0.035278 --> -0.029269, len_BS = 1953
Blocksize strategy selection process: -0.035277 --> -0.029269, len_BS = 1953
Blocksize strategy selection process: -0.035255 --> -0.029269, len_BS = 1953
Blocksize strategy selection process: -0.035254 --> -0.029269, len_BS = 1969
Blocksize strategy selection process: -0.035252 --> -0.029269, len_BS = 1973
Blocksize strategy selection process: -0.035251 --> -0.029269, len_BS = 1982
Blocksize strategy selection process: -0.035250 --> -0.029269, len_BS = 1988
Blocksize strategy selection process: -0.035206 --> -0.029269, len_BS = 1989
Blocksize strategy selection process: -0.035205 --> -0.029269, len_BS = 2048
Blocksize strategy selection process: -0.035202 --> -0.029269, len_BS = 2052
Blocksize strategy selection process: -0.035201 --> -0.029269, len_BS = 2059
Blocksize strategy selection process: -0.035200 --> -0.029269, len_BS = 2062
Blocksize strategy selection process: -0.035178 --> -0.029269, len_BS = 2071
Blocksize strategy selection process: -0.035177 --> -0.029269, len_BS = 2115
Blocksize strategy selection process: -0.035175 --> -0.029269, len_BS = 2121
Blocksize strategy selection process: -0.035174 --> -0.029269, len_BS = 2127
Blocksize strategy selection process: -0.035173 --> -0.029269, len_BS = 2130
Blocksize strategy selection process: -0.035128 --> -0.029269, len_BS = 2130
Blocksize strategy selection process: -0.035127 --> -0.029269, len_BS = 2167
Blocksize strategy selection process: -0.035124 --> -0.029269, len_BS = 2172
Blocksize strategy selection process: -0.035123 --> -0.029269, len_BS = 2180
Blocksize strategy selection process: -0.035122 --> -0.029269, len_BS = 2184
Blocksize strategy selection process: -0.035101 --> -0.029269, len_BS = 2189
Blocksize strategy selection process: -0.035100 --> -0.029269, len_BS = 2236
Blocksize strategy selection process: -0.035098 --> -0.029269, len_BS = 2237
Blocksize strategy selection process: -0.035097 --> -0.029269, len_BS = 2244
Blocksize strategy selection process: -0.035096 --> -0.029269, len_BS = 2246
Blocksize strategy selection process: -0.035050 --> -0.029269, len_BS = 2250
Blocksize strategy selection process: -0.035049 --> -0.029269, len_BS = 2282
Blocksize strategy selection process: -0.035046 --> -0.029269, len_BS = 2284
Blocksize strategy selection process: -0.035045 --> -0.029269, len_BS = 2289
Blocksize strategy selection process: -0.035044 --> -0.029269, len_BS = 2294
Blocksize strategy selection process: -0.035023 --> -0.029269, len_BS = 2301
Blocksize strategy selection process: -0.035022 --> -0.029269, len_BS = 2337
Blocksize strategy selection process: -0.035020 --> -0.029269, len_BS = 2342
Blocksize strategy selection process: -0.035019 --> -0.029269, len_BS = 2351
Blocksize strategy selection process: -0.034972 --> -0.029269, len_BS = 2352
Blocksize strategy selection process: -0.034970 --> -0.029269, len_BS = 2383
Blocksize strategy selection process: -0.034968 --> -0.029269, len_BS = 2386
Blocksize strategy selection process: -0.034967 --> -0.029269, len_BS = 2398
Blocksize strategy selection process: -0.034965 --> -0.029269, len_BS = 2404
Blocksize strategy selection process: -0.034945 --> -0.029269, len_BS = 2408
Blocksize strategy selection process: -0.034944 --> -0.029269, len_BS = 2446
Blocksize strategy selection process: -0.034942 --> -0.029269, len_BS = 2448
Blocksize strategy selection process: -0.034941 --> -0.029269, len_BS = 2457
Blocksize strategy selection process: -0.034892 --> -0.029269, len_BS = 2460
Blocksize strategy selection process: -0.034891 --> -0.029269, len_BS = 2479
Blocksize strategy selection process: -0.034889 --> -0.029269, len_BS = 2481
Blocksize strategy selection process: -0.034888 --> -0.029269, len_BS = 2488
Blocksize strategy selection process: -0.034886 --> -0.029269, len_BS = 2491
Blocksize strategy selection process: -0.034867 --> -0.029269, len_BS = 2495
Blocksize strategy selection process: -0.034866 --> -0.029269, len_BS = 2529
Blocksize strategy selection process: -0.034865 --> -0.029269, len_BS = 2532
Blocksize strategy selection process: -0.034864 --> -0.029269, len_BS = 2533
Blocksize strategy selection process: -0.034863 --> -0.029269, len_BS = 2541
Blocksize strategy selection process: -0.034862 --> -0.029269, len_BS = 2541
Blocksize strategy selection process: -0.034813 --> -0.029269, len_BS = 2542
Blocksize strategy selection process: -0.034812 --> -0.029269, len_BS = 2559
Blocksize strategy selection process: -0.034788 --> -0.029269, len_BS = 2564
Blocksize strategy selection process: -0.034787 --> -0.029269, len_BS = 2602
Blocksize strategy selection process: -0.034785 --> -0.029269, len_BS = 2606
Blocksize strategy selection process: -0.034784 --> -0.029269, len_BS = 2614
Blocksize strategy selection process: -0.034773 --> -0.029269, len_BS = 2614
Blocksize strategy selection process: -0.034772 --> -0.029269, len_BS = 2637
Blocksize strategy selection process: -0.034770 --> -0.029269, len_BS = 2639
Blocksize strategy selection process: -0.034769 --> -0.029269, len_BS = 2644
Blocksize strategy selection process: -0.034634 --> -0.029269, len_BS = 2645
Blocksize strategy selection process: -0.034632 --> -0.029269, len_BS = 2571
Blocksize strategy selection process: -0.034631 --> -0.029269, len_BS = 2573
Blocksize strategy selection process: -0.034629 --> -0.029269, len_BS = 2580
Blocksize strategy selection process: -0.034557 --> -0.029269, len_BS = 2582
Blocksize strategy selection process: -0.034556 --> -0.029269, len_BS = 2584
Blocksize strategy selection process: -0.034554 --> -0.029269, len_BS = 2587
Blocksize strategy selection process: -0.034552 --> -0.029269, len_BS = 2590
Blocksize strategy selection process: -0.034479 --> -0.029269, len_BS = 2594
Blocksize strategy selection process: -0.034475 --> -0.029269, len_BS = 2585
Blocksize strategy selection process: -0.034474 --> -0.029269, len_BS = 2589
Blocksize strategy selection process: -0.034385 --> -0.029269, len_BS = 2591
Blocksize strategy selection process: -0.034384 --> -0.029269, len_BS = 2585
Blocksize strategy selection process: -0.034332 --> -0.029269, len_BS = 2587
Blocksize strategy selection process: -0.034331 --> -0.029269, len_BS = 2605
Blocksize strategy selection process: -0.034329 --> -0.029269, len_BS = 2606
Blocksize strategy selection process: -0.034251 --> -0.029269, len_BS = 2608
Blocksize strategy selection process: -0.034248 --> -0.029269, len_BS = 2598
Blocksize strategy selection process: -0.034247 --> -0.029269, len_BS = 2604
Blocksize strategy selection process: -0.034217 --> -0.029269, len_BS = 2605
Blocksize strategy selection process: -0.034216 --> -0.029269, len_BS = 2630
Blocksize strategy selection process: -0.034214 --> -0.029269, len_BS = 2631
Blocksize strategy selection process: -0.034149 --> -0.029269, len_BS = 2633
Blocksize strategy selection process: -0.034147 --> -0.029269, len_BS = 2631
Blocksize strategy selection process: -0.034137 --> -0.029269, len_BS = 2636
Blocksize strategy selection process: -0.034136 --> -0.029269, len_BS = 2651
Blocksize strategy selection process: -0.034125 --> -0.029269, len_BS = 2654
Blocksize strategy selection process: -0.034124 --> -0.029269, len_BS = 2674
Blocksize strategy selection process: -0.034066 --> -0.029269, len_BS = 2674
Blocksize strategy selection process: -0.034054 --> -0.029269, len_BS = 2674
Blocksize strategy selection process: -0.034043 --> -0.029269, len_BS = 2692
Blocksize strategy selection process: -0.033976 --> -0.029269, len_BS = 2711
Blocksize strategy selection process: -0.033975 --> -0.029269, len_BS = 2707
Blocksize strategy selection process: -0.033974 --> -0.029269, len_BS = 2729
Blocksize strategy selection process: -0.033921 --> -0.029269, len_BS = 2730
Blocksize strategy selection process: -0.033920 --> -0.029269, len_BS = 2749
Blocksize strategy selection process: -0.033918 --> -0.029269, len_BS = 2750
Blocksize strategy selection process: -0.033871 --> -0.029269, len_BS = 2754
Blocksize strategy selection process: -0.033863 --> -0.029269, len_BS = 2768
Blocksize strategy selection process: -0.033862 --> -0.029269, len_BS = 2774
Blocksize strategy selection process: -0.033861 --> -0.029269, len_BS = 2776
Blocksize strategy selection process: -0.033860 --> -0.029269, len_BS = 2781
Blocksize strategy selection process: -0.033852 --> -0.029269, len_BS = 2782
Blocksize strategy selection process: -0.033745 --> -0.029269, len_BS = 2793
Blocksize strategy selection process: -0.033744 --> -0.029269, len_BS = 2788
Blocksize strategy selection process: -0.033742 --> -0.029269, len_BS = 2788
Blocksize strategy selection process: -0.033733 --> -0.029269, len_BS = 2791
Blocksize strategy selection process: -0.033566 --> -0.029269, len_BS = 2805
Blocksize strategy selection process: -0.033565 --> -0.029269, len_BS = 2759
Blocksize strategy selection process: -0.033564 --> -0.029269, len_BS = 2761
Blocksize strategy selection process: -0.033561 --> -0.029269, len_BS = 2761
Blocksize strategy selection process: -0.033485 --> -0.029269, len_BS = 2765
Blocksize strategy selection process: -0.033437 --> -0.029269, len_BS = 2767
Blocksize strategy selection process: -0.033436 --> -0.029269, len_BS = 2780
Blocksize strategy selection process: -0.033435 --> -0.029269, len_BS = 2780
Blocksize strategy selection process: -0.033410 --> -0.029269, len_BS = 2783
Blocksize strategy selection process: -0.033409 --> -0.029269, len_BS = 2804
Blocksize strategy selection process: -0.033408 --> -0.029269, len_BS = 2804
Blocksize strategy selection process: -0.033407 --> -0.029269, len_BS = 2805
Blocksize strategy selection process: -0.033406 --> -0.029269, len_BS = 2805
Blocksize strategy selection process: -0.033356 --> -0.029269, len_BS = 2807
Blocksize strategy selection process: -0.033355 --> -0.029269, len_BS = 2817
Blocksize strategy selection process: -0.033330 --> -0.029269, len_BS = 2819
Blocksize strategy selection process: -0.033329 --> -0.029269, len_BS = 2838
Blocksize strategy selection process: -0.033275 --> -0.029269, len_BS = 2838
Blocksize strategy selection process: -0.033274 --> -0.029269, len_BS = 2853
Blocksize strategy selection process: -0.033272 --> -0.029269, len_BS = 2854
Blocksize strategy selection process: -0.033256 --> -0.029269, len_BS = 2854
Blocksize strategy selection process: -0.033254 --> -0.029269, len_BS = 2868
Blocksize strategy selection process: -0.033204 --> -0.029269, len_BS = 2869
Blocksize strategy selection process: -0.033202 --> -0.029269, len_BS = 2881
Blocksize strategy selection process: -0.033196 --> -0.029269, len_BS = 2884
Blocksize strategy selection process: -0.033195 --> -0.029269, len_BS = 2889
Blocksize strategy selection process: -0.033142 --> -0.029269, len_BS = 2889
Blocksize strategy selection process: -0.033141 --> -0.029269, len_BS = 2894
Blocksize strategy selection process: -0.033140 --> -0.029269, len_BS = 2896
Blocksize strategy selection process: -0.033062 --> -0.029269, len_BS = 2896
Blocksize strategy selection process: -0.033059 --> -0.029269, len_BS = 2889
Blocksize strategy selection process: -0.033051 --> -0.029269, len_BS = 2891
Blocksize strategy selection process: -0.033045 --> -0.029269, len_BS = 2897
Blocksize strategy selection process: -0.033044 --> -0.029269, len_BS = 2902
Blocksize strategy selection process: -0.033028 --> -0.029269, len_BS = 2902
Blocksize strategy selection process: -0.032973 --> -0.029269, len_BS = 2916
Blocksize strategy selection process: -0.032972 --> -0.029269, len_BS = 2920
Blocksize strategy selection process: -0.032971 --> -0.029269, len_BS = 2921
Blocksize strategy selection process: -0.032966 --> -0.029269, len_BS = 2921
Blocksize strategy selection process: -0.032965 --> -0.029269, len_BS = 2925
Blocksize strategy selection process: -0.032961 --> -0.029269, len_BS = 2928
Blocksize strategy selection process: -0.032952 --> -0.029269, len_BS = 2928
Blocksize strategy selection process: -0.032950 --> -0.029269, len_BS = 2928
Blocksize strategy selection process: -0.032949 --> -0.029269, len_BS = 2930
Blocksize strategy selection process: -0.032942 --> -0.029269, len_BS = 2930
Blocksize strategy selection process: -0.032941 --> -0.029269, len_BS = 2933
Blocksize strategy selection process: -0.032940 --> -0.029269, len_BS = 2937
Blocksize strategy selection process: -0.032934 --> -0.029269, len_BS = 2937
Blocksize strategy selection process: -0.032933 --> -0.029269, len_BS = 2940
Blocksize strategy selection process: -0.032932 --> -0.029269, len_BS = 2941
Blocksize strategy selection process: -0.032883 --> -0.029269, len_BS = 2941
Blocksize strategy selection process: -0.032791 --> -0.029269, len_BS = 2947
Blocksize strategy selection process: -0.032790 --> -0.029269, len_BS = 2940
Blocksize strategy selection process: -0.032743 --> -0.029269, len_BS = 2940
Blocksize strategy selection process: -0.032735 --> -0.029269, len_BS = 2947
Blocksize strategy selection process: -0.032705 --> -0.029269, len_BS = 2950
Blocksize strategy selection process: -0.032678 --> -0.029269, len_BS = 2968
Blocksize strategy selection process: -0.032618 --> -0.029269, len_BS = 2979
Blocksize strategy selection process: -0.032617 --> -0.029269, len_BS = 2988
Blocksize strategy selection process: -0.032616 --> -0.029269, len_BS = 2988
Blocksize strategy selection process: -0.032570 --> -0.029269, len_BS = 2988
Blocksize strategy selection process: -0.032568 --> -0.029269, len_BS = 2997
Blocksize strategy selection process: -0.032418 --> -0.029269, len_BS = 2997
Blocksize strategy selection process: -0.032417 --> -0.029269, len_BS = 2994
Blocksize strategy selection process: -0.032416 --> -0.029269, len_BS = 2994
Blocksize strategy selection process: -0.032406 --> -0.029269, len_BS = 2994
Blocksize strategy selection process: -0.032399 --> -0.029269, len_BS = 2994
Blocksize strategy selection process: -0.032308 --> -0.029269, len_BS = 2996
Blocksize strategy selection process: -0.032268 --> -0.029269, len_BS = 3002
Blocksize strategy selection process: -0.032262 --> -0.029269, len_BS = 3012
Blocksize strategy selection process: -0.032179 --> -0.029269, len_BS = 3017
Blocksize strategy selection process: -0.032178 --> -0.029269, len_BS = 3016
Blocksize strategy selection process: -0.032177 --> -0.029269, len_BS = 3016
Blocksize strategy selection process: -0.032172 --> -0.029269, len_BS = 3018
Blocksize strategy selection process: -0.032105 --> -0.029269, len_BS = 3019
Blocksize strategy selection process: -0.032011 --> -0.029269, len_BS = 3027
Blocksize strategy selection process: -0.031998 --> -0.029269, len_BS = 3032
Blocksize strategy selection process: -0.031928 --> -0.029269, len_BS = 3036
Blocksize strategy selection process: -0.031887 --> -0.029269, len_BS = 3042
Blocksize strategy selection process: -0.031882 --> -0.029269, len_BS = 3050
Blocksize strategy selection process: -0.031822 --> -0.029269, len_BS = 3051
Blocksize strategy selection process: -0.031812 --> -0.029269, len_BS = 3063
Blocksize strategy selection process: -0.031789 --> -0.029269, len_BS = 3065
Blocksize strategy selection process: -0.031788 --> -0.029269, len_BS = 3070
Blocksize strategy selection process: -0.031701 --> -0.029269, len_BS = 3070
Blocksize strategy selection process: -0.031700 --> -0.029269, len_BS = 3078
Blocksize strategy selection process: -0.031647 --> -0.029269, len_BS = 3078
Blocksize strategy selection process: -0.031636 --> -0.029269, len_BS = 3085
Blocksize strategy selection process: -0.031591 --> -0.029269, len_BS = 3087
Blocksize strategy selection process: -0.031404 --> -0.029269, len_BS = 3091
Blocksize strategy selection process: -0.031403 --> -0.029269, len_BS = 3098
Blocksize strategy selection process: -0.031402 --> -0.029269, len_BS = 3098
Blocksize strategy selection process: -0.031401 --> -0.029269, len_BS = 3098
Blocksize strategy selection process: -0.031379 --> -0.029269, len_BS = 3098
Blocksize strategy selection process: -0.031378 --> -0.029269, len_BS = 3101
Blocksize strategy selection process: -0.031366 --> -0.029269, len_BS = 3101
Blocksize strategy selection process: -0.031305 --> -0.029269, len_BS = 3106
Blocksize strategy selection process: -0.031253 --> -0.029269, len_BS = 3110
Blocksize strategy selection process: -0.031252 --> -0.029269, len_BS = 3114
Blocksize strategy selection process: -0.031205 --> -0.029269, len_BS = 3114
Blocksize strategy selection process: -0.031129 --> -0.029269, len_BS = 3121
Blocksize strategy selection process: -0.031121 --> -0.029269, len_BS = 3125
Blocksize strategy selection process: -0.031119 --> -0.029269, len_BS = 3127
Blocksize strategy selection process: -0.031117 --> -0.029269, len_BS = 3127
Blocksize strategy selection process: -0.031115 --> -0.029269, len_BS = 3127
Blocksize strategy selection process: -0.031074 --> -0.029269, len_BS = 3128
Blocksize strategy selection process: -0.031058 --> -0.029269, len_BS = 3132
Blocksize strategy selection process: -0.031053 --> -0.029269, len_BS = 3135
Blocksize strategy selection process: -0.031022 --> -0.029269, len_BS = 3135
Blocksize strategy selection process: -0.031018 --> -0.029269, len_BS = 3136
Blocksize strategy selection process: -0.030938 --> -0.029269, len_BS = 3137
Blocksize strategy selection process: -0.030920 --> -0.029269, len_BS = 3144
Blocksize strategy selection process: -0.030913 --> -0.029269, len_BS = 3147
Blocksize strategy selection process: -0.030909 --> -0.029269, len_BS = 3147
Blocksize strategy selection process: -0.030906 --> -0.029269, len_BS = 3147
Blocksize strategy selection process: -0.030894 --> -0.029269, len_BS = 3147
Blocksize strategy selection process: -0.030891 --> -0.029269, len_BS = 3148
Blocksize strategy selection process: -0.030839 --> -0.029269, len_BS = 3149
Blocksize strategy selection process: -0.030836 --> -0.029269, len_BS = 3152
Blocksize strategy selection process: -0.030834 --> -0.029269, len_BS = 3152
Blocksize strategy selection process: -0.030827 --> -0.029269, len_BS = 3152
Blocksize strategy selection process: -0.030788 --> -0.029269, len_BS = 3152
Blocksize strategy selection process: -0.030780 --> -0.029269, len_BS = 3155
Blocksize strategy selection process: -0.030733 --> -0.029269, len_BS = 3155
Blocksize strategy selection process: -0.030724 --> -0.029269, len_BS = 3157
Blocksize strategy selection process: -0.030721 --> -0.029269, len_BS = 3158
Blocksize strategy selection process: -0.030717 --> -0.029269, len_BS = 3159
Blocksize strategy selection process: -0.030627 --> -0.029269, len_BS = 3159
Blocksize strategy selection process: -0.030607 --> -0.029269, len_BS = 3163
Blocksize strategy selection process: -0.030601 --> -0.029269, len_BS = 3166
Blocksize strategy selection process: -0.030499 --> -0.029269, len_BS = 3166
Blocksize strategy selection process: -0.030498 --> -0.029269, len_BS = 3169
Blocksize strategy selection process: -0.030486 --> -0.029269, len_BS = 3169
Blocksize strategy selection process: -0.030439 --> -0.029269, len_BS = 3170
Blocksize strategy selection process: -0.030348 --> -0.029269, len_BS = 3172
Blocksize strategy selection process: -0.030344 --> -0.029269, len_BS = 3175
Blocksize strategy selection process: -0.030324 --> -0.029269, len_BS = 3175
Blocksize strategy selection process: -0.030320 --> -0.029269, len_BS = 3176
Blocksize strategy selection process: -0.030319 --> -0.029269, len_BS = 3176
Blocksize strategy selection process: -0.030318 --> -0.029269, len_BS = 3176
Blocksize strategy selection process: -0.030286 --> -0.029269, len_BS = 3176
Blocksize strategy selection process: -0.030277 --> -0.029269, len_BS = 3176
Blocksize strategy selection process: -0.030245 --> -0.029269, len_BS = 3176
Blocksize strategy selection process: -0.030240 --> -0.029269, len_BS = 3176
Blocksize strategy selection process: -0.030233 --> -0.029269, len_BS = 3176
Blocksize strategy selection process: -0.030232 --> -0.029269, len_BS = 3176
Blocksize strategy selection process: -0.030230 --> -0.029269, len_BS = 3176
Blocksize strategy selection process: -0.030224 --> -0.029269, len_BS = 3176
Blocksize strategy selection process: -0.030192 --> -0.029269, len_BS = 3176
Blocksize strategy selection process: -0.030117 --> -0.029269, len_BS = 3176
Blocksize strategy selection process: -0.030113 --> -0.029269, len_BS = 3180
Blocksize strategy selection process: -0.030112 --> -0.029269, len_BS = 3180
Blocksize strategy selection process: -0.030080 --> -0.029269, len_BS = 3180
Blocksize strategy selection process: -0.030079 --> -0.029269, len_BS = 3181
Blocksize strategy selection process: -0.030077 --> -0.029269, len_BS = 3181
Blocksize strategy selection process: -0.030075 --> -0.029269, len_BS = 3181
Blocksize strategy selection process: -0.030048 --> -0.029269, len_BS = 3181
Blocksize strategy selection process: -0.030046 --> -0.029269, len_BS = 3181
Blocksize strategy selection process: -0.030045 --> -0.029269, len_BS = 3181
Blocksize strategy selection process: -0.030044 --> -0.029269, len_BS = 3181
Blocksize strategy selection process: -0.030017 --> -0.029269, len_BS = 3181
Blocksize strategy selection process: -0.030016 --> -0.029269, len_BS = 3182
Blocksize strategy selection process: -0.029984 --> -0.029269, len_BS = 3182
Blocksize strategy selection process: -0.029983 --> -0.029269, len_BS = 3182
Blocksize strategy selection process: -0.029937 --> -0.029269, len_BS = 3182
Blocksize strategy selection process: -0.029928 --> -0.029269, len_BS = 3183
Blocksize strategy selection process: -0.029925 --> -0.029269, len_BS = 3183
Blocksize strategy selection process: -0.029819 --> -0.029269, len_BS = 3183
Blocksize strategy selection process: -0.029777 --> -0.029269, len_BS = 3184
Blocksize strategy selection process: -0.029776 --> -0.029269, len_BS = 3184
Blocksize strategy selection process: -0.029775 --> -0.029269, len_BS = 3184
Blocksize strategy selection process: -0.029774 --> -0.029269, len_BS = 3184
Blocksize strategy selection process: -0.029765 --> -0.029269, len_BS = 3184
Blocksize strategy selection process: -0.029764 --> -0.029269, len_BS = 3184
Blocksize strategy selection process: -0.029760 --> -0.029269, len_BS = 3184
Blocksize strategy selection process: -0.029759 --> -0.029269, len_BS = 3184
Blocksize strategy selection process: -0.029758 --> -0.029269, len_BS = 3184
Blocksize strategy selection process: -0.029757 --> -0.029269, len_BS = 3184
Blocksize strategy selection process: -0.029756 --> -0.029269, len_BS = 3184
Blocksize strategy selection process: -0.029755 --> -0.029269, len_BS = 3184
Blocksize strategy selection process: -0.029754 --> -0.029269, len_BS = 3184
Blocksize strategy selection process: -0.029753 --> -0.029269, len_BS = 3184
Blocksize strategy selection process: -0.029752 --> -0.029269, len_BS = 3184
Blocksize strategy selection process: -0.029751 --> -0.029269, len_BS = 3184
Blocksize strategy selection process: -0.029750 --> -0.029269, len_BS = 3184
Blocksize strategy selection process: -0.029749 --> -0.029269, len_BS = 3184
Blocksize strategy selection process: -0.029747 --> -0.029269, len_BS = 3184
Blocksize strategy selection process: -0.029746 --> -0.029269, len_BS = 3184
Blocksize strategy selection process: -0.029745 --> -0.029269, len_BS = 3184
Blocksize strategy selection process: -0.029744 --> -0.029269, len_BS = 3184
Blocksize strategy selection process: -0.029743 --> -0.029269, len_BS = 3184
Blocksize strategy selection process: -0.029742 --> -0.029269, len_BS = 3184
Blocksize strategy selection process: -0.029741 --> -0.029269, len_BS = 3184
Blocksize strategy selection process: -0.029740 --> -0.029269, len_BS = 3184
Blocksize strategy selection process: -0.029739 --> -0.029269, len_BS = 3184
Blocksize strategy selection process: -0.029738 --> -0.029269, len_BS = 3184
Blocksize strategy selection process: -0.029736 --> -0.029269, len_BS = 3184
Blocksize strategy selection process: -0.029735 --> -0.029269, len_BS = 3184
Blocksize strategy selection process: -0.029734 --> -0.029269, len_BS = 3184
Blocksize strategy selection process: -0.029733 --> -0.029269, len_BS = 3184
Blocksize strategy selection process: -0.029732 --> -0.029269, len_BS = 3184
Blocksize strategy selection process: -0.029731 --> -0.029269, len_BS = 3184
Blocksize strategy selection process: -0.029730 --> -0.029269, len_BS = 3184
Blocksize strategy selection process: -0.029729 --> -0.029269, len_BS = 3184
Blocksize strategy selection process: -0.029728 --> -0.029269, len_BS = 3184
Blocksize strategy selection process: -0.029707 --> -0.029269, len_BS = 3184
Blocksize strategy selection process: -0.029706 --> -0.029269, len_BS = 3185
Blocksize strategy selection process: -0.029705 --> -0.029269, len_BS = 3185
Blocksize strategy selection process: -0.029704 --> -0.029269, len_BS = 3185
Blocksize strategy selection process: -0.029703 --> -0.029269, len_BS = 3185
Blocksize strategy selection process: -0.029702 --> -0.029269, len_BS = 3185
Blocksize strategy selection process: -0.029701 --> -0.029269, len_BS = 3185
Blocksize strategy selection process: -0.029700 --> -0.029269, len_BS = 3185
Blocksize strategy selection process: -0.029699 --> -0.029269, len_BS = 3185
Blocksize strategy selection process: -0.029697 --> -0.029269, len_BS = 3185
Blocksize strategy selection process: -0.029696 --> -0.029269, len_BS = 3185
Blocksize strategy selection process: -0.029695 --> -0.029269, len_BS = 3185
Blocksize strategy selection process: -0.029694 --> -0.029269, len_BS = 3185
Blocksize strategy selection process: -0.029693 --> -0.029269, len_BS = 3185
Blocksize strategy selection process: -0.029692 --> -0.029269, len_BS = 3185
Blocksize strategy selection process: -0.029691 --> -0.029269, len_BS = 3185
Blocksize strategy selection process: -0.029670 --> -0.029269, len_BS = 3185
Blocksize strategy selection process: -0.029669 --> -0.029269, len_BS = 3185
Blocksize strategy selection process: -0.029668 --> -0.029269, len_BS = 3185
Blocksize strategy selection process: -0.029667 --> -0.029269, len_BS = 3185
Blocksize strategy selection process: -0.029666 --> -0.029269, len_BS = 3185
Blocksize strategy selection process: -0.029665 --> -0.029269, len_BS = 3185
Blocksize strategy selection process: -0.029664 --> -0.029269, len_BS = 3185
Blocksize strategy selection process: -0.029663 --> -0.029269, len_BS = 3185
Blocksize strategy selection process: -0.029662 --> -0.029269, len_BS = 3185
Blocksize strategy selection process: -0.029661 --> -0.029269, len_BS = 3185
Blocksize strategy selection process: -0.029660 --> -0.029269, len_BS = 3185
Blocksize strategy selection process: -0.029659 --> -0.029269, len_BS = 3185
Blocksize strategy selection process: -0.029658 --> -0.029269, len_BS = 3185
Blocksize strategy selection process: -0.029657 --> -0.029269, len_BS = 3185
Blocksize strategy selection process: -0.029656 --> -0.029269, len_BS = 3185
Blocksize strategy selection process: -0.029655 --> -0.029269, len_BS = 3185
Blocksize strategy selection process: -0.029654 --> -0.029269, len_BS = 3185
Blocksize strategy selection process: -0.029635 --> -0.029269, len_BS = 3185
Blocksize strategy selection process: -0.029634 --> -0.029269, len_BS = 3185
Blocksize strategy selection process: -0.029632 --> -0.029269, len_BS = 3185
Blocksize strategy selection process: -0.029631 --> -0.029269, len_BS = 3185
Blocksize strategy selection process: -0.029630 --> -0.029269, len_BS = 3185
Blocksize strategy selection process: -0.029629 --> -0.029269, len_BS = 3185
Blocksize strategy selection process: -0.029628 --> -0.029269, len_BS = 3185
Blocksize strategy selection process: -0.029627 --> -0.029269, len_BS = 3185
Blocksize strategy selection process: -0.029626 --> -0.029269, len_BS = 3185
Blocksize strategy selection process: -0.029625 --> -0.029269, len_BS = 3185
Blocksize strategy selection process: -0.029624 --> -0.029269, len_BS = 3185
Blocksize strategy selection process: -0.029623 --> -0.029269, len_BS = 3185
Blocksize strategy selection process: -0.029622 --> -0.029269, len_BS = 3185
Blocksize strategy selection process: -0.029621 --> -0.029269, len_BS = 3185
Blocksize strategy selection process: -0.029602 --> -0.029269, len_BS = 3185
Blocksize strategy selection process: -0.029601 --> -0.029269, len_BS = 3185
Blocksize strategy selection process: -0.029600 --> -0.029269, len_BS = 3185
Blocksize strategy selection process: -0.029599 --> -0.029269, len_BS = 3185
Blocksize strategy selection process: -0.029598 --> -0.029269, len_BS = 3185
Blocksize strategy selection process: -0.029597 --> -0.029269, len_BS = 3185
Blocksize strategy selection process: -0.029596 --> -0.029269, len_BS = 3185
Blocksize strategy selection process: -0.029595 --> -0.029269, len_BS = 3185
Blocksize strategy selection process: -0.029594 --> -0.029269, len_BS = 3185
Blocksize strategy selection process: -0.029593 --> -0.029269, len_BS = 3185
Blocksize strategy selection process: -0.029592 --> -0.029269, len_BS = 3185
Blocksize strategy selection process: -0.029591 --> -0.029269, len_BS = 3185
Blocksize strategy selection process: -0.029590 --> -0.029269, len_BS = 3185
Blocksize strategy selection process: -0.029589 --> -0.029269, len_BS = 3185
Blocksize strategy selection process: -0.029588 --> -0.029269, len_BS = 3185
Blocksize strategy selection process: -0.029570 --> -0.029269, len_BS = 3185
Blocksize strategy selection process: -0.029569 --> -0.029269, len_BS = 3185
Blocksize strategy selection process: -0.029568 --> -0.029269, len_BS = 3185
Blocksize strategy selection process: -0.029567 --> -0.029269, len_BS = 3185
Blocksize strategy selection process: -0.029566 --> -0.029269, len_BS = 3185
Blocksize strategy selection process: -0.029565 --> -0.029269, len_BS = 3185
Blocksize strategy selection process: -0.029564 --> -0.029269, len_BS = 3185
Blocksize strategy selection process: -0.029563 --> -0.029269, len_BS = 3185
Blocksize strategy selection process: -0.029562 --> -0.029269, len_BS = 3185
Blocksize strategy selection process: -0.029561 --> -0.029269, len_BS = 3185
Blocksize strategy selection process: -0.029560 --> -0.029269, len_BS = 3185
Blocksize strategy selection process: -0.029559 --> -0.029269, len_BS = 3185
Blocksize strategy selection process: -0.029558 --> -0.029269, len_BS = 3185
Blocksize strategy selection process: -0.029557 --> -0.029269, len_BS = 3185
Blocksize strategy selection process: -0.029556 --> -0.029269, len_BS = 3185
Blocksize strategy selection process: -0.029555 --> -0.029269, len_BS = 3185
Blocksize strategy selection process: -0.029538 --> -0.029269, len_BS = 3185
Blocksize strategy selection process: -0.029537 --> -0.029269, len_BS = 3186
Blocksize strategy selection process: -0.029536 --> -0.029269, len_BS = 3186
Blocksize strategy selection process: -0.029535 --> -0.029269, len_BS = 3186
Blocksize strategy selection process: -0.029534 --> -0.029269, len_BS = 3186
Blocksize strategy selection process: -0.029533 --> -0.029269, len_BS = 3186
Blocksize strategy selection process: -0.029532 --> -0.029269, len_BS = 3186
Blocksize strategy selection process: -0.029531 --> -0.029269, len_BS = 3186
Blocksize strategy selection process: -0.029530 --> -0.029269, len_BS = 3186
Blocksize strategy selection process: -0.029529 --> -0.029269, len_BS = 3186
Blocksize strategy selection process: -0.029528 --> -0.029269, len_BS = 3186
Blocksize strategy selection process: -0.029527 --> -0.029269, len_BS = 3186
Blocksize strategy selection process: -0.029526 --> -0.029269, len_BS = 3186
Blocksize strategy selection process: -0.029525 --> -0.029269, len_BS = 3186
Blocksize strategy selection process: -0.029509 --> -0.029269, len_BS = 3186
Blocksize strategy selection process: -0.029507 --> -0.029269, len_BS = 3186
Blocksize strategy selection process: -0.029506 --> -0.029269, len_BS = 3186
Blocksize strategy selection process: -0.029505 --> -0.029269, len_BS = 3186
Blocksize strategy selection process: -0.029504 --> -0.029269, len_BS = 3186
Blocksize strategy selection process: -0.029503 --> -0.029269, len_BS = 3186
Blocksize strategy selection process: -0.029502 --> -0.029269, len_BS = 3186
Blocksize strategy selection process: -0.029501 --> -0.029269, len_BS = 3186
Blocksize strategy selection process: -0.029500 --> -0.029269, len_BS = 3186
Blocksize strategy selection process: -0.029499 --> -0.029269, len_BS = 3186
Blocksize strategy selection process: -0.029498 --> -0.029269, len_BS = 3186
Blocksize strategy selection process: -0.029497 --> -0.029269, len_BS = 3186
Blocksize strategy selection process: -0.029496 --> -0.029269, len_BS = 3186
Blocksize strategy selection process: -0.029495 --> -0.029269, len_BS = 3186
Blocksize strategy selection process: -0.029480 --> -0.029269, len_BS = 3186
Blocksize strategy selection process: -0.029478 --> -0.029269, len_BS = 3186
Blocksize strategy selection process: -0.029477 --> -0.029269, len_BS = 3186
Blocksize strategy selection process: -0.029476 --> -0.029269, len_BS = 3186
Blocksize strategy selection process: -0.029475 --> -0.029269, len_BS = 3186
Blocksize strategy selection process: -0.029474 --> -0.029269, len_BS = 3186
Blocksize strategy selection process: -0.029473 --> -0.029269, len_BS = 3186
Blocksize strategy selection process: -0.029472 --> -0.029269, len_BS = 3186
Blocksize strategy selection process: -0.029471 --> -0.029269, len_BS = 3186
Blocksize strategy selection process: -0.029470 --> -0.029269, len_BS = 3186
Blocksize strategy selection process: -0.029469 --> -0.029269, len_BS = 3186
Blocksize strategy selection process: -0.029468 --> -0.029269, len_BS = 3186
Blocksize strategy selection process: -0.029467 --> -0.029269, len_BS = 3186
Blocksize strategy selection process: -0.029466 --> -0.029269, len_BS = 3186
Blocksize strategy selection process: -0.029453 --> -0.029269, len_BS = 3186
Blocksize strategy selection process: -0.029452 --> -0.029269, len_BS = 3186
Blocksize strategy selection process: -0.029451 --> -0.029269, len_BS = 3186
Blocksize strategy selection process: -0.029450 --> -0.029269, len_BS = 3186
Blocksize strategy selection process: -0.029449 --> -0.029269, len_BS = 3186
Blocksize strategy selection process: -0.029448 --> -0.029269, len_BS = 3186
Blocksize strategy selection process: -0.029447 --> -0.029269, len_BS = 3186
Blocksize strategy selection process: -0.029446 --> -0.029269, len_BS = 3186
Blocksize strategy selection process: -0.029445 --> -0.029269, len_BS = 3186
Blocksize strategy selection process: -0.029444 --> -0.029269, len_BS = 3186
Blocksize strategy selection process: -0.029443 --> -0.029269, len_BS = 3186
Blocksize strategy selection process: -0.029430 --> -0.029269, len_BS = 3186
Blocksize strategy selection process: -0.029429 --> -0.029269, len_BS = 3186
Blocksize strategy selection process: -0.029427 --> -0.029269, len_BS = 3186
Blocksize strategy selection process: -0.029426 --> -0.029269, len_BS = 3186
Blocksize strategy selection process: -0.029425 --> -0.029269, len_BS = 3186
Blocksize strategy selection process: -0.029424 --> -0.029269, len_BS = 3186
Blocksize strategy selection process: -0.029423 --> -0.029269, len_BS = 3186
Blocksize strategy selection process: -0.029422 --> -0.029269, len_BS = 3186
Blocksize strategy selection process: -0.029421 --> -0.029269, len_BS = 3186
Blocksize strategy selection process: -0.029420 --> -0.029269, len_BS = 3186
Blocksize strategy selection process: -0.029408 --> -0.029269, len_BS = 3186
Blocksize strategy selection process: -0.029406 --> -0.029269, len_BS = 3186
Blocksize strategy selection process: -0.029405 --> -0.029269, len_BS = 3186
Blocksize strategy selection process: -0.029380 --> -0.029269, len_BS = 3186
Blocksize strategy selection process: -0.029379 --> -0.029269, len_BS = 3186
Blocksize strategy selection process: -0.029378 --> -0.029269, len_BS = 3186
Blocksize strategy selection process: -0.029370 --> -0.029269, len_BS = 3186
Blocksize strategy selection process: -0.029369 --> -0.029269, len_BS = 3186
Blocksize strategy selection process: -0.029368 --> -0.029269, len_BS = 3186
Blocksize strategy selection process: -0.029364 --> -0.029269, len_BS = 3186
Blocksize strategy selection process: -0.029362 --> -0.029269, len_BS = 3186
Blocksize strategy selection process: -0.029360 --> -0.029269, len_BS = 3186
Blocksize strategy selection process: -0.029359 --> -0.029269, len_BS = 3186
Blocksize strategy selection process: -0.029349 --> -0.029269, len_BS = 3186
Blocksize strategy selection process: -0.029348 --> -0.029269, len_BS = 3186
Blocksize strategy selection process: -0.029345 --> -0.029269, len_BS = 3186
Blocksize strategy selection process: -0.029344 --> -0.029269, len_BS = 3186
Blocksize strategy selection process: -0.029343 --> -0.029269, len_BS = 3186
Blocksize strategy selection process: -0.029342 --> -0.029269, len_BS = 3186
Blocksize strategy selection process: -0.029341 --> -0.029269, len_BS = 3186
Blocksize strategy selection process: -0.029340 --> -0.029269, len_BS = 3186
Blocksize strategy selection process: -0.029331 --> -0.029269, len_BS = 3186
Blocksize strategy selection process: -0.029330 --> -0.029269, len_BS = 3186
Blocksize strategy selection process: -0.029328 --> -0.029269, len_BS = 3186
Blocksize strategy selection process: -0.029327 --> -0.029269, len_BS = 3186
Blocksize strategy selection process: -0.029326 --> -0.029269, len_BS = 3186
Blocksize strategy selection process: -0.029325 --> -0.029269, len_BS = 3186
Blocksize strategy selection process: -0.029324 --> -0.029269, len_BS = 3186
Blocksize strategy selection process: -0.029323 --> -0.029269, len_BS = 3186
Blocksize strategy selection process: -0.029322 --> -0.029269, len_BS = 3186
Blocksize strategy selection process: -0.029315 --> -0.029269, len_BS = 3186
Blocksize strategy selection process: -0.029313 --> -0.029269, len_BS = 3186
Blocksize strategy selection process: -0.029312 --> -0.029269, len_BS = 3186
Blocksize strategy selection process: -0.029305 --> -0.029269, len_BS = 3186
Blocksize strategy selection process: -0.029304 --> -0.029269, len_BS = 3186
Blocksize strategy selection process: -0.029302 --> -0.029269, len_BS = 3186
Blocksize strategy selection process: -0.029301 --> -0.029269, len_BS = 3186
Blocksize strategy selection process: -0.029300 --> -0.029269, len_BS = 3186
Blocksize strategy selection process: -0.029299 --> -0.029269, len_BS = 3186
Blocksize strategy selection process: -0.029298 --> -0.029269, len_BS = 3186
Blocksize strategy selection process: -0.029292 --> -0.029269, len_BS = 3186
Blocksize strategy selection process: -0.029290 --> -0.029269, len_BS = 3186
Blocksize strategy selection process: -0.029289 --> -0.029269, len_BS = 3186
Blocksize strategy selection process: -0.029288 --> -0.029269, len_BS = 3186
Blocksize strategy selection process: -0.029287 --> -0.029269, len_BS = 3186
Blocksize strategy selection process: -0.029286 --> -0.029269, len_BS = 3186
Blocksize strategy selection process: -0.029282 --> -0.029269, len_BS = 3186
Blocksize strategy selection process: -0.029281 --> -0.029269, len_BS = 3186
Blocksize strategy selection process: -0.029280 --> -0.029269, len_BS = 3186
Blocksize strategy selection process: -0.029279 --> -0.029269, len_BS = 3186
Blocksize strategy selection process: -0.029278 --> -0.029269, len_BS = 3186
Blocksize strategy selection process: -0.029275 --> -0.029269, len_BS = 3186
Blocksize strategy selection process: -0.029274 --> -0.029269, len_BS = 3186
Blocksize strategy selection process: -0.029273 --> -0.029269, len_BS = 3186
Blocksize strategy selection process: -0.029271 --> -0.029269, len_BS = 3186
Blocksize strategy selection process: -0.029270 --> -0.029269, len_BS = 3186
Blocksize strategy selection process: -0.029269 --> -0.029269, len_BS = 3186
len(BS) = 3186
Time cost for generating Strategy: 249.180061 s
[15.228624292904,15.228624292904,15.228624292904,15.228624292904,15.228624292904,15.228624292904,15.228624292904,15.222699541261157,15.191803828951418,15.16087435242127,15.129909099777695,15.098906028070118,15.067863062122896,15.036778093322532,15.005648978357772,14.974473537910818,14.943249555297761,14.911974775056468,14.880646901480109,14.849263597094616,14.817822481078448,14.78632112762314,14.754757064233416,14.72312776996576,14.69143067360482,14.659663151777327,14.627822527003936,14.595906065689977,14.563910976057123,14.531834406019062,14.499673441005793,14.467463072758171,14.43535520937095,14.403233710124152,14.371072152072145,14.338830525438528,14.3064938440825,14.27406429371683,14.241528455621616,14.208921643862055,14.176196255060038,14.143371687228353,14.110411771022626,14.077367123792087,14.044188056986087,14.010885857695566,13.977450467336674,13.943891067915125,13.910201821177512,13.876368663201664,13.842406835098107,13.808294225790831,13.774040617973387,13.739623687440485,13.705065994391592,13.670351287252075,13.635472592117608,13.600419506238122,13.565197223709035,13.529819102744987,13.494266305178034,13.458562763660552,13.422665693380353,13.38658904789753,13.350335452125247,13.313884094584381,13.277264024185733,13.24043601937053,13.2034244443512,13.166237981721046,13.128860110055754,13.091279257328296,13.053515181459424,13.015587429721204,12.977616885645247,12.939724958682245,12.917479038014147,12.895124097334982,12.872658923726316,12.850082283029625,12.827392919338088,12.804589554472987,12.781670887444143,12.758635593893818,12.735482325523442,12.712209709502563,12.68881634785934,12.665300816851865,12.641661666319616,12.617897419014287,12.594006569909176,12.569987585486338,12.545838903000616,12.52155892971967,12.497146042139054,12.472598585171358,12.447914871308384,12.423093179755293,12.39813175553557,12.37302880856568,12.347782512698132,12.322391004731687,12.296852383387362,12.271164708248822,12.245325998665649,12.219334232617985,12.193187345540887,12.166883229106709,12.140419729963735,12.11379464842917,12.087005737134538,12.060050699621453,12.032927188885573,12.005632805866496,11.978165097881208,11.950521556998622,11.922699618352539,11.894696658390362,11.866509993054628,11.838136875894333,11.809574496102936,11.78081997647963,11.75187037131045,11.722722664165511,11.693373765608534,11.663820510814622,11.634059657092026,11.604087881303471,11.57390177718233,11.543497852538822,11.512872526351003,11.482022125735261,11.450942882790613,11.419630931310957,11.388082303359052,11.356292925695865,11.32425861605847,11.291975079279553,11.25943790324116,11.226642554655175,11.19358437466255,11.160258574243228,11.126660229428296,11.092784276305705,11.058625505810696,11.02417855829186,10.989437917843633,10.95439790639598,10.91905267755198,10.883396210164163,10.847422301640682,10.81112456097278,10.774496401475583,10.737531033235078,10.700221455255262,10.662560447300905,10.624540561433308,10.586154113238864,10.547393172753457,10.508249555089611,10.468714810778277,10.428780215843448,10.388436761635377,10.347675144457822,10.306485755036675,10.264858667891854,10.222783630692685,10.180250053699382,10.13724699942093,10.093763172654196,10.049786911111578,10.01066009005487,9.992902907123689,9.958872387536205,9.921102596754368,9.877651368695943,9.832007026201987,9.786575814487017,9.73915969425488,9.69661656948669,9.647290394741187,9.600580762755778,9.54867207418493,9.503765083479955,9.451767276109823,9.401226528986514,9.349144389055443,9.298223720861529,9.246355849875549,9.192375118546803,9.140399472563418,9.085177494735717,9.031184095495403,8.973901984797715,8.91963753950996,8.86294085968327,8.805103845256355,8.745636055073547,8.686726241600486,8.629530739742233,8.569523217768145,8.512715523176828,8.44972442611571,8.388507252265953,8.327480615969293,8.26334261082646,8.20310274033903,8.137163917205639,8.074452513608398,8.012781785463465,7.948606648878399,7.882608447448127,7.819193131780396,7.758350758334368,7.7143892869749235,7.687503755825523]
MinStrategy is: [87, 87, 107, 117, 132, 141] + pump(52,164,23) , ['87 * 2 (-0.040553) , cost = 493.0930 s', '107 * 1 (-0.037302) , cost = 553.6062 s', '117 * 1 (-0.035652) , cost = 1231.9400 s', '132 * 1 (-0.034149) , cost = 43802.2161 s', '141 * 1 (-0.033251) , cost = 337076.4341 s'] + pump(52,164,23)
[87,87,107,117,132,141]
Time cost for pnj-BKZ = 106.43 h,
Time cost for pump = 496.01 h,
Total time cost = 602.44 h.
