New Strategy:
n = 40, alpha = 0.035, q = 1601, jump = 1, goal_margin = 1.50, MAX_TIME = inf h
Blocksize strategy selection process: -0.056188 --> -0.056188, len_BS = 1
Blocksize strategy selection process: -0.051361 --> -0.030785, len_BS = 179
Blocksize strategy selection process: -0.051199 --> -0.030784, len_BS = 246
Blocksize strategy selection process: -0.051036 --> -0.030784, len_BS = 314
Blocksize strategy selection process: -0.050872 --> -0.030784, len_BS = 382
Blocksize strategy selection process: -0.050705 --> -0.030784, len_BS = 453
Blocksize strategy selection process: -0.050537 --> -0.030784, len_BS = 523
Blocksize strategy selection process: -0.050368 --> -0.030783, len_BS = 589
Blocksize strategy selection process: -0.050197 --> -0.030783, len_BS = 654
Blocksize strategy selection process: -0.050026 --> -0.030783, len_BS = 729
Blocksize strategy selection process: -0.049852 --> -0.030783, len_BS = 790
Blocksize strategy selection process: -0.049678 --> -0.030783, len_BS = 855
Blocksize strategy selection process: -0.049502 --> -0.030783, len_BS = 914
Blocksize strategy selection process: -0.049325 --> -0.030783, len_BS = 975
Blocksize strategy selection process: -0.049148 --> -0.030783, len_BS = 1032
Blocksize strategy selection process: -0.048969 --> -0.030783, len_BS = 1091
Blocksize strategy selection process: -0.048790 --> -0.030783, len_BS = 1142
Blocksize strategy selection process: -0.048610 --> -0.030783, len_BS = 1201
Blocksize strategy selection process: -0.048429 --> -0.030783, len_BS = 1261
Blocksize strategy selection process: -0.048248 --> -0.030783, len_BS = 1325
Blocksize strategy selection process: -0.048065 --> -0.030783, len_BS = 1372
Blocksize strategy selection process: -0.047883 --> -0.030783, len_BS = 1427
Blocksize strategy selection process: -0.047699 --> -0.030783, len_BS = 1481
Blocksize strategy selection process: -0.047516 --> -0.030783, len_BS = 1532
Blocksize strategy selection process: -0.047332 --> -0.030783, len_BS = 1585
Blocksize strategy selection process: -0.047148 --> -0.030783, len_BS = 1633
Blocksize strategy selection process: -0.046963 --> -0.030783, len_BS = 1688
Blocksize strategy selection process: -0.046778 --> -0.030783, len_BS = 1741
Blocksize strategy selection process: -0.046594 --> -0.030783, len_BS = 1791
Blocksize strategy selection process: -0.046408 --> -0.030783, len_BS = 1854
Blocksize strategy selection process: -0.046224 --> -0.030783, len_BS = 1909
Blocksize strategy selection process: -0.046038 --> -0.030783, len_BS = 1961
Blocksize strategy selection process: -0.045853 --> -0.030783, len_BS = 2009
Blocksize strategy selection process: -0.045668 --> -0.030783, len_BS = 2059
Blocksize strategy selection process: -0.045483 --> -0.030783, len_BS = 2101
Blocksize strategy selection process: -0.045298 --> -0.030783, len_BS = 2139
Blocksize strategy selection process: -0.045114 --> -0.030783, len_BS = 2167
Blocksize strategy selection process: -0.044928 --> -0.030783, len_BS = 2200
Blocksize strategy selection process: -0.044744 --> -0.030783, len_BS = 2242
Blocksize strategy selection process: -0.044559 --> -0.030783, len_BS = 2277
Blocksize strategy selection process: -0.044510 --> -0.030783, len_BS = 2308
Blocksize strategy selection process: -0.044428 --> -0.030783, len_BS = 2309
Blocksize strategy selection process: -0.044346 --> -0.030783, len_BS = 2310
Blocksize strategy selection process: -0.044263 --> -0.030783, len_BS = 2310
Blocksize strategy selection process: -0.044179 --> -0.030783, len_BS = 2311
Blocksize strategy selection process: -0.044096 --> -0.030783, len_BS = 2311
Blocksize strategy selection process: -0.044011 --> -0.030783, len_BS = 2327
Blocksize strategy selection process: -0.043976 --> -0.030783, len_BS = 2360
Blocksize strategy selection process: -0.043927 --> -0.030783, len_BS = 2363
Blocksize strategy selection process: -0.043843 --> -0.030783, len_BS = 2396
Blocksize strategy selection process: -0.043803 --> -0.030783, len_BS = 2422
Blocksize strategy selection process: -0.043758 --> -0.030783, len_BS = 2427
Blocksize strategy selection process: -0.043757 --> -0.030783, len_BS = 2458
Blocksize strategy selection process: -0.043673 --> -0.030783, len_BS = 2458
Blocksize strategy selection process: -0.043625 --> -0.030783, len_BS = 2490
Blocksize strategy selection process: -0.043588 --> -0.030783, len_BS = 2519
Blocksize strategy selection process: -0.043542 --> -0.030783, len_BS = 2521
Blocksize strategy selection process: -0.043502 --> -0.030783, len_BS = 2550
Blocksize strategy selection process: -0.043457 --> -0.030783, len_BS = 2555
Blocksize strategy selection process: -0.043417 --> -0.030783, len_BS = 2589
Blocksize strategy selection process: -0.043374 --> -0.030783, len_BS = 2593
Blocksize strategy selection process: -0.043327 --> -0.030783, len_BS = 2617
Blocksize strategy selection process: -0.043290 --> -0.030783, len_BS = 2640
Blocksize strategy selection process: -0.043244 --> -0.030783, len_BS = 2643
Blocksize strategy selection process: -0.043206 --> -0.030783, len_BS = 2673
Blocksize strategy selection process: -0.043161 --> -0.030783, len_BS = 2677
Blocksize strategy selection process: -0.043122 --> -0.030783, len_BS = 2683
Blocksize strategy selection process: -0.043079 --> -0.030783, len_BS = 2709
Blocksize strategy selection process: -0.043033 --> -0.030783, len_BS = 2736
Blocksize strategy selection process: -0.042997 --> -0.030783, len_BS = 2765
Blocksize strategy selection process: -0.042952 --> -0.030783, len_BS = 2771
Blocksize strategy selection process: -0.042914 --> -0.030783, len_BS = 2792
Blocksize strategy selection process: -0.042870 --> -0.030783, len_BS = 2798
Blocksize strategy selection process: -0.042832 --> -0.030783, len_BS = 2824
Blocksize strategy selection process: -0.042790 --> -0.030783, len_BS = 2828
Blocksize strategy selection process: -0.042744 --> -0.030783, len_BS = 2862
Blocksize strategy selection process: -0.042709 --> -0.030783, len_BS = 2888
Blocksize strategy selection process: -0.042664 --> -0.030783, len_BS = 2889
Blocksize strategy selection process: -0.042628 --> -0.030783, len_BS = 2917
Blocksize strategy selection process: -0.042585 --> -0.030783, len_BS = 2919
Blocksize strategy selection process: -0.042538 --> -0.030783, len_BS = 2953
Blocksize strategy selection process: -0.042505 --> -0.030783, len_BS = 2986
Blocksize strategy selection process: -0.042460 --> -0.030783, len_BS = 2986
Blocksize strategy selection process: -0.042411 --> -0.030783, len_BS = 3020
Blocksize strategy selection process: -0.042382 --> -0.030783, len_BS = 3058
Blocksize strategy selection process: -0.042334 --> -0.030783, len_BS = 3058
Blocksize strategy selection process: -0.042284 --> -0.030783, len_BS = 3097
Blocksize strategy selection process: -0.042258 --> -0.030783, len_BS = 3125
Blocksize strategy selection process: -0.042209 --> -0.030783, len_BS = 3125
Blocksize strategy selection process: -0.042157 --> -0.030783, len_BS = 3154
Blocksize strategy selection process: -0.042133 --> -0.030783, len_BS = 3192
Blocksize strategy selection process: -0.042082 --> -0.030783, len_BS = 3191
Blocksize strategy selection process: -0.041849 --> -0.030783, len_BS = 3225
Blocksize strategy selection process: -0.041781 --> -0.030783, len_BS = 3234
Blocksize strategy selection process: -0.041714 --> -0.030783, len_BS = 3270
Blocksize strategy selection process: -0.041646 --> -0.030783, len_BS = 3304
Blocksize strategy selection process: -0.041640 --> -0.030783, len_BS = 3334
Blocksize strategy selection process: -0.041578 --> -0.030783, len_BS = 3334
Blocksize strategy selection process: -0.041513 --> -0.030783, len_BS = 3360
Blocksize strategy selection process: -0.041511 --> -0.030783, len_BS = 3404
Blocksize strategy selection process: -0.041443 --> -0.030783, len_BS = 3419
Blocksize strategy selection process: -0.041380 --> -0.030783, len_BS = 3440
Blocksize strategy selection process: -0.041247 --> -0.030783, len_BS = 3456
Blocksize strategy selection process: -0.041114 --> -0.030783, len_BS = 3479
Blocksize strategy selection process: -0.041051 --> -0.030783, len_BS = 3499
Blocksize strategy selection process: -0.040980 --> -0.030783, len_BS = 3524
Blocksize strategy selection process: -0.040919 --> -0.030783, len_BS = 3540
Blocksize strategy selection process: -0.040848 --> -0.030783, len_BS = 3560
Blocksize strategy selection process: -0.040787 --> -0.030783, len_BS = 3577
Blocksize strategy selection process: -0.040713 --> -0.030783, len_BS = 3588
Blocksize strategy selection process: -0.040655 --> -0.030783, len_BS = 3599
Blocksize strategy selection process: -0.040580 --> -0.030783, len_BS = 3620
Blocksize strategy selection process: -0.040522 --> -0.030783, len_BS = 3639
Blocksize strategy selection process: -0.040446 --> -0.030783, len_BS = 3664
Blocksize strategy selection process: -0.040390 --> -0.030783, len_BS = 3679
Blocksize strategy selection process: -0.040123 --> -0.030783, len_BS = 3701
Blocksize strategy selection process: -0.040070 --> -0.030783, len_BS = 3659
Blocksize strategy selection process: -0.040017 --> -0.030783, len_BS = 3682
Blocksize strategy selection process: -0.039965 --> -0.030783, len_BS = 3707
Blocksize strategy selection process: -0.039913 --> -0.030783, len_BS = 3721
Blocksize strategy selection process: -0.039861 --> -0.030783, len_BS = 3734
Blocksize strategy selection process: -0.039809 --> -0.030783, len_BS = 3737
Blocksize strategy selection process: -0.039757 --> -0.030783, len_BS = 3745
Blocksize strategy selection process: -0.039678 --> -0.030783, len_BS = 3757
Blocksize strategy selection process: -0.039627 --> -0.030783, len_BS = 3764
Blocksize strategy selection process: -0.039547 --> -0.030783, len_BS = 3770
Blocksize strategy selection process: -0.039497 --> -0.030783, len_BS = 3756
Blocksize strategy selection process: -0.039416 --> -0.030783, len_BS = 3758
Blocksize strategy selection process: -0.039367 --> -0.030783, len_BS = 3761
Blocksize strategy selection process: -0.039285 --> -0.030783, len_BS = 3771
Blocksize strategy selection process: -0.039238 --> -0.030783, len_BS = 3752
Blocksize strategy selection process: -0.039155 --> -0.030783, len_BS = 3761
Blocksize strategy selection process: -0.039109 --> -0.030783, len_BS = 3757
Blocksize strategy selection process: -0.039025 --> -0.030783, len_BS = 3768
Blocksize strategy selection process: -0.038979 --> -0.030783, len_BS = 3734
Blocksize strategy selection process: -0.038895 --> -0.030783, len_BS = 3748
Blocksize strategy selection process: -0.038851 --> -0.030783, len_BS = 3700
Blocksize strategy selection process: -0.038765 --> -0.030783, len_BS = 3705
Blocksize strategy selection process: -0.038721 --> -0.030783, len_BS = 3684
Blocksize strategy selection process: -0.038678 --> -0.030783, len_BS = 3694
Blocksize strategy selection process: -0.038593 --> -0.030783, len_BS = 3699
Blocksize strategy selection process: -0.038507 --> -0.030783, len_BS = 3675
Blocksize strategy selection process: -0.038465 --> -0.030783, len_BS = 3648
Blocksize strategy selection process: -0.038377 --> -0.030783, len_BS = 3658
Blocksize strategy selection process: -0.038336 --> -0.030783, len_BS = 3637
Blocksize strategy selection process: -0.038147 --> -0.030783, len_BS = 3648
Blocksize strategy selection process: -0.038109 --> -0.030783, len_BS = 3517
Blocksize strategy selection process: -0.038070 --> -0.030783, len_BS = 3528
Blocksize strategy selection process: -0.038031 --> -0.030783, len_BS = 3541
Blocksize strategy selection process: -0.037993 --> -0.030783, len_BS = 3557
Blocksize strategy selection process: -0.037955 --> -0.030783, len_BS = 3566
Blocksize strategy selection process: -0.037865 --> -0.030783, len_BS = 3575
Blocksize strategy selection process: -0.037828 --> -0.030783, len_BS = 3551
Blocksize strategy selection process: -0.037791 --> -0.030783, len_BS = 3568
Blocksize strategy selection process: -0.037702 --> -0.030783, len_BS = 3582
Blocksize strategy selection process: -0.037666 --> -0.030782, len_BS = 3537
Blocksize strategy selection process: -0.037629 --> -0.030782, len_BS = 3558
Blocksize strategy selection process: -0.037540 --> -0.030782, len_BS = 3577
Blocksize strategy selection process: -0.037505 --> -0.030782, len_BS = 3550
Blocksize strategy selection process: -0.037470 --> -0.030782, len_BS = 3577
Blocksize strategy selection process: -0.037435 --> -0.030782, len_BS = 3592
Blocksize strategy selection process: -0.037400 --> -0.030782, len_BS = 3613
Blocksize strategy selection process: -0.037365 --> -0.030782, len_BS = 3630
Blocksize strategy selection process: -0.037332 --> -0.030782, len_BS = 3642
Blocksize strategy selection process: -0.037297 --> -0.030782, len_BS = 3655
Blocksize strategy selection process: -0.037263 --> -0.030782, len_BS = 3670
Blocksize strategy selection process: -0.037229 --> -0.030782, len_BS = 3681
Blocksize strategy selection process: -0.037196 --> -0.030782, len_BS = 3694
Blocksize strategy selection process: -0.037163 --> -0.030782, len_BS = 3701
Blocksize strategy selection process: -0.037129 --> -0.030782, len_BS = 3711
Blocksize strategy selection process: -0.037096 --> -0.030782, len_BS = 3717
Blocksize strategy selection process: -0.037080 --> -0.030782, len_BS = 3727
Blocksize strategy selection process: -0.037067 --> -0.030782, len_BS = 3741
Blocksize strategy selection process: -0.037054 --> -0.030782, len_BS = 3755
Blocksize strategy selection process: -0.037053 --> -0.030782, len_BS = 3770
Blocksize strategy selection process: -0.037041 --> -0.030782, len_BS = 3771
Blocksize strategy selection process: -0.037029 --> -0.030782, len_BS = 3782
Blocksize strategy selection process: -0.037016 --> -0.030782, len_BS = 3796
Blocksize strategy selection process: -0.037004 --> -0.030782, len_BS = 3808
Blocksize strategy selection process: -0.037003 --> -0.030782, len_BS = 3818
Blocksize strategy selection process: -0.036991 --> -0.030782, len_BS = 3818
Blocksize strategy selection process: -0.036990 --> -0.030782, len_BS = 3827
Blocksize strategy selection process: -0.036978 --> -0.030782, len_BS = 3829
Blocksize strategy selection process: -0.036966 --> -0.030782, len_BS = 3839
Blocksize strategy selection process: -0.036954 --> -0.030782, len_BS = 3849
Blocksize strategy selection process: -0.036953 --> -0.030782, len_BS = 3861
Blocksize strategy selection process: -0.036951 --> -0.030782, len_BS = 3862
Blocksize strategy selection process: -0.036941 --> -0.030782, len_BS = 3863
Blocksize strategy selection process: -0.036929 --> -0.030782, len_BS = 3873
Blocksize strategy selection process: -0.036918 --> -0.030782, len_BS = 3881
Blocksize strategy selection process: -0.036917 --> -0.030782, len_BS = 3896
Blocksize strategy selection process: -0.036906 --> -0.030782, len_BS = 3898
Blocksize strategy selection process: -0.036905 --> -0.030782, len_BS = 3909
Blocksize strategy selection process: -0.036894 --> -0.030782, len_BS = 3910
Blocksize strategy selection process: -0.036893 --> -0.030782, len_BS = 3921
Blocksize strategy selection process: -0.036882 --> -0.030782, len_BS = 3921
Blocksize strategy selection process: -0.036870 --> -0.030782, len_BS = 3929
Blocksize strategy selection process: -0.036858 --> -0.030782, len_BS = 3941
Blocksize strategy selection process: -0.036847 --> -0.030782, len_BS = 3952
Blocksize strategy selection process: -0.036835 --> -0.030782, len_BS = 3961
Blocksize strategy selection process: -0.036824 --> -0.030782, len_BS = 3971
Blocksize strategy selection process: -0.036812 --> -0.030782, len_BS = 3985
Blocksize strategy selection process: -0.036800 --> -0.030782, len_BS = 3997
Blocksize strategy selection process: -0.036788 --> -0.030782, len_BS = 4008
Blocksize strategy selection process: -0.036778 --> -0.030782, len_BS = 4021
Blocksize strategy selection process: -0.036765 --> -0.030782, len_BS = 4033
Blocksize strategy selection process: -0.036755 --> -0.030782, len_BS = 4041
Blocksize strategy selection process: -0.036754 --> -0.030782, len_BS = 4058
Blocksize strategy selection process: -0.036698 --> -0.030782, len_BS = 4058
Blocksize strategy selection process: -0.036689 --> -0.030782, len_BS = 4065
Blocksize strategy selection process: -0.036679 --> -0.030782, len_BS = 4077
Blocksize strategy selection process: -0.036669 --> -0.030782, len_BS = 4085
Blocksize strategy selection process: -0.036659 --> -0.030782, len_BS = 4098
Blocksize strategy selection process: -0.036650 --> -0.030782, len_BS = 4111
Blocksize strategy selection process: -0.036646 --> -0.030782, len_BS = 4120
Blocksize strategy selection process: -0.036640 --> -0.030782, len_BS = 4126
Blocksize strategy selection process: -0.036627 --> -0.030782, len_BS = 4134
Blocksize strategy selection process: -0.036600 --> -0.030782, len_BS = 4147
Blocksize strategy selection process: -0.036577 --> -0.030782, len_BS = 4159
Blocksize strategy selection process: -0.036568 --> -0.030782, len_BS = 4176
Blocksize strategy selection process: -0.036554 --> -0.030782, len_BS = 4190
Blocksize strategy selection process: -0.036545 --> -0.030782, len_BS = 4205
Blocksize strategy selection process: -0.036531 --> -0.030782, len_BS = 4214
Blocksize strategy selection process: -0.036522 --> -0.030782, len_BS = 4232
Blocksize strategy selection process: -0.036508 --> -0.030782, len_BS = 4243
Blocksize strategy selection process: -0.036500 --> -0.030782, len_BS = 4258
Blocksize strategy selection process: -0.036486 --> -0.030782, len_BS = 4264
Blocksize strategy selection process: -0.036478 --> -0.030782, len_BS = 4277
Blocksize strategy selection process: -0.036463 --> -0.030782, len_BS = 4284
Blocksize strategy selection process: -0.036456 --> -0.030782, len_BS = 4298
Blocksize strategy selection process: -0.036404 --> -0.030782, len_BS = 4312
Blocksize strategy selection process: -0.036396 --> -0.030782, len_BS = 4315
Blocksize strategy selection process: -0.036389 --> -0.030782, len_BS = 4324
Blocksize strategy selection process: -0.036382 --> -0.030782, len_BS = 4336
Blocksize strategy selection process: -0.036375 --> -0.030782, len_BS = 4344
Blocksize strategy selection process: -0.036368 --> -0.030782, len_BS = 4350
Blocksize strategy selection process: -0.036361 --> -0.030782, len_BS = 4361
Blocksize strategy selection process: -0.036354 --> -0.030782, len_BS = 4374
Blocksize strategy selection process: -0.036339 --> -0.030782, len_BS = 4381
Blocksize strategy selection process: -0.036333 --> -0.030782, len_BS = 4391
Blocksize strategy selection process: -0.036318 --> -0.030782, len_BS = 4398
Blocksize strategy selection process: -0.036312 --> -0.030782, len_BS = 4415
Blocksize strategy selection process: -0.036297 --> -0.030782, len_BS = 4424
Blocksize strategy selection process: -0.036291 --> -0.030782, len_BS = 4436
Blocksize strategy selection process: -0.036276 --> -0.030782, len_BS = 4441
Blocksize strategy selection process: -0.036270 --> -0.030782, len_BS = 4456
Blocksize strategy selection process: -0.036255 --> -0.030782, len_BS = 4466
Blocksize strategy selection process: -0.036249 --> -0.030782, len_BS = 4475
Blocksize strategy selection process: -0.036234 --> -0.030782, len_BS = 4484
Blocksize strategy selection process: -0.036228 --> -0.030782, len_BS = 4495
Blocksize strategy selection process: -0.036214 --> -0.030782, len_BS = 4503
Blocksize strategy selection process: -0.036208 --> -0.030782, len_BS = 4522
Blocksize strategy selection process: -0.036194 --> -0.030782, len_BS = 4530
Blocksize strategy selection process: -0.036188 --> -0.030782, len_BS = 4550
Blocksize strategy selection process: -0.036182 --> -0.030782, len_BS = 4560
Blocksize strategy selection process: -0.036168 --> -0.030782, len_BS = 4564
Blocksize strategy selection process: -0.036154 --> -0.030782, len_BS = 4575
Blocksize strategy selection process: -0.036148 --> -0.030782, len_BS = 4594
Blocksize strategy selection process: -0.036134 --> -0.030782, len_BS = 4599
Blocksize strategy selection process: -0.036128 --> -0.030782, len_BS = 4612
Blocksize strategy selection process: -0.036076 --> -0.030782, len_BS = 4617
Blocksize strategy selection process: -0.036075 --> -0.030782, len_BS = 4613
Blocksize strategy selection process: -0.036070 --> -0.030782, len_BS = 4627
Blocksize strategy selection process: -0.036065 --> -0.030782, len_BS = 4632
Blocksize strategy selection process: -0.036060 --> -0.030782, len_BS = 4632
Blocksize strategy selection process: -0.036056 --> -0.030782, len_BS = 4632
Blocksize strategy selection process: -0.036051 --> -0.030782, len_BS = 4632
Blocksize strategy selection process: -0.036047 --> -0.030782, len_BS = 4637
Blocksize strategy selection process: -0.035946 --> -0.030782, len_BS = 4643
Blocksize strategy selection process: -0.035823 --> -0.030782, len_BS = 4625
Blocksize strategy selection process: -0.035742 --> -0.030782, len_BS = 4612
Blocksize strategy selection process: -0.035636 --> -0.030782, len_BS = 4612
Blocksize strategy selection process: -0.035634 --> -0.030782, len_BS = 4600
Blocksize strategy selection process: -0.035630 --> -0.030782, len_BS = 4606
Blocksize strategy selection process: -0.035625 --> -0.030782, len_BS = 4606
Blocksize strategy selection process: -0.035303 --> -0.030782, len_BS = 4606
Blocksize strategy selection process: -0.035291 --> -0.030782, len_BS = 4600
Blocksize strategy selection process: -0.035131 --> -0.030782, len_BS = 4600
Blocksize strategy selection process: -0.035093 --> -0.030782, len_BS = 4601
Blocksize strategy selection process: -0.034918 --> -0.030782, len_BS = 4601
Blocksize strategy selection process: -0.034853 --> -0.030782, len_BS = 4592
Blocksize strategy selection process: -0.034851 --> -0.030782, len_BS = 4592
Blocksize strategy selection process: -0.034842 --> -0.030782, len_BS = 4548
Blocksize strategy selection process: -0.034728 --> -0.030782, len_BS = 4550
Blocksize strategy selection process: -0.034560 --> -0.030782, len_BS = 4540
Blocksize strategy selection process: -0.034464 --> -0.030782, len_BS = 4521
Blocksize strategy selection process: -0.034288 --> -0.030782, len_BS = 4517
Blocksize strategy selection process: -0.034120 --> -0.030782, len_BS = 4507
Blocksize strategy selection process: -0.033949 --> -0.030782, len_BS = 4494
Blocksize strategy selection process: -0.033945 --> -0.030782, len_BS = 4489
Blocksize strategy selection process: -0.033917 --> -0.030782, len_BS = 4489
Blocksize strategy selection process: -0.033897 --> -0.030782, len_BS = 4486
Blocksize strategy selection process: -0.033619 --> -0.030782, len_BS = 4487
Blocksize strategy selection process: -0.033577 --> -0.030782, len_BS = 4479
Blocksize strategy selection process: -0.033526 --> -0.030782, len_BS = 4481
Blocksize strategy selection process: -0.033410 --> -0.030782, len_BS = 4483
Blocksize strategy selection process: -0.033270 --> -0.030782, len_BS = 4484
Blocksize strategy selection process: -0.033268 --> -0.030782, len_BS = 4483
Blocksize strategy selection process: -0.033244 --> -0.030782, len_BS = 4483
Blocksize strategy selection process: -0.033080 --> -0.030782, len_BS = 4484
Blocksize strategy selection process: -0.033020 --> -0.030782, len_BS = 4484
Blocksize strategy selection process: -0.032937 --> -0.030782, len_BS = 4485
Blocksize strategy selection process: -0.032903 --> -0.030782, len_BS = 4486
Blocksize strategy selection process: -0.032862 --> -0.030782, len_BS = 4488
Blocksize strategy selection process: -0.032861 --> -0.030782, len_BS = 4488
Blocksize strategy selection process: -0.032677 --> -0.030782, len_BS = 4489
Blocksize strategy selection process: -0.032599 --> -0.030782, len_BS = 4488
Blocksize strategy selection process: -0.032598 --> -0.030782, len_BS = 4489
Blocksize strategy selection process: -0.032597 --> -0.030782, len_BS = 4489
Blocksize strategy selection process: -0.032595 --> -0.030782, len_BS = 4489
Blocksize strategy selection process: -0.032550 --> -0.030782, len_BS = 4489
Blocksize strategy selection process: -0.032549 --> -0.030782, len_BS = 4489
Blocksize strategy selection process: -0.032547 --> -0.030782, len_BS = 4489
Blocksize strategy selection process: -0.032546 --> -0.030782, len_BS = 4489
Blocksize strategy selection process: -0.032545 --> -0.030782, len_BS = 4489
Blocksize strategy selection process: -0.032542 --> -0.030782, len_BS = 4489
Blocksize strategy selection process: -0.032539 --> -0.030782, len_BS = 4489
Blocksize strategy selection process: -0.032538 --> -0.030782, len_BS = 4489
Blocksize strategy selection process: -0.032536 --> -0.030782, len_BS = 4489
Blocksize strategy selection process: -0.032535 --> -0.030782, len_BS = 4489
Blocksize strategy selection process: -0.032534 --> -0.030782, len_BS = 4489
Blocksize strategy selection process: -0.032533 --> -0.030782, len_BS = 4489
Blocksize strategy selection process: -0.032532 --> -0.030782, len_BS = 4489
Blocksize strategy selection process: -0.032531 --> -0.030782, len_BS = 4489
Blocksize strategy selection process: -0.032528 --> -0.030782, len_BS = 4489
Blocksize strategy selection process: -0.032527 --> -0.030782, len_BS = 4489
Blocksize strategy selection process: -0.032526 --> -0.030782, len_BS = 4489
Blocksize strategy selection process: -0.032525 --> -0.030782, len_BS = 4489
Blocksize strategy selection process: -0.032524 --> -0.030782, len_BS = 4489
Blocksize strategy selection process: -0.032523 --> -0.030782, len_BS = 4489
Blocksize strategy selection process: -0.032475 --> -0.030782, len_BS = 4489
Blocksize strategy selection process: -0.032474 --> -0.030782, len_BS = 4489
Blocksize strategy selection process: -0.032473 --> -0.030782, len_BS = 4489
Blocksize strategy selection process: -0.032467 --> -0.030782, len_BS = 4489
Blocksize strategy selection process: -0.032466 --> -0.030782, len_BS = 4489
Blocksize strategy selection process: -0.032465 --> -0.030782, len_BS = 4489
Blocksize strategy selection process: -0.032464 --> -0.030782, len_BS = 4489
Blocksize strategy selection process: -0.032462 --> -0.030782, len_BS = 4489
Blocksize strategy selection process: -0.032461 --> -0.030782, len_BS = 4489
Blocksize strategy selection process: -0.032460 --> -0.030782, len_BS = 4489
Blocksize strategy selection process: -0.032459 --> -0.030782, len_BS = 4489
Blocksize strategy selection process: -0.032458 --> -0.030782, len_BS = 4489
Blocksize strategy selection process: -0.032457 --> -0.030782, len_BS = 4489
Blocksize strategy selection process: -0.032405 --> -0.030782, len_BS = 4489
Blocksize strategy selection process: -0.032316 --> -0.030782, len_BS = 4489
Blocksize strategy selection process: -0.032197 --> -0.030782, len_BS = 4489
Blocksize strategy selection process: -0.032107 --> -0.030782, len_BS = 4489
Blocksize strategy selection process: -0.032084 --> -0.030782, len_BS = 4489
Blocksize strategy selection process: -0.032043 --> -0.030782, len_BS = 4489
Blocksize strategy selection process: -0.031970 --> -0.030782, len_BS = 4489
Blocksize strategy selection process: -0.031907 --> -0.030782, len_BS = 4489
Blocksize strategy selection process: -0.031838 --> -0.030782, len_BS = 4489
Blocksize strategy selection process: -0.031804 --> -0.030782, len_BS = 4489
Blocksize strategy selection process: -0.031797 --> -0.030782, len_BS = 4489
Blocksize strategy selection process: -0.031787 --> -0.030782, len_BS = 4489
Blocksize strategy selection process: -0.031786 --> -0.030782, len_BS = 4489
Blocksize strategy selection process: -0.031785 --> -0.030782, len_BS = 4489
Blocksize strategy selection process: -0.031681 --> -0.030782, len_BS = 4489
Blocksize strategy selection process: -0.031608 --> -0.030782, len_BS = 4489
Blocksize strategy selection process: -0.031607 --> -0.030782, len_BS = 4489
Blocksize strategy selection process: -0.031594 --> -0.030782, len_BS = 4489
Blocksize strategy selection process: -0.031562 --> -0.030782, len_BS = 4489
Blocksize strategy selection process: -0.031540 --> -0.030782, len_BS = 4489
Blocksize strategy selection process: -0.031454 --> -0.030782, len_BS = 4489
Blocksize strategy selection process: -0.031439 --> -0.030782, len_BS = 4489
Blocksize strategy selection process: -0.031438 --> -0.030782, len_BS = 4489
Blocksize strategy selection process: -0.031387 --> -0.030782, len_BS = 4489
Blocksize strategy selection process: -0.031360 --> -0.030782, len_BS = 4489
Blocksize strategy selection process: -0.031354 --> -0.030782, len_BS = 4489
Blocksize strategy selection process: -0.031353 --> -0.030782, len_BS = 4489
Blocksize strategy selection process: -0.031352 --> -0.030782, len_BS = 4489
Blocksize strategy selection process: -0.031350 --> -0.030782, len_BS = 4489
Blocksize strategy selection process: -0.031348 --> -0.030782, len_BS = 4489
Blocksize strategy selection process: -0.031344 --> -0.030782, len_BS = 4489
Blocksize strategy selection process: -0.031265 --> -0.030782, len_BS = 4489
Blocksize strategy selection process: -0.031261 --> -0.030782, len_BS = 4489
Blocksize strategy selection process: -0.031260 --> -0.030782, len_BS = 4489
Blocksize strategy selection process: -0.031258 --> -0.030782, len_BS = 4489
Blocksize strategy selection process: -0.031256 --> -0.030782, len_BS = 4489
Blocksize strategy selection process: -0.031253 --> -0.030782, len_BS = 4489
Blocksize strategy selection process: -0.031249 --> -0.030782, len_BS = 4489
Blocksize strategy selection process: -0.031245 --> -0.030782, len_BS = 4489
Blocksize strategy selection process: -0.031216 --> -0.030782, len_BS = 4489
Blocksize strategy selection process: -0.031213 --> -0.030782, len_BS = 4489
Blocksize strategy selection process: -0.031210 --> -0.030782, len_BS = 4489
Blocksize strategy selection process: -0.031208 --> -0.030782, len_BS = 4489
Blocksize strategy selection process: -0.031205 --> -0.030782, len_BS = 4489
Blocksize strategy selection process: -0.031203 --> -0.030782, len_BS = 4489
Blocksize strategy selection process: -0.031175 --> -0.030782, len_BS = 4489
Blocksize strategy selection process: -0.031169 --> -0.030782, len_BS = 4489
Blocksize strategy selection process: -0.031167 --> -0.030782, len_BS = 4489
Blocksize strategy selection process: -0.031163 --> -0.030782, len_BS = 4489
Blocksize strategy selection process: -0.031160 --> -0.030782, len_BS = 4489
Blocksize strategy selection process: -0.031159 --> -0.030782, len_BS = 4489
Blocksize strategy selection process: -0.031158 --> -0.030782, len_BS = 4489
Blocksize strategy selection process: -0.031157 --> -0.030782, len_BS = 4489
Blocksize strategy selection process: -0.031135 --> -0.030782, len_BS = 4489
Blocksize strategy selection process: -0.031132 --> -0.030782, len_BS = 4489
Blocksize strategy selection process: -0.031124 --> -0.030782, len_BS = 4489
Blocksize strategy selection process: -0.031097 --> -0.030782, len_BS = 4489
Blocksize strategy selection process: -0.031061 --> -0.030782, len_BS = 4489
Blocksize strategy selection process: -0.031027 --> -0.030782, len_BS = 4489
Blocksize strategy selection process: -0.030995 --> -0.030782, len_BS = 4489
Blocksize strategy selection process: -0.030981 --> -0.030782, len_BS = 4489
Blocksize strategy selection process: -0.030980 --> -0.030782, len_BS = 4489
Blocksize strategy selection process: -0.030979 --> -0.030782, len_BS = 4489
Blocksize strategy selection process: -0.030978 --> -0.030782, len_BS = 4489
Blocksize strategy selection process: -0.030977 --> -0.030782, len_BS = 4489
Blocksize strategy selection process: -0.030976 --> -0.030782, len_BS = 4489
Blocksize strategy selection process: -0.030975 --> -0.030782, len_BS = 4489
Blocksize strategy selection process: -0.030974 --> -0.030782, len_BS = 4489
Blocksize strategy selection process: -0.030973 --> -0.030782, len_BS = 4489
Blocksize strategy selection process: -0.030972 --> -0.030782, len_BS = 4489
Blocksize strategy selection process: -0.030971 --> -0.030782, len_BS = 4489
Blocksize strategy selection process: -0.030970 --> -0.030782, len_BS = 4489
Blocksize strategy selection process: -0.030969 --> -0.030782, len_BS = 4489
Blocksize strategy selection process: -0.030968 --> -0.030782, len_BS = 4489
Blocksize strategy selection process: -0.030967 --> -0.030782, len_BS = 4489
Blocksize strategy selection process: -0.030953 --> -0.030782, len_BS = 4489
Blocksize strategy selection process: -0.030952 --> -0.030782, len_BS = 4489
Blocksize strategy selection process: -0.030951 --> -0.030782, len_BS = 4489
Blocksize strategy selection process: -0.030950 --> -0.030782, len_BS = 4489
Blocksize strategy selection process: -0.030949 --> -0.030782, len_BS = 4489
Blocksize strategy selection process: -0.030948 --> -0.030782, len_BS = 4489
Blocksize strategy selection process: -0.030947 --> -0.030782, len_BS = 4489
Blocksize strategy selection process: -0.030946 --> -0.030782, len_BS = 4489
Blocksize strategy selection process: -0.030945 --> -0.030782, len_BS = 4489
Blocksize strategy selection process: -0.030944 --> -0.030782, len_BS = 4489
Blocksize strategy selection process: -0.030943 --> -0.030782, len_BS = 4489
Blocksize strategy selection process: -0.030942 --> -0.030782, len_BS = 4489
Blocksize strategy selection process: -0.030941 --> -0.030782, len_BS = 4489
Blocksize strategy selection process: -0.030927 --> -0.030782, len_BS = 4489
Blocksize strategy selection process: -0.030926 --> -0.030782, len_BS = 4489
Blocksize strategy selection process: -0.030925 --> -0.030782, len_BS = 4489
Blocksize strategy selection process: -0.030924 --> -0.030782, len_BS = 4489
Blocksize strategy selection process: -0.030923 --> -0.030782, len_BS = 4489
Blocksize strategy selection process: -0.030922 --> -0.030782, len_BS = 4489
Blocksize strategy selection process: -0.030921 --> -0.030782, len_BS = 4489
Blocksize strategy selection process: -0.030920 --> -0.030782, len_BS = 4489
Blocksize strategy selection process: -0.030919 --> -0.030782, len_BS = 4489
Blocksize strategy selection process: -0.030918 --> -0.030782, len_BS = 4489
Blocksize strategy selection process: -0.030917 --> -0.030782, len_BS = 4489
Blocksize strategy selection process: -0.030916 --> -0.030782, len_BS = 4489
Blocksize strategy selection process: -0.030903 --> -0.030782, len_BS = 4489
Blocksize strategy selection process: -0.030902 --> -0.030782, len_BS = 4489
Blocksize strategy selection process: -0.030901 --> -0.030782, len_BS = 4489
Blocksize strategy selection process: -0.030900 --> -0.030782, len_BS = 4489
Blocksize strategy selection process: -0.030899 --> -0.030782, len_BS = 4489
Blocksize strategy selection process: -0.030898 --> -0.030782, len_BS = 4489
Blocksize strategy selection process: -0.030897 --> -0.030782, len_BS = 4489
Blocksize strategy selection process: -0.030896 --> -0.030782, len_BS = 4489
Blocksize strategy selection process: -0.030895 --> -0.030782, len_BS = 4489
Blocksize strategy selection process: -0.030894 --> -0.030782, len_BS = 4489
Blocksize strategy selection process: -0.030893 --> -0.030782, len_BS = 4489
Blocksize strategy selection process: -0.030881 --> -0.030782, len_BS = 4489
Blocksize strategy selection process: -0.030880 --> -0.030782, len_BS = 4489
Blocksize strategy selection process: -0.030879 --> -0.030782, len_BS = 4489
Blocksize strategy selection process: -0.030878 --> -0.030782, len_BS = 4489
Blocksize strategy selection process: -0.030877 --> -0.030782, len_BS = 4489
Blocksize strategy selection process: -0.030876 --> -0.030782, len_BS = 4489
Blocksize strategy selection process: -0.030875 --> -0.030782, len_BS = 4489
Blocksize strategy selection process: -0.030874 --> -0.030782, len_BS = 4489
Blocksize strategy selection process: -0.030873 --> -0.030782, len_BS = 4489
Blocksize strategy selection process: -0.030872 --> -0.030782, len_BS = 4489
Blocksize strategy selection process: -0.030861 --> -0.030782, len_BS = 4489
Blocksize strategy selection process: -0.030860 --> -0.030782, len_BS = 4489
Blocksize strategy selection process: -0.030859 --> -0.030782, len_BS = 4489
Blocksize strategy selection process: -0.030858 --> -0.030782, len_BS = 4489
Blocksize strategy selection process: -0.030857 --> -0.030782, len_BS = 4489
Blocksize strategy selection process: -0.030856 --> -0.030782, len_BS = 4489
Blocksize strategy selection process: -0.030855 --> -0.030782, len_BS = 4489
Blocksize strategy selection process: -0.030854 --> -0.030782, len_BS = 4489
Blocksize strategy selection process: -0.030853 --> -0.030782, len_BS = 4489
Blocksize strategy selection process: -0.030843 --> -0.030782, len_BS = 4489
Blocksize strategy selection process: -0.030842 --> -0.030782, len_BS = 4489
Blocksize strategy selection process: -0.030841 --> -0.030782, len_BS = 4489
Blocksize strategy selection process: -0.030840 --> -0.030782, len_BS = 4489
Blocksize strategy selection process: -0.030839 --> -0.030782, len_BS = 4489
Blocksize strategy selection process: -0.030838 --> -0.030782, len_BS = 4489
Blocksize strategy selection process: -0.030837 --> -0.030782, len_BS = 4489
Blocksize strategy selection process: -0.030836 --> -0.030782, len_BS = 4489
Blocksize strategy selection process: -0.030835 --> -0.030782, len_BS = 4489
Blocksize strategy selection process: -0.030827 --> -0.030782, len_BS = 4489
Blocksize strategy selection process: -0.030826 --> -0.030782, len_BS = 4489
Blocksize strategy selection process: -0.030825 --> -0.030782, len_BS = 4489
Blocksize strategy selection process: -0.030824 --> -0.030782, len_BS = 4489
Blocksize strategy selection process: -0.030823 --> -0.030782, len_BS = 4489
Blocksize strategy selection process: -0.030822 --> -0.030782, len_BS = 4489
Blocksize strategy selection process: -0.030821 --> -0.030782, len_BS = 4489
Blocksize strategy selection process: -0.030820 --> -0.030782, len_BS = 4489
Blocksize strategy selection process: -0.030813 --> -0.030782, len_BS = 4489
Blocksize strategy selection process: -0.030812 --> -0.030782, len_BS = 4489
Blocksize strategy selection process: -0.030811 --> -0.030782, len_BS = 4489
Blocksize strategy selection process: -0.030810 --> -0.030782, len_BS = 4489
Blocksize strategy selection process: -0.030809 --> -0.030782, len_BS = 4489
Blocksize strategy selection process: -0.030808 --> -0.030782, len_BS = 4489
Blocksize strategy selection process: -0.030807 --> -0.030782, len_BS = 4489
Blocksize strategy selection process: -0.030802 --> -0.030782, len_BS = 4489
Blocksize strategy selection process: -0.030801 --> -0.030782, len_BS = 4489
Blocksize strategy selection process: -0.030800 --> -0.030782, len_BS = 4489
Blocksize strategy selection process: -0.030799 --> -0.030782, len_BS = 4489
Blocksize strategy selection process: -0.030798 --> -0.030782, len_BS = 4489
Blocksize strategy selection process: -0.030797 --> -0.030782, len_BS = 4489
Blocksize strategy selection process: -0.030796 --> -0.030782, len_BS = 4489
Blocksize strategy selection process: -0.030795 --> -0.030782, len_BS = 4489
Blocksize strategy selection process: -0.030791 --> -0.030782, len_BS = 4489
Blocksize strategy selection process: -0.030790 --> -0.030782, len_BS = 4489
Blocksize strategy selection process: -0.030789 --> -0.030782, len_BS = 4489
Blocksize strategy selection process: -0.030788 --> -0.030782, len_BS = 4489
Blocksize strategy selection process: -0.030787 --> -0.030782, len_BS = 4489
Blocksize strategy selection process: -0.030785 --> -0.030782, len_BS = 4489
Blocksize strategy selection process: -0.030784 --> -0.030782, len_BS = 4489
Blocksize strategy selection process: -0.030783 --> -0.030782, len_BS = 4489
Blocksize strategy selection process: -0.030782 --> -0.030782, len_BS = 4489
len(BS) = 4489
Time cost for generating Strategy: 284.730988 s
[14.756767425993429,14.756767425993429,14.756767425993429,14.756767425993429,14.756767425993429,14.756767425993429,14.756767425993429,14.756767425993429,14.756767425993429,14.756767425993429,14.756767425993429,14.756767425993429,14.756767425993429,14.756767425993429,14.756767425993429,14.756767425993429,14.744672959054455,14.707021693904565,14.669376291121422,14.631733758635743,14.594091068240074,14.556445153951483,14.51879291031327,14.481131190633628,14.443456805159249,14.40576651918199,14.368057051076887,14.330325070270051,14.29256719513526,14.254779990818536,14.216959966990458,14.17910357552673,14.141207208118308,14.10326719381356,14.065279796496315,14.027241212305348,13.98919332694459,13.951318866390922,13.913477260033545,13.875636267484506,13.837747324204619,13.799792095461362,13.761772969427748,13.723673527204404,13.68553610478837,13.647303052010544,13.608997549837785,13.570575781114611,13.532098583143732,13.493505824408755,13.454810946114904,13.416001646781421,13.377088831474769,13.338065289196498,13.298913907695574,13.259652917096512,13.220255507803188,13.18073334645903,13.141059390675958,13.10126072985438,13.06131764151994,13.021221613646246,12.98096001515453,12.940539030209978,12.899974673325994,12.859244135543804,12.818376186164956,12.777319150053781,12.736089805073046,12.694691252474225,12.653098345580156,12.61134606292888,12.569387057709378,12.527250681563574,12.484947345144272,12.442457070262012,12.399765872930626,12.356897546382688,12.31387559550229,12.270845614532325,12.227953620312963,12.202707324445415,12.177315816478972,12.151777195134649,12.126089519996109,12.100250810412934,12.07425904436527,12.048112157288172,12.021808040853994,11.995344541711022,11.968719460176455,11.941930548881821,11.914975511368738,11.887852000632856,11.86055761761378,11.833089909628493,11.805446368745905,11.777624430099824,11.749621470137646,11.721434804801909,11.693061687641617,11.664499307850221,11.635744788226914,11.606795183057733,11.577647475912793,11.548298577355817,11.518745322561905,11.48898446883931,11.459012693050754,11.428826588929615,11.398422664286105,11.367797338098287,11.336946937482542,11.305867694537897,11.274555743058238,11.243007115106332,11.211217737443143,11.17918342780575,11.146899891026829,11.114362714988438,11.081567366402455,11.048509186409829,11.01518338599051,10.98158504117558,10.947709088052989,10.91355031755798,10.879103370039143,10.844362729590916,10.809322718143262,10.773977489299263,10.738321021911444,10.702347113387964,10.666049372720064,10.629421213222868,10.592455844982359,10.555146267002542,10.517485259048186,10.479465373180588,10.441078924986146,10.40231798450074,10.363174366836892,10.323639622525558,10.283705027590726,10.243361573382654,10.202599956205104,10.161410566783955,10.119783479639135,10.077708442439969,10.03517486544667,9.992171811168216,9.948687984401479,9.904711722858863,9.865584901802153,9.847827718870972,9.813797199283488,9.776027408501651,9.732576180443226,9.68693183794927,9.6415006262343,9.594084506002163,9.551541381233973,9.50221520648847,9.45550557450306,9.403596885932213,9.358689895227238,9.306692087857106,9.256151340733798,9.204069200802728,9.153148532608812,9.101280661622832,9.047299930294086,8.995324284310701,8.940102306483,8.886108907242686,8.828826796544998,8.774562351257243,8.717865671430554,8.660028657003638,8.60056086682083,8.541651053347769,8.484455551489516,8.424448029515428,8.367640334924111,8.304649237862993,8.243432064013236,8.182405427716576,8.118267422573743,8.058027552086314,7.992088728952922,7.929377325355681,7.867706597210749,7.803531460625682,7.73753325919541,7.674117943527679,7.613275570081651,7.569314098722207,7.542428567572806]
MinStrategy is: [73, 92, 117] + pump(24,173,39) , ['73 * 1 (-0.047516) , cost = 2361.0951 s', '92 * 1 (-0.040919) , cost = 4527.4715 s', '117 * 1 (-0.036545) , cost = 10696.0991 s'] + pump(24,173,39)
[73,92,117]
Time cost for pnj-BKZ = 4.88 h,
Time cost for pump = 7.61 h,
Total time cost = 12.50 h.
