New Strategy:
n = 45, alpha = 0.03, q = 2027, jump = 1, goal_margin = 1.50, MAX_TIME = inf h
[15.228624292904, 15.228624292904, 15.228624292904, 15.228624292904, 15.228624292904, 15.228624292904, 15.228624292904, 15.228624292904, 15.228624292904, 15.228624292904, 15.228624292904, 15.228624292904, 15.228624292904, 15.228624292904, 15.228624292904, 15.228624292904, 15.228624292904, 15.228624292904, 15.228624292904, 15.228624292904, 15.228624292904, 15.228624292904, 15.228624292904, 15.228624292904, 15.228624292904, 15.228624292904, 15.228624292904, 15.228624292904, 15.228624292904, 15.228624292904, 15.228624292904, 15.228624292904, 15.228624292904, 15.228624292904, 15.228624292904, 15.228624292904, 15.228624292904, 15.228624292904, 15.228624292904, 15.228624292904, 15.228624292904, 15.228624292904, 15.228624292904, 15.228624292904, 15.228624292904, 15.228624292904, 15.228624292904, 15.228624292904, 15.228624292904, 15.228624292904, 15.228624292904, 15.228624292904, 15.228624292904, 15.228624292904, 15.228624292904, 15.228624292904, 15.228624292904, 15.228624292904, 15.228624292904, 15.228624292904, 15.228624292904, 15.228624292904, 15.228624292904, 15.228624292904, 15.228624292904, 15.228624292904, 15.228624292904, 15.228624292904, 15.228624292904, 15.228624292904, 15.228624292904, 15.228624292904, 15.228624292904, 15.228624292904, 15.228624292904, 15.228624292904, 15.228624292904, 15.228624292904, 15.228624292904, 15.228624292904, 15.228624292904, 15.228624292904, 15.228624292904, 15.228624292904, 15.228624292904, 15.228624292904, 15.228624292904, 15.228624292904, 15.228624292904, 15.228624292904, 15.228624292904, 15.228624292904, 15.228624292904, 15.228624292904, 15.12229650614977, 14.96123834708801, 14.966613864663556, 14.76363615576185, 15.123362545180417, 14.951123991691661, 14.916105658837543, 14.76227420086167, 14.604725785717083, 14.526391825830752, 14.466710973324364, 14.349752522940753, 14.46051234214548, 14.352908401820482, 14.252721407675882, 14.150294730294634, 13.99130181175751, 14.165182114721674, 13.873190511552075, 13.859637600884136, 13.6726513919139, 13.5571148121611, 13.36795606808778, 13.275075154750441, 13.133769623585007, 13.022765647794586, 12.980024279009541, 13.037903065533428, 12.858032680430346, 12.780483367062619, 12.577428109593315, 12.376507235107232, 12.498461026376853, 12.415744237183201, 12.240739260137735, 12.302267046393057, 12.228556751198914, 12.050196244990582, 11.957685648688031, 11.90799619375099, 11.88904426492237, 11.674091595898336, 11.607095762107397, 11.389614983955948, 11.220510386101463, 11.133380437135445, 11.15225762183125, 11.076740950899282, 10.860236902458892, 10.742763740312368, 10.636066168292949, 10.425732482978916, 10.374886698148249, 10.541559315247365, 10.521763863828925, 10.326331674714451, 10.177091179234191, 10.277257653634956, 10.305226238127599, 10.147973705764391, 10.068078467736994, 9.916733310213077, 9.778607066974201, 9.664503970357352, 9.588179960808562, 9.367620223967696, 9.429236874989128, 9.23282918769586, 9.038171448772413, 8.935317269207099, 8.737709324285786, 9.107988087356297, 9.03746905401627, 8.841321438451745, 8.595016967383195, 8.571284156980248, 8.574427961077296, 8.420660500719187, 8.227833867355558, 8.07942429649353, 8.143532191644418, 7.963972273843114, 7.919897170209779, 7.7391845636452965, 7.561719900934082, 7.5356638951848165, 7.5855656531125994, 7.603092511634301, 7.399108658043222, 7.200211461015071, 7.186855268568921, 7.081362778782186, 6.903383979452144, 7.0716001526276315, 7.072859359142906, 6.937367839881751, 6.811165817792286, 6.814083385960585, 6.6296202707438425, 6.5660363717639205, 6.396779805458672, 6.223286830744549, 6.179859815070585, 6.1657677151510555, 6.022058682921168, 6.125702218260735, 6.086384609201895, 5.829428595282275, 5.955989098180963, 5.917798072354761, 5.6982692540326925, 5.448285251097912, 5.4677012173538895, 5.3616380217505615, 5.21741442776567, 5.034402991902989, 5.015336251298771, 4.904293725645407, 4.966283817542022, 4.846004898840835, 4.7802054743101845, 4.787373843545504, 4.694089605364792, 4.613900353749423, 4.625220276830633, 4.451755174816858, 4.423675418884387]
Blocksize strategy selection process: -0.053380 --> -0.053380, len_BS = 1
Blocksize strategy selection process: -0.043943 --> -0.028900, len_BS = 130
Blocksize strategy selection process: -0.043783 --> -0.028899, len_BS = 219
Blocksize strategy selection process: -0.043625 --> -0.028899, len_BS = 287
Blocksize strategy selection process: -0.043465 --> -0.028899, len_BS = 354
Blocksize strategy selection process: -0.043307 --> -0.028899, len_BS = 415
Blocksize strategy selection process: -0.039885 --> -0.028899, len_BS = 474
Blocksize strategy selection process: -0.039782 --> -0.028898, len_BS = 530
Blocksize strategy selection process: -0.039717 --> -0.028898, len_BS = 596
Blocksize strategy selection process: -0.039678 --> -0.028898, len_BS = 633
Blocksize strategy selection process: -0.039615 --> -0.028898, len_BS = 678
Blocksize strategy selection process: -0.039574 --> -0.028898, len_BS = 722
Blocksize strategy selection process: -0.039551 --> -0.028898, len_BS = 772
Blocksize strategy selection process: -0.039511 --> -0.028898, len_BS = 772
Blocksize strategy selection process: -0.039469 --> -0.028898, len_BS = 808
Blocksize strategy selection process: -0.039449 --> -0.028898, len_BS = 858
Blocksize strategy selection process: -0.039408 --> -0.028898, len_BS = 858
Blocksize strategy selection process: -0.037765 --> -0.028898, len_BS = 898
Blocksize strategy selection process: -0.037719 --> -0.028898, len_BS = 852
Blocksize strategy selection process: -0.037658 --> -0.028898, len_BS = 884
Blocksize strategy selection process: -0.037613 --> -0.028898, len_BS = 932
Blocksize strategy selection process: -0.037568 --> -0.028898, len_BS = 969
Blocksize strategy selection process: -0.036791 --> -0.028898, len_BS = 999
Blocksize strategy selection process: -0.036761 --> -0.028898, len_BS = 1050
Blocksize strategy selection process: -0.036746 --> -0.028898, len_BS = 1076
Blocksize strategy selection process: -0.036702 --> -0.028898, len_BS = 1092
Blocksize strategy selection process: -0.036672 --> -0.028898, len_BS = 1131
Blocksize strategy selection process: -0.036658 --> -0.028898, len_BS = 1159
Blocksize strategy selection process: -0.036612 --> -0.028898, len_BS = 1172
Blocksize strategy selection process: -0.035889 --> -0.028898, len_BS = 1222
Blocksize strategy selection process: -0.035864 --> -0.028898, len_BS = 1216
Blocksize strategy selection process: -0.035852 --> -0.028898, len_BS = 1252
Blocksize strategy selection process: -0.035840 --> -0.028898, len_BS = 1275
Blocksize strategy selection process: -0.035829 --> -0.028898, len_BS = 1303
Blocksize strategy selection process: -0.035816 --> -0.028898, len_BS = 1326
Blocksize strategy selection process: -0.035804 --> -0.028898, len_BS = 1347
Blocksize strategy selection process: -0.035791 --> -0.028898, len_BS = 1379
Blocksize strategy selection process: -0.035780 --> -0.028898, len_BS = 1401
Blocksize strategy selection process: -0.035408 --> -0.028898, len_BS = 1421
Blocksize strategy selection process: -0.035400 --> -0.028898, len_BS = 1376
Blocksize strategy selection process: -0.035384 --> -0.028898, len_BS = 1405
Blocksize strategy selection process: -0.035377 --> -0.028898, len_BS = 1433
Blocksize strategy selection process: -0.035369 --> -0.028898, len_BS = 1453
Blocksize strategy selection process: -0.035237 --> -0.028898, len_BS = 1471
Blocksize strategy selection process: -0.035231 --> -0.028898, len_BS = 1457
Blocksize strategy selection process: -0.035229 --> -0.028898, len_BS = 1479
Blocksize strategy selection process: -0.035217 --> -0.028898, len_BS = 1485
Blocksize strategy selection process: -0.035212 --> -0.028898, len_BS = 1523
Blocksize strategy selection process: -0.035210 --> -0.028898, len_BS = 1545
Blocksize strategy selection process: -0.035159 --> -0.028898, len_BS = 1555
Blocksize strategy selection process: -0.035154 --> -0.028898, len_BS = 1606
Blocksize strategy selection process: -0.035152 --> -0.028898, len_BS = 1631
Blocksize strategy selection process: -0.035140 --> -0.028898, len_BS = 1637
Blocksize strategy selection process: -0.035135 --> -0.028898, len_BS = 1672
Blocksize strategy selection process: -0.035133 --> -0.028898, len_BS = 1690
Blocksize strategy selection process: -0.035121 --> -0.028898, len_BS = 1695
Blocksize strategy selection process: -0.035044 --> -0.028898, len_BS = 1722
Blocksize strategy selection process: -0.035040 --> -0.028898, len_BS = 1772
Blocksize strategy selection process: -0.035038 --> -0.028898, len_BS = 1784
Blocksize strategy selection process: -0.035036 --> -0.028898, len_BS = 1792
Blocksize strategy selection process: -0.035034 --> -0.028898, len_BS = 1799
Blocksize strategy selection process: -0.035032 --> -0.028898, len_BS = 1806
Blocksize strategy selection process: -0.035030 --> -0.028898, len_BS = 1818
Blocksize strategy selection process: -0.035027 --> -0.028898, len_BS = 1824
Blocksize strategy selection process: -0.035026 --> -0.028898, len_BS = 1831
Blocksize strategy selection process: -0.034956 --> -0.028898, len_BS = 1835
Blocksize strategy selection process: -0.034935 --> -0.028898, len_BS = 1873
Blocksize strategy selection process: -0.034934 --> -0.028898, len_BS = 1881
Blocksize strategy selection process: -0.034891 --> -0.028898, len_BS = 1882
Blocksize strategy selection process: -0.034890 --> -0.028898, len_BS = 1928
Blocksize strategy selection process: -0.034888 --> -0.028898, len_BS = 1933
Blocksize strategy selection process: -0.034886 --> -0.028898, len_BS = 1946
Blocksize strategy selection process: -0.034885 --> -0.028898, len_BS = 1951
Blocksize strategy selection process: -0.034743 --> -0.028898, len_BS = 1955
Blocksize strategy selection process: -0.034742 --> -0.028898, len_BS = 1902
Blocksize strategy selection process: -0.034741 --> -0.028898, len_BS = 1948
Blocksize strategy selection process: -0.034740 --> -0.028898, len_BS = 1954
Blocksize strategy selection process: -0.034719 --> -0.028898, len_BS = 1955
Blocksize strategy selection process: -0.034718 --> -0.028898, len_BS = 1959
Blocksize strategy selection process: -0.034716 --> -0.028898, len_BS = 1965
Blocksize strategy selection process: -0.034715 --> -0.028898, len_BS = 1976
Blocksize strategy selection process: -0.034673 --> -0.028898, len_BS = 1978
Blocksize strategy selection process: -0.034672 --> -0.028898, len_BS = 2030
Blocksize strategy selection process: -0.034670 --> -0.028898, len_BS = 2034
Blocksize strategy selection process: -0.034668 --> -0.028898, len_BS = 2044
Blocksize strategy selection process: -0.034667 --> -0.028898, len_BS = 2046
Blocksize strategy selection process: -0.034647 --> -0.028898, len_BS = 2055
Blocksize strategy selection process: -0.034646 --> -0.028898, len_BS = 2095
Blocksize strategy selection process: -0.034644 --> -0.028898, len_BS = 2097
Blocksize strategy selection process: -0.034643 --> -0.028898, len_BS = 2101
Blocksize strategy selection process: -0.034600 --> -0.028898, len_BS = 2106
Blocksize strategy selection process: -0.034599 --> -0.028898, len_BS = 2148
Blocksize strategy selection process: -0.034596 --> -0.028898, len_BS = 2155
Blocksize strategy selection process: -0.034595 --> -0.028898, len_BS = 2162
Blocksize strategy selection process: -0.034594 --> -0.028898, len_BS = 2166
Blocksize strategy selection process: -0.034574 --> -0.028898, len_BS = 2170
Blocksize strategy selection process: -0.034573 --> -0.028898, len_BS = 2210
Blocksize strategy selection process: -0.034571 --> -0.028898, len_BS = 2212
Blocksize strategy selection process: -0.034570 --> -0.028898, len_BS = 2220
Blocksize strategy selection process: -0.034526 --> -0.028898, len_BS = 2222
Blocksize strategy selection process: -0.034525 --> -0.028898, len_BS = 2244
Blocksize strategy selection process: -0.034522 --> -0.028898, len_BS = 2248
Blocksize strategy selection process: -0.034521 --> -0.028898, len_BS = 2253
Blocksize strategy selection process: -0.034520 --> -0.028898, len_BS = 2254
Blocksize strategy selection process: -0.034501 --> -0.028898, len_BS = 2257
Blocksize strategy selection process: -0.034500 --> -0.028898, len_BS = 2301
Blocksize strategy selection process: -0.034498 --> -0.028898, len_BS = 2302
Blocksize strategy selection process: -0.034497 --> -0.028898, len_BS = 2305
Blocksize strategy selection process: -0.034452 --> -0.028898, len_BS = 2309
Blocksize strategy selection process: -0.034450 --> -0.028898, len_BS = 2338
Blocksize strategy selection process: -0.034446 --> -0.028898, len_BS = 2339
Blocksize strategy selection process: -0.034427 --> -0.028898, len_BS = 2356
Blocksize strategy selection process: -0.034426 --> -0.028898, len_BS = 2396
Blocksize strategy selection process: -0.034425 --> -0.028898, len_BS = 2400
Blocksize strategy selection process: -0.034424 --> -0.028898, len_BS = 2405
Blocksize strategy selection process: -0.034423 --> -0.028898, len_BS = 2407
Blocksize strategy selection process: -0.034293 --> -0.028898, len_BS = 2407
Blocksize strategy selection process: -0.034290 --> -0.028898, len_BS = 2380
Blocksize strategy selection process: -0.034288 --> -0.028898, len_BS = 2389
Blocksize strategy selection process: -0.034287 --> -0.028898, len_BS = 2395
Blocksize strategy selection process: -0.034285 --> -0.028898, len_BS = 2401
Blocksize strategy selection process: -0.034283 --> -0.028898, len_BS = 2408
Blocksize strategy selection process: -0.034282 --> -0.028898, len_BS = 2414
Blocksize strategy selection process: -0.034280 --> -0.028898, len_BS = 2417
Blocksize strategy selection process: -0.034279 --> -0.028898, len_BS = 2419
Blocksize strategy selection process: -0.034217 --> -0.028898, len_BS = 2419
Blocksize strategy selection process: -0.034213 --> -0.028898, len_BS = 2443
Blocksize strategy selection process: -0.034212 --> -0.028898, len_BS = 2452
Blocksize strategy selection process: -0.034210 --> -0.028898, len_BS = 2452
Blocksize strategy selection process: -0.034209 --> -0.028898, len_BS = 2458
Blocksize strategy selection process: -0.034207 --> -0.028898, len_BS = 2469
Blocksize strategy selection process: -0.034205 --> -0.028898, len_BS = 2469
Blocksize strategy selection process: -0.034204 --> -0.028898, len_BS = 2486
Blocksize strategy selection process: -0.034202 --> -0.028898, len_BS = 2486
Blocksize strategy selection process: -0.034201 --> -0.028898, len_BS = 2486
Blocksize strategy selection process: -0.034192 --> -0.028898, len_BS = 2486
Blocksize strategy selection process: -0.034191 --> -0.028898, len_BS = 2486
Blocksize strategy selection process: -0.034189 --> -0.028898, len_BS = 2486
Blocksize strategy selection process: -0.034188 --> -0.028898, len_BS = 2486
Blocksize strategy selection process: -0.034187 --> -0.028898, len_BS = 2488
Blocksize strategy selection process: -0.034180 --> -0.028898, len_BS = 2493
Blocksize strategy selection process: -0.034179 --> -0.028898, len_BS = 2516
Blocksize strategy selection process: -0.034178 --> -0.028898, len_BS = 2517
Blocksize strategy selection process: -0.034051 --> -0.028898, len_BS = 2518
Blocksize strategy selection process: -0.034049 --> -0.028898, len_BS = 2449
Blocksize strategy selection process: -0.034031 --> -0.028898, len_BS = 2454
Blocksize strategy selection process: -0.034030 --> -0.028898, len_BS = 2454
Blocksize strategy selection process: -0.034029 --> -0.028898, len_BS = 2455
Blocksize strategy selection process: -0.034017 --> -0.028898, len_BS = 2457
Blocksize strategy selection process: -0.034009 --> -0.028898, len_BS = 2473
Blocksize strategy selection process: -0.034008 --> -0.028898, len_BS = 2488
Blocksize strategy selection process: -0.033986 --> -0.028898, len_BS = 2488
Blocksize strategy selection process: -0.033985 --> -0.028898, len_BS = 2513
Blocksize strategy selection process: -0.033983 --> -0.028898, len_BS = 2515
Blocksize strategy selection process: -0.033982 --> -0.028898, len_BS = 2519
Blocksize strategy selection process: -0.033894 --> -0.028898, len_BS = 2519
Blocksize strategy selection process: -0.033893 --> -0.028898, len_BS = 2508
Blocksize strategy selection process: -0.033892 --> -0.028898, len_BS = 2509
Blocksize strategy selection process: -0.033891 --> -0.028898, len_BS = 2511
Blocksize strategy selection process: -0.033819 --> -0.028898, len_BS = 2512
Blocksize strategy selection process: -0.033818 --> -0.028898, len_BS = 2510
Blocksize strategy selection process: -0.033808 --> -0.028898, len_BS = 2510
Blocksize strategy selection process: -0.033807 --> -0.028898, len_BS = 2533
Blocksize strategy selection process: -0.033755 --> -0.028898, len_BS = 2534
Blocksize strategy selection process: -0.033742 --> -0.028898, len_BS = 2548
Blocksize strategy selection process: -0.033680 --> -0.028898, len_BS = 2576
Blocksize strategy selection process: -0.033679 --> -0.028898, len_BS = 2572
Blocksize strategy selection process: -0.033669 --> -0.028898, len_BS = 2572
Blocksize strategy selection process: -0.033668 --> -0.028898, len_BS = 2594
Blocksize strategy selection process: -0.033667 --> -0.028898, len_BS = 2603
Blocksize strategy selection process: -0.033617 --> -0.028898, len_BS = 2603
Blocksize strategy selection process: -0.033607 --> -0.028898, len_BS = 2629
Blocksize strategy selection process: -0.033606 --> -0.028898, len_BS = 2646
Blocksize strategy selection process: -0.033604 --> -0.028898, len_BS = 2647
Blocksize strategy selection process: -0.033597 --> -0.028898, len_BS = 2650
Blocksize strategy selection process: -0.033596 --> -0.028898, len_BS = 2662
Blocksize strategy selection process: -0.033594 --> -0.028898, len_BS = 2662
Blocksize strategy selection process: -0.033593 --> -0.028898, len_BS = 2664
Blocksize strategy selection process: -0.033586 --> -0.028898, len_BS = 2664
Blocksize strategy selection process: -0.033584 --> -0.028898, len_BS = 2676
Blocksize strategy selection process: -0.033583 --> -0.028898, len_BS = 2681
Blocksize strategy selection process: -0.033576 --> -0.028898, len_BS = 2681
Blocksize strategy selection process: -0.033533 --> -0.028898, len_BS = 2694
Blocksize strategy selection process: -0.033530 --> -0.028898, len_BS = 2712
Blocksize strategy selection process: -0.033442 --> -0.028898, len_BS = 2716
Blocksize strategy selection process: -0.033291 --> -0.028898, len_BS = 2704
Blocksize strategy selection process: -0.033208 --> -0.028898, len_BS = 2657
Blocksize strategy selection process: -0.033167 --> -0.028898, len_BS = 2643
Blocksize strategy selection process: -0.033166 --> -0.028898, len_BS = 2659
Blocksize strategy selection process: -0.033164 --> -0.028898, len_BS = 2662
Blocksize strategy selection process: -0.033163 --> -0.028898, len_BS = 2665
Blocksize strategy selection process: -0.033162 --> -0.028898, len_BS = 2656
Blocksize strategy selection process: -0.033160 --> -0.028898, len_BS = 2656
Blocksize strategy selection process: -0.033154 --> -0.028898, len_BS = 2656
Blocksize strategy selection process: -0.033153 --> -0.028898, len_BS = 2656
Blocksize strategy selection process: -0.033065 --> -0.028898, len_BS = 2656
Blocksize strategy selection process: -0.033064 --> -0.028898, len_BS = 2660
Blocksize strategy selection process: -0.033012 --> -0.028898, len_BS = 2661
Blocksize strategy selection process: -0.032914 --> -0.028898, len_BS = 2678
Blocksize strategy selection process: -0.032913 --> -0.028898, len_BS = 2677
Blocksize strategy selection process: -0.032858 --> -0.028898, len_BS = 2688
Blocksize strategy selection process: -0.032857 --> -0.028898, len_BS = 2701
Blocksize strategy selection process: -0.032799 --> -0.028898, len_BS = 2703
Blocksize strategy selection process: -0.032792 --> -0.028898, len_BS = 2714
Blocksize strategy selection process: -0.032789 --> -0.028898, len_BS = 2717
Blocksize strategy selection process: -0.032784 --> -0.028898, len_BS = 2719
Blocksize strategy selection process: -0.032776 --> -0.028898, len_BS = 2724
Blocksize strategy selection process: -0.032773 --> -0.028898, len_BS = 2728
Blocksize strategy selection process: -0.032768 --> -0.028898, len_BS = 2730
Blocksize strategy selection process: -0.032725 --> -0.028898, len_BS = 2730
Blocksize strategy selection process: -0.032724 --> -0.028898, len_BS = 2740
Blocksize strategy selection process: -0.032723 --> -0.028898, len_BS = 2741
Blocksize strategy selection process: -0.032721 --> -0.028898, len_BS = 2742
Blocksize strategy selection process: -0.032710 --> -0.028898, len_BS = 2744
Blocksize strategy selection process: -0.032703 --> -0.028898, len_BS = 2752
Blocksize strategy selection process: -0.032702 --> -0.028898, len_BS = 2763
Blocksize strategy selection process: -0.032696 --> -0.028898, len_BS = 2764
Blocksize strategy selection process: -0.032695 --> -0.028898, len_BS = 2770
Blocksize strategy selection process: -0.032652 --> -0.028898, len_BS = 2771
Blocksize strategy selection process: -0.032651 --> -0.028898, len_BS = 2784
Blocksize strategy selection process: -0.032603 --> -0.028898, len_BS = 2788
Blocksize strategy selection process: -0.032602 --> -0.028898, len_BS = 2798
Blocksize strategy selection process: -0.032597 --> -0.028898, len_BS = 2798
Blocksize strategy selection process: -0.032596 --> -0.028898, len_BS = 2805
Blocksize strategy selection process: -0.032594 --> -0.028898, len_BS = 2805
Blocksize strategy selection process: -0.032548 --> -0.028898, len_BS = 2806
Blocksize strategy selection process: -0.032547 --> -0.028898, len_BS = 2814
Blocksize strategy selection process: -0.032531 --> -0.028898, len_BS = 2816
Blocksize strategy selection process: -0.032530 --> -0.028898, len_BS = 2829
Blocksize strategy selection process: -0.032524 --> -0.028898, len_BS = 2829
Blocksize strategy selection process: -0.032482 --> -0.028898, len_BS = 2833
Blocksize strategy selection process: -0.032430 --> -0.028898, len_BS = 2842
Blocksize strategy selection process: -0.032429 --> -0.028898, len_BS = 2849
Blocksize strategy selection process: -0.032401 --> -0.028898, len_BS = 2849
Blocksize strategy selection process: -0.032400 --> -0.028898, len_BS = 2864
Blocksize strategy selection process: -0.032399 --> -0.028898, len_BS = 2865
Blocksize strategy selection process: -0.032384 --> -0.028898, len_BS = 2865
Blocksize strategy selection process: -0.032215 --> -0.028898, len_BS = 2876
Blocksize strategy selection process: -0.032214 --> -0.028898, len_BS = 2868
Blocksize strategy selection process: -0.032213 --> -0.028898, len_BS = 2869
Blocksize strategy selection process: -0.032186 --> -0.028898, len_BS = 2870
Blocksize strategy selection process: -0.032134 --> -0.028898, len_BS = 2887
Blocksize strategy selection process: -0.032130 --> -0.028898, len_BS = 2906
Blocksize strategy selection process: -0.032129 --> -0.028898, len_BS = 2909
Blocksize strategy selection process: -0.032116 --> -0.028898, len_BS = 2909
Blocksize strategy selection process: -0.032115 --> -0.028898, len_BS = 2914
Blocksize strategy selection process: -0.032096 --> -0.028898, len_BS = 2914
Blocksize strategy selection process: -0.032095 --> -0.028898, len_BS = 2927
Blocksize strategy selection process: -0.032090 --> -0.028898, len_BS = 2928
Blocksize strategy selection process: -0.032089 --> -0.028898, len_BS = 2930
Blocksize strategy selection process: -0.032088 --> -0.028898, len_BS = 2930
Blocksize strategy selection process: -0.032038 --> -0.028898, len_BS = 2930
Blocksize strategy selection process: -0.031984 --> -0.028898, len_BS = 2942
Blocksize strategy selection process: -0.031978 --> -0.028898, len_BS = 2955
Blocksize strategy selection process: -0.031953 --> -0.028898, len_BS = 2960
Blocksize strategy selection process: -0.031934 --> -0.028898, len_BS = 2974
Blocksize strategy selection process: -0.031933 --> -0.028898, len_BS = 2984
Blocksize strategy selection process: -0.031932 --> -0.028898, len_BS = 2985
Blocksize strategy selection process: -0.031917 --> -0.028898, len_BS = 2985
Blocksize strategy selection process: -0.031863 --> -0.028898, len_BS = 2992
Blocksize strategy selection process: -0.031836 --> -0.028898, len_BS = 3010
Blocksize strategy selection process: -0.031833 --> -0.028898, len_BS = 3021
Blocksize strategy selection process: -0.031791 --> -0.028898, len_BS = 3024
Blocksize strategy selection process: -0.031739 --> -0.028898, len_BS = 3035
Blocksize strategy selection process: -0.031722 --> -0.028898, len_BS = 3049
Blocksize strategy selection process: -0.031615 --> -0.028898, len_BS = 3058
Blocksize strategy selection process: -0.031598 --> -0.028898, len_BS = 3055
Blocksize strategy selection process: -0.031597 --> -0.028898, len_BS = 3061
Blocksize strategy selection process: -0.031582 --> -0.028898, len_BS = 3061
Blocksize strategy selection process: -0.031580 --> -0.028898, len_BS = 3065
Blocksize strategy selection process: -0.031567 --> -0.028898, len_BS = 3067
Blocksize strategy selection process: -0.031479 --> -0.028898, len_BS = 3070
Blocksize strategy selection process: -0.031418 --> -0.028898, len_BS = 3073
Blocksize strategy selection process: -0.031349 --> -0.028898, len_BS = 3079
Blocksize strategy selection process: -0.031231 --> -0.028898, len_BS = 3089
Blocksize strategy selection process: -0.031227 --> -0.028898, len_BS = 3093
Blocksize strategy selection process: -0.031201 --> -0.028898, len_BS = 3094
Blocksize strategy selection process: -0.031161 --> -0.028898, len_BS = 3101
Blocksize strategy selection process: -0.031141 --> -0.028898, len_BS = 3108
Blocksize strategy selection process: -0.031093 --> -0.028898, len_BS = 3111
Blocksize strategy selection process: -0.031089 --> -0.028898, len_BS = 3120
Blocksize strategy selection process: -0.031072 --> -0.028898, len_BS = 3120
Blocksize strategy selection process: -0.031064 --> -0.028898, len_BS = 3125
Blocksize strategy selection process: -0.031033 --> -0.028898, len_BS = 3126
Blocksize strategy selection process: -0.030988 --> -0.028898, len_BS = 3131
Blocksize strategy selection process: -0.030932 --> -0.028898, len_BS = 3135
Blocksize strategy selection process: -0.030899 --> -0.028898, len_BS = 3139
Blocksize strategy selection process: -0.030857 --> -0.028898, len_BS = 3145
Blocksize strategy selection process: -0.030754 --> -0.028898, len_BS = 3150
Blocksize strategy selection process: -0.030752 --> -0.028898, len_BS = 3154
Blocksize strategy selection process: -0.030750 --> -0.028898, len_BS = 3154
Blocksize strategy selection process: -0.030747 --> -0.028898, len_BS = 3154
Blocksize strategy selection process: -0.030701 --> -0.028898, len_BS = 3154
Blocksize strategy selection process: -0.030625 --> -0.028898, len_BS = 3161
Blocksize strategy selection process: -0.030555 --> -0.028898, len_BS = 3164
Blocksize strategy selection process: -0.030529 --> -0.028898, len_BS = 3167
Blocksize strategy selection process: -0.030515 --> -0.028898, len_BS = 3170
Blocksize strategy selection process: -0.030471 --> -0.028898, len_BS = 3171
Blocksize strategy selection process: -0.030386 --> -0.028898, len_BS = 3176
Blocksize strategy selection process: -0.030371 --> -0.028898, len_BS = 3184
Blocksize strategy selection process: -0.030365 --> -0.028898, len_BS = 3184
Blocksize strategy selection process: -0.030321 --> -0.028898, len_BS = 3184
Blocksize strategy selection process: -0.030320 --> -0.028898, len_BS = 3188
Blocksize strategy selection process: -0.030302 --> -0.028898, len_BS = 3188
Blocksize strategy selection process: -0.030299 --> -0.028898, len_BS = 3190
Blocksize strategy selection process: -0.030298 --> -0.028898, len_BS = 3191
Blocksize strategy selection process: -0.030259 --> -0.028898, len_BS = 3191
Blocksize strategy selection process: -0.030258 --> -0.028898, len_BS = 3192
Blocksize strategy selection process: -0.030245 --> -0.028898, len_BS = 3192
Blocksize strategy selection process: -0.030206 --> -0.028898, len_BS = 3194
Blocksize strategy selection process: -0.030136 --> -0.028898, len_BS = 3195
Blocksize strategy selection process: -0.030088 --> -0.028898, len_BS = 3198
Blocksize strategy selection process: -0.030087 --> -0.028898, len_BS = 3200
Blocksize strategy selection process: -0.030080 --> -0.028898, len_BS = 3200
Blocksize strategy selection process: -0.030074 --> -0.028898, len_BS = 3200
Blocksize strategy selection process: -0.030072 --> -0.028898, len_BS = 3201
Blocksize strategy selection process: -0.030071 --> -0.028898, len_BS = 3201
Blocksize strategy selection process: -0.030068 --> -0.028898, len_BS = 3201
Blocksize strategy selection process: -0.029998 --> -0.028898, len_BS = 3201
Blocksize strategy selection process: -0.029928 --> -0.028898, len_BS = 3202
Blocksize strategy selection process: -0.029905 --> -0.028898, len_BS = 3203
Blocksize strategy selection process: -0.029903 --> -0.028898, len_BS = 3206
Blocksize strategy selection process: -0.029873 --> -0.028898, len_BS = 3206
Blocksize strategy selection process: -0.029872 --> -0.028898, len_BS = 3206
Blocksize strategy selection process: -0.029871 --> -0.028898, len_BS = 3206
Blocksize strategy selection process: -0.029864 --> -0.028898, len_BS = 3206
Blocksize strategy selection process: -0.029859 --> -0.028898, len_BS = 3206
Blocksize strategy selection process: -0.029854 --> -0.028898, len_BS = 3207
Blocksize strategy selection process: -0.029822 --> -0.028898, len_BS = 3207
Blocksize strategy selection process: -0.029821 --> -0.028898, len_BS = 3207
Blocksize strategy selection process: -0.029662 --> -0.028898, len_BS = 3207
Blocksize strategy selection process: -0.029652 --> -0.028898, len_BS = 3208
Blocksize strategy selection process: -0.029592 --> -0.028898, len_BS = 3208
Blocksize strategy selection process: -0.029591 --> -0.028898, len_BS = 3210
Blocksize strategy selection process: -0.029590 --> -0.028898, len_BS = 3210
Blocksize strategy selection process: -0.029585 --> -0.028898, len_BS = 3210
Blocksize strategy selection process: -0.029584 --> -0.028898, len_BS = 3210
Blocksize strategy selection process: -0.029582 --> -0.028898, len_BS = 3210
Blocksize strategy selection process: -0.029581 --> -0.028898, len_BS = 3210
Blocksize strategy selection process: -0.029580 --> -0.028898, len_BS = 3210
Blocksize strategy selection process: -0.029579 --> -0.028898, len_BS = 3210
Blocksize strategy selection process: -0.029578 --> -0.028898, len_BS = 3210
Blocksize strategy selection process: -0.029577 --> -0.028898, len_BS = 3210
Blocksize strategy selection process: -0.029574 --> -0.028898, len_BS = 3210
Blocksize strategy selection process: -0.029573 --> -0.028898, len_BS = 3210
Blocksize strategy selection process: -0.029572 --> -0.028898, len_BS = 3210
Blocksize strategy selection process: -0.029571 --> -0.028898, len_BS = 3210
Blocksize strategy selection process: -0.029570 --> -0.028898, len_BS = 3210
Blocksize strategy selection process: -0.029569 --> -0.028898, len_BS = 3210
Blocksize strategy selection process: -0.029567 --> -0.028898, len_BS = 3210
Blocksize strategy selection process: -0.029566 --> -0.028898, len_BS = 3210
Blocksize strategy selection process: -0.029565 --> -0.028898, len_BS = 3210
Blocksize strategy selection process: -0.029563 --> -0.028898, len_BS = 3210
Blocksize strategy selection process: -0.029562 --> -0.028898, len_BS = 3210
Blocksize strategy selection process: -0.029560 --> -0.028898, len_BS = 3210
Blocksize strategy selection process: -0.029559 --> -0.028898, len_BS = 3210
Blocksize strategy selection process: -0.029558 --> -0.028898, len_BS = 3210
Blocksize strategy selection process: -0.029557 --> -0.028898, len_BS = 3210
Blocksize strategy selection process: -0.029556 --> -0.028898, len_BS = 3210
Blocksize strategy selection process: -0.029555 --> -0.028898, len_BS = 3210
Blocksize strategy selection process: -0.029554 --> -0.028898, len_BS = 3210
Blocksize strategy selection process: -0.029551 --> -0.028898, len_BS = 3211
Blocksize strategy selection process: -0.029550 --> -0.028898, len_BS = 3211
Blocksize strategy selection process: -0.029549 --> -0.028898, len_BS = 3211
Blocksize strategy selection process: -0.029548 --> -0.028898, len_BS = 3211
Blocksize strategy selection process: -0.029547 --> -0.028898, len_BS = 3211
Blocksize strategy selection process: -0.029546 --> -0.028898, len_BS = 3211
Blocksize strategy selection process: -0.029545 --> -0.028898, len_BS = 3211
Blocksize strategy selection process: -0.029544 --> -0.028898, len_BS = 3211
Blocksize strategy selection process: -0.029543 --> -0.028898, len_BS = 3211
Blocksize strategy selection process: -0.029542 --> -0.028898, len_BS = 3211
Blocksize strategy selection process: -0.029541 --> -0.028898, len_BS = 3211
Blocksize strategy selection process: -0.029540 --> -0.028898, len_BS = 3211
Blocksize strategy selection process: -0.029539 --> -0.028898, len_BS = 3211
Blocksize strategy selection process: -0.029537 --> -0.028898, len_BS = 3211
Blocksize strategy selection process: -0.029536 --> -0.028898, len_BS = 3211
Blocksize strategy selection process: -0.029535 --> -0.028898, len_BS = 3211
Blocksize strategy selection process: -0.029534 --> -0.028898, len_BS = 3211
Blocksize strategy selection process: -0.029533 --> -0.028898, len_BS = 3211
Blocksize strategy selection process: -0.029509 --> -0.028898, len_BS = 3211
Blocksize strategy selection process: -0.029507 --> -0.028898, len_BS = 3211
Blocksize strategy selection process: -0.029506 --> -0.028898, len_BS = 3211
Blocksize strategy selection process: -0.029504 --> -0.028898, len_BS = 3211
Blocksize strategy selection process: -0.029503 --> -0.028898, len_BS = 3211
Blocksize strategy selection process: -0.029502 --> -0.028898, len_BS = 3211
Blocksize strategy selection process: -0.029501 --> -0.028898, len_BS = 3211
Blocksize strategy selection process: -0.029500 --> -0.028898, len_BS = 3211
Blocksize strategy selection process: -0.029499 --> -0.028898, len_BS = 3211
Blocksize strategy selection process: -0.029498 --> -0.028898, len_BS = 3211
Blocksize strategy selection process: -0.029497 --> -0.028898, len_BS = 3211
Blocksize strategy selection process: -0.029496 --> -0.028898, len_BS = 3211
Blocksize strategy selection process: -0.029494 --> -0.028898, len_BS = 3211
Blocksize strategy selection process: -0.029493 --> -0.028898, len_BS = 3211
Blocksize strategy selection process: -0.029424 --> -0.028898, len_BS = 3211
Blocksize strategy selection process: -0.029423 --> -0.028898, len_BS = 3212
Blocksize strategy selection process: -0.029336 --> -0.028898, len_BS = 3212
Blocksize strategy selection process: -0.029335 --> -0.028898, len_BS = 3212
Blocksize strategy selection process: -0.029334 --> -0.028898, len_BS = 3212
Blocksize strategy selection process: -0.029314 --> -0.028898, len_BS = 3212
Blocksize strategy selection process: -0.029313 --> -0.028898, len_BS = 3213
Blocksize strategy selection process: -0.029312 --> -0.028898, len_BS = 3213
Blocksize strategy selection process: -0.029311 --> -0.028898, len_BS = 3213
Blocksize strategy selection process: -0.029310 --> -0.028898, len_BS = 3213
Blocksize strategy selection process: -0.029309 --> -0.028898, len_BS = 3213
Blocksize strategy selection process: -0.029307 --> -0.028898, len_BS = 3213
Blocksize strategy selection process: -0.029306 --> -0.028898, len_BS = 3213
Blocksize strategy selection process: -0.029305 --> -0.028898, len_BS = 3213
Blocksize strategy selection process: -0.029304 --> -0.028898, len_BS = 3213
Blocksize strategy selection process: -0.029303 --> -0.028898, len_BS = 3213
Blocksize strategy selection process: -0.029302 --> -0.028898, len_BS = 3213
Blocksize strategy selection process: -0.029301 --> -0.028898, len_BS = 3213
Blocksize strategy selection process: -0.029300 --> -0.028898, len_BS = 3213
Blocksize strategy selection process: -0.029280 --> -0.028898, len_BS = 3213
Blocksize strategy selection process: -0.029279 --> -0.028898, len_BS = 3213
Blocksize strategy selection process: -0.029278 --> -0.028898, len_BS = 3213
Blocksize strategy selection process: -0.029277 --> -0.028898, len_BS = 3213
Blocksize strategy selection process: -0.029276 --> -0.028898, len_BS = 3213
Blocksize strategy selection process: -0.029275 --> -0.028898, len_BS = 3213
Blocksize strategy selection process: -0.029274 --> -0.028898, len_BS = 3213
Blocksize strategy selection process: -0.029273 --> -0.028898, len_BS = 3213
Blocksize strategy selection process: -0.029272 --> -0.028898, len_BS = 3213
Blocksize strategy selection process: -0.029271 --> -0.028898, len_BS = 3213
Blocksize strategy selection process: -0.029270 --> -0.028898, len_BS = 3213
Blocksize strategy selection process: -0.029269 --> -0.028898, len_BS = 3213
Blocksize strategy selection process: -0.029268 --> -0.028898, len_BS = 3213
Blocksize strategy selection process: -0.029267 --> -0.028898, len_BS = 3213
Blocksize strategy selection process: -0.029266 --> -0.028898, len_BS = 3213
Blocksize strategy selection process: -0.029265 --> -0.028898, len_BS = 3213
Blocksize strategy selection process: -0.029246 --> -0.028898, len_BS = 3213
Blocksize strategy selection process: -0.029245 --> -0.028898, len_BS = 3213
Blocksize strategy selection process: -0.029244 --> -0.028898, len_BS = 3213
Blocksize strategy selection process: -0.029243 --> -0.028898, len_BS = 3213
Blocksize strategy selection process: -0.029242 --> -0.028898, len_BS = 3213
Blocksize strategy selection process: -0.029241 --> -0.028898, len_BS = 3213
Blocksize strategy selection process: -0.029240 --> -0.028898, len_BS = 3213
Blocksize strategy selection process: -0.029239 --> -0.028898, len_BS = 3213
Blocksize strategy selection process: -0.029237 --> -0.028898, len_BS = 3213
Blocksize strategy selection process: -0.029236 --> -0.028898, len_BS = 3213
Blocksize strategy selection process: -0.029235 --> -0.028898, len_BS = 3213
Blocksize strategy selection process: -0.029234 --> -0.028898, len_BS = 3213
Blocksize strategy selection process: -0.029233 --> -0.028898, len_BS = 3213
Blocksize strategy selection process: -0.029232 --> -0.028898, len_BS = 3213
Blocksize strategy selection process: -0.029214 --> -0.028898, len_BS = 3213
Blocksize strategy selection process: -0.029213 --> -0.028898, len_BS = 3213
Blocksize strategy selection process: -0.029211 --> -0.028898, len_BS = 3213
Blocksize strategy selection process: -0.029210 --> -0.028898, len_BS = 3213
Blocksize strategy selection process: -0.029209 --> -0.028898, len_BS = 3213
Blocksize strategy selection process: -0.029208 --> -0.028898, len_BS = 3213
Blocksize strategy selection process: -0.029207 --> -0.028898, len_BS = 3213
Blocksize strategy selection process: -0.029206 --> -0.028898, len_BS = 3213
Blocksize strategy selection process: -0.029205 --> -0.028898, len_BS = 3213
Blocksize strategy selection process: -0.029204 --> -0.028898, len_BS = 3213
Blocksize strategy selection process: -0.029203 --> -0.028898, len_BS = 3213
Blocksize strategy selection process: -0.029202 --> -0.028898, len_BS = 3213
Blocksize strategy selection process: -0.029201 --> -0.028898, len_BS = 3213
Blocksize strategy selection process: -0.029184 --> -0.028898, len_BS = 3213
Blocksize strategy selection process: -0.029183 --> -0.028898, len_BS = 3213
Blocksize strategy selection process: -0.029182 --> -0.028898, len_BS = 3213
Blocksize strategy selection process: -0.029181 --> -0.028898, len_BS = 3213
Blocksize strategy selection process: -0.029180 --> -0.028898, len_BS = 3213
Blocksize strategy selection process: -0.029179 --> -0.028898, len_BS = 3213
Blocksize strategy selection process: -0.029178 --> -0.028898, len_BS = 3213
Blocksize strategy selection process: -0.029177 --> -0.028898, len_BS = 3213
Blocksize strategy selection process: -0.029176 --> -0.028898, len_BS = 3213
Blocksize strategy selection process: -0.029175 --> -0.028898, len_BS = 3213
Blocksize strategy selection process: -0.029174 --> -0.028898, len_BS = 3213
Blocksize strategy selection process: -0.029173 --> -0.028898, len_BS = 3213
Blocksize strategy selection process: -0.029172 --> -0.028898, len_BS = 3213
Blocksize strategy selection process: -0.029171 --> -0.028898, len_BS = 3213
Blocksize strategy selection process: -0.029170 --> -0.028898, len_BS = 3213
Blocksize strategy selection process: -0.029154 --> -0.028898, len_BS = 3213
Blocksize strategy selection process: -0.029153 --> -0.028898, len_BS = 3213
Blocksize strategy selection process: -0.029121 --> -0.028898, len_BS = 3213
Blocksize strategy selection process: -0.029120 --> -0.028898, len_BS = 3213
Blocksize strategy selection process: -0.029119 --> -0.028898, len_BS = 3213
Blocksize strategy selection process: -0.029118 --> -0.028898, len_BS = 3213
Blocksize strategy selection process: -0.029108 --> -0.028898, len_BS = 3213
Blocksize strategy selection process: -0.029107 --> -0.028898, len_BS = 3214
Blocksize strategy selection process: -0.029104 --> -0.028898, len_BS = 3214
Blocksize strategy selection process: -0.029103 --> -0.028898, len_BS = 3214
Blocksize strategy selection process: -0.029100 --> -0.028898, len_BS = 3214
Blocksize strategy selection process: -0.029099 --> -0.028898, len_BS = 3214
Blocksize strategy selection process: -0.029098 --> -0.028898, len_BS = 3214
Blocksize strategy selection process: -0.029097 --> -0.028898, len_BS = 3214
Blocksize strategy selection process: -0.029096 --> -0.028898, len_BS = 3214
Blocksize strategy selection process: -0.029095 --> -0.028898, len_BS = 3214
Blocksize strategy selection process: -0.029094 --> -0.028898, len_BS = 3214
Blocksize strategy selection process: -0.029093 --> -0.028898, len_BS = 3214
Blocksize strategy selection process: -0.029092 --> -0.028898, len_BS = 3214
Blocksize strategy selection process: -0.029091 --> -0.028898, len_BS = 3214
Blocksize strategy selection process: -0.029090 --> -0.028898, len_BS = 3214
Blocksize strategy selection process: -0.029089 --> -0.028898, len_BS = 3214
Blocksize strategy selection process: -0.029088 --> -0.028898, len_BS = 3214
Blocksize strategy selection process: -0.029087 --> -0.028898, len_BS = 3214
Blocksize strategy selection process: -0.029086 --> -0.028898, len_BS = 3214
Blocksize strategy selection process: -0.029073 --> -0.028898, len_BS = 3214
Blocksize strategy selection process: -0.029072 --> -0.028898, len_BS = 3214
Blocksize strategy selection process: -0.029071 --> -0.028898, len_BS = 3214
Blocksize strategy selection process: -0.029070 --> -0.028898, len_BS = 3214
Blocksize strategy selection process: -0.029069 --> -0.028898, len_BS = 3214
Blocksize strategy selection process: -0.029068 --> -0.028898, len_BS = 3214
Blocksize strategy selection process: -0.029067 --> -0.028898, len_BS = 3214
Blocksize strategy selection process: -0.029066 --> -0.028898, len_BS = 3214
Blocksize strategy selection process: -0.029065 --> -0.028898, len_BS = 3214
Blocksize strategy selection process: -0.029064 --> -0.028898, len_BS = 3214
Blocksize strategy selection process: -0.029052 --> -0.028898, len_BS = 3214
Blocksize strategy selection process: -0.029051 --> -0.028898, len_BS = 3214
Blocksize strategy selection process: -0.029048 --> -0.028898, len_BS = 3214
Blocksize strategy selection process: -0.029047 --> -0.028898, len_BS = 3214
Blocksize strategy selection process: -0.029046 --> -0.028898, len_BS = 3214
Blocksize strategy selection process: -0.029045 --> -0.028898, len_BS = 3214
Blocksize strategy selection process: -0.029044 --> -0.028898, len_BS = 3214
Blocksize strategy selection process: -0.029043 --> -0.028898, len_BS = 3214
Blocksize strategy selection process: -0.029042 --> -0.028898, len_BS = 3214
Blocksize strategy selection process: -0.029030 --> -0.028898, len_BS = 3214
Blocksize strategy selection process: -0.029028 --> -0.028898, len_BS = 3214
Blocksize strategy selection process: -0.029025 --> -0.028898, len_BS = 3214
Blocksize strategy selection process: -0.029024 --> -0.028898, len_BS = 3214
Blocksize strategy selection process: -0.029023 --> -0.028898, len_BS = 3214
Blocksize strategy selection process: -0.029022 --> -0.028898, len_BS = 3214
Blocksize strategy selection process: -0.029021 --> -0.028898, len_BS = 3214
Blocksize strategy selection process: -0.029020 --> -0.028898, len_BS = 3214
Blocksize strategy selection process: -0.029019 --> -0.028898, len_BS = 3214
Blocksize strategy selection process: -0.029009 --> -0.028898, len_BS = 3214
Blocksize strategy selection process: -0.029008 --> -0.028898, len_BS = 3214
Blocksize strategy selection process: -0.029007 --> -0.028898, len_BS = 3214
Blocksize strategy selection process: -0.029006 --> -0.028898, len_BS = 3214
Blocksize strategy selection process: -0.029004 --> -0.028898, len_BS = 3214
Blocksize strategy selection process: -0.029003 --> -0.028898, len_BS = 3214
Blocksize strategy selection process: -0.029002 --> -0.028898, len_BS = 3214
Blocksize strategy selection process: -0.029001 --> -0.028898, len_BS = 3214
Blocksize strategy selection process: -0.029000 --> -0.028898, len_BS = 3214
Blocksize strategy selection process: -0.028999 --> -0.028898, len_BS = 3214
Blocksize strategy selection process: -0.028998 --> -0.028898, len_BS = 3214
Blocksize strategy selection process: -0.028989 --> -0.028898, len_BS = 3214
Blocksize strategy selection process: -0.028988 --> -0.028898, len_BS = 3214
Blocksize strategy selection process: -0.028987 --> -0.028898, len_BS = 3214
Blocksize strategy selection process: -0.028986 --> -0.028898, len_BS = 3214
Blocksize strategy selection process: -0.028985 --> -0.028898, len_BS = 3214
Blocksize strategy selection process: -0.028984 --> -0.028898, len_BS = 3214
Blocksize strategy selection process: -0.028983 --> -0.028898, len_BS = 3214
Blocksize strategy selection process: -0.028974 --> -0.028898, len_BS = 3214
Blocksize strategy selection process: -0.028970 --> -0.028898, len_BS = 3214
Blocksize strategy selection process: -0.028969 --> -0.028898, len_BS = 3214
Blocksize strategy selection process: -0.028967 --> -0.028898, len_BS = 3214
Blocksize strategy selection process: -0.028966 --> -0.028898, len_BS = 3214
Blocksize strategy selection process: -0.028965 --> -0.028898, len_BS = 3214
Blocksize strategy selection process: -0.028957 --> -0.028898, len_BS = 3214
Blocksize strategy selection process: -0.028954 --> -0.028898, len_BS = 3214
Blocksize strategy selection process: -0.028953 --> -0.028898, len_BS = 3214
Blocksize strategy selection process: -0.028952 --> -0.028898, len_BS = 3214
Blocksize strategy selection process: -0.028951 --> -0.028898, len_BS = 3214
Blocksize strategy selection process: -0.028950 --> -0.028898, len_BS = 3214
Blocksize strategy selection process: -0.028949 --> -0.028898, len_BS = 3214
Blocksize strategy selection process: -0.028942 --> -0.028898, len_BS = 3214
Blocksize strategy selection process: -0.028940 --> -0.028898, len_BS = 3214
Blocksize strategy selection process: -0.028939 --> -0.028898, len_BS = 3214
Blocksize strategy selection process: -0.028932 --> -0.028898, len_BS = 3214
Blocksize strategy selection process: -0.028929 --> -0.028898, len_BS = 3214
Blocksize strategy selection process: -0.028927 --> -0.028898, len_BS = 3214
Blocksize strategy selection process: -0.028926 --> -0.028898, len_BS = 3214
Blocksize strategy selection process: -0.028925 --> -0.028898, len_BS = 3214
Blocksize strategy selection process: -0.028920 --> -0.028898, len_BS = 3214
Blocksize strategy selection process: -0.028918 --> -0.028898, len_BS = 3214
Blocksize strategy selection process: -0.028917 --> -0.028898, len_BS = 3214
Blocksize strategy selection process: -0.028916 --> -0.028898, len_BS = 3214
Blocksize strategy selection process: -0.028915 --> -0.028898, len_BS = 3214
Blocksize strategy selection process: -0.028914 --> -0.028898, len_BS = 3214
Blocksize strategy selection process: -0.028911 --> -0.028898, len_BS = 3214
Blocksize strategy selection process: -0.028909 --> -0.028898, len_BS = 3214
Blocksize strategy selection process: -0.028908 --> -0.028898, len_BS = 3214
Blocksize strategy selection process: -0.028907 --> -0.028898, len_BS = 3214
Blocksize strategy selection process: -0.028900 --> -0.028898, len_BS = 3214
Blocksize strategy selection process: -0.028899 --> -0.028898, len_BS = 3214
Blocksize strategy selection process: -0.028898 --> -0.028898, len_BS = 3214
len(BS) = 3214
Time cost for generating Strategy: 253.222736 s
[15.228624292904,15.228624292904,15.228624292904,15.228624292904,15.228624292904,15.228624292904,15.228624292904,15.228624292904,15.228624292904,15.228624292904,15.228624292904,15.228624292904,15.222392678736266,15.191503655391433,15.16058082038672,15.129622162165564,15.098625638111454,15.06758917338044,15.036510659688368,15.005387954050992,14.974218877475195,14.943001213599459,14.911732707281743,14.880411063133057,14.849033943994893,14.81759896935905,14.786103713728181,14.754545704915916,14.72292242228545,14.691231294925974,14.659469699766607,14.627634959628228,14.595724341214286,14.563735053042443,14.531664243320275,14.499508997769599,14.467304308421003,14.435202083656929,14.403086183043044,14.37093018391733,14.338694076785004,14.30636287578486,14.273938766907307,14.24140833170809,14.208806884526112,14.176086822255037,14.143267543177473,14.11031287821698,14.077273444988794,14.044099555206412,14.010802496223029,13.977372209715195,13.943817877947176,13.910133662922291,13.876305500973267,13.842348633463715,13.808240949568926,13.773992232231972,13.739580157495297,13.705027285804356,13.670317365828765,13.635443423906711,13.600395057528907,13.565177461029865,13.529803992861602,13.49425581509188,13.458556860607114,13.422664344827481,13.386592221543804,13.35034311589833,13.3138962166394,13.277280572903674,13.240456963356614,13.203449752433318,13.166267622948162,13.128894053696339,13.091317472868784,13.053557638602648,13.01563409838488,12.97766773596043,12.939779960991832,12.917534040323734,12.89517909964457,12.872713926035903,12.850137285339212,12.827447921647675,12.804644556782574,12.78172588975373,12.758690596203405,12.735537327833029,12.71226471181215,12.688871350168927,12.66535581916145,12.6417166686292,12.61795242132387,12.594061572218761,12.570042587795925,12.5458939053102,12.521613932029254,12.497201044448637,12.472653587480943,12.447969873617971,12.423148182064878,12.398186757845156,12.373083810875267,12.347837515007718,12.322446007041274,12.29690738569695,12.271219710558412,12.24538100097524,12.219389234927576,12.193242347850479,12.166938231416301,12.14047473227333,12.113849650738764,12.087060739444132,12.060105701931048,12.032982191195169,12.005687808176093,11.978220100190805,11.950576559308217,11.922754620662134,11.894751660699958,11.866564995364222,11.83819187820393,11.809629498412535,11.78087497878923,11.75192537362005,11.72277766647511,11.693428767918133,11.663875513124223,11.63411465940163,11.604142883613074,11.573956779491933,11.543552854848425,11.512927528660606,11.482077128044862,11.450997885100215,11.419685933620558,11.388137305668653,11.356347928005466,11.324313618368071,11.292030081589152,11.25949290555076,11.226697556964774,11.193639376972147,11.160313576552825,11.126715231737894,11.092839278615301,11.058680508120295,11.024233560601457,10.98949292015323,10.954452908705578,10.919107679861575,10.88345121247376,10.847477303950276,10.811179563282378,10.774551403785184,10.737586035544677,10.700276457564861,10.662615449610504,10.624595563742904,10.586209115548462,10.547448175063055,10.508304557399208,10.468769813087873,10.428835218153043,10.388491763944971,10.347730146767423,10.306540757346278,10.264913670201455,10.222838633002286,10.18030505600899,10.137302001730538,10.093818174963804,10.049841913421185,10.010715092364476,9.992957909433295,9.958927389845812,9.921157599063974,9.87770637100555,9.832062028511594,9.786630816796624,9.739214696564487,9.696671571796296,9.647345397050794,9.600635765065384,9.548727076494536,9.503820085789561,9.45182227841943,9.40128153129612,9.349199391365051,9.298278723171135,9.246410852185155,9.19243012085641,9.140454474873025,9.085232497045324,9.03123909780501,8.973956987107321,8.919692541819567,8.862995861992877,8.805158847565961,8.745691057383153,8.686781243910092,8.62958574205184,8.569578220077751,8.512770525486435,8.449779428425316,8.38856225457556,8.3275356182789,8.263397613136066,8.203157742648637,8.137218919515245,8.074507515918004,8.012836787773072,7.948661651188005,7.882663449757733,7.819248134090002,7.758405760643974,7.71444428928453,7.687558758135129]
MinStrategy is: [87, 87, 107, 118, 132, 141] + pump(57,164,23) , ['87 * 2 (-0.039885) , cost = 520.0218 s', '107 * 1 (-0.036791) , cost = 583.8395 s', '118 * 1 (-0.035159) , cost = 1676.7223 s', '132 * 1 (-0.033819) , cost = 46194.3274 s', '141 * 1 (-0.032991) , cost = 355484.7345 s'] + pump(57,164,23)
[87,87,107,118,132,141]
Time cost for pnj-BKZ = 112.35 h,
Time cost for pump = 496.01 h,
Total time cost = 608.36 h.
