New Strategy:
n = 50, alpha = 0.025, q = 2503, jump = 1, goal_margin = 1.50, MAX_TIME = inf h
[15.650490582863549, 15.650490582863549, 15.650490582863549, 15.650490582863549, 15.650490582863549, 15.650490582863549, 15.650490582863549, 15.650490582863549, 15.650490582863549, 15.650490582863549, 15.650490582863549, 15.650490582863549, 15.650490582863549, 15.650490582863549, 15.650490582863549, 15.650490582863549, 15.650490582863549, 15.650490582863549, 15.650490582863549, 15.650490582863549, 15.650490582863549, 15.650490582863549, 15.650490582863549, 15.650490582863549, 15.650490582863549, 15.650490582863549, 15.650490582863549, 15.650490582863549, 15.650490582863549, 15.650490582863549, 15.650490582863549, 15.650490582863549, 15.650490582863549, 15.650490582863549, 15.650490582863549, 15.650490582863549, 15.650490582863549, 15.650490582863549, 15.650490582863549, 15.650490582863549, 15.650490582863549, 15.650490582863549, 15.650490582863549, 15.650490582863549, 15.650490582863549, 15.650490582863549, 15.650490582863549, 15.650490582863549, 15.650490582863549, 15.650490582863549, 15.650490582863549, 15.650490582863549, 15.650490582863549, 15.650490582863549, 15.650490582863549, 15.650490582863549, 15.650490582863549, 15.650490582863549, 15.650490582863549, 15.650490582863549, 15.650490582863549, 15.650490582863549, 15.650490582863549, 15.650490582863549, 15.650490582863549, 15.650490582863549, 15.650490582863549, 15.650490582863549, 15.650490582863549, 15.650490582863549, 15.650490582863549, 15.650490582863549, 15.650490582863549, 15.650490582863549, 15.650490582863549, 15.650490582863549, 15.650490582863549, 15.535118063882349, 15.605790514498413, 15.397934996928095, 15.351346954691518, 15.490969685647274, 15.40192834109714, 15.21313601995128, 15.362873129477387, 15.333824420020258, 15.259882328529724, 15.129351724867847, 15.059645318909828, 14.969987734177396, 14.876209166501859, 14.701436851391422, 14.556666453908987, 14.605735171993608, 14.50379498849619, 14.550724399701817, 14.412634131951865, 14.355481568827846, 14.503077560935036, 14.332853823289799, 14.211240019850818, 14.089746514344004, 13.997431978592015, 13.882789558613238, 13.629595561282864, 13.422500820907729, 13.226551768344063, 13.256139105018722, 13.186992780526372, 13.181669003751143, 13.083559148831124, 13.1609388045718, 12.957688451731558, 12.857803877430664, 12.86563466809837, 12.764565985595194, 12.796747095730069, 12.723819992204016, 12.712871388891479, 12.589417946770904, 12.489008648973002, 12.35610286093915, 12.134689915625824, 11.982471141100433, 12.02925687984793, 11.76345903263873, 11.620438093279747, 11.72842832630816, 11.53387108686172, 11.527881730397405, 11.554381522854971, 11.383109779526935, 11.446014030276954, 11.431242769661175, 11.256185796972092, 11.112203994780682, 11.021319891160235, 11.155582012115692, 10.894807976777061, 10.753636093834501, 10.670571436955358, 10.550591250193325, 10.479037517825788, 10.26144060985362, 10.180677021215988, 10.10372743722653, 9.920976969323986, 10.000639748345796, 9.913199252099234, 9.796027641826928, 9.669953266567674, 9.571722648326615, 9.31381539016392, 9.165929578400046, 9.235017500616895, 9.049719910230204, 8.836727670721826, 9.05642316505538, 8.859295620148174, 8.72756746813291, 8.586853727283092, 8.617330688758399, 8.407104993456098, 8.219139658380554, 8.104471920937177, 8.094346753029287, 8.158997962061955, 8.001819688427595, 7.948119441977207, 7.895840594166033, 7.7841137441933075, 7.756713910343478, 7.575723542591322, 7.473091264769031, 7.484807824269679, 7.586666045710723, 7.432843456816193, 7.340028296698876, 7.241428395370782, 7.118893723641775, 6.912805725513523, 6.871449822169923, 6.795123184593058, 6.623843807000324, 6.523726664436211, 6.308705555281162, 6.086264781110038, 6.051359451516828, 6.093318910403832, 6.075182468365344, 6.11396969676362, 5.963933477201287, 5.796288157017348, 5.9492863532864915, 5.858054436370766, 5.836116594628941, 5.7999780715222995, 5.724457992604215, 5.52165422585389, 5.482817320234123, 5.330247422578196, 5.198306869096512, 5.107651434726331, 5.097311227429629, 4.9085665261756315, 4.850688545502408, 4.764399835442032, 4.779517000473061, 4.830520924967663, 4.617154725830866, 4.596306262431479, 4.413583462137933, 4.400787533088712, 4.27330984371886, 4.340887882479254, 4.269780284360756, 4.252706764693183]
Blocksize strategy selection process: -0.059410 --> -0.059410, len_BS = 1
Blocksize strategy selection process: -0.048345 --> -0.029196, len_BS = 139
Blocksize strategy selection process: -0.048149 --> -0.029195, len_BS = 207
Blocksize strategy selection process: -0.047952 --> -0.029195, len_BS = 269
Blocksize strategy selection process: -0.047755 --> -0.029195, len_BS = 340
Blocksize strategy selection process: -0.047558 --> -0.029195, len_BS = 402
Blocksize strategy selection process: -0.043023 --> -0.029195, len_BS = 462
Blocksize strategy selection process: -0.042889 --> -0.029194, len_BS = 529
Blocksize strategy selection process: -0.042798 --> -0.029194, len_BS = 593
Blocksize strategy selection process: -0.042754 --> -0.029194, len_BS = 639
Blocksize strategy selection process: -0.042664 --> -0.029194, len_BS = 690
Blocksize strategy selection process: -0.042619 --> -0.029194, len_BS = 752
Blocksize strategy selection process: -0.042575 --> -0.029194, len_BS = 803
Blocksize strategy selection process: -0.042531 --> -0.029194, len_BS = 811
Blocksize strategy selection process: -0.042484 --> -0.029194, len_BS = 858
Blocksize strategy selection process: -0.042442 --> -0.029194, len_BS = 907
Blocksize strategy selection process: -0.042396 --> -0.029194, len_BS = 913
Blocksize strategy selection process: -0.040256 --> -0.029194, len_BS = 967
Blocksize strategy selection process: -0.040187 --> -0.029194, len_BS = 871
Blocksize strategy selection process: -0.040114 --> -0.029194, len_BS = 916
Blocksize strategy selection process: -0.040047 --> -0.029194, len_BS = 981
Blocksize strategy selection process: -0.039979 --> -0.029194, len_BS = 1032
Blocksize strategy selection process: -0.038715 --> -0.029194, len_BS = 1076
Blocksize strategy selection process: -0.038668 --> -0.029194, len_BS = 1024
Blocksize strategy selection process: -0.038643 --> -0.029194, len_BS = 1058
Blocksize strategy selection process: -0.038622 --> -0.029194, len_BS = 1086
Blocksize strategy selection process: -0.038553 --> -0.029194, len_BS = 1105
Blocksize strategy selection process: -0.038507 --> -0.029194, len_BS = 1157
Blocksize strategy selection process: -0.038483 --> -0.029194, len_BS = 1194
Blocksize strategy selection process: -0.038461 --> -0.029194, len_BS = 1217
Blocksize strategy selection process: -0.038459 --> -0.029194, len_BS = 1238
Blocksize strategy selection process: -0.037781 --> -0.029194, len_BS = 1242
Blocksize strategy selection process: -0.037763 --> -0.029194, len_BS = 1296
Blocksize strategy selection process: -0.037745 --> -0.029194, len_BS = 1312
Blocksize strategy selection process: -0.037680 --> -0.029194, len_BS = 1335
Blocksize strategy selection process: -0.037662 --> -0.029194, len_BS = 1391
Blocksize strategy selection process: -0.037375 --> -0.029194, len_BS = 1407
Blocksize strategy selection process: -0.037363 --> -0.029194, len_BS = 1464
Blocksize strategy selection process: -0.037356 --> -0.029194, len_BS = 1477
Blocksize strategy selection process: -0.037351 --> -0.029194, len_BS = 1485
Blocksize strategy selection process: -0.037344 --> -0.029194, len_BS = 1493
Blocksize strategy selection process: -0.037281 --> -0.029194, len_BS = 1498
Blocksize strategy selection process: -0.037270 --> -0.029194, len_BS = 1547
Blocksize strategy selection process: -0.037263 --> -0.029194, len_BS = 1559
Blocksize strategy selection process: -0.037258 --> -0.029194, len_BS = 1563
Blocksize strategy selection process: -0.037244 --> -0.029194, len_BS = 1569
Blocksize strategy selection process: -0.037187 --> -0.029194, len_BS = 1581
Blocksize strategy selection process: -0.036752 --> -0.029194, len_BS = 1631
Blocksize strategy selection process: -0.036737 --> -0.029194, len_BS = 1609
Blocksize strategy selection process: -0.036714 --> -0.029194, len_BS = 1632
Blocksize strategy selection process: -0.036699 --> -0.029194, len_BS = 1656
Blocksize strategy selection process: -0.036684 --> -0.029194, len_BS = 1686
Blocksize strategy selection process: -0.036412 --> -0.029194, len_BS = 1703
Blocksize strategy selection process: -0.036402 --> -0.029194, len_BS = 1669
Blocksize strategy selection process: -0.036397 --> -0.029194, len_BS = 1691
Blocksize strategy selection process: -0.036392 --> -0.029194, len_BS = 1709
Blocksize strategy selection process: -0.036370 --> -0.029194, len_BS = 1727
Blocksize strategy selection process: -0.036360 --> -0.029194, len_BS = 1760
Blocksize strategy selection process: -0.036354 --> -0.029194, len_BS = 1784
Blocksize strategy selection process: -0.036350 --> -0.029194, len_BS = 1805
Blocksize strategy selection process: -0.036349 --> -0.029194, len_BS = 1820
Blocksize strategy selection process: -0.036209 --> -0.029194, len_BS = 1820
Blocksize strategy selection process: -0.036205 --> -0.029194, len_BS = 1836
Blocksize strategy selection process: -0.036201 --> -0.029194, len_BS = 1848
Blocksize strategy selection process: -0.036181 --> -0.029194, len_BS = 1866
Blocksize strategy selection process: -0.036177 --> -0.029194, len_BS = 1896
Blocksize strategy selection process: -0.036114 --> -0.029194, len_BS = 1908
Blocksize strategy selection process: -0.036092 --> -0.029194, len_BS = 1951
Blocksize strategy selection process: -0.036083 --> -0.029194, len_BS = 1948
Blocksize strategy selection process: -0.036079 --> -0.029194, len_BS = 1954
Blocksize strategy selection process: -0.036028 --> -0.029194, len_BS = 1976
Blocksize strategy selection process: -0.036026 --> -0.029194, len_BS = 2029
Blocksize strategy selection process: -0.035924 --> -0.029194, len_BS = 2036
Blocksize strategy selection process: -0.035921 --> -0.029194, len_BS = 2058
Blocksize strategy selection process: -0.035916 --> -0.029194, len_BS = 2064
Blocksize strategy selection process: -0.035913 --> -0.029194, len_BS = 2078
Blocksize strategy selection process: -0.035910 --> -0.029194, len_BS = 2092
Blocksize strategy selection process: -0.035834 --> -0.029194, len_BS = 2098
Blocksize strategy selection process: -0.035830 --> -0.029194, len_BS = 2121
Blocksize strategy selection process: -0.035826 --> -0.029194, len_BS = 2127
Blocksize strategy selection process: -0.035823 --> -0.029194, len_BS = 2144
Blocksize strategy selection process: -0.035743 --> -0.029194, len_BS = 2158
Blocksize strategy selection process: -0.035740 --> -0.029194, len_BS = 2193
Blocksize strategy selection process: -0.035722 --> -0.029194, len_BS = 2205
Blocksize strategy selection process: -0.035721 --> -0.029194, len_BS = 2185
Blocksize strategy selection process: -0.035674 --> -0.029194, len_BS = 2185
Blocksize strategy selection process: -0.035672 --> -0.029194, len_BS = 2198
Blocksize strategy selection process: -0.035671 --> -0.029194, len_BS = 2205
Blocksize strategy selection process: -0.035670 --> -0.029194, len_BS = 2211
Blocksize strategy selection process: -0.035665 --> -0.029194, len_BS = 2211
Blocksize strategy selection process: -0.035663 --> -0.029194, len_BS = 2218
Blocksize strategy selection process: -0.035662 --> -0.029194, len_BS = 2223
Blocksize strategy selection process: -0.035661 --> -0.029194, len_BS = 2229
Blocksize strategy selection process: -0.035633 --> -0.029194, len_BS = 2233
Blocksize strategy selection process: -0.035632 --> -0.029194, len_BS = 2268
Blocksize strategy selection process: -0.035631 --> -0.029194, len_BS = 2269
Blocksize strategy selection process: -0.035583 --> -0.029194, len_BS = 2271
Blocksize strategy selection process: -0.035581 --> -0.029194, len_BS = 2288
Blocksize strategy selection process: -0.035580 --> -0.029194, len_BS = 2293
Blocksize strategy selection process: -0.035579 --> -0.029194, len_BS = 2299
Blocksize strategy selection process: -0.035575 --> -0.029194, len_BS = 2305
Blocksize strategy selection process: -0.035573 --> -0.029194, len_BS = 2314
Blocksize strategy selection process: -0.035572 --> -0.029194, len_BS = 2319
Blocksize strategy selection process: -0.035571 --> -0.029194, len_BS = 2321
Blocksize strategy selection process: -0.035466 --> -0.029194, len_BS = 2325
Blocksize strategy selection process: -0.035459 --> -0.029194, len_BS = 2326
Blocksize strategy selection process: -0.035456 --> -0.029194, len_BS = 2348
Blocksize strategy selection process: -0.035453 --> -0.029194, len_BS = 2355
Blocksize strategy selection process: -0.035452 --> -0.029194, len_BS = 2366
Blocksize strategy selection process: -0.035401 --> -0.029194, len_BS = 2368
Blocksize strategy selection process: -0.035399 --> -0.029194, len_BS = 2402
Blocksize strategy selection process: -0.035393 --> -0.029194, len_BS = 2407
Blocksize strategy selection process: -0.035391 --> -0.029194, len_BS = 2424
Blocksize strategy selection process: -0.035390 --> -0.029194, len_BS = 2429
Blocksize strategy selection process: -0.035389 --> -0.029194, len_BS = 2434
Blocksize strategy selection process: -0.035362 --> -0.029194, len_BS = 2434
Blocksize strategy selection process: -0.035361 --> -0.029194, len_BS = 2464
Blocksize strategy selection process: -0.035357 --> -0.029194, len_BS = 2469
Blocksize strategy selection process: -0.035356 --> -0.029194, len_BS = 2482
Blocksize strategy selection process: -0.035338 --> -0.029194, len_BS = 2483
Blocksize strategy selection process: -0.035337 --> -0.029194, len_BS = 2508
Blocksize strategy selection process: -0.035322 --> -0.029194, len_BS = 2512
Blocksize strategy selection process: -0.035271 --> -0.029194, len_BS = 2542
Blocksize strategy selection process: -0.035270 --> -0.029194, len_BS = 2570
Blocksize strategy selection process: -0.035269 --> -0.029194, len_BS = 2572
Blocksize strategy selection process: -0.035266 --> -0.029194, len_BS = 2577
Blocksize strategy selection process: -0.035265 --> -0.029194, len_BS = 2591
Blocksize strategy selection process: -0.035248 --> -0.029194, len_BS = 2595
Blocksize strategy selection process: -0.035247 --> -0.029194, len_BS = 2633
Blocksize strategy selection process: -0.035232 --> -0.029194, len_BS = 2634
Blocksize strategy selection process: -0.035231 --> -0.029194, len_BS = 2664
Blocksize strategy selection process: -0.035179 --> -0.029194, len_BS = 2665
Blocksize strategy selection process: -0.035178 --> -0.029194, len_BS = 2666
Blocksize strategy selection process: -0.035174 --> -0.029194, len_BS = 2668
Blocksize strategy selection process: -0.035157 --> -0.029194, len_BS = 2677
Blocksize strategy selection process: -0.035141 --> -0.029194, len_BS = 2706
Blocksize strategy selection process: -0.035127 --> -0.029194, len_BS = 2735
Blocksize strategy selection process: -0.035126 --> -0.029194, len_BS = 2770
Blocksize strategy selection process: -0.035125 --> -0.029194, len_BS = 2774
Blocksize strategy selection process: -0.035105 --> -0.029194, len_BS = 2774
Blocksize strategy selection process: -0.035104 --> -0.029194, len_BS = 2802
Blocksize strategy selection process: -0.035103 --> -0.029194, len_BS = 2806
Blocksize strategy selection process: -0.034937 --> -0.029194, len_BS = 2807
Blocksize strategy selection process: -0.034935 --> -0.029194, len_BS = 2722
Blocksize strategy selection process: -0.034934 --> -0.029194, len_BS = 2726
Blocksize strategy selection process: -0.034933 --> -0.029194, len_BS = 2729
Blocksize strategy selection process: -0.034929 --> -0.029194, len_BS = 2731
Blocksize strategy selection process: -0.034928 --> -0.029194, len_BS = 2739
Blocksize strategy selection process: -0.034927 --> -0.029194, len_BS = 2741
Blocksize strategy selection process: -0.034926 --> -0.029194, len_BS = 2743
Blocksize strategy selection process: -0.034901 --> -0.029194, len_BS = 2745
Blocksize strategy selection process: -0.034900 --> -0.029194, len_BS = 2777
Blocksize strategy selection process: -0.034896 --> -0.029194, len_BS = 2779
Blocksize strategy selection process: -0.034843 --> -0.029194, len_BS = 2788
Blocksize strategy selection process: -0.034841 --> -0.029194, len_BS = 2801
Blocksize strategy selection process: -0.034840 --> -0.029194, len_BS = 2806
Blocksize strategy selection process: -0.034839 --> -0.029194, len_BS = 2809
Blocksize strategy selection process: -0.034835 --> -0.029194, len_BS = 2810
Blocksize strategy selection process: -0.034834 --> -0.029194, len_BS = 2821
Blocksize strategy selection process: -0.034833 --> -0.029194, len_BS = 2823
Blocksize strategy selection process: -0.034748 --> -0.029194, len_BS = 2824
Blocksize strategy selection process: -0.034747 --> -0.029194, len_BS = 2821
Blocksize strategy selection process: -0.034746 --> -0.029194, len_BS = 2823
Blocksize strategy selection process: -0.034745 --> -0.029194, len_BS = 2826
Blocksize strategy selection process: -0.034741 --> -0.029194, len_BS = 2827
Blocksize strategy selection process: -0.034721 --> -0.029194, len_BS = 2835
Blocksize strategy selection process: -0.034720 --> -0.029194, len_BS = 2835
Blocksize strategy selection process: -0.034709 --> -0.029194, len_BS = 2836
Blocksize strategy selection process: -0.034708 --> -0.029194, len_BS = 2855
Blocksize strategy selection process: -0.034707 --> -0.029194, len_BS = 2857
Blocksize strategy selection process: -0.034703 --> -0.029194, len_BS = 2857
Blocksize strategy selection process: -0.034702 --> -0.029194, len_BS = 2865
Blocksize strategy selection process: -0.034690 --> -0.029194, len_BS = 2865
Blocksize strategy selection process: -0.034689 --> -0.029194, len_BS = 2884
Blocksize strategy selection process: -0.034688 --> -0.029194, len_BS = 2884
Blocksize strategy selection process: -0.034618 --> -0.029194, len_BS = 2885
Blocksize strategy selection process: -0.034617 --> -0.029194, len_BS = 2878
Blocksize strategy selection process: -0.034612 --> -0.029194, len_BS = 2880
Blocksize strategy selection process: -0.034557 --> -0.029194, len_BS = 2891
Blocksize strategy selection process: -0.034539 --> -0.029194, len_BS = 2887
Blocksize strategy selection process: -0.034538 --> -0.029194, len_BS = 2911
Blocksize strategy selection process: -0.034434 --> -0.029194, len_BS = 2912
Blocksize strategy selection process: -0.034431 --> -0.029194, len_BS = 2871
Blocksize strategy selection process: -0.034418 --> -0.029194, len_BS = 2879
Blocksize strategy selection process: -0.034417 --> -0.029194, len_BS = 2890
Blocksize strategy selection process: -0.034300 --> -0.029194, len_BS = 2890
Blocksize strategy selection process: -0.034299 --> -0.029194, len_BS = 2869
Blocksize strategy selection process: -0.034298 --> -0.029194, len_BS = 2869
Blocksize strategy selection process: -0.034297 --> -0.029194, len_BS = 2870
Blocksize strategy selection process: -0.034089 --> -0.029194, len_BS = 2871
Blocksize strategy selection process: -0.034082 --> -0.029194, len_BS = 2809
Blocksize strategy selection process: -0.034072 --> -0.029194, len_BS = 2753
Blocksize strategy selection process: -0.034057 --> -0.029194, len_BS = 2757
Blocksize strategy selection process: -0.034035 --> -0.029194, len_BS = 2769
Blocksize strategy selection process: -0.034034 --> -0.029194, len_BS = 2797
Blocksize strategy selection process: -0.034014 --> -0.029194, len_BS = 2800
Blocksize strategy selection process: -0.034004 --> -0.029194, len_BS = 2820
Blocksize strategy selection process: -0.034003 --> -0.029194, len_BS = 2843
Blocksize strategy selection process: -0.033935 --> -0.029194, len_BS = 2843
Blocksize strategy selection process: -0.033934 --> -0.029194, len_BS = 2852
Blocksize strategy selection process: -0.033927 --> -0.029194, len_BS = 2853
Blocksize strategy selection process: -0.033925 --> -0.029194, len_BS = 2863
Blocksize strategy selection process: -0.033856 --> -0.029194, len_BS = 2867
Blocksize strategy selection process: -0.033825 --> -0.029194, len_BS = 2864
Blocksize strategy selection process: -0.033665 --> -0.029194, len_BS = 2883
Blocksize strategy selection process: -0.033657 --> -0.029194, len_BS = 2823
Blocksize strategy selection process: -0.033656 --> -0.029194, len_BS = 2832
Blocksize strategy selection process: -0.033629 --> -0.029194, len_BS = 2832
Blocksize strategy selection process: -0.033588 --> -0.029194, len_BS = 2855
Blocksize strategy selection process: -0.033587 --> -0.029194, len_BS = 2875
Blocksize strategy selection process: -0.033586 --> -0.029194, len_BS = 2875
Blocksize strategy selection process: -0.033585 --> -0.029194, len_BS = 2879
Blocksize strategy selection process: -0.033578 --> -0.029194, len_BS = 2879
Blocksize strategy selection process: -0.033577 --> -0.029194, len_BS = 2885
Blocksize strategy selection process: -0.033574 --> -0.029194, len_BS = 2886
Blocksize strategy selection process: -0.033573 --> -0.029194, len_BS = 2889
Blocksize strategy selection process: -0.033571 --> -0.029194, len_BS = 2889
Blocksize strategy selection process: -0.033569 --> -0.029194, len_BS = 2895
Blocksize strategy selection process: -0.033560 --> -0.029194, len_BS = 2900
Blocksize strategy selection process: -0.033559 --> -0.029194, len_BS = 2911
Blocksize strategy selection process: -0.033557 --> -0.029194, len_BS = 2912
Blocksize strategy selection process: -0.033556 --> -0.029194, len_BS = 2914
Blocksize strategy selection process: -0.033498 --> -0.029194, len_BS = 2914
Blocksize strategy selection process: -0.033497 --> -0.029194, len_BS = 2923
Blocksize strategy selection process: -0.033467 --> -0.029194, len_BS = 2926
Blocksize strategy selection process: -0.033408 --> -0.029194, len_BS = 2947
Blocksize strategy selection process: -0.033407 --> -0.029194, len_BS = 2952
Blocksize strategy selection process: -0.033350 --> -0.029194, len_BS = 2953
Blocksize strategy selection process: -0.033349 --> -0.029194, len_BS = 2963
Blocksize strategy selection process: -0.033250 --> -0.029194, len_BS = 2963
Blocksize strategy selection process: -0.033249 --> -0.029194, len_BS = 2957
Blocksize strategy selection process: -0.033246 --> -0.029194, len_BS = 2957
Blocksize strategy selection process: -0.033237 --> -0.029194, len_BS = 2961
Blocksize strategy selection process: -0.033236 --> -0.029194, len_BS = 2972
Blocksize strategy selection process: -0.033223 --> -0.029194, len_BS = 2973
Blocksize strategy selection process: -0.033121 --> -0.029194, len_BS = 2986
Blocksize strategy selection process: -0.033120 --> -0.029194, len_BS = 2970
Blocksize strategy selection process: -0.033031 --> -0.029194, len_BS = 2971
Blocksize strategy selection process: -0.033030 --> -0.029194, len_BS = 2969
Blocksize strategy selection process: -0.033022 --> -0.029194, len_BS = 2971
Blocksize strategy selection process: -0.033020 --> -0.029194, len_BS = 2974
Blocksize strategy selection process: -0.033019 --> -0.029194, len_BS = 2976
Blocksize strategy selection process: -0.032969 --> -0.029194, len_BS = 2979
Blocksize strategy selection process: -0.032968 --> -0.029194, len_BS = 2990
Blocksize strategy selection process: -0.032966 --> -0.029194, len_BS = 2990
Blocksize strategy selection process: -0.032896 --> -0.029194, len_BS = 2992
Blocksize strategy selection process: -0.032882 --> -0.029194, len_BS = 2994
Blocksize strategy selection process: -0.032873 --> -0.029194, len_BS = 3010
Blocksize strategy selection process: -0.032872 --> -0.029194, len_BS = 3014
Blocksize strategy selection process: -0.032672 --> -0.029194, len_BS = 3014
Blocksize strategy selection process: -0.032590 --> -0.029194, len_BS = 2965
Blocksize strategy selection process: -0.032435 --> -0.029194, len_BS = 2975
Blocksize strategy selection process: -0.032369 --> -0.029194, len_BS = 2974
Blocksize strategy selection process: -0.032368 --> -0.029194, len_BS = 2983
Blocksize strategy selection process: -0.032363 --> -0.029194, len_BS = 2984
Blocksize strategy selection process: -0.032362 --> -0.029194, len_BS = 2986
Blocksize strategy selection process: -0.032305 --> -0.029194, len_BS = 2987
Blocksize strategy selection process: -0.032297 --> -0.029194, len_BS = 2996
Blocksize strategy selection process: -0.032296 --> -0.029194, len_BS = 2999
Blocksize strategy selection process: -0.032279 --> -0.029194, len_BS = 2999
Blocksize strategy selection process: -0.032277 --> -0.029194, len_BS = 3005
Blocksize strategy selection process: -0.032186 --> -0.029194, len_BS = 3007
Blocksize strategy selection process: -0.032156 --> -0.029194, len_BS = 3013
Blocksize strategy selection process: -0.032140 --> -0.029194, len_BS = 3018
Blocksize strategy selection process: -0.032139 --> -0.029194, len_BS = 3024
Blocksize strategy selection process: -0.032138 --> -0.029194, len_BS = 3024
Blocksize strategy selection process: -0.032132 --> -0.029194, len_BS = 3025
Blocksize strategy selection process: -0.032116 --> -0.029194, len_BS = 3031
Blocksize strategy selection process: -0.032115 --> -0.029194, len_BS = 3036
Blocksize strategy selection process: -0.032052 --> -0.029194, len_BS = 3036
Blocksize strategy selection process: -0.032037 --> -0.029194, len_BS = 3045
Blocksize strategy selection process: -0.032036 --> -0.029194, len_BS = 3049
Blocksize strategy selection process: -0.032009 --> -0.029194, len_BS = 3049
Blocksize strategy selection process: -0.032008 --> -0.029194, len_BS = 3058
Blocksize strategy selection process: -0.031992 --> -0.029194, len_BS = 3058
Blocksize strategy selection process: -0.031901 --> -0.029194, len_BS = 3066
Blocksize strategy selection process: -0.031869 --> -0.029194, len_BS = 3068
Blocksize strategy selection process: -0.031775 --> -0.029194, len_BS = 3081
Blocksize strategy selection process: -0.031752 --> -0.029194, len_BS = 3080
Blocksize strategy selection process: -0.031751 --> -0.029194, len_BS = 3086
Blocksize strategy selection process: -0.031745 --> -0.029194, len_BS = 3086
Blocksize strategy selection process: -0.031620 --> -0.029194, len_BS = 3086
Blocksize strategy selection process: -0.031619 --> -0.029194, len_BS = 3079
Blocksize strategy selection process: -0.031618 --> -0.029194, len_BS = 3079
Blocksize strategy selection process: -0.031617 --> -0.029194, len_BS = 3079
Blocksize strategy selection process: -0.031616 --> -0.029194, len_BS = 3079
Blocksize strategy selection process: -0.031599 --> -0.029194, len_BS = 3079
Blocksize strategy selection process: -0.031598 --> -0.029194, len_BS = 3080
Blocksize strategy selection process: -0.031383 --> -0.029194, len_BS = 3080
Blocksize strategy selection process: -0.031374 --> -0.029194, len_BS = 3078
Blocksize strategy selection process: -0.031350 --> -0.029194, len_BS = 3079
Blocksize strategy selection process: -0.031349 --> -0.029194, len_BS = 3084
Blocksize strategy selection process: -0.031306 --> -0.029194, len_BS = 3084
Blocksize strategy selection process: -0.031272 --> -0.029194, len_BS = 3091
Blocksize strategy selection process: -0.031271 --> -0.029194, len_BS = 3098
Blocksize strategy selection process: -0.031267 --> -0.029194, len_BS = 3098
Blocksize strategy selection process: -0.031266 --> -0.029194, len_BS = 3099
Blocksize strategy selection process: -0.031260 --> -0.029194, len_BS = 3099
Blocksize strategy selection process: -0.031250 --> -0.029194, len_BS = 3100
Blocksize strategy selection process: -0.031249 --> -0.029194, len_BS = 3101
Blocksize strategy selection process: -0.031231 --> -0.029194, len_BS = 3101
Blocksize strategy selection process: -0.031183 --> -0.029194, len_BS = 3103
Blocksize strategy selection process: -0.031177 --> -0.029194, len_BS = 3109
Blocksize strategy selection process: -0.031110 --> -0.029194, len_BS = 3109
Blocksize strategy selection process: -0.031109 --> -0.029194, len_BS = 3117
Blocksize strategy selection process: -0.031100 --> -0.029194, len_BS = 3117
Blocksize strategy selection process: -0.031088 --> -0.029194, len_BS = 3119
Blocksize strategy selection process: -0.031040 --> -0.029194, len_BS = 3119
Blocksize strategy selection process: -0.031037 --> -0.029194, len_BS = 3121
Blocksize strategy selection process: -0.031005 --> -0.029194, len_BS = 3121
Blocksize strategy selection process: -0.030919 --> -0.029194, len_BS = 3121
Blocksize strategy selection process: -0.030915 --> -0.029194, len_BS = 3123
Blocksize strategy selection process: -0.030909 --> -0.029194, len_BS = 3123
Blocksize strategy selection process: -0.030891 --> -0.029194, len_BS = 3123
Blocksize strategy selection process: -0.030881 --> -0.029194, len_BS = 3124
Blocksize strategy selection process: -0.030833 --> -0.029194, len_BS = 3124
Blocksize strategy selection process: -0.030832 --> -0.029194, len_BS = 3126
Blocksize strategy selection process: -0.030831 --> -0.029194, len_BS = 3126
Blocksize strategy selection process: -0.030813 --> -0.029194, len_BS = 3126
Blocksize strategy selection process: -0.030806 --> -0.029194, len_BS = 3127
Blocksize strategy selection process: -0.030768 --> -0.029194, len_BS = 3127
Blocksize strategy selection process: -0.030757 --> -0.029194, len_BS = 3129
Blocksize strategy selection process: -0.030740 --> -0.029194, len_BS = 3129
Blocksize strategy selection process: -0.030702 --> -0.029194, len_BS = 3130
Blocksize strategy selection process: -0.030690 --> -0.029194, len_BS = 3133
Blocksize strategy selection process: -0.030537 --> -0.029194, len_BS = 3134
Blocksize strategy selection process: -0.030476 --> -0.029194, len_BS = 3136
Blocksize strategy selection process: -0.030472 --> -0.029194, len_BS = 3138
Blocksize strategy selection process: -0.030459 --> -0.029194, len_BS = 3138
Blocksize strategy selection process: -0.030456 --> -0.029194, len_BS = 3138
Blocksize strategy selection process: -0.030448 --> -0.029194, len_BS = 3138
Blocksize strategy selection process: -0.030446 --> -0.029194, len_BS = 3139
Blocksize strategy selection process: -0.030441 --> -0.029194, len_BS = 3139
Blocksize strategy selection process: -0.030439 --> -0.029194, len_BS = 3139
Blocksize strategy selection process: -0.030438 --> -0.029194, len_BS = 3139
Blocksize strategy selection process: -0.030400 --> -0.029194, len_BS = 3139
Blocksize strategy selection process: -0.030398 --> -0.029194, len_BS = 3141
Blocksize strategy selection process: -0.030382 --> -0.029194, len_BS = 3141
Blocksize strategy selection process: -0.030379 --> -0.029194, len_BS = 3143
Blocksize strategy selection process: -0.030371 --> -0.029194, len_BS = 3143
Blocksize strategy selection process: -0.030367 --> -0.029194, len_BS = 3143
Blocksize strategy selection process: -0.030325 --> -0.029194, len_BS = 3143
Blocksize strategy selection process: -0.030305 --> -0.029194, len_BS = 3144
Blocksize strategy selection process: -0.030269 --> -0.029194, len_BS = 3145
Blocksize strategy selection process: -0.030199 --> -0.029194, len_BS = 3146
Blocksize strategy selection process: -0.030161 --> -0.029194, len_BS = 3147
Blocksize strategy selection process: -0.030156 --> -0.029194, len_BS = 3147
Blocksize strategy selection process: -0.030155 --> -0.029194, len_BS = 3147
Blocksize strategy selection process: -0.030154 --> -0.029194, len_BS = 3147
Blocksize strategy selection process: -0.030093 --> -0.029194, len_BS = 3147
Blocksize strategy selection process: -0.030072 --> -0.029194, len_BS = 3148
Blocksize strategy selection process: -0.030059 --> -0.029194, len_BS = 3148
Blocksize strategy selection process: -0.030053 --> -0.029194, len_BS = 3148
Blocksize strategy selection process: -0.030052 --> -0.029194, len_BS = 3148
Blocksize strategy selection process: -0.030048 --> -0.029194, len_BS = 3148
Blocksize strategy selection process: -0.030047 --> -0.029194, len_BS = 3148
Blocksize strategy selection process: -0.030018 --> -0.029194, len_BS = 3148
Blocksize strategy selection process: -0.030009 --> -0.029194, len_BS = 3148
Blocksize strategy selection process: -0.030007 --> -0.029194, len_BS = 3148
Blocksize strategy selection process: -0.030003 --> -0.029194, len_BS = 3148
Blocksize strategy selection process: -0.030002 --> -0.029194, len_BS = 3148
Blocksize strategy selection process: -0.030001 --> -0.029194, len_BS = 3148
Blocksize strategy selection process: -0.029998 --> -0.029194, len_BS = 3148
Blocksize strategy selection process: -0.029954 --> -0.029194, len_BS = 3148
Blocksize strategy selection process: -0.029953 --> -0.029194, len_BS = 3149
Blocksize strategy selection process: -0.029950 --> -0.029194, len_BS = 3149
Blocksize strategy selection process: -0.029949 --> -0.029194, len_BS = 3149
Blocksize strategy selection process: -0.029912 --> -0.029194, len_BS = 3149
Blocksize strategy selection process: -0.029879 --> -0.029194, len_BS = 3149
Blocksize strategy selection process: -0.029845 --> -0.029194, len_BS = 3150
Blocksize strategy selection process: -0.029844 --> -0.029194, len_BS = 3150
Blocksize strategy selection process: -0.029769 --> -0.029194, len_BS = 3150
Blocksize strategy selection process: -0.029750 --> -0.029194, len_BS = 3150
Blocksize strategy selection process: -0.029743 --> -0.029194, len_BS = 3150
Blocksize strategy selection process: -0.029742 --> -0.029194, len_BS = 3150
Blocksize strategy selection process: -0.029741 --> -0.029194, len_BS = 3150
Blocksize strategy selection process: -0.029739 --> -0.029194, len_BS = 3150
Blocksize strategy selection process: -0.029738 --> -0.029194, len_BS = 3150
Blocksize strategy selection process: -0.029737 --> -0.029194, len_BS = 3150
Blocksize strategy selection process: -0.029736 --> -0.029194, len_BS = 3150
Blocksize strategy selection process: -0.029730 --> -0.029194, len_BS = 3150
Blocksize strategy selection process: -0.029729 --> -0.029194, len_BS = 3150
Blocksize strategy selection process: -0.029727 --> -0.029194, len_BS = 3150
Blocksize strategy selection process: -0.029726 --> -0.029194, len_BS = 3150
Blocksize strategy selection process: -0.029725 --> -0.029194, len_BS = 3150
Blocksize strategy selection process: -0.029724 --> -0.029194, len_BS = 3150
Blocksize strategy selection process: -0.029723 --> -0.029194, len_BS = 3150
Blocksize strategy selection process: -0.029722 --> -0.029194, len_BS = 3150
Blocksize strategy selection process: -0.029699 --> -0.029194, len_BS = 3150
Blocksize strategy selection process: -0.029687 --> -0.029194, len_BS = 3151
Blocksize strategy selection process: -0.029620 --> -0.029194, len_BS = 3152
Blocksize strategy selection process: -0.029612 --> -0.029194, len_BS = 3152
Blocksize strategy selection process: -0.029603 --> -0.029194, len_BS = 3153
Blocksize strategy selection process: -0.029556 --> -0.029194, len_BS = 3153
Blocksize strategy selection process: -0.029555 --> -0.029194, len_BS = 3154
Blocksize strategy selection process: -0.029554 --> -0.029194, len_BS = 3154
Blocksize strategy selection process: -0.029553 --> -0.029194, len_BS = 3154
Blocksize strategy selection process: -0.029552 --> -0.029194, len_BS = 3154
Blocksize strategy selection process: -0.029551 --> -0.029194, len_BS = 3154
Blocksize strategy selection process: -0.029549 --> -0.029194, len_BS = 3154
Blocksize strategy selection process: -0.029548 --> -0.029194, len_BS = 3154
Blocksize strategy selection process: -0.029547 --> -0.029194, len_BS = 3154
Blocksize strategy selection process: -0.029546 --> -0.029194, len_BS = 3154
Blocksize strategy selection process: -0.029545 --> -0.029194, len_BS = 3154
Blocksize strategy selection process: -0.029544 --> -0.029194, len_BS = 3154
Blocksize strategy selection process: -0.029543 --> -0.029194, len_BS = 3154
Blocksize strategy selection process: -0.029542 --> -0.029194, len_BS = 3154
Blocksize strategy selection process: -0.029541 --> -0.029194, len_BS = 3154
Blocksize strategy selection process: -0.029523 --> -0.029194, len_BS = 3154
Blocksize strategy selection process: -0.029522 --> -0.029194, len_BS = 3154
Blocksize strategy selection process: -0.029520 --> -0.029194, len_BS = 3154
Blocksize strategy selection process: -0.029519 --> -0.029194, len_BS = 3154
Blocksize strategy selection process: -0.029483 --> -0.029194, len_BS = 3154
Blocksize strategy selection process: -0.029482 --> -0.029194, len_BS = 3155
Blocksize strategy selection process: -0.029481 --> -0.029194, len_BS = 3155
Blocksize strategy selection process: -0.029480 --> -0.029194, len_BS = 3155
Blocksize strategy selection process: -0.029479 --> -0.029194, len_BS = 3155
Blocksize strategy selection process: -0.029478 --> -0.029194, len_BS = 3155
Blocksize strategy selection process: -0.029461 --> -0.029194, len_BS = 3155
Blocksize strategy selection process: -0.029460 --> -0.029194, len_BS = 3155
Blocksize strategy selection process: -0.029459 --> -0.029194, len_BS = 3155
Blocksize strategy selection process: -0.029458 --> -0.029194, len_BS = 3155
Blocksize strategy selection process: -0.029457 --> -0.029194, len_BS = 3155
Blocksize strategy selection process: -0.029456 --> -0.029194, len_BS = 3155
Blocksize strategy selection process: -0.029455 --> -0.029194, len_BS = 3155
Blocksize strategy selection process: -0.029454 --> -0.029194, len_BS = 3155
Blocksize strategy selection process: -0.029453 --> -0.029194, len_BS = 3155
Blocksize strategy selection process: -0.029452 --> -0.029194, len_BS = 3155
Blocksize strategy selection process: -0.029451 --> -0.029194, len_BS = 3155
Blocksize strategy selection process: -0.029450 --> -0.029194, len_BS = 3155
Blocksize strategy selection process: -0.029449 --> -0.029194, len_BS = 3155
Blocksize strategy selection process: -0.029448 --> -0.029194, len_BS = 3155
Blocksize strategy selection process: -0.029432 --> -0.029194, len_BS = 3155
Blocksize strategy selection process: -0.029431 --> -0.029194, len_BS = 3155
Blocksize strategy selection process: -0.029430 --> -0.029194, len_BS = 3155
Blocksize strategy selection process: -0.029429 --> -0.029194, len_BS = 3155
Blocksize strategy selection process: -0.029428 --> -0.029194, len_BS = 3155
Blocksize strategy selection process: -0.029427 --> -0.029194, len_BS = 3155
Blocksize strategy selection process: -0.029426 --> -0.029194, len_BS = 3155
Blocksize strategy selection process: -0.029425 --> -0.029194, len_BS = 3155
Blocksize strategy selection process: -0.029424 --> -0.029194, len_BS = 3155
Blocksize strategy selection process: -0.029423 --> -0.029194, len_BS = 3155
Blocksize strategy selection process: -0.029422 --> -0.029194, len_BS = 3155
Blocksize strategy selection process: -0.029421 --> -0.029194, len_BS = 3155
Blocksize strategy selection process: -0.029420 --> -0.029194, len_BS = 3155
Blocksize strategy selection process: -0.029419 --> -0.029194, len_BS = 3155
Blocksize strategy selection process: -0.029404 --> -0.029194, len_BS = 3155
Blocksize strategy selection process: -0.029403 --> -0.029194, len_BS = 3155
Blocksize strategy selection process: -0.029402 --> -0.029194, len_BS = 3155
Blocksize strategy selection process: -0.029401 --> -0.029194, len_BS = 3155
Blocksize strategy selection process: -0.029400 --> -0.029194, len_BS = 3155
Blocksize strategy selection process: -0.029399 --> -0.029194, len_BS = 3155
Blocksize strategy selection process: -0.029398 --> -0.029194, len_BS = 3155
Blocksize strategy selection process: -0.029397 --> -0.029194, len_BS = 3155
Blocksize strategy selection process: -0.029396 --> -0.029194, len_BS = 3155
Blocksize strategy selection process: -0.029395 --> -0.029194, len_BS = 3155
Blocksize strategy selection process: -0.029394 --> -0.029194, len_BS = 3155
Blocksize strategy selection process: -0.029393 --> -0.029194, len_BS = 3155
Blocksize strategy selection process: -0.029392 --> -0.029194, len_BS = 3155
Blocksize strategy selection process: -0.029378 --> -0.029194, len_BS = 3155
Blocksize strategy selection process: -0.029376 --> -0.029194, len_BS = 3155
Blocksize strategy selection process: -0.029375 --> -0.029194, len_BS = 3155
Blocksize strategy selection process: -0.029374 --> -0.029194, len_BS = 3155
Blocksize strategy selection process: -0.029373 --> -0.029194, len_BS = 3155
Blocksize strategy selection process: -0.029372 --> -0.029194, len_BS = 3155
Blocksize strategy selection process: -0.029371 --> -0.029194, len_BS = 3155
Blocksize strategy selection process: -0.029370 --> -0.029194, len_BS = 3155
Blocksize strategy selection process: -0.029369 --> -0.029194, len_BS = 3155
Blocksize strategy selection process: -0.029368 --> -0.029194, len_BS = 3155
Blocksize strategy selection process: -0.029367 --> -0.029194, len_BS = 3155
Blocksize strategy selection process: -0.029354 --> -0.029194, len_BS = 3155
Blocksize strategy selection process: -0.029353 --> -0.029194, len_BS = 3155
Blocksize strategy selection process: -0.029352 --> -0.029194, len_BS = 3155
Blocksize strategy selection process: -0.029351 --> -0.029194, len_BS = 3155
Blocksize strategy selection process: -0.029350 --> -0.029194, len_BS = 3155
Blocksize strategy selection process: -0.029349 --> -0.029194, len_BS = 3155
Blocksize strategy selection process: -0.029348 --> -0.029194, len_BS = 3155
Blocksize strategy selection process: -0.029347 --> -0.029194, len_BS = 3155
Blocksize strategy selection process: -0.029346 --> -0.029194, len_BS = 3155
Blocksize strategy selection process: -0.029310 --> -0.029194, len_BS = 3155
Blocksize strategy selection process: -0.029309 --> -0.029194, len_BS = 3155
Blocksize strategy selection process: -0.029308 --> -0.029194, len_BS = 3155
Blocksize strategy selection process: -0.029307 --> -0.029194, len_BS = 3155
Blocksize strategy selection process: -0.029306 --> -0.029194, len_BS = 3155
Blocksize strategy selection process: -0.029305 --> -0.029194, len_BS = 3155
Blocksize strategy selection process: -0.029304 --> -0.029194, len_BS = 3155
Blocksize strategy selection process: -0.029303 --> -0.029194, len_BS = 3155
Blocksize strategy selection process: -0.029302 --> -0.029194, len_BS = 3155
Blocksize strategy selection process: -0.029301 --> -0.029194, len_BS = 3155
Blocksize strategy selection process: -0.029291 --> -0.029194, len_BS = 3155
Blocksize strategy selection process: -0.029290 --> -0.029194, len_BS = 3155
Blocksize strategy selection process: -0.029288 --> -0.029194, len_BS = 3155
Blocksize strategy selection process: -0.029287 --> -0.029194, len_BS = 3155
Blocksize strategy selection process: -0.029286 --> -0.029194, len_BS = 3155
Blocksize strategy selection process: -0.029285 --> -0.029194, len_BS = 3155
Blocksize strategy selection process: -0.029284 --> -0.029194, len_BS = 3155
Blocksize strategy selection process: -0.029283 --> -0.029194, len_BS = 3155
Blocksize strategy selection process: -0.029282 --> -0.029194, len_BS = 3155
Blocksize strategy selection process: -0.029281 --> -0.029194, len_BS = 3155
Blocksize strategy selection process: -0.029280 --> -0.029194, len_BS = 3155
Blocksize strategy selection process: -0.029271 --> -0.029194, len_BS = 3155
Blocksize strategy selection process: -0.029269 --> -0.029194, len_BS = 3155
Blocksize strategy selection process: -0.029268 --> -0.029194, len_BS = 3155
Blocksize strategy selection process: -0.029267 --> -0.029194, len_BS = 3155
Blocksize strategy selection process: -0.029266 --> -0.029194, len_BS = 3155
Blocksize strategy selection process: -0.029257 --> -0.029194, len_BS = 3155
Blocksize strategy selection process: -0.029254 --> -0.029194, len_BS = 3155
Blocksize strategy selection process: -0.029253 --> -0.029194, len_BS = 3155
Blocksize strategy selection process: -0.029252 --> -0.029194, len_BS = 3155
Blocksize strategy selection process: -0.029251 --> -0.029194, len_BS = 3155
Blocksize strategy selection process: -0.029250 --> -0.029194, len_BS = 3155
Blocksize strategy selection process: -0.029249 --> -0.029194, len_BS = 3155
Blocksize strategy selection process: -0.029241 --> -0.029194, len_BS = 3155
Blocksize strategy selection process: -0.029238 --> -0.029194, len_BS = 3155
Blocksize strategy selection process: -0.029237 --> -0.029194, len_BS = 3155
Blocksize strategy selection process: -0.029236 --> -0.029194, len_BS = 3155
Blocksize strategy selection process: -0.029235 --> -0.029194, len_BS = 3155
Blocksize strategy selection process: -0.029234 --> -0.029194, len_BS = 3155
Blocksize strategy selection process: -0.029233 --> -0.029194, len_BS = 3155
Blocksize strategy selection process: -0.029227 --> -0.029194, len_BS = 3155
Blocksize strategy selection process: -0.029225 --> -0.029194, len_BS = 3155
Blocksize strategy selection process: -0.029224 --> -0.029194, len_BS = 3155
Blocksize strategy selection process: -0.029218 --> -0.029194, len_BS = 3155
Blocksize strategy selection process: -0.029216 --> -0.029194, len_BS = 3155
Blocksize strategy selection process: -0.029215 --> -0.029194, len_BS = 3155
Blocksize strategy selection process: -0.029214 --> -0.029194, len_BS = 3155
Blocksize strategy selection process: -0.029213 --> -0.029194, len_BS = 3155
Blocksize strategy selection process: -0.029212 --> -0.029194, len_BS = 3155
Blocksize strategy selection process: -0.029208 --> -0.029194, len_BS = 3155
Blocksize strategy selection process: -0.029206 --> -0.029194, len_BS = 3155
Blocksize strategy selection process: -0.029205 --> -0.029194, len_BS = 3155
Blocksize strategy selection process: -0.029204 --> -0.029194, len_BS = 3155
Blocksize strategy selection process: -0.029203 --> -0.029194, len_BS = 3155
Blocksize strategy selection process: -0.029200 --> -0.029194, len_BS = 3155
Blocksize strategy selection process: -0.029199 --> -0.029194, len_BS = 3155
Blocksize strategy selection process: -0.029198 --> -0.029194, len_BS = 3155
Blocksize strategy selection process: -0.029196 --> -0.029194, len_BS = 3155
Blocksize strategy selection process: -0.029195 --> -0.029194, len_BS = 3155
Blocksize strategy selection process: -0.029194 --> -0.029194, len_BS = 3155
len(BS) = 3155
Time cost for generating Strategy: 282.886389 s
[15.45911976071094,15.428082441312501,15.397030687195535,15.365962689890694,15.334876618675068,15.303770619731534,15.272642815276917,15.241491302657558,15.210314153410849,15.179109412291275,15.147875096259384,15.116609193432094,15.085309661992689,15.053974429058794,15.02260138950659,14.991188404749472,14.959733301469331,14.928233870298659,14.896687864451586,14.865092998302028,14.833446945907212,14.801747339474765,14.76999176777175,14.738177774474224,14.706302856455906,14.674364462015024,14.642359989038567,14.610286783103767,14.57814213551708,14.54592328129177,14.513627397066085,14.481251598965105,14.448792940410971,14.416286652124672,14.38388571459091,14.35147313718534,14.319022293969933,14.286492876577086,14.253869781147795,14.221155199173609,14.188335606211862,14.155446559451498,14.122440104634101,14.08933576997979,14.056097118511786,14.022775121763523,13.989319726367956,13.955742292745764,13.922032682649938,13.888200136424839,13.854238766451449,13.820134401039809,13.785902383624077,13.751520437919694,13.71699841040434,13.682313810866255,13.6474893552871,13.612508669534748,13.577364724291861,13.542047037299408,13.506560835117806,13.470919566509941,13.435104253235174,13.399138994379577,13.36298069382251,13.326643401313355,13.290129756348573,13.253418794525373,13.21653976906886,13.179453173628943,13.14218354384504,13.10473962050142,13.067104759920358,13.029267304047519,12.991247149176143,12.953063978457806,12.914839534163459,12.876696082105866,12.854341141426701,12.831875967818036,12.809299327121343,12.786609963429807,12.763806598564706,12.740887931535863,12.717852637985537,12.694699369615162,12.671426753594282,12.64803339195106,12.624517860943584,12.600878710411335,12.577114463106007,12.553223614000895,12.52920462957806,12.505055947092336,12.48077597381139,12.456363086230773,12.43181562926308,12.407131915400106,12.382310223847012,12.357348799627289,12.3322458526574,12.306999556789851,12.281608048823406,12.256069427479082,12.230381752340541,12.204543042757368,12.178551276709705,12.152404389632608,12.12610027319843,12.099636774055456,12.073011692520891,12.046222781226259,12.019267743713174,11.992144232977292,11.964849849958215,11.937382141972927,11.909738601090341,11.881916662444258,11.853913702482082,11.825727037146347,11.797353919986053,11.768791540194657,11.740037020571352,11.71108741540217,11.681939708257232,11.652590809700255,11.623037554906343,11.593276701183749,11.563304925395194,11.533118821274053,11.502714896630545,11.472089570442726,11.441239169826984,11.410159926882336,11.378847975402678,11.347299347450772,11.31550996978758,11.283475660150186,11.251192123371268,11.218654947332878,11.185859598746893,11.152801418754265,11.119475618334945,11.085877273520014,11.052001320397423,11.017842549902413,10.983395602383574,10.948654961935347,10.913614950487696,10.878269721643694,10.842613254255879,10.806639345732396,10.770341605064496,10.733713445567298,10.696748077326793,10.659438499346974,10.621777491392617,10.583757605525022,10.545371157330576,10.506610216845175,10.467466599181325,10.427931854869987,10.387997259935153,10.347653805727079,10.306892188549527,10.265702799128377,10.224075711983552,10.182000674784387,10.139467097791089,10.096464043512631,10.052980216745892,10.00900395520328,9.969877134146568,9.952119951215387,9.918089431627903,9.880319640846066,9.836868412787641,9.791224070293685,9.745792858578715,9.698376738346578,9.655833613578388,9.606507438832885,9.559797806847476,9.507889118276628,9.462982127571653,9.410984320201521,9.360443573078213,9.308361433147141,9.257440764953227,9.205572893967247,9.1515921626385,9.099616516655116,9.044394538827415,8.990401139587101,8.933119028889413,8.878854583601658,8.822157903774968,8.764320889348053,8.704853099165245,8.645943285692184,8.58874778383393,8.528740261859843,8.471932567268526,8.408941470207408,8.34772429635765,8.286697660060991,8.222559654918157,8.162319784430728,8.096380961297337,8.033669557700096,7.971998829555164,7.907823692970097,7.841825491539825,7.778410175872094,7.717567802426066,7.673606331066622,7.646720799917221]
MinStrategy is: [87, 107, 117, 119, 128, 140] + pump(50,167,24) , ['87 * 1 (-0.048345) , cost = 249.2394 s', '107 * 1 (-0.040256) , cost = 559.6529 s', '117 * 1 (-0.036752) , cost = 1245.3956 s', '119 * 1 (-0.035743) , cost = 2074.2706 s', '128 * 1 (-0.034721) , cost = 15962.3827 s', '140 * 1 (-0.033483) , cost = 264038.4303 s'] + pump(50,167,24)
[87,107,117,119,128,140]
Time cost for pnj-BKZ = 78.92 h,
Time cost for pump = 466.63 h,
Total time cost = 545.55 h.
