New Strategy:
n = 55, alpha = 0.02, q = 3037, jump = 1, goal_margin = 1.50, MAX_TIME = inf h
[16.0372509300915, 16.0372509300915, 16.0372509300915, 16.0372509300915, 16.0372509300915, 16.0372509300915, 16.0372509300915, 16.0372509300915, 16.0372509300915, 16.0372509300915, 16.0372509300915, 16.0372509300915, 16.0372509300915, 16.0372509300915, 16.0372509300915, 16.0372509300915, 16.0372509300915, 16.0372509300915, 16.0372509300915, 16.0372509300915, 16.0372509300915, 16.0372509300915, 16.0372509300915, 16.0372509300915, 16.0372509300915, 16.0372509300915, 16.0372509300915, 16.0372509300915, 16.0372509300915, 16.0372509300915, 16.0372509300915, 16.0372509300915, 16.0372509300915, 16.0372509300915, 16.0372509300915, 16.0372509300915, 16.0372509300915, 16.0372509300915, 16.0372509300915, 16.0372509300915, 16.0372509300915, 16.0372509300915, 16.0372509300915, 16.0372509300915, 16.0372509300915, 16.0372509300915, 16.0372509300915, 16.0372509300915, 16.0372509300915, 16.0372509300915, 16.0372509300915, 16.0372509300915, 16.0372509300915, 16.0372509300915, 16.0372509300915, 16.0372509300915, 16.0372509300915, 16.0372509300915, 16.0372509300915, 16.0372509300915, 16.0372509300915, 16.0372509300915, 16.0372509300915, 16.0372509300915, 16.0372509300915, 16.0372509300915, 16.0372509300915, 16.0372509300915, 16.0372509300915, 16.0372509300915, 16.0372509300915, 16.0372509300915, 16.0372509300915, 16.0372509300915, 16.0372509300915, 16.0372509300915, 16.0372509300915, 16.0372509300915, 16.0372509300915, 16.0372509300915, 16.0372509300915, 16.0372509300915, 16.0372509300915, 16.0372509300915, 16.0372509300915, 16.0372509300915, 16.0372509300915, 16.0372509300915, 15.889205494492144, 15.879946552465736, 15.853805509753515, 15.754606704201374, 15.74947937103397, 15.736343170979078, 15.775177456484792, 15.838665322929986, 15.714486524978632, 15.66843024560181, 15.7182657595872, 15.502253533280092, 15.465189383468838, 15.273589747599607, 15.191120558149775, 15.071052148058588, 14.898959252332089, 14.739219745297403, 14.866434703063609, 14.630248806212936, 14.689617941907272, 14.525853285398961, 14.555257941380791, 14.49976627051412, 14.219857419104255, 14.291213821106133, 14.387948724105957, 14.125442443126719, 13.924013215805356, 13.89237937153501, 13.867529936379716, 13.68137975893115, 13.742852637014009, 13.599696196257659, 13.614281507351611, 13.440230072480608, 13.394952058778113, 13.361090366212464, 13.268888765688722, 13.044110898381712, 13.017547451603727, 12.925519433410015, 13.01469972602156, 12.903165368979716, 12.965421918034092, 12.838754202821677, 12.737832876542727, 12.7910026368638, 12.694481096002356, 12.457817771745905, 12.45760258328778, 12.437174489872115, 12.208358977211835, 12.070858304503838, 12.034023660419205, 11.902060446463953, 11.945336142146962, 11.692874551228643, 11.566666889131918, 11.518227053166305, 11.574558091373634, 11.366251506512349, 11.49112508040641, 11.277670012514966, 11.27971036999742, 11.132152636624665, 11.062383498743616, 10.837673369851153, 10.869849707517545, 10.760374269212468, 10.797459595593748, 10.660379203562844, 10.521273017186658, 10.497780122325707, 10.428577937244146, 10.271156329326443, 10.29423631417345, 10.039203999739147, 10.034849094768779, 9.882181591220244, 9.606473188651059, 9.725833868814759, 9.644021393274029, 9.518993796103793, 9.287947694432257, 9.166756955262473, 9.093502005005334, 8.857616063084064, 8.854523943268418, 8.841865499843731, 8.603314693064235, 8.486617516586593, 8.352713515005531, 8.302599429796972, 8.350444949709036, 8.50264397683494, 8.26609027882888, 8.221066297517359, 8.048852641397223, 8.063648197795853, 8.077665655548781, 7.961239586923202, 7.873127335705411, 7.706959187577533, 7.679407651049706, 7.472040400680022, 7.324544378919549, 7.39955556856185, 7.249508268991767, 7.142296034351506, 7.177111886316235, 7.108711992004567, 6.915561041377786, 6.795568193062429, 6.575766493595223, 6.627449736506328, 6.550807683054927, 6.467733893228019, 6.346192536058971, 6.2806222820379976, 6.267944308853261, 6.23396655903236, 6.019184074662839, 6.005548999843053, 5.816714973894944, 5.746481162250158, 5.53296803094321, 5.6012871548333365, 5.440255269925091, 5.346650455042673, 5.2417295804618185, 5.010839103155883, 5.182335290690979, 4.911179521819668, 5.1174865379217875, 4.867491973063582, 4.971532479488428, 4.804910653227897, 4.688962090192816, 4.78675531453193, 4.826596300491853, 4.716669561884061, 4.595798333892002, 4.354598962850049, 4.222231895461936, 4.050728148134592, 4.060770261619386, 4.080547371152403, 3.891447368990264, 4.036284141132997, 3.980421488663436]
Blocksize strategy selection process: -0.056009 --> -0.056009, len_BS = 1
Blocksize strategy selection process: -0.047096 --> -0.027648, len_BS = 172
Blocksize strategy selection process: -0.046931 --> -0.027647, len_BS = 268
Blocksize strategy selection process: -0.046765 --> -0.027647, len_BS = 350
Blocksize strategy selection process: -0.046599 --> -0.027647, len_BS = 427
Blocksize strategy selection process: -0.046433 --> -0.027647, len_BS = 505
Blocksize strategy selection process: -0.042436 --> -0.027647, len_BS = 582
Blocksize strategy selection process: -0.042317 --> -0.027647, len_BS = 625
Blocksize strategy selection process: -0.042233 --> -0.027647, len_BS = 694
Blocksize strategy selection process: -0.042198 --> -0.027647, len_BS = 754
Blocksize strategy selection process: -0.042115 --> -0.027647, len_BS = 803
Blocksize strategy selection process: -0.042079 --> -0.027647, len_BS = 854
Blocksize strategy selection process: -0.042031 --> -0.027647, len_BS = 903
Blocksize strategy selection process: -0.041996 --> -0.027647, len_BS = 919
Blocksize strategy selection process: -0.041958 --> -0.027647, len_BS = 963
Blocksize strategy selection process: -0.041914 --> -0.027647, len_BS = 1013
Blocksize strategy selection process: -0.041877 --> -0.027647, len_BS = 1026
Blocksize strategy selection process: -0.039972 --> -0.027647, len_BS = 1074
Blocksize strategy selection process: -0.039905 --> -0.027647, len_BS = 1082
Blocksize strategy selection process: -0.039838 --> -0.027647, len_BS = 1135
Blocksize strategy selection process: -0.039771 --> -0.027647, len_BS = 1191
Blocksize strategy selection process: -0.039429 --> -0.027647, len_BS = 1248
Blocksize strategy selection process: -0.038392 --> -0.027647, len_BS = 1245
Blocksize strategy selection process: -0.038346 --> -0.027647, len_BS = 1210
Blocksize strategy selection process: -0.038318 --> -0.027647, len_BS = 1259
Blocksize strategy selection process: -0.038299 --> -0.027647, len_BS = 1301
Blocksize strategy selection process: -0.038242 --> -0.027647, len_BS = 1323
Blocksize strategy selection process: -0.038196 --> -0.027647, len_BS = 1395
Blocksize strategy selection process: -0.038170 --> -0.027647, len_BS = 1451
Blocksize strategy selection process: -0.038150 --> -0.027647, len_BS = 1495
Blocksize strategy selection process: -0.038143 --> -0.027647, len_BS = 1528
Blocksize strategy selection process: -0.037433 --> -0.027647, len_BS = 1536
Blocksize strategy selection process: -0.037412 --> -0.027646, len_BS = 1533
Blocksize strategy selection process: -0.037392 --> -0.027646, len_BS = 1561
Blocksize strategy selection process: -0.037343 --> -0.027646, len_BS = 1594
Blocksize strategy selection process: -0.037322 --> -0.027646, len_BS = 1662
Blocksize strategy selection process: -0.037302 --> -0.027646, len_BS = 1699
Blocksize strategy selection process: -0.036948 --> -0.027646, len_BS = 1732
Blocksize strategy selection process: -0.036934 --> -0.027646, len_BS = 1774
Blocksize strategy selection process: -0.036926 --> -0.027646, len_BS = 1797
Blocksize strategy selection process: -0.036920 --> -0.027646, len_BS = 1815
Blocksize strategy selection process: -0.036911 --> -0.027646, len_BS = 1823
Blocksize strategy selection process: -0.036865 --> -0.027646, len_BS = 1835
Blocksize strategy selection process: -0.036851 --> -0.027646, len_BS = 1890
Blocksize strategy selection process: -0.036843 --> -0.027646, len_BS = 1910
Blocksize strategy selection process: -0.036506 --> -0.027646, len_BS = 1931
Blocksize strategy selection process: -0.036488 --> -0.027646, len_BS = 1840
Blocksize strategy selection process: -0.036470 --> -0.027646, len_BS = 1865
Blocksize strategy selection process: -0.036453 --> -0.027646, len_BS = 1891
Blocksize strategy selection process: -0.036091 --> -0.027646, len_BS = 1915
Blocksize strategy selection process: -0.036078 --> -0.027646, len_BS = 1929
Blocksize strategy selection process: -0.036071 --> -0.027646, len_BS = 1952
Blocksize strategy selection process: -0.036066 --> -0.027646, len_BS = 1971
Blocksize strategy selection process: -0.036044 --> -0.027646, len_BS = 1982
Blocksize strategy selection process: -0.036032 --> -0.027646, len_BS = 2009
Blocksize strategy selection process: -0.036025 --> -0.027646, len_BS = 2027
Blocksize strategy selection process: -0.036019 --> -0.027646, len_BS = 2039
Blocksize strategy selection process: -0.036018 --> -0.027646, len_BS = 2052
Blocksize strategy selection process: -0.035841 --> -0.027646, len_BS = 2057
Blocksize strategy selection process: -0.035835 --> -0.027646, len_BS = 2044
Blocksize strategy selection process: -0.035830 --> -0.027646, len_BS = 2059
Blocksize strategy selection process: -0.035810 --> -0.027646, len_BS = 2078
Blocksize strategy selection process: -0.035804 --> -0.027646, len_BS = 2107
Blocksize strategy selection process: -0.035799 --> -0.027646, len_BS = 2130
Blocksize strategy selection process: -0.035756 --> -0.027646, len_BS = 2145
Blocksize strategy selection process: -0.035743 --> -0.027646, len_BS = 2181
Blocksize strategy selection process: -0.035732 --> -0.027646, len_BS = 2179
Blocksize strategy selection process: -0.035726 --> -0.027646, len_BS = 2178
Blocksize strategy selection process: -0.035722 --> -0.027646, len_BS = 2185
Blocksize strategy selection process: -0.035716 --> -0.027646, len_BS = 2197
Blocksize strategy selection process: -0.035712 --> -0.027646, len_BS = 2182
Blocksize strategy selection process: -0.035711 --> -0.027646, len_BS = 2191
Blocksize strategy selection process: -0.035710 --> -0.027646, len_BS = 2194
Blocksize strategy selection process: -0.035708 --> -0.027646, len_BS = 2194
Blocksize strategy selection process: -0.035706 --> -0.027646, len_BS = 2196
Blocksize strategy selection process: -0.035687 --> -0.027646, len_BS = 2205
Blocksize strategy selection process: -0.035683 --> -0.027646, len_BS = 2225
Blocksize strategy selection process: -0.035681 --> -0.027646, len_BS = 2236
Blocksize strategy selection process: -0.035633 --> -0.027646, len_BS = 2241
Blocksize strategy selection process: -0.035629 --> -0.027646, len_BS = 2255
Blocksize strategy selection process: -0.035530 --> -0.027646, len_BS = 2270
Blocksize strategy selection process: -0.035525 --> -0.027646, len_BS = 2313
Blocksize strategy selection process: -0.035521 --> -0.027646, len_BS = 2328
Blocksize strategy selection process: -0.035516 --> -0.027646, len_BS = 2342
Blocksize strategy selection process: -0.035425 --> -0.027646, len_BS = 2352
Blocksize strategy selection process: -0.035422 --> -0.027646, len_BS = 2382
Blocksize strategy selection process: -0.035420 --> -0.027646, len_BS = 2387
Blocksize strategy selection process: -0.035419 --> -0.027646, len_BS = 2395
Blocksize strategy selection process: -0.035413 --> -0.027646, len_BS = 2396
Blocksize strategy selection process: -0.035410 --> -0.027646, len_BS = 2411
Blocksize strategy selection process: -0.035408 --> -0.027646, len_BS = 2422
Blocksize strategy selection process: -0.035407 --> -0.027646, len_BS = 2426
Blocksize strategy selection process: -0.035406 --> -0.027646, len_BS = 2428
Blocksize strategy selection process: -0.035347 --> -0.027646, len_BS = 2429
Blocksize strategy selection process: -0.035344 --> -0.027646, len_BS = 2455
Blocksize strategy selection process: -0.035342 --> -0.027646, len_BS = 2465
Blocksize strategy selection process: -0.035341 --> -0.027646, len_BS = 2469
Blocksize strategy selection process: -0.035335 --> -0.027646, len_BS = 2472
Blocksize strategy selection process: -0.035329 --> -0.027646, len_BS = 2486
Blocksize strategy selection process: -0.035268 --> -0.027646, len_BS = 2502
Blocksize strategy selection process: -0.035265 --> -0.027646, len_BS = 2536
Blocksize strategy selection process: -0.035263 --> -0.027646, len_BS = 2545
Blocksize strategy selection process: -0.035262 --> -0.027646, len_BS = 2548
Blocksize strategy selection process: -0.035257 --> -0.027646, len_BS = 2553
Blocksize strategy selection process: -0.035254 --> -0.027646, len_BS = 2573
Blocksize strategy selection process: -0.035253 --> -0.027646, len_BS = 2571
Blocksize strategy selection process: -0.035252 --> -0.027646, len_BS = 2571
Blocksize strategy selection process: -0.035247 --> -0.027646, len_BS = 2571
Blocksize strategy selection process: -0.035246 --> -0.027646, len_BS = 2571
Blocksize strategy selection process: -0.035245 --> -0.027646, len_BS = 2571
Blocksize strategy selection process: -0.035207 --> -0.027646, len_BS = 2571
Blocksize strategy selection process: -0.035206 --> -0.027646, len_BS = 2609
Blocksize strategy selection process: -0.035205 --> -0.027646, len_BS = 2612
Blocksize strategy selection process: -0.035200 --> -0.027646, len_BS = 2615
Blocksize strategy selection process: -0.035198 --> -0.027646, len_BS = 2626
Blocksize strategy selection process: -0.035197 --> -0.027646, len_BS = 2628
Blocksize strategy selection process: -0.035177 --> -0.027646, len_BS = 2629
Blocksize strategy selection process: -0.035176 --> -0.027646, len_BS = 2653
Blocksize strategy selection process: -0.035175 --> -0.027646, len_BS = 2659
Blocksize strategy selection process: -0.035174 --> -0.027646, len_BS = 2659
Blocksize strategy selection process: -0.035095 --> -0.027646, len_BS = 2661
Blocksize strategy selection process: -0.035094 --> -0.027646, len_BS = 2668
Blocksize strategy selection process: -0.035018 --> -0.027646, len_BS = 2669
Blocksize strategy selection process: -0.035016 --> -0.027646, len_BS = 2678
Blocksize strategy selection process: -0.035014 --> -0.027646, len_BS = 2687
Blocksize strategy selection process: -0.035013 --> -0.027646, len_BS = 2713
Blocksize strategy selection process: -0.034995 --> -0.027646, len_BS = 2714
Blocksize strategy selection process: -0.034994 --> -0.027646, len_BS = 2718
Blocksize strategy selection process: -0.034942 --> -0.027646, len_BS = 2718
Blocksize strategy selection process: -0.034941 --> -0.027646, len_BS = 2746
Blocksize strategy selection process: -0.034917 --> -0.027646, len_BS = 2751
Blocksize strategy selection process: -0.034916 --> -0.027646, len_BS = 2778
Blocksize strategy selection process: -0.034863 --> -0.027646, len_BS = 2781
Blocksize strategy selection process: -0.034862 --> -0.027646, len_BS = 2809
Blocksize strategy selection process: -0.034861 --> -0.027646, len_BS = 2810
Blocksize strategy selection process: -0.034856 --> -0.027646, len_BS = 2812
Blocksize strategy selection process: -0.034855 --> -0.027646, len_BS = 2825
Blocksize strategy selection process: -0.034821 --> -0.027646, len_BS = 2831
Blocksize strategy selection process: -0.034820 --> -0.027646, len_BS = 2858
Blocksize strategy selection process: -0.034819 --> -0.027646, len_BS = 2861
Blocksize strategy selection process: -0.034722 --> -0.027646, len_BS = 2867
Blocksize strategy selection process: -0.034619 --> -0.027646, len_BS = 2863
Blocksize strategy selection process: -0.034618 --> -0.027646, len_BS = 2858
Blocksize strategy selection process: -0.034568 --> -0.027646, len_BS = 2862
Blocksize strategy selection process: -0.034567 --> -0.027646, len_BS = 2894
Blocksize strategy selection process: -0.034566 --> -0.027646, len_BS = 2897
Blocksize strategy selection process: -0.034561 --> -0.027646, len_BS = 2899
Blocksize strategy selection process: -0.034560 --> -0.027646, len_BS = 2911
Blocksize strategy selection process: -0.034559 --> -0.027646, len_BS = 2918
Blocksize strategy selection process: -0.034542 --> -0.027646, len_BS = 2919
Blocksize strategy selection process: -0.034541 --> -0.027646, len_BS = 2935
Blocksize strategy selection process: -0.034540 --> -0.027646, len_BS = 2936
Blocksize strategy selection process: -0.034535 --> -0.027646, len_BS = 2937
Blocksize strategy selection process: -0.034534 --> -0.027646, len_BS = 2949
Blocksize strategy selection process: -0.034518 --> -0.027646, len_BS = 2951
Blocksize strategy selection process: -0.034517 --> -0.027646, len_BS = 2969
Blocksize strategy selection process: -0.034502 --> -0.027646, len_BS = 2970
Blocksize strategy selection process: -0.034501 --> -0.027646, len_BS = 2984
Blocksize strategy selection process: -0.034500 --> -0.027646, len_BS = 2987
Blocksize strategy selection process: -0.034499 --> -0.027646, len_BS = 2988
Blocksize strategy selection process: -0.034480 --> -0.027646, len_BS = 2990
Blocksize strategy selection process: -0.034479 --> -0.027646, len_BS = 3016
Blocksize strategy selection process: -0.034478 --> -0.027646, len_BS = 3018
Blocksize strategy selection process: -0.034477 --> -0.027646, len_BS = 3020
Blocksize strategy selection process: -0.034476 --> -0.027646, len_BS = 3023
Blocksize strategy selection process: -0.034457 --> -0.027646, len_BS = 3026
Blocksize strategy selection process: -0.034456 --> -0.027646, len_BS = 3044
Blocksize strategy selection process: -0.034455 --> -0.027646, len_BS = 3048
Blocksize strategy selection process: -0.034454 --> -0.027646, len_BS = 3052
Blocksize strategy selection process: -0.034435 --> -0.027646, len_BS = 3056
Blocksize strategy selection process: -0.034434 --> -0.027646, len_BS = 3088
Blocksize strategy selection process: -0.034432 --> -0.027646, len_BS = 3089
Blocksize strategy selection process: -0.034422 --> -0.027646, len_BS = 3094
Blocksize strategy selection process: -0.034421 --> -0.027646, len_BS = 3113
Blocksize strategy selection process: -0.034420 --> -0.027646, len_BS = 3114
Blocksize strategy selection process: -0.034416 --> -0.027646, len_BS = 3116
Blocksize strategy selection process: -0.034415 --> -0.027646, len_BS = 3130
Blocksize strategy selection process: -0.034387 --> -0.027646, len_BS = 3130
Blocksize strategy selection process: -0.034343 --> -0.027646, len_BS = 3155
Blocksize strategy selection process: -0.034342 --> -0.027646, len_BS = 3176
Blocksize strategy selection process: -0.034341 --> -0.027646, len_BS = 3177
Blocksize strategy selection process: -0.034336 --> -0.027646, len_BS = 3179
Blocksize strategy selection process: -0.034308 --> -0.027646, len_BS = 3197
Blocksize strategy selection process: -0.034291 --> -0.027646, len_BS = 3220
Blocksize strategy selection process: -0.034287 --> -0.027646, len_BS = 3244
Blocksize strategy selection process: -0.034286 --> -0.027646, len_BS = 3254
Blocksize strategy selection process: -0.034195 --> -0.027646, len_BS = 3258
Blocksize strategy selection process: -0.034194 --> -0.027646, len_BS = 3277
Blocksize strategy selection process: -0.034193 --> -0.027646, len_BS = 3280
Blocksize strategy selection process: -0.034192 --> -0.027646, len_BS = 3282
Blocksize strategy selection process: -0.034187 --> -0.027646, len_BS = 3294
Blocksize strategy selection process: -0.034171 --> -0.027646, len_BS = 3306
Blocksize strategy selection process: -0.034129 --> -0.027646, len_BS = 3309
Blocksize strategy selection process: -0.034128 --> -0.027646, len_BS = 3314
Blocksize strategy selection process: -0.034113 --> -0.027646, len_BS = 3318
Blocksize strategy selection process: -0.034108 --> -0.027646, len_BS = 3339
Blocksize strategy selection process: -0.034020 --> -0.027646, len_BS = 3348
Blocksize strategy selection process: -0.033949 --> -0.027646, len_BS = 3307
Blocksize strategy selection process: -0.033873 --> -0.027646, len_BS = 3322
Blocksize strategy selection process: -0.033869 --> -0.027646, len_BS = 3311
Blocksize strategy selection process: -0.033868 --> -0.027646, len_BS = 3325
Blocksize strategy selection process: -0.033854 --> -0.027646, len_BS = 3327
Blocksize strategy selection process: -0.033793 --> -0.027646, len_BS = 3358
Blocksize strategy selection process: -0.033788 --> -0.027646, len_BS = 3382
Blocksize strategy selection process: -0.033787 --> -0.027646, len_BS = 3396
Blocksize strategy selection process: -0.033778 --> -0.027646, len_BS = 3397
Blocksize strategy selection process: -0.033777 --> -0.027646, len_BS = 3414
Blocksize strategy selection process: -0.033773 --> -0.027646, len_BS = 3414
Blocksize strategy selection process: -0.033772 --> -0.027646, len_BS = 3417
Blocksize strategy selection process: -0.033769 --> -0.027646, len_BS = 3417
Blocksize strategy selection process: -0.033766 --> -0.027646, len_BS = 3419
Blocksize strategy selection process: -0.033765 --> -0.027646, len_BS = 3426
Blocksize strategy selection process: -0.033762 --> -0.027646, len_BS = 3426
Blocksize strategy selection process: -0.033761 --> -0.027646, len_BS = 3433
Blocksize strategy selection process: -0.033757 --> -0.027646, len_BS = 3433
Blocksize strategy selection process: -0.033753 --> -0.027646, len_BS = 3442
Blocksize strategy selection process: -0.033751 --> -0.027646, len_BS = 3453
Blocksize strategy selection process: -0.033708 --> -0.027646, len_BS = 3457
Blocksize strategy selection process: -0.033693 --> -0.027646, len_BS = 3478
Blocksize strategy selection process: -0.033690 --> -0.027646, len_BS = 3498
Blocksize strategy selection process: -0.033687 --> -0.027646, len_BS = 3501
Blocksize strategy selection process: -0.033683 --> -0.027646, len_BS = 3508
Blocksize strategy selection process: -0.033682 --> -0.027646, len_BS = 3514
Blocksize strategy selection process: -0.033679 --> -0.027646, len_BS = 3516
Blocksize strategy selection process: -0.033678 --> -0.027646, len_BS = 3527
Blocksize strategy selection process: -0.033675 --> -0.027646, len_BS = 3528
Blocksize strategy selection process: -0.033674 --> -0.027646, len_BS = 3541
Blocksize strategy selection process: -0.033672 --> -0.027646, len_BS = 3541
Blocksize strategy selection process: -0.033671 --> -0.027646, len_BS = 3543
Blocksize strategy selection process: -0.033666 --> -0.027646, len_BS = 3545
Blocksize strategy selection process: -0.033615 --> -0.027646, len_BS = 3563
Blocksize strategy selection process: -0.033614 --> -0.027646, len_BS = 3571
Blocksize strategy selection process: -0.033611 --> -0.027646, len_BS = 3573
Blocksize strategy selection process: -0.033608 --> -0.027646, len_BS = 3585
Blocksize strategy selection process: -0.033607 --> -0.027646, len_BS = 3594
Blocksize strategy selection process: -0.033603 --> -0.027646, len_BS = 3594
Blocksize strategy selection process: -0.033600 --> -0.027646, len_BS = 3602
Blocksize strategy selection process: -0.033599 --> -0.027646, len_BS = 3611
Blocksize strategy selection process: -0.033596 --> -0.027646, len_BS = 3612
Blocksize strategy selection process: -0.033595 --> -0.027646, len_BS = 3619
Blocksize strategy selection process: -0.033593 --> -0.027646, len_BS = 3619
Blocksize strategy selection process: -0.033592 --> -0.027646, len_BS = 3624
Blocksize strategy selection process: -0.033549 --> -0.027646, len_BS = 3629
Blocksize strategy selection process: -0.033540 --> -0.027646, len_BS = 3649
Blocksize strategy selection process: -0.033520 --> -0.027646, len_BS = 3676
Blocksize strategy selection process: -0.033519 --> -0.027646, len_BS = 3705
Blocksize strategy selection process: -0.033516 --> -0.027646, len_BS = 3707
Blocksize strategy selection process: -0.033514 --> -0.027646, len_BS = 3713
Blocksize strategy selection process: -0.033513 --> -0.027646, len_BS = 3719
Blocksize strategy selection process: -0.033469 --> -0.027646, len_BS = 3722
Blocksize strategy selection process: -0.033444 --> -0.027646, len_BS = 3742
Blocksize strategy selection process: -0.033440 --> -0.027646, len_BS = 3769
Blocksize strategy selection process: -0.033437 --> -0.027646, len_BS = 3779
Blocksize strategy selection process: -0.033436 --> -0.027646, len_BS = 3788
Blocksize strategy selection process: -0.033434 --> -0.027646, len_BS = 3788
Blocksize strategy selection process: -0.033433 --> -0.027646, len_BS = 3792
Blocksize strategy selection process: -0.033428 --> -0.027646, len_BS = 3796
Blocksize strategy selection process: -0.033368 --> -0.027646, len_BS = 3802
Blocksize strategy selection process: -0.033336 --> -0.027646, len_BS = 3815
Blocksize strategy selection process: -0.033335 --> -0.027646, len_BS = 3841
Blocksize strategy selection process: -0.033213 --> -0.027646, len_BS = 3843
Blocksize strategy selection process: -0.033212 --> -0.027646, len_BS = 3790
Blocksize strategy selection process: -0.033209 --> -0.027646, len_BS = 3791
Blocksize strategy selection process: -0.033206 --> -0.027646, len_BS = 3798
Blocksize strategy selection process: -0.033203 --> -0.027646, len_BS = 3805
Blocksize strategy selection process: -0.033202 --> -0.027646, len_BS = 3818
Blocksize strategy selection process: -0.033199 --> -0.027646, len_BS = 3819
Blocksize strategy selection process: -0.033198 --> -0.027646, len_BS = 3825
Blocksize strategy selection process: -0.033195 --> -0.027646, len_BS = 3828
Blocksize strategy selection process: -0.033193 --> -0.027646, len_BS = 3836
Blocksize strategy selection process: -0.033192 --> -0.027646, len_BS = 3840
Blocksize strategy selection process: -0.033187 --> -0.027646, len_BS = 3844
Blocksize strategy selection process: -0.033136 --> -0.027646, len_BS = 3855
Blocksize strategy selection process: -0.033135 --> -0.027646, len_BS = 3856
Blocksize strategy selection process: -0.033132 --> -0.027646, len_BS = 3858
Blocksize strategy selection process: -0.033130 --> -0.027646, len_BS = 3884
Blocksize strategy selection process: -0.033129 --> -0.027646, len_BS = 3889
Blocksize strategy selection process: -0.033106 --> -0.027646, len_BS = 3891
Blocksize strategy selection process: -0.033095 --> -0.027646, len_BS = 3891
Blocksize strategy selection process: -0.033078 --> -0.027646, len_BS = 3920
Blocksize strategy selection process: -0.033075 --> -0.027646, len_BS = 3946
Blocksize strategy selection process: -0.033065 --> -0.027646, len_BS = 3951
Blocksize strategy selection process: -0.033064 --> -0.027646, len_BS = 3975
Blocksize strategy selection process: -0.033063 --> -0.027646, len_BS = 3975
Blocksize strategy selection process: -0.033062 --> -0.027646, len_BS = 3977
Blocksize strategy selection process: -0.033061 --> -0.027646, len_BS = 3977
Blocksize strategy selection process: -0.032973 --> -0.027646, len_BS = 3978
Blocksize strategy selection process: -0.032972 --> -0.027646, len_BS = 3939
Blocksize strategy selection process: -0.032970 --> -0.027646, len_BS = 3939
Blocksize strategy selection process: -0.032873 --> -0.027646, len_BS = 3947
Blocksize strategy selection process: -0.032811 --> -0.027646, len_BS = 3933
Blocksize strategy selection process: -0.032809 --> -0.027646, len_BS = 3942
Blocksize strategy selection process: -0.032808 --> -0.027646, len_BS = 3902
Blocksize strategy selection process: -0.032807 --> -0.027646, len_BS = 3903
Blocksize strategy selection process: -0.032806 --> -0.027646, len_BS = 3905
Blocksize strategy selection process: -0.032805 --> -0.027646, len_BS = 3908
Blocksize strategy selection process: -0.032794 --> -0.027646, len_BS = 3909
Blocksize strategy selection process: -0.032793 --> -0.027646, len_BS = 3915
Blocksize strategy selection process: -0.032748 --> -0.027646, len_BS = 3915
Blocksize strategy selection process: -0.032747 --> -0.027646, len_BS = 3924
Blocksize strategy selection process: -0.032746 --> -0.027646, len_BS = 3924
Blocksize strategy selection process: -0.032733 --> -0.027646, len_BS = 3926
Blocksize strategy selection process: -0.032731 --> -0.027646, len_BS = 3945
Blocksize strategy selection process: -0.032730 --> -0.027646, len_BS = 3946
Blocksize strategy selection process: -0.032729 --> -0.027646, len_BS = 3946
Blocksize strategy selection process: -0.032728 --> -0.027646, len_BS = 3947
Blocksize strategy selection process: -0.032727 --> -0.027646, len_BS = 3949
Blocksize strategy selection process: -0.032726 --> -0.027646, len_BS = 3950
Blocksize strategy selection process: -0.032679 --> -0.027646, len_BS = 3952
Blocksize strategy selection process: -0.032669 --> -0.027646, len_BS = 3946
Blocksize strategy selection process: -0.032666 --> -0.027646, len_BS = 3964
Blocksize strategy selection process: -0.032665 --> -0.027646, len_BS = 3969
Blocksize strategy selection process: -0.032664 --> -0.027646, len_BS = 3971
Blocksize strategy selection process: -0.032663 --> -0.027646, len_BS = 3973
Blocksize strategy selection process: -0.032473 --> -0.027646, len_BS = 3973
Blocksize strategy selection process: -0.032440 --> -0.027646, len_BS = 3922
Blocksize strategy selection process: -0.032439 --> -0.027646, len_BS = 3876
Blocksize strategy selection process: -0.032437 --> -0.027646, len_BS = 3876
Blocksize strategy selection process: -0.032427 --> -0.027646, len_BS = 3877
Blocksize strategy selection process: -0.032426 --> -0.027646, len_BS = 3889
Blocksize strategy selection process: -0.032425 --> -0.027646, len_BS = 3891
Blocksize strategy selection process: -0.032424 --> -0.027646, len_BS = 3891
Blocksize strategy selection process: -0.032412 --> -0.027646, len_BS = 3891
Blocksize strategy selection process: -0.032411 --> -0.027646, len_BS = 3896
Blocksize strategy selection process: -0.032410 --> -0.027646, len_BS = 3896
Blocksize strategy selection process: -0.032409 --> -0.027646, len_BS = 3896
Blocksize strategy selection process: -0.032408 --> -0.027646, len_BS = 3897
Blocksize strategy selection process: -0.032385 --> -0.027646, len_BS = 3899
Blocksize strategy selection process: -0.032381 --> -0.027646, len_BS = 3907
Blocksize strategy selection process: -0.032380 --> -0.027646, len_BS = 3910
Blocksize strategy selection process: -0.032371 --> -0.027646, len_BS = 3912
Blocksize strategy selection process: -0.032368 --> -0.027646, len_BS = 3925
Blocksize strategy selection process: -0.032367 --> -0.027646, len_BS = 3928
Blocksize strategy selection process: -0.032317 --> -0.027646, len_BS = 3928
Blocksize strategy selection process: -0.032306 --> -0.027646, len_BS = 3937
Blocksize strategy selection process: -0.032305 --> -0.027646, len_BS = 3949
Blocksize strategy selection process: -0.032302 --> -0.027646, len_BS = 3949
Blocksize strategy selection process: -0.032301 --> -0.027646, len_BS = 3952
Blocksize strategy selection process: -0.032293 --> -0.027646, len_BS = 3952
Blocksize strategy selection process: -0.032238 --> -0.027646, len_BS = 3963
Blocksize strategy selection process: -0.032227 --> -0.027646, len_BS = 3973
Blocksize strategy selection process: -0.032226 --> -0.027646, len_BS = 3986
Blocksize strategy selection process: -0.032224 --> -0.027646, len_BS = 3989
Blocksize strategy selection process: -0.032223 --> -0.027646, len_BS = 3992
Blocksize strategy selection process: -0.032214 --> -0.027646, len_BS = 3993
Blocksize strategy selection process: -0.032211 --> -0.027646, len_BS = 4004
Blocksize strategy selection process: -0.032210 --> -0.027646, len_BS = 4007
Blocksize strategy selection process: -0.032209 --> -0.027646, len_BS = 4008
Blocksize strategy selection process: -0.032158 --> -0.027646, len_BS = 4008
Blocksize strategy selection process: -0.032135 --> -0.027646, len_BS = 4005
Blocksize strategy selection process: -0.031997 --> -0.027646, len_BS = 4023
Blocksize strategy selection process: -0.031957 --> -0.027646, len_BS = 3972
Blocksize strategy selection process: -0.031937 --> -0.027646, len_BS = 3988
Blocksize strategy selection process: -0.031892 --> -0.027646, len_BS = 4006
Blocksize strategy selection process: -0.031870 --> -0.027646, len_BS = 4015
Blocksize strategy selection process: -0.031869 --> -0.027646, len_BS = 4029
Blocksize strategy selection process: -0.031868 --> -0.027646, len_BS = 4031
Blocksize strategy selection process: -0.031867 --> -0.027646, len_BS = 4032
Blocksize strategy selection process: -0.031866 --> -0.027646, len_BS = 4033
Blocksize strategy selection process: -0.031845 --> -0.027646, len_BS = 4034
Blocksize strategy selection process: -0.031844 --> -0.027646, len_BS = 4052
Blocksize strategy selection process: -0.031843 --> -0.027646, len_BS = 4052
Blocksize strategy selection process: -0.031842 --> -0.027646, len_BS = 4055
Blocksize strategy selection process: -0.031834 --> -0.027646, len_BS = 4058
Blocksize strategy selection process: -0.031833 --> -0.027646, len_BS = 4065
Blocksize strategy selection process: -0.031830 --> -0.027646, len_BS = 4066
Blocksize strategy selection process: -0.031810 --> -0.027646, len_BS = 4062
Blocksize strategy selection process: -0.031809 --> -0.027646, len_BS = 4067
Blocksize strategy selection process: -0.031808 --> -0.027646, len_BS = 4067
Blocksize strategy selection process: -0.031807 --> -0.027646, len_BS = 4070
Blocksize strategy selection process: -0.031800 --> -0.027646, len_BS = 4070
Blocksize strategy selection process: -0.031799 --> -0.027646, len_BS = 4078
Blocksize strategy selection process: -0.031798 --> -0.027646, len_BS = 4081
Blocksize strategy selection process: -0.031790 --> -0.027646, len_BS = 4081
Blocksize strategy selection process: -0.031789 --> -0.027646, len_BS = 4088
Blocksize strategy selection process: -0.031734 --> -0.027646, len_BS = 4088
Blocksize strategy selection process: -0.031732 --> -0.027646, len_BS = 4097
Blocksize strategy selection process: -0.031725 --> -0.027646, len_BS = 4100
Blocksize strategy selection process: -0.031723 --> -0.027646, len_BS = 4108
Blocksize strategy selection process: -0.031632 --> -0.027646, len_BS = 4110
Blocksize strategy selection process: -0.031631 --> -0.027646, len_BS = 4093
Blocksize strategy selection process: -0.031630 --> -0.027646, len_BS = 4095
Blocksize strategy selection process: -0.031624 --> -0.027646, len_BS = 4095
Blocksize strategy selection process: -0.031623 --> -0.027646, len_BS = 4096
Blocksize strategy selection process: -0.031622 --> -0.027646, len_BS = 4097
Blocksize strategy selection process: -0.031621 --> -0.027646, len_BS = 4100
Blocksize strategy selection process: -0.031577 --> -0.027646, len_BS = 4102
Blocksize strategy selection process: -0.031546 --> -0.027646, len_BS = 4101
Blocksize strategy selection process: -0.031544 --> -0.027646, len_BS = 4113
Blocksize strategy selection process: -0.031542 --> -0.027646, len_BS = 4114
Blocksize strategy selection process: -0.031541 --> -0.027646, len_BS = 4117
Blocksize strategy selection process: -0.031540 --> -0.027646, len_BS = 4118
Blocksize strategy selection process: -0.031471 --> -0.027646, len_BS = 4118
Blocksize strategy selection process: -0.031470 --> -0.027646, len_BS = 4116
Blocksize strategy selection process: -0.031469 --> -0.027646, len_BS = 4117
Blocksize strategy selection process: -0.031468 --> -0.027646, len_BS = 4117
Blocksize strategy selection process: -0.031466 --> -0.027646, len_BS = 4118
Blocksize strategy selection process: -0.031465 --> -0.027646, len_BS = 4121
Blocksize strategy selection process: -0.031433 --> -0.027646, len_BS = 4123
Blocksize strategy selection process: -0.031431 --> -0.027646, len_BS = 4135
Blocksize strategy selection process: -0.031423 --> -0.027646, len_BS = 4136
Blocksize strategy selection process: -0.031376 --> -0.027646, len_BS = 4140
Blocksize strategy selection process: -0.031231 --> -0.027646, len_BS = 4143
Blocksize strategy selection process: -0.031169 --> -0.027646, len_BS = 4115
Blocksize strategy selection process: -0.031151 --> -0.027646, len_BS = 4120
Blocksize strategy selection process: -0.031100 --> -0.027646, len_BS = 4129
Blocksize strategy selection process: -0.031099 --> -0.027646, len_BS = 4134
Blocksize strategy selection process: -0.031061 --> -0.027646, len_BS = 4134
Blocksize strategy selection process: -0.031060 --> -0.027646, len_BS = 4142
Blocksize strategy selection process: -0.031054 --> -0.027646, len_BS = 4142
Blocksize strategy selection process: -0.031053 --> -0.027646, len_BS = 4145
Blocksize strategy selection process: -0.030919 --> -0.027646, len_BS = 4146
Blocksize strategy selection process: -0.030913 --> -0.027646, len_BS = 4129
Blocksize strategy selection process: -0.030912 --> -0.027646, len_BS = 4133
Blocksize strategy selection process: -0.030910 --> -0.027646, len_BS = 4133
Blocksize strategy selection process: -0.030904 --> -0.027646, len_BS = 4135
Blocksize strategy selection process: -0.030901 --> -0.027646, len_BS = 4136
Blocksize strategy selection process: -0.030838 --> -0.027646, len_BS = 4138
Blocksize strategy selection process: -0.030837 --> -0.027646, len_BS = 4142
Blocksize strategy selection process: -0.030799 --> -0.027646, len_BS = 4143
Blocksize strategy selection process: -0.030796 --> -0.027646, len_BS = 4152
Blocksize strategy selection process: -0.030769 --> -0.027646, len_BS = 4153
Blocksize strategy selection process: -0.030768 --> -0.027646, len_BS = 4162
Blocksize strategy selection process: -0.030763 --> -0.027646, len_BS = 4164
Blocksize strategy selection process: -0.030762 --> -0.027646, len_BS = 4168
Blocksize strategy selection process: -0.030734 --> -0.027646, len_BS = 4169
Blocksize strategy selection process: -0.030717 --> -0.027646, len_BS = 4181
Blocksize strategy selection process: -0.030710 --> -0.027646, len_BS = 4192
Blocksize strategy selection process: -0.030626 --> -0.027646, len_BS = 4194
Blocksize strategy selection process: -0.030578 --> -0.027646, len_BS = 4189
Blocksize strategy selection process: -0.030577 --> -0.027646, len_BS = 4197
Blocksize strategy selection process: -0.030509 --> -0.027646, len_BS = 4197
Blocksize strategy selection process: -0.030508 --> -0.027646, len_BS = 4200
Blocksize strategy selection process: -0.030397 --> -0.027646, len_BS = 4201
Blocksize strategy selection process: -0.030383 --> -0.027646, len_BS = 4197
Blocksize strategy selection process: -0.030382 --> -0.027646, len_BS = 4197
Blocksize strategy selection process: -0.030381 --> -0.027646, len_BS = 4197
Blocksize strategy selection process: -0.030380 --> -0.027646, len_BS = 4197
Blocksize strategy selection process: -0.030297 --> -0.027646, len_BS = 4198
Blocksize strategy selection process: -0.030295 --> -0.027646, len_BS = 4199
Blocksize strategy selection process: -0.030273 --> -0.027646, len_BS = 4199
Blocksize strategy selection process: -0.030247 --> -0.027646, len_BS = 4205
Blocksize strategy selection process: -0.030246 --> -0.027646, len_BS = 4215
Blocksize strategy selection process: -0.030244 --> -0.027646, len_BS = 4215
Blocksize strategy selection process: -0.030156 --> -0.027646, len_BS = 4215
Blocksize strategy selection process: -0.030155 --> -0.027646, len_BS = 4215
Blocksize strategy selection process: -0.030132 --> -0.027646, len_BS = 4216
Blocksize strategy selection process: -0.030010 --> -0.027646, len_BS = 4220
Blocksize strategy selection process: -0.029991 --> -0.027646, len_BS = 4217
Blocksize strategy selection process: -0.029990 --> -0.027646, len_BS = 4221
Blocksize strategy selection process: -0.029980 --> -0.027646, len_BS = 4221
Blocksize strategy selection process: -0.029979 --> -0.027646, len_BS = 4223
Blocksize strategy selection process: -0.029973 --> -0.027646, len_BS = 4223
Blocksize strategy selection process: -0.029892 --> -0.027646, len_BS = 4224
Blocksize strategy selection process: -0.029891 --> -0.027646, len_BS = 4226
Blocksize strategy selection process: -0.029890 --> -0.027646, len_BS = 4228
Blocksize strategy selection process: -0.029885 --> -0.027646, len_BS = 4228
Blocksize strategy selection process: -0.029840 --> -0.027646, len_BS = 4228
Blocksize strategy selection process: -0.029825 --> -0.027646, len_BS = 4235
Blocksize strategy selection process: -0.029821 --> -0.027646, len_BS = 4235
Blocksize strategy selection process: -0.029819 --> -0.027646, len_BS = 4236
Blocksize strategy selection process: -0.029782 --> -0.027646, len_BS = 4236
Blocksize strategy selection process: -0.029781 --> -0.027646, len_BS = 4240
Blocksize strategy selection process: -0.029780 --> -0.027646, len_BS = 4240
Blocksize strategy selection process: -0.029779 --> -0.027646, len_BS = 4240
Blocksize strategy selection process: -0.029689 --> -0.027646, len_BS = 4241
Blocksize strategy selection process: -0.029688 --> -0.027646, len_BS = 4245
Blocksize strategy selection process: -0.029666 --> -0.027646, len_BS = 4245
Blocksize strategy selection process: -0.029653 --> -0.027646, len_BS = 4248
Blocksize strategy selection process: -0.029650 --> -0.027646, len_BS = 4249
Blocksize strategy selection process: -0.029612 --> -0.027646, len_BS = 4250
Blocksize strategy selection process: -0.029565 --> -0.027646, len_BS = 4253
Blocksize strategy selection process: -0.029503 --> -0.027646, len_BS = 4260
Blocksize strategy selection process: -0.029502 --> -0.027646, len_BS = 4262
Blocksize strategy selection process: -0.029500 --> -0.027646, len_BS = 4264
Blocksize strategy selection process: -0.029499 --> -0.027646, len_BS = 4264
Blocksize strategy selection process: -0.029391 --> -0.027646, len_BS = 4264
Blocksize strategy selection process: -0.029390 --> -0.027646, len_BS = 4269
Blocksize strategy selection process: -0.029386 --> -0.027646, len_BS = 4270
Blocksize strategy selection process: -0.029283 --> -0.027646, len_BS = 4271
Blocksize strategy selection process: -0.029256 --> -0.027646, len_BS = 4271
Blocksize strategy selection process: -0.029219 --> -0.027646, len_BS = 4272
Blocksize strategy selection process: -0.029199 --> -0.027646, len_BS = 4272
Blocksize strategy selection process: -0.029129 --> -0.027646, len_BS = 4273
Blocksize strategy selection process: -0.029124 --> -0.027646, len_BS = 4274
Blocksize strategy selection process: -0.029120 --> -0.027646, len_BS = 4274
Blocksize strategy selection process: -0.029118 --> -0.027646, len_BS = 4274
Blocksize strategy selection process: -0.029074 --> -0.027646, len_BS = 4274
Blocksize strategy selection process: -0.029049 --> -0.027646, len_BS = 4275
Blocksize strategy selection process: -0.029036 --> -0.027646, len_BS = 4276
Blocksize strategy selection process: -0.029033 --> -0.027646, len_BS = 4276
Blocksize strategy selection process: -0.029027 --> -0.027646, len_BS = 4276
Blocksize strategy selection process: -0.029019 --> -0.027646, len_BS = 4277
Blocksize strategy selection process: -0.029012 --> -0.027646, len_BS = 4277
Blocksize strategy selection process: -0.029010 --> -0.027646, len_BS = 4277
Blocksize strategy selection process: -0.029002 --> -0.027646, len_BS = 4277
Blocksize strategy selection process: -0.029001 --> -0.027646, len_BS = 4277
Blocksize strategy selection process: -0.028996 --> -0.027646, len_BS = 4277
Blocksize strategy selection process: -0.028995 --> -0.027646, len_BS = 4277
Blocksize strategy selection process: -0.028902 --> -0.027646, len_BS = 4277
Blocksize strategy selection process: -0.028846 --> -0.027646, len_BS = 4279
Blocksize strategy selection process: -0.028844 --> -0.027646, len_BS = 4280
Blocksize strategy selection process: -0.028831 --> -0.027646, len_BS = 4280
Blocksize strategy selection process: -0.028827 --> -0.027646, len_BS = 4280
Blocksize strategy selection process: -0.028792 --> -0.027646, len_BS = 4280
Blocksize strategy selection process: -0.028743 --> -0.027646, len_BS = 4281
Blocksize strategy selection process: -0.028741 --> -0.027646, len_BS = 4281
Blocksize strategy selection process: -0.028740 --> -0.027646, len_BS = 4281
Blocksize strategy selection process: -0.028690 --> -0.027646, len_BS = 4281
Blocksize strategy selection process: -0.028671 --> -0.027646, len_BS = 4281
Blocksize strategy selection process: -0.028640 --> -0.027646, len_BS = 4281
Blocksize strategy selection process: -0.028609 --> -0.027646, len_BS = 4281
Blocksize strategy selection process: -0.028608 --> -0.027646, len_BS = 4281
Blocksize strategy selection process: -0.028516 --> -0.027646, len_BS = 4281
Blocksize strategy selection process: -0.028461 --> -0.027646, len_BS = 4283
Blocksize strategy selection process: -0.028459 --> -0.027646, len_BS = 4283
Blocksize strategy selection process: -0.028446 --> -0.027646, len_BS = 4283
Blocksize strategy selection process: -0.028418 --> -0.027646, len_BS = 4283
Blocksize strategy selection process: -0.028416 --> -0.027646, len_BS = 4283
Blocksize strategy selection process: -0.028374 --> -0.027646, len_BS = 4283
Blocksize strategy selection process: -0.028335 --> -0.027646, len_BS = 4283
Blocksize strategy selection process: -0.028333 --> -0.027646, len_BS = 4283
Blocksize strategy selection process: -0.028331 --> -0.027646, len_BS = 4283
Blocksize strategy selection process: -0.028307 --> -0.027646, len_BS = 4283
Blocksize strategy selection process: -0.028284 --> -0.027646, len_BS = 4283
Blocksize strategy selection process: -0.028263 --> -0.027646, len_BS = 4283
Blocksize strategy selection process: -0.028257 --> -0.027646, len_BS = 4283
Blocksize strategy selection process: -0.028254 --> -0.027646, len_BS = 4283
Blocksize strategy selection process: -0.028228 --> -0.027646, len_BS = 4283
Blocksize strategy selection process: -0.028227 --> -0.027646, len_BS = 4284
Blocksize strategy selection process: -0.028226 --> -0.027646, len_BS = 4284
Blocksize strategy selection process: -0.028225 --> -0.027646, len_BS = 4284
Blocksize strategy selection process: -0.028224 --> -0.027646, len_BS = 4284
Blocksize strategy selection process: -0.028223 --> -0.027646, len_BS = 4284
Blocksize strategy selection process: -0.028222 --> -0.027646, len_BS = 4284
Blocksize strategy selection process: -0.028221 --> -0.027646, len_BS = 4284
Blocksize strategy selection process: -0.028220 --> -0.027646, len_BS = 4284
Blocksize strategy selection process: -0.028219 --> -0.027646, len_BS = 4284
Blocksize strategy selection process: -0.028198 --> -0.027646, len_BS = 4284
Blocksize strategy selection process: -0.028197 --> -0.027646, len_BS = 4284
Blocksize strategy selection process: -0.028196 --> -0.027646, len_BS = 4284
Blocksize strategy selection process: -0.028195 --> -0.027646, len_BS = 4284
Blocksize strategy selection process: -0.028194 --> -0.027646, len_BS = 4284
Blocksize strategy selection process: -0.028193 --> -0.027646, len_BS = 4284
Blocksize strategy selection process: -0.028192 --> -0.027646, len_BS = 4284
Blocksize strategy selection process: -0.028191 --> -0.027646, len_BS = 4284
Blocksize strategy selection process: -0.028190 --> -0.027646, len_BS = 4284
Blocksize strategy selection process: -0.028189 --> -0.027646, len_BS = 4284
Blocksize strategy selection process: -0.028188 --> -0.027646, len_BS = 4284
Blocksize strategy selection process: -0.028186 --> -0.027646, len_BS = 4284
Blocksize strategy selection process: -0.028125 --> -0.027646, len_BS = 4284
Blocksize strategy selection process: -0.028118 --> -0.027646, len_BS = 4284
Blocksize strategy selection process: -0.028115 --> -0.027646, len_BS = 4284
Blocksize strategy selection process: -0.028090 --> -0.027646, len_BS = 4284
Blocksize strategy selection process: -0.028089 --> -0.027646, len_BS = 4284
Blocksize strategy selection process: -0.028088 --> -0.027646, len_BS = 4284
Blocksize strategy selection process: -0.028087 --> -0.027646, len_BS = 4284
Blocksize strategy selection process: -0.028086 --> -0.027646, len_BS = 4284
Blocksize strategy selection process: -0.028085 --> -0.027646, len_BS = 4284
Blocksize strategy selection process: -0.028084 --> -0.027646, len_BS = 4284
Blocksize strategy selection process: -0.028083 --> -0.027646, len_BS = 4284
Blocksize strategy selection process: -0.028082 --> -0.027646, len_BS = 4284
Blocksize strategy selection process: -0.028081 --> -0.027646, len_BS = 4284
Blocksize strategy selection process: -0.028080 --> -0.027646, len_BS = 4284
Blocksize strategy selection process: -0.028079 --> -0.027646, len_BS = 4284
Blocksize strategy selection process: -0.028078 --> -0.027646, len_BS = 4284
Blocksize strategy selection process: -0.028059 --> -0.027646, len_BS = 4284
Blocksize strategy selection process: -0.028058 --> -0.027646, len_BS = 4284
Blocksize strategy selection process: -0.028057 --> -0.027646, len_BS = 4284
Blocksize strategy selection process: -0.028056 --> -0.027646, len_BS = 4284
Blocksize strategy selection process: -0.028055 --> -0.027646, len_BS = 4284
Blocksize strategy selection process: -0.028054 --> -0.027646, len_BS = 4284
Blocksize strategy selection process: -0.028053 --> -0.027646, len_BS = 4284
Blocksize strategy selection process: -0.028052 --> -0.027646, len_BS = 4284
Blocksize strategy selection process: -0.028051 --> -0.027646, len_BS = 4284
Blocksize strategy selection process: -0.028050 --> -0.027646, len_BS = 4284
Blocksize strategy selection process: -0.028049 --> -0.027646, len_BS = 4284
Blocksize strategy selection process: -0.028048 --> -0.027646, len_BS = 4284
Blocksize strategy selection process: -0.028047 --> -0.027646, len_BS = 4284
Blocksize strategy selection process: -0.028046 --> -0.027646, len_BS = 4284
Blocksize strategy selection process: -0.028028 --> -0.027646, len_BS = 4284
Blocksize strategy selection process: -0.028026 --> -0.027646, len_BS = 4284
Blocksize strategy selection process: -0.028025 --> -0.027646, len_BS = 4284
Blocksize strategy selection process: -0.028024 --> -0.027646, len_BS = 4284
Blocksize strategy selection process: -0.028023 --> -0.027646, len_BS = 4284
Blocksize strategy selection process: -0.028022 --> -0.027646, len_BS = 4284
Blocksize strategy selection process: -0.028021 --> -0.027646, len_BS = 4284
Blocksize strategy selection process: -0.028020 --> -0.027646, len_BS = 4284
Blocksize strategy selection process: -0.028019 --> -0.027646, len_BS = 4284
Blocksize strategy selection process: -0.028018 --> -0.027646, len_BS = 4284
Blocksize strategy selection process: -0.027967 --> -0.027646, len_BS = 4284
Blocksize strategy selection process: -0.027966 --> -0.027646, len_BS = 4284
Blocksize strategy selection process: -0.027964 --> -0.027646, len_BS = 4284
Blocksize strategy selection process: -0.027963 --> -0.027646, len_BS = 4284
Blocksize strategy selection process: -0.027960 --> -0.027646, len_BS = 4284
Blocksize strategy selection process: -0.027958 --> -0.027646, len_BS = 4284
Blocksize strategy selection process: -0.027957 --> -0.027646, len_BS = 4284
Blocksize strategy selection process: -0.027956 --> -0.027646, len_BS = 4284
Blocksize strategy selection process: -0.027955 --> -0.027646, len_BS = 4284
Blocksize strategy selection process: -0.027954 --> -0.027646, len_BS = 4284
Blocksize strategy selection process: -0.027953 --> -0.027646, len_BS = 4284
Blocksize strategy selection process: -0.027952 --> -0.027646, len_BS = 4284
Blocksize strategy selection process: -0.027951 --> -0.027646, len_BS = 4284
Blocksize strategy selection process: -0.027950 --> -0.027646, len_BS = 4284
Blocksize strategy selection process: -0.027949 --> -0.027646, len_BS = 4284
Blocksize strategy selection process: -0.027948 --> -0.027646, len_BS = 4284
Blocksize strategy selection process: -0.027947 --> -0.027646, len_BS = 4284
Blocksize strategy selection process: -0.027946 --> -0.027646, len_BS = 4284
Blocksize strategy selection process: -0.027945 --> -0.027646, len_BS = 4284
Blocksize strategy selection process: -0.027944 --> -0.027646, len_BS = 4284
Blocksize strategy selection process: -0.027943 --> -0.027646, len_BS = 4284
Blocksize strategy selection process: -0.027942 --> -0.027646, len_BS = 4284
Blocksize strategy selection process: -0.027941 --> -0.027646, len_BS = 4284
Blocksize strategy selection process: -0.027940 --> -0.027646, len_BS = 4284
Blocksize strategy selection process: -0.027939 --> -0.027646, len_BS = 4284
Blocksize strategy selection process: -0.027938 --> -0.027646, len_BS = 4284
Blocksize strategy selection process: -0.027937 --> -0.027646, len_BS = 4284
Blocksize strategy selection process: -0.027936 --> -0.027646, len_BS = 4284
Blocksize strategy selection process: -0.027935 --> -0.027646, len_BS = 4284
Blocksize strategy selection process: -0.027934 --> -0.027646, len_BS = 4284
Blocksize strategy selection process: -0.027933 --> -0.027646, len_BS = 4284
Blocksize strategy selection process: -0.027932 --> -0.027646, len_BS = 4284
Blocksize strategy selection process: -0.027931 --> -0.027646, len_BS = 4284
Blocksize strategy selection process: -0.027930 --> -0.027646, len_BS = 4284
Blocksize strategy selection process: -0.027929 --> -0.027646, len_BS = 4284
Blocksize strategy selection process: -0.027928 --> -0.027646, len_BS = 4284
Blocksize strategy selection process: -0.027913 --> -0.027646, len_BS = 4284
Blocksize strategy selection process: -0.027912 --> -0.027646, len_BS = 4284
Blocksize strategy selection process: -0.027911 --> -0.027646, len_BS = 4284
Blocksize strategy selection process: -0.027910 --> -0.027646, len_BS = 4284
Blocksize strategy selection process: -0.027909 --> -0.027646, len_BS = 4284
Blocksize strategy selection process: -0.027908 --> -0.027646, len_BS = 4284
Blocksize strategy selection process: -0.027907 --> -0.027646, len_BS = 4284
Blocksize strategy selection process: -0.027906 --> -0.027646, len_BS = 4284
Blocksize strategy selection process: -0.027905 --> -0.027646, len_BS = 4284
Blocksize strategy selection process: -0.027904 --> -0.027646, len_BS = 4284
Blocksize strategy selection process: -0.027903 --> -0.027646, len_BS = 4284
Blocksize strategy selection process: -0.027902 --> -0.027646, len_BS = 4284
Blocksize strategy selection process: -0.027887 --> -0.027646, len_BS = 4284
Blocksize strategy selection process: -0.027886 --> -0.027646, len_BS = 4284
Blocksize strategy selection process: -0.027885 --> -0.027646, len_BS = 4284
Blocksize strategy selection process: -0.027884 --> -0.027646, len_BS = 4284
Blocksize strategy selection process: -0.027883 --> -0.027646, len_BS = 4284
Blocksize strategy selection process: -0.027882 --> -0.027646, len_BS = 4284
Blocksize strategy selection process: -0.027881 --> -0.027646, len_BS = 4284
Blocksize strategy selection process: -0.027880 --> -0.027646, len_BS = 4284
Blocksize strategy selection process: -0.027879 --> -0.027646, len_BS = 4284
Blocksize strategy selection process: -0.027878 --> -0.027646, len_BS = 4284
Blocksize strategy selection process: -0.027877 --> -0.027646, len_BS = 4284
Blocksize strategy selection process: -0.027876 --> -0.027646, len_BS = 4284
Blocksize strategy selection process: -0.027862 --> -0.027646, len_BS = 4284
Blocksize strategy selection process: -0.027861 --> -0.027646, len_BS = 4284
Blocksize strategy selection process: -0.027860 --> -0.027646, len_BS = 4284
Blocksize strategy selection process: -0.027859 --> -0.027646, len_BS = 4284
Blocksize strategy selection process: -0.027858 --> -0.027646, len_BS = 4284
Blocksize strategy selection process: -0.027857 --> -0.027646, len_BS = 4284
Blocksize strategy selection process: -0.027856 --> -0.027646, len_BS = 4284
Blocksize strategy selection process: -0.027855 --> -0.027646, len_BS = 4284
Blocksize strategy selection process: -0.027854 --> -0.027646, len_BS = 4284
Blocksize strategy selection process: -0.027853 --> -0.027646, len_BS = 4284
Blocksize strategy selection process: -0.027852 --> -0.027646, len_BS = 4284
Blocksize strategy selection process: -0.027839 --> -0.027646, len_BS = 4284
Blocksize strategy selection process: -0.027838 --> -0.027646, len_BS = 4284
Blocksize strategy selection process: -0.027837 --> -0.027646, len_BS = 4284
Blocksize strategy selection process: -0.027836 --> -0.027646, len_BS = 4284
Blocksize strategy selection process: -0.027835 --> -0.027646, len_BS = 4284
Blocksize strategy selection process: -0.027834 --> -0.027646, len_BS = 4284
Blocksize strategy selection process: -0.027833 --> -0.027646, len_BS = 4284
Blocksize strategy selection process: -0.027832 --> -0.027646, len_BS = 4284
Blocksize strategy selection process: -0.027831 --> -0.027646, len_BS = 4284
Blocksize strategy selection process: -0.027830 --> -0.027646, len_BS = 4284
Blocksize strategy selection process: -0.027829 --> -0.027646, len_BS = 4284
Blocksize strategy selection process: -0.027828 --> -0.027646, len_BS = 4284
Blocksize strategy selection process: -0.027816 --> -0.027646, len_BS = 4284
Blocksize strategy selection process: -0.027815 --> -0.027646, len_BS = 4284
Blocksize strategy selection process: -0.027814 --> -0.027646, len_BS = 4284
Blocksize strategy selection process: -0.027813 --> -0.027646, len_BS = 4284
Blocksize strategy selection process: -0.027812 --> -0.027646, len_BS = 4284
Blocksize strategy selection process: -0.027811 --> -0.027646, len_BS = 4284
Blocksize strategy selection process: -0.027810 --> -0.027646, len_BS = 4284
Blocksize strategy selection process: -0.027809 --> -0.027646, len_BS = 4284
Blocksize strategy selection process: -0.027808 --> -0.027646, len_BS = 4284
Blocksize strategy selection process: -0.027807 --> -0.027646, len_BS = 4284
Blocksize strategy selection process: -0.027806 --> -0.027646, len_BS = 4284
Blocksize strategy selection process: -0.027795 --> -0.027646, len_BS = 4284
Blocksize strategy selection process: -0.027794 --> -0.027646, len_BS = 4284
Blocksize strategy selection process: -0.027793 --> -0.027646, len_BS = 4284
Blocksize strategy selection process: -0.027792 --> -0.027646, len_BS = 4284
Blocksize strategy selection process: -0.027791 --> -0.027646, len_BS = 4284
Blocksize strategy selection process: -0.027790 --> -0.027646, len_BS = 4284
Blocksize strategy selection process: -0.027789 --> -0.027646, len_BS = 4284
Blocksize strategy selection process: -0.027788 --> -0.027646, len_BS = 4284
Blocksize strategy selection process: -0.027787 --> -0.027646, len_BS = 4284
Blocksize strategy selection process: -0.027776 --> -0.027646, len_BS = 4284
Blocksize strategy selection process: -0.027775 --> -0.027646, len_BS = 4284
Blocksize strategy selection process: -0.027774 --> -0.027646, len_BS = 4284
Blocksize strategy selection process: -0.027773 --> -0.027646, len_BS = 4284
Blocksize strategy selection process: -0.027772 --> -0.027646, len_BS = 4284
Blocksize strategy selection process: -0.027771 --> -0.027646, len_BS = 4284
Blocksize strategy selection process: -0.027770 --> -0.027646, len_BS = 4284
Blocksize strategy selection process: -0.027769 --> -0.027646, len_BS = 4284
Blocksize strategy selection process: -0.027768 --> -0.027646, len_BS = 4284
Blocksize strategy selection process: -0.027767 --> -0.027646, len_BS = 4284
Blocksize strategy selection process: -0.027757 --> -0.027646, len_BS = 4284
Blocksize strategy selection process: -0.027756 --> -0.027646, len_BS = 4284
Blocksize strategy selection process: -0.027755 --> -0.027646, len_BS = 4284
Blocksize strategy selection process: -0.027754 --> -0.027646, len_BS = 4284
Blocksize strategy selection process: -0.027753 --> -0.027646, len_BS = 4284
Blocksize strategy selection process: -0.027752 --> -0.027646, len_BS = 4284
Blocksize strategy selection process: -0.027751 --> -0.027646, len_BS = 4284
Blocksize strategy selection process: -0.027750 --> -0.027646, len_BS = 4284
Blocksize strategy selection process: -0.027749 --> -0.027646, len_BS = 4284
Blocksize strategy selection process: -0.027740 --> -0.027646, len_BS = 4284
Blocksize strategy selection process: -0.027739 --> -0.027646, len_BS = 4284
Blocksize strategy selection process: -0.027738 --> -0.027646, len_BS = 4284
Blocksize strategy selection process: -0.027737 --> -0.027646, len_BS = 4284
Blocksize strategy selection process: -0.027736 --> -0.027646, len_BS = 4284
Blocksize strategy selection process: -0.027735 --> -0.027646, len_BS = 4284
Blocksize strategy selection process: -0.027734 --> -0.027646, len_BS = 4284
Blocksize strategy selection process: -0.027733 --> -0.027646, len_BS = 4284
Blocksize strategy selection process: -0.027732 --> -0.027646, len_BS = 4284
Blocksize strategy selection process: -0.027724 --> -0.027646, len_BS = 4284
Blocksize strategy selection process: -0.027723 --> -0.027646, len_BS = 4284
Blocksize strategy selection process: -0.027722 --> -0.027646, len_BS = 4284
Blocksize strategy selection process: -0.027721 --> -0.027646, len_BS = 4284
Blocksize strategy selection process: -0.027720 --> -0.027646, len_BS = 4284
Blocksize strategy selection process: -0.027719 --> -0.027646, len_BS = 4284
Blocksize strategy selection process: -0.027718 --> -0.027646, len_BS = 4284
Blocksize strategy selection process: -0.027717 --> -0.027646, len_BS = 4284
Blocksize strategy selection process: -0.027716 --> -0.027646, len_BS = 4284
Blocksize strategy selection process: -0.027709 --> -0.027646, len_BS = 4284
Blocksize strategy selection process: -0.027708 --> -0.027646, len_BS = 4284
Blocksize strategy selection process: -0.027707 --> -0.027646, len_BS = 4284
Blocksize strategy selection process: -0.027706 --> -0.027646, len_BS = 4284
Blocksize strategy selection process: -0.027705 --> -0.027646, len_BS = 4284
Blocksize strategy selection process: -0.027704 --> -0.027646, len_BS = 4284
Blocksize strategy selection process: -0.027703 --> -0.027646, len_BS = 4284
Blocksize strategy selection process: -0.027696 --> -0.027646, len_BS = 4284
Blocksize strategy selection process: -0.027695 --> -0.027646, len_BS = 4284
Blocksize strategy selection process: -0.027694 --> -0.027646, len_BS = 4284
Blocksize strategy selection process: -0.027693 --> -0.027646, len_BS = 4284
Blocksize strategy selection process: -0.027692 --> -0.027646, len_BS = 4284
Blocksize strategy selection process: -0.027691 --> -0.027646, len_BS = 4284
Blocksize strategy selection process: -0.027690 --> -0.027646, len_BS = 4284
Blocksize strategy selection process: -0.027689 --> -0.027646, len_BS = 4284
Blocksize strategy selection process: -0.027678 --> -0.027646, len_BS = 4284
Blocksize strategy selection process: -0.027677 --> -0.027646, len_BS = 4284
Blocksize strategy selection process: -0.027674 --> -0.027646, len_BS = 4284
Blocksize strategy selection process: -0.027673 --> -0.027646, len_BS = 4284
Blocksize strategy selection process: -0.027672 --> -0.027646, len_BS = 4284
Blocksize strategy selection process: -0.027671 --> -0.027646, len_BS = 4284
Blocksize strategy selection process: -0.027666 --> -0.027646, len_BS = 4284
Blocksize strategy selection process: -0.027664 --> -0.027646, len_BS = 4284
Blocksize strategy selection process: -0.027663 --> -0.027646, len_BS = 4284
Blocksize strategy selection process: -0.027662 --> -0.027646, len_BS = 4284
Blocksize strategy selection process: -0.027661 --> -0.027646, len_BS = 4284
Blocksize strategy selection process: -0.027658 --> -0.027646, len_BS = 4284
Blocksize strategy selection process: -0.027657 --> -0.027646, len_BS = 4284
Blocksize strategy selection process: -0.027656 --> -0.027646, len_BS = 4284
Blocksize strategy selection process: -0.027655 --> -0.027646, len_BS = 4284
Blocksize strategy selection process: -0.027654 --> -0.027646, len_BS = 4284
Blocksize strategy selection process: -0.027651 --> -0.027646, len_BS = 4284
Blocksize strategy selection process: -0.027650 --> -0.027646, len_BS = 4284
Blocksize strategy selection process: -0.027648 --> -0.027646, len_BS = 4284
Blocksize strategy selection process: -0.027647 --> -0.027646, len_BS = 4284
Blocksize strategy selection process: -0.027646 --> -0.027646, len_BS = 4284
len(BS) = 4284
Time cost for generating Strategy: 586.181706 s
[16.033731031628882,16.003441786123688,15.973163272967312,15.94289405287379,15.912632675528158,15.882377679153075,15.852127590061777,15.821880922196835,15.791636176654103,15.761391841191246,15.731146389720129,15.700898281782464,15.670645962007889,15.640387859553805,15.610122387526113,15.579847942380068,15.54956290330034,15.519265631559367,15.488954469853095,15.45862774161303,15.428283750293627,15.39792077863385,15.367537087891838,15.337130917051415,15.306700481999227,15.276243974671218,15.245759562167047,15.2152453858311,15.184699560298567,15.154120172505117,15.123505280658557,15.092852913170901,15.062161067549116,15.031427709242891,15.000650770447612,14.969828148860833,14.938957706390365,14.908037267812222,14.877064619376625,14.846037507360261,14.814953636563143,14.783810668748442,14.752606221023814,14.721337864162937,14.69000312086628,14.658599463960357,14.627124314535282,14.59557504002088,14.563948952202427,14.532243305177962,14.500455293260194,14.468582048827567,14.436658080082882,14.404833179770463,14.372992855547025,14.341111066522483,14.309148372329872,14.27709000227501,14.244938115844905,14.212679486521079,14.180348937648692,14.147899538245722,14.11535041693658,14.082665914038197,14.049895939197112,14.01699150398869,13.983963737927715,13.95080272449702,13.917517517676371,13.884102362155268,13.850543391418725,13.816855632743394,13.783017285122941,13.749037993085565,13.714895744274344,13.680612780802443,13.646173078055337,13.611569757744034,13.576792560021042,13.541846602747354,13.506745054252791,13.47146933811152,13.436043048694374,13.400423998384616,13.364625940217932,13.328651458427963,13.29248002892224,13.256140288640418,13.219593561765231,13.182863865122759,13.145959755672575,13.108864939738929,13.071568002228384,13.03408841871674,12.996445459051708,12.958758313990211,12.921146704690338,12.899115267797022,12.876977174968296,12.854731254300198,12.832376313621033,12.809911140012368,12.787334499315675,12.76464513562414,12.741841770759038,12.718923103730194,12.695887810179869,12.672734541809493,12.649461925788614,12.626068564145394,12.602553033137916,12.578913882605667,12.555149635300335,12.531258786195227,12.50723980177239,12.483091119286668,12.458811146005722,12.434398258425109,12.409850801457413,12.38516708759444,12.360345396041346,12.335383971821624,12.310281024851735,12.285034728984186,12.259643221017743,12.23410459967342,12.20841692453488,12.182578214951706,12.156586448904042,12.130439561826943,12.104135445392766,12.077671946249794,12.051046864715227,12.024257953420593,11.997302915907508,11.970179405171628,11.942885022152552,11.915417314167264,11.887773773284676,11.859951834638595,11.831948874676417,11.80376220934068,11.775389092180387,11.746826712388991,11.718072192765685,11.689122587596504,11.659974880451564,11.630625981894587,11.601072727100677,11.571311873378082,11.541340097589528,11.511153993468389,11.48075006882488,11.450124742637064,11.419274342021321,11.388195099076675,11.356883147597017,11.325334519645114,11.293545141981927,11.261510832344532,11.229227295565614,11.196690119527224,11.163894770941237,11.130836590948611,11.097510790529292,11.063912445714362,11.030036492591773,10.995877722096761,10.961430774577922,10.926690134129696,10.891650122682043,10.85630489383804,10.820648426450221,10.78467451792674,10.74837677725884,10.711748617761645,10.674783249521136,10.637473671541319,10.599812663586967,10.561792777719374,10.52340632952493,10.48464538903953,10.445501771375682,10.405967027064344,10.366032432129511,10.32568897792144,10.28492736074389,10.24373797132274,10.202110884177918,10.160035846978756,10.117502269985458,10.074499215707004,10.031015388940267,9.987039127397646,9.947912306340935,9.930155123409754,9.89612460382227,9.858354813040433,9.814903584982009,9.769259242488053,9.723828030773083,9.676411910540946,9.633868785772755,9.584542611027253,9.537832979041843,9.485924290470996,9.44101729976602,9.389019492395889,9.33847874527258,9.286396605341508,9.235475937147594,9.183608066161614,9.129627334832868,9.077651688849484,9.022429711021783,8.968436311781469,8.91115420108378,8.856889755796026,8.800193075969336,8.74235606154242,8.682888271359612,8.623978457886551,8.566782956028298,8.50677543405421,8.449967739462894,8.386976642401775,8.325759468552018,8.264732832255358,8.200594827112525,8.140354956625096,8.074416133491704,8.011704729894463,7.950034001749532,7.885858865164464,7.819860663734192,7.756445348066461,7.695602974620433,7.651641503260989,7.624755972111588]
MinStrategy is: [87, 87, 107, 117, 118, 127, 137, 143] + pump(71,168,24) , ['87 * 2 (-0.042436) , cost = 616.9648 s', '107 * 1 (-0.038392) , cost = 692.6796 s', '117 * 1 (-0.036091) , cost = 1541.4200 s', '118 * 1 (-0.035347) , cost = 1989.2989 s', '127 * 1 (-0.034457) , cost = 15308.4897 s', '137 * 1 (-0.033440) , cost = 196210.7190 s', '143 * 1 (-0.032760) , cost = 702454.0508 s'] + pump(71,168,24)
[87,87,107,117,118,127,137,143]
Time cost for pnj-BKZ = 255.23 h,
Time cost for pump = 1066.17 h,
Total time cost = 1321.39 h.
