New Strategy:
n = 50, alpha = 0.025, q = 2503, jump = 1, goal_margin = 1.50, MAX_TIME = inf h
[15.650490582863549, 15.650490582863549, 15.650490582863549, 15.650490582863549, 15.650490582863549, 15.650490582863549, 15.650490582863549, 15.650490582863549, 15.650490582863549, 15.650490582863549, 15.650490582863549, 15.650490582863549, 15.650490582863549, 15.650490582863549, 15.650490582863549, 15.650490582863549, 15.650490582863549, 15.650490582863549, 15.650490582863549, 15.650490582863549, 15.650490582863549, 15.650490582863549, 15.650490582863549, 15.650490582863549, 15.650490582863549, 15.650490582863549, 15.650490582863549, 15.650490582863549, 15.650490582863549, 15.650490582863549, 15.650490582863549, 15.650490582863549, 15.650490582863549, 15.650490582863549, 15.650490582863549, 15.650490582863549, 15.650490582863549, 15.650490582863549, 15.650490582863549, 15.650490582863549, 15.650490582863549, 15.650490582863549, 15.650490582863549, 15.650490582863549, 15.650490582863549, 15.650490582863549, 15.650490582863549, 15.650490582863549, 15.650490582863549, 15.650490582863549, 15.650490582863549, 15.650490582863549, 15.650490582863549, 15.650490582863549, 15.650490582863549, 15.650490582863549, 15.650490582863549, 15.650490582863549, 15.650490582863549, 15.650490582863549, 15.650490582863549, 15.650490582863549, 15.650490582863549, 15.650490582863549, 15.650490582863549, 15.650490582863549, 15.650490582863549, 15.650490582863549, 15.650490582863549, 15.650490582863549, 15.650490582863549, 15.650490582863549, 15.650490582863549, 15.650490582863549, 15.650490582863549, 15.650490582863549, 15.650490582863549, 15.650490582863549, 15.650490582863549, 15.650490582863549, 15.650490582863549, 15.650490582863549, 15.650490582863549, 15.650490582863549, 15.650490582863549, 15.650490582863549, 15.650490582863549, 15.650490582863549, 15.650490582863549, 15.650490582863549, 15.650490582863549, 15.650490582863549, 15.650490582863549, 15.650490582863549, 15.650490582863549, 15.650490582863549, 15.650490582863549, 15.635773580297663, 15.483645228505125, 15.471648492244205, 15.40225139829194, 15.219397630100964, 15.286797245997754, 15.179517284173544, 15.134460666799468, 15.054597718364551, 14.985082358327569, 14.80879892589237, 14.656104547998503, 14.747487522478838, 14.699267828786454, 14.456528401572257, 14.473588019499921, 14.551428991820169, 14.42820094324609, 14.205122636241795, 14.201156016175604, 14.110003851094362, 13.83192304973912, 13.942876904378641, 13.901849654547425, 13.893173279612737, 13.805486668683377, 13.630158109645786, 13.516058761625798, 13.422423804407817, 13.220003166325204, 13.230365812262205, 13.099045904131117, 13.039819961220525, 12.897272064693912, 12.842524861590906, 12.819176754520074, 12.729927855456243, 12.64660902700399, 12.426704547182718, 12.390882413736074, 12.290812964726362, 12.23191017856095, 12.039792393150737, 12.084118181713457, 11.974774953927998, 11.963310481320848, 11.737897836016836, 11.951220266332303, 11.704338956037047, 11.580083883832287, 11.602024940066798, 11.414813026799541, 11.323280160140294, 11.249270413590269, 11.151859960825181, 11.138401540567624, 10.958272464030149, 10.820607550180963, 10.633420881549531, 10.516786286022784, 10.490862416246694, 10.368619986575302, 10.315205692757965, 10.106205592110996, 10.082352211338634, 10.003202319213704, 9.97443096556524, 9.911751175116052, 9.678902903755874, 9.727313174355272, 9.646909821383705, 9.481330932947678, 9.395296307960214, 9.389947610794477, 9.214010479229103, 9.17757771019579, 9.198529319906758, 9.106592416930614, 9.058762344078533, 8.837274062461807, 8.687948781947954, 8.565323588889424, 8.482307188977979, 8.27193287166554, 8.199395741237332, 8.121454794919154, 8.123174934184352, 7.976220044054504, 7.939752548904169, 7.8562885702613885, 7.859508533862867, 7.75125560573576, 7.691677716064519, 7.6083688336287105, 7.640910402383233, 7.516693980656816, 7.371370706903142, 7.240402529123226, 7.163205332364003, 7.096590179706643, 6.816968419508499, 6.630484920656937, 6.675142455018776, 6.560801948994267, 6.711324836469754, 6.4743769058511695, 6.303516052746101, 6.279049937311628, 6.217956333883889, 6.036540317277846, 5.93892091161218, 5.968711502015194, 5.964768395389907, 5.787375995742444, 5.6823223158073555, 5.7849216791310045, 5.732834501502628, 5.5274862552150354, 5.452615001355583, 5.333005102921104, 5.279096213524301, 5.2110968947945215, 5.260844371707181, 5.12245874204775, 5.072551049972762, 5.104193545643683, 4.900038992651741, 4.742859789642505, 4.60271703115215, 4.650794133647896, 4.571434124494884, 4.477399689801056, 4.3213365141937015, 4.117806058720923, 4.021003058785502, 4.343497950596306, 4.090939238308308]
Blocksize strategy selection process: -0.053820 --> -0.053820, len_BS = 1
Blocksize strategy selection process: -0.044924 --> -0.027983, len_BS = 162
Blocksize strategy selection process: -0.044768 --> -0.027982, len_BS = 251
Blocksize strategy selection process: -0.044610 --> -0.027982, len_BS = 320
Blocksize strategy selection process: -0.044453 --> -0.027982, len_BS = 391
Blocksize strategy selection process: -0.044296 --> -0.027982, len_BS = 464
Blocksize strategy selection process: -0.040673 --> -0.027982, len_BS = 527
Blocksize strategy selection process: -0.040566 --> -0.027982, len_BS = 604
Blocksize strategy selection process: -0.040494 --> -0.027982, len_BS = 673
Blocksize strategy selection process: -0.040459 --> -0.027982, len_BS = 734
Blocksize strategy selection process: -0.040387 --> -0.027982, len_BS = 778
Blocksize strategy selection process: -0.040351 --> -0.027982, len_BS = 831
Blocksize strategy selection process: -0.040316 --> -0.027982, len_BS = 882
Blocksize strategy selection process: -0.040281 --> -0.027982, len_BS = 887
Blocksize strategy selection process: -0.040243 --> -0.027982, len_BS = 942
Blocksize strategy selection process: -0.040210 --> -0.027982, len_BS = 999
Blocksize strategy selection process: -0.040173 --> -0.027982, len_BS = 1003
Blocksize strategy selection process: -0.038465 --> -0.027982, len_BS = 1055
Blocksize strategy selection process: -0.038410 --> -0.027982, len_BS = 972
Blocksize strategy selection process: -0.038352 --> -0.027982, len_BS = 1026
Blocksize strategy selection process: -0.038298 --> -0.027982, len_BS = 1096
Blocksize strategy selection process: -0.038244 --> -0.027982, len_BS = 1148
Blocksize strategy selection process: -0.037231 --> -0.027982, len_BS = 1194
Blocksize strategy selection process: -0.037195 --> -0.027982, len_BS = 1124
Blocksize strategy selection process: -0.037175 --> -0.027982, len_BS = 1170
Blocksize strategy selection process: -0.037157 --> -0.027982, len_BS = 1193
Blocksize strategy selection process: -0.037102 --> -0.027982, len_BS = 1214
Blocksize strategy selection process: -0.037066 --> -0.027982, len_BS = 1252
Blocksize strategy selection process: -0.037046 --> -0.027982, len_BS = 1283
Blocksize strategy selection process: -0.037029 --> -0.027982, len_BS = 1305
Blocksize strategy selection process: -0.037027 --> -0.027982, len_BS = 1327
Blocksize strategy selection process: -0.036486 --> -0.027982, len_BS = 1331
Blocksize strategy selection process: -0.036472 --> -0.027982, len_BS = 1389
Blocksize strategy selection process: -0.036457 --> -0.027982, len_BS = 1408
Blocksize strategy selection process: -0.036406 --> -0.027982, len_BS = 1429
Blocksize strategy selection process: -0.036391 --> -0.027982, len_BS = 1479
Blocksize strategy selection process: -0.036161 --> -0.027982, len_BS = 1498
Blocksize strategy selection process: -0.036152 --> -0.027982, len_BS = 1567
Blocksize strategy selection process: -0.036146 --> -0.027982, len_BS = 1582
Blocksize strategy selection process: -0.036142 --> -0.027982, len_BS = 1589
Blocksize strategy selection process: -0.036137 --> -0.027982, len_BS = 1596
Blocksize strategy selection process: -0.036087 --> -0.027982, len_BS = 1601
Blocksize strategy selection process: -0.036077 --> -0.027982, len_BS = 1648
Blocksize strategy selection process: -0.036072 --> -0.027982, len_BS = 1654
Blocksize strategy selection process: -0.036068 --> -0.027982, len_BS = 1660
Blocksize strategy selection process: -0.036057 --> -0.027982, len_BS = 1666
Blocksize strategy selection process: -0.036012 --> -0.027982, len_BS = 1678
Blocksize strategy selection process: -0.035666 --> -0.027982, len_BS = 1724
Blocksize strategy selection process: -0.035653 --> -0.027982, len_BS = 1747
Blocksize strategy selection process: -0.035635 --> -0.027982, len_BS = 1772
Blocksize strategy selection process: -0.035623 --> -0.027982, len_BS = 1797
Blocksize strategy selection process: -0.035611 --> -0.027982, len_BS = 1820
Blocksize strategy selection process: -0.035393 --> -0.027982, len_BS = 1840
Blocksize strategy selection process: -0.035385 --> -0.027982, len_BS = 1827
Blocksize strategy selection process: -0.035381 --> -0.027982, len_BS = 1849
Blocksize strategy selection process: -0.035377 --> -0.027982, len_BS = 1865
Blocksize strategy selection process: -0.035360 --> -0.027982, len_BS = 1878
Blocksize strategy selection process: -0.035352 --> -0.027982, len_BS = 1907
Blocksize strategy selection process: -0.035347 --> -0.027982, len_BS = 1925
Blocksize strategy selection process: -0.035344 --> -0.027982, len_BS = 1936
Blocksize strategy selection process: -0.035343 --> -0.027982, len_BS = 1945
Blocksize strategy selection process: -0.035231 --> -0.027982, len_BS = 1945
Blocksize strategy selection process: -0.035228 --> -0.027982, len_BS = 1985
Blocksize strategy selection process: -0.035225 --> -0.027982, len_BS = 1996
Blocksize strategy selection process: -0.035209 --> -0.027982, len_BS = 2004
Blocksize strategy selection process: -0.035206 --> -0.027982, len_BS = 2028
Blocksize strategy selection process: -0.035155 --> -0.027982, len_BS = 2037
Blocksize strategy selection process: -0.035138 --> -0.027982, len_BS = 2080
Blocksize strategy selection process: -0.035131 --> -0.027982, len_BS = 2080
Blocksize strategy selection process: -0.035127 --> -0.027982, len_BS = 2085
Blocksize strategy selection process: -0.035087 --> -0.027982, len_BS = 2098
Blocksize strategy selection process: -0.035085 --> -0.027982, len_BS = 2136
Blocksize strategy selection process: -0.035004 --> -0.027982, len_BS = 2139
Blocksize strategy selection process: -0.035001 --> -0.027982, len_BS = 2180
Blocksize strategy selection process: -0.034998 --> -0.027982, len_BS = 2190
Blocksize strategy selection process: -0.034995 --> -0.027982, len_BS = 2200
Blocksize strategy selection process: -0.034992 --> -0.027982, len_BS = 2211
Blocksize strategy selection process: -0.034932 --> -0.027982, len_BS = 2216
Blocksize strategy selection process: -0.034929 --> -0.027982, len_BS = 2244
Blocksize strategy selection process: -0.034925 --> -0.027982, len_BS = 2251
Blocksize strategy selection process: -0.034923 --> -0.027982, len_BS = 2266
Blocksize strategy selection process: -0.034859 --> -0.027982, len_BS = 2274
Blocksize strategy selection process: -0.034857 --> -0.027982, len_BS = 2300
Blocksize strategy selection process: -0.034842 --> -0.027982, len_BS = 2307
Blocksize strategy selection process: -0.034804 --> -0.027982, len_BS = 2294
Blocksize strategy selection process: -0.034802 --> -0.027982, len_BS = 2322
Blocksize strategy selection process: -0.034801 --> -0.027982, len_BS = 2325
Blocksize strategy selection process: -0.034797 --> -0.027982, len_BS = 2329
Blocksize strategy selection process: -0.034796 --> -0.027982, len_BS = 2344
Blocksize strategy selection process: -0.034795 --> -0.027982, len_BS = 2345
Blocksize strategy selection process: -0.034794 --> -0.027982, len_BS = 2347
Blocksize strategy selection process: -0.034771 --> -0.027982, len_BS = 2349
Blocksize strategy selection process: -0.034770 --> -0.027982, len_BS = 2371
Blocksize strategy selection process: -0.034732 --> -0.027982, len_BS = 2374
Blocksize strategy selection process: -0.034730 --> -0.027982, len_BS = 2390
Blocksize strategy selection process: -0.034729 --> -0.027982, len_BS = 2396
Blocksize strategy selection process: -0.034725 --> -0.027982, len_BS = 2400
Blocksize strategy selection process: -0.034724 --> -0.027982, len_BS = 2407
Blocksize strategy selection process: -0.034723 --> -0.027982, len_BS = 2415
Blocksize strategy selection process: -0.034722 --> -0.027982, len_BS = 2416
Blocksize strategy selection process: -0.034639 --> -0.027982, len_BS = 2416
Blocksize strategy selection process: -0.034633 --> -0.027982, len_BS = 2425
Blocksize strategy selection process: -0.034631 --> -0.027982, len_BS = 2440
Blocksize strategy selection process: -0.034628 --> -0.027982, len_BS = 2446
Blocksize strategy selection process: -0.034627 --> -0.027982, len_BS = 2452
Blocksize strategy selection process: -0.034587 --> -0.027982, len_BS = 2453
Blocksize strategy selection process: -0.034585 --> -0.027982, len_BS = 2496
Blocksize strategy selection process: -0.034580 --> -0.027982, len_BS = 2500
Blocksize strategy selection process: -0.034579 --> -0.027982, len_BS = 2512
Blocksize strategy selection process: -0.034578 --> -0.027982, len_BS = 2514
Blocksize strategy selection process: -0.034577 --> -0.027982, len_BS = 2517
Blocksize strategy selection process: -0.034490 --> -0.027982, len_BS = 2517
Blocksize strategy selection process: -0.034488 --> -0.027982, len_BS = 2548
Blocksize strategy selection process: -0.034484 --> -0.027982, len_BS = 2557
Blocksize strategy selection process: -0.034483 --> -0.027982, len_BS = 2562
Blocksize strategy selection process: -0.034482 --> -0.027982, len_BS = 2570
Blocksize strategy selection process: -0.034479 --> -0.027982, len_BS = 2573
Blocksize strategy selection process: -0.034478 --> -0.027982, len_BS = 2580
Blocksize strategy selection process: -0.034464 --> -0.027982, len_BS = 2581
Blocksize strategy selection process: -0.034463 --> -0.027982, len_BS = 2581
Blocksize strategy selection process: -0.034451 --> -0.027982, len_BS = 2582
Blocksize strategy selection process: -0.034410 --> -0.027982, len_BS = 2604
Blocksize strategy selection process: -0.034409 --> -0.027982, len_BS = 2628
Blocksize strategy selection process: -0.034392 --> -0.027982, len_BS = 2628
Blocksize strategy selection process: -0.034379 --> -0.027982, len_BS = 2651
Blocksize strategy selection process: -0.034337 --> -0.027982, len_BS = 2679
Blocksize strategy selection process: -0.034336 --> -0.027982, len_BS = 2709
Blocksize strategy selection process: -0.034335 --> -0.027982, len_BS = 2710
Blocksize strategy selection process: -0.034332 --> -0.027982, len_BS = 2710
Blocksize strategy selection process: -0.034291 --> -0.027982, len_BS = 2717
Blocksize strategy selection process: -0.034290 --> -0.027982, len_BS = 2744
Blocksize strategy selection process: -0.034289 --> -0.027982, len_BS = 2747
Blocksize strategy selection process: -0.034288 --> -0.027982, len_BS = 2750
Blocksize strategy selection process: -0.034285 --> -0.027982, len_BS = 2755
Blocksize strategy selection process: -0.034284 --> -0.027982, len_BS = 2763
Blocksize strategy selection process: -0.034282 --> -0.027982, len_BS = 2764
Blocksize strategy selection process: -0.034216 --> -0.027982, len_BS = 2767
Blocksize strategy selection process: -0.034215 --> -0.027982, len_BS = 2691
Blocksize strategy selection process: -0.034214 --> -0.027982, len_BS = 2694
Blocksize strategy selection process: -0.034213 --> -0.027982, len_BS = 2698
Blocksize strategy selection process: -0.034210 --> -0.027982, len_BS = 2699
Blocksize strategy selection process: -0.034209 --> -0.027982, len_BS = 2709
Blocksize strategy selection process: -0.034208 --> -0.027982, len_BS = 2710
Blocksize strategy selection process: -0.034188 --> -0.027982, len_BS = 2713
Blocksize strategy selection process: -0.034187 --> -0.027982, len_BS = 2740
Blocksize strategy selection process: -0.034184 --> -0.027982, len_BS = 2742
Blocksize strategy selection process: -0.034141 --> -0.027982, len_BS = 2751
Blocksize strategy selection process: -0.034140 --> -0.027982, len_BS = 2782
Blocksize strategy selection process: -0.034139 --> -0.027982, len_BS = 2783
Blocksize strategy selection process: -0.034138 --> -0.027982, len_BS = 2783
Blocksize strategy selection process: -0.034135 --> -0.027982, len_BS = 2786
Blocksize strategy selection process: -0.034134 --> -0.027982, len_BS = 2798
Blocksize strategy selection process: -0.034064 --> -0.027982, len_BS = 2802
Blocksize strategy selection process: -0.034063 --> -0.027982, len_BS = 2837
Blocksize strategy selection process: -0.034060 --> -0.027982, len_BS = 2840
Blocksize strategy selection process: -0.034059 --> -0.027982, len_BS = 2845
Blocksize strategy selection process: -0.034043 --> -0.027982, len_BS = 2852
Blocksize strategy selection process: -0.034042 --> -0.027982, len_BS = 2853
Blocksize strategy selection process: -0.034033 --> -0.027982, len_BS = 2853
Blocksize strategy selection process: -0.034032 --> -0.027982, len_BS = 2870
Blocksize strategy selection process: -0.034028 --> -0.027982, len_BS = 2871
Blocksize strategy selection process: -0.034017 --> -0.027982, len_BS = 2880
Blocksize strategy selection process: -0.034016 --> -0.027982, len_BS = 2905
Blocksize strategy selection process: -0.033969 --> -0.027982, len_BS = 2906
Blocksize strategy selection process: -0.033960 --> -0.027982, len_BS = 2908
Blocksize strategy selection process: -0.033955 --> -0.027982, len_BS = 2923
Blocksize strategy selection process: -0.033945 --> -0.027982, len_BS = 2932
Blocksize strategy selection process: -0.033944 --> -0.027982, len_BS = 2953
Blocksize strategy selection process: -0.033943 --> -0.027982, len_BS = 2953
Blocksize strategy selection process: -0.033924 --> -0.027982, len_BS = 2957
Blocksize strategy selection process: -0.033922 --> -0.027982, len_BS = 2983
Blocksize strategy selection process: -0.033921 --> -0.027982, len_BS = 2988
Blocksize strategy selection process: -0.033913 --> -0.027982, len_BS = 2991
Blocksize strategy selection process: -0.033912 --> -0.027982, len_BS = 3007
Blocksize strategy selection process: -0.033871 --> -0.027982, len_BS = 3009
Blocksize strategy selection process: -0.033870 --> -0.027982, len_BS = 3028
Blocksize strategy selection process: -0.033851 --> -0.027982, len_BS = 3031
Blocksize strategy selection process: -0.033849 --> -0.027982, len_BS = 3064
Blocksize strategy selection process: -0.033848 --> -0.027982, len_BS = 3066
Blocksize strategy selection process: -0.033847 --> -0.027982, len_BS = 3069
Blocksize strategy selection process: -0.033840 --> -0.027982, len_BS = 3070
Blocksize strategy selection process: -0.033839 --> -0.027982, len_BS = 3087
Blocksize strategy selection process: -0.033820 --> -0.027982, len_BS = 3089
Blocksize strategy selection process: -0.033819 --> -0.027982, len_BS = 3118
Blocksize strategy selection process: -0.033777 --> -0.027982, len_BS = 3119
Blocksize strategy selection process: -0.033776 --> -0.027982, len_BS = 3159
Blocksize strategy selection process: -0.033775 --> -0.027982, len_BS = 3165
Blocksize strategy selection process: -0.033774 --> -0.027982, len_BS = 3167
Blocksize strategy selection process: -0.033767 --> -0.027982, len_BS = 3168
Blocksize strategy selection process: -0.033766 --> -0.027982, len_BS = 3184
Blocksize strategy selection process: -0.033748 --> -0.027982, len_BS = 3188
Blocksize strategy selection process: -0.033747 --> -0.027982, len_BS = 3229
Blocksize strategy selection process: -0.033745 --> -0.027982, len_BS = 3229
Blocksize strategy selection process: -0.033743 --> -0.027982, len_BS = 3237
Blocksize strategy selection process: -0.033733 --> -0.027982, len_BS = 3245
Blocksize strategy selection process: -0.033730 --> -0.027982, len_BS = 3271
Blocksize strategy selection process: -0.033728 --> -0.027982, len_BS = 3278
Blocksize strategy selection process: -0.033718 --> -0.027982, len_BS = 3284
Blocksize strategy selection process: -0.033717 --> -0.027982, len_BS = 3308
Blocksize strategy selection process: -0.033675 --> -0.027982, len_BS = 3310
Blocksize strategy selection process: -0.033674 --> -0.027982, len_BS = 3340
Blocksize strategy selection process: -0.033672 --> -0.027982, len_BS = 3341
Blocksize strategy selection process: -0.033630 --> -0.027982, len_BS = 3350
Blocksize strategy selection process: -0.033628 --> -0.027982, len_BS = 3378
Blocksize strategy selection process: -0.033627 --> -0.027982, len_BS = 3381
Blocksize strategy selection process: -0.033584 --> -0.027982, len_BS = 3386
Blocksize strategy selection process: -0.033582 --> -0.027982, len_BS = 3424
Blocksize strategy selection process: -0.033573 --> -0.027982, len_BS = 3427
Blocksize strategy selection process: -0.033572 --> -0.027982, len_BS = 3454
Blocksize strategy selection process: -0.033528 --> -0.027982, len_BS = 3456
Blocksize strategy selection process: -0.033527 --> -0.027982, len_BS = 3465
Blocksize strategy selection process: -0.033526 --> -0.027982, len_BS = 3466
Blocksize strategy selection process: -0.033525 --> -0.027982, len_BS = 3473
Blocksize strategy selection process: -0.033523 --> -0.027982, len_BS = 3474
Blocksize strategy selection process: -0.033473 --> -0.027982, len_BS = 3477
Blocksize strategy selection process: -0.033472 --> -0.027982, len_BS = 3497
Blocksize strategy selection process: -0.033471 --> -0.027982, len_BS = 3525
Blocksize strategy selection process: -0.033380 --> -0.027982, len_BS = 3526
Blocksize strategy selection process: -0.033377 --> -0.027982, len_BS = 3509
Blocksize strategy selection process: -0.033376 --> -0.027982, len_BS = 3518
Blocksize strategy selection process: -0.033333 --> -0.027982, len_BS = 3520
Blocksize strategy selection process: -0.033331 --> -0.027982, len_BS = 3519
Blocksize strategy selection process: -0.033306 --> -0.027982, len_BS = 3524
Blocksize strategy selection process: -0.033304 --> -0.027982, len_BS = 3552
Blocksize strategy selection process: -0.033255 --> -0.027982, len_BS = 3558
Blocksize strategy selection process: -0.033232 --> -0.027982, len_BS = 3560
Blocksize strategy selection process: -0.033219 --> -0.027982, len_BS = 3593
Blocksize strategy selection process: -0.033105 --> -0.027982, len_BS = 3614
Blocksize strategy selection process: -0.033061 --> -0.027982, len_BS = 3595
Blocksize strategy selection process: -0.033060 --> -0.027982, len_BS = 3600
Blocksize strategy selection process: -0.033059 --> -0.027982, len_BS = 3601
Blocksize strategy selection process: -0.032985 --> -0.027982, len_BS = 3601
Blocksize strategy selection process: -0.032962 --> -0.027982, len_BS = 3593
Blocksize strategy selection process: -0.032917 --> -0.027982, len_BS = 3587
Blocksize strategy selection process: -0.032909 --> -0.027982, len_BS = 3590
Blocksize strategy selection process: -0.032888 --> -0.027982, len_BS = 3604
Blocksize strategy selection process: -0.032887 --> -0.027982, len_BS = 3619
Blocksize strategy selection process: -0.032885 --> -0.027982, len_BS = 3619
Blocksize strategy selection process: -0.032884 --> -0.027982, len_BS = 3623
Blocksize strategy selection process: -0.032864 --> -0.027982, len_BS = 3626
Blocksize strategy selection process: -0.032863 --> -0.027982, len_BS = 3639
Blocksize strategy selection process: -0.032862 --> -0.027982, len_BS = 3640
Blocksize strategy selection process: -0.032861 --> -0.027982, len_BS = 3640
Blocksize strategy selection process: -0.032852 --> -0.027982, len_BS = 3645
Blocksize strategy selection process: -0.032847 --> -0.027982, len_BS = 3660
Blocksize strategy selection process: -0.032846 --> -0.027982, len_BS = 3667
Blocksize strategy selection process: -0.032845 --> -0.027982, len_BS = 3668
Blocksize strategy selection process: -0.032802 --> -0.027982, len_BS = 3669
Blocksize strategy selection process: -0.032740 --> -0.027982, len_BS = 3668
Blocksize strategy selection process: -0.032737 --> -0.027982, len_BS = 3661
Blocksize strategy selection process: -0.032665 --> -0.027982, len_BS = 3666
Blocksize strategy selection process: -0.032664 --> -0.027982, len_BS = 3653
Blocksize strategy selection process: -0.032642 --> -0.027982, len_BS = 3654
Blocksize strategy selection process: -0.032591 --> -0.027982, len_BS = 3672
Blocksize strategy selection process: -0.032558 --> -0.027982, len_BS = 3665
Blocksize strategy selection process: -0.032557 --> -0.027982, len_BS = 3680
Blocksize strategy selection process: -0.032556 --> -0.027982, len_BS = 3682
Blocksize strategy selection process: -0.032555 --> -0.027982, len_BS = 3683
Blocksize strategy selection process: -0.032552 --> -0.027982, len_BS = 3685
Blocksize strategy selection process: -0.032551 --> -0.027982, len_BS = 3687
Blocksize strategy selection process: -0.032531 --> -0.027982, len_BS = 3688
Blocksize strategy selection process: -0.032530 --> -0.027982, len_BS = 3707
Blocksize strategy selection process: -0.032528 --> -0.027982, len_BS = 3710
Blocksize strategy selection process: -0.032527 --> -0.027982, len_BS = 3713
Blocksize strategy selection process: -0.032470 --> -0.027982, len_BS = 3713
Blocksize strategy selection process: -0.032467 --> -0.027982, len_BS = 3712
Blocksize strategy selection process: -0.032457 --> -0.027982, len_BS = 3718
Blocksize strategy selection process: -0.032456 --> -0.027982, len_BS = 3728
Blocksize strategy selection process: -0.032454 --> -0.027982, len_BS = 3730
Blocksize strategy selection process: -0.032452 --> -0.027982, len_BS = 3732
Blocksize strategy selection process: -0.032451 --> -0.027982, len_BS = 3735
Blocksize strategy selection process: -0.032444 --> -0.027982, len_BS = 3739
Blocksize strategy selection process: -0.032394 --> -0.027982, len_BS = 3745
Blocksize strategy selection process: -0.032391 --> -0.027982, len_BS = 3747
Blocksize strategy selection process: -0.032384 --> -0.027982, len_BS = 3753
Blocksize strategy selection process: -0.032381 --> -0.027982, len_BS = 3759
Blocksize strategy selection process: -0.032380 --> -0.027982, len_BS = 3763
Blocksize strategy selection process: -0.032379 --> -0.027982, len_BS = 3765
Blocksize strategy selection process: -0.032378 --> -0.027982, len_BS = 3766
Blocksize strategy selection process: -0.032371 --> -0.027982, len_BS = 3767
Blocksize strategy selection process: -0.032323 --> -0.027982, len_BS = 3773
Blocksize strategy selection process: -0.032271 --> -0.027982, len_BS = 3776
Blocksize strategy selection process: -0.032237 --> -0.027982, len_BS = 3781
Blocksize strategy selection process: -0.032234 --> -0.027982, len_BS = 3799
Blocksize strategy selection process: -0.032233 --> -0.027982, len_BS = 3802
Blocksize strategy selection process: -0.032232 --> -0.027982, len_BS = 3804
Blocksize strategy selection process: -0.032231 --> -0.027982, len_BS = 3804
Blocksize strategy selection process: -0.032187 --> -0.027982, len_BS = 3804
Blocksize strategy selection process: -0.032163 --> -0.027982, len_BS = 3814
Blocksize strategy selection process: -0.032162 --> -0.027982, len_BS = 3828
Blocksize strategy selection process: -0.032160 --> -0.027982, len_BS = 3829
Blocksize strategy selection process: -0.032026 --> -0.027982, len_BS = 3830
Blocksize strategy selection process: -0.031990 --> -0.027982, len_BS = 3774
Blocksize strategy selection process: -0.031989 --> -0.027982, len_BS = 3787
Blocksize strategy selection process: -0.031975 --> -0.027982, len_BS = 3787
Blocksize strategy selection process: -0.031974 --> -0.027982, len_BS = 3800
Blocksize strategy selection process: -0.031890 --> -0.027982, len_BS = 3801
Blocksize strategy selection process: -0.031843 --> -0.027982, len_BS = 3799
Blocksize strategy selection process: -0.031826 --> -0.027982, len_BS = 3800
Blocksize strategy selection process: -0.031825 --> -0.027982, len_BS = 3812
Blocksize strategy selection process: -0.031824 --> -0.027982, len_BS = 3813
Blocksize strategy selection process: -0.031815 --> -0.027982, len_BS = 3814
Blocksize strategy selection process: -0.031805 --> -0.027982, len_BS = 3819
Blocksize strategy selection process: -0.031795 --> -0.027982, len_BS = 3826
Blocksize strategy selection process: -0.031790 --> -0.027982, len_BS = 3833
Blocksize strategy selection process: -0.031789 --> -0.027982, len_BS = 3836
Blocksize strategy selection process: -0.031767 --> -0.027982, len_BS = 3837
Blocksize strategy selection process: -0.031750 --> -0.027982, len_BS = 3844
Blocksize strategy selection process: -0.031749 --> -0.027982, len_BS = 3856
Blocksize strategy selection process: -0.031744 --> -0.027982, len_BS = 3856
Blocksize strategy selection process: -0.031700 --> -0.027982, len_BS = 3859
Blocksize strategy selection process: -0.031689 --> -0.027982, len_BS = 3864
Blocksize strategy selection process: -0.031677 --> -0.027982, len_BS = 3875
Blocksize strategy selection process: -0.031669 --> -0.027982, len_BS = 3883
Blocksize strategy selection process: -0.031663 --> -0.027982, len_BS = 3892
Blocksize strategy selection process: -0.031660 --> -0.027982, len_BS = 3895
Blocksize strategy selection process: -0.031597 --> -0.027982, len_BS = 3896
Blocksize strategy selection process: -0.031554 --> -0.027982, len_BS = 3894
Blocksize strategy selection process: -0.031543 --> -0.027982, len_BS = 3897
Blocksize strategy selection process: -0.031541 --> -0.027982, len_BS = 3901
Blocksize strategy selection process: -0.031526 --> -0.027982, len_BS = 3901
Blocksize strategy selection process: -0.031524 --> -0.027982, len_BS = 3908
Blocksize strategy selection process: -0.031516 --> -0.027982, len_BS = 3909
Blocksize strategy selection process: -0.031515 --> -0.027982, len_BS = 3912
Blocksize strategy selection process: -0.031417 --> -0.027982, len_BS = 3912
Blocksize strategy selection process: -0.031412 --> -0.027982, len_BS = 3897
Blocksize strategy selection process: -0.031359 --> -0.027982, len_BS = 3900
Blocksize strategy selection process: -0.031310 --> -0.027982, len_BS = 3901
Blocksize strategy selection process: -0.031302 --> -0.027982, len_BS = 3903
Blocksize strategy selection process: -0.031288 --> -0.027982, len_BS = 3910
Blocksize strategy selection process: -0.031283 --> -0.027982, len_BS = 3915
Blocksize strategy selection process: -0.031281 --> -0.027982, len_BS = 3918
Blocksize strategy selection process: -0.031237 --> -0.027982, len_BS = 3917
Blocksize strategy selection process: -0.031230 --> -0.027982, len_BS = 3924
Blocksize strategy selection process: -0.031229 --> -0.027982, len_BS = 3926
Blocksize strategy selection process: -0.031228 --> -0.027982, len_BS = 3926
Blocksize strategy selection process: -0.031144 --> -0.027982, len_BS = 3926
Blocksize strategy selection process: -0.031014 --> -0.027982, len_BS = 3923
Blocksize strategy selection process: -0.031013 --> -0.027982, len_BS = 3909
Blocksize strategy selection process: -0.031005 --> -0.027982, len_BS = 3910
Blocksize strategy selection process: -0.031003 --> -0.027982, len_BS = 3915
Blocksize strategy selection process: -0.030998 --> -0.027982, len_BS = 3915
Blocksize strategy selection process: -0.030994 --> -0.027982, len_BS = 3918
Blocksize strategy selection process: -0.030989 --> -0.027982, len_BS = 3919
Blocksize strategy selection process: -0.030988 --> -0.027982, len_BS = 3921
Blocksize strategy selection process: -0.030986 --> -0.027982, len_BS = 3921
Blocksize strategy selection process: -0.030981 --> -0.027982, len_BS = 3921
Blocksize strategy selection process: -0.030934 --> -0.027982, len_BS = 3923
Blocksize strategy selection process: -0.030881 --> -0.027982, len_BS = 3932
Blocksize strategy selection process: -0.030869 --> -0.027982, len_BS = 3939
Blocksize strategy selection process: -0.030868 --> -0.027982, len_BS = 3942
Blocksize strategy selection process: -0.030861 --> -0.027982, len_BS = 3942
Blocksize strategy selection process: -0.030849 --> -0.027982, len_BS = 3945
Blocksize strategy selection process: -0.030845 --> -0.027982, len_BS = 3944
Blocksize strategy selection process: -0.030844 --> -0.027982, len_BS = 3945
Blocksize strategy selection process: -0.030843 --> -0.027982, len_BS = 3946
Blocksize strategy selection process: -0.030841 --> -0.027982, len_BS = 3947
Blocksize strategy selection process: -0.030824 --> -0.027982, len_BS = 3947
Blocksize strategy selection process: -0.030774 --> -0.027982, len_BS = 3952
Blocksize strategy selection process: -0.030772 --> -0.027982, len_BS = 3956
Blocksize strategy selection process: -0.030730 --> -0.027982, len_BS = 3956
Blocksize strategy selection process: -0.030708 --> -0.027982, len_BS = 3963
Blocksize strategy selection process: -0.030704 --> -0.027982, len_BS = 3971
Blocksize strategy selection process: -0.030703 --> -0.027982, len_BS = 3972
Blocksize strategy selection process: -0.030700 --> -0.027982, len_BS = 3972
Blocksize strategy selection process: -0.030699 --> -0.027982, len_BS = 3973
Blocksize strategy selection process: -0.030684 --> -0.027982, len_BS = 3973
Blocksize strategy selection process: -0.030683 --> -0.027982, len_BS = 3980
Blocksize strategy selection process: -0.030634 --> -0.027982, len_BS = 3980
Blocksize strategy selection process: -0.030629 --> -0.027982, len_BS = 3988
Blocksize strategy selection process: -0.030625 --> -0.027982, len_BS = 3988
Blocksize strategy selection process: -0.030609 --> -0.027982, len_BS = 3988
Blocksize strategy selection process: -0.030607 --> -0.027982, len_BS = 3992
Blocksize strategy selection process: -0.030562 --> -0.027982, len_BS = 3992
Blocksize strategy selection process: -0.030559 --> -0.027982, len_BS = 4000
Blocksize strategy selection process: -0.030556 --> -0.027982, len_BS = 4000
Blocksize strategy selection process: -0.030507 --> -0.027982, len_BS = 4001
Blocksize strategy selection process: -0.030503 --> -0.027982, len_BS = 4007
Blocksize strategy selection process: -0.030454 --> -0.027982, len_BS = 4009
Blocksize strategy selection process: -0.030395 --> -0.027982, len_BS = 4018
Blocksize strategy selection process: -0.030318 --> -0.027982, len_BS = 4021
Blocksize strategy selection process: -0.030315 --> -0.027982, len_BS = 4023
Blocksize strategy selection process: -0.030260 --> -0.027982, len_BS = 4023
Blocksize strategy selection process: -0.030249 --> -0.027982, len_BS = 4031
Blocksize strategy selection process: -0.030209 --> -0.027982, len_BS = 4032
Blocksize strategy selection process: -0.030200 --> -0.027982, len_BS = 4036
Blocksize strategy selection process: -0.030198 --> -0.027982, len_BS = 4038
Blocksize strategy selection process: -0.030081 --> -0.027982, len_BS = 4038
Blocksize strategy selection process: -0.030077 --> -0.027982, len_BS = 4037
Blocksize strategy selection process: -0.030071 --> -0.027982, len_BS = 4037
Blocksize strategy selection process: -0.030070 --> -0.027982, len_BS = 4038
Blocksize strategy selection process: -0.030068 --> -0.027982, len_BS = 4038
Blocksize strategy selection process: -0.030013 --> -0.027982, len_BS = 4038
Blocksize strategy selection process: -0.030009 --> -0.027982, len_BS = 4041
Blocksize strategy selection process: -0.030008 --> -0.027982, len_BS = 4042
Blocksize strategy selection process: -0.030004 --> -0.027982, len_BS = 4042
Blocksize strategy selection process: -0.030002 --> -0.027982, len_BS = 4042
Blocksize strategy selection process: -0.029990 --> -0.027982, len_BS = 4042
Blocksize strategy selection process: -0.029987 --> -0.027982, len_BS = 4043
Blocksize strategy selection process: -0.029947 --> -0.027982, len_BS = 4043
Blocksize strategy selection process: -0.029946 --> -0.027982, len_BS = 4046
Blocksize strategy selection process: -0.029936 --> -0.027982, len_BS = 4046
Blocksize strategy selection process: -0.029891 --> -0.027982, len_BS = 4046
Blocksize strategy selection process: -0.029811 --> -0.027982, len_BS = 4049
Blocksize strategy selection process: -0.029807 --> -0.027982, len_BS = 4051
Blocksize strategy selection process: -0.029746 --> -0.027982, len_BS = 4051
Blocksize strategy selection process: -0.029689 --> -0.027982, len_BS = 4056
Blocksize strategy selection process: -0.029685 --> -0.027982, len_BS = 4059
Blocksize strategy selection process: -0.029684 --> -0.027982, len_BS = 4059
Blocksize strategy selection process: -0.029679 --> -0.027982, len_BS = 4059
Blocksize strategy selection process: -0.029639 --> -0.027982, len_BS = 4059
Blocksize strategy selection process: -0.029569 --> -0.027982, len_BS = 4060
Blocksize strategy selection process: -0.029564 --> -0.027982, len_BS = 4062
Blocksize strategy selection process: -0.029513 --> -0.027982, len_BS = 4062
Blocksize strategy selection process: -0.029454 --> -0.027982, len_BS = 4062
Blocksize strategy selection process: -0.029451 --> -0.027982, len_BS = 4063
Blocksize strategy selection process: -0.029417 --> -0.027982, len_BS = 4063
Blocksize strategy selection process: -0.029371 --> -0.027982, len_BS = 4063
Blocksize strategy selection process: -0.029347 --> -0.027982, len_BS = 4064
Blocksize strategy selection process: -0.029339 --> -0.027982, len_BS = 4064
Blocksize strategy selection process: -0.029336 --> -0.027982, len_BS = 4064
Blocksize strategy selection process: -0.029301 --> -0.027982, len_BS = 4064
Blocksize strategy selection process: -0.029237 --> -0.027982, len_BS = 4065
Blocksize strategy selection process: -0.029236 --> -0.027982, len_BS = 4066
Blocksize strategy selection process: -0.029229 --> -0.027982, len_BS = 4066
Blocksize strategy selection process: -0.029222 --> -0.027982, len_BS = 4066
Blocksize strategy selection process: -0.029154 --> -0.027982, len_BS = 4066
Blocksize strategy selection process: -0.029131 --> -0.027982, len_BS = 4066
Blocksize strategy selection process: -0.029102 --> -0.027982, len_BS = 4066
Blocksize strategy selection process: -0.029037 --> -0.027982, len_BS = 4067
Blocksize strategy selection process: -0.029034 --> -0.027982, len_BS = 4068
Blocksize strategy selection process: -0.029001 --> -0.027982, len_BS = 4068
Blocksize strategy selection process: -0.028991 --> -0.027982, len_BS = 4068
Blocksize strategy selection process: -0.028990 --> -0.027982, len_BS = 4068
Blocksize strategy selection process: -0.028985 --> -0.027982, len_BS = 4068
Blocksize strategy selection process: -0.028983 --> -0.027982, len_BS = 4068
Blocksize strategy selection process: -0.028982 --> -0.027982, len_BS = 4068
Blocksize strategy selection process: -0.028942 --> -0.027982, len_BS = 4068
Blocksize strategy selection process: -0.028894 --> -0.027982, len_BS = 4068
Blocksize strategy selection process: -0.028889 --> -0.027982, len_BS = 4068
Blocksize strategy selection process: -0.028870 --> -0.027982, len_BS = 4068
Blocksize strategy selection process: -0.028841 --> -0.027982, len_BS = 4068
Blocksize strategy selection process: -0.028840 --> -0.027982, len_BS = 4068
Blocksize strategy selection process: -0.028802 --> -0.027982, len_BS = 4068
Blocksize strategy selection process: -0.028797 --> -0.027982, len_BS = 4068
Blocksize strategy selection process: -0.028795 --> -0.027982, len_BS = 4068
Blocksize strategy selection process: -0.028757 --> -0.027982, len_BS = 4068
Blocksize strategy selection process: -0.028751 --> -0.027982, len_BS = 4069
Blocksize strategy selection process: -0.028740 --> -0.027982, len_BS = 4069
Blocksize strategy selection process: -0.028713 --> -0.027982, len_BS = 4069
Blocksize strategy selection process: -0.028709 --> -0.027982, len_BS = 4069
Blocksize strategy selection process: -0.028707 --> -0.027982, len_BS = 4069
Blocksize strategy selection process: -0.028629 --> -0.027982, len_BS = 4069
Blocksize strategy selection process: -0.028598 --> -0.027982, len_BS = 4069
Blocksize strategy selection process: -0.028597 --> -0.027982, len_BS = 4069
Blocksize strategy selection process: -0.028596 --> -0.027982, len_BS = 4069
Blocksize strategy selection process: -0.028595 --> -0.027982, len_BS = 4069
Blocksize strategy selection process: -0.028594 --> -0.027982, len_BS = 4069
Blocksize strategy selection process: -0.028593 --> -0.027982, len_BS = 4069
Blocksize strategy selection process: -0.028592 --> -0.027982, len_BS = 4069
Blocksize strategy selection process: -0.028591 --> -0.027982, len_BS = 4069
Blocksize strategy selection process: -0.028590 --> -0.027982, len_BS = 4069
Blocksize strategy selection process: -0.028589 --> -0.027982, len_BS = 4070
Blocksize strategy selection process: -0.028588 --> -0.027982, len_BS = 4070
Blocksize strategy selection process: -0.028587 --> -0.027982, len_BS = 4070
Blocksize strategy selection process: -0.028586 --> -0.027982, len_BS = 4070
Blocksize strategy selection process: -0.028584 --> -0.027982, len_BS = 4070
Blocksize strategy selection process: -0.028583 --> -0.027982, len_BS = 4070
Blocksize strategy selection process: -0.028582 --> -0.027982, len_BS = 4070
Blocksize strategy selection process: -0.028581 --> -0.027982, len_BS = 4070
Blocksize strategy selection process: -0.028580 --> -0.027982, len_BS = 4070
Blocksize strategy selection process: -0.028579 --> -0.027982, len_BS = 4070
Blocksize strategy selection process: -0.028556 --> -0.027982, len_BS = 4070
Blocksize strategy selection process: -0.028535 --> -0.027982, len_BS = 4071
Blocksize strategy selection process: -0.028522 --> -0.027982, len_BS = 4071
Blocksize strategy selection process: -0.028521 --> -0.027982, len_BS = 4071
Blocksize strategy selection process: -0.028520 --> -0.027982, len_BS = 4071
Blocksize strategy selection process: -0.028519 --> -0.027982, len_BS = 4071
Blocksize strategy selection process: -0.028518 --> -0.027982, len_BS = 4071
Blocksize strategy selection process: -0.028517 --> -0.027982, len_BS = 4071
Blocksize strategy selection process: -0.028516 --> -0.027982, len_BS = 4071
Blocksize strategy selection process: -0.028515 --> -0.027982, len_BS = 4071
Blocksize strategy selection process: -0.028514 --> -0.027982, len_BS = 4071
Blocksize strategy selection process: -0.028513 --> -0.027982, len_BS = 4071
Blocksize strategy selection process: -0.028512 --> -0.027982, len_BS = 4071
Blocksize strategy selection process: -0.028511 --> -0.027982, len_BS = 4071
Blocksize strategy selection process: -0.028470 --> -0.027982, len_BS = 4071
Blocksize strategy selection process: -0.028469 --> -0.027982, len_BS = 4071
Blocksize strategy selection process: -0.028468 --> -0.027982, len_BS = 4071
Blocksize strategy selection process: -0.028449 --> -0.027982, len_BS = 4071
Blocksize strategy selection process: -0.028448 --> -0.027982, len_BS = 4071
Blocksize strategy selection process: -0.028447 --> -0.027982, len_BS = 4071
Blocksize strategy selection process: -0.028446 --> -0.027982, len_BS = 4071
Blocksize strategy selection process: -0.028445 --> -0.027982, len_BS = 4071
Blocksize strategy selection process: -0.028444 --> -0.027982, len_BS = 4071
Blocksize strategy selection process: -0.028443 --> -0.027982, len_BS = 4071
Blocksize strategy selection process: -0.028442 --> -0.027982, len_BS = 4071
Blocksize strategy selection process: -0.028441 --> -0.027982, len_BS = 4071
Blocksize strategy selection process: -0.028440 --> -0.027982, len_BS = 4071
Blocksize strategy selection process: -0.028439 --> -0.027982, len_BS = 4071
Blocksize strategy selection process: -0.028438 --> -0.027982, len_BS = 4071
Blocksize strategy selection process: -0.028437 --> -0.027982, len_BS = 4071
Blocksize strategy selection process: -0.028436 --> -0.027982, len_BS = 4071
Blocksize strategy selection process: -0.028435 --> -0.027982, len_BS = 4071
Blocksize strategy selection process: -0.028415 --> -0.027982, len_BS = 4071
Blocksize strategy selection process: -0.028414 --> -0.027982, len_BS = 4072
Blocksize strategy selection process: -0.028413 --> -0.027982, len_BS = 4072
Blocksize strategy selection process: -0.028412 --> -0.027982, len_BS = 4072
Blocksize strategy selection process: -0.028411 --> -0.027982, len_BS = 4072
Blocksize strategy selection process: -0.028410 --> -0.027982, len_BS = 4072
Blocksize strategy selection process: -0.028409 --> -0.027982, len_BS = 4072
Blocksize strategy selection process: -0.028407 --> -0.027982, len_BS = 4072
Blocksize strategy selection process: -0.028406 --> -0.027982, len_BS = 4072
Blocksize strategy selection process: -0.028405 --> -0.027982, len_BS = 4072
Blocksize strategy selection process: -0.028404 --> -0.027982, len_BS = 4072
Blocksize strategy selection process: -0.028403 --> -0.027982, len_BS = 4072
Blocksize strategy selection process: -0.028402 --> -0.027982, len_BS = 4072
Blocksize strategy selection process: -0.028401 --> -0.027982, len_BS = 4072
Blocksize strategy selection process: -0.028382 --> -0.027982, len_BS = 4072
Blocksize strategy selection process: -0.028381 --> -0.027982, len_BS = 4072
Blocksize strategy selection process: -0.028380 --> -0.027982, len_BS = 4072
Blocksize strategy selection process: -0.028379 --> -0.027982, len_BS = 4072
Blocksize strategy selection process: -0.028378 --> -0.027982, len_BS = 4072
Blocksize strategy selection process: -0.028377 --> -0.027982, len_BS = 4072
Blocksize strategy selection process: -0.028376 --> -0.027982, len_BS = 4072
Blocksize strategy selection process: -0.028375 --> -0.027982, len_BS = 4072
Blocksize strategy selection process: -0.028374 --> -0.027982, len_BS = 4072
Blocksize strategy selection process: -0.028373 --> -0.027982, len_BS = 4072
Blocksize strategy selection process: -0.028372 --> -0.027982, len_BS = 4072
Blocksize strategy selection process: -0.028371 --> -0.027982, len_BS = 4072
Blocksize strategy selection process: -0.028370 --> -0.027982, len_BS = 4072
Blocksize strategy selection process: -0.028369 --> -0.027982, len_BS = 4072
Blocksize strategy selection process: -0.028368 --> -0.027982, len_BS = 4072
Blocksize strategy selection process: -0.028350 --> -0.027982, len_BS = 4072
Blocksize strategy selection process: -0.028349 --> -0.027982, len_BS = 4072
Blocksize strategy selection process: -0.028348 --> -0.027982, len_BS = 4072
Blocksize strategy selection process: -0.028347 --> -0.027982, len_BS = 4072
Blocksize strategy selection process: -0.028346 --> -0.027982, len_BS = 4072
Blocksize strategy selection process: -0.028345 --> -0.027982, len_BS = 4072
Blocksize strategy selection process: -0.028344 --> -0.027982, len_BS = 4072
Blocksize strategy selection process: -0.028343 --> -0.027982, len_BS = 4072
Blocksize strategy selection process: -0.028342 --> -0.027982, len_BS = 4072
Blocksize strategy selection process: -0.028341 --> -0.027982, len_BS = 4072
Blocksize strategy selection process: -0.028340 --> -0.027982, len_BS = 4072
Blocksize strategy selection process: -0.028339 --> -0.027982, len_BS = 4072
Blocksize strategy selection process: -0.028338 --> -0.027982, len_BS = 4072
Blocksize strategy selection process: -0.028337 --> -0.027982, len_BS = 4072
Blocksize strategy selection process: -0.028336 --> -0.027982, len_BS = 4072
Blocksize strategy selection process: -0.028319 --> -0.027982, len_BS = 4072
Blocksize strategy selection process: -0.028318 --> -0.027982, len_BS = 4072
Blocksize strategy selection process: -0.028317 --> -0.027982, len_BS = 4072
Blocksize strategy selection process: -0.028316 --> -0.027982, len_BS = 4072
Blocksize strategy selection process: -0.028315 --> -0.027982, len_BS = 4072
Blocksize strategy selection process: -0.028314 --> -0.027982, len_BS = 4072
Blocksize strategy selection process: -0.028313 --> -0.027982, len_BS = 4072
Blocksize strategy selection process: -0.028312 --> -0.027982, len_BS = 4072
Blocksize strategy selection process: -0.028311 --> -0.027982, len_BS = 4072
Blocksize strategy selection process: -0.028310 --> -0.027982, len_BS = 4072
Blocksize strategy selection process: -0.028309 --> -0.027982, len_BS = 4072
Blocksize strategy selection process: -0.028308 --> -0.027982, len_BS = 4072
Blocksize strategy selection process: -0.028307 --> -0.027982, len_BS = 4072
Blocksize strategy selection process: -0.028306 --> -0.027982, len_BS = 4072
Blocksize strategy selection process: -0.028305 --> -0.027982, len_BS = 4072
Blocksize strategy selection process: -0.028289 --> -0.027982, len_BS = 4072
Blocksize strategy selection process: -0.028288 --> -0.027982, len_BS = 4073
Blocksize strategy selection process: -0.028287 --> -0.027982, len_BS = 4073
Blocksize strategy selection process: -0.028286 --> -0.027982, len_BS = 4073
Blocksize strategy selection process: -0.028285 --> -0.027982, len_BS = 4073
Blocksize strategy selection process: -0.028284 --> -0.027982, len_BS = 4073
Blocksize strategy selection process: -0.028283 --> -0.027982, len_BS = 4073
Blocksize strategy selection process: -0.028282 --> -0.027982, len_BS = 4073
Blocksize strategy selection process: -0.028281 --> -0.027982, len_BS = 4073
Blocksize strategy selection process: -0.028280 --> -0.027982, len_BS = 4073
Blocksize strategy selection process: -0.028279 --> -0.027982, len_BS = 4073
Blocksize strategy selection process: -0.028278 --> -0.027982, len_BS = 4073
Blocksize strategy selection process: -0.028277 --> -0.027982, len_BS = 4073
Blocksize strategy selection process: -0.028261 --> -0.027982, len_BS = 4073
Blocksize strategy selection process: -0.028260 --> -0.027982, len_BS = 4073
Blocksize strategy selection process: -0.028259 --> -0.027982, len_BS = 4073
Blocksize strategy selection process: -0.028258 --> -0.027982, len_BS = 4073
Blocksize strategy selection process: -0.028257 --> -0.027982, len_BS = 4073
Blocksize strategy selection process: -0.028256 --> -0.027982, len_BS = 4073
Blocksize strategy selection process: -0.028255 --> -0.027982, len_BS = 4073
Blocksize strategy selection process: -0.028254 --> -0.027982, len_BS = 4073
Blocksize strategy selection process: -0.028253 --> -0.027982, len_BS = 4073
Blocksize strategy selection process: -0.028252 --> -0.027982, len_BS = 4073
Blocksize strategy selection process: -0.028251 --> -0.027982, len_BS = 4073
Blocksize strategy selection process: -0.028250 --> -0.027982, len_BS = 4073
Blocksize strategy selection process: -0.028249 --> -0.027982, len_BS = 4073
Blocksize strategy selection process: -0.028248 --> -0.027982, len_BS = 4073
Blocksize strategy selection process: -0.028233 --> -0.027982, len_BS = 4073
Blocksize strategy selection process: -0.028232 --> -0.027982, len_BS = 4073
Blocksize strategy selection process: -0.028231 --> -0.027982, len_BS = 4073
Blocksize strategy selection process: -0.028230 --> -0.027982, len_BS = 4073
Blocksize strategy selection process: -0.028229 --> -0.027982, len_BS = 4073
Blocksize strategy selection process: -0.028228 --> -0.027982, len_BS = 4073
Blocksize strategy selection process: -0.028227 --> -0.027982, len_BS = 4073
Blocksize strategy selection process: -0.028226 --> -0.027982, len_BS = 4073
Blocksize strategy selection process: -0.028225 --> -0.027982, len_BS = 4073
Blocksize strategy selection process: -0.028183 --> -0.027982, len_BS = 4073
Blocksize strategy selection process: -0.028174 --> -0.027982, len_BS = 4074
Blocksize strategy selection process: -0.028173 --> -0.027982, len_BS = 4074
Blocksize strategy selection process: -0.028169 --> -0.027982, len_BS = 4074
Blocksize strategy selection process: -0.028168 --> -0.027982, len_BS = 4074
Blocksize strategy selection process: -0.028166 --> -0.027982, len_BS = 4074
Blocksize strategy selection process: -0.028165 --> -0.027982, len_BS = 4074
Blocksize strategy selection process: -0.028164 --> -0.027982, len_BS = 4074
Blocksize strategy selection process: -0.028162 --> -0.027982, len_BS = 4074
Blocksize strategy selection process: -0.028161 --> -0.027982, len_BS = 4074
Blocksize strategy selection process: -0.028160 --> -0.027982, len_BS = 4074
Blocksize strategy selection process: -0.028159 --> -0.027982, len_BS = 4074
Blocksize strategy selection process: -0.028158 --> -0.027982, len_BS = 4074
Blocksize strategy selection process: -0.028157 --> -0.027982, len_BS = 4074
Blocksize strategy selection process: -0.028156 --> -0.027982, len_BS = 4074
Blocksize strategy selection process: -0.028155 --> -0.027982, len_BS = 4074
Blocksize strategy selection process: -0.028154 --> -0.027982, len_BS = 4074
Blocksize strategy selection process: -0.028153 --> -0.027982, len_BS = 4074
Blocksize strategy selection process: -0.028152 --> -0.027982, len_BS = 4074
Blocksize strategy selection process: -0.028151 --> -0.027982, len_BS = 4074
Blocksize strategy selection process: -0.028150 --> -0.027982, len_BS = 4074
Blocksize strategy selection process: -0.028138 --> -0.027982, len_BS = 4074
Blocksize strategy selection process: -0.028137 --> -0.027982, len_BS = 4074
Blocksize strategy selection process: -0.028136 --> -0.027982, len_BS = 4074
Blocksize strategy selection process: -0.028135 --> -0.027982, len_BS = 4074
Blocksize strategy selection process: -0.028134 --> -0.027982, len_BS = 4074
Blocksize strategy selection process: -0.028133 --> -0.027982, len_BS = 4074
Blocksize strategy selection process: -0.028132 --> -0.027982, len_BS = 4074
Blocksize strategy selection process: -0.028131 --> -0.027982, len_BS = 4074
Blocksize strategy selection process: -0.028130 --> -0.027982, len_BS = 4074
Blocksize strategy selection process: -0.028129 --> -0.027982, len_BS = 4074
Blocksize strategy selection process: -0.028128 --> -0.027982, len_BS = 4074
Blocksize strategy selection process: -0.028127 --> -0.027982, len_BS = 4074
Blocksize strategy selection process: -0.028116 --> -0.027982, len_BS = 4074
Blocksize strategy selection process: -0.028115 --> -0.027982, len_BS = 4074
Blocksize strategy selection process: -0.028114 --> -0.027982, len_BS = 4074
Blocksize strategy selection process: -0.028113 --> -0.027982, len_BS = 4074
Blocksize strategy selection process: -0.028112 --> -0.027982, len_BS = 4074
Blocksize strategy selection process: -0.028111 --> -0.027982, len_BS = 4074
Blocksize strategy selection process: -0.028110 --> -0.027982, len_BS = 4074
Blocksize strategy selection process: -0.028109 --> -0.027982, len_BS = 4074
Blocksize strategy selection process: -0.028108 --> -0.027982, len_BS = 4074
Blocksize strategy selection process: -0.028098 --> -0.027982, len_BS = 4074
Blocksize strategy selection process: -0.028097 --> -0.027982, len_BS = 4074
Blocksize strategy selection process: -0.028096 --> -0.027982, len_BS = 4074
Blocksize strategy selection process: -0.028095 --> -0.027982, len_BS = 4074
Blocksize strategy selection process: -0.028094 --> -0.027982, len_BS = 4074
Blocksize strategy selection process: -0.028093 --> -0.027982, len_BS = 4074
Blocksize strategy selection process: -0.028092 --> -0.027982, len_BS = 4074
Blocksize strategy selection process: -0.028091 --> -0.027982, len_BS = 4074
Blocksize strategy selection process: -0.028090 --> -0.027982, len_BS = 4074
Blocksize strategy selection process: -0.028089 --> -0.027982, len_BS = 4074
Blocksize strategy selection process: -0.028080 --> -0.027982, len_BS = 4074
Blocksize strategy selection process: -0.028079 --> -0.027982, len_BS = 4074
Blocksize strategy selection process: -0.028078 --> -0.027982, len_BS = 4074
Blocksize strategy selection process: -0.028077 --> -0.027982, len_BS = 4074
Blocksize strategy selection process: -0.028076 --> -0.027982, len_BS = 4074
Blocksize strategy selection process: -0.028075 --> -0.027982, len_BS = 4074
Blocksize strategy selection process: -0.028074 --> -0.027982, len_BS = 4074
Blocksize strategy selection process: -0.028073 --> -0.027982, len_BS = 4074
Blocksize strategy selection process: -0.028064 --> -0.027982, len_BS = 4074
Blocksize strategy selection process: -0.028062 --> -0.027982, len_BS = 4074
Blocksize strategy selection process: -0.028061 --> -0.027982, len_BS = 4074
Blocksize strategy selection process: -0.028060 --> -0.027982, len_BS = 4074
Blocksize strategy selection process: -0.028059 --> -0.027982, len_BS = 4074
Blocksize strategy selection process: -0.028058 --> -0.027982, len_BS = 4074
Blocksize strategy selection process: -0.028057 --> -0.027982, len_BS = 4074
Blocksize strategy selection process: -0.028056 --> -0.027982, len_BS = 4074
Blocksize strategy selection process: -0.028055 --> -0.027982, len_BS = 4074
Blocksize strategy selection process: -0.028048 --> -0.027982, len_BS = 4074
Blocksize strategy selection process: -0.028047 --> -0.027982, len_BS = 4074
Blocksize strategy selection process: -0.028046 --> -0.027982, len_BS = 4074
Blocksize strategy selection process: -0.028045 --> -0.027982, len_BS = 4074
Blocksize strategy selection process: -0.028044 --> -0.027982, len_BS = 4074
Blocksize strategy selection process: -0.028043 --> -0.027982, len_BS = 4074
Blocksize strategy selection process: -0.028035 --> -0.027982, len_BS = 4074
Blocksize strategy selection process: -0.028033 --> -0.027982, len_BS = 4074
Blocksize strategy selection process: -0.028032 --> -0.027982, len_BS = 4074
Blocksize strategy selection process: -0.028031 --> -0.027982, len_BS = 4074
Blocksize strategy selection process: -0.028030 --> -0.027982, len_BS = 4074
Blocksize strategy selection process: -0.028029 --> -0.027982, len_BS = 4074
Blocksize strategy selection process: -0.028028 --> -0.027982, len_BS = 4074
Blocksize strategy selection process: -0.028022 --> -0.027982, len_BS = 4074
Blocksize strategy selection process: -0.028021 --> -0.027982, len_BS = 4074
Blocksize strategy selection process: -0.028020 --> -0.027982, len_BS = 4074
Blocksize strategy selection process: -0.028019 --> -0.027982, len_BS = 4074
Blocksize strategy selection process: -0.028018 --> -0.027982, len_BS = 4074
Blocksize strategy selection process: -0.028017 --> -0.027982, len_BS = 4074
Blocksize strategy selection process: -0.028016 --> -0.027982, len_BS = 4074
Blocksize strategy selection process: -0.028015 --> -0.027982, len_BS = 4074
Blocksize strategy selection process: -0.028010 --> -0.027982, len_BS = 4074
Blocksize strategy selection process: -0.028008 --> -0.027982, len_BS = 4074
Blocksize strategy selection process: -0.028007 --> -0.027982, len_BS = 4074
Blocksize strategy selection process: -0.028002 --> -0.027982, len_BS = 4074
Blocksize strategy selection process: -0.028000 --> -0.027982, len_BS = 4074
Blocksize strategy selection process: -0.027999 --> -0.027982, len_BS = 4074
Blocksize strategy selection process: -0.027998 --> -0.027982, len_BS = 4074
Blocksize strategy selection process: -0.027997 --> -0.027982, len_BS = 4074
Blocksize strategy selection process: -0.027993 --> -0.027982, len_BS = 4074
Blocksize strategy selection process: -0.027992 --> -0.027982, len_BS = 4074
Blocksize strategy selection process: -0.027991 --> -0.027982, len_BS = 4074
Blocksize strategy selection process: -0.027990 --> -0.027982, len_BS = 4074
Blocksize strategy selection process: -0.027989 --> -0.027982, len_BS = 4074
Blocksize strategy selection process: -0.027987 --> -0.027982, len_BS = 4074
Blocksize strategy selection process: -0.027986 --> -0.027982, len_BS = 4074
Blocksize strategy selection process: -0.027985 --> -0.027982, len_BS = 4074
Blocksize strategy selection process: -0.027983 --> -0.027982, len_BS = 4074
Blocksize strategy selection process: -0.027982 --> -0.027982, len_BS = 4074
len(BS) = 4074
Time cost for generating Strategy: 437.987851 s
[15.650490582863549,15.650490582863549,15.650490582863549,15.650490582863549,15.650490582863549,15.650490582863549,15.650490582863549,15.650490582863549,15.650490582863549,15.650490582863549,15.631784993145093,15.601362903309639,15.570929539209835,15.54048323683955,15.51002231297508,15.47954506446221,15.449049767477455,15.418534676762384,15.387998024829836,15.35743802114071,15.326852851250148,15.296240675921625,15.265599630207651,15.234927822495537,15.204223333516767,15.173484215318352,15.14270849019459,15.111894149577509,15.081039152884346,15.050141426320222,15.01919886163431,14.988209314827637,14.95717060481075,14.926080512009404,14.894936776916563,14.863737098588954,14.83247913308664,14.801160491854027,14.769778740041167,14.738331394764216,14.706815923304442,14.675229741245468,14.64357021054915,14.611834637571036,14.580020271017395,14.54812429984688,14.516143851121312,14.484113427764058,14.45218281727692,14.420237522110757,14.388251496206024,14.356185294062453,14.324024139888458,14.291770188109282,14.259410207180089,14.226979015454818,14.194429676995139,14.161781315503811,14.128998266410528,14.096130434508773,14.063128826554788,14.030004567277942,13.996747735409109,13.96336738020933,13.929857741682378,13.896204948660305,13.862424023799345,13.82849316150505,13.794422001749593,13.760188527651882,13.725814976832563,13.691285320215991,13.656592675083264,13.621726777187947,13.586692740022857,13.551503727580188,13.516141159126812,13.48062862475639,13.444923932604912,13.40904083149051,13.372981901458747,13.336726614258378,13.300303602699357,13.263674186863591,13.22686237950502,13.189876733539549,13.15270095127604,13.115323613633745,13.077764192229031,13.040041952977875,13.002276082732957,12.964586298775417,12.942554861882101,12.920416769053375,12.898170848385277,12.875815907706112,12.853350734097447,12.830774093400755,12.808084729709218,12.785281364844117,12.762362697815274,12.739327404264948,12.716174135894573,12.692901519873693,12.669508158230471,12.645992627222995,12.622353476690746,12.598589229385418,12.574698380280307,12.550679395857468,12.526530713371747,12.502250740090801,12.477837852510184,12.45329039554249,12.428606681679517,12.403784990126423,12.3788235659067,12.35372061893681,12.328474323069262,12.303082815102817,12.277544193758493,12.251856518619952,12.22601780903678,12.200026042989116,12.173879155912019,12.14757503947784,12.121111540334867,12.094486458800302,12.067697547505668,12.040742509992583,12.013618999256702,11.986324616237624,11.958856908252336,11.93121336736975,11.903391428723667,11.875388468761491,11.847201803425756,11.818828686265462,11.790266306474066,11.761511786850761,11.73256218168158,11.70341447453664,11.674065575979663,11.64451232118575,11.614751467463156,11.584779691674601,11.55459358755346,11.524189662909953,11.493564336722134,11.46271393610639,11.431634693161744,11.400322741682086,11.368774113730183,11.336984736066995,11.304950426429604,11.272666889650685,11.240129713612294,11.20733436502631,11.174276185033685,11.140950384614364,11.107352039799432,11.073476086676841,11.039317316181837,11.004870368662996,10.970129728214769,10.935089716767115,10.899744487923117,10.864088020535297,10.828114112011814,10.791816371343915,10.755188211846717,10.718222843606208,10.680913265626389,10.643252257672035,10.605232371804439,10.566845923609995,10.528084983124593,10.488941365460743,10.449406621149404,10.409472026214571,10.369128572006495,10.328366954828944,10.287177565407793,10.245550478262968,10.203475441063803,10.160941864070505,10.117938809792047,10.074454983025309,10.030478721482694,9.991351900425983,9.973594717494802,9.939564197907318,9.90179440712548,9.858343179067056,9.8126988365731,9.76726762485813,9.719851504625993,9.677308379857802,9.6279822051123,9.58127257312689,9.529363884556043,9.484456893851068,9.432459086480936,9.381918339357627,9.329836199426556,9.278915531232641,9.227047660246662,9.173066928917915,9.12109128293453,9.06586930510683,9.011875905866516,8.954593795168828,8.900329349881073,8.843632670054383,8.785795655627467,8.72632786544466,8.667418051971598,8.610222550113345,8.550215028139258,8.49340733354794,8.430416236486822,8.369199062637065,8.308172426340406,8.244034421197572,8.183794550710143,8.117855727576751,8.05514432397951,7.993473595834579,7.9292984592495115,7.8633002578192395,7.799884942151508,7.7390425687054805,7.695081097346036,7.668195566196635]
MinStrategy is: [87, 107, 107, 117, 123, 134, 143] + pump(65,169,24) , ['87 * 1 (-0.044924) , cost = 295.0181 s', '107 * 2 (-0.036486) , cost = 1324.8924 s', '117 * 1 (-0.035231) , cost = 1474.1418 s', '123 * 1 (-0.034483) , cost = 6811.0408 s', '134 * 1 (-0.033528) , cost = 87297.9135 s', '143 * 1 (-0.032714) , cost = 671794.0777 s'] + pump(65,169,24)
[87,107,107,117,123,134,143]
Time cost for pnj-BKZ = 213.61 h,
Time cost for pump = 1375.96 h,
Total time cost = 1589.57 h.
