New Strategy:
n = 60, alpha = 0.015, q = 3607, jump = 1, goal_margin = 1.50, MAX_TIME = inf h
[16.38126336180708, 16.38126336180708, 16.38126336180708, 16.38126336180708, 16.38126336180708, 16.38126336180708, 16.38126336180708, 16.38126336180708, 16.38126336180708, 16.38126336180708, 16.38126336180708, 16.38126336180708, 16.38126336180708, 16.38126336180708, 16.38126336180708, 16.38126336180708, 16.38126336180708, 16.38126336180708, 16.38126336180708, 16.38126336180708, 16.38126336180708, 16.38126336180708, 16.38126336180708, 16.38126336180708, 16.38126336180708, 16.38126336180708, 16.38126336180708, 16.38126336180708, 16.38126336180708, 16.38126336180708, 16.38126336180708, 16.38126336180708, 16.38126336180708, 16.38126336180708, 16.38126336180708, 16.38126336180708, 16.38126336180708, 16.38126336180708, 16.38126336180708, 16.38126336180708, 16.38126336180708, 16.38126336180708, 16.38126336180708, 16.38126336180708, 16.38126336180708, 16.38126336180708, 16.38126336180708, 16.38126336180708, 16.38126336180708, 16.38126336180708, 16.38126336180708, 16.38126336180708, 16.38126336180708, 16.38126336180708, 16.38126336180708, 16.38126336180708, 16.38126336180708, 16.38126336180708, 16.38126336180708, 16.38126336180708, 16.38126336180708, 16.38126336180708, 16.38126336180708, 16.38126336180708, 16.38126336180708, 16.38126336180708, 16.38126336180708, 16.38126336180708, 16.38126336180708, 16.38126336180708, 16.38126336180708, 16.38126336180708, 16.38126336180708, 16.38126336180708, 16.38126336180708, 16.38126336180708, 16.38126336180708, 16.38126336180708, 16.38126336180708, 16.38126336180708, 16.38126336180708, 16.38126336180708, 16.38126336180708, 16.38126336180708, 16.38126336180708, 16.38126336180708, 16.38126336180708, 16.38126336180708, 16.38126336180708, 16.38126336180708, 16.38126336180708, 16.38126336180708, 16.38126336180708, 16.38126336180708, 16.38126336180708, 16.38126336180708, 16.38126336180708, 16.38126336180708, 16.38126336180708, 16.38126336180708, 16.38126336180708, 16.38126336180708, 16.38126336180708, 16.38126336180708, 16.38126336180708, 16.38126336180708, 16.38126336180708, 16.38126336180708, 16.38126336180708, 16.38126336180708, 16.38126336180708, 16.38126336180708, 16.38126336180708, 16.38126336180708, 16.38126336180708, 16.38126336180708, 16.210416366764576, 16.160817868399942, 16.242978701733637, 16.20706051130549, 16.239935102880093, 16.276485080190035, 16.066975029525818, 16.02657147718211, 15.978122280317729, 15.902030125460415, 15.919470347706547, 15.841133422289632, 15.831958636807528, 15.892411368841502, 15.687190331423965, 15.61554972492409, 15.443964259569588, 15.253106362710783, 15.324904648010895, 15.387046968248022, 15.133004641325856, 14.935443840666187, 14.78701956326193, 14.609771984024633, 14.709018386091094, 14.573862022347619, 14.502337897699844, 14.373518119528532, 14.242548192206964, 14.150235911926355, 14.110480058986816, 13.902671030062825, 13.991273250532197, 13.729150422241366, 13.651904582382668, 13.603624476494764, 13.36638901672878, 13.257118104609333, 13.329284208718121, 13.162486511425648, 13.112795706914559, 13.074083864122548, 12.813874684248958, 12.869275051362186, 12.885473720279434, 12.82883305120472, 12.625131628827434, 12.615847083197675, 12.500604604611187, 12.490023866708986, 12.350620047830395, 12.186077202707278, 12.179141780577833, 12.107213048962645, 11.968744644633343, 11.765757819422134, 11.551779687578286, 11.544556719184095, 11.611071622194578, 11.516908742416406, 11.417124915309374, 11.367428336407116, 11.12926686746846, 11.16257671640562, 11.121055302146482, 10.979599765141069, 11.188419335391387, 10.921102655222453, 10.729725475730069, 10.712805554440399, 10.559446530155618, 10.680727040622571, 10.413728877555478, 10.23733008489679, 10.13412841809709, 10.173078016298271, 10.09234901961425, 9.93939154837282, 9.823777109013102, 9.596853976545573, 9.663633273577867, 9.512568875096349, 9.279956368335801, 9.373821963259749, 9.286793335998707, 9.086143163948087, 9.118169889092991, 8.974799409660502, 8.926708031529872, 8.70075680658896, 8.879626256439288, 8.754254567310001, 8.588259549052776, 8.382399929468981, 8.293654353481859, 8.400856178797264, 8.201683663260706, 8.240693214576927, 8.02545104179058, 8.032459462310491, 7.992753345041798, 7.902034107619231, 7.836700924885427, 7.817169231129061, 7.613277551833384, 7.327001531494983, 7.347250584733689, 7.3290779895475735, 7.186898786198379, 6.953680636245578, 6.949351658828892, 6.997289413003675, 6.932180279159655, 6.806599525328733, 6.742748406937292, 6.574445043944955, 6.562023774781183, 6.429289234245441, 6.320492658100425, 6.210644552961485, 6.118238826215861, 5.964538522185398, 5.813416896404179, 5.678999317973558, 5.483292893746869, 5.38148609494481, 5.396936261903071, 5.318069890166142, 5.129302439393637, 5.133055516096334, 5.2458463823455554, 5.124433112649136, 4.899679567653546, 5.093472142887313, 5.06122608026647, 4.867430850458078, 4.689312543845813, 4.772024364316963, 4.711612310324455, 4.568286056247724, 4.421916036123176, 4.3640083681202615, 4.258766922203688, 4.226858195164737, 4.0999540085245, 4.06347287330896, 3.9950438720245387, 3.9491795863825936, 3.983411034620443, 3.7882037734355425, 3.710278502383738, 3.625715249997601, 3.506016517275821, 3.701065219042446, 3.533587213019003]
Blocksize strategy selection process: -0.051328 --> -0.051328, len_BS = 1
Blocksize strategy selection process: -0.044225 --> -0.025699, len_BS = 230
Blocksize strategy selection process: -0.044094 --> -0.025699, len_BS = 348
Blocksize strategy selection process: -0.043963 --> -0.025699, len_BS = 439
Blocksize strategy selection process: -0.043831 --> -0.025699, len_BS = 523
Blocksize strategy selection process: -0.043700 --> -0.025699, len_BS = 608
Blocksize strategy selection process: -0.040395 --> -0.025699, len_BS = 690
Blocksize strategy selection process: -0.040299 --> -0.025698, len_BS = 771
Blocksize strategy selection process: -0.040228 --> -0.025698, len_BS = 855
Blocksize strategy selection process: -0.040204 --> -0.025698, len_BS = 913
Blocksize strategy selection process: -0.040133 --> -0.025698, len_BS = 964
Blocksize strategy selection process: -0.040107 --> -0.025698, len_BS = 1016
Blocksize strategy selection process: -0.040062 --> -0.025698, len_BS = 1063
Blocksize strategy selection process: -0.040037 --> -0.025698, len_BS = 1088
Blocksize strategy selection process: -0.040010 --> -0.025698, len_BS = 1138
Blocksize strategy selection process: -0.039967 --> -0.025698, len_BS = 1182
Blocksize strategy selection process: -0.039941 --> -0.025698, len_BS = 1206
Blocksize strategy selection process: -0.038404 --> -0.025698, len_BS = 1253
Blocksize strategy selection process: -0.038346 --> -0.025698, len_BS = 1301
Blocksize strategy selection process: -0.038229 --> -0.025698, len_BS = 1359
Blocksize strategy selection process: -0.038211 --> -0.025698, len_BS = 1438
Blocksize strategy selection process: -0.038202 --> -0.025698, len_BS = 1429
Blocksize strategy selection process: -0.038186 --> -0.025698, len_BS = 1429
Blocksize strategy selection process: -0.038162 --> -0.025698, len_BS = 1429
Blocksize strategy selection process: -0.037617 --> -0.025698, len_BS = 1432
Blocksize strategy selection process: -0.036940 --> -0.025698, len_BS = 1494
Blocksize strategy selection process: -0.036899 --> -0.025698, len_BS = 1522
Blocksize strategy selection process: -0.036872 --> -0.025698, len_BS = 1578
Blocksize strategy selection process: -0.036857 --> -0.025698, len_BS = 1619
Blocksize strategy selection process: -0.036831 --> -0.025698, len_BS = 1643
Blocksize strategy selection process: -0.036815 --> -0.025698, len_BS = 1676
Blocksize strategy selection process: -0.036789 --> -0.025698, len_BS = 1701
Blocksize strategy selection process: -0.036774 --> -0.025698, len_BS = 1755
Blocksize strategy selection process: -0.036733 --> -0.025698, len_BS = 1761
Blocksize strategy selection process: -0.036723 --> -0.025698, len_BS = 1825
Blocksize strategy selection process: -0.036083 --> -0.025698, len_BS = 1836
Blocksize strategy selection process: -0.036062 --> -0.025698, len_BS = 1893
Blocksize strategy selection process: -0.036042 --> -0.025698, len_BS = 1953
Blocksize strategy selection process: -0.036009 --> -0.025698, len_BS = 2005
Blocksize strategy selection process: -0.035989 --> -0.025698, len_BS = 2077
Blocksize strategy selection process: -0.035947 --> -0.025698, len_BS = 2118
Blocksize strategy selection process: -0.035574 --> -0.025698, len_BS = 2123
Blocksize strategy selection process: -0.035559 --> -0.025698, len_BS = 2090
Blocksize strategy selection process: -0.035550 --> -0.025698, len_BS = 2123
Blocksize strategy selection process: -0.035545 --> -0.025698, len_BS = 2143
Blocksize strategy selection process: -0.035507 --> -0.025698, len_BS = 2155
Blocksize strategy selection process: -0.035493 --> -0.025698, len_BS = 2224
Blocksize strategy selection process: -0.035484 --> -0.025698, len_BS = 2257
Blocksize strategy selection process: -0.035478 --> -0.025698, len_BS = 2275
Blocksize strategy selection process: -0.035469 --> -0.025698, len_BS = 2291
Blocksize strategy selection process: -0.035440 --> -0.025698, len_BS = 2315
Blocksize strategy selection process: -0.035274 --> -0.025698, len_BS = 2378
Blocksize strategy selection process: -0.035266 --> -0.025698, len_BS = 2455
Blocksize strategy selection process: -0.035259 --> -0.025698, len_BS = 2467
Blocksize strategy selection process: -0.035211 --> -0.025698, len_BS = 2484
Blocksize strategy selection process: -0.035204 --> -0.025698, len_BS = 2553
Blocksize strategy selection process: -0.035197 --> -0.025698, len_BS = 2569
Blocksize strategy selection process: -0.034884 --> -0.025698, len_BS = 2576
Blocksize strategy selection process: -0.034871 --> -0.025698, len_BS = 2464
Blocksize strategy selection process: -0.034863 --> -0.025698, len_BS = 2491
Blocksize strategy selection process: -0.034859 --> -0.025698, len_BS = 2511
Blocksize strategy selection process: -0.034851 --> -0.025698, len_BS = 2521
Blocksize strategy selection process: -0.034846 --> -0.025698, len_BS = 2532
Blocksize strategy selection process: -0.034831 --> -0.025698, len_BS = 2546
Blocksize strategy selection process: -0.034814 --> -0.025698, len_BS = 2577
Blocksize strategy selection process: -0.034811 --> -0.025698, len_BS = 2611
Blocksize strategy selection process: -0.034624 --> -0.025698, len_BS = 2616
Blocksize strategy selection process: -0.034618 --> -0.025698, len_BS = 2646
Blocksize strategy selection process: -0.034612 --> -0.025698, len_BS = 2658
Blocksize strategy selection process: -0.034595 --> -0.025698, len_BS = 2672
Blocksize strategy selection process: -0.034589 --> -0.025698, len_BS = 2702
Blocksize strategy selection process: -0.034588 --> -0.025698, len_BS = 2713
Blocksize strategy selection process: -0.034472 --> -0.025698, len_BS = 2714
Blocksize strategy selection process: -0.034468 --> -0.025698, len_BS = 2747
Blocksize strategy selection process: -0.034465 --> -0.025698, len_BS = 2759
Blocksize strategy selection process: -0.034464 --> -0.025698, len_BS = 2773
Blocksize strategy selection process: -0.034446 --> -0.025698, len_BS = 2775
Blocksize strategy selection process: -0.034442 --> -0.025698, len_BS = 2801
Blocksize strategy selection process: -0.034439 --> -0.025698, len_BS = 2822
Blocksize strategy selection process: -0.034438 --> -0.025698, len_BS = 2835
Blocksize strategy selection process: -0.034435 --> -0.025698, len_BS = 2842
Blocksize strategy selection process: -0.034420 --> -0.025698, len_BS = 2847
Blocksize strategy selection process: -0.034384 --> -0.025698, len_BS = 2872
Blocksize strategy selection process: -0.034382 --> -0.025698, len_BS = 2900
Blocksize strategy selection process: -0.034379 --> -0.025698, len_BS = 2903
Blocksize strategy selection process: -0.034333 --> -0.025698, len_BS = 2913
Blocksize strategy selection process: -0.034327 --> -0.025698, len_BS = 2958
Blocksize strategy selection process: -0.034317 --> -0.025698, len_BS = 2975
Blocksize strategy selection process: -0.034305 --> -0.025698, len_BS = 2991
Blocksize strategy selection process: -0.034203 --> -0.025698, len_BS = 3009
Blocksize strategy selection process: -0.034199 --> -0.025698, len_BS = 3026
Blocksize strategy selection process: -0.034197 --> -0.025698, len_BS = 3038
Blocksize strategy selection process: -0.034196 --> -0.025698, len_BS = 3048
Blocksize strategy selection process: -0.034193 --> -0.025698, len_BS = 3053
Blocksize strategy selection process: -0.034192 --> -0.025698, len_BS = 3057
Blocksize strategy selection process: -0.034188 --> -0.025698, len_BS = 3063
Blocksize strategy selection process: -0.034183 --> -0.025698, len_BS = 3069
Blocksize strategy selection process: -0.034182 --> -0.025698, len_BS = 3082
Blocksize strategy selection process: -0.034127 --> -0.025698, len_BS = 3085
Blocksize strategy selection process: -0.034125 --> -0.025698, len_BS = 3090
Blocksize strategy selection process: -0.034124 --> -0.025698, len_BS = 3096
Blocksize strategy selection process: -0.034119 --> -0.025698, len_BS = 3100
Blocksize strategy selection process: -0.034117 --> -0.025698, len_BS = 3115
Blocksize strategy selection process: -0.034066 --> -0.025698, len_BS = 3125
Blocksize strategy selection process: -0.034065 --> -0.025698, len_BS = 3137
Blocksize strategy selection process: -0.034063 --> -0.025698, len_BS = 3147
Blocksize strategy selection process: -0.034058 --> -0.025698, len_BS = 3152
Blocksize strategy selection process: -0.034056 --> -0.025698, len_BS = 3164
Blocksize strategy selection process: -0.034005 --> -0.025698, len_BS = 3169
Blocksize strategy selection process: -0.034003 --> -0.025698, len_BS = 3212
Blocksize strategy selection process: -0.034002 --> -0.025698, len_BS = 3214
Blocksize strategy selection process: -0.033995 --> -0.025698, len_BS = 3219
Blocksize strategy selection process: -0.033935 --> -0.025698, len_BS = 3229
Blocksize strategy selection process: -0.033901 --> -0.025698, len_BS = 3265
Blocksize strategy selection process: -0.033900 --> -0.025698, len_BS = 3293
Blocksize strategy selection process: -0.033899 --> -0.025698, len_BS = 3298
Blocksize strategy selection process: -0.033894 --> -0.025698, len_BS = 3301
Blocksize strategy selection process: -0.033892 --> -0.025698, len_BS = 3314
Blocksize strategy selection process: -0.033891 --> -0.025698, len_BS = 3316
Blocksize strategy selection process: -0.033876 --> -0.025698, len_BS = 3318
Blocksize strategy selection process: -0.033839 --> -0.025698, len_BS = 3339
Blocksize strategy selection process: -0.033838 --> -0.025698, len_BS = 3381
Blocksize strategy selection process: -0.033837 --> -0.025698, len_BS = 3386
Blocksize strategy selection process: -0.033832 --> -0.025698, len_BS = 3392
Blocksize strategy selection process: -0.033831 --> -0.025698, len_BS = 3407
Blocksize strategy selection process: -0.033830 --> -0.025698, len_BS = 3412
Blocksize strategy selection process: -0.033829 --> -0.025698, len_BS = 3413
Blocksize strategy selection process: -0.033827 --> -0.025698, len_BS = 3416
Blocksize strategy selection process: -0.033801 --> -0.025698, len_BS = 3416
Blocksize strategy selection process: -0.033799 --> -0.025698, len_BS = 3456
Blocksize strategy selection process: -0.033796 --> -0.025698, len_BS = 3461
Blocksize strategy selection process: -0.033765 --> -0.025698, len_BS = 3469
Blocksize strategy selection process: -0.033764 --> -0.025698, len_BS = 3497
Blocksize strategy selection process: -0.033763 --> -0.025698, len_BS = 3500
Blocksize strategy selection process: -0.033762 --> -0.025698, len_BS = 3504
Blocksize strategy selection process: -0.033761 --> -0.025698, len_BS = 3508
Blocksize strategy selection process: -0.033760 --> -0.025698, len_BS = 3512
Blocksize strategy selection process: -0.033745 --> -0.025698, len_BS = 3515
Blocksize strategy selection process: -0.033744 --> -0.025698, len_BS = 3540
Blocksize strategy selection process: -0.033742 --> -0.025698, len_BS = 3541
Blocksize strategy selection process: -0.033649 --> -0.025698, len_BS = 3544
Blocksize strategy selection process: -0.033645 --> -0.025698, len_BS = 3569
Blocksize strategy selection process: -0.033644 --> -0.025698, len_BS = 3577
Blocksize strategy selection process: -0.033643 --> -0.025698, len_BS = 3579
Blocksize strategy selection process: -0.033642 --> -0.025698, len_BS = 3571
Blocksize strategy selection process: -0.033641 --> -0.025698, len_BS = 3571
Blocksize strategy selection process: -0.033640 --> -0.025698, len_BS = 3572
Blocksize strategy selection process: -0.033623 --> -0.025698, len_BS = 3576
Blocksize strategy selection process: -0.033622 --> -0.025698, len_BS = 3576
Blocksize strategy selection process: -0.033621 --> -0.025698, len_BS = 3576
Blocksize strategy selection process: -0.033620 --> -0.025698, len_BS = 3577
Blocksize strategy selection process: -0.033579 --> -0.025698, len_BS = 3577
Blocksize strategy selection process: -0.033577 --> -0.025698, len_BS = 3632
Blocksize strategy selection process: -0.033561 --> -0.025698, len_BS = 3638
Blocksize strategy selection process: -0.033560 --> -0.025698, len_BS = 3660
Blocksize strategy selection process: -0.033559 --> -0.025698, len_BS = 3663
Blocksize strategy selection process: -0.033558 --> -0.025698, len_BS = 3665
Blocksize strategy selection process: -0.033519 --> -0.025698, len_BS = 3667
Blocksize strategy selection process: -0.033516 --> -0.025698, len_BS = 3667
Blocksize strategy selection process: -0.033515 --> -0.025698, len_BS = 3672
Blocksize strategy selection process: -0.033425 --> -0.025698, len_BS = 3694
Blocksize strategy selection process: -0.033393 --> -0.025698, len_BS = 3687
Blocksize strategy selection process: -0.033392 --> -0.025698, len_BS = 3706
Blocksize strategy selection process: -0.033391 --> -0.025698, len_BS = 3709
Blocksize strategy selection process: -0.033390 --> -0.025698, len_BS = 3711
Blocksize strategy selection process: -0.033389 --> -0.025698, len_BS = 3714
Blocksize strategy selection process: -0.033388 --> -0.025698, len_BS = 3718
Blocksize strategy selection process: -0.033387 --> -0.025698, len_BS = 3720
Blocksize strategy selection process: -0.033374 --> -0.025698, len_BS = 3720
Blocksize strategy selection process: -0.033373 --> -0.025698, len_BS = 3739
Blocksize strategy selection process: -0.033372 --> -0.025698, len_BS = 3740
Blocksize strategy selection process: -0.033371 --> -0.025698, len_BS = 3742
Blocksize strategy selection process: -0.033353 --> -0.025698, len_BS = 3745
Blocksize strategy selection process: -0.033352 --> -0.025698, len_BS = 3765
Blocksize strategy selection process: -0.033351 --> -0.025698, len_BS = 3766
Blocksize strategy selection process: -0.033350 --> -0.025698, len_BS = 3770
Blocksize strategy selection process: -0.033311 --> -0.025698, len_BS = 3772
Blocksize strategy selection process: -0.033310 --> -0.025698, len_BS = 3804
Blocksize strategy selection process: -0.033266 --> -0.025698, len_BS = 3805
Blocksize strategy selection process: -0.033265 --> -0.025698, len_BS = 3820
Blocksize strategy selection process: -0.033264 --> -0.025698, len_BS = 3823
Blocksize strategy selection process: -0.033263 --> -0.025698, len_BS = 3827
Blocksize strategy selection process: -0.033262 --> -0.025698, len_BS = 3828
Blocksize strategy selection process: -0.033247 --> -0.025698, len_BS = 3828
Blocksize strategy selection process: -0.033238 --> -0.025698, len_BS = 3835
Blocksize strategy selection process: -0.033236 --> -0.025698, len_BS = 3836
Blocksize strategy selection process: -0.033206 --> -0.025698, len_BS = 3840
Blocksize strategy selection process: -0.033204 --> -0.025698, len_BS = 3869
Blocksize strategy selection process: -0.033119 --> -0.025698, len_BS = 3875
Blocksize strategy selection process: -0.033099 --> -0.025698, len_BS = 3912
Blocksize strategy selection process: -0.033095 --> -0.025698, len_BS = 3931
Blocksize strategy selection process: -0.033075 --> -0.025698, len_BS = 3862
Blocksize strategy selection process: -0.033074 --> -0.025698, len_BS = 3862
Blocksize strategy selection process: -0.033073 --> -0.025698, len_BS = 3864
Blocksize strategy selection process: -0.033072 --> -0.025698, len_BS = 3853
Blocksize strategy selection process: -0.033036 --> -0.025698, len_BS = 3853
Blocksize strategy selection process: -0.033035 --> -0.025698, len_BS = 3882
Blocksize strategy selection process: -0.033032 --> -0.025698, len_BS = 3885
Blocksize strategy selection process: -0.033031 --> -0.025698, len_BS = 3891
Blocksize strategy selection process: -0.033015 --> -0.025698, len_BS = 3894
Blocksize strategy selection process: -0.033001 --> -0.025698, len_BS = 3914
Blocksize strategy selection process: -0.032996 --> -0.025698, len_BS = 3929
Blocksize strategy selection process: -0.032911 --> -0.025698, len_BS = 3938
Blocksize strategy selection process: -0.032908 --> -0.025698, len_BS = 3954
Blocksize strategy selection process: -0.032907 --> -0.025698, len_BS = 3964
Blocksize strategy selection process: -0.032906 --> -0.025698, len_BS = 3966
Blocksize strategy selection process: -0.032892 --> -0.025698, len_BS = 3968
Blocksize strategy selection process: -0.032888 --> -0.025698, len_BS = 3988
Blocksize strategy selection process: -0.032829 --> -0.025698, len_BS = 3997
Blocksize strategy selection process: -0.032826 --> -0.025698, len_BS = 4008
Blocksize strategy selection process: -0.032810 --> -0.025698, len_BS = 4018
Blocksize strategy selection process: -0.032767 --> -0.025698, len_BS = 4025
Blocksize strategy selection process: -0.032766 --> -0.025698, len_BS = 4055
Blocksize strategy selection process: -0.032764 --> -0.025698, len_BS = 4057
Blocksize strategy selection process: -0.032763 --> -0.025698, len_BS = 4053
Blocksize strategy selection process: -0.032690 --> -0.025698, len_BS = 4053
Blocksize strategy selection process: -0.032672 --> -0.025698, len_BS = 4069
Blocksize strategy selection process: -0.032661 --> -0.025698, len_BS = 4036
Blocksize strategy selection process: -0.032660 --> -0.025698, len_BS = 4041
Blocksize strategy selection process: -0.032631 --> -0.025698, len_BS = 4043
Blocksize strategy selection process: -0.032599 --> -0.025698, len_BS = 4068
Blocksize strategy selection process: -0.032598 --> -0.025698, len_BS = 4076
Blocksize strategy selection process: -0.032548 --> -0.025698, len_BS = 4078
Blocksize strategy selection process: -0.032537 --> -0.025698, len_BS = 4097
Blocksize strategy selection process: -0.032510 --> -0.025698, len_BS = 4109
Blocksize strategy selection process: -0.032509 --> -0.025698, len_BS = 4129
Blocksize strategy selection process: -0.032506 --> -0.025698, len_BS = 4129
Blocksize strategy selection process: -0.032505 --> -0.025698, len_BS = 4136
Blocksize strategy selection process: -0.032497 --> -0.025698, len_BS = 4137
Blocksize strategy selection process: -0.032496 --> -0.025698, len_BS = 4155
Blocksize strategy selection process: -0.032492 --> -0.025698, len_BS = 4155
Blocksize strategy selection process: -0.032489 --> -0.025698, len_BS = 4163
Blocksize strategy selection process: -0.032488 --> -0.025698, len_BS = 4170
Blocksize strategy selection process: -0.032447 --> -0.025698, len_BS = 4173
Blocksize strategy selection process: -0.032443 --> -0.025698, len_BS = 4197
Blocksize strategy selection process: -0.032434 --> -0.025698, len_BS = 4200
Blocksize strategy selection process: -0.032431 --> -0.025698, len_BS = 4209
Blocksize strategy selection process: -0.032400 --> -0.025698, len_BS = 4217
Blocksize strategy selection process: -0.032399 --> -0.025698, len_BS = 4240
Blocksize strategy selection process: -0.032396 --> -0.025698, len_BS = 4242
Blocksize strategy selection process: -0.032395 --> -0.025698, len_BS = 4249
Blocksize strategy selection process: -0.032299 --> -0.025698, len_BS = 4249
Blocksize strategy selection process: -0.032298 --> -0.025698, len_BS = 4189
Blocksize strategy selection process: -0.032297 --> -0.025698, len_BS = 4194
Blocksize strategy selection process: -0.032287 --> -0.025698, len_BS = 4195
Blocksize strategy selection process: -0.032260 --> -0.025698, len_BS = 4208
Blocksize strategy selection process: -0.032257 --> -0.025698, len_BS = 4230
Blocksize strategy selection process: -0.032256 --> -0.025698, len_BS = 4234
Blocksize strategy selection process: -0.032249 --> -0.025698, len_BS = 4234
Blocksize strategy selection process: -0.032248 --> -0.025698, len_BS = 4243
Blocksize strategy selection process: -0.032244 --> -0.025698, len_BS = 4243
Blocksize strategy selection process: -0.032242 --> -0.025698, len_BS = 4253
Blocksize strategy selection process: -0.032241 --> -0.025698, len_BS = 4257
Blocksize strategy selection process: -0.032186 --> -0.025698, len_BS = 4258
Blocksize strategy selection process: -0.032185 --> -0.025698, len_BS = 4266
Blocksize strategy selection process: -0.032123 --> -0.025698, len_BS = 4269
Blocksize strategy selection process: -0.032122 --> -0.025698, len_BS = 4300
Blocksize strategy selection process: -0.032090 --> -0.025698, len_BS = 4302
Blocksize strategy selection process: -0.032087 --> -0.025698, len_BS = 4325
Blocksize strategy selection process: -0.032086 --> -0.025698, len_BS = 4332
Blocksize strategy selection process: -0.032071 --> -0.025698, len_BS = 4336
Blocksize strategy selection process: -0.032070 --> -0.025698, len_BS = 4357
Blocksize strategy selection process: -0.032037 --> -0.025698, len_BS = 4360
Blocksize strategy selection process: -0.032036 --> -0.025698, len_BS = 4387
Blocksize strategy selection process: -0.032035 --> -0.025698, len_BS = 4387
Blocksize strategy selection process: -0.032029 --> -0.025698, len_BS = 4388
Blocksize strategy selection process: -0.032019 --> -0.025698, len_BS = 4402
Blocksize strategy selection process: -0.031975 --> -0.025698, len_BS = 4415
Blocksize strategy selection process: -0.031967 --> -0.025698, len_BS = 4453
Blocksize strategy selection process: -0.031957 --> -0.025698, len_BS = 4469
Blocksize strategy selection process: -0.031944 --> -0.025698, len_BS = 4479
Blocksize strategy selection process: -0.031911 --> -0.025698, len_BS = 4487
Blocksize strategy selection process: -0.031905 --> -0.025698, len_BS = 4506
Blocksize strategy selection process: -0.031896 --> -0.025698, len_BS = 4514
Blocksize strategy selection process: -0.031895 --> -0.025698, len_BS = 4525
Blocksize strategy selection process: -0.031850 --> -0.025698, len_BS = 4525
Blocksize strategy selection process: -0.031848 --> -0.025698, len_BS = 4551
Blocksize strategy selection process: -0.031739 --> -0.025698, len_BS = 4549
Blocksize strategy selection process: -0.031736 --> -0.025698, len_BS = 4503
Blocksize strategy selection process: -0.031734 --> -0.025698, len_BS = 4503
Blocksize strategy selection process: -0.031696 --> -0.025698, len_BS = 4507
Blocksize strategy selection process: -0.031661 --> -0.025698, len_BS = 4512
Blocksize strategy selection process: -0.031638 --> -0.025698, len_BS = 4531
Blocksize strategy selection process: -0.031636 --> -0.025698, len_BS = 4517
Blocksize strategy selection process: -0.031632 --> -0.025698, len_BS = 4518
Blocksize strategy selection process: -0.031631 --> -0.025698, len_BS = 4524
Blocksize strategy selection process: -0.031630 --> -0.025698, len_BS = 4526
Blocksize strategy selection process: -0.031629 --> -0.025698, len_BS = 4527
Blocksize strategy selection process: -0.031628 --> -0.025698, len_BS = 4528
Blocksize strategy selection process: -0.031550 --> -0.025698, len_BS = 4529
Blocksize strategy selection process: -0.031549 --> -0.025698, len_BS = 4523
Blocksize strategy selection process: -0.031548 --> -0.025698, len_BS = 4523
Blocksize strategy selection process: -0.031547 --> -0.025698, len_BS = 4525
Blocksize strategy selection process: -0.031542 --> -0.025698, len_BS = 4526
Blocksize strategy selection process: -0.031541 --> -0.025698, len_BS = 4535
Blocksize strategy selection process: -0.031515 --> -0.025698, len_BS = 4536
Blocksize strategy selection process: -0.031514 --> -0.025698, len_BS = 4553
Blocksize strategy selection process: -0.031513 --> -0.025698, len_BS = 4555
Blocksize strategy selection process: -0.031435 --> -0.025698, len_BS = 4558
Blocksize strategy selection process: -0.031324 --> -0.025698, len_BS = 4572
Blocksize strategy selection process: -0.031273 --> -0.025698, len_BS = 4539
Blocksize strategy selection process: -0.031213 --> -0.025698, len_BS = 4545
Blocksize strategy selection process: -0.031208 --> -0.025698, len_BS = 4563
Blocksize strategy selection process: -0.031188 --> -0.025698, len_BS = 4569
Blocksize strategy selection process: -0.031183 --> -0.025698, len_BS = 4584
Blocksize strategy selection process: -0.031171 --> -0.025698, len_BS = 4588
Blocksize strategy selection process: -0.031170 --> -0.025698, len_BS = 4605
Blocksize strategy selection process: -0.031169 --> -0.025698, len_BS = 4610
Blocksize strategy selection process: -0.031164 --> -0.025698, len_BS = 4614
Blocksize strategy selection process: -0.031137 --> -0.025698, len_BS = 4620
Blocksize strategy selection process: -0.031133 --> -0.025698, len_BS = 4639
Blocksize strategy selection process: -0.031132 --> -0.025698, len_BS = 4645
Blocksize strategy selection process: -0.031131 --> -0.025698, len_BS = 4646
Blocksize strategy selection process: -0.031075 --> -0.025698, len_BS = 4646
Blocksize strategy selection process: -0.031074 --> -0.025698, len_BS = 4670
Blocksize strategy selection process: -0.031070 --> -0.025698, len_BS = 4671
Blocksize strategy selection process: -0.031069 --> -0.025698, len_BS = 4682
Blocksize strategy selection process: -0.031068 --> -0.025698, len_BS = 4684
Blocksize strategy selection process: -0.031067 --> -0.025698, len_BS = 4683
Blocksize strategy selection process: -0.031066 --> -0.025698, len_BS = 4683
Blocksize strategy selection process: -0.031030 --> -0.025698, len_BS = 4683
Blocksize strategy selection process: -0.031029 --> -0.025698, len_BS = 4709
Blocksize strategy selection process: -0.031028 --> -0.025698, len_BS = 4710
Blocksize strategy selection process: -0.030968 --> -0.025698, len_BS = 4711
Blocksize strategy selection process: -0.030967 --> -0.025698, len_BS = 4734
Blocksize strategy selection process: -0.030965 --> -0.025698, len_BS = 4734
Blocksize strategy selection process: -0.030958 --> -0.025698, len_BS = 4740
Blocksize strategy selection process: -0.030957 --> -0.025698, len_BS = 4733
Blocksize strategy selection process: -0.030956 --> -0.025698, len_BS = 4733
Blocksize strategy selection process: -0.030881 --> -0.025698, len_BS = 4733
Blocksize strategy selection process: -0.030880 --> -0.025698, len_BS = 4723
Blocksize strategy selection process: -0.030879 --> -0.025698, len_BS = 4724
Blocksize strategy selection process: -0.030839 --> -0.025698, len_BS = 4727
Blocksize strategy selection process: -0.030819 --> -0.025698, len_BS = 4746
Blocksize strategy selection process: -0.030818 --> -0.025698, len_BS = 4771
Blocksize strategy selection process: -0.030767 --> -0.025698, len_BS = 4771
Blocksize strategy selection process: -0.030763 --> -0.025698, len_BS = 4778
Blocksize strategy selection process: -0.030756 --> -0.025698, len_BS = 4780
Blocksize strategy selection process: -0.030675 --> -0.025698, len_BS = 4788
Blocksize strategy selection process: -0.030649 --> -0.025698, len_BS = 4777
Blocksize strategy selection process: -0.030648 --> -0.025698, len_BS = 4736
Blocksize strategy selection process: -0.030647 --> -0.025698, len_BS = 4736
Blocksize strategy selection process: -0.030532 --> -0.025698, len_BS = 4737
Blocksize strategy selection process: -0.030531 --> -0.025698, len_BS = 4703
Blocksize strategy selection process: -0.030525 --> -0.025698, len_BS = 4697
Blocksize strategy selection process: -0.030524 --> -0.025698, len_BS = 4700
Blocksize strategy selection process: -0.030523 --> -0.025698, len_BS = 4700
Blocksize strategy selection process: -0.030506 --> -0.025698, len_BS = 4701
Blocksize strategy selection process: -0.030384 --> -0.025698, len_BS = 4712
Blocksize strategy selection process: -0.030332 --> -0.025698, len_BS = 4681
Blocksize strategy selection process: -0.030323 --> -0.025698, len_BS = 4599
Blocksize strategy selection process: -0.030314 --> -0.025698, len_BS = 4611
Blocksize strategy selection process: -0.030313 --> -0.025698, len_BS = 4620
Blocksize strategy selection process: -0.030312 --> -0.025698, len_BS = 4620
Blocksize strategy selection process: -0.030268 --> -0.025698, len_BS = 4624
Blocksize strategy selection process: -0.030250 --> -0.025698, len_BS = 4619
Blocksize strategy selection process: -0.030249 --> -0.025698, len_BS = 4636
Blocksize strategy selection process: -0.030241 --> -0.025698, len_BS = 4636
Blocksize strategy selection process: -0.030225 --> -0.025698, len_BS = 4643
Blocksize strategy selection process: -0.030221 --> -0.025698, len_BS = 4654
Blocksize strategy selection process: -0.030211 --> -0.025698, len_BS = 4658
Blocksize strategy selection process: -0.030209 --> -0.025698, len_BS = 4662
Blocksize strategy selection process: -0.030205 --> -0.025698, len_BS = 4664
Blocksize strategy selection process: -0.030204 --> -0.025698, len_BS = 4653
Blocksize strategy selection process: -0.030095 --> -0.025698, len_BS = 4654
Blocksize strategy selection process: -0.030090 --> -0.025698, len_BS = 4623
Blocksize strategy selection process: -0.030053 --> -0.025698, len_BS = 4614
Blocksize strategy selection process: -0.030034 --> -0.025698, len_BS = 4628
Blocksize strategy selection process: -0.030003 --> -0.025698, len_BS = 4638
Blocksize strategy selection process: -0.030002 --> -0.025698, len_BS = 4654
Blocksize strategy selection process: -0.030001 --> -0.025698, len_BS = 4655
Blocksize strategy selection process: -0.029997 --> -0.025698, len_BS = 4655
Blocksize strategy selection process: -0.029989 --> -0.025698, len_BS = 4664
Blocksize strategy selection process: -0.029910 --> -0.025698, len_BS = 4668
Blocksize strategy selection process: -0.029904 --> -0.025698, len_BS = 4649
Blocksize strategy selection process: -0.029896 --> -0.025698, len_BS = 4655
Blocksize strategy selection process: -0.029895 --> -0.025698, len_BS = 4666
Blocksize strategy selection process: -0.029893 --> -0.025698, len_BS = 4667
Blocksize strategy selection process: -0.029892 --> -0.025698, len_BS = 4670
Blocksize strategy selection process: -0.029891 --> -0.025698, len_BS = 4671
Blocksize strategy selection process: -0.029782 --> -0.025698, len_BS = 4671
Blocksize strategy selection process: -0.029756 --> -0.025698, len_BS = 4656
Blocksize strategy selection process: -0.029755 --> -0.025698, len_BS = 4644
Blocksize strategy selection process: -0.029682 --> -0.025698, len_BS = 4645
Blocksize strategy selection process: -0.029640 --> -0.025698, len_BS = 4637
Blocksize strategy selection process: -0.029639 --> -0.025698, len_BS = 4654
Blocksize strategy selection process: -0.029633 --> -0.025698, len_BS = 4654
Blocksize strategy selection process: -0.029628 --> -0.025698, len_BS = 4659
Blocksize strategy selection process: -0.029619 --> -0.025698, len_BS = 4667
Blocksize strategy selection process: -0.029578 --> -0.025698, len_BS = 4673
Blocksize strategy selection process: -0.029571 --> -0.025698, len_BS = 4685
Blocksize strategy selection process: -0.029570 --> -0.025698, len_BS = 4696
Blocksize strategy selection process: -0.029519 --> -0.025698, len_BS = 4697
Blocksize strategy selection process: -0.029441 --> -0.025698, len_BS = 4708
Blocksize strategy selection process: -0.029439 --> -0.025698, len_BS = 4705
Blocksize strategy selection process: -0.029438 --> -0.025698, len_BS = 4706
Blocksize strategy selection process: -0.029428 --> -0.025698, len_BS = 4706
Blocksize strategy selection process: -0.029425 --> -0.025698, len_BS = 4716
Blocksize strategy selection process: -0.029386 --> -0.025698, len_BS = 4716
Blocksize strategy selection process: -0.029385 --> -0.025698, len_BS = 4729
Blocksize strategy selection process: -0.029345 --> -0.025698, len_BS = 4729
Blocksize strategy selection process: -0.029335 --> -0.025698, len_BS = 4739
Blocksize strategy selection process: -0.029272 --> -0.025698, len_BS = 4746
Blocksize strategy selection process: -0.029271 --> -0.025698, len_BS = 4752
Blocksize strategy selection process: -0.029241 --> -0.025698, len_BS = 4752
Blocksize strategy selection process: -0.029216 --> -0.025698, len_BS = 4767
Blocksize strategy selection process: -0.029215 --> -0.025698, len_BS = 4777
Blocksize strategy selection process: -0.029185 --> -0.025698, len_BS = 4778
Blocksize strategy selection process: -0.029179 --> -0.025698, len_BS = 4793
Blocksize strategy selection process: -0.029104 --> -0.025698, len_BS = 4793
Blocksize strategy selection process: -0.029033 --> -0.025698, len_BS = 4784
Blocksize strategy selection process: -0.029032 --> -0.025698, len_BS = 4789
Blocksize strategy selection process: -0.028973 --> -0.025698, len_BS = 4789
Blocksize strategy selection process: -0.028972 --> -0.025698, len_BS = 4796
Blocksize strategy selection process: -0.028958 --> -0.025698, len_BS = 4796
Blocksize strategy selection process: -0.028944 --> -0.025698, len_BS = 4802
Blocksize strategy selection process: -0.028899 --> -0.025698, len_BS = 4814
Blocksize strategy selection process: -0.028898 --> -0.025698, len_BS = 4818
Blocksize strategy selection process: -0.028878 --> -0.025698, len_BS = 4818
Blocksize strategy selection process: -0.028877 --> -0.025698, len_BS = 4828
Blocksize strategy selection process: -0.028823 --> -0.025698, len_BS = 4829
Blocksize strategy selection process: -0.028818 --> -0.025698, len_BS = 4831
Blocksize strategy selection process: -0.028816 --> -0.025698, len_BS = 4830
Blocksize strategy selection process: -0.028810 --> -0.025698, len_BS = 4830
Blocksize strategy selection process: -0.028809 --> -0.025698, len_BS = 4833
Blocksize strategy selection process: -0.028808 --> -0.025698, len_BS = 4833
Blocksize strategy selection process: -0.028756 --> -0.025698, len_BS = 4836
Blocksize strategy selection process: -0.028717 --> -0.025698, len_BS = 4841
Blocksize strategy selection process: -0.028703 --> -0.025698, len_BS = 4848
Blocksize strategy selection process: -0.028698 --> -0.025698, len_BS = 4855
Blocksize strategy selection process: -0.028697 --> -0.025698, len_BS = 4858
Blocksize strategy selection process: -0.028696 --> -0.025698, len_BS = 4858
Blocksize strategy selection process: -0.028692 --> -0.025698, len_BS = 4858
Blocksize strategy selection process: -0.028690 --> -0.025698, len_BS = 4860
Blocksize strategy selection process: -0.028643 --> -0.025698, len_BS = 4862
Blocksize strategy selection process: -0.028536 --> -0.025698, len_BS = 4865
Blocksize strategy selection process: -0.028534 --> -0.025698, len_BS = 4855
Blocksize strategy selection process: -0.028533 --> -0.025698, len_BS = 4856
Blocksize strategy selection process: -0.028525 --> -0.025698, len_BS = 4857
Blocksize strategy selection process: -0.028524 --> -0.025698, len_BS = 4861
Blocksize strategy selection process: -0.028516 --> -0.025698, len_BS = 4862
Blocksize strategy selection process: -0.028503 --> -0.025698, len_BS = 4867
Blocksize strategy selection process: -0.028465 --> -0.025698, len_BS = 4874
Blocksize strategy selection process: -0.028456 --> -0.025698, len_BS = 4882
Blocksize strategy selection process: -0.028447 --> -0.025698, len_BS = 4884
Blocksize strategy selection process: -0.028437 --> -0.025698, len_BS = 4885
Blocksize strategy selection process: -0.028377 --> -0.025698, len_BS = 4891
Blocksize strategy selection process: -0.028376 --> -0.025698, len_BS = 4893
Blocksize strategy selection process: -0.028374 --> -0.025698, len_BS = 4899
Blocksize strategy selection process: -0.028334 --> -0.025698, len_BS = 4899
Blocksize strategy selection process: -0.028333 --> -0.025698, len_BS = 4911
Blocksize strategy selection process: -0.028323 --> -0.025698, len_BS = 4911
Blocksize strategy selection process: -0.028319 --> -0.025698, len_BS = 4917
Blocksize strategy selection process: -0.028318 --> -0.025698, len_BS = 4918
Blocksize strategy selection process: -0.028281 --> -0.025698, len_BS = 4918
Blocksize strategy selection process: -0.028280 --> -0.025698, len_BS = 4922
Blocksize strategy selection process: -0.028277 --> -0.025698, len_BS = 4922
Blocksize strategy selection process: -0.028274 --> -0.025698, len_BS = 4925
Blocksize strategy selection process: -0.028273 --> -0.025698, len_BS = 4926
Blocksize strategy selection process: -0.028261 --> -0.025698, len_BS = 4926
Blocksize strategy selection process: -0.028257 --> -0.025698, len_BS = 4930
Blocksize strategy selection process: -0.028217 --> -0.025698, len_BS = 4930
Blocksize strategy selection process: -0.028199 --> -0.025698, len_BS = 4938
Blocksize strategy selection process: -0.028160 --> -0.025698, len_BS = 4943
Blocksize strategy selection process: -0.028157 --> -0.025698, len_BS = 4950
Blocksize strategy selection process: -0.028149 --> -0.025698, len_BS = 4950
Blocksize strategy selection process: -0.028145 --> -0.025698, len_BS = 4950
Blocksize strategy selection process: -0.028101 --> -0.025698, len_BS = 4951
Blocksize strategy selection process: -0.028091 --> -0.025698, len_BS = 4956
Blocksize strategy selection process: -0.028088 --> -0.025698, len_BS = 4958
Blocksize strategy selection process: -0.028085 --> -0.025698, len_BS = 4958
Blocksize strategy selection process: -0.028045 --> -0.025698, len_BS = 4959
Blocksize strategy selection process: -0.028030 --> -0.025698, len_BS = 4962
Blocksize strategy selection process: -0.028023 --> -0.025698, len_BS = 4966
Blocksize strategy selection process: -0.027988 --> -0.025698, len_BS = 4966
Blocksize strategy selection process: -0.027987 --> -0.025698, len_BS = 4971
Blocksize strategy selection process: -0.027952 --> -0.025698, len_BS = 4972
Blocksize strategy selection process: -0.027951 --> -0.025698, len_BS = 4974
Blocksize strategy selection process: -0.027938 --> -0.025698, len_BS = 4974
Blocksize strategy selection process: -0.027930 --> -0.025698, len_BS = 4977
Blocksize strategy selection process: -0.027920 --> -0.025698, len_BS = 4977
Blocksize strategy selection process: -0.027867 --> -0.025698, len_BS = 4981
Blocksize strategy selection process: -0.027864 --> -0.025698, len_BS = 4983
Blocksize strategy selection process: -0.027766 --> -0.025698, len_BS = 4984
Blocksize strategy selection process: -0.027760 --> -0.025698, len_BS = 4985
Blocksize strategy selection process: -0.027754 --> -0.025698, len_BS = 4985
Blocksize strategy selection process: -0.027706 --> -0.025698, len_BS = 4985
Blocksize strategy selection process: -0.027705 --> -0.025698, len_BS = 4988
Blocksize strategy selection process: -0.027703 --> -0.025698, len_BS = 4988
Blocksize strategy selection process: -0.027701 --> -0.025698, len_BS = 4988
Blocksize strategy selection process: -0.027699 --> -0.025698, len_BS = 4988
Blocksize strategy selection process: -0.027698 --> -0.025698, len_BS = 4988
Blocksize strategy selection process: -0.027694 --> -0.025698, len_BS = 4988
Blocksize strategy selection process: -0.027693 --> -0.025698, len_BS = 4990
Blocksize strategy selection process: -0.027685 --> -0.025698, len_BS = 4990
Blocksize strategy selection process: -0.027681 --> -0.025698, len_BS = 4990
Blocksize strategy selection process: -0.027648 --> -0.025698, len_BS = 4990
Blocksize strategy selection process: -0.027646 --> -0.025698, len_BS = 4992
Blocksize strategy selection process: -0.027645 --> -0.025698, len_BS = 4992
Blocksize strategy selection process: -0.027639 --> -0.025698, len_BS = 4992
Blocksize strategy selection process: -0.027604 --> -0.025698, len_BS = 4994
Blocksize strategy selection process: -0.027551 --> -0.025698, len_BS = 4998
Blocksize strategy selection process: -0.027539 --> -0.025698, len_BS = 5003
Blocksize strategy selection process: -0.027524 --> -0.025698, len_BS = 5005
Blocksize strategy selection process: -0.027522 --> -0.025698, len_BS = 5005
Blocksize strategy selection process: -0.027461 --> -0.025698, len_BS = 5005
Blocksize strategy selection process: -0.027435 --> -0.025698, len_BS = 5007
Blocksize strategy selection process: -0.027425 --> -0.025698, len_BS = 5009
Blocksize strategy selection process: -0.027424 --> -0.025698, len_BS = 5010
Blocksize strategy selection process: -0.027419 --> -0.025698, len_BS = 5010
Blocksize strategy selection process: -0.027385 --> -0.025698, len_BS = 5010
Blocksize strategy selection process: -0.027345 --> -0.025698, len_BS = 5012
Blocksize strategy selection process: -0.027344 --> -0.025698, len_BS = 5013
Blocksize strategy selection process: -0.027295 --> -0.025698, len_BS = 5013
Blocksize strategy selection process: -0.027293 --> -0.025698, len_BS = 5017
Blocksize strategy selection process: -0.027229 --> -0.025698, len_BS = 5017
Blocksize strategy selection process: -0.027219 --> -0.025698, len_BS = 5017
Blocksize strategy selection process: -0.027194 --> -0.025698, len_BS = 5017
Blocksize strategy selection process: -0.027107 --> -0.025698, len_BS = 5017
Blocksize strategy selection process: -0.027085 --> -0.025698, len_BS = 5017
Blocksize strategy selection process: -0.027055 --> -0.025698, len_BS = 5018
Blocksize strategy selection process: -0.027051 --> -0.025698, len_BS = 5018
Blocksize strategy selection process: -0.027050 --> -0.025698, len_BS = 5018
Blocksize strategy selection process: -0.027049 --> -0.025698, len_BS = 5018
Blocksize strategy selection process: -0.027046 --> -0.025698, len_BS = 5018
Blocksize strategy selection process: -0.027045 --> -0.025698, len_BS = 5018
Blocksize strategy selection process: -0.027044 --> -0.025698, len_BS = 5018
Blocksize strategy selection process: -0.027043 --> -0.025698, len_BS = 5018
Blocksize strategy selection process: -0.027042 --> -0.025698, len_BS = 5018
Blocksize strategy selection process: -0.027039 --> -0.025698, len_BS = 5018
Blocksize strategy selection process: -0.027034 --> -0.025698, len_BS = 5018
Blocksize strategy selection process: -0.027032 --> -0.025698, len_BS = 5018
Blocksize strategy selection process: -0.027030 --> -0.025698, len_BS = 5018
Blocksize strategy selection process: -0.027028 --> -0.025698, len_BS = 5018
Blocksize strategy selection process: -0.027026 --> -0.025698, len_BS = 5019
Blocksize strategy selection process: -0.026997 --> -0.025698, len_BS = 5019
Blocksize strategy selection process: -0.026908 --> -0.025698, len_BS = 5019
Blocksize strategy selection process: -0.026876 --> -0.025698, len_BS = 5020
Blocksize strategy selection process: -0.026826 --> -0.025698, len_BS = 5020
Blocksize strategy selection process: -0.026764 --> -0.025698, len_BS = 5020
Blocksize strategy selection process: -0.026762 --> -0.025698, len_BS = 5020
Blocksize strategy selection process: -0.026657 --> -0.025698, len_BS = 5020
Blocksize strategy selection process: -0.026617 --> -0.025698, len_BS = 5020
Blocksize strategy selection process: -0.026539 --> -0.025698, len_BS = 5020
Blocksize strategy selection process: -0.026489 --> -0.025698, len_BS = 5020
Blocksize strategy selection process: -0.026472 --> -0.025698, len_BS = 5020
Blocksize strategy selection process: -0.026471 --> -0.025698, len_BS = 5020
Blocksize strategy selection process: -0.026470 --> -0.025698, len_BS = 5020
Blocksize strategy selection process: -0.026469 --> -0.025698, len_BS = 5020
Blocksize strategy selection process: -0.026467 --> -0.025698, len_BS = 5020
Blocksize strategy selection process: -0.026466 --> -0.025698, len_BS = 5020
Blocksize strategy selection process: -0.026465 --> -0.025698, len_BS = 5020
Blocksize strategy selection process: -0.026463 --> -0.025698, len_BS = 5020
Blocksize strategy selection process: -0.026461 --> -0.025698, len_BS = 5020
Blocksize strategy selection process: -0.026460 --> -0.025698, len_BS = 5020
Blocksize strategy selection process: -0.026417 --> -0.025698, len_BS = 5020
Blocksize strategy selection process: -0.026393 --> -0.025698, len_BS = 5020
Blocksize strategy selection process: -0.026358 --> -0.025698, len_BS = 5020
Blocksize strategy selection process: -0.026348 --> -0.025698, len_BS = 5020
Blocksize strategy selection process: -0.026324 --> -0.025698, len_BS = 5020
Blocksize strategy selection process: -0.026323 --> -0.025698, len_BS = 5020
Blocksize strategy selection process: -0.026322 --> -0.025698, len_BS = 5020
Blocksize strategy selection process: -0.026321 --> -0.025698, len_BS = 5020
Blocksize strategy selection process: -0.026320 --> -0.025698, len_BS = 5021
Blocksize strategy selection process: -0.026319 --> -0.025698, len_BS = 5021
Blocksize strategy selection process: -0.026300 --> -0.025698, len_BS = 5021
Blocksize strategy selection process: -0.026299 --> -0.025698, len_BS = 5021
Blocksize strategy selection process: -0.026298 --> -0.025698, len_BS = 5021
Blocksize strategy selection process: -0.026297 --> -0.025698, len_BS = 5021
Blocksize strategy selection process: -0.026296 --> -0.025698, len_BS = 5021
Blocksize strategy selection process: -0.026295 --> -0.025698, len_BS = 5021
Blocksize strategy selection process: -0.026294 --> -0.025698, len_BS = 5021
Blocksize strategy selection process: -0.026293 --> -0.025698, len_BS = 5021
Blocksize strategy selection process: -0.026292 --> -0.025698, len_BS = 5021
Blocksize strategy selection process: -0.026291 --> -0.025698, len_BS = 5021
Blocksize strategy selection process: -0.026290 --> -0.025698, len_BS = 5021
Blocksize strategy selection process: -0.026289 --> -0.025698, len_BS = 5021
Blocksize strategy selection process: -0.026288 --> -0.025698, len_BS = 5021
Blocksize strategy selection process: -0.026287 --> -0.025698, len_BS = 5021
Blocksize strategy selection process: -0.026286 --> -0.025698, len_BS = 5021
Blocksize strategy selection process: -0.026268 --> -0.025698, len_BS = 5021
Blocksize strategy selection process: -0.026267 --> -0.025698, len_BS = 5021
Blocksize strategy selection process: -0.026266 --> -0.025698, len_BS = 5021
Blocksize strategy selection process: -0.026265 --> -0.025698, len_BS = 5021
Blocksize strategy selection process: -0.026264 --> -0.025698, len_BS = 5021
Blocksize strategy selection process: -0.026263 --> -0.025698, len_BS = 5021
Blocksize strategy selection process: -0.026262 --> -0.025698, len_BS = 5021
Blocksize strategy selection process: -0.026261 --> -0.025698, len_BS = 5021
Blocksize strategy selection process: -0.026260 --> -0.025698, len_BS = 5021
Blocksize strategy selection process: -0.026259 --> -0.025698, len_BS = 5021
Blocksize strategy selection process: -0.026258 --> -0.025698, len_BS = 5021
Blocksize strategy selection process: -0.026257 --> -0.025698, len_BS = 5021
Blocksize strategy selection process: -0.026256 --> -0.025698, len_BS = 5021
Blocksize strategy selection process: -0.026255 --> -0.025698, len_BS = 5021
Blocksize strategy selection process: -0.026254 --> -0.025698, len_BS = 5021
Blocksize strategy selection process: -0.026253 --> -0.025698, len_BS = 5021
Blocksize strategy selection process: -0.026235 --> -0.025698, len_BS = 5021
Blocksize strategy selection process: -0.026234 --> -0.025698, len_BS = 5021
Blocksize strategy selection process: -0.026233 --> -0.025698, len_BS = 5021
Blocksize strategy selection process: -0.026232 --> -0.025698, len_BS = 5021
Blocksize strategy selection process: -0.026231 --> -0.025698, len_BS = 5021
Blocksize strategy selection process: -0.026230 --> -0.025698, len_BS = 5021
Blocksize strategy selection process: -0.026195 --> -0.025698, len_BS = 5021
Blocksize strategy selection process: -0.026194 --> -0.025698, len_BS = 5021
Blocksize strategy selection process: -0.026193 --> -0.025698, len_BS = 5021
Blocksize strategy selection process: -0.026192 --> -0.025698, len_BS = 5021
Blocksize strategy selection process: -0.026191 --> -0.025698, len_BS = 5021
Blocksize strategy selection process: -0.026174 --> -0.025698, len_BS = 5021
Blocksize strategy selection process: -0.026173 --> -0.025698, len_BS = 5021
Blocksize strategy selection process: -0.026172 --> -0.025698, len_BS = 5021
Blocksize strategy selection process: -0.026171 --> -0.025698, len_BS = 5021
Blocksize strategy selection process: -0.026170 --> -0.025698, len_BS = 5021
Blocksize strategy selection process: -0.026169 --> -0.025698, len_BS = 5021
Blocksize strategy selection process: -0.026168 --> -0.025698, len_BS = 5021
Blocksize strategy selection process: -0.026167 --> -0.025698, len_BS = 5021
Blocksize strategy selection process: -0.026166 --> -0.025698, len_BS = 5021
Blocksize strategy selection process: -0.026165 --> -0.025698, len_BS = 5021
Blocksize strategy selection process: -0.026164 --> -0.025698, len_BS = 5021
Blocksize strategy selection process: -0.026163 --> -0.025698, len_BS = 5021
Blocksize strategy selection process: -0.026162 --> -0.025698, len_BS = 5021
Blocksize strategy selection process: -0.026145 --> -0.025698, len_BS = 5021
Blocksize strategy selection process: -0.026144 --> -0.025698, len_BS = 5021
Blocksize strategy selection process: -0.026143 --> -0.025698, len_BS = 5021
Blocksize strategy selection process: -0.026142 --> -0.025698, len_BS = 5021
Blocksize strategy selection process: -0.026141 --> -0.025698, len_BS = 5021
Blocksize strategy selection process: -0.026140 --> -0.025698, len_BS = 5021
Blocksize strategy selection process: -0.026139 --> -0.025698, len_BS = 5021
Blocksize strategy selection process: -0.026138 --> -0.025698, len_BS = 5021
Blocksize strategy selection process: -0.026137 --> -0.025698, len_BS = 5021
Blocksize strategy selection process: -0.026136 --> -0.025698, len_BS = 5021
Blocksize strategy selection process: -0.026135 --> -0.025698, len_BS = 5021
Blocksize strategy selection process: -0.026134 --> -0.025698, len_BS = 5021
Blocksize strategy selection process: -0.026133 --> -0.025698, len_BS = 5021
Blocksize strategy selection process: -0.026117 --> -0.025698, len_BS = 5021
Blocksize strategy selection process: -0.026116 --> -0.025698, len_BS = 5021
Blocksize strategy selection process: -0.026115 --> -0.025698, len_BS = 5021
Blocksize strategy selection process: -0.026114 --> -0.025698, len_BS = 5021
Blocksize strategy selection process: -0.026113 --> -0.025698, len_BS = 5021
Blocksize strategy selection process: -0.026112 --> -0.025698, len_BS = 5021
Blocksize strategy selection process: -0.026111 --> -0.025698, len_BS = 5021
Blocksize strategy selection process: -0.026110 --> -0.025698, len_BS = 5021
Blocksize strategy selection process: -0.026109 --> -0.025698, len_BS = 5021
Blocksize strategy selection process: -0.026062 --> -0.025698, len_BS = 5021
Blocksize strategy selection process: -0.026061 --> -0.025698, len_BS = 5021
Blocksize strategy selection process: -0.026060 --> -0.025698, len_BS = 5021
Blocksize strategy selection process: -0.026059 --> -0.025698, len_BS = 5021
Blocksize strategy selection process: -0.026058 --> -0.025698, len_BS = 5021
Blocksize strategy selection process: -0.026057 --> -0.025698, len_BS = 5021
Blocksize strategy selection process: -0.026056 --> -0.025698, len_BS = 5021
Blocksize strategy selection process: -0.026055 --> -0.025698, len_BS = 5021
Blocksize strategy selection process: -0.026054 --> -0.025698, len_BS = 5021
Blocksize strategy selection process: -0.026053 --> -0.025698, len_BS = 5021
Blocksize strategy selection process: -0.026052 --> -0.025698, len_BS = 5021
Blocksize strategy selection process: -0.026051 --> -0.025698, len_BS = 5021
Blocksize strategy selection process: -0.026050 --> -0.025698, len_BS = 5021
Blocksize strategy selection process: -0.026049 --> -0.025698, len_BS = 5021
Blocksize strategy selection process: -0.026048 --> -0.025698, len_BS = 5021
Blocksize strategy selection process: -0.026047 --> -0.025698, len_BS = 5021
Blocksize strategy selection process: -0.026045 --> -0.025698, len_BS = 5021
Blocksize strategy selection process: -0.026044 --> -0.025698, len_BS = 5021
Blocksize strategy selection process: -0.026043 --> -0.025698, len_BS = 5021
Blocksize strategy selection process: -0.026042 --> -0.025698, len_BS = 5021
Blocksize strategy selection process: -0.026041 --> -0.025698, len_BS = 5021
Blocksize strategy selection process: -0.026040 --> -0.025698, len_BS = 5021
Blocksize strategy selection process: -0.026039 --> -0.025698, len_BS = 5021
Blocksize strategy selection process: -0.026038 --> -0.025698, len_BS = 5021
Blocksize strategy selection process: -0.026037 --> -0.025698, len_BS = 5021
Blocksize strategy selection process: -0.026036 --> -0.025698, len_BS = 5021
Blocksize strategy selection process: -0.026035 --> -0.025698, len_BS = 5021
Blocksize strategy selection process: -0.026034 --> -0.025698, len_BS = 5021
Blocksize strategy selection process: -0.026033 --> -0.025698, len_BS = 5021
Blocksize strategy selection process: -0.026032 --> -0.025698, len_BS = 5021
Blocksize strategy selection process: -0.026031 --> -0.025698, len_BS = 5021
Blocksize strategy selection process: -0.026030 --> -0.025698, len_BS = 5021
Blocksize strategy selection process: -0.026029 --> -0.025698, len_BS = 5021
Blocksize strategy selection process: -0.026028 --> -0.025698, len_BS = 5021
Blocksize strategy selection process: -0.026027 --> -0.025698, len_BS = 5021
Blocksize strategy selection process: -0.026026 --> -0.025698, len_BS = 5021
Blocksize strategy selection process: -0.026012 --> -0.025698, len_BS = 5021
Blocksize strategy selection process: -0.026011 --> -0.025698, len_BS = 5021
Blocksize strategy selection process: -0.026010 --> -0.025698, len_BS = 5021
Blocksize strategy selection process: -0.026009 --> -0.025698, len_BS = 5021
Blocksize strategy selection process: -0.026008 --> -0.025698, len_BS = 5021
Blocksize strategy selection process: -0.026007 --> -0.025698, len_BS = 5021
Blocksize strategy selection process: -0.026006 --> -0.025698, len_BS = 5021
Blocksize strategy selection process: -0.026005 --> -0.025698, len_BS = 5021
Blocksize strategy selection process: -0.026004 --> -0.025698, len_BS = 5021
Blocksize strategy selection process: -0.026003 --> -0.025698, len_BS = 5021
Blocksize strategy selection process: -0.026002 --> -0.025698, len_BS = 5021
Blocksize strategy selection process: -0.026001 --> -0.025698, len_BS = 5021
Blocksize strategy selection process: -0.025988 --> -0.025698, len_BS = 5021
Blocksize strategy selection process: -0.025987 --> -0.025698, len_BS = 5021
Blocksize strategy selection process: -0.025986 --> -0.025698, len_BS = 5021
Blocksize strategy selection process: -0.025985 --> -0.025698, len_BS = 5021
Blocksize strategy selection process: -0.025984 --> -0.025698, len_BS = 5021
Blocksize strategy selection process: -0.025983 --> -0.025698, len_BS = 5021
Blocksize strategy selection process: -0.025982 --> -0.025698, len_BS = 5021
Blocksize strategy selection process: -0.025981 --> -0.025698, len_BS = 5021
Blocksize strategy selection process: -0.025980 --> -0.025698, len_BS = 5021
Blocksize strategy selection process: -0.025979 --> -0.025698, len_BS = 5021
Blocksize strategy selection process: -0.025978 --> -0.025698, len_BS = 5021
Blocksize strategy selection process: -0.025977 --> -0.025698, len_BS = 5021
Blocksize strategy selection process: -0.025964 --> -0.025698, len_BS = 5021
Blocksize strategy selection process: -0.025963 --> -0.025698, len_BS = 5021
Blocksize strategy selection process: -0.025962 --> -0.025698, len_BS = 5021
Blocksize strategy selection process: -0.025961 --> -0.025698, len_BS = 5021
Blocksize strategy selection process: -0.025960 --> -0.025698, len_BS = 5021
Blocksize strategy selection process: -0.025959 --> -0.025698, len_BS = 5021
Blocksize strategy selection process: -0.025958 --> -0.025698, len_BS = 5021
Blocksize strategy selection process: -0.025957 --> -0.025698, len_BS = 5021
Blocksize strategy selection process: -0.025956 --> -0.025698, len_BS = 5021
Blocksize strategy selection process: -0.025955 --> -0.025698, len_BS = 5021
Blocksize strategy selection process: -0.025954 --> -0.025698, len_BS = 5021
Blocksize strategy selection process: -0.025942 --> -0.025698, len_BS = 5021
Blocksize strategy selection process: -0.025941 --> -0.025698, len_BS = 5021
Blocksize strategy selection process: -0.025940 --> -0.025698, len_BS = 5021
Blocksize strategy selection process: -0.025939 --> -0.025698, len_BS = 5021
Blocksize strategy selection process: -0.025938 --> -0.025698, len_BS = 5021
Blocksize strategy selection process: -0.025937 --> -0.025698, len_BS = 5021
Blocksize strategy selection process: -0.025936 --> -0.025698, len_BS = 5021
Blocksize strategy selection process: -0.025935 --> -0.025698, len_BS = 5021
Blocksize strategy selection process: -0.025934 --> -0.025698, len_BS = 5021
Blocksize strategy selection process: -0.025933 --> -0.025698, len_BS = 5021
Blocksize strategy selection process: -0.025932 --> -0.025698, len_BS = 5021
Blocksize strategy selection process: -0.025920 --> -0.025698, len_BS = 5021
Blocksize strategy selection process: -0.025919 --> -0.025698, len_BS = 5021
Blocksize strategy selection process: -0.025918 --> -0.025698, len_BS = 5021
Blocksize strategy selection process: -0.025917 --> -0.025698, len_BS = 5021
Blocksize strategy selection process: -0.025916 --> -0.025698, len_BS = 5021
Blocksize strategy selection process: -0.025915 --> -0.025698, len_BS = 5021
Blocksize strategy selection process: -0.025914 --> -0.025698, len_BS = 5021
Blocksize strategy selection process: -0.025913 --> -0.025698, len_BS = 5021
Blocksize strategy selection process: -0.025912 --> -0.025698, len_BS = 5021
Blocksize strategy selection process: -0.025900 --> -0.025698, len_BS = 5021
Blocksize strategy selection process: -0.025899 --> -0.025698, len_BS = 5021
Blocksize strategy selection process: -0.025898 --> -0.025698, len_BS = 5021
Blocksize strategy selection process: -0.025897 --> -0.025698, len_BS = 5021
Blocksize strategy selection process: -0.025896 --> -0.025698, len_BS = 5021
Blocksize strategy selection process: -0.025895 --> -0.025698, len_BS = 5021
Blocksize strategy selection process: -0.025894 --> -0.025698, len_BS = 5021
Blocksize strategy selection process: -0.025893 --> -0.025698, len_BS = 5021
Blocksize strategy selection process: -0.025892 --> -0.025698, len_BS = 5021
Blocksize strategy selection process: -0.025891 --> -0.025698, len_BS = 5021
Blocksize strategy selection process: -0.025880 --> -0.025698, len_BS = 5021
Blocksize strategy selection process: -0.025879 --> -0.025698, len_BS = 5021
Blocksize strategy selection process: -0.025878 --> -0.025698, len_BS = 5021
Blocksize strategy selection process: -0.025877 --> -0.025698, len_BS = 5021
Blocksize strategy selection process: -0.025876 --> -0.025698, len_BS = 5021
Blocksize strategy selection process: -0.025875 --> -0.025698, len_BS = 5021
Blocksize strategy selection process: -0.025874 --> -0.025698, len_BS = 5021
Blocksize strategy selection process: -0.025873 --> -0.025698, len_BS = 5021
Blocksize strategy selection process: -0.025872 --> -0.025698, len_BS = 5021
Blocksize strategy selection process: -0.025861 --> -0.025698, len_BS = 5021
Blocksize strategy selection process: -0.025860 --> -0.025698, len_BS = 5021
Blocksize strategy selection process: -0.025859 --> -0.025698, len_BS = 5021
Blocksize strategy selection process: -0.025858 --> -0.025698, len_BS = 5021
Blocksize strategy selection process: -0.025857 --> -0.025698, len_BS = 5021
Blocksize strategy selection process: -0.025856 --> -0.025698, len_BS = 5021
Blocksize strategy selection process: -0.025855 --> -0.025698, len_BS = 5021
Blocksize strategy selection process: -0.025854 --> -0.025698, len_BS = 5021
Blocksize strategy selection process: -0.025853 --> -0.025698, len_BS = 5021
Blocksize strategy selection process: -0.025843 --> -0.025698, len_BS = 5021
Blocksize strategy selection process: -0.025842 --> -0.025698, len_BS = 5021
Blocksize strategy selection process: -0.025841 --> -0.025698, len_BS = 5021
Blocksize strategy selection process: -0.025840 --> -0.025698, len_BS = 5021
Blocksize strategy selection process: -0.025839 --> -0.025698, len_BS = 5021
Blocksize strategy selection process: -0.025838 --> -0.025698, len_BS = 5021
Blocksize strategy selection process: -0.025837 --> -0.025698, len_BS = 5021
Blocksize strategy selection process: -0.025836 --> -0.025698, len_BS = 5021
Blocksize strategy selection process: -0.025827 --> -0.025698, len_BS = 5021
Blocksize strategy selection process: -0.025826 --> -0.025698, len_BS = 5021
Blocksize strategy selection process: -0.025825 --> -0.025698, len_BS = 5021
Blocksize strategy selection process: -0.025824 --> -0.025698, len_BS = 5021
Blocksize strategy selection process: -0.025823 --> -0.025698, len_BS = 5021
Blocksize strategy selection process: -0.025822 --> -0.025698, len_BS = 5021
Blocksize strategy selection process: -0.025796 --> -0.025698, len_BS = 5021
Blocksize strategy selection process: -0.025792 --> -0.025698, len_BS = 5021
Blocksize strategy selection process: -0.025791 --> -0.025698, len_BS = 5021
Blocksize strategy selection process: -0.025788 --> -0.025698, len_BS = 5021
Blocksize strategy selection process: -0.025787 --> -0.025698, len_BS = 5021
Blocksize strategy selection process: -0.025786 --> -0.025698, len_BS = 5021
Blocksize strategy selection process: -0.025785 --> -0.025698, len_BS = 5021
Blocksize strategy selection process: -0.025784 --> -0.025698, len_BS = 5021
Blocksize strategy selection process: -0.025783 --> -0.025698, len_BS = 5021
Blocksize strategy selection process: -0.025782 --> -0.025698, len_BS = 5021
Blocksize strategy selection process: -0.025781 --> -0.025698, len_BS = 5021
Blocksize strategy selection process: -0.025780 --> -0.025698, len_BS = 5021
Blocksize strategy selection process: -0.025779 --> -0.025698, len_BS = 5021
Blocksize strategy selection process: -0.025778 --> -0.025698, len_BS = 5021
Blocksize strategy selection process: -0.025777 --> -0.025698, len_BS = 5021
Blocksize strategy selection process: -0.025776 --> -0.025698, len_BS = 5021
Blocksize strategy selection process: -0.025769 --> -0.025698, len_BS = 5021
Blocksize strategy selection process: -0.025768 --> -0.025698, len_BS = 5021
Blocksize strategy selection process: -0.025767 --> -0.025698, len_BS = 5021
Blocksize strategy selection process: -0.025766 --> -0.025698, len_BS = 5021
Blocksize strategy selection process: -0.025765 --> -0.025698, len_BS = 5021
Blocksize strategy selection process: -0.025764 --> -0.025698, len_BS = 5021
Blocksize strategy selection process: -0.025757 --> -0.025698, len_BS = 5021
Blocksize strategy selection process: -0.025756 --> -0.025698, len_BS = 5021
Blocksize strategy selection process: -0.025755 --> -0.025698, len_BS = 5021
Blocksize strategy selection process: -0.025754 --> -0.025698, len_BS = 5021
Blocksize strategy selection process: -0.025753 --> -0.025698, len_BS = 5021
Blocksize strategy selection process: -0.025752 --> -0.025698, len_BS = 5021
Blocksize strategy selection process: -0.025746 --> -0.025698, len_BS = 5021
Blocksize strategy selection process: -0.025745 --> -0.025698, len_BS = 5021
Blocksize strategy selection process: -0.025744 --> -0.025698, len_BS = 5021
Blocksize strategy selection process: -0.025743 --> -0.025698, len_BS = 5021
Blocksize strategy selection process: -0.025742 --> -0.025698, len_BS = 5021
Blocksize strategy selection process: -0.025741 --> -0.025698, len_BS = 5021
Blocksize strategy selection process: -0.025736 --> -0.025698, len_BS = 5021
Blocksize strategy selection process: -0.025735 --> -0.025698, len_BS = 5021
Blocksize strategy selection process: -0.025734 --> -0.025698, len_BS = 5021
Blocksize strategy selection process: -0.025733 --> -0.025698, len_BS = 5021
Blocksize strategy selection process: -0.025732 --> -0.025698, len_BS = 5021
Blocksize strategy selection process: -0.025731 --> -0.025698, len_BS = 5021
Blocksize strategy selection process: -0.025726 --> -0.025698, len_BS = 5021
Blocksize strategy selection process: -0.025725 --> -0.025698, len_BS = 5021
Blocksize strategy selection process: -0.025724 --> -0.025698, len_BS = 5021
Blocksize strategy selection process: -0.025720 --> -0.025698, len_BS = 5021
Blocksize strategy selection process: -0.025718 --> -0.025698, len_BS = 5021
Blocksize strategy selection process: -0.025717 --> -0.025698, len_BS = 5021
Blocksize strategy selection process: -0.025716 --> -0.025698, len_BS = 5021
Blocksize strategy selection process: -0.025715 --> -0.025698, len_BS = 5021
Blocksize strategy selection process: -0.025714 --> -0.025698, len_BS = 5021
Blocksize strategy selection process: -0.025711 --> -0.025698, len_BS = 5021
Blocksize strategy selection process: -0.025710 --> -0.025698, len_BS = 5021
Blocksize strategy selection process: -0.025707 --> -0.025698, len_BS = 5021
Blocksize strategy selection process: -0.025706 --> -0.025698, len_BS = 5021
Blocksize strategy selection process: -0.025705 --> -0.025698, len_BS = 5021
Blocksize strategy selection process: -0.025704 --> -0.025698, len_BS = 5021
Blocksize strategy selection process: -0.025702 --> -0.025698, len_BS = 5021
Blocksize strategy selection process: -0.025701 --> -0.025698, len_BS = 5021
Blocksize strategy selection process: -0.025700 --> -0.025698, len_BS = 5021
Blocksize strategy selection process: -0.025698 --> -0.025698, len_BS = 5021
len(BS) = 5021
Time cost for generating Strategy: 1075.196339 s
[16.38126336180708,16.38126336180708,16.38126336180708,16.38126336180708,16.38126336180708,16.38126336180708,16.38126336180708,16.38126336180708,16.38126336180708,16.38126336180708,16.38126336180708,16.38126336180708,16.38126336180708,16.38126336180708,16.38126336180708,16.38126336180708,16.38126336180708,16.38126336180708,16.38126336180708,16.38126336180708,16.38126336180708,16.38126336180708,16.35441430290472,16.322858325110264,16.29134438605266,16.25987105120836,16.228436881421178,16.19704043261453,16.165680255496586,16.13435489525793,16.103062891261512,16.071802776724525,16.040573078391965,16.00937231620141,15.97819900293884,15.947051643884944,15.915928736451693,15.88482876980867,15.853750224498793,15.822691572042952,15.791651274533177,15.760627784213742,15.729619543049825,15.698624982283107,15.66764252197381,15.636670570528597,15.605707524213699,15.574751766652668,15.54380166830811,15.512855585946646,15.48191186208646,15.4509688244266,15.420024785257297,15.38907804085041,15.358126870829228,15.327169537516557,15.296204285260323,15.265229339735544,15.234242907221692,15.203243173854364,15.17222830485009,15.141196443703056,15.110145711352583,15.079074205319962,15.047979998813354,15.0168611397993,14.98571565003941,14.954541524090637,14.923336728267635,14.892099199565479,14.860826844541108,14.829517538151709,14.798169122548288,14.766779405822533,14.735346160705202,14.70386712321407,14.672339991249583,14.640762423136344,14.609132036108605,14.577446404737955,14.545703059301566,14.51389948408945,14.482033115649422,14.450101340968676,14.418101495591312,14.386030861671536,14.353886665962946,14.321666077744904,14.28936620668819,14.256984100663018,14.224516743494334,14.192000419679413,14.159592618959227,14.127172886482665,14.094713815342093,14.062173919518298,14.029537667468993,13.996807334833907,13.96396901846649,13.931059343213775,13.898028958405963,13.864897990898317,13.831628951912268,13.79827433975181,13.764782645273637,13.731165590114252,13.69741276227272,13.66353370031095,13.629522367694587,13.595364201264168,13.561075023954679,13.526631928994323,13.492045081796615,13.457291357661408,13.422394172341253,13.387336696620313,13.352111724291245,13.316708495948543,13.281132425068122,13.245397387783449,13.209483876346649,13.173416731210182,13.137151615838977,13.100703029449544,13.064073722104915,13.027242144923534,12.990238447938431,12.953021992672824,12.91561807455184,12.878035724004206,12.840257838265124,12.802272450204782,12.764100077382622,12.725761013379401,12.687380608145624,12.649084724044815,12.626281359179714,12.60336269215087,12.580327398600545,12.55717413023017,12.53390151420929,12.510508152566066,12.486992621558588,12.463353471026338,12.439589223721008,12.415698374615896,12.391679390193058,12.367530707707333,12.343250734426388,12.31883784684577,12.294290389878077,12.269606676015107,12.244784984462013,12.21982356024229,12.194720613272402,12.169474317404855,12.14408280943841,12.11854418809409,12.09285651295555,12.067017803372377,12.041026037324713,12.014879150247614,11.988575033813438,11.962111534670466,11.935486453135901,11.908697541841267,11.881742504328182,11.854618993592304,11.827324610573227,11.799856902587939,11.77221336170535,11.744391423059268,11.71638846309709,11.688201797761353,11.65982868060106,11.631266300809664,11.602511781186356,11.573562176017175,11.544414468872233,11.515065570315256,11.485512315521348,11.455751461798755,11.4257796860102,11.395593581889061,11.365189657245553,11.334564331057734,11.303713930441992,11.272634687497346,11.241322736017686,11.209774108065783,11.177984730402596,11.145950420765205,11.113666883986287,11.081129707947897,11.048334359361908,11.015276179369282,10.981950378949962,10.94835203413503,10.91447608101244,10.880317310517436,10.845870362998596,10.811129722550369,10.776089711102715,10.74074448225871,10.705088014870892,10.669114106347411,10.632816365679512,10.596188206182314,10.559222837941805,10.521913259961986,10.484252252007634,10.44623236614004,10.407845917945595,10.369084977460194,10.329941359796344,10.290406615485006,10.250472020550173,10.2101285663421,10.169366949164548,10.1281775597434,10.086550472598574,10.044475435399411,10.001941858406113,9.958938804127657,9.915454977360918,9.871478715818306,9.832351894761594,9.814594711830413,9.78056419224293,9.742794401461092,9.699343173402667,9.653698830908711,9.608267619193741,9.560851498961604,9.518308374193413,9.468982199447911,9.422272567462501,9.370363878891654,9.325456888186679,9.273459080816547,9.222918333693238,9.170836193762167,9.119915525568253,9.068047654582273,9.014066923253527,8.962091277270142,8.906869299442441,8.852875900202127,8.795593789504439,8.741329344216684,8.684632664389994,8.626795649963078,8.56732785978027,8.50841804630721,8.451222544448957,8.391215022474869,8.334407327883552,8.271416230822433,8.210199056972677,8.149172420676017,8.085034415533183,8.024794545045754,7.958855721912363,7.896144318315121,7.83447359017019,7.770298453585123,7.704300252154851,7.64088493648712,7.580042563041092,7.536081091681647,7.5091955605322465]
MinStrategy is: [87, 107, 107, 117, 118, 127, 133, 136] + pump(111,160,23) , ['87 * 1 (-0.044225) , cost = 394.6540 s', '107 * 2 (-0.036083) , cost = 1772.3460 s', '117 * 1 (-0.034624) , cost = 1972.0010 s', '118 * 1 (-0.034066) , cost = 2544.9905 s', '127 * 1 (-0.033353) , cost = 19584.7700 s', '133 * 1 (-0.032764) , cost = 90488.3576 s', '136 * 1 (-0.032426) , cost = 194504.5751 s'] + pump(111,160,23)
[87,107,107,117,118,127,133,136]
Time cost for pnj-BKZ = 86.46 h,
Time cost for pump = 178.80 h,
Total time cost = 265.26 h.
