"lwechallenge/40-025.txt" exists.
-------------------------
Primal attack, TU LWE challenge n=40, m=1600, alpha=0.025, q=1601 
Chose 171 samples. Predict solution at bkz-89 + svp-117. 
Initial slope = -0.0665978
dim = 172, dvol = 331.97353385059

After a sigma normalization,Slope = -0.066598
 Attack Estimation via simulation + probabilistic model (BSSA)
beta_start= 50, gap = 1, J = 100, J_gap = 1, cost_model = 2, max_loop = 5, threads = 1, G_prec = 1.000000e-03,  slope_prec = 1.000000e-04,  progressive_sieve = True, worst_case = 0, succ_prob = 1.00, Find minimal time cost strategy, average_case, practical_pnjbkz_d4f = 3, practical_pump_d4f = 3, traditonal BSSA 
Find the optimized Strategy through BSSA!!
bs = (slope = -0.04639, G_BKZ = 9.91 log2(sec), G_avg_BKZ = 0.00 log2(sec), B_BKZ = 3.84 log2(bit), cum-pr = 0.00,  pump-{31,141,22}, G_dsvp = 10.22 log2(sec), G_avg_dsvp = 11.07 log2(sec), B_dsvp = 36.05 log2(bit), G = 11.07 log2(sec), B = 36.05 log2(bit))
Block size strategy generated by BSSA (beta,jump,tours):[( 79,  8,  3)]
Min Cost = 11.07 log2(sec) = 2155.61 s, Memory Cost = 36.05 log2(bit) = 8.27 GB 
BSSA cost:32s.



"lwechallenge/40-030.txt" exists.
-------------------------
Primal attack, TU LWE challenge n=40, m=1600, alpha=0.030, q=1601 
Chose 178 samples. Predict solution at bkz-102 + svp-133. 
Initial slope = -0.064
dim = 179, dvol = 325.16013135542

After a sigma normalization,Slope = -0.064016
 Attack Estimation via simulation + probabilistic model (BSSA)
beta_start= 50, gap = 1, J = 100, J_gap = 1, cost_model = 2, max_loop = 5, threads = 1, G_prec = 1.000000e-03,  slope_prec = 1.000000e-04,  progressive_sieve = True, worst_case = 0, succ_prob = 1.00, Find minimal time cost strategy, average_case, practical_pnjbkz_d4f = 3, practical_pump_d4f = 3, traditonal BSSA 
Find the optimized Strategy through BSSA!!
bs = (slope = -0.03878, G_BKZ = 12.25 log2(sec), G_avg_BKZ = 0.34 log2(sec), B_BKZ = 21.56 log2(bit), cum-pr = 0.00,  pump-{26,153,22}, G_dsvp = 12.64 log2(sec), G_avg_dsvp = 13.45 log2(sec), B_dsvp = 37.52 log2(bit), G = 13.45 log2(sec), B = 37.52 log2(bit))
Block size strategy generated by BSSA (beta,jump,tours):[( 79,  7,  3),( 79,  4,  1),(104,  4,  2)]
Min Cost = 13.45 log2(sec) = 11224.61 s, Memory Cost = 37.52 log2(bit) = 22.92 GB 
BSSA cost:51s.



"lwechallenge/45-020.txt" exists.
-------------------------
Primal attack, TU LWE challenge n=45, m=2025, alpha=0.020, q=2027 
Chose 184 samples. Predict solution at bkz-89 + svp-121. 
Initial slope = -0.066
dim = 185, dvol = 373.46589773268

After a sigma normalization,Slope = -0.065691
 Attack Estimation via simulation + probabilistic model (BSSA)
beta_start= 50, gap = 1, J = 100, J_gap = 1, cost_model = 2, max_loop = 5, threads = 1, G_prec = 1.000000e-03,  slope_prec = 1.000000e-04,  progressive_sieve = True, worst_case = 0, succ_prob = 1.00, Find minimal time cost strategy, average_case, practical_pnjbkz_d4f = 3, practical_pump_d4f = 3, traditonal BSSA 
Find the optimized Strategy through BSSA!!
bs = (slope = -0.04485, G_BKZ = 10.77 log2(sec), G_avg_BKZ = 0.00 log2(sec), B_BKZ = 2.92 log2(bit), cum-pr = 0.00,  pump-{40,145,22}, G_dsvp = 10.99 log2(sec), G_avg_dsvp = 11.88 log2(sec), B_dsvp = 36.53 log2(bit), G = 11.88 log2(sec), B = 36.53 log2(bit))
Block size strategy generated by BSSA (beta,jump,tours):[( 79,  8,  5)]
Min Cost = 11.88 log2(sec) = 3773.16 s, Memory Cost = 36.53 log2(bit) = 11.58 GB 
BSSA cost:43s.



"lwechallenge/50-015.txt" exists.
-------------------------
Primal attack, TU LWE challenge n=50, m=2500, alpha=0.015, q=2503 
Chose 193 samples. Predict solution at bkz-87 + svp-118. 
Initial slope = -0.068
dim = 194, dvol = 415.65527573918

After a sigma normalization,Slope = -0.068032
 Attack Estimation via simulation + probabilistic model (BSSA)
beta_start= 50, gap = 1, J = 100, J_gap = 1, cost_model = 2, max_loop = 5, threads = 1, G_prec = 1.000000e-03,  slope_prec = 1.000000e-04,  progressive_sieve = True, worst_case = 0, succ_prob = 1.00, Find minimal time cost strategy, average_case, practical_pnjbkz_d4f = 3, practical_pump_d4f = 3, traditonal BSSA 
Find the optimized Strategy through BSSA!!
bs = (slope = -0.04536, G_BKZ = 10.97 log2(sec), G_avg_BKZ = 0.00 log2(sec), B_BKZ = 3.43 log2(bit), cum-pr = 0.00,  pump-{50,144,22}, G_dsvp = 10.71 log2(sec), G_avg_dsvp = 11.85 log2(sec), B_dsvp = 36.36 log2(bit), G = 11.85 log2(sec), B = 36.36 log2(bit))
Block size strategy generated by BSSA (beta,jump,tours):[( 79,  8,  5)]
Min Cost = 11.85 log2(sec) = 3684.95 s, Memory Cost = 36.36 log2(bit) = 10.25 GB 
BSSA cost:43s.



"lwechallenge/60-010.txt" exists.
-------------------------
Primal attack, TU LWE challenge n=60, m=3600, alpha=0.010, q=3607 
Chose 221 samples. Predict solution at bkz-92 + svp-122. 
Initial slope = -0.066
dim = 222, dvol = 522.71923621791

After a sigma normalization,Slope = -0.065713
 Attack Estimation via simulation + probabilistic model (BSSA)
beta_start= 50, gap = 1, J = 100, J_gap = 1, cost_model = 2, max_loop = 5, threads = 1, G_prec = 1.000000e-03,  slope_prec = 1.000000e-04,  progressive_sieve = True, worst_case = 0, succ_prob = 1.00, Find minimal time cost strategy, average_case, practical_pnjbkz_d4f = 3, practical_pump_d4f = 3, traditonal BSSA 
Find the optimized Strategy through BSSA!!
bs = (slope = -0.04210, G_BKZ = 12.41 log2(sec), G_avg_BKZ = 0.00 log2(sec), B_BKZ = 12.48 log2(bit), cum-pr = 0.00,  pump-{75,147,22}, G_dsvp = 11.40 log2(sec), G_avg_dsvp = 12.99 log2(sec), B_dsvp = 36.79 log2(bit), G = 12.99 log2(sec), B = 36.79 log2(bit))
Block size strategy generated by BSSA (beta,jump,tours):[( 79,  8,  4),( 89,  4,  2)]
Min Cost = 12.99 log2(sec) = 8141.31 s, Memory Cost = 36.79 log2(bit) = 13.80 GB 
BSSA cost:68s.



"lwechallenge/80-005.txt" exists.
-------------------------
Primal attack, TU LWE challenge n=80, m=6400, alpha=0.005, q=6421 
Chose 270 samples. Predict solution at bkz-100 + svp-132. 
Initial slope = -0.065
dim = 271, dvol = 725.69003801176

After a sigma normalization,Slope = -0.065334
 Attack Estimation via simulation + probabilistic model (BSSA)
beta_start= 50, gap = 1, J = 100, J_gap = 1, cost_model = 2, max_loop = 5, threads = 1, G_prec = 1.000000e-03,  slope_prec = 1.000000e-04,  progressive_sieve = True, worst_case = 0, succ_prob = 1.00, Find minimal time cost strategy, average_case, practical_pnjbkz_d4f = 3, practical_pump_d4f = 3, traditonal BSSA 
Find the optimized Strategy through BSSA!!
bs = (slope = -0.03715, G_BKZ = 14.38 log2(sec), G_avg_BKZ = 8.18 log2(sec), B_BKZ = 31.34 log2(bit), cum-pr = 0.01,  pump-{120,151,22}, G_dsvp = 11.96 log2(sec), G_avg_dsvp = 14.61 log2(sec), B_dsvp = 37.07 log2(bit), G = 14.62 log2(sec), B = 37.07 log2(bit))
Block size strategy generated by BSSA (beta,jump,tours):[( 79,  8,  4),( 89,  9,  5),(116,  4,  2)]
Min Cost = 14.62 log2(sec) = 25250.29 s, Memory Cost = 37.10 log2(bit) = 17.09 GB 
BSSA cost:1.3e+02s.



"lwechallenge/40-035.txt" exists.
-------------------------
Primal attack, TU LWE challenge n=40, m=1600, alpha=0.035, q=1601 
Chose 187 samples. Predict solution at bkz-114 + svp-148. 
Initial slope = -0.06
dim = 188, dvol = 327.73882468246

After a sigma normalization,Slope = -0.059717
 Attack Estimation via simulation + probabilistic model (BSSA)
beta_start= 50, gap = 1, J = 100, J_gap = 1, cost_model = 2, max_loop = 5, threads = 1, G_prec = 1.000000e-03,  slope_prec = 1.000000e-04,  progressive_sieve = True, worst_case = 0, succ_prob = 1.00, Find minimal time cost strategy, average_case, practical_pnjbkz_d4f = 3, practical_pump_d4f = 3, traditonal BSSA 
Find the optimized Strategy through BSSA!!
bs = (slope = -0.03541, G_BKZ = 14.86 log2(sec), G_avg_BKZ = 7.37 log2(sec), B_BKZ = 32.11 log2(bit), cum-pr = 0.01,  pump-{21,167,24}, G_dsvp = 16.81 log2(sec), G_avg_dsvp = 17.13 log2(sec), B_dsvp = 39.85 log2(bit), G = 17.13 log2(sec), B = 39.85 log2(bit))
Block size strategy generated by BSSA (beta,jump,tours):[(117,  4,  3),(127,  2,  1)]
Min Cost = 17.13 log2(sec) = 143691.15 s, Memory Cost = 39.85 log2(bit) = 115.58 GB 
BSSA cost:79s.



"lwechallenge/40-040.txt" exists.
-------------------------
Primal attack, TU LWE challenge n=40, m=1600, alpha=0.040, q=1601 
Chose 191 samples. Predict solution at bkz-128 + svp-162. 
Initial slope = -0.057
dim = 192, dvol = 315.51042609031

After a sigma normalization,Slope = -0.056585
 Attack Estimation via simulation + probabilistic model (BSSA)
beta_start= 50, gap = 1, J = 100, J_gap = 1, cost_model = 2, max_loop = 5, threads = 1, G_prec = 1.000000e-03,  slope_prec = 1.000000e-04,  progressive_sieve = True, worst_case = 0, succ_prob = 1.00, Find minimal time cost strategy, average_case, practical_pnjbkz_d4f = 3, practical_pump_d4f = 3, traditonal BSSA 
Find the optimized Strategy through BSSA!!
bs = (slope = -0.03362, G_BKZ = 18.58 log2(sec), G_avg_BKZ = 12.57 log2(sec), B_BKZ = 36.96 log2(bit), cum-pr = 0.02,  pump-{11,181,25}, G_dsvp = 21.56 log2(sec), G_avg_dsvp = 21.71 log2(sec), B_dsvp = 42.38 log2(bit), G = 21.72 log2(sec), B = 42.38 log2(bit))
Block size strategy generated by BSSA (beta,jump,tours):[(117,  4,  3),(119,  2,  1),(131,  2,  1),(144,  2,  1)]
Min Cost = 21.72 log2(sec) = 3445860.17 s, Memory Cost = 42.41 log2(bit) = 682.33 GB 
BSSA cost:1.1e+02s.



"lwechallenge/50-025.txt" exists.
-------------------------
Primal attack, TU LWE challenge n=50, m=2500, alpha=0.025, q=2503 
Chose 219 samples. Predict solution at bkz-130 + svp-161. 
Initial slope = -0.058
dim = 220, dvol = 412.46597436512

After a sigma normalization,Slope = -0.057964
 Attack Estimation via simulation + probabilistic model (BSSA)
beta_start= 50, gap = 1, J = 100, J_gap = 1, cost_model = 2, max_loop = 5, threads = 1, G_prec = 1.000000e-03,  slope_prec = 1.000000e-04,  progressive_sieve = True, worst_case = 0, succ_prob = 1.00, Find minimal time cost strategy, average_case, practical_pnjbkz_d4f = 3, practical_pump_d4f = 3, traditonal BSSA 
Find the optimized Strategy through BSSA!!
bs = (slope = -0.03312, G_BKZ = 19.12 log2(sec), G_avg_BKZ = 13.08 log2(sec), B_BKZ = 36.74 log2(bit), cum-pr = 0.02,  pump-{40,180,25}, G_dsvp = 21.26 log2(sec), G_avg_dsvp = 21.53 log2(sec), B_dsvp = 42.22 log2(bit), G = 21.54 log2(sec), B = 42.22 log2(bit))
Block size strategy generated by BSSA (beta,jump,tours):[( 79,  8,  3),(121,  4,  3),(129,  4,  2),(136,  2,  1),(143,  2,  1)]
Min Cost = 21.54 log2(sec) = 3039407.79 s, Memory Cost = 42.25 log2(bit) = 608.43 GB 
BSSA cost:1.4e+02s.



"lwechallenge/55-020.txt" exists.
-------------------------
Primal attack, TU LWE challenge n=55, m=3025, alpha=0.020, q=3037 
Chose 230 samples. Predict solution at bkz-128 + svp-161. 
Initial slope = -0.059
dim = 231, dvol = 454.63428930493

After a sigma normalization,Slope = -0.058674
 Attack Estimation via simulation + probabilistic model (BSSA)
beta_start= 50, gap = 1, J = 100, J_gap = 1, cost_model = 2, max_loop = 5, threads = 1, G_prec = 1.000000e-03,  slope_prec = 1.000000e-04,  progressive_sieve = True, worst_case = 0, succ_prob = 1.00, Find minimal time cost strategy, average_case, practical_pnjbkz_d4f = 3, practical_pump_d4f = 3, traditonal BSSA 
Find the optimized Strategy through BSSA!!
bs = (slope = -0.03282, G_BKZ = 19.64 log2(sec), G_avg_BKZ = 14.53 log2(sec), B_BKZ = 37.95 log2(bit), cum-pr = 0.03,  pump-{52,179,24}, G_dsvp = 20.92 log2(sec), G_avg_dsvp = 21.37 log2(sec), B_dsvp = 42.00 log2(bit), G = 21.38 log2(sec), B = 42.00 log2(bit))
Block size strategy generated by BSSA (beta,jump,tours):[( 79,  8,  3),(110,  4,  3),(141,  4,  2),(144,  2,  1)]
Min Cost = 21.38 log2(sec) = 2727766.53 s, Memory Cost = 42.09 log2(bit) = 543.72 GB 
BSSA cost:1.6e+02s.



"lwechallenge/90-005.txt" exists.
-------------------------
Primal attack, TU LWE challenge n=90, m=8100, alpha=0.005, q=8101 
Chose 306 samples. Predict solution at bkz-127 + svp-156. 
Initial slope = -0.06
dim = 307, dvol = 807.55779063989

After a sigma normalization,Slope = -0.060246
 Attack Estimation via simulation + probabilistic model (BSSA)
beta_start= 50, gap = 1, J = 100, J_gap = 1, cost_model = 2, max_loop = 5, threads = 1, G_prec = 1.000000e-03,  slope_prec = 1.000000e-04,  progressive_sieve = True, worst_case = 0, succ_prob = 1.00, Find minimal time cost strategy, average_case, practical_pnjbkz_d4f = 3, practical_pump_d4f = 3, traditonal BSSA 
Find the optimized Strategy through BSSA!!
bs = (slope = -0.03261, G_BKZ = 19.23 log2(sec), G_avg_BKZ = 14.47 log2(sec), B_BKZ = 37.83 log2(bit), cum-pr = 0.04,  pump-{133,174,24}, G_dsvp = 19.14 log2(sec), G_avg_dsvp = 20.12 log2(sec), B_dsvp = 41.04 log2(bit), G = 20.15 log2(sec), B = 41.04 log2(bit))
Block size strategy generated by BSSA (beta,jump,tours):[( 79,  8,  4),(104,  9,  5),(117,  4,  2),(118,  4,  2),(130,  4,  2),(141,  4,  2)]
Min Cost = 20.15 log2(sec) = 1164720.50 s, Memory Cost = 41.18 log2(bit) = 290.72 GB 
BSSA cost:2.6e+02s.



