"lwechallenge/40-025.txt" exists.
-------------------------
Primal attack, TU LWE challenge n=40, m=1600, alpha=0.025, q=1601 
Chose 171 samples. Predict solution at bkz-89 + svp-117. 
Initial slope = -0.0665978
dim = 172, dvol = 331.97353385059

After a sigma normalization,Slope = -0.066598
enumbs min_G_prec = 0.1
 Attack Estimation via simulation + probabilistic model (EnumBS in parallel)
v1. beta_start= 50, gap = 1, J = 100, J_gap = 1, cost_model = 2, max_loop = 5, threads = 2, G_prec = 1.000000e-03,  slope_prec = 1.000000e-04,  progressive_sieve = True, worst_case = 0, succ_prob = 0.999, Find minimal time cost strategy, average_case, practical_pnjbkz_d4f = 3, practical_pump_d4f = 2.
 
Find the optimal Strategy through EumBS!!
bs = (slope = -4.106301e-02, G_BKZ = 6.388629e+00 log2(sec), B_BKZ = 3.364701e+01 log2(bit), cum-pr = 5.987032e-02, pump-{34,138,20}, G_dsvp = 1.098001e+01 log2(sec), B_dsvp = 3.552764e+01 bit, G = 1.103865e+01 log2(sec), B = 3.552764e+01 log2(bit),  min_GB.first = 1.103865e+01 log2(sec))
S(beta,jump,tours):[(89,9,1),(117,10,1)]
Min Cost = 11.04 log2(sec) = 2103.61 s, Memory Cost = 35.87 log2(bit) = 7.33 GB 
EnumBS cost:14s.



"lwechallenge/40-030.txt" exists.
-------------------------
Primal attack, TU LWE challenge n=40, m=1600, alpha=0.030, q=1601 
Chose 178 samples. Predict solution at bkz-102 + svp-133. 
Initial slope = -0.064
dim = 179, dvol = 325.16013135542

After a sigma normalization,Slope = -0.064016
enumbs min_G_prec = 0.1
 Attack Estimation via simulation + probabilistic model (EnumBS in parallel)
v1. beta_start= 50, gap = 1, J = 100, J_gap = 1, cost_model = 2, max_loop = 5, threads = 2, G_prec = 1.000000e-03,  slope_prec = 1.000000e-04,  progressive_sieve = True, worst_case = 0, succ_prob = 0.999, Find minimal time cost strategy, average_case, practical_pnjbkz_d4f = 3, practical_pump_d4f = 2.
 
Find the optimal Strategy through EumBS!!
bs = (slope = -3.737957e-02, G_BKZ = 5.650982e+00 log2(sec), B_BKZ = 3.141406e+01 log2(bit), cum-pr = 1.273587e-02, pump-{27,152,21}, G_dsvp = 1.342124e+01 log2(sec), B_dsvp = 3.757648e+01 bit, G = 1.342784e+01 log2(sec), B = 3.757648e+01 log2(bit),  min_GB.first = 1.342784e+01 log2(sec))
S(beta,jump,tours):[(93,9,1),(117,10,1),(117,4,1)]
Min Cost = 13.43 log2(sec) = 11019.99 s, Memory Cost = 37.60 log2(bit) = 24.19 GB 
EnumBS cost:62s.



"lwechallenge/45-020.txt" exists.
-------------------------
Primal attack, TU LWE challenge n=45, m=2025, alpha=0.020, q=2027 
Chose 184 samples. Predict solution at bkz-89 + svp-121. 
Initial slope = -0.066
dim = 185, dvol = 373.46589773268

After a sigma normalization,Slope = -0.065691
enumbs min_G_prec = 0.1
 Attack Estimation via simulation + probabilistic model (EnumBS in parallel)
v1. beta_start= 50, gap = 1, J = 100, J_gap = 1, cost_model = 2, max_loop = 5, threads = 2, G_prec = 1.000000e-03,  slope_prec = 1.000000e-04,  progressive_sieve = True, worst_case = 0, succ_prob = 0.999, Find minimal time cost strategy, average_case, practical_pnjbkz_d4f = 3, practical_pump_d4f = 2.
 
Find the optimal Strategy through EumBS!!
bs = (slope = -3.993348e-02, G_BKZ = 6.139946e+00 log2(sec), B_BKZ = 3.286925e+01 log2(bit), cum-pr = 3.492068e-02, pump-{45,140,20}, G_dsvp = 1.152936e+01 log2(sec), B_dsvp = 3.584859e+01 bit, G = 1.156337e+01 log2(sec), B = 3.584859e+01 log2(bit),  min_GB.first = 1.156337e+01 log2(sec))
S(beta,jump,tours):[(89,9,1),(92,9,1),(117,10,1)]
Min Cost = 11.56 log2(sec) = 3026.37 s, Memory Cost = 36.02 log2(bit) = 8.12 GB 
EnumBS cost:30s.



"lwechallenge/50-015.txt" exists.
-------------------------
Primal attack, TU LWE challenge n=50, m=2500, alpha=0.015, q=2503 
Chose 193 samples. Predict solution at bkz-87 + svp-118. 
Initial slope = -0.068
dim = 194, dvol = 415.65527573918

After a sigma normalization,Slope = -0.068032
enumbs min_G_prec = 0.1
 Attack Estimation via simulation + probabilistic model (EnumBS in parallel)
v1. beta_start= 50, gap = 1, J = 100, J_gap = 1, cost_model = 2, max_loop = 5, threads = 2, G_prec = 1.000000e-03,  slope_prec = 1.000000e-04,  progressive_sieve = True, worst_case = 0, succ_prob = 0.999, Find minimal time cost strategy, average_case, practical_pnjbkz_d4f = 3, practical_pump_d4f = 2.
 
Find the optimal Strategy through EumBS!!
bs = (slope = -4.064085e-02, G_BKZ = 7.073947e+00 log2(sec), B_BKZ = 3.362995e+01 log2(bit), cum-pr = 5.916657e-02, pump-{56,138,20}, G_dsvp = 1.148627e+01 log2(sec), B_dsvp = 3.555377e+01 bit, G = 1.155248e+01 log2(sec), B = 3.555377e+01 log2(bit),  min_GB.first = 1.155248e+01 log2(sec))
S(beta,jump,tours):[(89,9,1),(90,9,1),(117,10,1)]
Min Cost = 11.55 log2(sec) = 3003.61 s, Memory Cost = 35.89 log2(bit) = 7.42 GB 
EnumBS cost:34s.



"lwechallenge/60-010.txt" exists.
-------------------------
Primal attack, TU LWE challenge n=60, m=3600, alpha=0.010, q=3607 
Chose 221 samples. Predict solution at bkz-92 + svp-122. 
Initial slope = -0.066
dim = 222, dvol = 522.71923621791

After a sigma normalization,Slope = -0.065713
enumbs min_G_prec = 0.1
 Attack Estimation via simulation + probabilistic model (EnumBS in parallel)
v1. beta_start= 50, gap = 1, J = 100, J_gap = 1, cost_model = 2, max_loop = 5, threads = 2, G_prec = 1.000000e-03,  slope_prec = 1.000000e-04,  progressive_sieve = True, worst_case = 0, succ_prob = 0.999, Find minimal time cost strategy, average_case, practical_pnjbkz_d4f = 3, practical_pump_d4f = 2.
 
Find the optimal Strategy through EumBS!!
bs = (slope = -3.984497e-02, G_BKZ = 5.940901e+00 log2(sec), B_BKZ = 3.161304e+01 log2(bit), cum-pr = 1.461931e-02, pump-{79,143,20}, G_dsvp = 1.249739e+01 log2(sec), B_dsvp = 3.629671e+01 bit, G = 1.251264e+01 log2(sec), B = 3.629671e+01 log2(bit),  min_GB.first = 1.251264e+01 log2(sec))
S(beta,jump,tours):[(89,9,1),(117,10,2)]
Min Cost = 12.51 log2(sec) = 5843.59 s, Memory Cost = 36.35 log2(bit) = 10.21 GB 
EnumBS cost:74s.



"lwechallenge/80-005.txt" exists.
-------------------------
Primal attack, TU LWE challenge n=80, m=6400, alpha=0.005, q=6421 
Chose 270 samples. Predict solution at bkz-100 + svp-132. 
Initial slope = -0.065
dim = 271, dvol = 725.69003801176

After a sigma normalization,Slope = -0.065334
enumbs min_G_prec = 0.1
 Attack Estimation via simulation + probabilistic model (EnumBS in parallel)
v1. beta_start= 50, gap = 1, J = 100, J_gap = 1, cost_model = 2, max_loop = 5, threads = 2, G_prec = 1.000000e-03,  slope_prec = 1.000000e-04,  progressive_sieve = True, worst_case = 0, succ_prob = 0.999, Find minimal time cost strategy, average_case, practical_pnjbkz_d4f = 3, practical_pump_d4f = 2.
 
Find the optimal Strategy through EumBS!!
bs = (slope = -3.736941e-02, G_BKZ = 5.725440e+00 log2(sec), B_BKZ = 2.999905e+01 log2(bit), cum-pr = 3.694195e-03, pump-{120,151,20}, G_dsvp = 1.440555e+01 log2(sec), B_dsvp = 3.755674e+01 bit, G = 1.440906e+01 log2(sec), B = 3.755674e+01 log2(bit),  min_GB.first = 1.440906e+01 log2(sec))
S(beta,jump,tours):[(73,8,1),(89,9,1),(90,9,1),(117,10,2),(119,10,2)]
Min Cost = 14.41 log2(sec) = 21755.04 s, Memory Cost = 37.56 log2(bit) = 23.66 GB 
EnumBS cost:2.6e+02s.



"lwechallenge/40-035.txt" exists.
-------------------------
Primal attack, TU LWE challenge n=40, m=1600, alpha=0.035, q=1601 
Chose 187 samples. Predict solution at bkz-114 + svp-148. 
Initial slope = -0.06
dim = 188, dvol = 327.73882468246

After a sigma normalization,Slope = -0.059717
enumbs min_G_prec = 0.1
 Attack Estimation via simulation + probabilistic model (EnumBS in parallel)
v1. beta_start= 50, gap = 1, J = 100, J_gap = 1, cost_model = 2, max_loop = 5, threads = 2, G_prec = 1.000000e-03,  slope_prec = 1.000000e-04,  progressive_sieve = True, worst_case = 0, succ_prob = 0.999, Find minimal time cost strategy, average_case, practical_pnjbkz_d4f = 3, practical_pump_d4f = 2.
 
There's no strategy whose memory cost (40.147327 log(bit)) is below 38.900000 log(bit), the lowest memory cost strategy is:
bs = (slope = -3.496391e-02, G_BKZ = 1.033132e+01 log2(sec), B_BKZ = 3.600196e+01 log2(bit), cum-pr = 3.169548e-02, pump-{21,167,22}, G_dsvp = 1.759779e+01 log2(sec), B_dsvp = 4.006341e+01 bit, G = 1.760713e+01 log2(sec), B = 4.006341e+01 log2(bit),  min_GB.first = 1.760713e+01 log2(sec))
S(beta,jump,tours):[(87,9,1),(90,9,1),(117,10,1),(117,4,1),(122,4,1),(134,4,1)]
Min Cost = 17.61 log2(sec) = 199652.09 s, Memory Cost = 40.15 log2(bit) = 141.76 GB 
EnumBS cost:1.7e+02s.



"lwechallenge/40-040.txt" exists.
-------------------------
Primal attack, TU LWE challenge n=40, m=1600, alpha=0.040, q=1601 
Chose 191 samples. Predict solution at bkz-128 + svp-162. 
Initial slope = -0.057
dim = 192, dvol = 315.51042609031

After a sigma normalization,Slope = -0.056585
enumbs min_G_prec = 0.1
 Attack Estimation via simulation + probabilistic model (EnumBS in parallel)
v1. beta_start= 50, gap = 1, J = 100, J_gap = 1, cost_model = 2, max_loop = 5, threads = 2, G_prec = 1.000000e-03,  slope_prec = 1.000000e-04,  progressive_sieve = True, worst_case = 0, succ_prob = 0.999, Find minimal time cost strategy, average_case, practical_pnjbkz_d4f = 3, practical_pump_d4f = 2.
 
There's no strategy whose memory cost (42.808069 log(bit)) is below 38.900000 log(bit), the lowest memory cost strategy is:
bs = (slope = -3.357839e-02, G_BKZ = 1.318725e+01 log2(sec), B_BKZ = 3.805438e+01 log2(bit), cum-pr = 2.305763e-02, pump-{11,181,23}, G_dsvp = 2.237261e+01 log2(sec), B_dsvp = 4.275357e+01 bit, G = 2.237508e+01 log2(sec), B = 4.275357e+01 log2(bit),  min_GB.first = 2.237508e+01 log2(sec))
S(beta,jump,tours):[(89,9,1),(114,10,1),(117,10,1),(117,4,1),(131,4,1),(141,4,1),(147,4,1)]
Min Cost = 22.38 log2(sec) = 5439658.55 s, Memory Cost = 42.81 log2(bit) = 896.44 GB 
EnumBS cost:3e+02s.



"lwechallenge/50-025.txt" exists.
-------------------------
Primal attack, TU LWE challenge n=50, m=2500, alpha=0.025, q=2503 
Chose 219 samples. Predict solution at bkz-130 + svp-161. 
Initial slope = -0.058
dim = 220, dvol = 412.46597436512

After a sigma normalization,Slope = -0.057964
enumbs min_G_prec = 0.1
 Attack Estimation via simulation + probabilistic model (EnumBS in parallel)
v1. beta_start= 50, gap = 1, J = 100, J_gap = 1, cost_model = 2, max_loop = 5, threads = 2, G_prec = 1.000000e-03,  slope_prec = 1.000000e-04,  progressive_sieve = True, worst_case = 0, succ_prob = 0.999, Find minimal time cost strategy, average_case, practical_pnjbkz_d4f = 3, practical_pump_d4f = 2.
 
There's no strategy whose memory cost (42.625882 log(bit)) is below 38.900000 log(bit), the lowest memory cost strategy is:
bs = (slope = -3.299157e-02, G_BKZ = 1.430019e+01 log2(sec), B_BKZ = 3.854422e+01 log2(bit), cum-pr = 3.266023e-02, pump-{40,180,22}, G_dsvp = 2.209866e+01 log2(sec), B_dsvp = 4.253806e+01 bit, G = 2.210512e+01 log2(sec), B = 4.253806e+01 log2(bit),  min_GB.first = 2.210512e+01 log2(sec))
S(beta,jump,tours):[(90,9,1),(116,10,2),(117,4,1),(124,4,1),(134,4,1),(142,4,1),(147,4,1)]
Min Cost = 22.11 log2(sec) = 4511337.10 s, Memory Cost = 42.63 log2(bit) = 790.09 GB 
EnumBS cost:5.6e+02s.



"lwechallenge/55-020.txt" exists.
-------------------------
Primal attack, TU LWE challenge n=55, m=3025, alpha=0.020, q=3037 
Chose 230 samples. Predict solution at bkz-128 + svp-161. 
Initial slope = -0.059
dim = 231, dvol = 454.63428930493

After a sigma normalization,Slope = -0.058674
enumbs min_G_prec = 0.1
 Attack Estimation via simulation + probabilistic model (EnumBS in parallel)
v1. beta_start= 50, gap = 1, J = 100, J_gap = 1, cost_model = 2, max_loop = 5, threads = 2, G_prec = 1.000000e-03,  slope_prec = 1.000000e-04,  progressive_sieve = True, worst_case = 0, succ_prob = 0.999, Find minimal time cost strategy, average_case, practical_pnjbkz_d4f = 3, practical_pump_d4f = 2.
 
There's no strategy whose memory cost (42.497740 log(bit)) is below 38.900000 log(bit), the lowest memory cost strategy is:
bs = (slope = -3.280174e-02, G_BKZ = 1.484409e+01 log2(sec), B_BKZ = 3.886984e+01 log2(bit), cum-pr = 4.107797e-02, pump-{52,179,22}, G_dsvp = 2.188862e+01 log2(sec), B_dsvp = 4.237605e+01 bit, G = 2.189951e+01 log2(sec), B = 4.237605e+01 log2(bit),  min_GB.first = 2.189951e+01 log2(sec))
S(beta,jump,tours):[(73,8,1),(87,9,1),(117,10,2),(117,4,2),(128,4,1),(136,4,1),(142,4,1),(147,4,1)]
Min Cost = 21.90 log2(sec) = 3912096.65 s, Memory Cost = 42.50 log2(bit) = 722.94 GB 
EnumBS cost:6.7e+02s.



"lwechallenge/90-005.txt" exists.
-------------------------
Primal attack, TU LWE challenge n=90, m=8100, alpha=0.005, q=8101 
Chose 306 samples. Predict solution at bkz-127 + svp-156. 
Initial slope = -0.06
dim = 307, dvol = 807.55779063989

After a sigma normalization,Slope = -0.060246
enumbs min_G_prec = 0.1
 Attack Estimation via simulation + probabilistic model (EnumBS in parallel)
v1. beta_start= 50, gap = 1, J = 100, J_gap = 1, cost_model = 2, max_loop = 5, threads = 2, G_prec = 1.000000e-03,  slope_prec = 1.000000e-04,  progressive_sieve = True, worst_case = 0, succ_prob = 0.999, Find minimal time cost strategy, average_case, practical_pnjbkz_d4f = 3, practical_pump_d4f = 2.
 
There's no strategy whose memory cost (41.470526 log(bit)) is below 38.900000 log(bit), the lowest memory cost strategy is:
bs = (slope = -3.238477e-02, G_BKZ = 1.594707e+01 log2(sec), B_BKZ = 3.913363e+01 log2(bit), cum-pr = 8.616258e-02, pump-{134,173,22}, G_dsvp = 2.046344e+01 log2(sec), B_dsvp = 4.115232e+01 bit, G = 2.052514e+01 log2(sec), B = 4.115232e+01 log2(bit),  min_GB.first = 2.052514e+01 log2(sec))
S(beta,jump,tours):[(89,9,1),(90,9,1),(95,9,1),(114,10,1),(117,10,3),(118,4,2),(128,4,1),(130,4,1),(136,4,1),(141,4,1),(143,4,1)]
Min Cost = 20.53 log2(sec) = 1508976.76 s, Memory Cost = 41.47 log2(bit) = 354.72 GB 
EnumBS cost:1.2e+03s.



