New Strategy:
n = 45, alpha = 0.03, q = 2027, jump = 1, goal_margin = 1.50, MAX_TIME = inf h
[15.228624292904, 15.228624292904, 15.228624292904, 15.228624292904, 15.228624292904, 15.228624292904, 15.228624292904, 15.228624292904, 15.228624292904, 15.228624292904, 15.228624292904, 15.228624292904, 15.228624292904, 15.228624292904, 15.228624292904, 15.228624292904, 15.228624292904, 15.228624292904, 15.228624292904, 15.228624292904, 15.228624292904, 15.228624292904, 15.228624292904, 15.228624292904, 15.228624292904, 15.228624292904, 15.228624292904, 15.228624292904, 15.228624292904, 15.228624292904, 15.228624292904, 15.228624292904, 15.228624292904, 15.228624292904, 15.228624292904, 15.228624292904, 15.228624292904, 15.228624292904, 15.228624292904, 15.228624292904, 15.228624292904, 15.228624292904, 15.228624292904, 15.228624292904, 15.228624292904, 15.228624292904, 15.228624292904, 15.228624292904, 15.228624292904, 15.228624292904, 15.228624292904, 15.228624292904, 15.228624292904, 15.228624292904, 15.228624292904, 15.228624292904, 15.228624292904, 15.228624292904, 15.228624292904, 15.228624292904, 15.228624292904, 15.228624292904, 15.228624292904, 15.228624292904, 15.228624292904, 15.228624292904, 15.228624292904, 15.228624292904, 15.228624292904, 15.228624292904, 15.228624292904, 15.228624292904, 15.228624292904, 15.228624292904, 15.228624292904, 15.228624292904, 15.228624292904, 15.228624292904, 15.228624292904, 15.110491939818834, 15.07640094445521, 15.17156722122113, 15.112140088969115, 15.025637280541778, 14.970760173837757, 14.965344177910907, 14.788707264632603, 14.693916628324514, 14.540081758739024, 14.477711456727713, 14.506769587698589, 14.338416176196022, 14.278733713279676, 14.260623953838094, 14.066502081527455, 13.99461983871877, 13.989827545433199, 13.905338039769571, 13.873480602439576, 13.743316472503153, 13.827203197870778, 13.66955451755204, 13.447422553271432, 13.360529642156564, 13.367146821254543, 13.189471773290581, 13.09763974946365, 13.090656973950857, 13.163540198916483, 13.170157038671357, 13.032673749817915, 12.947236224424776, 12.838151693782622, 12.64999001156163, 12.58462326543823, 12.56529027057506, 12.30361218168117, 12.270929924618823, 12.375348922606833, 12.214470891678035, 12.034851912792519, 11.896030260915344, 11.843291345066094, 11.793839546346277, 11.55332935550525, 11.669487059899984, 11.528536839141637, 11.46752955207905, 11.378952534883352, 11.174945897009577, 11.119920827077769, 11.084360698352386, 10.878670947515044, 10.870702922497161, 10.885835473460746, 10.786824756515474, 10.669975692893832, 10.546969033488294, 10.49775490373967, 10.475624049213076, 10.420630796752562, 10.245053575606843, 10.24668463406688, 10.221763201935492, 9.958754813714595, 9.999000520468204, 9.88605024448113, 9.778955852654061, 9.82406987156086, 9.557618331307472, 9.466009214425616, 9.357332067211702, 9.184658894068601, 9.058833909024234, 9.170491825728815, 8.997217114565867, 8.95493356596185, 8.778816852587772, 8.700467887581722, 8.697483998460292, 8.651187349207957, 8.457021990784687, 8.503538194318374, 8.271085695344494, 8.190859977397885, 7.964898817757104, 8.141803258479964, 7.932632574885508, 7.69611793460494, 8.034552377796892, 7.966787372175603, 7.789684776401098, 7.66850656816442, 7.758169000210407, 7.564285727184185, 7.426141947712303, 7.236408533483089, 7.226044637123319, 7.192651867289801, 6.931967876772127, 6.9868576403065354, 6.91188982464993, 6.6989521788506465, 6.6869283249800215, 6.5139437631846375, 6.287290962066702, 6.306231624411612, 6.123014113507393, 6.003450292523566, 5.820711142738535, 5.8252700106295014, 5.631235638517538, 5.682871675054617, 5.511429498282358, 5.632189529108594, 5.46302945691919, 5.368834224644465, 5.329584548743104, 5.355639132625079, 5.347864716857197, 5.185516071478184, 5.112411993685923, 5.054092624137433, 5.00997569968688, 4.902711244178513, 5.006764985713163, 5.011697207548175, 4.836336533421014, 4.943391386087971, 4.783264098280583, 5.005665330396374]
Blocksize strategy selection process: -0.055959 --> -0.055959, len_BS = 1
Blocksize strategy selection process: -0.045757 --> -0.029653, len_BS = 117
Blocksize strategy selection process: -0.045580 --> -0.029651, len_BS = 206
Blocksize strategy selection process: -0.045401 --> -0.029651, len_BS = 270
Blocksize strategy selection process: -0.045224 --> -0.029651, len_BS = 339
Blocksize strategy selection process: -0.045046 --> -0.029651, len_BS = 405
Blocksize strategy selection process: -0.041268 --> -0.029651, len_BS = 466
Blocksize strategy selection process: -0.041151 --> -0.029651, len_BS = 505
Blocksize strategy selection process: -0.041078 --> -0.029651, len_BS = 562
Blocksize strategy selection process: -0.041033 --> -0.029651, len_BS = 605
Blocksize strategy selection process: -0.040962 --> -0.029651, len_BS = 655
Blocksize strategy selection process: -0.040915 --> -0.029651, len_BS = 701
Blocksize strategy selection process: -0.040890 --> -0.029651, len_BS = 742
Blocksize strategy selection process: -0.040845 --> -0.029651, len_BS = 742
Blocksize strategy selection process: -0.040796 --> -0.029651, len_BS = 783
Blocksize strategy selection process: -0.040775 --> -0.029651, len_BS = 829
Blocksize strategy selection process: -0.040727 --> -0.029651, len_BS = 829
Blocksize strategy selection process: -0.038858 --> -0.029651, len_BS = 873
Blocksize strategy selection process: -0.038807 --> -0.029651, len_BS = 803
Blocksize strategy selection process: -0.038736 --> -0.029651, len_BS = 840
Blocksize strategy selection process: -0.038685 --> -0.029651, len_BS = 888
Blocksize strategy selection process: -0.038634 --> -0.029651, len_BS = 920
Blocksize strategy selection process: -0.037780 --> -0.029651, len_BS = 957
Blocksize strategy selection process: -0.037746 --> -0.029651, len_BS = 1006
Blocksize strategy selection process: -0.037729 --> -0.029651, len_BS = 1035
Blocksize strategy selection process: -0.037677 --> -0.029651, len_BS = 1050
Blocksize strategy selection process: -0.037644 --> -0.029651, len_BS = 1096
Blocksize strategy selection process: -0.037628 --> -0.029651, len_BS = 1125
Blocksize strategy selection process: -0.037575 --> -0.029651, len_BS = 1145
Blocksize strategy selection process: -0.036747 --> -0.029651, len_BS = 1188
Blocksize strategy selection process: -0.036719 --> -0.029651, len_BS = 1157
Blocksize strategy selection process: -0.036706 --> -0.029651, len_BS = 1194
Blocksize strategy selection process: -0.036692 --> -0.029651, len_BS = 1219
Blocksize strategy selection process: -0.036678 --> -0.029651, len_BS = 1243
Blocksize strategy selection process: -0.036663 --> -0.029651, len_BS = 1269
Blocksize strategy selection process: -0.036650 --> -0.029651, len_BS = 1296
Blocksize strategy selection process: -0.036635 --> -0.029651, len_BS = 1318
Blocksize strategy selection process: -0.036623 --> -0.029651, len_BS = 1348
Blocksize strategy selection process: -0.036199 --> -0.029651, len_BS = 1370
Blocksize strategy selection process: -0.036190 --> -0.029651, len_BS = 1324
Blocksize strategy selection process: -0.036173 --> -0.029651, len_BS = 1351
Blocksize strategy selection process: -0.036164 --> -0.029651, len_BS = 1380
Blocksize strategy selection process: -0.036155 --> -0.029651, len_BS = 1402
Blocksize strategy selection process: -0.036010 --> -0.029651, len_BS = 1430
Blocksize strategy selection process: -0.036004 --> -0.029651, len_BS = 1419
Blocksize strategy selection process: -0.036001 --> -0.029651, len_BS = 1440
Blocksize strategy selection process: -0.035988 --> -0.029651, len_BS = 1451
Blocksize strategy selection process: -0.035982 --> -0.029651, len_BS = 1484
Blocksize strategy selection process: -0.035979 --> -0.029651, len_BS = 1501
Blocksize strategy selection process: -0.035921 --> -0.029651, len_BS = 1518
Blocksize strategy selection process: -0.035915 --> -0.029651, len_BS = 1565
Blocksize strategy selection process: -0.035913 --> -0.029651, len_BS = 1587
Blocksize strategy selection process: -0.035899 --> -0.029651, len_BS = 1600
Blocksize strategy selection process: -0.035893 --> -0.029651, len_BS = 1639
Blocksize strategy selection process: -0.035891 --> -0.029651, len_BS = 1658
Blocksize strategy selection process: -0.035877 --> -0.029651, len_BS = 1664
Blocksize strategy selection process: -0.035790 --> -0.029651, len_BS = 1699
Blocksize strategy selection process: -0.035785 --> -0.029651, len_BS = 1746
Blocksize strategy selection process: -0.035783 --> -0.029651, len_BS = 1756
Blocksize strategy selection process: -0.035780 --> -0.029651, len_BS = 1767
Blocksize strategy selection process: -0.035778 --> -0.029651, len_BS = 1780
Blocksize strategy selection process: -0.035775 --> -0.029651, len_BS = 1787
Blocksize strategy selection process: -0.035773 --> -0.029651, len_BS = 1794
Blocksize strategy selection process: -0.035771 --> -0.029651, len_BS = 1804
Blocksize strategy selection process: -0.035768 --> -0.029651, len_BS = 1815
Blocksize strategy selection process: -0.035691 --> -0.029651, len_BS = 1822
Blocksize strategy selection process: -0.035689 --> -0.029651, len_BS = 1865
Blocksize strategy selection process: -0.035686 --> -0.029651, len_BS = 1874
Blocksize strategy selection process: -0.035684 --> -0.029651, len_BS = 1879
Blocksize strategy selection process: -0.035679 --> -0.029651, len_BS = 1885
Blocksize strategy selection process: -0.035677 --> -0.029651, len_BS = 1909
Blocksize strategy selection process: -0.035675 --> -0.029651, len_BS = 1916
Blocksize strategy selection process: -0.035672 --> -0.029651, len_BS = 1922
Blocksize strategy selection process: -0.035670 --> -0.029651, len_BS = 1930
Blocksize strategy selection process: -0.035668 --> -0.029651, len_BS = 1940
Blocksize strategy selection process: -0.035620 --> -0.029651, len_BS = 1948
Blocksize strategy selection process: -0.035613 --> -0.029651, len_BS = 1976
Blocksize strategy selection process: -0.035611 --> -0.029651, len_BS = 2003
Blocksize strategy selection process: -0.035609 --> -0.029651, len_BS = 2024
Blocksize strategy selection process: -0.035608 --> -0.029651, len_BS = 2024
Blocksize strategy selection process: -0.035584 --> -0.029651, len_BS = 2024
Blocksize strategy selection process: -0.035583 --> -0.029651, len_BS = 2044
Blocksize strategy selection process: -0.035582 --> -0.029651, len_BS = 2046
Blocksize strategy selection process: -0.035580 --> -0.029651, len_BS = 2050
Blocksize strategy selection process: -0.035579 --> -0.029651, len_BS = 2055
Blocksize strategy selection process: -0.035532 --> -0.029651, len_BS = 2057
Blocksize strategy selection process: -0.035530 --> -0.029651, len_BS = 2092
Blocksize strategy selection process: -0.035527 --> -0.029651, len_BS = 2094
Blocksize strategy selection process: -0.035526 --> -0.029651, len_BS = 2103
Blocksize strategy selection process: -0.035525 --> -0.029651, len_BS = 2105
Blocksize strategy selection process: -0.035501 --> -0.029651, len_BS = 2112
Blocksize strategy selection process: -0.035500 --> -0.029651, len_BS = 2150
Blocksize strategy selection process: -0.035498 --> -0.029651, len_BS = 2154
Blocksize strategy selection process: -0.035497 --> -0.029651, len_BS = 2165
Blocksize strategy selection process: -0.035496 --> -0.029651, len_BS = 2167
Blocksize strategy selection process: -0.035448 --> -0.029651, len_BS = 2167
Blocksize strategy selection process: -0.035447 --> -0.029651, len_BS = 2198
Blocksize strategy selection process: -0.035444 --> -0.029651, len_BS = 2203
Blocksize strategy selection process: -0.035442 --> -0.029651, len_BS = 2212
Blocksize strategy selection process: -0.035441 --> -0.029651, len_BS = 2217
Blocksize strategy selection process: -0.035419 --> -0.029651, len_BS = 2221
Blocksize strategy selection process: -0.035418 --> -0.029651, len_BS = 2260
Blocksize strategy selection process: -0.035417 --> -0.029651, len_BS = 2262
Blocksize strategy selection process: -0.035415 --> -0.029651, len_BS = 2265
Blocksize strategy selection process: -0.035414 --> -0.029651, len_BS = 2271
Blocksize strategy selection process: -0.035364 --> -0.029651, len_BS = 2273
Blocksize strategy selection process: -0.035363 --> -0.029651, len_BS = 2301
Blocksize strategy selection process: -0.035360 --> -0.029651, len_BS = 2306
Blocksize strategy selection process: -0.035359 --> -0.029651, len_BS = 2308
Blocksize strategy selection process: -0.035358 --> -0.029651, len_BS = 2314
Blocksize strategy selection process: -0.035336 --> -0.029651, len_BS = 2317
Blocksize strategy selection process: -0.035335 --> -0.029651, len_BS = 2346
Blocksize strategy selection process: -0.035334 --> -0.029651, len_BS = 2347
Blocksize strategy selection process: -0.035332 --> -0.029651, len_BS = 2347
Blocksize strategy selection process: -0.035331 --> -0.029651, len_BS = 2350
Blocksize strategy selection process: -0.035280 --> -0.029651, len_BS = 2353
Blocksize strategy selection process: -0.035279 --> -0.029651, len_BS = 2364
Blocksize strategy selection process: -0.035276 --> -0.029651, len_BS = 2366
Blocksize strategy selection process: -0.035275 --> -0.029651, len_BS = 2373
Blocksize strategy selection process: -0.035273 --> -0.029651, len_BS = 2378
Blocksize strategy selection process: -0.035251 --> -0.029651, len_BS = 2378
Blocksize strategy selection process: -0.035250 --> -0.029651, len_BS = 2414
Blocksize strategy selection process: -0.035248 --> -0.029651, len_BS = 2415
Blocksize strategy selection process: -0.035247 --> -0.029651, len_BS = 2419
Blocksize strategy selection process: -0.035195 --> -0.029651, len_BS = 2420
Blocksize strategy selection process: -0.035194 --> -0.029651, len_BS = 2437
Blocksize strategy selection process: -0.035191 --> -0.029651, len_BS = 2439
Blocksize strategy selection process: -0.035190 --> -0.029651, len_BS = 2448
Blocksize strategy selection process: -0.035189 --> -0.029651, len_BS = 2452
Blocksize strategy selection process: -0.035167 --> -0.029651, len_BS = 2454
Blocksize strategy selection process: -0.035166 --> -0.029651, len_BS = 2489
Blocksize strategy selection process: -0.035164 --> -0.029651, len_BS = 2490
Blocksize strategy selection process: -0.035163 --> -0.029651, len_BS = 2496
Blocksize strategy selection process: -0.035110 --> -0.029651, len_BS = 2498
Blocksize strategy selection process: -0.035109 --> -0.029651, len_BS = 2521
Blocksize strategy selection process: -0.035105 --> -0.029651, len_BS = 2525
Blocksize strategy selection process: -0.035083 --> -0.029651, len_BS = 2531
Blocksize strategy selection process: -0.035082 --> -0.029651, len_BS = 2555
Blocksize strategy selection process: -0.035080 --> -0.029651, len_BS = 2557
Blocksize strategy selection process: -0.035079 --> -0.029651, len_BS = 2563
Blocksize strategy selection process: -0.035067 --> -0.029651, len_BS = 2565
Blocksize strategy selection process: -0.035066 --> -0.029651, len_BS = 2586
Blocksize strategy selection process: -0.035064 --> -0.029651, len_BS = 2587
Blocksize strategy selection process: -0.035063 --> -0.029651, len_BS = 2594
Blocksize strategy selection process: -0.034918 --> -0.029651, len_BS = 2594
Blocksize strategy selection process: -0.034916 --> -0.029651, len_BS = 2513
Blocksize strategy selection process: -0.034914 --> -0.029651, len_BS = 2515
Blocksize strategy selection process: -0.034912 --> -0.029651, len_BS = 2520
Blocksize strategy selection process: -0.034836 --> -0.029651, len_BS = 2522
Blocksize strategy selection process: -0.034834 --> -0.029651, len_BS = 2505
Blocksize strategy selection process: -0.034832 --> -0.029651, len_BS = 2508
Blocksize strategy selection process: -0.034830 --> -0.029651, len_BS = 2512
Blocksize strategy selection process: -0.034751 --> -0.029651, len_BS = 2515
Blocksize strategy selection process: -0.034748 --> -0.029651, len_BS = 2510
Blocksize strategy selection process: -0.034746 --> -0.029651, len_BS = 2514
Blocksize strategy selection process: -0.034651 --> -0.029651, len_BS = 2515
Blocksize strategy selection process: -0.034649 --> -0.029651, len_BS = 2494
Blocksize strategy selection process: -0.034648 --> -0.029651, len_BS = 2497
Blocksize strategy selection process: -0.034628 --> -0.029651, len_BS = 2498
Blocksize strategy selection process: -0.034627 --> -0.029651, len_BS = 2499
Blocksize strategy selection process: -0.034626 --> -0.029651, len_BS = 2500
Blocksize strategy selection process: -0.034613 --> -0.029651, len_BS = 2501
Blocksize strategy selection process: -0.034612 --> -0.029651, len_BS = 2520
Blocksize strategy selection process: -0.034611 --> -0.029651, len_BS = 2520
Blocksize strategy selection process: -0.034507 --> -0.029651, len_BS = 2523
Blocksize strategy selection process: -0.034506 --> -0.029651, len_BS = 2508
Blocksize strategy selection process: -0.034504 --> -0.029651, len_BS = 2509
Blocksize strategy selection process: -0.034503 --> -0.029651, len_BS = 2512
Blocksize strategy selection process: -0.034470 --> -0.029651, len_BS = 2517
Blocksize strategy selection process: -0.034469 --> -0.029651, len_BS = 2532
Blocksize strategy selection process: -0.034468 --> -0.029651, len_BS = 2535
Blocksize strategy selection process: -0.034467 --> -0.029651, len_BS = 2538
Blocksize strategy selection process: -0.034398 --> -0.029651, len_BS = 2538
Blocksize strategy selection process: -0.034384 --> -0.029651, len_BS = 2547
Blocksize strategy selection process: -0.034383 --> -0.029651, len_BS = 2569
Blocksize strategy selection process: -0.034371 --> -0.029651, len_BS = 2569
Blocksize strategy selection process: -0.034370 --> -0.029651, len_BS = 2590
Blocksize strategy selection process: -0.034311 --> -0.029651, len_BS = 2591
Blocksize strategy selection process: -0.034308 --> -0.029651, len_BS = 2596
Blocksize strategy selection process: -0.034224 --> -0.029651, len_BS = 2602
Blocksize strategy selection process: -0.034211 --> -0.029651, len_BS = 2591
Blocksize strategy selection process: -0.034199 --> -0.029651, len_BS = 2607
Blocksize strategy selection process: -0.034185 --> -0.029651, len_BS = 2620
Blocksize strategy selection process: -0.034153 --> -0.029651, len_BS = 2641
Blocksize strategy selection process: -0.034152 --> -0.029651, len_BS = 2661
Blocksize strategy selection process: -0.034150 --> -0.029651, len_BS = 2661
Blocksize strategy selection process: -0.034141 --> -0.029651, len_BS = 2663
Blocksize strategy selection process: -0.034140 --> -0.029651, len_BS = 2682
Blocksize strategy selection process: -0.034138 --> -0.029651, len_BS = 2683
Blocksize strategy selection process: -0.034129 --> -0.029651, len_BS = 2685
Blocksize strategy selection process: -0.034128 --> -0.029651, len_BS = 2699
Blocksize strategy selection process: -0.034126 --> -0.029651, len_BS = 2699
Blocksize strategy selection process: -0.034125 --> -0.029651, len_BS = 2703
Blocksize strategy selection process: -0.034117 --> -0.029651, len_BS = 2704
Blocksize strategy selection process: -0.034116 --> -0.029651, len_BS = 2719
Blocksize strategy selection process: -0.034114 --> -0.029651, len_BS = 2719
Blocksize strategy selection process: -0.034064 --> -0.029651, len_BS = 2720
Blocksize strategy selection process: -0.033964 --> -0.029651, len_BS = 2730
Blocksize strategy selection process: -0.033963 --> -0.029651, len_BS = 2727
Blocksize strategy selection process: -0.033961 --> -0.029651, len_BS = 2727
Blocksize strategy selection process: -0.033952 --> -0.029651, len_BS = 2727
Blocksize strategy selection process: -0.033951 --> -0.029651, len_BS = 2739
Blocksize strategy selection process: -0.033772 --> -0.029651, len_BS = 2739
Blocksize strategy selection process: -0.033771 --> -0.029651, len_BS = 2707
Blocksize strategy selection process: -0.033770 --> -0.029651, len_BS = 2709
Blocksize strategy selection process: -0.033685 --> -0.029651, len_BS = 2711
Blocksize strategy selection process: -0.033634 --> -0.029651, len_BS = 2709
Blocksize strategy selection process: -0.033633 --> -0.029651, len_BS = 2723
Blocksize strategy selection process: -0.033605 --> -0.029651, len_BS = 2725
Blocksize strategy selection process: -0.033604 --> -0.029651, len_BS = 2741
Blocksize strategy selection process: -0.033603 --> -0.029651, len_BS = 2741
Blocksize strategy selection process: -0.033602 --> -0.029651, len_BS = 2742
Blocksize strategy selection process: -0.033601 --> -0.029651, len_BS = 2742
Blocksize strategy selection process: -0.033573 --> -0.029651, len_BS = 2745
Blocksize strategy selection process: -0.033516 --> -0.029651, len_BS = 2763
Blocksize strategy selection process: -0.033457 --> -0.029651, len_BS = 2770
Blocksize strategy selection process: -0.033450 --> -0.029651, len_BS = 2780
Blocksize strategy selection process: -0.033449 --> -0.029651, len_BS = 2785
Blocksize strategy selection process: -0.033447 --> -0.029651, len_BS = 2785
Blocksize strategy selection process: -0.033440 --> -0.029651, len_BS = 2785
Blocksize strategy selection process: -0.033439 --> -0.029651, len_BS = 2792
Blocksize strategy selection process: -0.033437 --> -0.029651, len_BS = 2792
Blocksize strategy selection process: -0.033384 --> -0.029651, len_BS = 2792
Blocksize strategy selection process: -0.033381 --> -0.029651, len_BS = 2801
Blocksize strategy selection process: -0.033374 --> -0.029651, len_BS = 2802
Blocksize strategy selection process: -0.033372 --> -0.029651, len_BS = 2811
Blocksize strategy selection process: -0.033365 --> -0.029651, len_BS = 2811
Blocksize strategy selection process: -0.033316 --> -0.029651, len_BS = 2818
Blocksize strategy selection process: -0.033315 --> -0.029651, len_BS = 2833
Blocksize strategy selection process: -0.033220 --> -0.029651, len_BS = 2833
Blocksize strategy selection process: -0.033219 --> -0.029651, len_BS = 2839
Blocksize strategy selection process: -0.033213 --> -0.029651, len_BS = 2839
Blocksize strategy selection process: -0.033195 --> -0.029651, len_BS = 2844
Blocksize strategy selection process: -0.033136 --> -0.029651, len_BS = 2855
Blocksize strategy selection process: -0.033134 --> -0.029651, len_BS = 2869
Blocksize strategy selection process: -0.033034 --> -0.029651, len_BS = 2871
Blocksize strategy selection process: -0.033008 --> -0.029651, len_BS = 2871
Blocksize strategy selection process: -0.033007 --> -0.029651, len_BS = 2884
Blocksize strategy selection process: -0.033006 --> -0.029651, len_BS = 2884
Blocksize strategy selection process: -0.032941 --> -0.029651, len_BS = 2885
Blocksize strategy selection process: -0.032940 --> -0.029651, len_BS = 2891
Blocksize strategy selection process: -0.032889 --> -0.029651, len_BS = 2891
Blocksize strategy selection process: -0.032881 --> -0.029651, len_BS = 2899
Blocksize strategy selection process: -0.032880 --> -0.029651, len_BS = 2909
Blocksize strategy selection process: -0.032879 --> -0.029651, len_BS = 2909
Blocksize strategy selection process: -0.032848 --> -0.029651, len_BS = 2909
Blocksize strategy selection process: -0.032840 --> -0.029651, len_BS = 2920
Blocksize strategy selection process: -0.032820 --> -0.029651, len_BS = 2922
Blocksize strategy selection process: -0.032753 --> -0.029651, len_BS = 2935
Blocksize strategy selection process: -0.032736 --> -0.029651, len_BS = 2948
Blocksize strategy selection process: -0.032619 --> -0.029651, len_BS = 2954
Blocksize strategy selection process: -0.032506 --> -0.029651, len_BS = 2952
Blocksize strategy selection process: -0.032505 --> -0.029651, len_BS = 2949
Blocksize strategy selection process: -0.032494 --> -0.029651, len_BS = 2949
Blocksize strategy selection process: -0.032487 --> -0.029651, len_BS = 2952
Blocksize strategy selection process: -0.032485 --> -0.029651, len_BS = 2955
Blocksize strategy selection process: -0.032484 --> -0.029651, len_BS = 2956
Blocksize strategy selection process: -0.032479 --> -0.029651, len_BS = 2957
Blocksize strategy selection process: -0.032370 --> -0.029651, len_BS = 2960
Blocksize strategy selection process: -0.032369 --> -0.029651, len_BS = 2971
Blocksize strategy selection process: -0.032285 --> -0.029651, len_BS = 2972
Blocksize strategy selection process: -0.032213 --> -0.029651, len_BS = 2977
Blocksize strategy selection process: -0.032212 --> -0.029651, len_BS = 2981
Blocksize strategy selection process: -0.032211 --> -0.029651, len_BS = 2981
Blocksize strategy selection process: -0.032200 --> -0.029651, len_BS = 2982
Blocksize strategy selection process: -0.032199 --> -0.029651, len_BS = 2983
Blocksize strategy selection process: -0.032181 --> -0.029651, len_BS = 2983
Blocksize strategy selection process: -0.032160 --> -0.029651, len_BS = 2989
Blocksize strategy selection process: -0.032154 --> -0.029651, len_BS = 2992
Blocksize strategy selection process: -0.032148 --> -0.029651, len_BS = 2995
Blocksize strategy selection process: -0.032139 --> -0.029651, len_BS = 2998
Blocksize strategy selection process: -0.032137 --> -0.029651, len_BS = 3001
Blocksize strategy selection process: -0.032136 --> -0.029651, len_BS = 3001
Blocksize strategy selection process: -0.032040 --> -0.029651, len_BS = 3001
Blocksize strategy selection process: -0.031979 --> -0.029651, len_BS = 3001
Blocksize strategy selection process: -0.031973 --> -0.029651, len_BS = 3005
Blocksize strategy selection process: -0.031968 --> -0.029651, len_BS = 3006
Blocksize strategy selection process: -0.031927 --> -0.029651, len_BS = 3007
Blocksize strategy selection process: -0.031838 --> -0.029651, len_BS = 3014
Blocksize strategy selection process: -0.031837 --> -0.029651, len_BS = 3020
Blocksize strategy selection process: -0.031823 --> -0.029651, len_BS = 3020
Blocksize strategy selection process: -0.031808 --> -0.029651, len_BS = 3023
Blocksize strategy selection process: -0.031807 --> -0.029651, len_BS = 3023
Blocksize strategy selection process: -0.031806 --> -0.029651, len_BS = 3023
Blocksize strategy selection process: -0.031781 --> -0.029651, len_BS = 3023
Blocksize strategy selection process: -0.031780 --> -0.029651, len_BS = 3028
Blocksize strategy selection process: -0.031690 --> -0.029651, len_BS = 3028
Blocksize strategy selection process: -0.031689 --> -0.029651, len_BS = 3031
Blocksize strategy selection process: -0.031685 --> -0.029651, len_BS = 3031
Blocksize strategy selection process: -0.031680 --> -0.029651, len_BS = 3033
Blocksize strategy selection process: -0.031671 --> -0.029651, len_BS = 3034
Blocksize strategy selection process: -0.031544 --> -0.029651, len_BS = 3037
Blocksize strategy selection process: -0.031496 --> -0.029651, len_BS = 3043
Blocksize strategy selection process: -0.031461 --> -0.029651, len_BS = 3048
Blocksize strategy selection process: -0.031460 --> -0.029651, len_BS = 3051
Blocksize strategy selection process: -0.031458 --> -0.029651, len_BS = 3051
Blocksize strategy selection process: -0.031442 --> -0.029651, len_BS = 3052
Blocksize strategy selection process: -0.031401 --> -0.029651, len_BS = 3054
Blocksize strategy selection process: -0.031349 --> -0.029651, len_BS = 3058
Blocksize strategy selection process: -0.031348 --> -0.029651, len_BS = 3063
Blocksize strategy selection process: -0.031347 --> -0.029651, len_BS = 3063
Blocksize strategy selection process: -0.031323 --> -0.029651, len_BS = 3063
Blocksize strategy selection process: -0.031304 --> -0.029651, len_BS = 3065
Blocksize strategy selection process: -0.031297 --> -0.029651, len_BS = 3068
Blocksize strategy selection process: -0.031278 --> -0.029651, len_BS = 3068
Blocksize strategy selection process: -0.031225 --> -0.029651, len_BS = 3070
Blocksize strategy selection process: -0.031221 --> -0.029651, len_BS = 3075
Blocksize strategy selection process: -0.031218 --> -0.029651, len_BS = 3075
Blocksize strategy selection process: -0.031139 --> -0.029651, len_BS = 3076
Blocksize strategy selection process: -0.031070 --> -0.029651, len_BS = 3079
Blocksize strategy selection process: -0.031069 --> -0.029651, len_BS = 3081
Blocksize strategy selection process: -0.031037 --> -0.029651, len_BS = 3081
Blocksize strategy selection process: -0.030981 --> -0.029651, len_BS = 3082
Blocksize strategy selection process: -0.030979 --> -0.029651, len_BS = 3083
Blocksize strategy selection process: -0.030978 --> -0.029651, len_BS = 3083
Blocksize strategy selection process: -0.030939 --> -0.029651, len_BS = 3083
Blocksize strategy selection process: -0.030919 --> -0.029651, len_BS = 3086
Blocksize strategy selection process: -0.030901 --> -0.029651, len_BS = 3088
Blocksize strategy selection process: -0.030897 --> -0.029651, len_BS = 3088
Blocksize strategy selection process: -0.030884 --> -0.029651, len_BS = 3088
Blocksize strategy selection process: -0.030844 --> -0.029651, len_BS = 3088
Blocksize strategy selection process: -0.030838 --> -0.029651, len_BS = 3088
Blocksize strategy selection process: -0.030825 --> -0.029651, len_BS = 3088
Blocksize strategy selection process: -0.030790 --> -0.029651, len_BS = 3088
Blocksize strategy selection process: -0.030784 --> -0.029651, len_BS = 3088
Blocksize strategy selection process: -0.030783 --> -0.029651, len_BS = 3088
Blocksize strategy selection process: -0.030749 --> -0.029651, len_BS = 3088
Blocksize strategy selection process: -0.030738 --> -0.029651, len_BS = 3089
Blocksize strategy selection process: -0.030732 --> -0.029651, len_BS = 3091
Blocksize strategy selection process: -0.030722 --> -0.029651, len_BS = 3091
Blocksize strategy selection process: -0.030655 --> -0.029651, len_BS = 3091
Blocksize strategy selection process: -0.030621 --> -0.029651, len_BS = 3093
Blocksize strategy selection process: -0.030620 --> -0.029651, len_BS = 3094
Blocksize strategy selection process: -0.030617 --> -0.029651, len_BS = 3094
Blocksize strategy selection process: -0.030615 --> -0.029651, len_BS = 3094
Blocksize strategy selection process: -0.030614 --> -0.029651, len_BS = 3094
Blocksize strategy selection process: -0.030613 --> -0.029651, len_BS = 3094
Blocksize strategy selection process: -0.030611 --> -0.029651, len_BS = 3094
Blocksize strategy selection process: -0.030609 --> -0.029651, len_BS = 3094
Blocksize strategy selection process: -0.030608 --> -0.029651, len_BS = 3094
Blocksize strategy selection process: -0.030607 --> -0.029651, len_BS = 3094
Blocksize strategy selection process: -0.030606 --> -0.029651, len_BS = 3094
Blocksize strategy selection process: -0.030605 --> -0.029651, len_BS = 3094
Blocksize strategy selection process: -0.030604 --> -0.029651, len_BS = 3094
Blocksize strategy selection process: -0.030603 --> -0.029651, len_BS = 3094
Blocksize strategy selection process: -0.030540 --> -0.029651, len_BS = 3094
Blocksize strategy selection process: -0.030518 --> -0.029651, len_BS = 3095
Blocksize strategy selection process: -0.030500 --> -0.029651, len_BS = 3096
Blocksize strategy selection process: -0.030498 --> -0.029651, len_BS = 3096
Blocksize strategy selection process: -0.030496 --> -0.029651, len_BS = 3096
Blocksize strategy selection process: -0.030464 --> -0.029651, len_BS = 3096
Blocksize strategy selection process: -0.030446 --> -0.029651, len_BS = 3097
Blocksize strategy selection process: -0.030441 --> -0.029651, len_BS = 3097
Blocksize strategy selection process: -0.030432 --> -0.029651, len_BS = 3097
Blocksize strategy selection process: -0.030398 --> -0.029651, len_BS = 3098
Blocksize strategy selection process: -0.030396 --> -0.029651, len_BS = 3099
Blocksize strategy selection process: -0.030390 --> -0.029651, len_BS = 3099
Blocksize strategy selection process: -0.030387 --> -0.029651, len_BS = 3099
Blocksize strategy selection process: -0.030378 --> -0.029651, len_BS = 3099
Blocksize strategy selection process: -0.030372 --> -0.029651, len_BS = 3099
Blocksize strategy selection process: -0.030371 --> -0.029651, len_BS = 3099
Blocksize strategy selection process: -0.030370 --> -0.029651, len_BS = 3099
Blocksize strategy selection process: -0.030369 --> -0.029651, len_BS = 3099
Blocksize strategy selection process: -0.030368 --> -0.029651, len_BS = 3099
Blocksize strategy selection process: -0.030365 --> -0.029651, len_BS = 3099
Blocksize strategy selection process: -0.030338 --> -0.029651, len_BS = 3099
Blocksize strategy selection process: -0.030300 --> -0.029651, len_BS = 3099
Blocksize strategy selection process: -0.030279 --> -0.029651, len_BS = 3100
Blocksize strategy selection process: -0.030278 --> -0.029651, len_BS = 3100
Blocksize strategy selection process: -0.030277 --> -0.029651, len_BS = 3100
Blocksize strategy selection process: -0.030276 --> -0.029651, len_BS = 3100
Blocksize strategy selection process: -0.030275 --> -0.029651, len_BS = 3100
Blocksize strategy selection process: -0.030274 --> -0.029651, len_BS = 3100
Blocksize strategy selection process: -0.030273 --> -0.029651, len_BS = 3100
Blocksize strategy selection process: -0.030246 --> -0.029651, len_BS = 3100
Blocksize strategy selection process: -0.030234 --> -0.029651, len_BS = 3101
Blocksize strategy selection process: -0.030233 --> -0.029651, len_BS = 3101
Blocksize strategy selection process: -0.030232 --> -0.029651, len_BS = 3101
Blocksize strategy selection process: -0.030183 --> -0.029651, len_BS = 3101
Blocksize strategy selection process: -0.030182 --> -0.029651, len_BS = 3101
Blocksize strategy selection process: -0.030181 --> -0.029651, len_BS = 3101
Blocksize strategy selection process: -0.030180 --> -0.029651, len_BS = 3101
Blocksize strategy selection process: -0.030179 --> -0.029651, len_BS = 3101
Blocksize strategy selection process: -0.030178 --> -0.029651, len_BS = 3101
Blocksize strategy selection process: -0.030177 --> -0.029651, len_BS = 3101
Blocksize strategy selection process: -0.030176 --> -0.029651, len_BS = 3101
Blocksize strategy selection process: -0.030175 --> -0.029651, len_BS = 3101
Blocksize strategy selection process: -0.030174 --> -0.029651, len_BS = 3101
Blocksize strategy selection process: -0.030151 --> -0.029651, len_BS = 3101
Blocksize strategy selection process: -0.030150 --> -0.029651, len_BS = 3103
Blocksize strategy selection process: -0.030149 --> -0.029651, len_BS = 3103
Blocksize strategy selection process: -0.030148 --> -0.029651, len_BS = 3103
Blocksize strategy selection process: -0.030147 --> -0.029651, len_BS = 3103
Blocksize strategy selection process: -0.030146 --> -0.029651, len_BS = 3103
Blocksize strategy selection process: -0.030145 --> -0.029651, len_BS = 3103
Blocksize strategy selection process: -0.030144 --> -0.029651, len_BS = 3103
Blocksize strategy selection process: -0.030143 --> -0.029651, len_BS = 3103
Blocksize strategy selection process: -0.030142 --> -0.029651, len_BS = 3103
Blocksize strategy selection process: -0.030140 --> -0.029651, len_BS = 3103
Blocksize strategy selection process: -0.030139 --> -0.029651, len_BS = 3103
Blocksize strategy selection process: -0.030138 --> -0.029651, len_BS = 3103
Blocksize strategy selection process: -0.030137 --> -0.029651, len_BS = 3103
Blocksize strategy selection process: -0.030136 --> -0.029651, len_BS = 3103
Blocksize strategy selection process: -0.030135 --> -0.029651, len_BS = 3103
Blocksize strategy selection process: -0.030134 --> -0.029651, len_BS = 3103
Blocksize strategy selection process: -0.030111 --> -0.029651, len_BS = 3103
Blocksize strategy selection process: -0.030110 --> -0.029651, len_BS = 3103
Blocksize strategy selection process: -0.030109 --> -0.029651, len_BS = 3103
Blocksize strategy selection process: -0.030108 --> -0.029651, len_BS = 3103
Blocksize strategy selection process: -0.030107 --> -0.029651, len_BS = 3103
Blocksize strategy selection process: -0.030106 --> -0.029651, len_BS = 3103
Blocksize strategy selection process: -0.030105 --> -0.029651, len_BS = 3103
Blocksize strategy selection process: -0.030104 --> -0.029651, len_BS = 3103
Blocksize strategy selection process: -0.030103 --> -0.029651, len_BS = 3103
Blocksize strategy selection process: -0.030102 --> -0.029651, len_BS = 3103
Blocksize strategy selection process: -0.030101 --> -0.029651, len_BS = 3103
Blocksize strategy selection process: -0.030099 --> -0.029651, len_BS = 3103
Blocksize strategy selection process: -0.030098 --> -0.029651, len_BS = 3103
Blocksize strategy selection process: -0.030097 --> -0.029651, len_BS = 3103
Blocksize strategy selection process: -0.030096 --> -0.029651, len_BS = 3103
Blocksize strategy selection process: -0.030095 --> -0.029651, len_BS = 3103
Blocksize strategy selection process: -0.030094 --> -0.029651, len_BS = 3103
Blocksize strategy selection process: -0.030072 --> -0.029651, len_BS = 3103
Blocksize strategy selection process: -0.030071 --> -0.029651, len_BS = 3103
Blocksize strategy selection process: -0.030070 --> -0.029651, len_BS = 3103
Blocksize strategy selection process: -0.030069 --> -0.029651, len_BS = 3103
Blocksize strategy selection process: -0.030068 --> -0.029651, len_BS = 3103
Blocksize strategy selection process: -0.030067 --> -0.029651, len_BS = 3103
Blocksize strategy selection process: -0.030066 --> -0.029651, len_BS = 3103
Blocksize strategy selection process: -0.030065 --> -0.029651, len_BS = 3103
Blocksize strategy selection process: -0.030064 --> -0.029651, len_BS = 3103
Blocksize strategy selection process: -0.030063 --> -0.029651, len_BS = 3103
Blocksize strategy selection process: -0.030062 --> -0.029651, len_BS = 3103
Blocksize strategy selection process: -0.030060 --> -0.029651, len_BS = 3103
Blocksize strategy selection process: -0.030059 --> -0.029651, len_BS = 3103
Blocksize strategy selection process: -0.030058 --> -0.029651, len_BS = 3103
Blocksize strategy selection process: -0.030057 --> -0.029651, len_BS = 3103
Blocksize strategy selection process: -0.030056 --> -0.029651, len_BS = 3103
Blocksize strategy selection process: -0.030035 --> -0.029651, len_BS = 3103
Blocksize strategy selection process: -0.030034 --> -0.029651, len_BS = 3103
Blocksize strategy selection process: -0.030033 --> -0.029651, len_BS = 3103
Blocksize strategy selection process: -0.030031 --> -0.029651, len_BS = 3103
Blocksize strategy selection process: -0.030030 --> -0.029651, len_BS = 3103
Blocksize strategy selection process: -0.030029 --> -0.029651, len_BS = 3103
Blocksize strategy selection process: -0.030028 --> -0.029651, len_BS = 3103
Blocksize strategy selection process: -0.030027 --> -0.029651, len_BS = 3103
Blocksize strategy selection process: -0.030026 --> -0.029651, len_BS = 3103
Blocksize strategy selection process: -0.030025 --> -0.029651, len_BS = 3103
Blocksize strategy selection process: -0.030024 --> -0.029651, len_BS = 3103
Blocksize strategy selection process: -0.029985 --> -0.029651, len_BS = 3103
Blocksize strategy selection process: -0.029984 --> -0.029651, len_BS = 3104
Blocksize strategy selection process: -0.029978 --> -0.029651, len_BS = 3104
Blocksize strategy selection process: -0.029977 --> -0.029651, len_BS = 3104
Blocksize strategy selection process: -0.029971 --> -0.029651, len_BS = 3104
Blocksize strategy selection process: -0.029970 --> -0.029651, len_BS = 3104
Blocksize strategy selection process: -0.029968 --> -0.029651, len_BS = 3104
Blocksize strategy selection process: -0.029967 --> -0.029651, len_BS = 3104
Blocksize strategy selection process: -0.029966 --> -0.029651, len_BS = 3104
Blocksize strategy selection process: -0.029965 --> -0.029651, len_BS = 3104
Blocksize strategy selection process: -0.029964 --> -0.029651, len_BS = 3104
Blocksize strategy selection process: -0.029963 --> -0.029651, len_BS = 3104
Blocksize strategy selection process: -0.029962 --> -0.029651, len_BS = 3104
Blocksize strategy selection process: -0.029961 --> -0.029651, len_BS = 3104
Blocksize strategy selection process: -0.029959 --> -0.029651, len_BS = 3104
Blocksize strategy selection process: -0.029958 --> -0.029651, len_BS = 3104
Blocksize strategy selection process: -0.029957 --> -0.029651, len_BS = 3104
Blocksize strategy selection process: -0.029956 --> -0.029651, len_BS = 3104
Blocksize strategy selection process: -0.029955 --> -0.029651, len_BS = 3104
Blocksize strategy selection process: -0.029954 --> -0.029651, len_BS = 3104
Blocksize strategy selection process: -0.029953 --> -0.029651, len_BS = 3104
Blocksize strategy selection process: -0.029952 --> -0.029651, len_BS = 3105
Blocksize strategy selection process: -0.029951 --> -0.029651, len_BS = 3105
Blocksize strategy selection process: -0.029933 --> -0.029651, len_BS = 3105
Blocksize strategy selection process: -0.029932 --> -0.029651, len_BS = 3105
Blocksize strategy selection process: -0.029931 --> -0.029651, len_BS = 3105
Blocksize strategy selection process: -0.029930 --> -0.029651, len_BS = 3105
Blocksize strategy selection process: -0.029929 --> -0.029651, len_BS = 3105
Blocksize strategy selection process: -0.029928 --> -0.029651, len_BS = 3105
Blocksize strategy selection process: -0.029927 --> -0.029651, len_BS = 3105
Blocksize strategy selection process: -0.029926 --> -0.029651, len_BS = 3105
Blocksize strategy selection process: -0.029925 --> -0.029651, len_BS = 3105
Blocksize strategy selection process: -0.029924 --> -0.029651, len_BS = 3105
Blocksize strategy selection process: -0.029923 --> -0.029651, len_BS = 3105
Blocksize strategy selection process: -0.029922 --> -0.029651, len_BS = 3105
Blocksize strategy selection process: -0.029921 --> -0.029651, len_BS = 3105
Blocksize strategy selection process: -0.029920 --> -0.029651, len_BS = 3105
Blocksize strategy selection process: -0.029903 --> -0.029651, len_BS = 3105
Blocksize strategy selection process: -0.029901 --> -0.029651, len_BS = 3105
Blocksize strategy selection process: -0.029900 --> -0.029651, len_BS = 3105
Blocksize strategy selection process: -0.029899 --> -0.029651, len_BS = 3105
Blocksize strategy selection process: -0.029898 --> -0.029651, len_BS = 3105
Blocksize strategy selection process: -0.029897 --> -0.029651, len_BS = 3105
Blocksize strategy selection process: -0.029896 --> -0.029651, len_BS = 3105
Blocksize strategy selection process: -0.029895 --> -0.029651, len_BS = 3105
Blocksize strategy selection process: -0.029894 --> -0.029651, len_BS = 3105
Blocksize strategy selection process: -0.029893 --> -0.029651, len_BS = 3105
Blocksize strategy selection process: -0.029892 --> -0.029651, len_BS = 3105
Blocksize strategy selection process: -0.029891 --> -0.029651, len_BS = 3106
Blocksize strategy selection process: -0.029890 --> -0.029651, len_BS = 3106
Blocksize strategy selection process: -0.029889 --> -0.029651, len_BS = 3106
Blocksize strategy selection process: -0.029888 --> -0.029651, len_BS = 3106
Blocksize strategy selection process: -0.029872 --> -0.029651, len_BS = 3106
Blocksize strategy selection process: -0.029870 --> -0.029651, len_BS = 3106
Blocksize strategy selection process: -0.029869 --> -0.029651, len_BS = 3106
Blocksize strategy selection process: -0.029868 --> -0.029651, len_BS = 3106
Blocksize strategy selection process: -0.029867 --> -0.029651, len_BS = 3106
Blocksize strategy selection process: -0.029866 --> -0.029651, len_BS = 3106
Blocksize strategy selection process: -0.029865 --> -0.029651, len_BS = 3106
Blocksize strategy selection process: -0.029821 --> -0.029651, len_BS = 3106
Blocksize strategy selection process: -0.029793 --> -0.029651, len_BS = 3106
Blocksize strategy selection process: -0.029792 --> -0.029651, len_BS = 3106
Blocksize strategy selection process: -0.029791 --> -0.029651, len_BS = 3106
Blocksize strategy selection process: -0.029790 --> -0.029651, len_BS = 3106
Blocksize strategy selection process: -0.029789 --> -0.029651, len_BS = 3106
Blocksize strategy selection process: -0.029788 --> -0.029651, len_BS = 3106
Blocksize strategy selection process: -0.029787 --> -0.029651, len_BS = 3106
Blocksize strategy selection process: -0.029786 --> -0.029651, len_BS = 3106
Blocksize strategy selection process: -0.029785 --> -0.029651, len_BS = 3106
Blocksize strategy selection process: -0.029784 --> -0.029651, len_BS = 3106
Blocksize strategy selection process: -0.029773 --> -0.029651, len_BS = 3106
Blocksize strategy selection process: -0.029772 --> -0.029651, len_BS = 3106
Blocksize strategy selection process: -0.029770 --> -0.029651, len_BS = 3106
Blocksize strategy selection process: -0.029768 --> -0.029651, len_BS = 3106
Blocksize strategy selection process: -0.029767 --> -0.029651, len_BS = 3106
Blocksize strategy selection process: -0.029766 --> -0.029651, len_BS = 3106
Blocksize strategy selection process: -0.029765 --> -0.029651, len_BS = 3106
Blocksize strategy selection process: -0.029764 --> -0.029651, len_BS = 3106
Blocksize strategy selection process: -0.029763 --> -0.029651, len_BS = 3106
Blocksize strategy selection process: -0.029762 --> -0.029651, len_BS = 3106
Blocksize strategy selection process: -0.029761 --> -0.029651, len_BS = 3106
Blocksize strategy selection process: -0.029751 --> -0.029651, len_BS = 3106
Blocksize strategy selection process: -0.029750 --> -0.029651, len_BS = 3106
Blocksize strategy selection process: -0.029749 --> -0.029651, len_BS = 3106
Blocksize strategy selection process: -0.029748 --> -0.029651, len_BS = 3106
Blocksize strategy selection process: -0.029746 --> -0.029651, len_BS = 3106
Blocksize strategy selection process: -0.029745 --> -0.029651, len_BS = 3106
Blocksize strategy selection process: -0.029735 --> -0.029651, len_BS = 3106
Blocksize strategy selection process: -0.029734 --> -0.029651, len_BS = 3106
Blocksize strategy selection process: -0.029730 --> -0.029651, len_BS = 3106
Blocksize strategy selection process: -0.029729 --> -0.029651, len_BS = 3106
Blocksize strategy selection process: -0.029727 --> -0.029651, len_BS = 3106
Blocksize strategy selection process: -0.029726 --> -0.029651, len_BS = 3106
Blocksize strategy selection process: -0.029725 --> -0.029651, len_BS = 3106
Blocksize strategy selection process: -0.029716 --> -0.029651, len_BS = 3106
Blocksize strategy selection process: -0.029715 --> -0.029651, len_BS = 3106
Blocksize strategy selection process: -0.029713 --> -0.029651, len_BS = 3106
Blocksize strategy selection process: -0.029712 --> -0.029651, len_BS = 3106
Blocksize strategy selection process: -0.029688 --> -0.029651, len_BS = 3106
Blocksize strategy selection process: -0.029676 --> -0.029651, len_BS = 3106
Blocksize strategy selection process: -0.029675 --> -0.029651, len_BS = 3106
Blocksize strategy selection process: -0.029673 --> -0.029651, len_BS = 3106
Blocksize strategy selection process: -0.029672 --> -0.029651, len_BS = 3106
Blocksize strategy selection process: -0.029671 --> -0.029651, len_BS = 3106
Blocksize strategy selection process: -0.029670 --> -0.029651, len_BS = 3106
Blocksize strategy selection process: -0.029669 --> -0.029651, len_BS = 3106
Blocksize strategy selection process: -0.029665 --> -0.029651, len_BS = 3106
Blocksize strategy selection process: -0.029660 --> -0.029651, len_BS = 3106
Blocksize strategy selection process: -0.029657 --> -0.029651, len_BS = 3106
Blocksize strategy selection process: -0.029656 --> -0.029651, len_BS = 3106
Blocksize strategy selection process: -0.029655 --> -0.029651, len_BS = 3106
Blocksize strategy selection process: -0.029653 --> -0.029651, len_BS = 3106
Blocksize strategy selection process: -0.029651 --> -0.029651, len_BS = 3106
len(BS) = 3106
Time cost for generating Strategy: 224.853024 s
[15.228624292904,15.228624292904,15.222699590098966,15.191803876744359,15.160874399176752,15.129909145503074,15.0989060727727,15.067863105809938,15.036778136001228,15.005649020035285,14.974473578594242,14.943249594994146,14.911974813772815,14.880646939223368,14.84926363387169,14.817822516896186,14.786321162488349,14.75475709815285,14.723127802946127,14.691430705652781,14.659663182899493,14.62782255720688,14.595906094980212,14.563911004441117,14.53183443350325,14.499673467596551,14.467463098461838,14.435355234193821,14.403233734072472,14.371072175152111,14.338830547656304,14.3064938654442,14.274064314228529,14.241528475289336,14.208921662691782,14.176196273057716,14.143371704399883,14.110411787373874,14.077367139328864,14.044188071714174,14.010885871620697,13.97745048046454,13.943891080251383,13.910201832727779,13.876368673971513,13.842406845093066,13.808294235016401,13.774040626435031,13.739623695143614,13.705066001341585,13.670351293454274,13.63547259757732,13.60041951096061,13.565197227699525,13.529819106008677,13.494266307720075,13.458562765486061,13.422665694494409,13.38658904830518,13.350335451831501,13.313884093594215,13.277264022504088,13.24043601700231,13.203424441301273,13.166237977994246,13.128860105656884,13.091279252262122,13.053515175730677,13.015587423334587,12.97761687860542,12.939724950993845,12.917479030325747,12.895124089646583,12.872658916037917,12.850082275341226,12.827392911649689,12.804589546784587,12.781670879755744,12.758635586205418,12.735482317835043,12.712209701814164,12.688816340170941,12.665300809163465,12.641661658631216,12.617897411325888,12.594006562220777,12.569987577797942,12.545838895312217,12.521558922031272,12.497146034450655,12.47259857748296,12.447914863619987,12.423093172066892,12.39813174784717,12.37302880087728,12.347782505009732,12.322390997043286,12.296852375698963,12.271164700560423,12.24532599097725,12.219334224929586,12.193187337852489,12.16688322141831,12.140419722275336,12.113794640740773,12.087005729446139,12.060050691933053,12.032927181197174,12.005632798178096,11.978165090192809,11.95052154931022,11.92269961066414,11.894696650701963,11.866509985366228,11.838136868205934,11.809574488414537,11.780819968791233,11.751870363622052,11.722722656477112,11.693373757920135,11.663820503126223,11.634059649403628,11.604087873615073,11.573901769493933,11.543497844850425,11.512872518662606,11.482022118046864,11.450942875102216,11.419630923622556,11.38808229567065,11.35629291800746,11.324258608370066,11.291975071591148,11.259437895552756,11.22664254696677,11.193584366974145,11.160258566554823,11.126660221739892,11.0927842686173,11.058625498122293,11.024178550603455,10.989437910155228,10.954397898707578,10.919052669863577,10.88339620247576,10.847422293952278,10.811124553284378,10.77449639378718,10.737531025546675,10.700221447566856,10.662560439612498,10.624540553744904,10.586154105550458,10.547393165065056,10.508249547401206,10.468714803089872,10.428780208155043,10.388436753946968,10.347675136769416,10.30648574734827,10.264858660203451,10.222783623004283,10.180250046010977,10.137246991732527,10.093763164965793,10.049786903423174,10.010660082366467,9.992902899435286,9.958872379847802,9.921102589065965,9.87765136100754,9.832007018513584,9.786575806798615,9.739159686566477,9.696616561798287,9.647290387052784,9.600580755067375,9.548672066496527,9.503765075791552,9.45176726842142,9.401226521298112,9.34914438136704,9.298223713173126,9.246355842187146,9.1923751108584,9.140399464875015,9.085177487047314,9.031184087807,8.973901977109312,8.919637531821557,8.862940851994868,8.805103837567952,8.745636047385144,8.686726233912083,8.62953073205383,8.569523210079742,8.512715515488425,8.449724418427307,8.38850724457755,8.32748060828089,8.263342603138057,8.203102732650628,8.137163909517236,8.074452505919995,8.012781777775063,7.948606641189996,7.882608439759724,7.819193124091993,7.758350750645965,7.714389279286521,7.68750374813712]
MinStrategy is: [87, 87, 107, 117, 132, 141] + pump(47,164,23) , ['87 * 2 (-0.041268) , cost = 466.1644 s', '107 * 1 (-0.037780) , cost = 523.3728 s', '117 * 1 (-0.036010) , cost = 1164.6617 s', '132 * 1 (-0.034398) , cost = 41410.1048 s', '141 * 1 (-0.033434) , cost = 318668.1337 s'] + pump(47,164,23)
[87,87,107,117,132,141]
Time cost for pnj-BKZ = 100.62 h,
Time cost for pump = 496.01 h,
Total time cost = 596.63 h.
