New Strategy:
n = 60, alpha = 0.015, q = 3607, jump = 1, goal_margin = 1.50, MAX_TIME = inf h
[16.38126336180708, 16.38126336180708, 16.38126336180708, 16.38126336180708, 16.38126336180708, 16.38126336180708, 16.38126336180708, 16.38126336180708, 16.38126336180708, 16.38126336180708, 16.38126336180708, 16.38126336180708, 16.38126336180708, 16.38126336180708, 16.38126336180708, 16.38126336180708, 16.38126336180708, 16.38126336180708, 16.38126336180708, 16.38126336180708, 16.38126336180708, 16.38126336180708, 16.38126336180708, 16.38126336180708, 16.38126336180708, 16.38126336180708, 16.38126336180708, 16.38126336180708, 16.38126336180708, 16.38126336180708, 16.38126336180708, 16.38126336180708, 16.38126336180708, 16.38126336180708, 16.38126336180708, 16.38126336180708, 16.38126336180708, 16.38126336180708, 16.38126336180708, 16.38126336180708, 16.38126336180708, 16.38126336180708, 16.38126336180708, 16.38126336180708, 16.38126336180708, 16.38126336180708, 16.38126336180708, 16.38126336180708, 16.38126336180708, 16.38126336180708, 16.38126336180708, 16.38126336180708, 16.38126336180708, 16.38126336180708, 16.38126336180708, 16.38126336180708, 16.38126336180708, 16.38126336180708, 16.38126336180708, 16.38126336180708, 16.38126336180708, 16.38126336180708, 16.38126336180708, 16.38126336180708, 16.38126336180708, 16.38126336180708, 16.38126336180708, 16.38126336180708, 16.38126336180708, 16.38126336180708, 16.38126336180708, 16.38126336180708, 16.38126336180708, 16.38126336180708, 16.38126336180708, 16.38126336180708, 16.38126336180708, 16.38126336180708, 16.38126336180708, 16.38126336180708, 16.38126336180708, 16.38126336180708, 16.38126336180708, 16.38126336180708, 16.38126336180708, 16.38126336180708, 16.38126336180708, 16.38126336180708, 16.38126336180708, 16.38126336180708, 16.38126336180708, 16.38126336180708, 16.38126336180708, 16.38126336180708, 16.38126336180708, 16.38126336180708, 16.38126336180708, 16.38126336180708, 16.38126336180708, 16.38126336180708, 16.38126336180708, 16.38126336180708, 16.38126336180708, 16.38126336180708, 16.38126336180708, 16.38126336180708, 16.38126336180708, 16.3303244929559, 16.24172227679206, 16.01579909266259, 16.11304211483163, 16.099587303239396, 16.24983543019542, 16.253863642174764, 16.06987638145505, 15.922562489348604, 15.686649609559288, 15.801264621593537, 15.700484996716751, 15.504419832943567, 15.311178910278766, 15.282580176823911, 15.295427937247998, 15.081356267001258, 15.11319145691285, 14.875828600907319, 14.988704400353988, 14.855641328816732, 14.88701939666203, 14.73139683688127, 14.580423947034843, 14.525898966979032, 14.482378756627867, 14.306220144283575, 14.348371811491173, 14.296456054124551, 14.057413434067994, 14.11408554904749, 13.956439161005084, 13.745222384493259, 13.585687405411182, 13.421346863708289, 13.232395146777021, 13.178944578313017, 13.105891855763527, 13.02587522108823, 13.02032609984297, 12.80113899739505, 12.764631174569985, 12.68121066539149, 12.790971586039559, 12.70488107966857, 12.521386984243863, 12.493205994815192, 12.31640322170293, 12.315228321473485, 12.188806517041629, 12.063265868625422, 11.95831301453419, 11.802397998855445, 11.838467172457104, 11.753577549250137, 11.657302536461936, 11.691939280471765, 11.671297090307986, 11.560482244048165, 11.489749675904621, 11.243963125073972, 11.122052599481618, 10.97927784407071, 10.902853602570998, 10.882260893389482, 10.775566511048773, 10.694047281343066, 10.730166617880185, 10.554874021045851, 10.427894867361363, 10.41208078119949, 10.218922660958238, 10.066111138160585, 9.9209905181485, 9.887332739098605, 9.925056914259502, 9.866685810193209, 9.8548110456704, 9.5906305802322, 9.564031257623482, 9.269997678282303, 9.298247752378762, 9.536197662304973, 9.330988896761717, 9.258034935965911, 9.09615154554703, 9.172788831612328, 8.897805096882125, 8.70322373408348, 8.839802655698355, 8.617588315424761, 8.383536632067086, 8.275194267655802, 8.327247295149679, 8.149087183219038, 8.133265188046773, 7.988714840474251, 7.988293146811706, 8.03330182473915, 7.884727389144557, 7.76205328975696, 7.788498010728301, 7.806916771633208, 7.617287454969347, 7.386457212839428, 7.525083540285567, 7.358597254094959, 7.2126893227213165, 7.017441356294476, 7.136512333761366, 6.988437328653341, 6.883282252301298, 6.705899646604556, 6.624256213372355, 6.600692275522808, 6.476632099527307, 6.3583280650510705, 6.338758998628575, 6.4020837361844745, 6.319337759739384, 6.111453880076164, 6.009470483980007, 5.8675946298725234, 5.7115265798434285, 5.687822031550003, 5.78876387801963, 5.770749446047945, 5.509329292935, 5.410672852964644, 5.388325981735911, 5.212050474786827, 5.139260399523055, 5.365988321402286, 5.193846695326009, 4.946381227554386, 4.815536710528835, 4.9061714649679375, 4.813270146204347, 4.681126696878696, 4.6613475772113775, 4.850815299058231, 4.632733642949907, 4.534958489867309, 4.339269306961, 4.207279768464088, 4.223445330568431, 4.3388712738597155, 4.208934140640387, 4.210396768541505, 4.048959980373938, 3.8589581008724205, 3.84669319617351, 3.87615771978173, 3.7165126424020962]
Blocksize strategy selection process: -0.053581 --> -0.053581, len_BS = 1
Blocksize strategy selection process: -0.045841 --> -0.026274, len_BS = 213
Blocksize strategy selection process: -0.045697 --> -0.026273, len_BS = 331
Blocksize strategy selection process: -0.045553 --> -0.026273, len_BS = 424
Blocksize strategy selection process: -0.045408 --> -0.026273, len_BS = 516
Blocksize strategy selection process: -0.045262 --> -0.026273, len_BS = 596
Blocksize strategy selection process: -0.041698 --> -0.026273, len_BS = 680
Blocksize strategy selection process: -0.041593 --> -0.026273, len_BS = 756
Blocksize strategy selection process: -0.041515 --> -0.026273, len_BS = 836
Blocksize strategy selection process: -0.041488 --> -0.026273, len_BS = 897
Blocksize strategy selection process: -0.041410 --> -0.026273, len_BS = 946
Blocksize strategy selection process: -0.041382 --> -0.026273, len_BS = 1005
Blocksize strategy selection process: -0.041333 --> -0.026273, len_BS = 1057
Blocksize strategy selection process: -0.041305 --> -0.026273, len_BS = 1080
Blocksize strategy selection process: -0.041275 --> -0.026273, len_BS = 1126
Blocksize strategy selection process: -0.041228 --> -0.026273, len_BS = 1173
Blocksize strategy selection process: -0.041199 --> -0.026273, len_BS = 1195
Blocksize strategy selection process: -0.039503 --> -0.026273, len_BS = 1251
Blocksize strategy selection process: -0.039439 --> -0.026273, len_BS = 1258
Blocksize strategy selection process: -0.039375 --> -0.026273, len_BS = 1309
Blocksize strategy selection process: -0.039311 --> -0.026273, len_BS = 1368
Blocksize strategy selection process: -0.039308 --> -0.026273, len_BS = 1422
Blocksize strategy selection process: -0.039281 --> -0.026273, len_BS = 1421
Blocksize strategy selection process: -0.038705 --> -0.026273, len_BS = 1423
Blocksize strategy selection process: -0.037925 --> -0.026273, len_BS = 1445
Blocksize strategy selection process: -0.037880 --> -0.026273, len_BS = 1458
Blocksize strategy selection process: -0.037851 --> -0.026273, len_BS = 1509
Blocksize strategy selection process: -0.037834 --> -0.026273, len_BS = 1537
Blocksize strategy selection process: -0.037806 --> -0.026273, len_BS = 1569
Blocksize strategy selection process: -0.037788 --> -0.026273, len_BS = 1602
Blocksize strategy selection process: -0.037759 --> -0.026273, len_BS = 1626
Blocksize strategy selection process: -0.037742 --> -0.026273, len_BS = 1690
Blocksize strategy selection process: -0.037697 --> -0.026273, len_BS = 1698
Blocksize strategy selection process: -0.037686 --> -0.026273, len_BS = 1766
Blocksize strategy selection process: -0.036979 --> -0.026273, len_BS = 1778
Blocksize strategy selection process: -0.036957 --> -0.026273, len_BS = 1817
Blocksize strategy selection process: -0.036934 --> -0.026273, len_BS = 1866
Blocksize strategy selection process: -0.036897 --> -0.026273, len_BS = 1923
Blocksize strategy selection process: -0.036875 --> -0.026273, len_BS = 1999
Blocksize strategy selection process: -0.036852 --> -0.026273, len_BS = 2056
Blocksize strategy selection process: -0.036431 --> -0.026273, len_BS = 2100
Blocksize strategy selection process: -0.036415 --> -0.026273, len_BS = 2098
Blocksize strategy selection process: -0.036405 --> -0.026273, len_BS = 2132
Blocksize strategy selection process: -0.036399 --> -0.026273, len_BS = 2158
Blocksize strategy selection process: -0.036389 --> -0.026273, len_BS = 2174
Blocksize strategy selection process: -0.036356 --> -0.026273, len_BS = 2196
Blocksize strategy selection process: -0.036340 --> -0.026273, len_BS = 2255
Blocksize strategy selection process: -0.036330 --> -0.026273, len_BS = 2290
Blocksize strategy selection process: -0.036324 --> -0.026273, len_BS = 2317
Blocksize strategy selection process: -0.036315 --> -0.026273, len_BS = 2329
Blocksize strategy selection process: -0.036281 --> -0.026273, len_BS = 2355
Blocksize strategy selection process: -0.036099 --> -0.026273, len_BS = 2417
Blocksize strategy selection process: -0.036092 --> -0.026273, len_BS = 2485
Blocksize strategy selection process: -0.036084 --> -0.026273, len_BS = 2503
Blocksize strategy selection process: -0.036030 --> -0.026273, len_BS = 2520
Blocksize strategy selection process: -0.036022 --> -0.026273, len_BS = 2581
Blocksize strategy selection process: -0.036014 --> -0.026273, len_BS = 2597
Blocksize strategy selection process: -0.035661 --> -0.026273, len_BS = 2613
Blocksize strategy selection process: -0.035647 --> -0.026273, len_BS = 2494
Blocksize strategy selection process: -0.035638 --> -0.026273, len_BS = 2521
Blocksize strategy selection process: -0.035633 --> -0.026273, len_BS = 2539
Blocksize strategy selection process: -0.035625 --> -0.026273, len_BS = 2551
Blocksize strategy selection process: -0.035619 --> -0.026273, len_BS = 2566
Blocksize strategy selection process: -0.035603 --> -0.026273, len_BS = 2576
Blocksize strategy selection process: -0.035584 --> -0.026273, len_BS = 2608
Blocksize strategy selection process: -0.035581 --> -0.026273, len_BS = 2640
Blocksize strategy selection process: -0.035374 --> -0.026273, len_BS = 2649
Blocksize strategy selection process: -0.035367 --> -0.026273, len_BS = 2659
Blocksize strategy selection process: -0.035360 --> -0.026273, len_BS = 2672
Blocksize strategy selection process: -0.035342 --> -0.026273, len_BS = 2690
Blocksize strategy selection process: -0.035335 --> -0.026273, len_BS = 2720
Blocksize strategy selection process: -0.035329 --> -0.026273, len_BS = 2733
Blocksize strategy selection process: -0.035211 --> -0.026273, len_BS = 2745
Blocksize strategy selection process: -0.035206 --> -0.026273, len_BS = 2762
Blocksize strategy selection process: -0.035203 --> -0.026273, len_BS = 2772
Blocksize strategy selection process: -0.035201 --> -0.026273, len_BS = 2780
Blocksize strategy selection process: -0.035199 --> -0.026273, len_BS = 2789
Blocksize strategy selection process: -0.035182 --> -0.026273, len_BS = 2798
Blocksize strategy selection process: -0.035177 --> -0.026273, len_BS = 2828
Blocksize strategy selection process: -0.035174 --> -0.026273, len_BS = 2851
Blocksize strategy selection process: -0.035172 --> -0.026273, len_BS = 2861
Blocksize strategy selection process: -0.035169 --> -0.026273, len_BS = 2871
Blocksize strategy selection process: -0.035152 --> -0.026273, len_BS = 2882
Blocksize strategy selection process: -0.035113 --> -0.026273, len_BS = 2912
Blocksize strategy selection process: -0.035111 --> -0.026273, len_BS = 2939
Blocksize strategy selection process: -0.035108 --> -0.026273, len_BS = 2948
Blocksize strategy selection process: -0.035050 --> -0.026273, len_BS = 2953
Blocksize strategy selection process: -0.035044 --> -0.026273, len_BS = 2986
Blocksize strategy selection process: -0.035038 --> -0.026273, len_BS = 3002
Blocksize strategy selection process: -0.035032 --> -0.026273, len_BS = 3017
Blocksize strategy selection process: -0.035026 --> -0.026273, len_BS = 3028
Blocksize strategy selection process: -0.034910 --> -0.026273, len_BS = 3043
Blocksize strategy selection process: -0.034906 --> -0.026273, len_BS = 3047
Blocksize strategy selection process: -0.034904 --> -0.026273, len_BS = 3057
Blocksize strategy selection process: -0.034902 --> -0.026273, len_BS = 3060
Blocksize strategy selection process: -0.034900 --> -0.026273, len_BS = 3070
Blocksize strategy selection process: -0.034898 --> -0.026273, len_BS = 3074
Blocksize strategy selection process: -0.034894 --> -0.026273, len_BS = 3082
Blocksize strategy selection process: -0.034893 --> -0.026273, len_BS = 3090
Blocksize strategy selection process: -0.034888 --> -0.026273, len_BS = 3091
Blocksize strategy selection process: -0.034887 --> -0.026273, len_BS = 3108
Blocksize strategy selection process: -0.034827 --> -0.026273, len_BS = 3111
Blocksize strategy selection process: -0.034825 --> -0.026273, len_BS = 3123
Blocksize strategy selection process: -0.034823 --> -0.026273, len_BS = 3128
Blocksize strategy selection process: -0.034817 --> -0.026273, len_BS = 3134
Blocksize strategy selection process: -0.034815 --> -0.026273, len_BS = 3149
Blocksize strategy selection process: -0.034813 --> -0.026273, len_BS = 3157
Blocksize strategy selection process: -0.034758 --> -0.026273, len_BS = 3164
Blocksize strategy selection process: -0.034756 --> -0.026273, len_BS = 3176
Blocksize strategy selection process: -0.034755 --> -0.026273, len_BS = 3180
Blocksize strategy selection process: -0.034749 --> -0.026273, len_BS = 3187
Blocksize strategy selection process: -0.034747 --> -0.026273, len_BS = 3197
Blocksize strategy selection process: -0.034745 --> -0.026273, len_BS = 3203
Blocksize strategy selection process: -0.034690 --> -0.026273, len_BS = 3208
Blocksize strategy selection process: -0.034688 --> -0.026273, len_BS = 3236
Blocksize strategy selection process: -0.034686 --> -0.026273, len_BS = 3241
Blocksize strategy selection process: -0.034681 --> -0.026273, len_BS = 3244
Blocksize strategy selection process: -0.034679 --> -0.026273, len_BS = 3254
Blocksize strategy selection process: -0.034644 --> -0.026273, len_BS = 3259
Blocksize strategy selection process: -0.034642 --> -0.026273, len_BS = 3264
Blocksize strategy selection process: -0.034612 --> -0.026273, len_BS = 3270
Blocksize strategy selection process: -0.034575 --> -0.026273, len_BS = 3301
Blocksize strategy selection process: -0.034574 --> -0.026273, len_BS = 3329
Blocksize strategy selection process: -0.034573 --> -0.026273, len_BS = 3330
Blocksize strategy selection process: -0.034572 --> -0.026273, len_BS = 3333
Blocksize strategy selection process: -0.034567 --> -0.026273, len_BS = 3336
Blocksize strategy selection process: -0.034566 --> -0.026273, len_BS = 3349
Blocksize strategy selection process: -0.034565 --> -0.026273, len_BS = 3352
Blocksize strategy selection process: -0.034564 --> -0.026273, len_BS = 3356
Blocksize strategy selection process: -0.034548 --> -0.026273, len_BS = 3357
Blocksize strategy selection process: -0.034547 --> -0.026273, len_BS = 3376
Blocksize strategy selection process: -0.034506 --> -0.026273, len_BS = 3378
Blocksize strategy selection process: -0.034505 --> -0.026273, len_BS = 3417
Blocksize strategy selection process: -0.034504 --> -0.026273, len_BS = 3423
Blocksize strategy selection process: -0.034503 --> -0.026273, len_BS = 3424
Blocksize strategy selection process: -0.034498 --> -0.026273, len_BS = 3427
Blocksize strategy selection process: -0.034497 --> -0.026273, len_BS = 3440
Blocksize strategy selection process: -0.034496 --> -0.026273, len_BS = 3445
Blocksize strategy selection process: -0.034495 --> -0.026273, len_BS = 3447
Blocksize strategy selection process: -0.034493 --> -0.026273, len_BS = 3450
Blocksize strategy selection process: -0.034462 --> -0.026273, len_BS = 3450
Blocksize strategy selection process: -0.034460 --> -0.026273, len_BS = 3487
Blocksize strategy selection process: -0.034459 --> -0.026273, len_BS = 3489
Blocksize strategy selection process: -0.034457 --> -0.026273, len_BS = 3494
Blocksize strategy selection process: -0.034367 --> -0.026273, len_BS = 3497
Blocksize strategy selection process: -0.034365 --> -0.026273, len_BS = 3541
Blocksize strategy selection process: -0.034364 --> -0.026273, len_BS = 3542
Blocksize strategy selection process: -0.034363 --> -0.026273, len_BS = 3544
Blocksize strategy selection process: -0.034359 --> -0.026273, len_BS = 3545
Blocksize strategy selection process: -0.034357 --> -0.026273, len_BS = 3556
Blocksize strategy selection process: -0.034356 --> -0.026273, len_BS = 3558
Blocksize strategy selection process: -0.034355 --> -0.026273, len_BS = 3562
Blocksize strategy selection process: -0.034354 --> -0.026273, len_BS = 3566
Blocksize strategy selection process: -0.034353 --> -0.026273, len_BS = 3567
Blocksize strategy selection process: -0.034333 --> -0.026273, len_BS = 3568
Blocksize strategy selection process: -0.034332 --> -0.026273, len_BS = 3569
Blocksize strategy selection process: -0.034330 --> -0.026273, len_BS = 3569
Blocksize strategy selection process: -0.034329 --> -0.026273, len_BS = 3571
Blocksize strategy selection process: -0.034287 --> -0.026273, len_BS = 3576
Blocksize strategy selection process: -0.034285 --> -0.026273, len_BS = 3608
Blocksize strategy selection process: -0.034284 --> -0.026273, len_BS = 3611
Blocksize strategy selection process: -0.034283 --> -0.026273, len_BS = 3614
Blocksize strategy selection process: -0.034210 --> -0.026273, len_BS = 3616
Blocksize strategy selection process: -0.034195 --> -0.026273, len_BS = 3646
Blocksize strategy selection process: -0.034194 --> -0.026273, len_BS = 3635
Blocksize strategy selection process: -0.034193 --> -0.026273, len_BS = 3639
Blocksize strategy selection process: -0.034192 --> -0.026273, len_BS = 3640
Blocksize strategy selection process: -0.034145 --> -0.026273, len_BS = 3642
Blocksize strategy selection process: -0.034144 --> -0.026273, len_BS = 3650
Blocksize strategy selection process: -0.034135 --> -0.026273, len_BS = 3660
Blocksize strategy selection process: -0.034134 --> -0.026273, len_BS = 3668
Blocksize strategy selection process: -0.034120 --> -0.026273, len_BS = 3669
Blocksize strategy selection process: -0.034110 --> -0.026273, len_BS = 3670
Blocksize strategy selection process: -0.034109 --> -0.026273, len_BS = 3682
Blocksize strategy selection process: -0.034108 --> -0.026273, len_BS = 3683
Blocksize strategy selection process: -0.034107 --> -0.026273, len_BS = 3688
Blocksize strategy selection process: -0.034103 --> -0.026273, len_BS = 3692
Blocksize strategy selection process: -0.034006 --> -0.026273, len_BS = 3705
Blocksize strategy selection process: -0.034005 --> -0.026273, len_BS = 3665
Blocksize strategy selection process: -0.034004 --> -0.026273, len_BS = 3667
Blocksize strategy selection process: -0.034003 --> -0.026273, len_BS = 3670
Blocksize strategy selection process: -0.034002 --> -0.026273, len_BS = 3673
Blocksize strategy selection process: -0.034001 --> -0.026273, len_BS = 3675
Blocksize strategy selection process: -0.033986 --> -0.026273, len_BS = 3677
Blocksize strategy selection process: -0.033985 --> -0.026273, len_BS = 3701
Blocksize strategy selection process: -0.033983 --> -0.026273, len_BS = 3702
Blocksize strategy selection process: -0.033982 --> -0.026273, len_BS = 3704
Blocksize strategy selection process: -0.033962 --> -0.026273, len_BS = 3709
Blocksize strategy selection process: -0.033961 --> -0.026273, len_BS = 3732
Blocksize strategy selection process: -0.033960 --> -0.026273, len_BS = 3738
Blocksize strategy selection process: -0.033959 --> -0.026273, len_BS = 3741
Blocksize strategy selection process: -0.033915 --> -0.026273, len_BS = 3744
Blocksize strategy selection process: -0.033914 --> -0.026273, len_BS = 3752
Blocksize strategy selection process: -0.033913 --> -0.026273, len_BS = 3757
Blocksize strategy selection process: -0.033904 --> -0.026273, len_BS = 3770
Blocksize strategy selection process: -0.033903 --> -0.026273, len_BS = 3778
Blocksize strategy selection process: -0.033902 --> -0.026273, len_BS = 3782
Blocksize strategy selection process: -0.033901 --> -0.026273, len_BS = 3783
Blocksize strategy selection process: -0.033897 --> -0.026273, len_BS = 3783
Blocksize strategy selection process: -0.033881 --> -0.026273, len_BS = 3791
Blocksize strategy selection process: -0.033880 --> -0.026273, len_BS = 3799
Blocksize strategy selection process: -0.033879 --> -0.026273, len_BS = 3799
Blocksize strategy selection process: -0.033878 --> -0.026273, len_BS = 3808
Blocksize strategy selection process: -0.033772 --> -0.026273, len_BS = 3808
Blocksize strategy selection process: -0.033771 --> -0.026273, len_BS = 3761
Blocksize strategy selection process: -0.033742 --> -0.026273, len_BS = 3761
Blocksize strategy selection process: -0.033741 --> -0.026273, len_BS = 3732
Blocksize strategy selection process: -0.033740 --> -0.026273, len_BS = 3735
Blocksize strategy selection process: -0.033739 --> -0.026273, len_BS = 3740
Blocksize strategy selection process: -0.033700 --> -0.026273, len_BS = 3741
Blocksize strategy selection process: -0.033699 --> -0.026273, len_BS = 3751
Blocksize strategy selection process: -0.033694 --> -0.026273, len_BS = 3751
Blocksize strategy selection process: -0.033693 --> -0.026273, len_BS = 3760
Blocksize strategy selection process: -0.033677 --> -0.026273, len_BS = 3762
Blocksize strategy selection process: -0.033676 --> -0.026273, len_BS = 3783
Blocksize strategy selection process: -0.033627 --> -0.026273, len_BS = 3783
Blocksize strategy selection process: -0.033626 --> -0.026273, len_BS = 3814
Blocksize strategy selection process: -0.033625 --> -0.026273, len_BS = 3814
Blocksize strategy selection process: -0.033608 --> -0.026273, len_BS = 3812
Blocksize strategy selection process: -0.033607 --> -0.026273, len_BS = 3830
Blocksize strategy selection process: -0.033462 --> -0.026273, len_BS = 3831
Blocksize strategy selection process: -0.033423 --> -0.026273, len_BS = 3871
Blocksize strategy selection process: -0.033421 --> -0.026273, len_BS = 3864
Blocksize strategy selection process: -0.033383 --> -0.026273, len_BS = 3867
Blocksize strategy selection process: -0.033382 --> -0.026273, len_BS = 3881
Blocksize strategy selection process: -0.033381 --> -0.026273, len_BS = 3881
Blocksize strategy selection process: -0.033378 --> -0.026273, len_BS = 3883
Blocksize strategy selection process: -0.033377 --> -0.026273, len_BS = 3894
Blocksize strategy selection process: -0.033373 --> -0.026273, len_BS = 3896
Blocksize strategy selection process: -0.033372 --> -0.026273, len_BS = 3905
Blocksize strategy selection process: -0.033361 --> -0.026273, len_BS = 3906
Blocksize strategy selection process: -0.033359 --> -0.026273, len_BS = 3916
Blocksize strategy selection process: -0.033358 --> -0.026273, len_BS = 3924
Blocksize strategy selection process: -0.033356 --> -0.026273, len_BS = 3925
Blocksize strategy selection process: -0.033286 --> -0.026273, len_BS = 3930
Blocksize strategy selection process: -0.033285 --> -0.026273, len_BS = 3932
Blocksize strategy selection process: -0.033240 --> -0.026273, len_BS = 3953
Blocksize strategy selection process: -0.033239 --> -0.026273, len_BS = 3980
Blocksize strategy selection process: -0.033235 --> -0.026273, len_BS = 3980
Blocksize strategy selection process: -0.033224 --> -0.026273, len_BS = 3990
Blocksize strategy selection process: -0.033222 --> -0.026273, len_BS = 4006
Blocksize strategy selection process: -0.033221 --> -0.026273, len_BS = 4009
Blocksize strategy selection process: -0.033220 --> -0.026273, len_BS = 4009
Blocksize strategy selection process: -0.033212 --> -0.026273, len_BS = 4011
Blocksize strategy selection process: -0.033176 --> -0.026273, len_BS = 4011
Blocksize strategy selection process: -0.033175 --> -0.026273, len_BS = 4022
Blocksize strategy selection process: -0.033166 --> -0.026273, len_BS = 4023
Blocksize strategy selection process: -0.033165 --> -0.026273, len_BS = 4033
Blocksize strategy selection process: -0.033161 --> -0.026273, len_BS = 4035
Blocksize strategy selection process: -0.033085 --> -0.026273, len_BS = 4045
Blocksize strategy selection process: -0.033083 --> -0.026273, len_BS = 4024
Blocksize strategy selection process: -0.033078 --> -0.026273, len_BS = 4029
Blocksize strategy selection process: -0.033011 --> -0.026273, len_BS = 4039
Blocksize strategy selection process: -0.032940 --> -0.026273, len_BS = 4036
Blocksize strategy selection process: -0.032862 --> -0.026273, len_BS = 4042
Blocksize strategy selection process: -0.032859 --> -0.026273, len_BS = 4005
Blocksize strategy selection process: -0.032857 --> -0.026273, len_BS = 4013
Blocksize strategy selection process: -0.032856 --> -0.026273, len_BS = 4015
Blocksize strategy selection process: -0.032821 --> -0.026273, len_BS = 4018
Blocksize strategy selection process: -0.032820 --> -0.026273, len_BS = 4042
Blocksize strategy selection process: -0.032748 --> -0.026273, len_BS = 4044
Blocksize strategy selection process: -0.032729 --> -0.026273, len_BS = 4070
Blocksize strategy selection process: -0.032728 --> -0.026273, len_BS = 4095
Blocksize strategy selection process: -0.032727 --> -0.026273, len_BS = 4100
Blocksize strategy selection process: -0.032609 --> -0.026273, len_BS = 4098
Blocksize strategy selection process: -0.032608 --> -0.026273, len_BS = 4082
Blocksize strategy selection process: -0.032607 --> -0.026273, len_BS = 4084
Blocksize strategy selection process: -0.032604 --> -0.026273, len_BS = 4084
Blocksize strategy selection process: -0.032603 --> -0.026273, len_BS = 4071
Blocksize strategy selection process: -0.032602 --> -0.026273, len_BS = 4071
Blocksize strategy selection process: -0.032601 --> -0.026273, len_BS = 4072
Blocksize strategy selection process: -0.032599 --> -0.026273, len_BS = 4075
Blocksize strategy selection process: -0.032580 --> -0.026273, len_BS = 4081
Blocksize strategy selection process: -0.032575 --> -0.026273, len_BS = 4084
Blocksize strategy selection process: -0.032566 --> -0.026273, len_BS = 4097
Blocksize strategy selection process: -0.032565 --> -0.026273, len_BS = 4118
Blocksize strategy selection process: -0.032563 --> -0.026273, len_BS = 4121
Blocksize strategy selection process: -0.032554 --> -0.026273, len_BS = 4128
Blocksize strategy selection process: -0.032552 --> -0.026273, len_BS = 4145
Blocksize strategy selection process: -0.032403 --> -0.026273, len_BS = 4148
Blocksize strategy selection process: -0.032402 --> -0.026273, len_BS = 4131
Blocksize strategy selection process: -0.032401 --> -0.026273, len_BS = 4132
Blocksize strategy selection process: -0.032394 --> -0.026273, len_BS = 4065
Blocksize strategy selection process: -0.032393 --> -0.026273, len_BS = 4074
Blocksize strategy selection process: -0.032367 --> -0.026273, len_BS = 4075
Blocksize strategy selection process: -0.032358 --> -0.026273, len_BS = 4083
Blocksize strategy selection process: -0.032357 --> -0.026273, len_BS = 4101
Blocksize strategy selection process: -0.032346 --> -0.026273, len_BS = 4102
Blocksize strategy selection process: -0.032345 --> -0.026273, len_BS = 4119
Blocksize strategy selection process: -0.032344 --> -0.026273, len_BS = 4122
Blocksize strategy selection process: -0.032341 --> -0.026273, len_BS = 4123
Blocksize strategy selection process: -0.032304 --> -0.026273, len_BS = 4123
Blocksize strategy selection process: -0.032252 --> -0.026273, len_BS = 4152
Blocksize strategy selection process: -0.032251 --> -0.026273, len_BS = 4167
Blocksize strategy selection process: -0.032239 --> -0.026273, len_BS = 4169
Blocksize strategy selection process: -0.032238 --> -0.026273, len_BS = 4173
Blocksize strategy selection process: -0.032235 --> -0.026273, len_BS = 4173
Blocksize strategy selection process: -0.032195 --> -0.026273, len_BS = 4173
Blocksize strategy selection process: -0.032194 --> -0.026273, len_BS = 4190
Blocksize strategy selection process: -0.032188 --> -0.026273, len_BS = 4192
Blocksize strategy selection process: -0.032171 --> -0.026273, len_BS = 4209
Blocksize strategy selection process: -0.032167 --> -0.026273, len_BS = 4226
Blocksize strategy selection process: -0.032127 --> -0.026273, len_BS = 4238
Blocksize strategy selection process: -0.032126 --> -0.026273, len_BS = 4248
Blocksize strategy selection process: -0.032119 --> -0.026273, len_BS = 4249
Blocksize strategy selection process: -0.032103 --> -0.026273, len_BS = 4260
Blocksize strategy selection process: -0.032099 --> -0.026273, len_BS = 4282
Blocksize strategy selection process: -0.032058 --> -0.026273, len_BS = 4297
Blocksize strategy selection process: -0.032057 --> -0.026273, len_BS = 4293
Blocksize strategy selection process: -0.032051 --> -0.026273, len_BS = 4296
Blocksize strategy selection process: -0.032034 --> -0.026273, len_BS = 4312
Blocksize strategy selection process: -0.032031 --> -0.026273, len_BS = 4335
Blocksize strategy selection process: -0.032030 --> -0.026273, len_BS = 4341
Blocksize strategy selection process: -0.031988 --> -0.026273, len_BS = 4343
Blocksize strategy selection process: -0.031987 --> -0.026273, len_BS = 4359
Blocksize strategy selection process: -0.031981 --> -0.026273, len_BS = 4360
Blocksize strategy selection process: -0.031965 --> -0.026273, len_BS = 4370
Blocksize strategy selection process: -0.031962 --> -0.026273, len_BS = 4386
Blocksize strategy selection process: -0.031940 --> -0.026273, len_BS = 4389
Blocksize strategy selection process: -0.031939 --> -0.026273, len_BS = 4404
Blocksize strategy selection process: -0.031936 --> -0.026273, len_BS = 4405
Blocksize strategy selection process: -0.031935 --> -0.026273, len_BS = 4411
Blocksize strategy selection process: -0.031934 --> -0.026273, len_BS = 4412
Blocksize strategy selection process: -0.031933 --> -0.026273, len_BS = 4414
Blocksize strategy selection process: -0.031932 --> -0.026273, len_BS = 4415
Blocksize strategy selection process: -0.031931 --> -0.026273, len_BS = 4416
Blocksize strategy selection process: -0.031872 --> -0.026273, len_BS = 4417
Blocksize strategy selection process: -0.031871 --> -0.026273, len_BS = 4419
Blocksize strategy selection process: -0.031868 --> -0.026273, len_BS = 4420
Blocksize strategy selection process: -0.031867 --> -0.026273, len_BS = 4425
Blocksize strategy selection process: -0.031865 --> -0.026273, len_BS = 4426
Blocksize strategy selection process: -0.031863 --> -0.026273, len_BS = 4427
Blocksize strategy selection process: -0.031796 --> -0.026273, len_BS = 4432
Blocksize strategy selection process: -0.031794 --> -0.026273, len_BS = 4413
Blocksize strategy selection process: -0.031754 --> -0.026273, len_BS = 4415
Blocksize strategy selection process: -0.031709 --> -0.026273, len_BS = 4436
Blocksize strategy selection process: -0.031708 --> -0.026273, len_BS = 4438
Blocksize strategy selection process: -0.031617 --> -0.026273, len_BS = 4439
Blocksize strategy selection process: -0.031568 --> -0.026273, len_BS = 4410
Blocksize strategy selection process: -0.031561 --> -0.026273, len_BS = 4347
Blocksize strategy selection process: -0.031547 --> -0.026273, len_BS = 4359
Blocksize strategy selection process: -0.031544 --> -0.026273, len_BS = 4380
Blocksize strategy selection process: -0.031543 --> -0.026273, len_BS = 4388
Blocksize strategy selection process: -0.031524 --> -0.026273, len_BS = 4388
Blocksize strategy selection process: -0.031523 --> -0.026273, len_BS = 4415
Blocksize strategy selection process: -0.031521 --> -0.026273, len_BS = 4415
Blocksize strategy selection process: -0.031520 --> -0.026273, len_BS = 4422
Blocksize strategy selection process: -0.031518 --> -0.026273, len_BS = 4427
Blocksize strategy selection process: -0.031516 --> -0.026273, len_BS = 4431
Blocksize strategy selection process: -0.031454 --> -0.026273, len_BS = 4437
Blocksize strategy selection process: -0.031453 --> -0.026273, len_BS = 4428
Blocksize strategy selection process: -0.031450 --> -0.026273, len_BS = 4430
Blocksize strategy selection process: -0.031384 --> -0.026273, len_BS = 4438
Blocksize strategy selection process: -0.031383 --> -0.026273, len_BS = 4433
Blocksize strategy selection process: -0.031381 --> -0.026273, len_BS = 4433
Blocksize strategy selection process: -0.031380 --> -0.026273, len_BS = 4437
Blocksize strategy selection process: -0.031344 --> -0.026273, len_BS = 4437
Blocksize strategy selection process: -0.031342 --> -0.026273, len_BS = 4462
Blocksize strategy selection process: -0.031341 --> -0.026273, len_BS = 4464
Blocksize strategy selection process: -0.031337 --> -0.026273, len_BS = 4469
Blocksize strategy selection process: -0.031329 --> -0.026273, len_BS = 4474
Blocksize strategy selection process: -0.031319 --> -0.026273, len_BS = 4493
Blocksize strategy selection process: -0.031274 --> -0.026273, len_BS = 4509
Blocksize strategy selection process: -0.031273 --> -0.026273, len_BS = 4522
Blocksize strategy selection process: -0.031271 --> -0.026273, len_BS = 4524
Blocksize strategy selection process: -0.031268 --> -0.026273, len_BS = 4529
Blocksize strategy selection process: -0.031265 --> -0.026273, len_BS = 4536
Blocksize strategy selection process: -0.031260 --> -0.026273, len_BS = 4540
Blocksize strategy selection process: -0.031199 --> -0.026273, len_BS = 4550
Blocksize strategy selection process: -0.031179 --> -0.026273, len_BS = 4537
Blocksize strategy selection process: -0.031171 --> -0.026273, len_BS = 4566
Blocksize strategy selection process: -0.031170 --> -0.026273, len_BS = 4586
Blocksize strategy selection process: -0.031167 --> -0.026273, len_BS = 4590
Blocksize strategy selection process: -0.031128 --> -0.026273, len_BS = 4595
Blocksize strategy selection process: -0.031127 --> -0.026273, len_BS = 4612
Blocksize strategy selection process: -0.031062 --> -0.026273, len_BS = 4612
Blocksize strategy selection process: -0.031058 --> -0.026273, len_BS = 4611
Blocksize strategy selection process: -0.031032 --> -0.026273, len_BS = 4614
Blocksize strategy selection process: -0.030961 --> -0.026273, len_BS = 4625
Blocksize strategy selection process: -0.030959 --> -0.026273, len_BS = 4622
Blocksize strategy selection process: -0.030909 --> -0.026273, len_BS = 4623
Blocksize strategy selection process: -0.030900 --> -0.026273, len_BS = 4634
Blocksize strategy selection process: -0.030899 --> -0.026273, len_BS = 4636
Blocksize strategy selection process: -0.030892 --> -0.026273, len_BS = 4637
Blocksize strategy selection process: -0.030868 --> -0.026273, len_BS = 4641
Blocksize strategy selection process: -0.030867 --> -0.026273, len_BS = 4648
Blocksize strategy selection process: -0.030865 --> -0.026273, len_BS = 4649
Blocksize strategy selection process: -0.030864 --> -0.026273, len_BS = 4649
Blocksize strategy selection process: -0.030821 --> -0.026273, len_BS = 4649
Blocksize strategy selection process: -0.030786 --> -0.026273, len_BS = 4652
Blocksize strategy selection process: -0.030785 --> -0.026273, len_BS = 4663
Blocksize strategy selection process: -0.030783 --> -0.026273, len_BS = 4663
Blocksize strategy selection process: -0.030702 --> -0.026273, len_BS = 4663
Blocksize strategy selection process: -0.030609 --> -0.026273, len_BS = 4643
Blocksize strategy selection process: -0.030565 --> -0.026273, len_BS = 4628
Blocksize strategy selection process: -0.030563 --> -0.026273, len_BS = 4554
Blocksize strategy selection process: -0.030497 --> -0.026273, len_BS = 4542
Blocksize strategy selection process: -0.030496 --> -0.026273, len_BS = 4541
Blocksize strategy selection process: -0.030492 --> -0.026273, len_BS = 4541
Blocksize strategy selection process: -0.030491 --> -0.026273, len_BS = 4543
Blocksize strategy selection process: -0.030469 --> -0.026273, len_BS = 4544
Blocksize strategy selection process: -0.030465 --> -0.026273, len_BS = 4560
Blocksize strategy selection process: -0.030463 --> -0.026273, len_BS = 4560
Blocksize strategy selection process: -0.030283 --> -0.026273, len_BS = 4548
Blocksize strategy selection process: -0.030237 --> -0.026273, len_BS = 4483
Blocksize strategy selection process: -0.030227 --> -0.026273, len_BS = 4493
Blocksize strategy selection process: -0.030226 --> -0.026273, len_BS = 4498
Blocksize strategy selection process: -0.030201 --> -0.026273, len_BS = 4498
Blocksize strategy selection process: -0.030194 --> -0.026273, len_BS = 4512
Blocksize strategy selection process: -0.030106 --> -0.026273, len_BS = 4515
Blocksize strategy selection process: -0.030100 --> -0.026273, len_BS = 4495
Blocksize strategy selection process: -0.030098 --> -0.026273, len_BS = 4495
Blocksize strategy selection process: -0.030097 --> -0.026273, len_BS = 4495
Blocksize strategy selection process: -0.030094 --> -0.026273, len_BS = 4495
Blocksize strategy selection process: -0.030086 --> -0.026273, len_BS = 4495
Blocksize strategy selection process: -0.030085 --> -0.026273, len_BS = 4503
Blocksize strategy selection process: -0.030077 --> -0.026273, len_BS = 4503
Blocksize strategy selection process: -0.030076 --> -0.026273, len_BS = 4508
Blocksize strategy selection process: -0.030032 --> -0.026273, len_BS = 4509
Blocksize strategy selection process: -0.030031 --> -0.026273, len_BS = 4520
Blocksize strategy selection process: -0.030027 --> -0.026273, len_BS = 4521
Blocksize strategy selection process: -0.030018 --> -0.026273, len_BS = 4524
Blocksize strategy selection process: -0.029971 --> -0.026273, len_BS = 4530
Blocksize strategy selection process: -0.029962 --> -0.026273, len_BS = 4535
Blocksize strategy selection process: -0.029960 --> -0.026273, len_BS = 4535
Blocksize strategy selection process: -0.029959 --> -0.026273, len_BS = 4536
Blocksize strategy selection process: -0.029942 --> -0.026273, len_BS = 4536
Blocksize strategy selection process: -0.029938 --> -0.026273, len_BS = 4545
Blocksize strategy selection process: -0.029897 --> -0.026273, len_BS = 4547
Blocksize strategy selection process: -0.029896 --> -0.026273, len_BS = 4557
Blocksize strategy selection process: -0.029895 --> -0.026273, len_BS = 4558
Blocksize strategy selection process: -0.029894 --> -0.026273, len_BS = 4558
Blocksize strategy selection process: -0.029759 --> -0.026273, len_BS = 4558
Blocksize strategy selection process: -0.029684 --> -0.026273, len_BS = 4536
Blocksize strategy selection process: -0.029617 --> -0.026273, len_BS = 4539
Blocksize strategy selection process: -0.029609 --> -0.026273, len_BS = 4530
Blocksize strategy selection process: -0.029608 --> -0.026273, len_BS = 4533
Blocksize strategy selection process: -0.029607 --> -0.026273, len_BS = 4533
Blocksize strategy selection process: -0.029596 --> -0.026273, len_BS = 4535
Blocksize strategy selection process: -0.029583 --> -0.026273, len_BS = 4540
Blocksize strategy selection process: -0.029578 --> -0.026273, len_BS = 4546
Blocksize strategy selection process: -0.029537 --> -0.026273, len_BS = 4548
Blocksize strategy selection process: -0.029533 --> -0.026273, len_BS = 4553
Blocksize strategy selection process: -0.029532 --> -0.026273, len_BS = 4560
Blocksize strategy selection process: -0.029525 --> -0.026273, len_BS = 4560
Blocksize strategy selection process: -0.029524 --> -0.026273, len_BS = 4560
Blocksize strategy selection process: -0.029523 --> -0.026273, len_BS = 4560
Blocksize strategy selection process: -0.029518 --> -0.026273, len_BS = 4561
Blocksize strategy selection process: -0.029511 --> -0.026273, len_BS = 4564
Blocksize strategy selection process: -0.029508 --> -0.026273, len_BS = 4564
Blocksize strategy selection process: -0.029501 --> -0.026273, len_BS = 4568
Blocksize strategy selection process: -0.029495 --> -0.026273, len_BS = 4571
Blocksize strategy selection process: -0.029494 --> -0.026273, len_BS = 4573
Blocksize strategy selection process: -0.029492 --> -0.026273, len_BS = 4575
Blocksize strategy selection process: -0.029413 --> -0.026273, len_BS = 4576
Blocksize strategy selection process: -0.029388 --> -0.026273, len_BS = 4577
Blocksize strategy selection process: -0.029382 --> -0.026273, len_BS = 4590
Blocksize strategy selection process: -0.029379 --> -0.026273, len_BS = 4595
Blocksize strategy selection process: -0.029373 --> -0.026273, len_BS = 4597
Blocksize strategy selection process: -0.029372 --> -0.026273, len_BS = 4604
Blocksize strategy selection process: -0.029331 --> -0.026273, len_BS = 4604
Blocksize strategy selection process: -0.029329 --> -0.026273, len_BS = 4614
Blocksize strategy selection process: -0.029318 --> -0.026273, len_BS = 4616
Blocksize strategy selection process: -0.029317 --> -0.026273, len_BS = 4621
Blocksize strategy selection process: -0.029315 --> -0.026273, len_BS = 4622
Blocksize strategy selection process: -0.029267 --> -0.026273, len_BS = 4623
Blocksize strategy selection process: -0.029260 --> -0.026273, len_BS = 4630
Blocksize strategy selection process: -0.029254 --> -0.026273, len_BS = 4631
Blocksize strategy selection process: -0.029216 --> -0.026273, len_BS = 4635
Blocksize strategy selection process: -0.029210 --> -0.026273, len_BS = 4643
Blocksize strategy selection process: -0.029146 --> -0.026273, len_BS = 4643
Blocksize strategy selection process: -0.029145 --> -0.026273, len_BS = 4645
Blocksize strategy selection process: -0.029119 --> -0.026273, len_BS = 4645
Blocksize strategy selection process: -0.029114 --> -0.026273, len_BS = 4657
Blocksize strategy selection process: -0.029075 --> -0.026273, len_BS = 4660
Blocksize strategy selection process: -0.029074 --> -0.026273, len_BS = 4670
Blocksize strategy selection process: -0.029051 --> -0.026273, len_BS = 4670
Blocksize strategy selection process: -0.029013 --> -0.026273, len_BS = 4678
Blocksize strategy selection process: -0.029012 --> -0.026273, len_BS = 4690
Blocksize strategy selection process: -0.029002 --> -0.026273, len_BS = 4691
Blocksize strategy selection process: -0.028965 --> -0.026273, len_BS = 4696
Blocksize strategy selection process: -0.028963 --> -0.026273, len_BS = 4705
Blocksize strategy selection process: -0.028940 --> -0.026273, len_BS = 4706
Blocksize strategy selection process: -0.028932 --> -0.026273, len_BS = 4713
Blocksize strategy selection process: -0.028925 --> -0.026273, len_BS = 4715
Blocksize strategy selection process: -0.028921 --> -0.026273, len_BS = 4719
Blocksize strategy selection process: -0.028883 --> -0.026273, len_BS = 4721
Blocksize strategy selection process: -0.028871 --> -0.026273, len_BS = 4729
Blocksize strategy selection process: -0.028866 --> -0.026273, len_BS = 4731
Blocksize strategy selection process: -0.028865 --> -0.026273, len_BS = 4733
Blocksize strategy selection process: -0.028825 --> -0.026273, len_BS = 4733
Blocksize strategy selection process: -0.028822 --> -0.026273, len_BS = 4740
Blocksize strategy selection process: -0.028700 --> -0.026273, len_BS = 4742
Blocksize strategy selection process: -0.028683 --> -0.026273, len_BS = 4738
Blocksize strategy selection process: -0.028669 --> -0.026273, len_BS = 4741
Blocksize strategy selection process: -0.028662 --> -0.026273, len_BS = 4744
Blocksize strategy selection process: -0.028661 --> -0.026273, len_BS = 4745
Blocksize strategy selection process: -0.028586 --> -0.026273, len_BS = 4745
Blocksize strategy selection process: -0.028576 --> -0.026273, len_BS = 4744
Blocksize strategy selection process: -0.028575 --> -0.026273, len_BS = 4746
Blocksize strategy selection process: -0.028525 --> -0.026273, len_BS = 4746
Blocksize strategy selection process: -0.028500 --> -0.026273, len_BS = 4752
Blocksize strategy selection process: -0.028448 --> -0.026273, len_BS = 4756
Blocksize strategy selection process: -0.028443 --> -0.026273, len_BS = 4759
Blocksize strategy selection process: -0.028442 --> -0.026273, len_BS = 4760
Blocksize strategy selection process: -0.028441 --> -0.026273, len_BS = 4760
Blocksize strategy selection process: -0.028436 --> -0.026273, len_BS = 4760
Blocksize strategy selection process: -0.028388 --> -0.026273, len_BS = 4760
Blocksize strategy selection process: -0.028385 --> -0.026273, len_BS = 4766
Blocksize strategy selection process: -0.028384 --> -0.026273, len_BS = 4768
Blocksize strategy selection process: -0.028378 --> -0.026273, len_BS = 4768
Blocksize strategy selection process: -0.028336 --> -0.026273, len_BS = 4770
Blocksize strategy selection process: -0.028333 --> -0.026273, len_BS = 4775
Blocksize strategy selection process: -0.028332 --> -0.026273, len_BS = 4775
Blocksize strategy selection process: -0.028331 --> -0.026273, len_BS = 4775
Blocksize strategy selection process: -0.028291 --> -0.026273, len_BS = 4775
Blocksize strategy selection process: -0.028284 --> -0.026273, len_BS = 4781
Blocksize strategy selection process: -0.028276 --> -0.026273, len_BS = 4781
Blocksize strategy selection process: -0.028275 --> -0.026273, len_BS = 4784
Blocksize strategy selection process: -0.028271 --> -0.026273, len_BS = 4784
Blocksize strategy selection process: -0.028270 --> -0.026273, len_BS = 4784
Blocksize strategy selection process: -0.028214 --> -0.026273, len_BS = 4784
Blocksize strategy selection process: -0.028171 --> -0.026273, len_BS = 4786
Blocksize strategy selection process: -0.028164 --> -0.026273, len_BS = 4792
Blocksize strategy selection process: -0.028158 --> -0.026273, len_BS = 4792
Blocksize strategy selection process: -0.028116 --> -0.026273, len_BS = 4792
Blocksize strategy selection process: -0.028111 --> -0.026273, len_BS = 4796
Blocksize strategy selection process: -0.028108 --> -0.026273, len_BS = 4796
Blocksize strategy selection process: -0.027978 --> -0.026273, len_BS = 4796
Blocksize strategy selection process: -0.027973 --> -0.026273, len_BS = 4795
Blocksize strategy selection process: -0.027949 --> -0.026273, len_BS = 4795
Blocksize strategy selection process: -0.027945 --> -0.026273, len_BS = 4796
Blocksize strategy selection process: -0.027942 --> -0.026273, len_BS = 4796
Blocksize strategy selection process: -0.027938 --> -0.026273, len_BS = 4796
Blocksize strategy selection process: -0.027920 --> -0.026273, len_BS = 4796
Blocksize strategy selection process: -0.027843 --> -0.026273, len_BS = 4797
Blocksize strategy selection process: -0.027812 --> -0.026273, len_BS = 4797
Blocksize strategy selection process: -0.027810 --> -0.026273, len_BS = 4798
Blocksize strategy selection process: -0.027787 --> -0.026273, len_BS = 4798
Blocksize strategy selection process: -0.027785 --> -0.026273, len_BS = 4798
Blocksize strategy selection process: -0.027680 --> -0.026273, len_BS = 4798
Blocksize strategy selection process: -0.027617 --> -0.026273, len_BS = 4798
Blocksize strategy selection process: -0.027573 --> -0.026273, len_BS = 4799
Blocksize strategy selection process: -0.027551 --> -0.026273, len_BS = 4801
Blocksize strategy selection process: -0.027543 --> -0.026273, len_BS = 4801
Blocksize strategy selection process: -0.027539 --> -0.026273, len_BS = 4801
Blocksize strategy selection process: -0.027536 --> -0.026273, len_BS = 4801
Blocksize strategy selection process: -0.027520 --> -0.026273, len_BS = 4801
Blocksize strategy selection process: -0.027491 --> -0.026273, len_BS = 4801
Blocksize strategy selection process: -0.027456 --> -0.026273, len_BS = 4802
Blocksize strategy selection process: -0.027444 --> -0.026273, len_BS = 4802
Blocksize strategy selection process: -0.027388 --> -0.026273, len_BS = 4802
Blocksize strategy selection process: -0.027323 --> -0.026273, len_BS = 4802
Blocksize strategy selection process: -0.027311 --> -0.026273, len_BS = 4802
Blocksize strategy selection process: -0.027299 --> -0.026273, len_BS = 4802
Blocksize strategy selection process: -0.027287 --> -0.026273, len_BS = 4802
Blocksize strategy selection process: -0.027278 --> -0.026273, len_BS = 4802
Blocksize strategy selection process: -0.027276 --> -0.026273, len_BS = 4802
Blocksize strategy selection process: -0.027274 --> -0.026273, len_BS = 4802
Blocksize strategy selection process: -0.027273 --> -0.026273, len_BS = 4802
Blocksize strategy selection process: -0.027272 --> -0.026273, len_BS = 4802
Blocksize strategy selection process: -0.027246 --> -0.026273, len_BS = 4802
Blocksize strategy selection process: -0.027239 --> -0.026273, len_BS = 4802
Blocksize strategy selection process: -0.027232 --> -0.026273, len_BS = 4802
Blocksize strategy selection process: -0.027204 --> -0.026273, len_BS = 4802
Blocksize strategy selection process: -0.027190 --> -0.026273, len_BS = 4802
Blocksize strategy selection process: -0.027177 --> -0.026273, len_BS = 4802
Blocksize strategy selection process: -0.027176 --> -0.026273, len_BS = 4802
Blocksize strategy selection process: -0.027149 --> -0.026273, len_BS = 4802
Blocksize strategy selection process: -0.027124 --> -0.026273, len_BS = 4802
Blocksize strategy selection process: -0.027097 --> -0.026273, len_BS = 4802
Blocksize strategy selection process: -0.027058 --> -0.026273, len_BS = 4802
Blocksize strategy selection process: -0.027020 --> -0.026273, len_BS = 4802
Blocksize strategy selection process: -0.027009 --> -0.026273, len_BS = 4803
Blocksize strategy selection process: -0.027005 --> -0.026273, len_BS = 4803
Blocksize strategy selection process: -0.026982 --> -0.026273, len_BS = 4803
Blocksize strategy selection process: -0.026960 --> -0.026273, len_BS = 4803
Blocksize strategy selection process: -0.026888 --> -0.026273, len_BS = 4803
Blocksize strategy selection process: -0.026875 --> -0.026273, len_BS = 4803
Blocksize strategy selection process: -0.026853 --> -0.026273, len_BS = 4803
Blocksize strategy selection process: -0.026841 --> -0.026273, len_BS = 4803
Blocksize strategy selection process: -0.026819 --> -0.026273, len_BS = 4803
Blocksize strategy selection process: -0.026818 --> -0.026273, len_BS = 4804
Blocksize strategy selection process: -0.026817 --> -0.026273, len_BS = 4804
Blocksize strategy selection process: -0.026816 --> -0.026273, len_BS = 4804
Blocksize strategy selection process: -0.026815 --> -0.026273, len_BS = 4804
Blocksize strategy selection process: -0.026814 --> -0.026273, len_BS = 4804
Blocksize strategy selection process: -0.026759 --> -0.026273, len_BS = 4804
Blocksize strategy selection process: -0.026758 --> -0.026273, len_BS = 4804
Blocksize strategy selection process: -0.026757 --> -0.026273, len_BS = 4804
Blocksize strategy selection process: -0.026756 --> -0.026273, len_BS = 4804
Blocksize strategy selection process: -0.026755 --> -0.026273, len_BS = 4804
Blocksize strategy selection process: -0.026754 --> -0.026273, len_BS = 4804
Blocksize strategy selection process: -0.026753 --> -0.026273, len_BS = 4804
Blocksize strategy selection process: -0.026752 --> -0.026273, len_BS = 4804
Blocksize strategy selection process: -0.026751 --> -0.026273, len_BS = 4804
Blocksize strategy selection process: -0.026750 --> -0.026273, len_BS = 4804
Blocksize strategy selection process: -0.026749 --> -0.026273, len_BS = 4804
Blocksize strategy selection process: -0.026747 --> -0.026273, len_BS = 4804
Blocksize strategy selection process: -0.026746 --> -0.026273, len_BS = 4804
Blocksize strategy selection process: -0.026745 --> -0.026273, len_BS = 4804
Blocksize strategy selection process: -0.026744 --> -0.026273, len_BS = 4804
Blocksize strategy selection process: -0.026743 --> -0.026273, len_BS = 4804
Blocksize strategy selection process: -0.026742 --> -0.026273, len_BS = 4804
Blocksize strategy selection process: -0.026741 --> -0.026273, len_BS = 4804
Blocksize strategy selection process: -0.026740 --> -0.026273, len_BS = 4804
Blocksize strategy selection process: -0.026722 --> -0.026273, len_BS = 4804
Blocksize strategy selection process: -0.026721 --> -0.026273, len_BS = 4804
Blocksize strategy selection process: -0.026720 --> -0.026273, len_BS = 4804
Blocksize strategy selection process: -0.026719 --> -0.026273, len_BS = 4804
Blocksize strategy selection process: -0.026718 --> -0.026273, len_BS = 4804
Blocksize strategy selection process: -0.026717 --> -0.026273, len_BS = 4804
Blocksize strategy selection process: -0.026716 --> -0.026273, len_BS = 4804
Blocksize strategy selection process: -0.026715 --> -0.026273, len_BS = 4804
Blocksize strategy selection process: -0.026666 --> -0.026273, len_BS = 4804
Blocksize strategy selection process: -0.026662 --> -0.026273, len_BS = 4804
Blocksize strategy selection process: -0.026661 --> -0.026273, len_BS = 4804
Blocksize strategy selection process: -0.026660 --> -0.026273, len_BS = 4804
Blocksize strategy selection process: -0.026659 --> -0.026273, len_BS = 4804
Blocksize strategy selection process: -0.026658 --> -0.026273, len_BS = 4804
Blocksize strategy selection process: -0.026657 --> -0.026273, len_BS = 4804
Blocksize strategy selection process: -0.026641 --> -0.026273, len_BS = 4804
Blocksize strategy selection process: -0.026640 --> -0.026273, len_BS = 4804
Blocksize strategy selection process: -0.026639 --> -0.026273, len_BS = 4804
Blocksize strategy selection process: -0.026638 --> -0.026273, len_BS = 4804
Blocksize strategy selection process: -0.026637 --> -0.026273, len_BS = 4804
Blocksize strategy selection process: -0.026636 --> -0.026273, len_BS = 4804
Blocksize strategy selection process: -0.026635 --> -0.026273, len_BS = 4804
Blocksize strategy selection process: -0.026634 --> -0.026273, len_BS = 4804
Blocksize strategy selection process: -0.026633 --> -0.026273, len_BS = 4804
Blocksize strategy selection process: -0.026632 --> -0.026273, len_BS = 4804
Blocksize strategy selection process: -0.026631 --> -0.026273, len_BS = 4804
Blocksize strategy selection process: -0.026630 --> -0.026273, len_BS = 4804
Blocksize strategy selection process: -0.026629 --> -0.026273, len_BS = 4804
Blocksize strategy selection process: -0.026614 --> -0.026273, len_BS = 4804
Blocksize strategy selection process: -0.026613 --> -0.026273, len_BS = 4804
Blocksize strategy selection process: -0.026612 --> -0.026273, len_BS = 4804
Blocksize strategy selection process: -0.026611 --> -0.026273, len_BS = 4804
Blocksize strategy selection process: -0.026610 --> -0.026273, len_BS = 4804
Blocksize strategy selection process: -0.026609 --> -0.026273, len_BS = 4804
Blocksize strategy selection process: -0.026608 --> -0.026273, len_BS = 4804
Blocksize strategy selection process: -0.026607 --> -0.026273, len_BS = 4804
Blocksize strategy selection process: -0.026606 --> -0.026273, len_BS = 4804
Blocksize strategy selection process: -0.026605 --> -0.026273, len_BS = 4804
Blocksize strategy selection process: -0.026604 --> -0.026273, len_BS = 4804
Blocksize strategy selection process: -0.026603 --> -0.026273, len_BS = 4804
Blocksize strategy selection process: -0.026588 --> -0.026273, len_BS = 4804
Blocksize strategy selection process: -0.026587 --> -0.026273, len_BS = 4804
Blocksize strategy selection process: -0.026586 --> -0.026273, len_BS = 4804
Blocksize strategy selection process: -0.026585 --> -0.026273, len_BS = 4804
Blocksize strategy selection process: -0.026584 --> -0.026273, len_BS = 4804
Blocksize strategy selection process: -0.026583 --> -0.026273, len_BS = 4804
Blocksize strategy selection process: -0.026582 --> -0.026273, len_BS = 4804
Blocksize strategy selection process: -0.026581 --> -0.026273, len_BS = 4804
Blocksize strategy selection process: -0.026580 --> -0.026273, len_BS = 4804
Blocksize strategy selection process: -0.026579 --> -0.026273, len_BS = 4804
Blocksize strategy selection process: -0.026578 --> -0.026273, len_BS = 4804
Blocksize strategy selection process: -0.026577 --> -0.026273, len_BS = 4804
Blocksize strategy selection process: -0.026576 --> -0.026273, len_BS = 4804
Blocksize strategy selection process: -0.026562 --> -0.026273, len_BS = 4804
Blocksize strategy selection process: -0.026561 --> -0.026273, len_BS = 4804
Blocksize strategy selection process: -0.026560 --> -0.026273, len_BS = 4804
Blocksize strategy selection process: -0.026559 --> -0.026273, len_BS = 4804
Blocksize strategy selection process: -0.026558 --> -0.026273, len_BS = 4804
Blocksize strategy selection process: -0.026557 --> -0.026273, len_BS = 4804
Blocksize strategy selection process: -0.026556 --> -0.026273, len_BS = 4804
Blocksize strategy selection process: -0.026555 --> -0.026273, len_BS = 4804
Blocksize strategy selection process: -0.026554 --> -0.026273, len_BS = 4804
Blocksize strategy selection process: -0.026553 --> -0.026273, len_BS = 4804
Blocksize strategy selection process: -0.026552 --> -0.026273, len_BS = 4804
Blocksize strategy selection process: -0.026551 --> -0.026273, len_BS = 4804
Blocksize strategy selection process: -0.026538 --> -0.026273, len_BS = 4804
Blocksize strategy selection process: -0.026537 --> -0.026273, len_BS = 4804
Blocksize strategy selection process: -0.026536 --> -0.026273, len_BS = 4804
Blocksize strategy selection process: -0.026535 --> -0.026273, len_BS = 4804
Blocksize strategy selection process: -0.026534 --> -0.026273, len_BS = 4804
Blocksize strategy selection process: -0.026533 --> -0.026273, len_BS = 4804
Blocksize strategy selection process: -0.026532 --> -0.026273, len_BS = 4804
Blocksize strategy selection process: -0.026531 --> -0.026273, len_BS = 4804
Blocksize strategy selection process: -0.026530 --> -0.026273, len_BS = 4804
Blocksize strategy selection process: -0.026529 --> -0.026273, len_BS = 4804
Blocksize strategy selection process: -0.026528 --> -0.026273, len_BS = 4804
Blocksize strategy selection process: -0.026527 --> -0.026273, len_BS = 4804
Blocksize strategy selection process: -0.026514 --> -0.026273, len_BS = 4804
Blocksize strategy selection process: -0.026513 --> -0.026273, len_BS = 4804
Blocksize strategy selection process: -0.026512 --> -0.026273, len_BS = 4804
Blocksize strategy selection process: -0.026511 --> -0.026273, len_BS = 4804
Blocksize strategy selection process: -0.026510 --> -0.026273, len_BS = 4804
Blocksize strategy selection process: -0.026509 --> -0.026273, len_BS = 4804
Blocksize strategy selection process: -0.026508 --> -0.026273, len_BS = 4804
Blocksize strategy selection process: -0.026507 --> -0.026273, len_BS = 4804
Blocksize strategy selection process: -0.026506 --> -0.026273, len_BS = 4804
Blocksize strategy selection process: -0.026505 --> -0.026273, len_BS = 4804
Blocksize strategy selection process: -0.026492 --> -0.026273, len_BS = 4804
Blocksize strategy selection process: -0.026491 --> -0.026273, len_BS = 4804
Blocksize strategy selection process: -0.026490 --> -0.026273, len_BS = 4804
Blocksize strategy selection process: -0.026489 --> -0.026273, len_BS = 4804
Blocksize strategy selection process: -0.026488 --> -0.026273, len_BS = 4804
Blocksize strategy selection process: -0.026487 --> -0.026273, len_BS = 4804
Blocksize strategy selection process: -0.026486 --> -0.026273, len_BS = 4804
Blocksize strategy selection process: -0.026485 --> -0.026273, len_BS = 4804
Blocksize strategy selection process: -0.026484 --> -0.026273, len_BS = 4804
Blocksize strategy selection process: -0.026483 --> -0.026273, len_BS = 4804
Blocksize strategy selection process: -0.026471 --> -0.026273, len_BS = 4804
Blocksize strategy selection process: -0.026470 --> -0.026273, len_BS = 4804
Blocksize strategy selection process: -0.026469 --> -0.026273, len_BS = 4804
Blocksize strategy selection process: -0.026468 --> -0.026273, len_BS = 4804
Blocksize strategy selection process: -0.026467 --> -0.026273, len_BS = 4804
Blocksize strategy selection process: -0.026466 --> -0.026273, len_BS = 4804
Blocksize strategy selection process: -0.026465 --> -0.026273, len_BS = 4804
Blocksize strategy selection process: -0.026464 --> -0.026273, len_BS = 4804
Blocksize strategy selection process: -0.026463 --> -0.026273, len_BS = 4804
Blocksize strategy selection process: -0.026462 --> -0.026273, len_BS = 4804
Blocksize strategy selection process: -0.026461 --> -0.026273, len_BS = 4804
Blocksize strategy selection process: -0.026450 --> -0.026273, len_BS = 4804
Blocksize strategy selection process: -0.026428 --> -0.026273, len_BS = 4804
Blocksize strategy selection process: -0.026427 --> -0.026273, len_BS = 4804
Blocksize strategy selection process: -0.026425 --> -0.026273, len_BS = 4804
Blocksize strategy selection process: -0.026424 --> -0.026273, len_BS = 4804
Blocksize strategy selection process: -0.026423 --> -0.026273, len_BS = 4804
Blocksize strategy selection process: -0.026422 --> -0.026273, len_BS = 4804
Blocksize strategy selection process: -0.026420 --> -0.026273, len_BS = 4804
Blocksize strategy selection process: -0.026419 --> -0.026273, len_BS = 4804
Blocksize strategy selection process: -0.026418 --> -0.026273, len_BS = 4804
Blocksize strategy selection process: -0.026417 --> -0.026273, len_BS = 4804
Blocksize strategy selection process: -0.026416 --> -0.026273, len_BS = 4804
Blocksize strategy selection process: -0.026415 --> -0.026273, len_BS = 4804
Blocksize strategy selection process: -0.026414 --> -0.026273, len_BS = 4804
Blocksize strategy selection process: -0.026413 --> -0.026273, len_BS = 4804
Blocksize strategy selection process: -0.026412 --> -0.026273, len_BS = 4804
Blocksize strategy selection process: -0.026411 --> -0.026273, len_BS = 4804
Blocksize strategy selection process: -0.026410 --> -0.026273, len_BS = 4804
Blocksize strategy selection process: -0.026409 --> -0.026273, len_BS = 4804
Blocksize strategy selection process: -0.026408 --> -0.026273, len_BS = 4804
Blocksize strategy selection process: -0.026407 --> -0.026273, len_BS = 4804
Blocksize strategy selection process: -0.026406 --> -0.026273, len_BS = 4804
Blocksize strategy selection process: -0.026405 --> -0.026273, len_BS = 4804
Blocksize strategy selection process: -0.026395 --> -0.026273, len_BS = 4804
Blocksize strategy selection process: -0.026394 --> -0.026273, len_BS = 4804
Blocksize strategy selection process: -0.026393 --> -0.026273, len_BS = 4804
Blocksize strategy selection process: -0.026392 --> -0.026273, len_BS = 4804
Blocksize strategy selection process: -0.026391 --> -0.026273, len_BS = 4804
Blocksize strategy selection process: -0.026390 --> -0.026273, len_BS = 4804
Blocksize strategy selection process: -0.026389 --> -0.026273, len_BS = 4804
Blocksize strategy selection process: -0.026388 --> -0.026273, len_BS = 4804
Blocksize strategy selection process: -0.026379 --> -0.026273, len_BS = 4804
Blocksize strategy selection process: -0.026378 --> -0.026273, len_BS = 4804
Blocksize strategy selection process: -0.026377 --> -0.026273, len_BS = 4804
Blocksize strategy selection process: -0.026376 --> -0.026273, len_BS = 4804
Blocksize strategy selection process: -0.026375 --> -0.026273, len_BS = 4804
Blocksize strategy selection process: -0.026374 --> -0.026273, len_BS = 4804
Blocksize strategy selection process: -0.026373 --> -0.026273, len_BS = 4804
Blocksize strategy selection process: -0.026372 --> -0.026273, len_BS = 4804
Blocksize strategy selection process: -0.026364 --> -0.026273, len_BS = 4804
Blocksize strategy selection process: -0.026363 --> -0.026273, len_BS = 4804
Blocksize strategy selection process: -0.026362 --> -0.026273, len_BS = 4804
Blocksize strategy selection process: -0.026361 --> -0.026273, len_BS = 4804
Blocksize strategy selection process: -0.026360 --> -0.026273, len_BS = 4804
Blocksize strategy selection process: -0.026359 --> -0.026273, len_BS = 4804
Blocksize strategy selection process: -0.026358 --> -0.026273, len_BS = 4804
Blocksize strategy selection process: -0.026350 --> -0.026273, len_BS = 4804
Blocksize strategy selection process: -0.026349 --> -0.026273, len_BS = 4804
Blocksize strategy selection process: -0.026348 --> -0.026273, len_BS = 4804
Blocksize strategy selection process: -0.026347 --> -0.026273, len_BS = 4804
Blocksize strategy selection process: -0.026346 --> -0.026273, len_BS = 4804
Blocksize strategy selection process: -0.026345 --> -0.026273, len_BS = 4804
Blocksize strategy selection process: -0.026344 --> -0.026273, len_BS = 4804
Blocksize strategy selection process: -0.026337 --> -0.026273, len_BS = 4804
Blocksize strategy selection process: -0.026336 --> -0.026273, len_BS = 4804
Blocksize strategy selection process: -0.026335 --> -0.026273, len_BS = 4804
Blocksize strategy selection process: -0.026334 --> -0.026273, len_BS = 4804
Blocksize strategy selection process: -0.026333 --> -0.026273, len_BS = 4804
Blocksize strategy selection process: -0.026332 --> -0.026273, len_BS = 4804
Blocksize strategy selection process: -0.026331 --> -0.026273, len_BS = 4804
Blocksize strategy selection process: -0.026325 --> -0.026273, len_BS = 4804
Blocksize strategy selection process: -0.026324 --> -0.026273, len_BS = 4804
Blocksize strategy selection process: -0.026323 --> -0.026273, len_BS = 4804
Blocksize strategy selection process: -0.026322 --> -0.026273, len_BS = 4804
Blocksize strategy selection process: -0.026321 --> -0.026273, len_BS = 4804
Blocksize strategy selection process: -0.026320 --> -0.026273, len_BS = 4804
Blocksize strategy selection process: -0.026319 --> -0.026273, len_BS = 4804
Blocksize strategy selection process: -0.026314 --> -0.026273, len_BS = 4804
Blocksize strategy selection process: -0.026313 --> -0.026273, len_BS = 4804
Blocksize strategy selection process: -0.026312 --> -0.026273, len_BS = 4804
Blocksize strategy selection process: -0.026311 --> -0.026273, len_BS = 4804
Blocksize strategy selection process: -0.026310 --> -0.026273, len_BS = 4804
Blocksize strategy selection process: -0.026309 --> -0.026273, len_BS = 4804
Blocksize strategy selection process: -0.026304 --> -0.026273, len_BS = 4804
Blocksize strategy selection process: -0.026303 --> -0.026273, len_BS = 4804
Blocksize strategy selection process: -0.026302 --> -0.026273, len_BS = 4804
Blocksize strategy selection process: -0.026301 --> -0.026273, len_BS = 4804
Blocksize strategy selection process: -0.026296 --> -0.026273, len_BS = 4804
Blocksize strategy selection process: -0.026295 --> -0.026273, len_BS = 4804
Blocksize strategy selection process: -0.026294 --> -0.026273, len_BS = 4804
Blocksize strategy selection process: -0.026293 --> -0.026273, len_BS = 4804
Blocksize strategy selection process: -0.026292 --> -0.026273, len_BS = 4804
Blocksize strategy selection process: -0.026288 --> -0.026273, len_BS = 4804
Blocksize strategy selection process: -0.026287 --> -0.026273, len_BS = 4804
Blocksize strategy selection process: -0.026286 --> -0.026273, len_BS = 4804
Blocksize strategy selection process: -0.026283 --> -0.026273, len_BS = 4804
Blocksize strategy selection process: -0.026282 --> -0.026273, len_BS = 4804
Blocksize strategy selection process: -0.026281 --> -0.026273, len_BS = 4804
Blocksize strategy selection process: -0.026280 --> -0.026273, len_BS = 4804
Blocksize strategy selection process: -0.026279 --> -0.026273, len_BS = 4804
Blocksize strategy selection process: -0.026274 --> -0.026273, len_BS = 4804
Blocksize strategy selection process: -0.026273 --> -0.026273, len_BS = 4804
len(BS) = 4804
Time cost for generating Strategy: 947.028623 s
[16.38126336180708,16.38126336180708,16.38126336180708,16.38126336180708,16.38126336180708,16.38126336180708,16.38126336180708,16.38126336180708,16.38126336180708,16.38126336180708,16.38126336180708,16.38126336180708,16.353375021965824,16.32183588594209,16.290338664818652,16.258881924982532,16.22746422818141,16.196084131235928,16.164740185744872,16.133430937782908,16.10215492759056,16.07091068925615,16.03969675038937,16.008511631786178,15.97735384708459,15.946221902411079,15.915114296017187,15.884029517905876,15.852966049447328,15.82192236298362,15.790896921421918,15.759888177815643,15.728894574933168,15.697914544813472,15.666946508308207,15.635988874609644,15.605040040763846,15.574098391168466,15.543162297054515,15.512230115951375,15.481300191134377,15.450370851054153,15.419440408746986,15.38850716122532,15.357569388847548,15.326625354666202,15.295673303753563,15.264711462503673,15.233738037909752,15.202751216815884,15.171749165141879,15.140730027080043,15.109691924262666,15.078632954898932,15.04755119287982,15.016444686849677,14.985311459242933,14.95414950528442,14.922956791951748,14.89173125689808,14.860470807333606,14.829173318863958,14.797836634283815,14.76645856232382,14.735036876348968,14.703569313006621,14.672053570822175,14.640487308740603,14.60886814461194,14.577193653619045,14.54546136664587,14.51366876858474,14.481813296581354,14.449892338216394,14.417903229623079,14.385843253540415,14.353709637302483,14.321499550764877,14.289210104170355,14.256838345956918,14.22438126051312,14.1918751328957,14.159477453400967,14.127067767729088,14.094618669519633,14.062088673296582,14.029462248056834,13.996741669975357,13.963913036436892,13.931012972815854,13.897992128965956,13.864870632262122,13.831610994441622,13.798265714320497,13.764783283263721,13.731175423412335,13.697431723266245,13.663561721884513,13.62955938322628,13.59541014462194,13.56112982949275,13.526695531549603,13.49211741668515,13.457372360674867,13.422483779743423,13.387434845143638,13.352218351133356,13.316823538768865,13.281255821984455,13.245529077368623,13.209623797625156,13.173564823654864,13.13730781936773,13.100867284422044,13.06424596931937,13.027422325613458,12.990426503769445,12.953217865739486,12.915821707374466,12.878247059525776,12.840476819848142,12.802499021628208,12.764334182838805,12.726002597471044,12.687629615882756,12.649341100841813,12.626537735976711,12.603619068947872,12.580583775397542,12.557430507027167,12.534157891006288,12.510764529363065,12.487248998355588,12.463609847823339,12.439845600518009,12.4159547514129,12.39193576699006,12.36778708450434,12.343507111223396,12.319094223642779,12.294546766675085,12.269863052812111,12.245041361259018,12.220079937039294,12.194976990069405,12.169730694201858,12.144339186235412,12.11880056489109,12.09311288975255,12.067274180169376,12.04128241412171,12.015135527044613,11.988831410610436,11.962367911467462,11.935742829932897,11.908953918638264,11.88199888112518,11.8548753703893,11.827580987370222,11.800113279384933,11.772469738502348,11.744647799856265,11.716644839894085,11.688458174558352,11.660085057398057,11.631522677606661,11.602768157983352,11.57381855281417,11.544670845669227,11.51532194711225,11.48576869231834,11.456007838595745,11.42603606280719,11.39584995868605,11.36544603404254,11.33482070785472,11.303970307238977,11.27289106429433,11.241579112814668,11.210030484862763,11.178241107199575,11.146206797562183,11.113923260783263,11.08138608474487,11.048590736158888,11.01553255616626,10.982206755746937,10.948608410932005,10.914732457809412,10.880573687314406,10.846126739795565,10.811386099347336,10.776346087899688,10.741000859055688,10.705344391667873,10.669370483144391,10.63307274247649,10.59644458297929,10.559479214738786,10.522169636758965,10.484508628804612,10.446488742937014,10.408102294742568,10.369341354257164,10.330197736593313,10.29066299228198,10.250728397347155,10.210384943139077,10.169623325961526,10.128433936540382,10.086806849395565,10.0447318121964,10.002198235203098,9.95919518092464,9.9157113541579,9.871735092615284,9.83260827155857,9.814851088627389,9.780820569039905,9.743050778258068,9.699599550199643,9.653955207705687,9.608523995990717,9.56110787575858,9.51856475099039,9.469238576244887,9.422528944259478,9.37062025568863,9.325713264983655,9.273715457613523,9.223174710490214,9.171092570559143,9.120171902365229,9.068304031379249,9.014323300050503,8.962347654067118,8.907125676239417,8.853132276999103,8.795850166301415,8.74158572101366,8.68488904118697,8.627052026760055,8.567584236577247,8.508674423104186,8.451478921245933,8.391471399271845,8.334663704680528,8.27167260761941,8.210455433769653,8.149428797472993,8.08529079233016,8.02505092184273,7.959112098709339,7.8964006951120975,7.834729966967166,7.770554830382099,7.704556628951827,7.641141313284096,7.580298939838068,7.5363374684786235,7.509451937329223]
MinStrategy is: [87, 87, 107, 107, 117, 121, 127, 133, 136] + pump(101,160,23) , ['87 * 2 (-0.041698) , cost = 735.4508 s', '107 * 2 (-0.036431) , cost = 1651.4126 s', '117 * 1 (-0.035211) , cost = 1837.4444 s', '121 * 1 (-0.034506) , cost = 5097.1847 s', '127 * 1 (-0.033881) , cost = 18248.4324 s', '133 * 1 (-0.033285) , cost = 84314.0194 s', '136 * 1 (-0.032921) , cost = 181232.8452 s'] + pump(101,160,23)
[87,87,107,107,117,121,127,133,136]
Time cost for pnj-BKZ = 81.42 h,
Time cost for pump = 178.80 h,
Total time cost = 260.22 h.
