New Strategy:
n = 40, alpha = 0.035, q = 1601, jump = 1, goal_margin = 1.50, MAX_TIME = inf h
[14.756767425993429, 14.756767425993429, 14.756767425993429, 14.756767425993429, 14.756767425993429, 14.756767425993429, 14.756767425993429, 14.756767425993429, 14.756767425993429, 14.756767425993429, 14.756767425993429, 14.756767425993429, 14.756767425993429, 14.756767425993429, 14.756767425993429, 14.756767425993429, 14.756767425993429, 14.756767425993429, 14.756767425993429, 14.756767425993429, 14.756767425993429, 14.756767425993429, 14.756767425993429, 14.756767425993429, 14.756767425993429, 14.756767425993429, 14.756767425993429, 14.756767425993429, 14.756767425993429, 14.756767425993429, 14.756767425993429, 14.756767425993429, 14.756767425993429, 14.756767425993429, 14.756767425993429, 14.756767425993429, 14.756767425993429, 14.756767425993429, 14.756767425993429, 14.756767425993429, 14.756767425993429, 14.756767425993429, 14.756767425993429, 14.756767425993429, 14.756767425993429, 14.756767425993429, 14.756767425993429, 14.756767425993429, 14.756767425993429, 14.756767425993429, 14.756767425993429, 14.756767425993429, 14.756767425993429, 14.756767425993429, 14.756767425993429, 14.756767425993429, 14.756767425993429, 14.756767425993429, 14.756767425993429, 14.756767425993429, 14.756767425993429, 14.756767425993429, 14.756767425993429, 14.756767425993429, 14.756767425993429, 14.756767425993429, 14.756767425993429, 14.756767425993429, 14.743965406083241, 14.650099204978503, 14.672393159397322, 14.68979385109259, 14.61168458841322, 14.564694821102805, 14.287198858781693, 14.4260752222854, 14.352638879723044, 14.41698635642176, 14.457673226662063, 14.28870154621689, 14.29601012200353, 14.253599331675737, 14.24229398780134, 14.008294221718796, 14.137249289229327, 14.001723882352495, 13.893340284253153, 13.70075066826737, 13.570035569261478, 13.392828896610492, 13.263174544735998, 13.158306014417198, 12.988176037200448, 12.831854474509065, 12.84890859748083, 12.818433436525899, 12.874129560556064, 12.647184226131564, 12.559861755572038, 12.384993746940005, 12.283376010500461, 12.199511329748757, 12.334432570353771, 12.179109047463273, 12.02127166087725, 12.038388039293833, 11.993538272744694, 11.810761676621492, 11.583666955112566, 11.39943820024507, 11.37842083652498, 11.295621736558275, 11.280111919697449, 11.218040928681727, 11.181259105963488, 11.07125854882748, 10.893429043128984, 10.86264173811553, 10.68403255891272, 10.6524716131813, 10.632272875700549, 10.517000371748898, 10.494506187930044, 10.367951583625134, 10.303633174319415, 10.492526947526114, 10.263842799099681, 10.366838502749578, 10.118119977569313, 9.965176455750605, 9.679276652957993, 9.433742360601453, 9.543517640424213, 9.521851768149181, 9.354048282739791, 9.371865525176924, 9.177319586988931, 9.107326836645825, 9.105342853943569, 8.971069876022142, 8.913350792511167, 8.77234124977007, 8.744926051716758, 8.773035692345807, 8.654934245263133, 8.536143119428813, 8.615521736351836, 8.473620557983208, 8.319170898580445, 8.234670518823442, 8.121322270736064, 8.003606836723625, 7.824923734665212, 8.023805891429639, 7.866540370150319, 7.756724116520175, 7.535953256397914, 7.397850903279096, 7.27874205117551, 7.4271670264393865, 7.259065097500022, 7.168850765690477, 7.01634939911471, 7.009998912751167, 6.947949016423194, 6.944918020293166, 6.706985062017174, 6.752523043563703, 6.597263958233298, 6.61702929595742, 6.3929855622329725, 6.171480844506933, 6.307290661433241, 6.18955032949375, 5.987819838065617, 6.07981324037443, 5.97756285656515, 6.014101637474486, 5.851139205023771, 5.623278082995171, 5.531153156476064, 5.4954420879550865, 5.350120263482298, 5.383413868812734, 5.208007177287114, 5.329793985580002, 5.201528535549106, 4.9952933339950585, 5.14849970825625, 5.09285676643988, 5.0086809925319935, 4.99553499263088]
Blocksize strategy selection process: -0.057645 --> -0.057645, len_BS = 1
Blocksize strategy selection process: -0.045802 --> -0.031213, len_BS = 100
Blocksize strategy selection process: -0.045606 --> -0.031211, len_BS = 149
Blocksize strategy selection process: -0.045410 --> -0.031211, len_BS = 204
Blocksize strategy selection process: -0.045215 --> -0.031211, len_BS = 260
Blocksize strategy selection process: -0.045020 --> -0.031211, len_BS = 314
Blocksize strategy selection process: -0.041307 --> -0.031211, len_BS = 361
Blocksize strategy selection process: -0.041185 --> -0.031211, len_BS = 371
Blocksize strategy selection process: -0.041119 --> -0.031211, len_BS = 421
Blocksize strategy selection process: -0.041063 --> -0.031211, len_BS = 452
Blocksize strategy selection process: -0.040999 --> -0.031211, len_BS = 494
Blocksize strategy selection process: -0.040941 --> -0.031211, len_BS = 521
Blocksize strategy selection process: -0.040934 --> -0.031211, len_BS = 556
Blocksize strategy selection process: -0.040877 --> -0.031211, len_BS = 556
Blocksize strategy selection process: -0.040818 --> -0.031211, len_BS = 585
Blocksize strategy selection process: -0.040814 --> -0.031211, len_BS = 619
Blocksize strategy selection process: -0.040755 --> -0.031211, len_BS = 619
Blocksize strategy selection process: -0.040009 --> -0.031211, len_BS = 643
Blocksize strategy selection process: -0.039914 --> -0.031211, len_BS = 688
Blocksize strategy selection process: -0.038811 --> -0.031211, len_BS = 733
Blocksize strategy selection process: -0.038767 --> -0.031211, len_BS = 748
Blocksize strategy selection process: -0.038685 --> -0.031211, len_BS = 785
Blocksize strategy selection process: -0.038642 --> -0.031211, len_BS = 833
Blocksize strategy selection process: -0.038599 --> -0.031211, len_BS = 869
Blocksize strategy selection process: -0.037970 --> -0.031211, len_BS = 904
Blocksize strategy selection process: -0.037942 --> -0.031211, len_BS = 888
Blocksize strategy selection process: -0.037930 --> -0.031211, len_BS = 929
Blocksize strategy selection process: -0.037862 --> -0.031211, len_BS = 957
Blocksize strategy selection process: -0.037836 --> -0.031211, len_BS = 1008
Blocksize strategy selection process: -0.037824 --> -0.031211, len_BS = 1050
Blocksize strategy selection process: -0.037809 --> -0.031211, len_BS = 1086
Blocksize strategy selection process: -0.037742 --> -0.031211, len_BS = 1117
Blocksize strategy selection process: -0.037720 --> -0.031211, len_BS = 1158
Blocksize strategy selection process: -0.037438 --> -0.031211, len_BS = 1203
Blocksize strategy selection process: -0.036887 --> -0.031211, len_BS = 1199
Blocksize strategy selection process: -0.036866 --> -0.031211, len_BS = 959
Blocksize strategy selection process: -0.036857 --> -0.031211, len_BS = 996
Blocksize strategy selection process: -0.036844 --> -0.031211, len_BS = 1017
Blocksize strategy selection process: -0.036835 --> -0.031211, len_BS = 1043
Blocksize strategy selection process: -0.036823 --> -0.031211, len_BS = 1064
Blocksize strategy selection process: -0.036814 --> -0.031211, len_BS = 1088
Blocksize strategy selection process: -0.036802 --> -0.031211, len_BS = 1110
Blocksize strategy selection process: -0.036793 --> -0.031211, len_BS = 1137
Blocksize strategy selection process: -0.036708 --> -0.031211, len_BS = 1157
Blocksize strategy selection process: -0.036691 --> -0.031211, len_BS = 1187
Blocksize strategy selection process: -0.036469 --> -0.031211, len_BS = 1219
Blocksize strategy selection process: -0.036463 --> -0.031211, len_BS = 1216
Blocksize strategy selection process: -0.036449 --> -0.031211, len_BS = 1230
Blocksize strategy selection process: -0.036444 --> -0.031211, len_BS = 1253
Blocksize strategy selection process: -0.036438 --> -0.031211, len_BS = 1268
Blocksize strategy selection process: -0.036360 --> -0.031211, len_BS = 1285
Blocksize strategy selection process: -0.036357 --> -0.031210, len_BS = 1320
Blocksize strategy selection process: -0.036355 --> -0.031210, len_BS = 1328
Blocksize strategy selection process: -0.036344 --> -0.031210, len_BS = 1331
Blocksize strategy selection process: -0.036340 --> -0.031210, len_BS = 1359
Blocksize strategy selection process: -0.036339 --> -0.031210, len_BS = 1368
Blocksize strategy selection process: -0.036337 --> -0.031210, len_BS = 1372
Blocksize strategy selection process: -0.036331 --> -0.031210, len_BS = 1375
Blocksize strategy selection process: -0.036328 --> -0.031210, len_BS = 1390
Blocksize strategy selection process: -0.036264 --> -0.031210, len_BS = 1397
Blocksize strategy selection process: -0.036261 --> -0.031210, len_BS = 1430
Blocksize strategy selection process: -0.036260 --> -0.031210, len_BS = 1439
Blocksize strategy selection process: -0.036248 --> -0.031210, len_BS = 1441
Blocksize strategy selection process: -0.036244 --> -0.031210, len_BS = 1468
Blocksize strategy selection process: -0.036243 --> -0.031210, len_BS = 1474
Blocksize strategy selection process: -0.036241 --> -0.031210, len_BS = 1478
Blocksize strategy selection process: -0.036236 --> -0.031210, len_BS = 1482
Blocksize strategy selection process: -0.036233 --> -0.031210, len_BS = 1489
Blocksize strategy selection process: -0.036168 --> -0.031210, len_BS = 1492
Blocksize strategy selection process: -0.036165 --> -0.031210, len_BS = 1520
Blocksize strategy selection process: -0.036163 --> -0.031210, len_BS = 1526
Blocksize strategy selection process: -0.036152 --> -0.031210, len_BS = 1528
Blocksize strategy selection process: -0.036102 --> -0.031210, len_BS = 1553
Blocksize strategy selection process: -0.036099 --> -0.031210, len_BS = 1579
Blocksize strategy selection process: -0.036098 --> -0.031210, len_BS = 1583
Blocksize strategy selection process: -0.036097 --> -0.031210, len_BS = 1587
Blocksize strategy selection process: -0.036096 --> -0.031210, len_BS = 1588
Blocksize strategy selection process: -0.036094 --> -0.031210, len_BS = 1591
Blocksize strategy selection process: -0.036093 --> -0.031210, len_BS = 1593
Blocksize strategy selection process: -0.036092 --> -0.031210, len_BS = 1597
Blocksize strategy selection process: -0.036091 --> -0.031210, len_BS = 1598
Blocksize strategy selection process: -0.036080 --> -0.031210, len_BS = 1599
Blocksize strategy selection process: -0.036078 --> -0.031210, len_BS = 1618
Blocksize strategy selection process: -0.036010 --> -0.031210, len_BS = 1625
Blocksize strategy selection process: -0.036007 --> -0.031210, len_BS = 1657
Blocksize strategy selection process: -0.036006 --> -0.031210, len_BS = 1662
Blocksize strategy selection process: -0.036005 --> -0.031210, len_BS = 1663
Blocksize strategy selection process: -0.036004 --> -0.031210, len_BS = 1665
Blocksize strategy selection process: -0.036002 --> -0.031210, len_BS = 1666
Blocksize strategy selection process: -0.036001 --> -0.031210, len_BS = 1667
Blocksize strategy selection process: -0.036000 --> -0.031210, len_BS = 1668
Blocksize strategy selection process: -0.035999 --> -0.031210, len_BS = 1675
Blocksize strategy selection process: -0.035989 --> -0.031210, len_BS = 1676
Blocksize strategy selection process: -0.035987 --> -0.031210, len_BS = 1697
Blocksize strategy selection process: -0.035918 --> -0.031210, len_BS = 1700
Blocksize strategy selection process: -0.035915 --> -0.031210, len_BS = 1726
Blocksize strategy selection process: -0.035914 --> -0.031210, len_BS = 1731
Blocksize strategy selection process: -0.035913 --> -0.031210, len_BS = 1731
Blocksize strategy selection process: -0.035912 --> -0.031210, len_BS = 1732
Blocksize strategy selection process: -0.035910 --> -0.031210, len_BS = 1734
Blocksize strategy selection process: -0.035909 --> -0.031210, len_BS = 1737
Blocksize strategy selection process: -0.035908 --> -0.031210, len_BS = 1738
Blocksize strategy selection process: -0.035907 --> -0.031210, len_BS = 1741
Blocksize strategy selection process: -0.035897 --> -0.031210, len_BS = 1743
Blocksize strategy selection process: -0.035896 --> -0.031210, len_BS = 1753
Blocksize strategy selection process: -0.035826 --> -0.031210, len_BS = 1759
Blocksize strategy selection process: -0.035823 --> -0.031210, len_BS = 1787
Blocksize strategy selection process: -0.035822 --> -0.031210, len_BS = 1792
Blocksize strategy selection process: -0.035821 --> -0.031210, len_BS = 1794
Blocksize strategy selection process: -0.035820 --> -0.031210, len_BS = 1794
Blocksize strategy selection process: -0.035818 --> -0.031210, len_BS = 1794
Blocksize strategy selection process: -0.035817 --> -0.031210, len_BS = 1800
Blocksize strategy selection process: -0.035816 --> -0.031210, len_BS = 1800
Blocksize strategy selection process: -0.035815 --> -0.031210, len_BS = 1801
Blocksize strategy selection process: -0.035805 --> -0.031210, len_BS = 1802
Blocksize strategy selection process: -0.035803 --> -0.031210, len_BS = 1817
Blocksize strategy selection process: -0.035732 --> -0.031210, len_BS = 1821
Blocksize strategy selection process: -0.035730 --> -0.031210, len_BS = 1839
Blocksize strategy selection process: -0.035729 --> -0.031210, len_BS = 1842
Blocksize strategy selection process: -0.035728 --> -0.031210, len_BS = 1842
Blocksize strategy selection process: -0.035727 --> -0.031210, len_BS = 1842
Blocksize strategy selection process: -0.035725 --> -0.031210, len_BS = 1844
Blocksize strategy selection process: -0.035724 --> -0.031210, len_BS = 1846
Blocksize strategy selection process: -0.035723 --> -0.031210, len_BS = 1846
Blocksize strategy selection process: -0.035722 --> -0.031210, len_BS = 1846
Blocksize strategy selection process: -0.035713 --> -0.031210, len_BS = 1848
Blocksize strategy selection process: -0.035711 --> -0.031210, len_BS = 1864
Blocksize strategy selection process: -0.035639 --> -0.031210, len_BS = 1865
Blocksize strategy selection process: -0.035637 --> -0.031210, len_BS = 1892
Blocksize strategy selection process: -0.035636 --> -0.031210, len_BS = 1892
Blocksize strategy selection process: -0.035635 --> -0.031210, len_BS = 1896
Blocksize strategy selection process: -0.035634 --> -0.031210, len_BS = 1898
Blocksize strategy selection process: -0.035633 --> -0.031210, len_BS = 1898
Blocksize strategy selection process: -0.035632 --> -0.031210, len_BS = 1901
Blocksize strategy selection process: -0.035630 --> -0.031210, len_BS = 1904
Blocksize strategy selection process: -0.035629 --> -0.031210, len_BS = 1906
Blocksize strategy selection process: -0.035620 --> -0.031210, len_BS = 1906
Blocksize strategy selection process: -0.035619 --> -0.031210, len_BS = 1919
Blocksize strategy selection process: -0.035546 --> -0.031210, len_BS = 1919
Blocksize strategy selection process: -0.035544 --> -0.031210, len_BS = 1941
Blocksize strategy selection process: -0.035382 --> -0.031210, len_BS = 1945
Blocksize strategy selection process: -0.035379 --> -0.031210, len_BS = 1938
Blocksize strategy selection process: -0.035378 --> -0.031210, len_BS = 1940
Blocksize strategy selection process: -0.035343 --> -0.031210, len_BS = 1943
Blocksize strategy selection process: -0.035266 --> -0.031210, len_BS = 1962
Blocksize strategy selection process: -0.035264 --> -0.031210, len_BS = 1978
Blocksize strategy selection process: -0.035263 --> -0.031210, len_BS = 1982
Blocksize strategy selection process: -0.035262 --> -0.031210, len_BS = 1982
Blocksize strategy selection process: -0.035261 --> -0.031210, len_BS = 1982
Blocksize strategy selection process: -0.035260 --> -0.031210, len_BS = 1982
Blocksize strategy selection process: -0.035259 --> -0.031210, len_BS = 1983
Blocksize strategy selection process: -0.035258 --> -0.031210, len_BS = 1984
Blocksize strategy selection process: -0.035257 --> -0.031210, len_BS = 1988
Blocksize strategy selection process: -0.035249 --> -0.031210, len_BS = 1988
Blocksize strategy selection process: -0.035248 --> -0.031210, len_BS = 1995
Blocksize strategy selection process: -0.035227 --> -0.031210, len_BS = 1997
Blocksize strategy selection process: -0.035173 --> -0.031210, len_BS = 2018
Blocksize strategy selection process: -0.035171 --> -0.031210, len_BS = 2033
Blocksize strategy selection process: -0.035170 --> -0.031210, len_BS = 2035
Blocksize strategy selection process: -0.035155 --> -0.031210, len_BS = 2035
Blocksize strategy selection process: -0.034991 --> -0.031210, len_BS = 2049
Blocksize strategy selection process: -0.034984 --> -0.031210, len_BS = 2039
Blocksize strategy selection process: -0.034983 --> -0.031210, len_BS = 2040
Blocksize strategy selection process: -0.034982 --> -0.031210, len_BS = 2040
Blocksize strategy selection process: -0.034981 --> -0.031210, len_BS = 2040
Blocksize strategy selection process: -0.034980 --> -0.031210, len_BS = 2040
Blocksize strategy selection process: -0.034979 --> -0.031210, len_BS = 2040
Blocksize strategy selection process: -0.034970 --> -0.031210, len_BS = 2040
Blocksize strategy selection process: -0.034949 --> -0.031210, len_BS = 2044
Blocksize strategy selection process: -0.034948 --> -0.031210, len_BS = 2059
Blocksize strategy selection process: -0.034947 --> -0.031210, len_BS = 2060
Blocksize strategy selection process: -0.034892 --> -0.031210, len_BS = 2060
Blocksize strategy selection process: -0.034891 --> -0.031210, len_BS = 2072
Blocksize strategy selection process: -0.034890 --> -0.031210, len_BS = 2073
Blocksize strategy selection process: -0.034889 --> -0.031210, len_BS = 2075
Blocksize strategy selection process: -0.034888 --> -0.031210, len_BS = 2077
Blocksize strategy selection process: -0.034884 --> -0.031210, len_BS = 2078
Blocksize strategy selection process: -0.034708 --> -0.031210, len_BS = 2080
Blocksize strategy selection process: -0.034706 --> -0.031210, len_BS = 2075
Blocksize strategy selection process: -0.034672 --> -0.031210, len_BS = 2085
Blocksize strategy selection process: -0.034671 --> -0.031210, len_BS = 2090
Blocksize strategy selection process: -0.034670 --> -0.031210, len_BS = 2090
Blocksize strategy selection process: -0.034669 --> -0.031210, len_BS = 2090
Blocksize strategy selection process: -0.034612 --> -0.031210, len_BS = 2092
Blocksize strategy selection process: -0.034611 --> -0.031210, len_BS = 2104
Blocksize strategy selection process: -0.034610 --> -0.031210, len_BS = 2105
Blocksize strategy selection process: -0.034609 --> -0.031210, len_BS = 2105
Blocksize strategy selection process: -0.034608 --> -0.031210, len_BS = 2106
Blocksize strategy selection process: -0.034607 --> -0.031210, len_BS = 2108
Blocksize strategy selection process: -0.034598 --> -0.031210, len_BS = 2108
Blocksize strategy selection process: -0.034580 --> -0.031210, len_BS = 2111
Blocksize strategy selection process: -0.034579 --> -0.031210, len_BS = 2122
Blocksize strategy selection process: -0.034578 --> -0.031210, len_BS = 2122
Blocksize strategy selection process: -0.034520 --> -0.031210, len_BS = 2123
Blocksize strategy selection process: -0.034518 --> -0.031210, len_BS = 2143
Blocksize strategy selection process: -0.034517 --> -0.031210, len_BS = 2145
Blocksize strategy selection process: -0.034516 --> -0.031210, len_BS = 2145
Blocksize strategy selection process: -0.034512 --> -0.031210, len_BS = 2147
Blocksize strategy selection process: -0.034426 --> -0.031210, len_BS = 2150
Blocksize strategy selection process: -0.034422 --> -0.031210, len_BS = 2160
Blocksize strategy selection process: -0.034421 --> -0.031210, len_BS = 2165
Blocksize strategy selection process: -0.034420 --> -0.031210, len_BS = 2165
Blocksize strategy selection process: -0.034419 --> -0.031210, len_BS = 2166
Blocksize strategy selection process: -0.034395 --> -0.031210, len_BS = 2166
Blocksize strategy selection process: -0.034394 --> -0.031210, len_BS = 2180
Blocksize strategy selection process: -0.034332 --> -0.031210, len_BS = 2181
Blocksize strategy selection process: -0.034331 --> -0.031210, len_BS = 2195
Blocksize strategy selection process: -0.034330 --> -0.031210, len_BS = 2197
Blocksize strategy selection process: -0.034329 --> -0.031210, len_BS = 2197
Blocksize strategy selection process: -0.034328 --> -0.031210, len_BS = 2198
Blocksize strategy selection process: -0.034304 --> -0.031210, len_BS = 2198
Blocksize strategy selection process: -0.034296 --> -0.031210, len_BS = 2207
Blocksize strategy selection process: -0.034238 --> -0.031210, len_BS = 2210
Blocksize strategy selection process: -0.034237 --> -0.031210, len_BS = 2226
Blocksize strategy selection process: -0.034212 --> -0.031210, len_BS = 2227
Blocksize strategy selection process: -0.034177 --> -0.031210, len_BS = 2240
Blocksize strategy selection process: -0.034170 --> -0.031210, len_BS = 2253
Blocksize strategy selection process: -0.034169 --> -0.031210, len_BS = 2259
Blocksize strategy selection process: -0.034168 --> -0.031210, len_BS = 2259
Blocksize strategy selection process: -0.034162 --> -0.031210, len_BS = 2259
Blocksize strategy selection process: -0.034161 --> -0.031210, len_BS = 2262
Blocksize strategy selection process: -0.034057 --> -0.031210, len_BS = 2262
Blocksize strategy selection process: -0.034055 --> -0.031210, len_BS = 2272
Blocksize strategy selection process: -0.034054 --> -0.031210, len_BS = 2272
Blocksize strategy selection process: -0.034053 --> -0.031210, len_BS = 2272
Blocksize strategy selection process: -0.034052 --> -0.031210, len_BS = 2273
Blocksize strategy selection process: -0.034051 --> -0.031210, len_BS = 2273
Blocksize strategy selection process: -0.034045 --> -0.031210, len_BS = 2273
Blocksize strategy selection process: -0.034044 --> -0.031210, len_BS = 2277
Blocksize strategy selection process: -0.034029 --> -0.031210, len_BS = 2277
Blocksize strategy selection process: -0.034028 --> -0.031210, len_BS = 2281
Blocksize strategy selection process: -0.034027 --> -0.031210, len_BS = 2282
Blocksize strategy selection process: -0.034022 --> -0.031210, len_BS = 2282
Blocksize strategy selection process: -0.034021 --> -0.031210, len_BS = 2286
Blocksize strategy selection process: -0.034020 --> -0.031210, len_BS = 2287
Blocksize strategy selection process: -0.033965 --> -0.031210, len_BS = 2287
Blocksize strategy selection process: -0.033964 --> -0.031210, len_BS = 2300
Blocksize strategy selection process: -0.033963 --> -0.031210, len_BS = 2300
Blocksize strategy selection process: -0.033914 --> -0.031210, len_BS = 2301
Blocksize strategy selection process: -0.033908 --> -0.031210, len_BS = 2315
Blocksize strategy selection process: -0.033907 --> -0.031210, len_BS = 2317
Blocksize strategy selection process: -0.033850 --> -0.031210, len_BS = 2317
Blocksize strategy selection process: -0.033843 --> -0.031210, len_BS = 2328
Blocksize strategy selection process: -0.033842 --> -0.031210, len_BS = 2332
Blocksize strategy selection process: -0.033841 --> -0.031210, len_BS = 2332
Blocksize strategy selection process: -0.033783 --> -0.031210, len_BS = 2332
Blocksize strategy selection process: -0.033782 --> -0.031210, len_BS = 2344
Blocksize strategy selection process: -0.033781 --> -0.031210, len_BS = 2344
Blocksize strategy selection process: -0.033780 --> -0.031210, len_BS = 2345
Blocksize strategy selection process: -0.033775 --> -0.031210, len_BS = 2346
Blocksize strategy selection process: -0.033697 --> -0.031210, len_BS = 2346
Blocksize strategy selection process: -0.033692 --> -0.031210, len_BS = 2359
Blocksize strategy selection process: -0.033691 --> -0.031210, len_BS = 2360
Blocksize strategy selection process: -0.033584 --> -0.031210, len_BS = 2360
Blocksize strategy selection process: -0.033502 --> -0.031210, len_BS = 2369
Blocksize strategy selection process: -0.033408 --> -0.031210, len_BS = 2378
Blocksize strategy selection process: -0.033407 --> -0.031210, len_BS = 2387
Blocksize strategy selection process: -0.033406 --> -0.031210, len_BS = 2387
Blocksize strategy selection process: -0.033320 --> -0.031210, len_BS = 2387
Blocksize strategy selection process: -0.033317 --> -0.031210, len_BS = 2395
Blocksize strategy selection process: -0.033316 --> -0.031210, len_BS = 2396
Blocksize strategy selection process: -0.033268 --> -0.031210, len_BS = 2396
Blocksize strategy selection process: -0.033250 --> -0.031210, len_BS = 2404
Blocksize strategy selection process: -0.033249 --> -0.031210, len_BS = 2406
Blocksize strategy selection process: -0.033248 --> -0.031210, len_BS = 2406
Blocksize strategy selection process: -0.033245 --> -0.031210, len_BS = 2406
Blocksize strategy selection process: -0.033228 --> -0.031210, len_BS = 2406
Blocksize strategy selection process: -0.033224 --> -0.031210, len_BS = 2409
Blocksize strategy selection process: -0.033075 --> -0.031210, len_BS = 2410
Blocksize strategy selection process: -0.033070 --> -0.031210, len_BS = 2424
Blocksize strategy selection process: -0.033024 --> -0.031210, len_BS = 2425
Blocksize strategy selection process: -0.033021 --> -0.031210, len_BS = 2428
Blocksize strategy selection process: -0.032913 --> -0.031210, len_BS = 2428
Blocksize strategy selection process: -0.032834 --> -0.031210, len_BS = 2434
Blocksize strategy selection process: -0.032828 --> -0.031210, len_BS = 2441
Blocksize strategy selection process: -0.032757 --> -0.031210, len_BS = 2441
Blocksize strategy selection process: -0.032681 --> -0.031210, len_BS = 2447
Blocksize strategy selection process: -0.032602 --> -0.031210, len_BS = 2452
Blocksize strategy selection process: -0.032569 --> -0.031210, len_BS = 2459
Blocksize strategy selection process: -0.032529 --> -0.031210, len_BS = 2461
Blocksize strategy selection process: -0.032527 --> -0.031210, len_BS = 2464
Blocksize strategy selection process: -0.032456 --> -0.031210, len_BS = 2464
Blocksize strategy selection process: -0.032387 --> -0.031210, len_BS = 2469
Blocksize strategy selection process: -0.032361 --> -0.031210, len_BS = 2473
Blocksize strategy selection process: -0.032351 --> -0.031210, len_BS = 2474
Blocksize strategy selection process: -0.032350 --> -0.031210, len_BS = 2474
Blocksize strategy selection process: -0.032341 --> -0.031210, len_BS = 2474
Blocksize strategy selection process: -0.032339 --> -0.031210, len_BS = 2474
Blocksize strategy selection process: -0.032193 --> -0.031210, len_BS = 2474
Blocksize strategy selection process: -0.032166 --> -0.031210, len_BS = 2481
Blocksize strategy selection process: -0.032164 --> -0.031210, len_BS = 2482
Blocksize strategy selection process: -0.032128 --> -0.031210, len_BS = 2482
Blocksize strategy selection process: -0.032127 --> -0.031210, len_BS = 2485
Blocksize strategy selection process: -0.032001 --> -0.031210, len_BS = 2485
Blocksize strategy selection process: -0.031999 --> -0.031210, len_BS = 2488
Blocksize strategy selection process: -0.031987 --> -0.031210, len_BS = 2489
Blocksize strategy selection process: -0.031986 --> -0.031210, len_BS = 2489
Blocksize strategy selection process: -0.031985 --> -0.031210, len_BS = 2489
Blocksize strategy selection process: -0.031984 --> -0.031210, len_BS = 2489
Blocksize strategy selection process: -0.031981 --> -0.031210, len_BS = 2489
Blocksize strategy selection process: -0.031980 --> -0.031210, len_BS = 2489
Blocksize strategy selection process: -0.031978 --> -0.031210, len_BS = 2489
Blocksize strategy selection process: -0.031977 --> -0.031210, len_BS = 2489
Blocksize strategy selection process: -0.031976 --> -0.031210, len_BS = 2489
Blocksize strategy selection process: -0.031975 --> -0.031210, len_BS = 2489
Blocksize strategy selection process: -0.031974 --> -0.031210, len_BS = 2489
Blocksize strategy selection process: -0.031973 --> -0.031210, len_BS = 2489
Blocksize strategy selection process: -0.031972 --> -0.031210, len_BS = 2489
Blocksize strategy selection process: -0.031971 --> -0.031210, len_BS = 2489
Blocksize strategy selection process: -0.031970 --> -0.031210, len_BS = 2489
Blocksize strategy selection process: -0.031969 --> -0.031210, len_BS = 2489
Blocksize strategy selection process: -0.031968 --> -0.031210, len_BS = 2489
Blocksize strategy selection process: -0.031967 --> -0.031210, len_BS = 2489
Blocksize strategy selection process: -0.031964 --> -0.031210, len_BS = 2489
Blocksize strategy selection process: -0.031963 --> -0.031210, len_BS = 2490
Blocksize strategy selection process: -0.031962 --> -0.031210, len_BS = 2490
Blocksize strategy selection process: -0.031961 --> -0.031210, len_BS = 2490
Blocksize strategy selection process: -0.031902 --> -0.031210, len_BS = 2490
Blocksize strategy selection process: -0.031901 --> -0.031210, len_BS = 2491
Blocksize strategy selection process: -0.031900 --> -0.031210, len_BS = 2491
Blocksize strategy selection process: -0.031871 --> -0.031210, len_BS = 2491
Blocksize strategy selection process: -0.031870 --> -0.031210, len_BS = 2492
Blocksize strategy selection process: -0.031869 --> -0.031210, len_BS = 2492
Blocksize strategy selection process: -0.031868 --> -0.031210, len_BS = 2492
Blocksize strategy selection process: -0.031867 --> -0.031210, len_BS = 2492
Blocksize strategy selection process: -0.031866 --> -0.031210, len_BS = 2492
Blocksize strategy selection process: -0.031865 --> -0.031210, len_BS = 2492
Blocksize strategy selection process: -0.031864 --> -0.031210, len_BS = 2492
Blocksize strategy selection process: -0.031863 --> -0.031210, len_BS = 2492
Blocksize strategy selection process: -0.031862 --> -0.031210, len_BS = 2492
Blocksize strategy selection process: -0.031861 --> -0.031210, len_BS = 2492
Blocksize strategy selection process: -0.031860 --> -0.031210, len_BS = 2492
Blocksize strategy selection process: -0.031859 --> -0.031210, len_BS = 2492
Blocksize strategy selection process: -0.031857 --> -0.031210, len_BS = 2492
Blocksize strategy selection process: -0.031856 --> -0.031210, len_BS = 2492
Blocksize strategy selection process: -0.031855 --> -0.031210, len_BS = 2492
Blocksize strategy selection process: -0.031854 --> -0.031210, len_BS = 2492
Blocksize strategy selection process: -0.031852 --> -0.031210, len_BS = 2492
Blocksize strategy selection process: -0.031851 --> -0.031210, len_BS = 2492
Blocksize strategy selection process: -0.031822 --> -0.031210, len_BS = 2492
Blocksize strategy selection process: -0.031819 --> -0.031210, len_BS = 2492
Blocksize strategy selection process: -0.031818 --> -0.031210, len_BS = 2492
Blocksize strategy selection process: -0.031817 --> -0.031210, len_BS = 2492
Blocksize strategy selection process: -0.031816 --> -0.031210, len_BS = 2492
Blocksize strategy selection process: -0.031815 --> -0.031210, len_BS = 2492
Blocksize strategy selection process: -0.031814 --> -0.031210, len_BS = 2492
Blocksize strategy selection process: -0.031813 --> -0.031210, len_BS = 2492
Blocksize strategy selection process: -0.031812 --> -0.031210, len_BS = 2492
Blocksize strategy selection process: -0.031811 --> -0.031210, len_BS = 2492
Blocksize strategy selection process: -0.031810 --> -0.031210, len_BS = 2492
Blocksize strategy selection process: -0.031809 --> -0.031210, len_BS = 2492
Blocksize strategy selection process: -0.031808 --> -0.031210, len_BS = 2492
Blocksize strategy selection process: -0.031806 --> -0.031210, len_BS = 2492
Blocksize strategy selection process: -0.031805 --> -0.031210, len_BS = 2492
Blocksize strategy selection process: -0.031804 --> -0.031210, len_BS = 2492
Blocksize strategy selection process: -0.031802 --> -0.031210, len_BS = 2492
Blocksize strategy selection process: -0.031801 --> -0.031210, len_BS = 2492
Blocksize strategy selection process: -0.031721 --> -0.031210, len_BS = 2492
Blocksize strategy selection process: -0.031720 --> -0.031210, len_BS = 2493
Blocksize strategy selection process: -0.031719 --> -0.031210, len_BS = 2493
Blocksize strategy selection process: -0.031718 --> -0.031210, len_BS = 2493
Blocksize strategy selection process: -0.031717 --> -0.031210, len_BS = 2493
Blocksize strategy selection process: -0.031716 --> -0.031210, len_BS = 2493
Blocksize strategy selection process: -0.031715 --> -0.031210, len_BS = 2493
Blocksize strategy selection process: -0.031714 --> -0.031210, len_BS = 2493
Blocksize strategy selection process: -0.031713 --> -0.031210, len_BS = 2494
Blocksize strategy selection process: -0.031712 --> -0.031210, len_BS = 2494
Blocksize strategy selection process: -0.031711 --> -0.031210, len_BS = 2494
Blocksize strategy selection process: -0.031709 --> -0.031210, len_BS = 2494
Blocksize strategy selection process: -0.031708 --> -0.031210, len_BS = 2494
Blocksize strategy selection process: -0.031706 --> -0.031210, len_BS = 2494
Blocksize strategy selection process: -0.031705 --> -0.031210, len_BS = 2494
Blocksize strategy selection process: -0.031703 --> -0.031210, len_BS = 2494
Blocksize strategy selection process: -0.031702 --> -0.031210, len_BS = 2494
Blocksize strategy selection process: -0.031677 --> -0.031210, len_BS = 2494
Blocksize strategy selection process: -0.031676 --> -0.031210, len_BS = 2494
Blocksize strategy selection process: -0.031674 --> -0.031210, len_BS = 2494
Blocksize strategy selection process: -0.031673 --> -0.031210, len_BS = 2494
Blocksize strategy selection process: -0.031672 --> -0.031210, len_BS = 2494
Blocksize strategy selection process: -0.031671 --> -0.031210, len_BS = 2494
Blocksize strategy selection process: -0.031670 --> -0.031210, len_BS = 2494
Blocksize strategy selection process: -0.031669 --> -0.031210, len_BS = 2494
Blocksize strategy selection process: -0.031668 --> -0.031210, len_BS = 2494
Blocksize strategy selection process: -0.031667 --> -0.031210, len_BS = 2494
Blocksize strategy selection process: -0.031666 --> -0.031210, len_BS = 2494
Blocksize strategy selection process: -0.031664 --> -0.031210, len_BS = 2494
Blocksize strategy selection process: -0.031663 --> -0.031210, len_BS = 2494
Blocksize strategy selection process: -0.031662 --> -0.031210, len_BS = 2494
Blocksize strategy selection process: -0.031661 --> -0.031210, len_BS = 2494
Blocksize strategy selection process: -0.031660 --> -0.031210, len_BS = 2494
Blocksize strategy selection process: -0.031658 --> -0.031210, len_BS = 2494
Blocksize strategy selection process: -0.031657 --> -0.031210, len_BS = 2494
Blocksize strategy selection process: -0.031656 --> -0.031210, len_BS = 2494
Blocksize strategy selection process: -0.031655 --> -0.031210, len_BS = 2494
Blocksize strategy selection process: -0.031632 --> -0.031210, len_BS = 2494
Blocksize strategy selection process: -0.031631 --> -0.031210, len_BS = 2494
Blocksize strategy selection process: -0.031629 --> -0.031210, len_BS = 2494
Blocksize strategy selection process: -0.031628 --> -0.031210, len_BS = 2494
Blocksize strategy selection process: -0.031627 --> -0.031210, len_BS = 2494
Blocksize strategy selection process: -0.031626 --> -0.031210, len_BS = 2494
Blocksize strategy selection process: -0.031625 --> -0.031210, len_BS = 2495
Blocksize strategy selection process: -0.031624 --> -0.031210, len_BS = 2495
Blocksize strategy selection process: -0.031623 --> -0.031210, len_BS = 2495
Blocksize strategy selection process: -0.031622 --> -0.031210, len_BS = 2495
Blocksize strategy selection process: -0.031620 --> -0.031210, len_BS = 2495
Blocksize strategy selection process: -0.031619 --> -0.031210, len_BS = 2495
Blocksize strategy selection process: -0.031596 --> -0.031210, len_BS = 2495
Blocksize strategy selection process: -0.031594 --> -0.031210, len_BS = 2495
Blocksize strategy selection process: -0.031589 --> -0.031210, len_BS = 2495
Blocksize strategy selection process: -0.031588 --> -0.031210, len_BS = 2495
Blocksize strategy selection process: -0.031587 --> -0.031210, len_BS = 2495
Blocksize strategy selection process: -0.031586 --> -0.031210, len_BS = 2495
Blocksize strategy selection process: -0.031585 --> -0.031210, len_BS = 2495
Blocksize strategy selection process: -0.031584 --> -0.031210, len_BS = 2495
Blocksize strategy selection process: -0.031583 --> -0.031210, len_BS = 2495
Blocksize strategy selection process: -0.031582 --> -0.031210, len_BS = 2495
Blocksize strategy selection process: -0.031581 --> -0.031210, len_BS = 2495
Blocksize strategy selection process: -0.031580 --> -0.031210, len_BS = 2495
Blocksize strategy selection process: -0.031579 --> -0.031210, len_BS = 2495
Blocksize strategy selection process: -0.031578 --> -0.031210, len_BS = 2495
Blocksize strategy selection process: -0.031577 --> -0.031210, len_BS = 2495
Blocksize strategy selection process: -0.031556 --> -0.031210, len_BS = 2495
Blocksize strategy selection process: -0.031555 --> -0.031210, len_BS = 2495
Blocksize strategy selection process: -0.031553 --> -0.031210, len_BS = 2495
Blocksize strategy selection process: -0.031549 --> -0.031210, len_BS = 2495
Blocksize strategy selection process: -0.031548 --> -0.031210, len_BS = 2495
Blocksize strategy selection process: -0.031547 --> -0.031210, len_BS = 2495
Blocksize strategy selection process: -0.031546 --> -0.031210, len_BS = 2495
Blocksize strategy selection process: -0.031545 --> -0.031210, len_BS = 2495
Blocksize strategy selection process: -0.031544 --> -0.031210, len_BS = 2495
Blocksize strategy selection process: -0.031543 --> -0.031210, len_BS = 2495
Blocksize strategy selection process: -0.031542 --> -0.031210, len_BS = 2495
Blocksize strategy selection process: -0.031541 --> -0.031210, len_BS = 2495
Blocksize strategy selection process: -0.031540 --> -0.031210, len_BS = 2495
Blocksize strategy selection process: -0.031539 --> -0.031210, len_BS = 2495
Blocksize strategy selection process: -0.031538 --> -0.031210, len_BS = 2495
Blocksize strategy selection process: -0.031537 --> -0.031210, len_BS = 2495
Blocksize strategy selection process: -0.031517 --> -0.031210, len_BS = 2495
Blocksize strategy selection process: -0.031516 --> -0.031210, len_BS = 2495
Blocksize strategy selection process: -0.031515 --> -0.031210, len_BS = 2495
Blocksize strategy selection process: -0.031514 --> -0.031210, len_BS = 2495
Blocksize strategy selection process: -0.031510 --> -0.031210, len_BS = 2495
Blocksize strategy selection process: -0.031509 --> -0.031210, len_BS = 2495
Blocksize strategy selection process: -0.031508 --> -0.031210, len_BS = 2495
Blocksize strategy selection process: -0.031507 --> -0.031210, len_BS = 2495
Blocksize strategy selection process: -0.031506 --> -0.031210, len_BS = 2495
Blocksize strategy selection process: -0.031505 --> -0.031210, len_BS = 2495
Blocksize strategy selection process: -0.031448 --> -0.031210, len_BS = 2495
Blocksize strategy selection process: -0.031447 --> -0.031210, len_BS = 2495
Blocksize strategy selection process: -0.031445 --> -0.031210, len_BS = 2495
Blocksize strategy selection process: -0.031444 --> -0.031210, len_BS = 2495
Blocksize strategy selection process: -0.031443 --> -0.031210, len_BS = 2495
Blocksize strategy selection process: -0.031426 --> -0.031210, len_BS = 2495
Blocksize strategy selection process: -0.031408 --> -0.031210, len_BS = 2495
Blocksize strategy selection process: -0.031378 --> -0.031210, len_BS = 2495
Blocksize strategy selection process: -0.031377 --> -0.031210, len_BS = 2495
Blocksize strategy selection process: -0.031362 --> -0.031210, len_BS = 2495
Blocksize strategy selection process: -0.031361 --> -0.031210, len_BS = 2495
Blocksize strategy selection process: -0.031359 --> -0.031210, len_BS = 2495
Blocksize strategy selection process: -0.031354 --> -0.031210, len_BS = 2495
Blocksize strategy selection process: -0.031352 --> -0.031210, len_BS = 2495
Blocksize strategy selection process: -0.031351 --> -0.031210, len_BS = 2495
Blocksize strategy selection process: -0.031349 --> -0.031210, len_BS = 2495
Blocksize strategy selection process: -0.031348 --> -0.031210, len_BS = 2495
Blocksize strategy selection process: -0.031335 --> -0.031210, len_BS = 2495
Blocksize strategy selection process: -0.031334 --> -0.031210, len_BS = 2495
Blocksize strategy selection process: -0.031332 --> -0.031210, len_BS = 2495
Blocksize strategy selection process: -0.031328 --> -0.031210, len_BS = 2495
Blocksize strategy selection process: -0.031327 --> -0.031210, len_BS = 2495
Blocksize strategy selection process: -0.031326 --> -0.031210, len_BS = 2495
Blocksize strategy selection process: -0.031324 --> -0.031210, len_BS = 2495
Blocksize strategy selection process: -0.031323 --> -0.031210, len_BS = 2495
Blocksize strategy selection process: -0.031322 --> -0.031210, len_BS = 2495
Blocksize strategy selection process: -0.031310 --> -0.031210, len_BS = 2495
Blocksize strategy selection process: -0.031309 --> -0.031210, len_BS = 2495
Blocksize strategy selection process: -0.031308 --> -0.031210, len_BS = 2495
Blocksize strategy selection process: -0.031307 --> -0.031210, len_BS = 2495
Blocksize strategy selection process: -0.031305 --> -0.031210, len_BS = 2495
Blocksize strategy selection process: -0.031304 --> -0.031210, len_BS = 2495
Blocksize strategy selection process: -0.031303 --> -0.031210, len_BS = 2495
Blocksize strategy selection process: -0.031302 --> -0.031210, len_BS = 2495
Blocksize strategy selection process: -0.031301 --> -0.031210, len_BS = 2495
Blocksize strategy selection process: -0.031300 --> -0.031210, len_BS = 2495
Blocksize strategy selection process: -0.031299 --> -0.031210, len_BS = 2495
Blocksize strategy selection process: -0.031298 --> -0.031210, len_BS = 2495
Blocksize strategy selection process: -0.031288 --> -0.031210, len_BS = 2495
Blocksize strategy selection process: -0.031287 --> -0.031210, len_BS = 2495
Blocksize strategy selection process: -0.031286 --> -0.031210, len_BS = 2495
Blocksize strategy selection process: -0.031283 --> -0.031210, len_BS = 2495
Blocksize strategy selection process: -0.031274 --> -0.031210, len_BS = 2495
Blocksize strategy selection process: -0.031273 --> -0.031210, len_BS = 2495
Blocksize strategy selection process: -0.031272 --> -0.031210, len_BS = 2495
Blocksize strategy selection process: -0.031268 --> -0.031210, len_BS = 2495
Blocksize strategy selection process: -0.031267 --> -0.031210, len_BS = 2495
Blocksize strategy selection process: -0.031266 --> -0.031210, len_BS = 2495
Blocksize strategy selection process: -0.031265 --> -0.031210, len_BS = 2495
Blocksize strategy selection process: -0.031264 --> -0.031210, len_BS = 2495
Blocksize strategy selection process: -0.031263 --> -0.031210, len_BS = 2495
Blocksize strategy selection process: -0.031255 --> -0.031210, len_BS = 2495
Blocksize strategy selection process: -0.031254 --> -0.031210, len_BS = 2495
Blocksize strategy selection process: -0.031251 --> -0.031210, len_BS = 2495
Blocksize strategy selection process: -0.031250 --> -0.031210, len_BS = 2495
Blocksize strategy selection process: -0.031249 --> -0.031210, len_BS = 2495
Blocksize strategy selection process: -0.031248 --> -0.031210, len_BS = 2495
Blocksize strategy selection process: -0.031247 --> -0.031210, len_BS = 2495
Blocksize strategy selection process: -0.031246 --> -0.031210, len_BS = 2495
Blocksize strategy selection process: -0.031239 --> -0.031210, len_BS = 2495
Blocksize strategy selection process: -0.031237 --> -0.031210, len_BS = 2495
Blocksize strategy selection process: -0.031236 --> -0.031210, len_BS = 2495
Blocksize strategy selection process: -0.031235 --> -0.031210, len_BS = 2495
Blocksize strategy selection process: -0.031234 --> -0.031210, len_BS = 2495
Blocksize strategy selection process: -0.031233 --> -0.031210, len_BS = 2495
Blocksize strategy selection process: -0.031232 --> -0.031210, len_BS = 2495
Blocksize strategy selection process: -0.031227 --> -0.031210, len_BS = 2495
Blocksize strategy selection process: -0.031226 --> -0.031210, len_BS = 2495
Blocksize strategy selection process: -0.031225 --> -0.031210, len_BS = 2495
Blocksize strategy selection process: -0.031224 --> -0.031210, len_BS = 2495
Blocksize strategy selection process: -0.031223 --> -0.031210, len_BS = 2495
Blocksize strategy selection process: -0.031222 --> -0.031210, len_BS = 2495
Blocksize strategy selection process: -0.031217 --> -0.031210, len_BS = 2495
Blocksize strategy selection process: -0.031216 --> -0.031210, len_BS = 2495
Blocksize strategy selection process: -0.031215 --> -0.031210, len_BS = 2495
Blocksize strategy selection process: -0.031213 --> -0.031210, len_BS = 2495
Blocksize strategy selection process: -0.031211 --> -0.031210, len_BS = 2495
Blocksize strategy selection process: -0.031210 --> -0.031210, len_BS = 2495
len(BS) = 2495
Time cost for generating Strategy: 137.548691 s
[14.756767425993429,14.749642686589773,14.717626941649225,14.685560096742432,14.653439639920812,14.62126301425457,14.589027616093873,14.556730793266148,14.5243698432085,14.491942011034464,14.459444487534888,14.426874407113349,14.394228845657175,14.361504818346287,14.328699277403157,14.295809109788816,14.262871694799916,14.230049281569027,14.197217716017253,14.164348739668284,14.131399594745758,14.098354274084056,14.065215120914374,14.031967808903307,13.998650074068323,13.965211063173413,13.931671517270239,13.897992811195344,13.864229042358097,13.8303271368653,13.796299179541968,13.762134448107968,13.727842777759125,13.69341795437515,13.65884498017341,13.624140167549083,13.589279921855034,13.554274728028059,13.519100769679337,13.483782186429561,13.448301647902685,13.412651742134145,13.376821397847316,13.340816209096953,13.304650487671527,13.268304146544978,13.23180279516491,13.195100763893315,13.158213011844612,13.1211423894607,13.083866711146797,13.046417061680064,13.008751585140097,12.970896366728486,12.93286072778859,12.894627062351386,12.85618305952029,12.8175498800768,12.778748449163594,12.739907927034881,12.70115797301965,12.677885356998774,12.654491995355551,12.630976464348073,12.607337313815824,12.583573066510496,12.559682217405385,12.535663232982547,12.511514550496825,12.48723457721588,12.462821689635263,12.438274232667569,12.413590518804597,12.388768827251504,12.36380740303178,12.338704456061892,12.313458160194346,12.288066652227899,12.262528030883578,12.236840355745036,12.211001646161863,12.185009880114201,12.158862993037102,12.132558876602927,12.106095377459955,12.07947029592539,12.052681384630755,12.025726347117672,11.998602836381794,11.971308453362715,11.943840745377427,11.916197204494841,11.888375265848756,11.86037230588658,11.832185640550845,11.803812523390553,11.775250143599155,11.74649562397585,11.71754601880667,11.688398311661732,11.659049413104754,11.629496158310845,11.59973530458825,11.569763528799696,11.539577424678555,11.509173500035045,11.478548173847226,11.447697773231484,11.416618530286836,11.385306578807178,11.353757950855274,11.321968573192086,11.289934263554692,11.257650726775772,11.225113550737381,11.192318202151395,11.159260022158767,11.125934221739447,11.092335876924514,11.058459923801923,11.024301153306917,10.98985420578808,10.955113565339852,10.9200735538922,10.884728325048197,10.84907185766038,10.813097949136898,10.776800208469,10.740172048971802,10.703206680731295,10.66589710275148,10.628236094797126,10.59021620892953,10.551829760735083,10.51306882024968,10.473925202585836,10.4343904582745,10.394455863339669,10.354112409131593,10.313350791954042,10.272161402532896,10.230534315388073,10.18845927818891,10.145925701195608,10.102922646917152,10.059438820150412,10.015462558607792,9.97633573755108,9.9585785546199,9.924548035032416,9.886778244250578,9.843327016192154,9.797682673698198,9.752251461983228,9.70483534175109,9.6622922169829,9.612966042237398,9.566256410251988,9.51434772168114,9.469440730976165,9.417442923606034,9.366902176482725,9.314820036551655,9.26389936835774,9.21203149737176,9.158050766043013,9.106075120059629,9.050853142231928,8.996859742991614,8.939577632293926,8.88531318700617,8.82861650717948,8.770779492752565,8.711311702569757,8.652401889096696,8.595206387238443,8.535198865264356,8.478391170673039,8.41540007361192,8.354182899762163,8.293156263465503,8.22901825832267,8.168778387835241,8.10283956470185,8.040128161104608,7.978457432959677,7.914282296374609,7.848284094944337,7.784868779276606,7.724026405830578,7.680064934471134,7.653179403321733]
MinStrategy is: [87, 87, 87, 117, 127, 132] + pump(37,155,23) , ['87 * 3 (-0.040009) , cost = 545.7534 s', '117 * 1 (-0.036708) , cost = 909.0042 s', '127 * 1 (-0.035249) , cost = 9027.7029 s', '132 * 1 (-0.034650) , cost = 32320.0818 s'] + pump(37,155,23)
[87,87,87,117,127,132]
Time cost for pnj-BKZ = 11.89 h,
Time cost for pump = 49.94 h,
Total time cost = 61.83 h.
