New Strategy:
n = 45, alpha = 0.03, q = 2027, jump = 1, goal_margin = 1.50, MAX_TIME = inf h
[15.228624292904, 15.228624292904, 15.228624292904, 15.228624292904, 15.228624292904, 15.228624292904, 15.228624292904, 15.228624292904, 15.228624292904, 15.228624292904, 15.228624292904, 15.228624292904, 15.228624292904, 15.228624292904, 15.228624292904, 15.228624292904, 15.228624292904, 15.228624292904, 15.228624292904, 15.228624292904, 15.228624292904, 15.228624292904, 15.228624292904, 15.228624292904, 15.228624292904, 15.228624292904, 15.228624292904, 15.228624292904, 15.228624292904, 15.228624292904, 15.228624292904, 15.228624292904, 15.228624292904, 15.228624292904, 15.228624292904, 15.228624292904, 15.228624292904, 15.228624292904, 15.228624292904, 15.228624292904, 15.228624292904, 15.228624292904, 15.228624292904, 15.228624292904, 15.228624292904, 15.228624292904, 15.228624292904, 15.228624292904, 15.228624292904, 15.228624292904, 15.228624292904, 15.228624292904, 15.228624292904, 15.228624292904, 15.228624292904, 15.228624292904, 15.228624292904, 15.228624292904, 15.228624292904, 15.228624292904, 15.228624292904, 15.228624292904, 15.228624292904, 15.228624292904, 15.228624292904, 15.228624292904, 15.228624292904, 15.228624292904, 15.228624292904, 15.228624292904, 15.228624292904, 15.228624292904, 15.228624292904, 15.228624292904, 15.228624292904, 15.228624292904, 15.228624292904, 15.228624292904, 15.228624292904, 15.228624292904, 15.207508622000843, 15.055826209057727, 14.791750954817061, 14.789201641807596, 15.014572170368565, 14.86007365253292, 14.926812469250091, 14.775033281683305, 14.7773235437331, 14.550566349968726, 14.62615156981119, 14.616794516190897, 14.346219310156274, 14.256741688117154, 14.17731357603944, 14.07774934308913, 14.115888380347606, 13.882821068609164, 13.870504397728272, 13.66182708550069, 13.582913277415376, 13.368557427879516, 13.299867591646928, 13.244715599461836, 13.204194316668143, 13.114657369013871, 13.023823830597449, 13.000696133732236, 12.829165304658824, 12.84159997737465, 12.65935187157287, 12.511246113507957, 12.33939406849211, 12.337854620546258, 12.288081121418582, 12.034399041995059, 11.89963192937504, 11.76103350497635, 11.68062058975179, 11.688336685686762, 11.593845296535239, 11.43292464863815, 11.383925588465688, 11.365298497415667, 11.21743032960348, 11.162650179882148, 11.089168164300814, 10.9067199603731, 11.009823687589035, 10.736700396996497, 10.807966825267565, 10.756695498040413, 10.544330422506569, 10.310288411631587, 10.271050880291831, 10.116734636264216, 10.128014084390006, 9.991035288279065, 9.87920730551541, 9.761895874192419, 9.820439942374328, 9.736128958098117, 9.534796528826444, 9.324878711878526, 9.355081821147664, 9.372162760248601, 9.25870481812581, 9.351500205753608, 9.248696258437146, 9.091362452704443, 9.000106187305427, 8.861515672668812, 8.800860247093112, 8.667585665141749, 8.808604921457178, 8.657171718091808, 8.539447617089188, 8.345811253914235, 8.379746997037673, 8.096110283298259, 8.005658907138509, 7.968492584068393, 7.823120375861903, 7.664190020422735, 7.556184625988188, 7.577291447378863, 7.702692577579625, 7.477159700344169, 7.5247486276547155, 7.335735385364775, 7.347465187636782, 7.307225379709852, 7.223985270281588, 7.062022877967616, 6.990204807875918, 6.806727066841383, 6.810414691543865, 6.703210093997683, 6.702553772371906, 6.615679488481, 6.425709466464331, 6.525189781626922, 6.246214953511234, 6.081456172294586, 6.045778472045832, 5.987964675679288, 6.027300717012277, 5.965993815130898, 5.896588218104643, 5.803458819541262, 5.666771153621062, 5.621990322673145, 5.54037109819451, 5.5842763667550885, 5.34961100214916, 5.445893461431504, 5.404678302661955, 5.375023276509712, 5.122159925288466, 5.070091708592123, 5.06586721494496, 5.004400502173813, 5.003101435346122, 4.8786762362807155, 4.8388730238486275, 4.652609195817378, 4.876516394760437]
Blocksize strategy selection process: -0.057880 --> -0.057880, len_BS = 1
Blocksize strategy selection process: -0.046592 --> -0.029966, len_BS = 128
Blocksize strategy selection process: -0.046401 --> -0.029965, len_BS = 195
Blocksize strategy selection process: -0.046210 --> -0.029965, len_BS = 257
Blocksize strategy selection process: -0.046019 --> -0.029965, len_BS = 329
Blocksize strategy selection process: -0.045828 --> -0.029965, len_BS = 380
Blocksize strategy selection process: -0.041811 --> -0.029965, len_BS = 444
Blocksize strategy selection process: -0.041687 --> -0.029965, len_BS = 484
Blocksize strategy selection process: -0.041610 --> -0.029965, len_BS = 542
Blocksize strategy selection process: -0.041563 --> -0.029965, len_BS = 585
Blocksize strategy selection process: -0.041486 --> -0.029965, len_BS = 636
Blocksize strategy selection process: -0.041437 --> -0.029965, len_BS = 678
Blocksize strategy selection process: -0.041410 --> -0.029965, len_BS = 726
Blocksize strategy selection process: -0.041362 --> -0.029965, len_BS = 726
Blocksize strategy selection process: -0.041312 --> -0.029965, len_BS = 770
Blocksize strategy selection process: -0.041288 --> -0.029965, len_BS = 813
Blocksize strategy selection process: -0.041238 --> -0.029965, len_BS = 813
Blocksize strategy selection process: -0.039259 --> -0.029965, len_BS = 860
Blocksize strategy selection process: -0.039204 --> -0.029965, len_BS = 793
Blocksize strategy selection process: -0.039130 --> -0.029965, len_BS = 833
Blocksize strategy selection process: -0.039075 --> -0.029965, len_BS = 884
Blocksize strategy selection process: -0.039021 --> -0.029965, len_BS = 922
Blocksize strategy selection process: -0.038117 --> -0.029965, len_BS = 960
Blocksize strategy selection process: -0.038081 --> -0.029965, len_BS = 995
Blocksize strategy selection process: -0.038063 --> -0.029965, len_BS = 1020
Blocksize strategy selection process: -0.038009 --> -0.029965, len_BS = 1038
Blocksize strategy selection process: -0.037973 --> -0.029965, len_BS = 1087
Blocksize strategy selection process: -0.037956 --> -0.029965, len_BS = 1117
Blocksize strategy selection process: -0.037900 --> -0.029965, len_BS = 1130
Blocksize strategy selection process: -0.037023 --> -0.029965, len_BS = 1178
Blocksize strategy selection process: -0.036994 --> -0.029965, len_BS = 1118
Blocksize strategy selection process: -0.036979 --> -0.029965, len_BS = 1151
Blocksize strategy selection process: -0.036964 --> -0.029965, len_BS = 1179
Blocksize strategy selection process: -0.036950 --> -0.029965, len_BS = 1205
Blocksize strategy selection process: -0.036935 --> -0.029965, len_BS = 1230
Blocksize strategy selection process: -0.036921 --> -0.029965, len_BS = 1256
Blocksize strategy selection process: -0.036905 --> -0.029965, len_BS = 1278
Blocksize strategy selection process: -0.036891 --> -0.029965, len_BS = 1308
Blocksize strategy selection process: -0.036443 --> -0.029965, len_BS = 1331
Blocksize strategy selection process: -0.036433 --> -0.029965, len_BS = 1261
Blocksize strategy selection process: -0.036415 --> -0.029965, len_BS = 1292
Blocksize strategy selection process: -0.036405 --> -0.029965, len_BS = 1325
Blocksize strategy selection process: -0.036396 --> -0.029965, len_BS = 1342
Blocksize strategy selection process: -0.036243 --> -0.029965, len_BS = 1374
Blocksize strategy selection process: -0.036236 --> -0.029965, len_BS = 1364
Blocksize strategy selection process: -0.036233 --> -0.029965, len_BS = 1388
Blocksize strategy selection process: -0.036219 --> -0.029965, len_BS = 1402
Blocksize strategy selection process: -0.036213 --> -0.029965, len_BS = 1445
Blocksize strategy selection process: -0.036210 --> -0.029965, len_BS = 1468
Blocksize strategy selection process: -0.036148 --> -0.029965, len_BS = 1482
Blocksize strategy selection process: -0.036142 --> -0.029965, len_BS = 1529
Blocksize strategy selection process: -0.036139 --> -0.029965, len_BS = 1555
Blocksize strategy selection process: -0.036125 --> -0.029965, len_BS = 1567
Blocksize strategy selection process: -0.036119 --> -0.029965, len_BS = 1611
Blocksize strategy selection process: -0.036116 --> -0.029965, len_BS = 1636
Blocksize strategy selection process: -0.036102 --> -0.029965, len_BS = 1648
Blocksize strategy selection process: -0.036009 --> -0.029965, len_BS = 1685
Blocksize strategy selection process: -0.036004 --> -0.029965, len_BS = 1731
Blocksize strategy selection process: -0.036002 --> -0.029965, len_BS = 1745
Blocksize strategy selection process: -0.035999 --> -0.029965, len_BS = 1753
Blocksize strategy selection process: -0.035997 --> -0.029965, len_BS = 1761
Blocksize strategy selection process: -0.035994 --> -0.029965, len_BS = 1769
Blocksize strategy selection process: -0.035992 --> -0.029965, len_BS = 1781
Blocksize strategy selection process: -0.035989 --> -0.029965, len_BS = 1790
Blocksize strategy selection process: -0.035987 --> -0.029965, len_BS = 1799
Blocksize strategy selection process: -0.035902 --> -0.029965, len_BS = 1807
Blocksize strategy selection process: -0.035822 --> -0.029965, len_BS = 1835
Blocksize strategy selection process: -0.035820 --> -0.029965, len_BS = 1864
Blocksize strategy selection process: -0.035818 --> -0.029965, len_BS = 1904
Blocksize strategy selection process: -0.035817 --> -0.029965, len_BS = 1908
Blocksize strategy selection process: -0.035791 --> -0.029965, len_BS = 1910
Blocksize strategy selection process: -0.035790 --> -0.029965, len_BS = 1930
Blocksize strategy selection process: -0.035787 --> -0.029965, len_BS = 1934
Blocksize strategy selection process: -0.035786 --> -0.029965, len_BS = 1946
Blocksize strategy selection process: -0.035736 --> -0.029965, len_BS = 1950
Blocksize strategy selection process: -0.035734 --> -0.029965, len_BS = 1972
Blocksize strategy selection process: -0.035732 --> -0.029965, len_BS = 1973
Blocksize strategy selection process: -0.035730 --> -0.029965, len_BS = 1988
Blocksize strategy selection process: -0.035728 --> -0.029965, len_BS = 1992
Blocksize strategy selection process: -0.035704 --> -0.029965, len_BS = 1996
Blocksize strategy selection process: -0.035703 --> -0.029965, len_BS = 2034
Blocksize strategy selection process: -0.035702 --> -0.029965, len_BS = 2036
Blocksize strategy selection process: -0.035700 --> -0.029965, len_BS = 2038
Blocksize strategy selection process: -0.035699 --> -0.029965, len_BS = 2042
Blocksize strategy selection process: -0.035647 --> -0.029965, len_BS = 2043
Blocksize strategy selection process: -0.035646 --> -0.029965, len_BS = 2064
Blocksize strategy selection process: -0.035643 --> -0.029965, len_BS = 2068
Blocksize strategy selection process: -0.035642 --> -0.029965, len_BS = 2074
Blocksize strategy selection process: -0.035640 --> -0.029965, len_BS = 2079
Blocksize strategy selection process: -0.035616 --> -0.029965, len_BS = 2082
Blocksize strategy selection process: -0.035615 --> -0.029965, len_BS = 2114
Blocksize strategy selection process: -0.035565 --> -0.029965, len_BS = 2116
Blocksize strategy selection process: -0.035559 --> -0.029965, len_BS = 2138
Blocksize strategy selection process: -0.035557 --> -0.029965, len_BS = 2138
Blocksize strategy selection process: -0.035554 --> -0.029965, len_BS = 2142
Blocksize strategy selection process: -0.035553 --> -0.029965, len_BS = 2148
Blocksize strategy selection process: -0.035552 --> -0.029965, len_BS = 2152
Blocksize strategy selection process: -0.035528 --> -0.029965, len_BS = 2156
Blocksize strategy selection process: -0.035527 --> -0.029965, len_BS = 2185
Blocksize strategy selection process: -0.035525 --> -0.029965, len_BS = 2186
Blocksize strategy selection process: -0.035524 --> -0.029965, len_BS = 2192
Blocksize strategy selection process: -0.035523 --> -0.029965, len_BS = 2193
Blocksize strategy selection process: -0.035470 --> -0.029965, len_BS = 2193
Blocksize strategy selection process: -0.035468 --> -0.029965, len_BS = 2195
Blocksize strategy selection process: -0.035465 --> -0.029965, len_BS = 2196
Blocksize strategy selection process: -0.035464 --> -0.029965, len_BS = 2204
Blocksize strategy selection process: -0.035462 --> -0.029965, len_BS = 2206
Blocksize strategy selection process: -0.035439 --> -0.029965, len_BS = 2209
Blocksize strategy selection process: -0.035438 --> -0.029965, len_BS = 2242
Blocksize strategy selection process: -0.035436 --> -0.029965, len_BS = 2244
Blocksize strategy selection process: -0.035435 --> -0.029965, len_BS = 2248
Blocksize strategy selection process: -0.035434 --> -0.029965, len_BS = 2250
Blocksize strategy selection process: -0.035380 --> -0.029965, len_BS = 2251
Blocksize strategy selection process: -0.035378 --> -0.029965, len_BS = 2266
Blocksize strategy selection process: -0.035375 --> -0.029965, len_BS = 2269
Blocksize strategy selection process: -0.035374 --> -0.029965, len_BS = 2277
Blocksize strategy selection process: -0.035373 --> -0.029965, len_BS = 2280
Blocksize strategy selection process: -0.035350 --> -0.029965, len_BS = 2283
Blocksize strategy selection process: -0.035349 --> -0.029965, len_BS = 2311
Blocksize strategy selection process: -0.035347 --> -0.029965, len_BS = 2311
Blocksize strategy selection process: -0.035346 --> -0.029965, len_BS = 2315
Blocksize strategy selection process: -0.035345 --> -0.029965, len_BS = 2321
Blocksize strategy selection process: -0.035289 --> -0.029965, len_BS = 2322
Blocksize strategy selection process: -0.035288 --> -0.029965, len_BS = 2324
Blocksize strategy selection process: -0.035261 --> -0.029965, len_BS = 2327
Blocksize strategy selection process: -0.035260 --> -0.029965, len_BS = 2355
Blocksize strategy selection process: -0.035258 --> -0.029965, len_BS = 2355
Blocksize strategy selection process: -0.035257 --> -0.029965, len_BS = 2359
Blocksize strategy selection process: -0.035256 --> -0.029965, len_BS = 2362
Blocksize strategy selection process: -0.035195 --> -0.029965, len_BS = 2363
Blocksize strategy selection process: -0.035088 --> -0.029965, len_BS = 2367
Blocksize strategy selection process: -0.035086 --> -0.029965, len_BS = 2314
Blocksize strategy selection process: -0.035084 --> -0.029965, len_BS = 2317
Blocksize strategy selection process: -0.035082 --> -0.029965, len_BS = 2324
Blocksize strategy selection process: -0.035080 --> -0.029965, len_BS = 2325
Blocksize strategy selection process: -0.035017 --> -0.029965, len_BS = 2329
Blocksize strategy selection process: -0.035016 --> -0.029965, len_BS = 2356
Blocksize strategy selection process: -0.035014 --> -0.029965, len_BS = 2362
Blocksize strategy selection process: -0.034909 --> -0.029965, len_BS = 2365
Blocksize strategy selection process: -0.034906 --> -0.029965, len_BS = 2365
Blocksize strategy selection process: -0.034904 --> -0.029965, len_BS = 2371
Blocksize strategy selection process: -0.034803 --> -0.029965, len_BS = 2372
Blocksize strategy selection process: -0.034801 --> -0.029965, len_BS = 2358
Blocksize strategy selection process: -0.034800 --> -0.029965, len_BS = 2360
Blocksize strategy selection process: -0.034739 --> -0.029965, len_BS = 2363
Blocksize strategy selection process: -0.034647 --> -0.029965, len_BS = 2378
Blocksize strategy selection process: -0.034646 --> -0.029965, len_BS = 2367
Blocksize strategy selection process: -0.034612 --> -0.029965, len_BS = 2367
Blocksize strategy selection process: -0.034611 --> -0.029965, len_BS = 2388
Blocksize strategy selection process: -0.034609 --> -0.029965, len_BS = 2390
Blocksize strategy selection process: -0.034608 --> -0.029965, len_BS = 2392
Blocksize strategy selection process: -0.034556 --> -0.029965, len_BS = 2394
Blocksize strategy selection process: -0.034535 --> -0.029965, len_BS = 2406
Blocksize strategy selection process: -0.034534 --> -0.029965, len_BS = 2422
Blocksize strategy selection process: -0.034521 --> -0.029965, len_BS = 2424
Blocksize strategy selection process: -0.034520 --> -0.029965, len_BS = 2440
Blocksize strategy selection process: -0.034507 --> -0.029965, len_BS = 2441
Blocksize strategy selection process: -0.034506 --> -0.029965, len_BS = 2455
Blocksize strategy selection process: -0.034440 --> -0.029965, len_BS = 2457
Blocksize strategy selection process: -0.034428 --> -0.029965, len_BS = 2459
Blocksize strategy selection process: -0.034427 --> -0.029965, len_BS = 2472
Blocksize strategy selection process: -0.034424 --> -0.029965, len_BS = 2476
Blocksize strategy selection process: -0.034414 --> -0.029965, len_BS = 2479
Blocksize strategy selection process: -0.034351 --> -0.029965, len_BS = 2493
Blocksize strategy selection process: -0.034338 --> -0.029965, len_BS = 2505
Blocksize strategy selection process: -0.034337 --> -0.029965, len_BS = 2518
Blocksize strategy selection process: -0.034336 --> -0.029965, len_BS = 2520
Blocksize strategy selection process: -0.034327 --> -0.029965, len_BS = 2520
Blocksize strategy selection process: -0.034326 --> -0.029965, len_BS = 2522
Blocksize strategy selection process: -0.034272 --> -0.029965, len_BS = 2522
Blocksize strategy selection process: -0.034263 --> -0.029965, len_BS = 2537
Blocksize strategy selection process: -0.034262 --> -0.029965, len_BS = 2545
Blocksize strategy selection process: -0.034210 --> -0.029965, len_BS = 2545
Blocksize strategy selection process: -0.034207 --> -0.029965, len_BS = 2556
Blocksize strategy selection process: -0.034155 --> -0.029965, len_BS = 2558
Blocksize strategy selection process: -0.034154 --> -0.029965, len_BS = 2571
Blocksize strategy selection process: -0.034152 --> -0.029965, len_BS = 2571
Blocksize strategy selection process: -0.034062 --> -0.029965, len_BS = 2573
Blocksize strategy selection process: -0.033983 --> -0.029965, len_BS = 2572
Blocksize strategy selection process: -0.033871 --> -0.029965, len_BS = 2581
Blocksize strategy selection process: -0.033870 --> -0.029965, len_BS = 2577
Blocksize strategy selection process: -0.033786 --> -0.029965, len_BS = 2578
Blocksize strategy selection process: -0.033785 --> -0.029965, len_BS = 2585
Blocksize strategy selection process: -0.033784 --> -0.029965, len_BS = 2585
Blocksize strategy selection process: -0.033782 --> -0.029965, len_BS = 2585
Blocksize strategy selection process: -0.033726 --> -0.029965, len_BS = 2587
Blocksize strategy selection process: -0.033725 --> -0.029965, len_BS = 2593
Blocksize strategy selection process: -0.033723 --> -0.029965, len_BS = 2596
Blocksize strategy selection process: -0.033722 --> -0.029965, len_BS = 2613
Blocksize strategy selection process: -0.033720 --> -0.029965, len_BS = 2613
Blocksize strategy selection process: -0.033719 --> -0.029965, len_BS = 2613
Blocksize strategy selection process: -0.033615 --> -0.029965, len_BS = 2613
Blocksize strategy selection process: -0.033574 --> -0.029965, len_BS = 2622
Blocksize strategy selection process: -0.033554 --> -0.029965, len_BS = 2635
Blocksize strategy selection process: -0.033553 --> -0.029965, len_BS = 2652
Blocksize strategy selection process: -0.033551 --> -0.029965, len_BS = 2653
Blocksize strategy selection process: -0.033544 --> -0.029965, len_BS = 2654
Blocksize strategy selection process: -0.033543 --> -0.029965, len_BS = 2660
Blocksize strategy selection process: -0.033534 --> -0.029965, len_BS = 2661
Blocksize strategy selection process: -0.033482 --> -0.029965, len_BS = 2671
Blocksize strategy selection process: -0.033475 --> -0.029965, len_BS = 2685
Blocksize strategy selection process: -0.033474 --> -0.029965, len_BS = 2690
Blocksize strategy selection process: -0.033472 --> -0.029965, len_BS = 2691
Blocksize strategy selection process: -0.033445 --> -0.029965, len_BS = 2692
Blocksize strategy selection process: -0.033386 --> -0.029965, len_BS = 2708
Blocksize strategy selection process: -0.033346 --> -0.029964, len_BS = 2718
Blocksize strategy selection process: -0.033345 --> -0.029964, len_BS = 2738
Blocksize strategy selection process: -0.033336 --> -0.029964, len_BS = 2738
Blocksize strategy selection process: -0.033261 --> -0.029964, len_BS = 2743
Blocksize strategy selection process: -0.033260 --> -0.029964, len_BS = 2745
Blocksize strategy selection process: -0.033258 --> -0.029964, len_BS = 2745
Blocksize strategy selection process: -0.033252 --> -0.029964, len_BS = 2747
Blocksize strategy selection process: -0.033250 --> -0.029964, len_BS = 2753
Blocksize strategy selection process: -0.033249 --> -0.029964, len_BS = 2755
Blocksize strategy selection process: -0.033183 --> -0.029964, len_BS = 2755
Blocksize strategy selection process: -0.033127 --> -0.029964, len_BS = 2766
Blocksize strategy selection process: -0.033122 --> -0.029964, len_BS = 2777
Blocksize strategy selection process: -0.033121 --> -0.029964, len_BS = 2778
Blocksize strategy selection process: -0.033105 --> -0.029964, len_BS = 2778
Blocksize strategy selection process: -0.033077 --> -0.029964, len_BS = 2784
Blocksize strategy selection process: -0.032994 --> -0.029964, len_BS = 2796
Blocksize strategy selection process: -0.032885 --> -0.029964, len_BS = 2801
Blocksize strategy selection process: -0.032884 --> -0.029964, len_BS = 2805
Blocksize strategy selection process: -0.032883 --> -0.029964, len_BS = 2805
Blocksize strategy selection process: -0.032825 --> -0.029964, len_BS = 2806
Blocksize strategy selection process: -0.032808 --> -0.029964, len_BS = 2812
Blocksize strategy selection process: -0.032807 --> -0.029964, len_BS = 2820
Blocksize strategy selection process: -0.032607 --> -0.029964, len_BS = 2821
Blocksize strategy selection process: -0.032560 --> -0.029964, len_BS = 2810
Blocksize strategy selection process: -0.032559 --> -0.029964, len_BS = 2819
Blocksize strategy selection process: -0.032436 --> -0.029964, len_BS = 2820
Blocksize strategy selection process: -0.032419 --> -0.029964, len_BS = 2819
Blocksize strategy selection process: -0.032335 --> -0.029964, len_BS = 2818
Blocksize strategy selection process: -0.032329 --> -0.029964, len_BS = 2827
Blocksize strategy selection process: -0.032265 --> -0.029964, len_BS = 2827
Blocksize strategy selection process: -0.032260 --> -0.029964, len_BS = 2834
Blocksize strategy selection process: -0.032254 --> -0.029964, len_BS = 2835
Blocksize strategy selection process: -0.032208 --> -0.029964, len_BS = 2835
Blocksize strategy selection process: -0.032199 --> -0.029964, len_BS = 2841
Blocksize strategy selection process: -0.032192 --> -0.029964, len_BS = 2843
Blocksize strategy selection process: -0.032183 --> -0.029964, len_BS = 2844
Blocksize strategy selection process: -0.032181 --> -0.029964, len_BS = 2846
Blocksize strategy selection process: -0.032177 --> -0.029964, len_BS = 2846
Blocksize strategy selection process: -0.032176 --> -0.029964, len_BS = 2846
Blocksize strategy selection process: -0.032131 --> -0.029964, len_BS = 2847
Blocksize strategy selection process: -0.032116 --> -0.029964, len_BS = 2853
Blocksize strategy selection process: -0.032115 --> -0.029964, len_BS = 2857
Blocksize strategy selection process: -0.032104 --> -0.029964, len_BS = 2857
Blocksize strategy selection process: -0.032100 --> -0.029964, len_BS = 2859
Blocksize strategy selection process: -0.032052 --> -0.029964, len_BS = 2859
Blocksize strategy selection process: -0.032004 --> -0.029964, len_BS = 2866
Blocksize strategy selection process: -0.031986 --> -0.029964, len_BS = 2871
Blocksize strategy selection process: -0.031967 --> -0.029964, len_BS = 2871
Blocksize strategy selection process: -0.031914 --> -0.029964, len_BS = 2873
Blocksize strategy selection process: -0.031901 --> -0.029964, len_BS = 2879
Blocksize strategy selection process: -0.031900 --> -0.029964, len_BS = 2880
Blocksize strategy selection process: -0.031883 --> -0.029964, len_BS = 2880
Blocksize strategy selection process: -0.031881 --> -0.029964, len_BS = 2881
Blocksize strategy selection process: -0.031873 --> -0.029964, len_BS = 2881
Blocksize strategy selection process: -0.031872 --> -0.029964, len_BS = 2882
Blocksize strategy selection process: -0.031825 --> -0.029964, len_BS = 2882
Blocksize strategy selection process: -0.031724 --> -0.029964, len_BS = 2889
Blocksize strategy selection process: -0.031620 --> -0.029964, len_BS = 2892
Blocksize strategy selection process: -0.031577 --> -0.029964, len_BS = 2895
Blocksize strategy selection process: -0.031575 --> -0.029964, len_BS = 2898
Blocksize strategy selection process: -0.031548 --> -0.029964, len_BS = 2898
Blocksize strategy selection process: -0.031505 --> -0.029964, len_BS = 2899
Blocksize strategy selection process: -0.031504 --> -0.029964, len_BS = 2902
Blocksize strategy selection process: -0.031436 --> -0.029964, len_BS = 2902
Blocksize strategy selection process: -0.031413 --> -0.029964, len_BS = 2903
Blocksize strategy selection process: -0.031402 --> -0.029964, len_BS = 2904
Blocksize strategy selection process: -0.031399 --> -0.029964, len_BS = 2904
Blocksize strategy selection process: -0.031397 --> -0.029964, len_BS = 2905
Blocksize strategy selection process: -0.031387 --> -0.029964, len_BS = 2905
Blocksize strategy selection process: -0.031381 --> -0.029964, len_BS = 2908
Blocksize strategy selection process: -0.031335 --> -0.029964, len_BS = 2908
Blocksize strategy selection process: -0.031320 --> -0.029964, len_BS = 2911
Blocksize strategy selection process: -0.031279 --> -0.029964, len_BS = 2913
Blocksize strategy selection process: -0.031275 --> -0.029964, len_BS = 2916
Blocksize strategy selection process: -0.031201 --> -0.029964, len_BS = 2916
Blocksize strategy selection process: -0.031133 --> -0.029964, len_BS = 2918
Blocksize strategy selection process: -0.031127 --> -0.029964, len_BS = 2922
Blocksize strategy selection process: -0.031126 --> -0.029964, len_BS = 2923
Blocksize strategy selection process: -0.031122 --> -0.029964, len_BS = 2923
Blocksize strategy selection process: -0.031112 --> -0.029964, len_BS = 2923
Blocksize strategy selection process: -0.031005 --> -0.029964, len_BS = 2923
Blocksize strategy selection process: -0.030968 --> -0.029964, len_BS = 2925
Blocksize strategy selection process: -0.030841 --> -0.029964, len_BS = 2925
Blocksize strategy selection process: -0.030840 --> -0.029964, len_BS = 2928
Blocksize strategy selection process: -0.030838 --> -0.029964, len_BS = 2928
Blocksize strategy selection process: -0.030837 --> -0.029964, len_BS = 2928
Blocksize strategy selection process: -0.030817 --> -0.029964, len_BS = 2928
Blocksize strategy selection process: -0.030816 --> -0.029964, len_BS = 2928
Blocksize strategy selection process: -0.030815 --> -0.029964, len_BS = 2928
Blocksize strategy selection process: -0.030814 --> -0.029964, len_BS = 2928
Blocksize strategy selection process: -0.030813 --> -0.029964, len_BS = 2928
Blocksize strategy selection process: -0.030812 --> -0.029964, len_BS = 2928
Blocksize strategy selection process: -0.030753 --> -0.029964, len_BS = 2928
Blocksize strategy selection process: -0.030752 --> -0.029964, len_BS = 2929
Blocksize strategy selection process: -0.030751 --> -0.029964, len_BS = 2929
Blocksize strategy selection process: -0.030745 --> -0.029964, len_BS = 2929
Blocksize strategy selection process: -0.030744 --> -0.029964, len_BS = 2929
Blocksize strategy selection process: -0.030742 --> -0.029964, len_BS = 2929
Blocksize strategy selection process: -0.030741 --> -0.029964, len_BS = 2929
Blocksize strategy selection process: -0.030740 --> -0.029964, len_BS = 2929
Blocksize strategy selection process: -0.030739 --> -0.029964, len_BS = 2929
Blocksize strategy selection process: -0.030738 --> -0.029964, len_BS = 2929
Blocksize strategy selection process: -0.030737 --> -0.029964, len_BS = 2929
Blocksize strategy selection process: -0.030736 --> -0.029964, len_BS = 2929
Blocksize strategy selection process: -0.030735 --> -0.029964, len_BS = 2929
Blocksize strategy selection process: -0.030734 --> -0.029964, len_BS = 2929
Blocksize strategy selection process: -0.030733 --> -0.029964, len_BS = 2929
Blocksize strategy selection process: -0.030732 --> -0.029964, len_BS = 2929
Blocksize strategy selection process: -0.030731 --> -0.029964, len_BS = 2929
Blocksize strategy selection process: -0.030729 --> -0.029964, len_BS = 2929
Blocksize strategy selection process: -0.030728 --> -0.029964, len_BS = 2929
Blocksize strategy selection process: -0.030727 --> -0.029964, len_BS = 2929
Blocksize strategy selection process: -0.030726 --> -0.029964, len_BS = 2929
Blocksize strategy selection process: -0.030725 --> -0.029964, len_BS = 2929
Blocksize strategy selection process: -0.030723 --> -0.029964, len_BS = 2929
Blocksize strategy selection process: -0.030722 --> -0.029964, len_BS = 2929
Blocksize strategy selection process: -0.030720 --> -0.029964, len_BS = 2929
Blocksize strategy selection process: -0.030718 --> -0.029964, len_BS = 2929
Blocksize strategy selection process: -0.030717 --> -0.029964, len_BS = 2929
Blocksize strategy selection process: -0.030716 --> -0.029964, len_BS = 2929
Blocksize strategy selection process: -0.030688 --> -0.029964, len_BS = 2929
Blocksize strategy selection process: -0.030685 --> -0.029964, len_BS = 2930
Blocksize strategy selection process: -0.030676 --> -0.029964, len_BS = 2930
Blocksize strategy selection process: -0.030667 --> -0.029964, len_BS = 2931
Blocksize strategy selection process: -0.030639 --> -0.029964, len_BS = 2931
Blocksize strategy selection process: -0.030637 --> -0.029964, len_BS = 2932
Blocksize strategy selection process: -0.030620 --> -0.029964, len_BS = 2932
Blocksize strategy selection process: -0.030619 --> -0.029964, len_BS = 2932
Blocksize strategy selection process: -0.030618 --> -0.029964, len_BS = 2932
Blocksize strategy selection process: -0.030617 --> -0.029964, len_BS = 2932
Blocksize strategy selection process: -0.030616 --> -0.029964, len_BS = 2932
Blocksize strategy selection process: -0.030615 --> -0.029964, len_BS = 2932
Blocksize strategy selection process: -0.030614 --> -0.029964, len_BS = 2932
Blocksize strategy selection process: -0.030613 --> -0.029964, len_BS = 2932
Blocksize strategy selection process: -0.030612 --> -0.029964, len_BS = 2932
Blocksize strategy selection process: -0.030611 --> -0.029964, len_BS = 2932
Blocksize strategy selection process: -0.030610 --> -0.029964, len_BS = 2932
Blocksize strategy selection process: -0.030609 --> -0.029964, len_BS = 2932
Blocksize strategy selection process: -0.030608 --> -0.029964, len_BS = 2932
Blocksize strategy selection process: -0.030606 --> -0.029964, len_BS = 2932
Blocksize strategy selection process: -0.030605 --> -0.029964, len_BS = 2932
Blocksize strategy selection process: -0.030603 --> -0.029964, len_BS = 2932
Blocksize strategy selection process: -0.030602 --> -0.029964, len_BS = 2932
Blocksize strategy selection process: -0.030601 --> -0.029964, len_BS = 2932
Blocksize strategy selection process: -0.030600 --> -0.029964, len_BS = 2932
Blocksize strategy selection process: -0.030599 --> -0.029964, len_BS = 2932
Blocksize strategy selection process: -0.030574 --> -0.029964, len_BS = 2932
Blocksize strategy selection process: -0.030572 --> -0.029964, len_BS = 2932
Blocksize strategy selection process: -0.030571 --> -0.029964, len_BS = 2932
Blocksize strategy selection process: -0.030570 --> -0.029964, len_BS = 2932
Blocksize strategy selection process: -0.030569 --> -0.029964, len_BS = 2932
Blocksize strategy selection process: -0.030568 --> -0.029964, len_BS = 2932
Blocksize strategy selection process: -0.030567 --> -0.029964, len_BS = 2932
Blocksize strategy selection process: -0.030566 --> -0.029964, len_BS = 2932
Blocksize strategy selection process: -0.030565 --> -0.029964, len_BS = 2932
Blocksize strategy selection process: -0.030564 --> -0.029964, len_BS = 2932
Blocksize strategy selection process: -0.030563 --> -0.029964, len_BS = 2932
Blocksize strategy selection process: -0.030562 --> -0.029964, len_BS = 2932
Blocksize strategy selection process: -0.030561 --> -0.029964, len_BS = 2932
Blocksize strategy selection process: -0.030560 --> -0.029964, len_BS = 2932
Blocksize strategy selection process: -0.030559 --> -0.029964, len_BS = 2932
Blocksize strategy selection process: -0.030558 --> -0.029964, len_BS = 2932
Blocksize strategy selection process: -0.030557 --> -0.029964, len_BS = 2932
Blocksize strategy selection process: -0.030556 --> -0.029964, len_BS = 2932
Blocksize strategy selection process: -0.030555 --> -0.029964, len_BS = 2932
Blocksize strategy selection process: -0.030554 --> -0.029964, len_BS = 2932
Blocksize strategy selection process: -0.030481 --> -0.029964, len_BS = 2932
Blocksize strategy selection process: -0.030480 --> -0.029964, len_BS = 2933
Blocksize strategy selection process: -0.030479 --> -0.029964, len_BS = 2933
Blocksize strategy selection process: -0.030478 --> -0.029964, len_BS = 2933
Blocksize strategy selection process: -0.030477 --> -0.029964, len_BS = 2933
Blocksize strategy selection process: -0.030476 --> -0.029964, len_BS = 2933
Blocksize strategy selection process: -0.030475 --> -0.029964, len_BS = 2933
Blocksize strategy selection process: -0.030474 --> -0.029964, len_BS = 2933
Blocksize strategy selection process: -0.030473 --> -0.029964, len_BS = 2934
Blocksize strategy selection process: -0.030472 --> -0.029964, len_BS = 2934
Blocksize strategy selection process: -0.030471 --> -0.029964, len_BS = 2934
Blocksize strategy selection process: -0.030470 --> -0.029964, len_BS = 2934
Blocksize strategy selection process: -0.030469 --> -0.029964, len_BS = 2934
Blocksize strategy selection process: -0.030468 --> -0.029964, len_BS = 2934
Blocksize strategy selection process: -0.030467 --> -0.029964, len_BS = 2934
Blocksize strategy selection process: -0.030444 --> -0.029964, len_BS = 2934
Blocksize strategy selection process: -0.030443 --> -0.029964, len_BS = 2935
Blocksize strategy selection process: -0.030442 --> -0.029964, len_BS = 2935
Blocksize strategy selection process: -0.030440 --> -0.029964, len_BS = 2935
Blocksize strategy selection process: -0.030439 --> -0.029964, len_BS = 2936
Blocksize strategy selection process: -0.030438 --> -0.029964, len_BS = 2936
Blocksize strategy selection process: -0.030437 --> -0.029964, len_BS = 2936
Blocksize strategy selection process: -0.030436 --> -0.029964, len_BS = 2936
Blocksize strategy selection process: -0.030435 --> -0.029964, len_BS = 2936
Blocksize strategy selection process: -0.030434 --> -0.029964, len_BS = 2936
Blocksize strategy selection process: -0.030433 --> -0.029964, len_BS = 2936
Blocksize strategy selection process: -0.030432 --> -0.029964, len_BS = 2936
Blocksize strategy selection process: -0.030431 --> -0.029964, len_BS = 2936
Blocksize strategy selection process: -0.030430 --> -0.029964, len_BS = 2936
Blocksize strategy selection process: -0.030429 --> -0.029964, len_BS = 2936
Blocksize strategy selection process: -0.030428 --> -0.029964, len_BS = 2936
Blocksize strategy selection process: -0.030427 --> -0.029964, len_BS = 2936
Blocksize strategy selection process: -0.030426 --> -0.029964, len_BS = 2936
Blocksize strategy selection process: -0.030404 --> -0.029964, len_BS = 2936
Blocksize strategy selection process: -0.030403 --> -0.029964, len_BS = 2936
Blocksize strategy selection process: -0.030402 --> -0.029964, len_BS = 2936
Blocksize strategy selection process: -0.030401 --> -0.029964, len_BS = 2936
Blocksize strategy selection process: -0.030400 --> -0.029964, len_BS = 2936
Blocksize strategy selection process: -0.030399 --> -0.029964, len_BS = 2936
Blocksize strategy selection process: -0.030398 --> -0.029964, len_BS = 2936
Blocksize strategy selection process: -0.030397 --> -0.029964, len_BS = 2936
Blocksize strategy selection process: -0.030396 --> -0.029964, len_BS = 2936
Blocksize strategy selection process: -0.030395 --> -0.029964, len_BS = 2936
Blocksize strategy selection process: -0.030394 --> -0.029964, len_BS = 2936
Blocksize strategy selection process: -0.030393 --> -0.029964, len_BS = 2936
Blocksize strategy selection process: -0.030392 --> -0.029964, len_BS = 2936
Blocksize strategy selection process: -0.030391 --> -0.029964, len_BS = 2936
Blocksize strategy selection process: -0.030390 --> -0.029964, len_BS = 2936
Blocksize strategy selection process: -0.030389 --> -0.029964, len_BS = 2936
Blocksize strategy selection process: -0.030388 --> -0.029964, len_BS = 2936
Blocksize strategy selection process: -0.030387 --> -0.029964, len_BS = 2936
Blocksize strategy selection process: -0.030386 --> -0.029964, len_BS = 2936
Blocksize strategy selection process: -0.030365 --> -0.029964, len_BS = 2936
Blocksize strategy selection process: -0.030364 --> -0.029964, len_BS = 2936
Blocksize strategy selection process: -0.030363 --> -0.029964, len_BS = 2936
Blocksize strategy selection process: -0.030362 --> -0.029964, len_BS = 2936
Blocksize strategy selection process: -0.030361 --> -0.029964, len_BS = 2936
Blocksize strategy selection process: -0.030360 --> -0.029964, len_BS = 2936
Blocksize strategy selection process: -0.030359 --> -0.029964, len_BS = 2936
Blocksize strategy selection process: -0.030358 --> -0.029964, len_BS = 2936
Blocksize strategy selection process: -0.030357 --> -0.029964, len_BS = 2936
Blocksize strategy selection process: -0.030356 --> -0.029964, len_BS = 2936
Blocksize strategy selection process: -0.030355 --> -0.029964, len_BS = 2936
Blocksize strategy selection process: -0.030354 --> -0.029964, len_BS = 2936
Blocksize strategy selection process: -0.030353 --> -0.029964, len_BS = 2936
Blocksize strategy selection process: -0.030352 --> -0.029964, len_BS = 2936
Blocksize strategy selection process: -0.030351 --> -0.029964, len_BS = 2936
Blocksize strategy selection process: -0.030350 --> -0.029964, len_BS = 2936
Blocksize strategy selection process: -0.030349 --> -0.029964, len_BS = 2936
Blocksize strategy selection process: -0.030328 --> -0.029964, len_BS = 2936
Blocksize strategy selection process: -0.030327 --> -0.029964, len_BS = 2936
Blocksize strategy selection process: -0.030326 --> -0.029964, len_BS = 2937
Blocksize strategy selection process: -0.030325 --> -0.029964, len_BS = 2937
Blocksize strategy selection process: -0.030324 --> -0.029964, len_BS = 2937
Blocksize strategy selection process: -0.030323 --> -0.029964, len_BS = 2937
Blocksize strategy selection process: -0.030322 --> -0.029964, len_BS = 2937
Blocksize strategy selection process: -0.030321 --> -0.029964, len_BS = 2937
Blocksize strategy selection process: -0.030320 --> -0.029964, len_BS = 2937
Blocksize strategy selection process: -0.030319 --> -0.029964, len_BS = 2937
Blocksize strategy selection process: -0.030318 --> -0.029964, len_BS = 2937
Blocksize strategy selection process: -0.030317 --> -0.029964, len_BS = 2937
Blocksize strategy selection process: -0.030316 --> -0.029964, len_BS = 2937
Blocksize strategy selection process: -0.030315 --> -0.029964, len_BS = 2937
Blocksize strategy selection process: -0.030314 --> -0.029964, len_BS = 2937
Blocksize strategy selection process: -0.030313 --> -0.029964, len_BS = 2937
Blocksize strategy selection process: -0.030312 --> -0.029964, len_BS = 2937
Blocksize strategy selection process: -0.030293 --> -0.029964, len_BS = 2937
Blocksize strategy selection process: -0.030292 --> -0.029964, len_BS = 2937
Blocksize strategy selection process: -0.030291 --> -0.029964, len_BS = 2937
Blocksize strategy selection process: -0.030290 --> -0.029964, len_BS = 2937
Blocksize strategy selection process: -0.030289 --> -0.029964, len_BS = 2937
Blocksize strategy selection process: -0.030288 --> -0.029964, len_BS = 2937
Blocksize strategy selection process: -0.030287 --> -0.029964, len_BS = 2937
Blocksize strategy selection process: -0.030286 --> -0.029964, len_BS = 2937
Blocksize strategy selection process: -0.030285 --> -0.029964, len_BS = 2937
Blocksize strategy selection process: -0.030284 --> -0.029964, len_BS = 2937
Blocksize strategy selection process: -0.030283 --> -0.029964, len_BS = 2937
Blocksize strategy selection process: -0.030282 --> -0.029964, len_BS = 2937
Blocksize strategy selection process: -0.030281 --> -0.029964, len_BS = 2937
Blocksize strategy selection process: -0.030280 --> -0.029964, len_BS = 2937
Blocksize strategy selection process: -0.030279 --> -0.029964, len_BS = 2937
Blocksize strategy selection process: -0.030278 --> -0.029964, len_BS = 2937
Blocksize strategy selection process: -0.030277 --> -0.029964, len_BS = 2937
Blocksize strategy selection process: -0.030276 --> -0.029964, len_BS = 2937
Blocksize strategy selection process: -0.030258 --> -0.029964, len_BS = 2937
Blocksize strategy selection process: -0.030257 --> -0.029964, len_BS = 2937
Blocksize strategy selection process: -0.030256 --> -0.029964, len_BS = 2937
Blocksize strategy selection process: -0.030255 --> -0.029964, len_BS = 2937
Blocksize strategy selection process: -0.030254 --> -0.029964, len_BS = 2937
Blocksize strategy selection process: -0.030253 --> -0.029964, len_BS = 2937
Blocksize strategy selection process: -0.030252 --> -0.029964, len_BS = 2937
Blocksize strategy selection process: -0.030251 --> -0.029964, len_BS = 2937
Blocksize strategy selection process: -0.030250 --> -0.029964, len_BS = 2937
Blocksize strategy selection process: -0.030249 --> -0.029964, len_BS = 2937
Blocksize strategy selection process: -0.030248 --> -0.029964, len_BS = 2937
Blocksize strategy selection process: -0.030247 --> -0.029964, len_BS = 2937
Blocksize strategy selection process: -0.030246 --> -0.029964, len_BS = 2937
Blocksize strategy selection process: -0.030245 --> -0.029964, len_BS = 2937
Blocksize strategy selection process: -0.030244 --> -0.029964, len_BS = 2937
Blocksize strategy selection process: -0.030227 --> -0.029964, len_BS = 2937
Blocksize strategy selection process: -0.030226 --> -0.029964, len_BS = 2937
Blocksize strategy selection process: -0.030224 --> -0.029964, len_BS = 2937
Blocksize strategy selection process: -0.030223 --> -0.029964, len_BS = 2937
Blocksize strategy selection process: -0.030222 --> -0.029964, len_BS = 2937
Blocksize strategy selection process: -0.030221 --> -0.029964, len_BS = 2937
Blocksize strategy selection process: -0.030220 --> -0.029964, len_BS = 2937
Blocksize strategy selection process: -0.030187 --> -0.029964, len_BS = 2937
Blocksize strategy selection process: -0.030186 --> -0.029964, len_BS = 2937
Blocksize strategy selection process: -0.030185 --> -0.029964, len_BS = 2937
Blocksize strategy selection process: -0.030184 --> -0.029964, len_BS = 2937
Blocksize strategy selection process: -0.030173 --> -0.029964, len_BS = 2937
Blocksize strategy selection process: -0.030142 --> -0.029964, len_BS = 2937
Blocksize strategy selection process: -0.030141 --> -0.029964, len_BS = 2937
Blocksize strategy selection process: -0.030114 --> -0.029964, len_BS = 2937
Blocksize strategy selection process: -0.030113 --> -0.029964, len_BS = 2937
Blocksize strategy selection process: -0.030087 --> -0.029964, len_BS = 2937
Blocksize strategy selection process: -0.030086 --> -0.029964, len_BS = 2937
Blocksize strategy selection process: -0.030085 --> -0.029964, len_BS = 2937
Blocksize strategy selection process: -0.030084 --> -0.029964, len_BS = 2937
Blocksize strategy selection process: -0.030083 --> -0.029964, len_BS = 2937
Blocksize strategy selection process: -0.030082 --> -0.029964, len_BS = 2937
Blocksize strategy selection process: -0.030081 --> -0.029964, len_BS = 2937
Blocksize strategy selection process: -0.030080 --> -0.029964, len_BS = 2937
Blocksize strategy selection process: -0.030079 --> -0.029964, len_BS = 2937
Blocksize strategy selection process: -0.030068 --> -0.029964, len_BS = 2937
Blocksize strategy selection process: -0.030066 --> -0.029964, len_BS = 2937
Blocksize strategy selection process: -0.030064 --> -0.029964, len_BS = 2937
Blocksize strategy selection process: -0.030063 --> -0.029964, len_BS = 2937
Blocksize strategy selection process: -0.030052 --> -0.029964, len_BS = 2937
Blocksize strategy selection process: -0.030051 --> -0.029964, len_BS = 2937
Blocksize strategy selection process: -0.030047 --> -0.029964, len_BS = 2937
Blocksize strategy selection process: -0.030046 --> -0.029964, len_BS = 2937
Blocksize strategy selection process: -0.030045 --> -0.029964, len_BS = 2937
Blocksize strategy selection process: -0.030044 --> -0.029964, len_BS = 2937
Blocksize strategy selection process: -0.030043 --> -0.029964, len_BS = 2937
Blocksize strategy selection process: -0.030042 --> -0.029964, len_BS = 2937
Blocksize strategy selection process: -0.030033 --> -0.029964, len_BS = 2937
Blocksize strategy selection process: -0.030032 --> -0.029964, len_BS = 2937
Blocksize strategy selection process: -0.030029 --> -0.029964, len_BS = 2937
Blocksize strategy selection process: -0.030028 --> -0.029964, len_BS = 2937
Blocksize strategy selection process: -0.030027 --> -0.029964, len_BS = 2937
Blocksize strategy selection process: -0.030026 --> -0.029964, len_BS = 2937
Blocksize strategy selection process: -0.030025 --> -0.029964, len_BS = 2937
Blocksize strategy selection process: -0.030024 --> -0.029964, len_BS = 2937
Blocksize strategy selection process: -0.030023 --> -0.029964, len_BS = 2937
Blocksize strategy selection process: -0.030015 --> -0.029964, len_BS = 2937
Blocksize strategy selection process: -0.030014 --> -0.029964, len_BS = 2937
Blocksize strategy selection process: -0.030012 --> -0.029964, len_BS = 2937
Blocksize strategy selection process: -0.030011 --> -0.029964, len_BS = 2937
Blocksize strategy selection process: -0.030004 --> -0.029964, len_BS = 2937
Blocksize strategy selection process: -0.030003 --> -0.029964, len_BS = 2937
Blocksize strategy selection process: -0.030000 --> -0.029964, len_BS = 2937
Blocksize strategy selection process: -0.029998 --> -0.029964, len_BS = 2937
Blocksize strategy selection process: -0.029997 --> -0.029964, len_BS = 2937
Blocksize strategy selection process: -0.029996 --> -0.029964, len_BS = 2937
Blocksize strategy selection process: -0.029990 --> -0.029964, len_BS = 2937
Blocksize strategy selection process: -0.029988 --> -0.029964, len_BS = 2937
Blocksize strategy selection process: -0.029987 --> -0.029964, len_BS = 2937
Blocksize strategy selection process: -0.029986 --> -0.029964, len_BS = 2937
Blocksize strategy selection process: -0.029985 --> -0.029964, len_BS = 2937
Blocksize strategy selection process: -0.029984 --> -0.029964, len_BS = 2937
Blocksize strategy selection process: -0.029983 --> -0.029964, len_BS = 2937
Blocksize strategy selection process: -0.029979 --> -0.029964, len_BS = 2937
Blocksize strategy selection process: -0.029978 --> -0.029964, len_BS = 2937
Blocksize strategy selection process: -0.029977 --> -0.029964, len_BS = 2937
Blocksize strategy selection process: -0.029976 --> -0.029964, len_BS = 2937
Blocksize strategy selection process: -0.029975 --> -0.029964, len_BS = 2937
Blocksize strategy selection process: -0.029971 --> -0.029964, len_BS = 2937
Blocksize strategy selection process: -0.029970 --> -0.029964, len_BS = 2937
Blocksize strategy selection process: -0.029969 --> -0.029964, len_BS = 2937
Blocksize strategy selection process: -0.029966 --> -0.029964, len_BS = 2937
Blocksize strategy selection process: -0.029965 --> -0.029964, len_BS = 2937
Blocksize strategy selection process: -0.029964 --> -0.029964, len_BS = 2937
len(BS) = 2937
Time cost for generating Strategy: 176.913649 s
[15.159972517232156,15.129022731475139,15.098035016959894,15.067007299288747,15.035937470620652,15.004823388411339,14.973662874104548,14.942453711772497,14.91119364670384,14.879880383937188,14.848511586738638,14.817084875021564,14.7855978237072,14.754047961024792,14.72243276675022,14.690749670382413,14.658996049257322,14.627169226599786,14.595266469514343,14.563284986916887,14.531221927410435,14.499074377109398,14.466877328434208,14.43478269015436,14.402674322219855,14.370525802350258,14.33829712142968,14.305973293973118,14.273556506344512,14.24103334047049,14.208439111058212,14.175726215366975,14.142914052042446,14.10996645236865,14.076934034318747,14.04376710996161,14.010476967003296,13.977053547470703,13.943506033975975,13.909828588867832,13.876007148821955,13.842056955542482,13.807955898542804,13.773713761101707,13.739308219594957,13.704761834798983,13.670058355712012,13.635190808998512,13.600148792473178,13.564937500792183,13.529570292726955,13.49402833066237,13.458335547799724,13.422449159871842,13.386383120979975,13.350140056574595,13.31369915571009,13.277089467826979,13.240271771892452,13.203270432641162,13.16609413318496,13.128726352614361,13.091155519413558,13.053401392010855,13.015483518182318,12.977522781959944,12.93964059329128,12.917394672623182,12.895039731944017,12.872574558335351,12.849997917638659,12.82730855394712,12.80450518908202,12.781586522053178,12.758551228502853,12.735397960132474,12.712125344111596,12.688731982468372,12.665216451460894,12.641577300928645,12.617813053623316,12.593922204518204,12.56990322009537,12.545754537609646,12.521474564328702,12.497061676748086,12.472514219780393,12.44783050591742,12.423008814364326,12.398047390144605,12.372944443174715,12.347698147307167,12.322306639340722,12.2967680179964,12.271080342857859,12.245241633274686,12.219249867227022,12.193102980149924,12.166798863715748,12.140335364572776,12.113710283038209,12.086921371743577,12.059966334230491,12.032842823494612,12.005548440475536,11.97808073249025,11.950437191607662,11.92261525296158,11.894612292999401,11.866425627663665,11.838052510503372,11.809490130711978,11.780735611088671,11.751786005919492,11.722638298774552,11.693289400217575,11.663736145423663,11.63397529170107,11.604003515912513,11.573817411791373,11.543413487147863,11.512788160960042,11.4819377603443,11.45085851739965,11.419546565919992,11.387997937968088,11.3562085603049,11.324174250667507,11.291890713888586,11.259353537850197,11.22655818926421,11.193500009271586,11.160174208852267,11.126575864037335,11.092699910914746,11.058541140419738,11.0240941929009,10.989353552452672,10.95431354100502,10.91896831216102,10.883311844773203,10.847337936249719,10.811040195581821,10.774412036084621,10.737446667844115,10.700137089864297,10.662476081909942,10.624456196042345,10.586069747847903,10.5473088073625,10.508165189698651,10.468630445387316,10.428695850452485,10.388352396244413,10.34759077906686,10.306401389645712,10.26477430250089,10.222699265301724,10.180165688308422,10.137162634029965,10.093678807263228,10.049702545720614,10.010575724663898,9.992818541732717,9.958788022145233,9.921018231363396,9.877567003304971,9.831922660811015,9.786491449096046,9.739075328863908,9.696532204095718,9.647206029350215,9.600496397364806,9.548587708793958,9.503680718088983,9.451682910718851,9.401142163595543,9.349060023664471,9.298139355470557,9.246271484484577,9.19229075315583,9.140315107172446,9.085093129344745,9.031099730104431,8.973817619406743,8.919553174118988,8.862856494292298,8.805019479865383,8.745551689682575,8.686641876209514,8.62944637435126,8.569438852377173,8.512631157785856,8.449640060724738,8.38842288687498,8.327396250578321,8.263258245435487,8.203018374948059,8.137079551814667,8.074368148217426,8.012697420072493,7.948522283487427,7.882524082057155,7.819108766389424,7.758266392943396,7.714304921583952,7.687419390434551]
MinStrategy is: [87, 87, 117, 117, 132, 141] + pump(43,164,23) , ['87 * 2 (-0.041811) , cost = 444.6216 s', '117 * 2 (-0.036009) , cost = 2221.6782 s', '132 * 1 (-0.034507) , cost = 39496.4157 s', '141 * 1 (-0.033517) , cost = 303941.4933 s'] + pump(43,164,23)
[87,87,117,117,132,141]
Time cost for pnj-BKZ = 96.14 h,
Time cost for pump = 496.01 h,
Total time cost = 592.15 h.
