New Strategy:
n = 50, alpha = 0.025, q = 2503, jump = 1, goal_margin = 1.50, MAX_TIME = inf h
[15.650490582863549, 15.650490582863549, 15.650490582863549, 15.650490582863549, 15.650490582863549, 15.650490582863549, 15.650490582863549, 15.650490582863549, 15.650490582863549, 15.650490582863549, 15.650490582863549, 15.650490582863549, 15.650490582863549, 15.650490582863549, 15.650490582863549, 15.650490582863549, 15.650490582863549, 15.650490582863549, 15.650490582863549, 15.650490582863549, 15.650490582863549, 15.650490582863549, 15.650490582863549, 15.650490582863549, 15.650490582863549, 15.650490582863549, 15.650490582863549, 15.650490582863549, 15.650490582863549, 15.650490582863549, 15.650490582863549, 15.650490582863549, 15.650490582863549, 15.650490582863549, 15.650490582863549, 15.650490582863549, 15.650490582863549, 15.650490582863549, 15.650490582863549, 15.650490582863549, 15.650490582863549, 15.650490582863549, 15.650490582863549, 15.650490582863549, 15.650490582863549, 15.650490582863549, 15.650490582863549, 15.650490582863549, 15.650490582863549, 15.650490582863549, 15.650490582863549, 15.650490582863549, 15.650490582863549, 15.650490582863549, 15.650490582863549, 15.650490582863549, 15.650490582863549, 15.650490582863549, 15.650490582863549, 15.650490582863549, 15.650490582863549, 15.650490582863549, 15.650490582863549, 15.650490582863549, 15.650490582863549, 15.650490582863549, 15.650490582863549, 15.650490582863549, 15.650490582863549, 15.650490582863549, 15.650490582863549, 15.650490582863549, 15.650490582863549, 15.650490582863549, 15.650490582863549, 15.650490582863549, 15.650490582863549, 15.650490582863549, 15.650490582863549, 15.650490582863549, 15.650490582863549, 15.650490582863549, 15.650490582863549, 15.650490582863549, 15.650490582863549, 15.650490582863549, 15.650490582863549, 15.650490582863549, 15.650490582863549, 15.63352434651295, 15.494576034951402, 15.216154836591159, 15.471659386111352, 15.341214217412666, 15.201635264410475, 15.007688852671208, 14.891194979062208, 14.903565385259999, 14.763290127671475, 14.512472335402805, 14.768442628889193, 14.629268482352739, 14.544391260332254, 14.349965963849824, 14.339183087044871, 14.25871713724133, 14.14867989956046, 14.121026344242035, 13.972404789567062, 13.849944492464756, 13.865505257632567, 13.840621517594226, 13.636579017717645, 13.3680265162632, 13.499123882750883, 13.478399962058921, 13.378223159342683, 13.15668839152257, 13.140642798090317, 13.112899469155803, 13.021173489815128, 12.87325063657454, 12.996157165011924, 13.040636094233532, 12.807432816447337, 12.69372663687025, 12.593737341056224, 12.674409286987286, 12.411888296649563, 12.305842330456544, 12.112298122281029, 12.150050174905514, 12.057228310115551, 11.901358924018176, 11.683544712992322, 11.680835461303612, 11.62920185097985, 11.443696146407, 11.39689179241108, 11.297099082327378, 11.382922063009696, 11.212233775628908, 11.08310042869618, 10.990125422332687, 10.770497519243262, 10.662712543351205, 10.80464865520338, 10.735138919319905, 10.535759737913594, 10.558137576470836, 10.444388042666315, 10.386859434130766, 10.228701233471883, 10.110241262463555, 10.04858204054128, 10.000802034298752, 9.806111232361605, 9.80403850983863, 9.785379369506183, 9.796297147761502, 9.594606699087898, 9.49950702078124, 9.250784605921782, 9.105073436800229, 8.954763541948946, 9.123469301869564, 9.016899565672604, 8.965050369648932, 8.988756524934002, 8.924811424697626, 8.818978314408064, 8.689551590240052, 8.470302894265703, 8.633725276519222, 8.51148560087541, 8.459378713762444, 8.562266755007201, 8.384061849662146, 8.18083964657012, 7.92645212009001, 7.9269025221934335, 7.8628805097280665, 7.86811622003612, 7.77047081959814, 7.650677151448763, 7.51308912759648, 7.386470415915929, 7.291902171360535, 7.079557485038803, 6.916356854195788, 6.78431193260973, 6.838674339575017, 6.671750466756491, 6.439697545733959, 6.514370892639571, 6.331220516921067, 6.12321894296505, 6.126878069132964, 6.186228683033095, 6.194028733031833, 6.022819206944414, 5.874657398529619, 5.8056801187054745, 5.74857931687895, 5.607781828787847, 5.6243815087366515, 5.384749796437996, 5.399011771135701, 5.394384584632888, 5.28604260453711, 5.32168162183098, 5.252542920623987, 5.173884853842689, 5.201637825865524, 5.1145679469207685, 4.895966348720404, 4.920757377191856, 4.851934127480384, 4.625232875863679, 4.515521129839108, 4.627809104562433, 4.462652917256317, 4.301965853168033, 4.447155324920706, 4.480529331503081, 4.249849839976584]
Blocksize strategy selection process: -0.055925 --> -0.055925, len_BS = 1
Blocksize strategy selection process: -0.046349 --> -0.028539, len_BS = 152
Blocksize strategy selection process: -0.046178 --> -0.028538, len_BS = 234
Blocksize strategy selection process: -0.046007 --> -0.028538, len_BS = 309
Blocksize strategy selection process: -0.045836 --> -0.028538, len_BS = 377
Blocksize strategy selection process: -0.045665 --> -0.028538, len_BS = 443
Blocksize strategy selection process: -0.041757 --> -0.028538, len_BS = 519
Blocksize strategy selection process: -0.041639 --> -0.028538, len_BS = 580
Blocksize strategy selection process: -0.041559 --> -0.028538, len_BS = 647
Blocksize strategy selection process: -0.041521 --> -0.028538, len_BS = 707
Blocksize strategy selection process: -0.041443 --> -0.028538, len_BS = 744
Blocksize strategy selection process: -0.041402 --> -0.028538, len_BS = 797
Blocksize strategy selection process: -0.041364 --> -0.028538, len_BS = 845
Blocksize strategy selection process: -0.041325 --> -0.028538, len_BS = 856
Blocksize strategy selection process: -0.041283 --> -0.028538, len_BS = 907
Blocksize strategy selection process: -0.041247 --> -0.028538, len_BS = 957
Blocksize strategy selection process: -0.041206 --> -0.028538, len_BS = 961
Blocksize strategy selection process: -0.039324 --> -0.028538, len_BS = 1010
Blocksize strategy selection process: -0.039264 --> -0.028538, len_BS = 912
Blocksize strategy selection process: -0.039200 --> -0.028538, len_BS = 968
Blocksize strategy selection process: -0.039141 --> -0.028538, len_BS = 1036
Blocksize strategy selection process: -0.039082 --> -0.028538, len_BS = 1086
Blocksize strategy selection process: -0.037988 --> -0.028538, len_BS = 1136
Blocksize strategy selection process: -0.037948 --> -0.028538, len_BS = 1079
Blocksize strategy selection process: -0.037925 --> -0.028538, len_BS = 1132
Blocksize strategy selection process: -0.037906 --> -0.028538, len_BS = 1157
Blocksize strategy selection process: -0.037846 --> -0.028538, len_BS = 1179
Blocksize strategy selection process: -0.037805 --> -0.028538, len_BS = 1221
Blocksize strategy selection process: -0.037784 --> -0.028538, len_BS = 1263
Blocksize strategy selection process: -0.037765 --> -0.028538, len_BS = 1288
Blocksize strategy selection process: -0.037763 --> -0.028538, len_BS = 1311
Blocksize strategy selection process: -0.037167 --> -0.028538, len_BS = 1313
Blocksize strategy selection process: -0.037151 --> -0.028538, len_BS = 1355
Blocksize strategy selection process: -0.037135 --> -0.028538, len_BS = 1375
Blocksize strategy selection process: -0.037078 --> -0.028538, len_BS = 1399
Blocksize strategy selection process: -0.037062 --> -0.028538, len_BS = 1454
Blocksize strategy selection process: -0.036815 --> -0.028538, len_BS = 1472
Blocksize strategy selection process: -0.036804 --> -0.028538, len_BS = 1529
Blocksize strategy selection process: -0.036798 --> -0.028538, len_BS = 1544
Blocksize strategy selection process: -0.036793 --> -0.028538, len_BS = 1552
Blocksize strategy selection process: -0.036788 --> -0.028538, len_BS = 1558
Blocksize strategy selection process: -0.036732 --> -0.028538, len_BS = 1563
Blocksize strategy selection process: -0.036722 --> -0.028538, len_BS = 1607
Blocksize strategy selection process: -0.036716 --> -0.028538, len_BS = 1619
Blocksize strategy selection process: -0.036711 --> -0.028538, len_BS = 1625
Blocksize strategy selection process: -0.036699 --> -0.028538, len_BS = 1631
Blocksize strategy selection process: -0.036649 --> -0.028538, len_BS = 1644
Blocksize strategy selection process: -0.036258 --> -0.028538, len_BS = 1688
Blocksize strategy selection process: -0.036245 --> -0.028538, len_BS = 1647
Blocksize strategy selection process: -0.036224 --> -0.028538, len_BS = 1669
Blocksize strategy selection process: -0.036211 --> -0.028538, len_BS = 1696
Blocksize strategy selection process: -0.036198 --> -0.028538, len_BS = 1722
Blocksize strategy selection process: -0.035963 --> -0.028538, len_BS = 1744
Blocksize strategy selection process: -0.035954 --> -0.028538, len_BS = 1730
Blocksize strategy selection process: -0.035949 --> -0.028538, len_BS = 1752
Blocksize strategy selection process: -0.035945 --> -0.028538, len_BS = 1768
Blocksize strategy selection process: -0.035926 --> -0.028538, len_BS = 1780
Blocksize strategy selection process: -0.035917 --> -0.028538, len_BS = 1803
Blocksize strategy selection process: -0.035912 --> -0.028538, len_BS = 1820
Blocksize strategy selection process: -0.035908 --> -0.028538, len_BS = 1835
Blocksize strategy selection process: -0.035785 --> -0.028538, len_BS = 1845
Blocksize strategy selection process: -0.035781 --> -0.028538, len_BS = 1879
Blocksize strategy selection process: -0.035778 --> -0.028538, len_BS = 1888
Blocksize strategy selection process: -0.035760 --> -0.028538, len_BS = 1894
Blocksize strategy selection process: -0.035756 --> -0.028538, len_BS = 1918
Blocksize strategy selection process: -0.035700 --> -0.028538, len_BS = 1926
Blocksize strategy selection process: -0.035680 --> -0.028538, len_BS = 1969
Blocksize strategy selection process: -0.035673 --> -0.028538, len_BS = 1969
Blocksize strategy selection process: -0.035669 --> -0.028538, len_BS = 1973
Blocksize strategy selection process: -0.035626 --> -0.028538, len_BS = 1983
Blocksize strategy selection process: -0.035624 --> -0.028538, len_BS = 2031
Blocksize strategy selection process: -0.035533 --> -0.028538, len_BS = 2040
Blocksize strategy selection process: -0.035530 --> -0.028538, len_BS = 2087
Blocksize strategy selection process: -0.035526 --> -0.028538, len_BS = 2096
Blocksize strategy selection process: -0.035523 --> -0.028538, len_BS = 2104
Blocksize strategy selection process: -0.035520 --> -0.028538, len_BS = 2115
Blocksize strategy selection process: -0.035453 --> -0.028538, len_BS = 2124
Blocksize strategy selection process: -0.035450 --> -0.028538, len_BS = 2150
Blocksize strategy selection process: -0.035446 --> -0.028538, len_BS = 2159
Blocksize strategy selection process: -0.035443 --> -0.028538, len_BS = 2174
Blocksize strategy selection process: -0.035372 --> -0.028538, len_BS = 2179
Blocksize strategy selection process: -0.035370 --> -0.028538, len_BS = 2214
Blocksize strategy selection process: -0.035355 --> -0.028538, len_BS = 2223
Blocksize strategy selection process: -0.035354 --> -0.028538, len_BS = 2208
Blocksize strategy selection process: -0.035313 --> -0.028538, len_BS = 2208
Blocksize strategy selection process: -0.035311 --> -0.028538, len_BS = 2226
Blocksize strategy selection process: -0.035310 --> -0.028538, len_BS = 2233
Blocksize strategy selection process: -0.035309 --> -0.028538, len_BS = 2237
Blocksize strategy selection process: -0.035305 --> -0.028538, len_BS = 2237
Blocksize strategy selection process: -0.035303 --> -0.028538, len_BS = 2247
Blocksize strategy selection process: -0.035302 --> -0.028538, len_BS = 2250
Blocksize strategy selection process: -0.035301 --> -0.028538, len_BS = 2254
Blocksize strategy selection process: -0.035276 --> -0.028538, len_BS = 2254
Blocksize strategy selection process: -0.035275 --> -0.028538, len_BS = 2277
Blocksize strategy selection process: -0.035232 --> -0.028538, len_BS = 2286
Blocksize strategy selection process: -0.035231 --> -0.028538, len_BS = 2309
Blocksize strategy selection process: -0.035230 --> -0.028538, len_BS = 2315
Blocksize strategy selection process: -0.035229 --> -0.028538, len_BS = 2319
Blocksize strategy selection process: -0.035225 --> -0.028538, len_BS = 2322
Blocksize strategy selection process: -0.035223 --> -0.028538, len_BS = 2334
Blocksize strategy selection process: -0.035222 --> -0.028538, len_BS = 2341
Blocksize strategy selection process: -0.035221 --> -0.028538, len_BS = 2348
Blocksize strategy selection process: -0.035121 --> -0.028538, len_BS = 2352
Blocksize strategy selection process: -0.035119 --> -0.028538, len_BS = 2322
Blocksize strategy selection process: -0.035045 --> -0.028538, len_BS = 2327
Blocksize strategy selection process: -0.035043 --> -0.028538, len_BS = 2345
Blocksize strategy selection process: -0.035039 --> -0.028538, len_BS = 2355
Blocksize strategy selection process: -0.034963 --> -0.028538, len_BS = 2364
Blocksize strategy selection process: -0.034960 --> -0.028538, len_BS = 2375
Blocksize strategy selection process: -0.034954 --> -0.028538, len_BS = 2379
Blocksize strategy selection process: -0.034951 --> -0.028538, len_BS = 2397
Blocksize strategy selection process: -0.034936 --> -0.028538, len_BS = 2423
Blocksize strategy selection process: -0.034935 --> -0.028538, len_BS = 2424
Blocksize strategy selection process: -0.034922 --> -0.028538, len_BS = 2424
Blocksize strategy selection process: -0.034921 --> -0.028538, len_BS = 2430
Blocksize strategy selection process: -0.034875 --> -0.028538, len_BS = 2430
Blocksize strategy selection process: -0.034874 --> -0.028538, len_BS = 2458
Blocksize strategy selection process: -0.034855 --> -0.028538, len_BS = 2459
Blocksize strategy selection process: -0.034842 --> -0.028538, len_BS = 2484
Blocksize strategy selection process: -0.034841 --> -0.028538, len_BS = 2503
Blocksize strategy selection process: -0.034789 --> -0.028538, len_BS = 2504
Blocksize strategy selection process: -0.034775 --> -0.028538, len_BS = 2527
Blocksize strategy selection process: -0.034774 --> -0.028538, len_BS = 2554
Blocksize strategy selection process: -0.034627 --> -0.028538, len_BS = 2555
Blocksize strategy selection process: -0.034625 --> -0.028538, len_BS = 2562
Blocksize strategy selection process: -0.034624 --> -0.028538, len_BS = 2561
Blocksize strategy selection process: -0.034577 --> -0.028538, len_BS = 2562
Blocksize strategy selection process: -0.034575 --> -0.028538, len_BS = 2607
Blocksize strategy selection process: -0.034574 --> -0.028538, len_BS = 2615
Blocksize strategy selection process: -0.034571 --> -0.028538, len_BS = 2618
Blocksize strategy selection process: -0.034569 --> -0.028538, len_BS = 2623
Blocksize strategy selection process: -0.034492 --> -0.028538, len_BS = 2630
Blocksize strategy selection process: -0.034491 --> -0.028538, len_BS = 2663
Blocksize strategy selection process: -0.034487 --> -0.028538, len_BS = 2665
Blocksize strategy selection process: -0.034486 --> -0.028538, len_BS = 2675
Blocksize strategy selection process: -0.034485 --> -0.028538, len_BS = 2691
Blocksize strategy selection process: -0.034484 --> -0.028538, len_BS = 2693
Blocksize strategy selection process: -0.034468 --> -0.028538, len_BS = 2695
Blocksize strategy selection process: -0.034467 --> -0.028538, len_BS = 2696
Blocksize strategy selection process: -0.034458 --> -0.028538, len_BS = 2696
Blocksize strategy selection process: -0.034457 --> -0.028538, len_BS = 2714
Blocksize strategy selection process: -0.034456 --> -0.028538, len_BS = 2715
Blocksize strategy selection process: -0.034452 --> -0.028538, len_BS = 2718
Blocksize strategy selection process: -0.034451 --> -0.028538, len_BS = 2735
Blocksize strategy selection process: -0.034440 --> -0.028538, len_BS = 2735
Blocksize strategy selection process: -0.034439 --> -0.028538, len_BS = 2762
Blocksize strategy selection process: -0.034438 --> -0.028538, len_BS = 2763
Blocksize strategy selection process: -0.034377 --> -0.028538, len_BS = 2767
Blocksize strategy selection process: -0.034375 --> -0.028538, len_BS = 2784
Blocksize strategy selection process: -0.034371 --> -0.028538, len_BS = 2785
Blocksize strategy selection process: -0.034370 --> -0.028538, len_BS = 2803
Blocksize strategy selection process: -0.034359 --> -0.028538, len_BS = 2803
Blocksize strategy selection process: -0.034358 --> -0.028538, len_BS = 2828
Blocksize strategy selection process: -0.034357 --> -0.028538, len_BS = 2833
Blocksize strategy selection process: -0.034295 --> -0.028538, len_BS = 2835
Blocksize strategy selection process: -0.034294 --> -0.028538, len_BS = 2832
Blocksize strategy selection process: -0.034293 --> -0.028538, len_BS = 2834
Blocksize strategy selection process: -0.034289 --> -0.028538, len_BS = 2838
Blocksize strategy selection process: -0.034278 --> -0.028538, len_BS = 2851
Blocksize strategy selection process: -0.034277 --> -0.028538, len_BS = 2886
Blocksize strategy selection process: -0.034276 --> -0.028538, len_BS = 2886
Blocksize strategy selection process: -0.034213 --> -0.028538, len_BS = 2888
Blocksize strategy selection process: -0.034212 --> -0.028538, len_BS = 2909
Blocksize strategy selection process: -0.034211 --> -0.028538, len_BS = 2910
Blocksize strategy selection process: -0.034207 --> -0.028538, len_BS = 2912
Blocksize strategy selection process: -0.034170 --> -0.028538, len_BS = 2927
Blocksize strategy selection process: -0.034114 --> -0.028538, len_BS = 2960
Blocksize strategy selection process: -0.034113 --> -0.028538, len_BS = 2974
Blocksize strategy selection process: -0.034112 --> -0.028538, len_BS = 2976
Blocksize strategy selection process: -0.034089 --> -0.028538, len_BS = 2980
Blocksize strategy selection process: -0.034073 --> -0.028538, len_BS = 3017
Blocksize strategy selection process: -0.034059 --> -0.028538, len_BS = 3043
Blocksize strategy selection process: -0.034057 --> -0.028538, len_BS = 3075
Blocksize strategy selection process: -0.034054 --> -0.028538, len_BS = 3083
Blocksize strategy selection process: -0.034043 --> -0.028538, len_BS = 3088
Blocksize strategy selection process: -0.034040 --> -0.028538, len_BS = 3120
Blocksize strategy selection process: -0.033948 --> -0.028538, len_BS = 3129
Blocksize strategy selection process: -0.033866 --> -0.028538, len_BS = 3125
Blocksize strategy selection process: -0.033865 --> -0.028538, len_BS = 3116
Blocksize strategy selection process: -0.033863 --> -0.028538, len_BS = 3124
Blocksize strategy selection process: -0.033815 --> -0.028538, len_BS = 3127
Blocksize strategy selection process: -0.033813 --> -0.028538, len_BS = 3127
Blocksize strategy selection process: -0.033812 --> -0.028538, len_BS = 3131
Blocksize strategy selection process: -0.033811 --> -0.028538, len_BS = 3133
Blocksize strategy selection process: -0.033732 --> -0.028538, len_BS = 3135
Blocksize strategy selection process: -0.033663 --> -0.028538, len_BS = 3129
Blocksize strategy selection process: -0.033636 --> -0.028538, len_BS = 3106
Blocksize strategy selection process: -0.033633 --> -0.028538, len_BS = 3125
Blocksize strategy selection process: -0.033471 --> -0.028538, len_BS = 3129
Blocksize strategy selection process: -0.033427 --> -0.028538, len_BS = 3022
Blocksize strategy selection process: -0.033414 --> -0.028538, len_BS = 3036
Blocksize strategy selection process: -0.033413 --> -0.028538, len_BS = 3051
Blocksize strategy selection process: -0.033402 --> -0.028538, len_BS = 3054
Blocksize strategy selection process: -0.033400 --> -0.028538, len_BS = 3069
Blocksize strategy selection process: -0.033399 --> -0.028538, len_BS = 3071
Blocksize strategy selection process: -0.033398 --> -0.028538, len_BS = 3071
Blocksize strategy selection process: -0.033388 --> -0.028538, len_BS = 3076
Blocksize strategy selection process: -0.033386 --> -0.028538, len_BS = 3091
Blocksize strategy selection process: -0.033384 --> -0.028538, len_BS = 3096
Blocksize strategy selection process: -0.033374 --> -0.028538, len_BS = 3099
Blocksize strategy selection process: -0.033372 --> -0.028538, len_BS = 3111
Blocksize strategy selection process: -0.033347 --> -0.028538, len_BS = 3114
Blocksize strategy selection process: -0.033344 --> -0.028538, len_BS = 3136
Blocksize strategy selection process: -0.033337 --> -0.028538, len_BS = 3141
Blocksize strategy selection process: -0.033336 --> -0.028538, len_BS = 3154
Blocksize strategy selection process: -0.033326 --> -0.028538, len_BS = 3154
Blocksize strategy selection process: -0.033325 --> -0.028538, len_BS = 3173
Blocksize strategy selection process: -0.033323 --> -0.028538, len_BS = 3173
Blocksize strategy selection process: -0.033322 --> -0.028538, len_BS = 3177
Blocksize strategy selection process: -0.033321 --> -0.028538, len_BS = 3178
Blocksize strategy selection process: -0.033320 --> -0.028538, len_BS = 3178
Blocksize strategy selection process: -0.033319 --> -0.028538, len_BS = 3182
Blocksize strategy selection process: -0.033308 --> -0.028538, len_BS = 3182
Blocksize strategy selection process: -0.033306 --> -0.028538, len_BS = 3199
Blocksize strategy selection process: -0.033255 --> -0.028538, len_BS = 3203
Blocksize strategy selection process: -0.033254 --> -0.028538, len_BS = 3210
Blocksize strategy selection process: -0.033244 --> -0.028538, len_BS = 3212
Blocksize strategy selection process: -0.033242 --> -0.028538, len_BS = 3223
Blocksize strategy selection process: -0.033241 --> -0.028538, len_BS = 3225
Blocksize strategy selection process: -0.033240 --> -0.028538, len_BS = 3225
Blocksize strategy selection process: -0.033227 --> -0.028538, len_BS = 3227
Blocksize strategy selection process: -0.033180 --> -0.028538, len_BS = 3245
Blocksize strategy selection process: -0.033173 --> -0.028538, len_BS = 3253
Blocksize strategy selection process: -0.033126 --> -0.028538, len_BS = 3262
Blocksize strategy selection process: -0.033124 --> -0.028538, len_BS = 3265
Blocksize strategy selection process: -0.033091 --> -0.028538, len_BS = 3268
Blocksize strategy selection process: -0.033090 --> -0.028538, len_BS = 3295
Blocksize strategy selection process: -0.033080 --> -0.028538, len_BS = 3298
Blocksize strategy selection process: -0.033078 --> -0.028538, len_BS = 3316
Blocksize strategy selection process: -0.033077 --> -0.028538, len_BS = 3319
Blocksize strategy selection process: -0.033076 --> -0.028538, len_BS = 3321
Blocksize strategy selection process: -0.033075 --> -0.028538, len_BS = 3322
Blocksize strategy selection process: -0.032994 --> -0.028538, len_BS = 3324
Blocksize strategy selection process: -0.032993 --> -0.028538, len_BS = 3313
Blocksize strategy selection process: -0.032982 --> -0.028538, len_BS = 3315
Blocksize strategy selection process: -0.032970 --> -0.028538, len_BS = 3333
Blocksize strategy selection process: -0.032969 --> -0.028538, len_BS = 3346
Blocksize strategy selection process: -0.032957 --> -0.028538, len_BS = 3346
Blocksize strategy selection process: -0.032953 --> -0.028538, len_BS = 3362
Blocksize strategy selection process: -0.032943 --> -0.028538, len_BS = 3371
Blocksize strategy selection process: -0.032940 --> -0.028538, len_BS = 3384
Blocksize strategy selection process: -0.032938 --> -0.028538, len_BS = 3387
Blocksize strategy selection process: -0.032937 --> -0.028538, len_BS = 3389
Blocksize strategy selection process: -0.032936 --> -0.028538, len_BS = 3392
Blocksize strategy selection process: -0.032935 --> -0.028538, len_BS = 3392
Blocksize strategy selection process: -0.032919 --> -0.028538, len_BS = 3393
Blocksize strategy selection process: -0.032871 --> -0.028538, len_BS = 3417
Blocksize strategy selection process: -0.032818 --> -0.028538, len_BS = 3430
Blocksize strategy selection process: -0.032817 --> -0.028538, len_BS = 3433
Blocksize strategy selection process: -0.032813 --> -0.028538, len_BS = 3434
Blocksize strategy selection process: -0.032812 --> -0.028538, len_BS = 3434
Blocksize strategy selection process: -0.032809 --> -0.028538, len_BS = 3434
Blocksize strategy selection process: -0.032666 --> -0.028538, len_BS = 3450
Blocksize strategy selection process: -0.032652 --> -0.028538, len_BS = 3423
Blocksize strategy selection process: -0.032631 --> -0.028538, len_BS = 3435
Blocksize strategy selection process: -0.032618 --> -0.028538, len_BS = 3447
Blocksize strategy selection process: -0.032616 --> -0.028538, len_BS = 3455
Blocksize strategy selection process: -0.032614 --> -0.028538, len_BS = 3457
Blocksize strategy selection process: -0.032613 --> -0.028538, len_BS = 3459
Blocksize strategy selection process: -0.032612 --> -0.028538, len_BS = 3461
Blocksize strategy selection process: -0.032490 --> -0.028538, len_BS = 3461
Blocksize strategy selection process: -0.032421 --> -0.028538, len_BS = 3457
Blocksize strategy selection process: -0.032397 --> -0.028538, len_BS = 3462
Blocksize strategy selection process: -0.032371 --> -0.028538, len_BS = 3470
Blocksize strategy selection process: -0.032370 --> -0.028538, len_BS = 3482
Blocksize strategy selection process: -0.032353 --> -0.028538, len_BS = 3483
Blocksize strategy selection process: -0.032344 --> -0.028538, len_BS = 3493
Blocksize strategy selection process: -0.032342 --> -0.028538, len_BS = 3498
Blocksize strategy selection process: -0.032189 --> -0.028538, len_BS = 3498
Blocksize strategy selection process: -0.032187 --> -0.028538, len_BS = 3473
Blocksize strategy selection process: -0.032064 --> -0.028538, len_BS = 3474
Blocksize strategy selection process: -0.032062 --> -0.028538, len_BS = 3469
Blocksize strategy selection process: -0.032061 --> -0.028538, len_BS = 3470
Blocksize strategy selection process: -0.032011 --> -0.028538, len_BS = 3467
Blocksize strategy selection process: -0.031964 --> -0.028538, len_BS = 3471
Blocksize strategy selection process: -0.031943 --> -0.028538, len_BS = 3480
Blocksize strategy selection process: -0.031923 --> -0.028538, len_BS = 3491
Blocksize strategy selection process: -0.031860 --> -0.028538, len_BS = 3499
Blocksize strategy selection process: -0.031809 --> -0.028538, len_BS = 3505
Blocksize strategy selection process: -0.031807 --> -0.028538, len_BS = 3510
Blocksize strategy selection process: -0.031806 --> -0.028538, len_BS = 3512
Blocksize strategy selection process: -0.031732 --> -0.028538, len_BS = 3512
Blocksize strategy selection process: -0.031731 --> -0.028538, len_BS = 3513
Blocksize strategy selection process: -0.031696 --> -0.028538, len_BS = 3514
Blocksize strategy selection process: -0.031687 --> -0.028538, len_BS = 3525
Blocksize strategy selection process: -0.031670 --> -0.028538, len_BS = 3528
Blocksize strategy selection process: -0.031667 --> -0.028538, len_BS = 3538
Blocksize strategy selection process: -0.031666 --> -0.028538, len_BS = 3539
Blocksize strategy selection process: -0.031665 --> -0.028538, len_BS = 3539
Blocksize strategy selection process: -0.031664 --> -0.028538, len_BS = 3539
Blocksize strategy selection process: -0.031663 --> -0.028538, len_BS = 3539
Blocksize strategy selection process: -0.031661 --> -0.028538, len_BS = 3540
Blocksize strategy selection process: -0.031660 --> -0.028538, len_BS = 3540
Blocksize strategy selection process: -0.031658 --> -0.028538, len_BS = 3540
Blocksize strategy selection process: -0.031652 --> -0.028538, len_BS = 3540
Blocksize strategy selection process: -0.031646 --> -0.028538, len_BS = 3543
Blocksize strategy selection process: -0.031645 --> -0.028538, len_BS = 3545
Blocksize strategy selection process: -0.031640 --> -0.028538, len_BS = 3546
Blocksize strategy selection process: -0.031594 --> -0.028538, len_BS = 3547
Blocksize strategy selection process: -0.031591 --> -0.028538, len_BS = 3555
Blocksize strategy selection process: -0.031590 --> -0.028538, len_BS = 3557
Blocksize strategy selection process: -0.031589 --> -0.028538, len_BS = 3557
Blocksize strategy selection process: -0.031588 --> -0.028538, len_BS = 3557
Blocksize strategy selection process: -0.031499 --> -0.028538, len_BS = 3557
Blocksize strategy selection process: -0.031497 --> -0.028538, len_BS = 3559
Blocksize strategy selection process: -0.031496 --> -0.028538, len_BS = 3561
Blocksize strategy selection process: -0.031495 --> -0.028538, len_BS = 3561
Blocksize strategy selection process: -0.031494 --> -0.028538, len_BS = 3562
Blocksize strategy selection process: -0.031490 --> -0.028538, len_BS = 3562
Blocksize strategy selection process: -0.031488 --> -0.028538, len_BS = 3562
Blocksize strategy selection process: -0.031486 --> -0.028538, len_BS = 3562
Blocksize strategy selection process: -0.031442 --> -0.028538, len_BS = 3562
Blocksize strategy selection process: -0.031440 --> -0.028538, len_BS = 3571
Blocksize strategy selection process: -0.031439 --> -0.028538, len_BS = 3572
Blocksize strategy selection process: -0.031437 --> -0.028538, len_BS = 3572
Blocksize strategy selection process: -0.031436 --> -0.028538, len_BS = 3572
Blocksize strategy selection process: -0.031434 --> -0.028538, len_BS = 3572
Blocksize strategy selection process: -0.031345 --> -0.028538, len_BS = 3574
Blocksize strategy selection process: -0.031344 --> -0.028538, len_BS = 3580
Blocksize strategy selection process: -0.031290 --> -0.028538, len_BS = 3580
Blocksize strategy selection process: -0.031289 --> -0.028538, len_BS = 3588
Blocksize strategy selection process: -0.031148 --> -0.028538, len_BS = 3588
Blocksize strategy selection process: -0.031147 --> -0.028538, len_BS = 3581
Blocksize strategy selection process: -0.031146 --> -0.028538, len_BS = 3581
Blocksize strategy selection process: -0.031082 --> -0.028538, len_BS = 3581
Blocksize strategy selection process: -0.031078 --> -0.028538, len_BS = 3586
Blocksize strategy selection process: -0.031077 --> -0.028538, len_BS = 3586
Blocksize strategy selection process: -0.031072 --> -0.028538, len_BS = 3586
Blocksize strategy selection process: -0.031070 --> -0.028538, len_BS = 3587
Blocksize strategy selection process: -0.031069 --> -0.028538, len_BS = 3587
Blocksize strategy selection process: -0.031068 --> -0.028538, len_BS = 3587
Blocksize strategy selection process: -0.031067 --> -0.028538, len_BS = 3587
Blocksize strategy selection process: -0.031066 --> -0.028538, len_BS = 3587
Blocksize strategy selection process: -0.031065 --> -0.028538, len_BS = 3587
Blocksize strategy selection process: -0.031064 --> -0.028538, len_BS = 3587
Blocksize strategy selection process: -0.031063 --> -0.028538, len_BS = 3587
Blocksize strategy selection process: -0.031059 --> -0.028538, len_BS = 3587
Blocksize strategy selection process: -0.031058 --> -0.028538, len_BS = 3587
Blocksize strategy selection process: -0.030972 --> -0.028538, len_BS = 3587
Blocksize strategy selection process: -0.030971 --> -0.028538, len_BS = 3590
Blocksize strategy selection process: -0.030929 --> -0.028538, len_BS = 3593
Blocksize strategy selection process: -0.030926 --> -0.028538, len_BS = 3598
Blocksize strategy selection process: -0.030884 --> -0.028538, len_BS = 3599
Blocksize strategy selection process: -0.030883 --> -0.028538, len_BS = 3604
Blocksize strategy selection process: -0.030881 --> -0.028538, len_BS = 3604
Blocksize strategy selection process: -0.030875 --> -0.028538, len_BS = 3604
Blocksize strategy selection process: -0.030858 --> -0.028538, len_BS = 3607
Blocksize strategy selection process: -0.030855 --> -0.028538, len_BS = 3611
Blocksize strategy selection process: -0.030854 --> -0.028538, len_BS = 3612
Blocksize strategy selection process: -0.030853 --> -0.028538, len_BS = 3612
Blocksize strategy selection process: -0.030850 --> -0.028538, len_BS = 3612
Blocksize strategy selection process: -0.030849 --> -0.028538, len_BS = 3612
Blocksize strategy selection process: -0.030846 --> -0.028538, len_BS = 3612
Blocksize strategy selection process: -0.030845 --> -0.028538, len_BS = 3613
Blocksize strategy selection process: -0.030798 --> -0.028538, len_BS = 3613
Blocksize strategy selection process: -0.030787 --> -0.028538, len_BS = 3619
Blocksize strategy selection process: -0.030785 --> -0.028538, len_BS = 3622
Blocksize strategy selection process: -0.030784 --> -0.028538, len_BS = 3623
Blocksize strategy selection process: -0.030782 --> -0.028538, len_BS = 3624
Blocksize strategy selection process: -0.030781 --> -0.028538, len_BS = 3624
Blocksize strategy selection process: -0.030780 --> -0.028538, len_BS = 3624
Blocksize strategy selection process: -0.030779 --> -0.028538, len_BS = 3624
Blocksize strategy selection process: -0.030729 --> -0.028538, len_BS = 3625
Blocksize strategy selection process: -0.030686 --> -0.028538, len_BS = 3632
Blocksize strategy selection process: -0.030616 --> -0.028538, len_BS = 3637
Blocksize strategy selection process: -0.030590 --> -0.028538, len_BS = 3642
Blocksize strategy selection process: -0.030580 --> -0.028538, len_BS = 3646
Blocksize strategy selection process: -0.030578 --> -0.028538, len_BS = 3646
Blocksize strategy selection process: -0.030577 --> -0.028538, len_BS = 3646
Blocksize strategy selection process: -0.030498 --> -0.028538, len_BS = 3646
Blocksize strategy selection process: -0.030497 --> -0.028538, len_BS = 3651
Blocksize strategy selection process: -0.030467 --> -0.028538, len_BS = 3651
Blocksize strategy selection process: -0.030307 --> -0.028538, len_BS = 3655
Blocksize strategy selection process: -0.030289 --> -0.028538, len_BS = 3654
Blocksize strategy selection process: -0.030228 --> -0.028538, len_BS = 3655
Blocksize strategy selection process: -0.030226 --> -0.028538, len_BS = 3658
Blocksize strategy selection process: -0.030225 --> -0.028538, len_BS = 3659
Blocksize strategy selection process: -0.030186 --> -0.028538, len_BS = 3659
Blocksize strategy selection process: -0.030165 --> -0.028538, len_BS = 3663
Blocksize strategy selection process: -0.030118 --> -0.028538, len_BS = 3665
Blocksize strategy selection process: -0.030087 --> -0.028538, len_BS = 3666
Blocksize strategy selection process: -0.030051 --> -0.028538, len_BS = 3666
Blocksize strategy selection process: -0.030029 --> -0.028538, len_BS = 3668
Blocksize strategy selection process: -0.030019 --> -0.028538, len_BS = 3669
Blocksize strategy selection process: -0.030016 --> -0.028538, len_BS = 3670
Blocksize strategy selection process: -0.029970 --> -0.028538, len_BS = 3670
Blocksize strategy selection process: -0.029967 --> -0.028538, len_BS = 3671
Blocksize strategy selection process: -0.029958 --> -0.028538, len_BS = 3671
Blocksize strategy selection process: -0.029956 --> -0.028538, len_BS = 3671
Blocksize strategy selection process: -0.029954 --> -0.028538, len_BS = 3671
Blocksize strategy selection process: -0.029913 --> -0.028538, len_BS = 3671
Blocksize strategy selection process: -0.029873 --> -0.028538, len_BS = 3672
Blocksize strategy selection process: -0.029827 --> -0.028538, len_BS = 3672
Blocksize strategy selection process: -0.029797 --> -0.028538, len_BS = 3672
Blocksize strategy selection process: -0.029795 --> -0.028538, len_BS = 3673
Blocksize strategy selection process: -0.029786 --> -0.028538, len_BS = 3673
Blocksize strategy selection process: -0.029779 --> -0.028538, len_BS = 3673
Blocksize strategy selection process: -0.029743 --> -0.028538, len_BS = 3673
Blocksize strategy selection process: -0.029742 --> -0.028538, len_BS = 3675
Blocksize strategy selection process: -0.029732 --> -0.028538, len_BS = 3675
Blocksize strategy selection process: -0.029731 --> -0.028538, len_BS = 3675
Blocksize strategy selection process: -0.029722 --> -0.028538, len_BS = 3675
Blocksize strategy selection process: -0.029717 --> -0.028538, len_BS = 3675
Blocksize strategy selection process: -0.029678 --> -0.028538, len_BS = 3675
Blocksize strategy selection process: -0.029604 --> -0.028538, len_BS = 3675
Blocksize strategy selection process: -0.029586 --> -0.028538, len_BS = 3675
Blocksize strategy selection process: -0.029574 --> -0.028538, len_BS = 3675
Blocksize strategy selection process: -0.029567 --> -0.028538, len_BS = 3675
Blocksize strategy selection process: -0.029564 --> -0.028538, len_BS = 3675
Blocksize strategy selection process: -0.029556 --> -0.028538, len_BS = 3675
Blocksize strategy selection process: -0.029553 --> -0.028538, len_BS = 3675
Blocksize strategy selection process: -0.029523 --> -0.028538, len_BS = 3675
Blocksize strategy selection process: -0.029453 --> -0.028538, len_BS = 3675
Blocksize strategy selection process: -0.029421 --> -0.028538, len_BS = 3677
Blocksize strategy selection process: -0.029420 --> -0.028538, len_BS = 3678
Blocksize strategy selection process: -0.029419 --> -0.028538, len_BS = 3678
Blocksize strategy selection process: -0.029417 --> -0.028538, len_BS = 3678
Blocksize strategy selection process: -0.029361 --> -0.028538, len_BS = 3678
Blocksize strategy selection process: -0.029333 --> -0.028538, len_BS = 3679
Blocksize strategy selection process: -0.029329 --> -0.028538, len_BS = 3680
Blocksize strategy selection process: -0.029328 --> -0.028538, len_BS = 3680
Blocksize strategy selection process: -0.029315 --> -0.028538, len_BS = 3680
Blocksize strategy selection process: -0.029287 --> -0.028538, len_BS = 3680
Blocksize strategy selection process: -0.029282 --> -0.028538, len_BS = 3680
Blocksize strategy selection process: -0.029280 --> -0.028538, len_BS = 3680
Blocksize strategy selection process: -0.029272 --> -0.028538, len_BS = 3680
Blocksize strategy selection process: -0.029267 --> -0.028538, len_BS = 3680
Blocksize strategy selection process: -0.029200 --> -0.028538, len_BS = 3680
Blocksize strategy selection process: -0.029194 --> -0.028538, len_BS = 3682
Blocksize strategy selection process: -0.029157 --> -0.028538, len_BS = 3682
Blocksize strategy selection process: -0.029155 --> -0.028538, len_BS = 3683
Blocksize strategy selection process: -0.029141 --> -0.028538, len_BS = 3683
Blocksize strategy selection process: -0.029139 --> -0.028538, len_BS = 3683
Blocksize strategy selection process: -0.029110 --> -0.028538, len_BS = 3683
Blocksize strategy selection process: -0.029070 --> -0.028538, len_BS = 3684
Blocksize strategy selection process: -0.029052 --> -0.028538, len_BS = 3684
Blocksize strategy selection process: -0.029042 --> -0.028538, len_BS = 3684
Blocksize strategy selection process: -0.029041 --> -0.028538, len_BS = 3684
Blocksize strategy selection process: -0.029040 --> -0.028538, len_BS = 3684
Blocksize strategy selection process: -0.029039 --> -0.028538, len_BS = 3684
Blocksize strategy selection process: -0.029038 --> -0.028538, len_BS = 3684
Blocksize strategy selection process: -0.029037 --> -0.028538, len_BS = 3685
Blocksize strategy selection process: -0.029036 --> -0.028538, len_BS = 3685
Blocksize strategy selection process: -0.029035 --> -0.028538, len_BS = 3685
Blocksize strategy selection process: -0.029034 --> -0.028538, len_BS = 3685
Blocksize strategy selection process: -0.029033 --> -0.028538, len_BS = 3685
Blocksize strategy selection process: -0.029032 --> -0.028538, len_BS = 3685
Blocksize strategy selection process: -0.029030 --> -0.028538, len_BS = 3685
Blocksize strategy selection process: -0.029029 --> -0.028538, len_BS = 3685
Blocksize strategy selection process: -0.029028 --> -0.028538, len_BS = 3685
Blocksize strategy selection process: -0.029027 --> -0.028538, len_BS = 3685
Blocksize strategy selection process: -0.029026 --> -0.028538, len_BS = 3685
Blocksize strategy selection process: -0.029025 --> -0.028538, len_BS = 3685
Blocksize strategy selection process: -0.029004 --> -0.028538, len_BS = 3685
Blocksize strategy selection process: -0.029003 --> -0.028538, len_BS = 3685
Blocksize strategy selection process: -0.029002 --> -0.028538, len_BS = 3685
Blocksize strategy selection process: -0.028961 --> -0.028538, len_BS = 3685
Blocksize strategy selection process: -0.028960 --> -0.028538, len_BS = 3685
Blocksize strategy selection process: -0.028959 --> -0.028538, len_BS = 3685
Blocksize strategy selection process: -0.028958 --> -0.028538, len_BS = 3685
Blocksize strategy selection process: -0.028957 --> -0.028538, len_BS = 3685
Blocksize strategy selection process: -0.028956 --> -0.028538, len_BS = 3685
Blocksize strategy selection process: -0.028955 --> -0.028538, len_BS = 3685
Blocksize strategy selection process: -0.028935 --> -0.028538, len_BS = 3685
Blocksize strategy selection process: -0.028934 --> -0.028538, len_BS = 3685
Blocksize strategy selection process: -0.028897 --> -0.028538, len_BS = 3685
Blocksize strategy selection process: -0.028896 --> -0.028538, len_BS = 3686
Blocksize strategy selection process: -0.028895 --> -0.028538, len_BS = 3686
Blocksize strategy selection process: -0.028891 --> -0.028538, len_BS = 3686
Blocksize strategy selection process: -0.028890 --> -0.028538, len_BS = 3686
Blocksize strategy selection process: -0.028889 --> -0.028538, len_BS = 3686
Blocksize strategy selection process: -0.028888 --> -0.028538, len_BS = 3686
Blocksize strategy selection process: -0.028887 --> -0.028538, len_BS = 3686
Blocksize strategy selection process: -0.028883 --> -0.028538, len_BS = 3686
Blocksize strategy selection process: -0.028881 --> -0.028538, len_BS = 3686
Blocksize strategy selection process: -0.028880 --> -0.028538, len_BS = 3686
Blocksize strategy selection process: -0.028879 --> -0.028538, len_BS = 3686
Blocksize strategy selection process: -0.028878 --> -0.028538, len_BS = 3686
Blocksize strategy selection process: -0.028877 --> -0.028538, len_BS = 3686
Blocksize strategy selection process: -0.028876 --> -0.028538, len_BS = 3686
Blocksize strategy selection process: -0.028875 --> -0.028538, len_BS = 3686
Blocksize strategy selection process: -0.028874 --> -0.028538, len_BS = 3686
Blocksize strategy selection process: -0.028873 --> -0.028538, len_BS = 3686
Blocksize strategy selection process: -0.028872 --> -0.028538, len_BS = 3686
Blocksize strategy selection process: -0.028871 --> -0.028538, len_BS = 3686
Blocksize strategy selection process: -0.028870 --> -0.028538, len_BS = 3686
Blocksize strategy selection process: -0.028869 --> -0.028538, len_BS = 3686
Blocksize strategy selection process: -0.028868 --> -0.028538, len_BS = 3686
Blocksize strategy selection process: -0.028867 --> -0.028538, len_BS = 3686
Blocksize strategy selection process: -0.028866 --> -0.028538, len_BS = 3686
Blocksize strategy selection process: -0.028865 --> -0.028538, len_BS = 3686
Blocksize strategy selection process: -0.028864 --> -0.028538, len_BS = 3686
Blocksize strategy selection process: -0.028863 --> -0.028538, len_BS = 3686
Blocksize strategy selection process: -0.028862 --> -0.028538, len_BS = 3686
Blocksize strategy selection process: -0.028861 --> -0.028538, len_BS = 3686
Blocksize strategy selection process: -0.028860 --> -0.028538, len_BS = 3686
Blocksize strategy selection process: -0.028859 --> -0.028538, len_BS = 3686
Blocksize strategy selection process: -0.028858 --> -0.028538, len_BS = 3686
Blocksize strategy selection process: -0.028857 --> -0.028538, len_BS = 3686
Blocksize strategy selection process: -0.028856 --> -0.028538, len_BS = 3686
Blocksize strategy selection process: -0.028839 --> -0.028538, len_BS = 3686
Blocksize strategy selection process: -0.028838 --> -0.028538, len_BS = 3686
Blocksize strategy selection process: -0.028837 --> -0.028538, len_BS = 3686
Blocksize strategy selection process: -0.028836 --> -0.028538, len_BS = 3686
Blocksize strategy selection process: -0.028835 --> -0.028538, len_BS = 3686
Blocksize strategy selection process: -0.028834 --> -0.028538, len_BS = 3686
Blocksize strategy selection process: -0.028833 --> -0.028538, len_BS = 3686
Blocksize strategy selection process: -0.028832 --> -0.028538, len_BS = 3686
Blocksize strategy selection process: -0.028831 --> -0.028538, len_BS = 3686
Blocksize strategy selection process: -0.028830 --> -0.028538, len_BS = 3686
Blocksize strategy selection process: -0.028829 --> -0.028538, len_BS = 3686
Blocksize strategy selection process: -0.028828 --> -0.028538, len_BS = 3686
Blocksize strategy selection process: -0.028827 --> -0.028538, len_BS = 3686
Blocksize strategy selection process: -0.028826 --> -0.028538, len_BS = 3686
Blocksize strategy selection process: -0.028810 --> -0.028538, len_BS = 3686
Blocksize strategy selection process: -0.028809 --> -0.028538, len_BS = 3686
Blocksize strategy selection process: -0.028808 --> -0.028538, len_BS = 3686
Blocksize strategy selection process: -0.028807 --> -0.028538, len_BS = 3686
Blocksize strategy selection process: -0.028806 --> -0.028538, len_BS = 3686
Blocksize strategy selection process: -0.028805 --> -0.028538, len_BS = 3686
Blocksize strategy selection process: -0.028804 --> -0.028538, len_BS = 3686
Blocksize strategy selection process: -0.028803 --> -0.028538, len_BS = 3686
Blocksize strategy selection process: -0.028802 --> -0.028538, len_BS = 3686
Blocksize strategy selection process: -0.028801 --> -0.028538, len_BS = 3686
Blocksize strategy selection process: -0.028800 --> -0.028538, len_BS = 3686
Blocksize strategy selection process: -0.028799 --> -0.028538, len_BS = 3686
Blocksize strategy selection process: -0.028798 --> -0.028538, len_BS = 3686
Blocksize strategy selection process: -0.028782 --> -0.028538, len_BS = 3686
Blocksize strategy selection process: -0.028781 --> -0.028538, len_BS = 3686
Blocksize strategy selection process: -0.028780 --> -0.028538, len_BS = 3686
Blocksize strategy selection process: -0.028779 --> -0.028538, len_BS = 3686
Blocksize strategy selection process: -0.028778 --> -0.028538, len_BS = 3686
Blocksize strategy selection process: -0.028777 --> -0.028538, len_BS = 3686
Blocksize strategy selection process: -0.028776 --> -0.028538, len_BS = 3686
Blocksize strategy selection process: -0.028775 --> -0.028538, len_BS = 3686
Blocksize strategy selection process: -0.028774 --> -0.028538, len_BS = 3686
Blocksize strategy selection process: -0.028773 --> -0.028538, len_BS = 3686
Blocksize strategy selection process: -0.028772 --> -0.028538, len_BS = 3686
Blocksize strategy selection process: -0.028771 --> -0.028538, len_BS = 3686
Blocksize strategy selection process: -0.028770 --> -0.028538, len_BS = 3686
Blocksize strategy selection process: -0.028755 --> -0.028538, len_BS = 3686
Blocksize strategy selection process: -0.028754 --> -0.028538, len_BS = 3686
Blocksize strategy selection process: -0.028753 --> -0.028538, len_BS = 3686
Blocksize strategy selection process: -0.028752 --> -0.028538, len_BS = 3686
Blocksize strategy selection process: -0.028751 --> -0.028538, len_BS = 3686
Blocksize strategy selection process: -0.028750 --> -0.028538, len_BS = 3686
Blocksize strategy selection process: -0.028749 --> -0.028538, len_BS = 3686
Blocksize strategy selection process: -0.028748 --> -0.028538, len_BS = 3686
Blocksize strategy selection process: -0.028747 --> -0.028538, len_BS = 3686
Blocksize strategy selection process: -0.028746 --> -0.028538, len_BS = 3686
Blocksize strategy selection process: -0.028745 --> -0.028538, len_BS = 3686
Blocksize strategy selection process: -0.028744 --> -0.028538, len_BS = 3686
Blocksize strategy selection process: -0.028730 --> -0.028538, len_BS = 3686
Blocksize strategy selection process: -0.028729 --> -0.028538, len_BS = 3686
Blocksize strategy selection process: -0.028728 --> -0.028538, len_BS = 3686
Blocksize strategy selection process: -0.028727 --> -0.028538, len_BS = 3686
Blocksize strategy selection process: -0.028726 --> -0.028538, len_BS = 3686
Blocksize strategy selection process: -0.028725 --> -0.028538, len_BS = 3686
Blocksize strategy selection process: -0.028724 --> -0.028538, len_BS = 3686
Blocksize strategy selection process: -0.028723 --> -0.028538, len_BS = 3686
Blocksize strategy selection process: -0.028722 --> -0.028538, len_BS = 3686
Blocksize strategy selection process: -0.028721 --> -0.028538, len_BS = 3686
Blocksize strategy selection process: -0.028720 --> -0.028538, len_BS = 3686
Blocksize strategy selection process: -0.028719 --> -0.028538, len_BS = 3686
Blocksize strategy selection process: -0.028706 --> -0.028538, len_BS = 3686
Blocksize strategy selection process: -0.028705 --> -0.028538, len_BS = 3686
Blocksize strategy selection process: -0.028704 --> -0.028538, len_BS = 3686
Blocksize strategy selection process: -0.028703 --> -0.028538, len_BS = 3686
Blocksize strategy selection process: -0.028702 --> -0.028538, len_BS = 3686
Blocksize strategy selection process: -0.028701 --> -0.028538, len_BS = 3686
Blocksize strategy selection process: -0.028700 --> -0.028538, len_BS = 3686
Blocksize strategy selection process: -0.028699 --> -0.028538, len_BS = 3686
Blocksize strategy selection process: -0.028698 --> -0.028538, len_BS = 3686
Blocksize strategy selection process: -0.028697 --> -0.028538, len_BS = 3686
Blocksize strategy selection process: -0.028696 --> -0.028538, len_BS = 3686
Blocksize strategy selection process: -0.028684 --> -0.028538, len_BS = 3686
Blocksize strategy selection process: -0.028682 --> -0.028538, len_BS = 3686
Blocksize strategy selection process: -0.028681 --> -0.028538, len_BS = 3686
Blocksize strategy selection process: -0.028680 --> -0.028538, len_BS = 3686
Blocksize strategy selection process: -0.028679 --> -0.028538, len_BS = 3686
Blocksize strategy selection process: -0.028678 --> -0.028538, len_BS = 3686
Blocksize strategy selection process: -0.028677 --> -0.028538, len_BS = 3686
Blocksize strategy selection process: -0.028676 --> -0.028538, len_BS = 3686
Blocksize strategy selection process: -0.028675 --> -0.028538, len_BS = 3686
Blocksize strategy selection process: -0.028674 --> -0.028538, len_BS = 3686
Blocksize strategy selection process: -0.028663 --> -0.028538, len_BS = 3686
Blocksize strategy selection process: -0.028662 --> -0.028538, len_BS = 3686
Blocksize strategy selection process: -0.028661 --> -0.028538, len_BS = 3686
Blocksize strategy selection process: -0.028660 --> -0.028538, len_BS = 3686
Blocksize strategy selection process: -0.028659 --> -0.028538, len_BS = 3686
Blocksize strategy selection process: -0.028658 --> -0.028538, len_BS = 3686
Blocksize strategy selection process: -0.028657 --> -0.028538, len_BS = 3686
Blocksize strategy selection process: -0.028656 --> -0.028538, len_BS = 3686
Blocksize strategy selection process: -0.028655 --> -0.028538, len_BS = 3686
Blocksize strategy selection process: -0.028654 --> -0.028538, len_BS = 3686
Blocksize strategy selection process: -0.028644 --> -0.028538, len_BS = 3686
Blocksize strategy selection process: -0.028643 --> -0.028538, len_BS = 3686
Blocksize strategy selection process: -0.028642 --> -0.028538, len_BS = 3686
Blocksize strategy selection process: -0.028641 --> -0.028538, len_BS = 3686
Blocksize strategy selection process: -0.028640 --> -0.028538, len_BS = 3686
Blocksize strategy selection process: -0.028639 --> -0.028538, len_BS = 3686
Blocksize strategy selection process: -0.028638 --> -0.028538, len_BS = 3686
Blocksize strategy selection process: -0.028637 --> -0.028538, len_BS = 3686
Blocksize strategy selection process: -0.028636 --> -0.028538, len_BS = 3686
Blocksize strategy selection process: -0.028626 --> -0.028538, len_BS = 3686
Blocksize strategy selection process: -0.028624 --> -0.028538, len_BS = 3686
Blocksize strategy selection process: -0.028623 --> -0.028538, len_BS = 3686
Blocksize strategy selection process: -0.028622 --> -0.028538, len_BS = 3686
Blocksize strategy selection process: -0.028621 --> -0.028538, len_BS = 3686
Blocksize strategy selection process: -0.028620 --> -0.028538, len_BS = 3686
Blocksize strategy selection process: -0.028619 --> -0.028538, len_BS = 3686
Blocksize strategy selection process: -0.028618 --> -0.028538, len_BS = 3686
Blocksize strategy selection process: -0.028617 --> -0.028538, len_BS = 3686
Blocksize strategy selection process: -0.028609 --> -0.028538, len_BS = 3686
Blocksize strategy selection process: -0.028608 --> -0.028538, len_BS = 3686
Blocksize strategy selection process: -0.028607 --> -0.028538, len_BS = 3686
Blocksize strategy selection process: -0.028606 --> -0.028538, len_BS = 3686
Blocksize strategy selection process: -0.028605 --> -0.028538, len_BS = 3686
Blocksize strategy selection process: -0.028604 --> -0.028538, len_BS = 3686
Blocksize strategy selection process: -0.028603 --> -0.028538, len_BS = 3686
Blocksize strategy selection process: -0.028602 --> -0.028538, len_BS = 3686
Blocksize strategy selection process: -0.028601 --> -0.028538, len_BS = 3686
Blocksize strategy selection process: -0.028586 --> -0.028538, len_BS = 3686
Blocksize strategy selection process: -0.028585 --> -0.028538, len_BS = 3686
Blocksize strategy selection process: -0.028581 --> -0.028538, len_BS = 3686
Blocksize strategy selection process: -0.028579 --> -0.028538, len_BS = 3686
Blocksize strategy selection process: -0.028578 --> -0.028538, len_BS = 3686
Blocksize strategy selection process: -0.028577 --> -0.028538, len_BS = 3686
Blocksize strategy selection process: -0.028576 --> -0.028538, len_BS = 3686
Blocksize strategy selection process: -0.028575 --> -0.028538, len_BS = 3686
Blocksize strategy selection process: -0.028574 --> -0.028538, len_BS = 3686
Blocksize strategy selection process: -0.028568 --> -0.028538, len_BS = 3686
Blocksize strategy selection process: -0.028566 --> -0.028538, len_BS = 3686
Blocksize strategy selection process: -0.028565 --> -0.028538, len_BS = 3686
Blocksize strategy selection process: -0.028560 --> -0.028538, len_BS = 3686
Blocksize strategy selection process: -0.028559 --> -0.028538, len_BS = 3686
Blocksize strategy selection process: -0.028558 --> -0.028538, len_BS = 3686
Blocksize strategy selection process: -0.028557 --> -0.028538, len_BS = 3686
Blocksize strategy selection process: -0.028556 --> -0.028538, len_BS = 3686
Blocksize strategy selection process: -0.028555 --> -0.028538, len_BS = 3686
Blocksize strategy selection process: -0.028554 --> -0.028538, len_BS = 3686
Blocksize strategy selection process: -0.028550 --> -0.028538, len_BS = 3686
Blocksize strategy selection process: -0.028549 --> -0.028538, len_BS = 3686
Blocksize strategy selection process: -0.028548 --> -0.028538, len_BS = 3686
Blocksize strategy selection process: -0.028547 --> -0.028538, len_BS = 3686
Blocksize strategy selection process: -0.028546 --> -0.028538, len_BS = 3686
Blocksize strategy selection process: -0.028543 --> -0.028538, len_BS = 3686
Blocksize strategy selection process: -0.028542 --> -0.028538, len_BS = 3686
Blocksize strategy selection process: -0.028541 --> -0.028538, len_BS = 3686
Blocksize strategy selection process: -0.028539 --> -0.028538, len_BS = 3686
Blocksize strategy selection process: -0.028538 --> -0.028538, len_BS = 3686
len(BS) = 3686
Time cost for generating Strategy: 356.228813 s
[15.650490582863549,15.650490582863549,15.633326928421024,15.602875019661683,15.572412045161935,15.541936339457434,15.511446217876475,15.48093997582695,15.450415888057544,15.419872207891983,15.389307166435167,15.35871897174992,15.328105808003063,15.297465834579485,15.266797185162725,15.236097966780711,15.20536625881505,15.174600111972312,15.14379754721572,15.112956554655554,15.082075092396527,15.051151085340425,15.020182423942202,14.989166962917713,14.95810251990131,14.926986874051497,14.895817764602832,14.864592889362454,14.83330990314955,14.801966416176354,14.77055999236935,14.739088147629682,14.707548348032102,14.675938007962165,14.644254488192024,14.612495093895847,14.580657072606783,14.548737612118577,14.516733838336288,14.484680253034592,14.452726642574648,14.420758508274654,14.388749802950308,14.35666107998447,14.324477562476472,14.29220140375025,14.259819371167337,14.227366281995717,14.194795199218685,14.162125245468168,14.12932075511052,14.096431631883307,14.063408881494256,14.03026362763154,13.996985947992123,13.963584890810363,13.930054695070535,13.89638148859232,13.862580293026657,13.82862930178084,13.794538153835761,13.760284831325981,13.725891570894674,13.691342342495567,13.656630262445917,13.62174506554219,13.586691864326784,13.551483821848144,13.51610235643597,13.480571057253313,13.444847731512063,13.408946127112713,13.372868823189606,13.33659529058664,13.300154161215252,13.263506754265109,13.226677081604146,13.189673695268471,13.15248029669329,13.11508546593031,13.077508673734432,13.039769185166174,13.001986186228745,12.964279393359766,12.94224795646645,12.920109863637723,12.897863942969629,12.875509002290462,12.853043828681795,12.830467187985104,12.807777824293566,12.784974459428467,12.762055792399625,12.7390204988493,12.71586723047892,12.692594614458041,12.669201252814817,12.64568572180734,12.622046571275092,12.598282323969762,12.574391474864653,12.550372490441816,12.526223807956095,12.50194383467515,12.477530947094532,12.45298349012684,12.428299776263867,12.403478084710773,12.378516660491051,12.353413713521162,12.328167417653615,12.30277590968717,12.277237288342848,12.251549613204308,12.225710903621135,12.19971913757347,12.173572250496372,12.147268134062196,12.120804634919223,12.094179553384658,12.067390642090023,12.040435604576938,12.013312093841058,11.986017710821983,11.958550002836695,11.930906461954109,11.903084523308026,11.875081563345848,11.846894898010113,11.818521780849819,11.789959401058425,11.761204881435118,11.732255276265938,11.703107569120998,11.673758670564022,11.644205415770111,11.614444562047517,11.58447278625896,11.554286682137821,11.523882757494311,11.493257431306494,11.46240703069075,11.431327787746104,11.400015836266446,11.368467208314541,11.336677830651352,11.30464352101396,11.272359984235038,11.23982280819665,11.207027459610666,11.17396927961804,11.14064347919872,11.10704513438379,11.073169181261202,11.039010410766195,11.004563463247353,10.969822822799124,10.934782811351475,10.899437582507476,10.86378111511966,10.827807206596177,10.791509465928275,10.754881306431075,10.717915938190572,10.680606360210751,10.642945352256396,10.604925466388798,10.566539018194351,10.527778077708946,10.488634460045095,10.449099715733762,10.409165120798935,10.368821666590858,10.328060049413304,10.28687065999216,10.245243572847343,10.203168535648176,10.160634958654875,10.117631904376415,10.074148077609674,10.030171816067059,9.991044995010343,9.973287812079162,9.939257292491678,9.901487501709841,9.858036273651416,9.81239193115746,9.76696071944249,9.719544599210353,9.677001474442163,9.62767529969666,9.58096566771125,9.529056979140403,9.484149988435428,9.432152181065296,9.381611433941988,9.329529294010918,9.278608625817002,9.226740754831022,9.172760023502276,9.120784377518891,9.06556239969119,9.011569000450876,8.954286889753188,8.900022444465433,8.843325764638744,8.785488750211828,8.72602096002902,8.667111146555959,8.609915644697706,8.549908122723618,8.493100428132301,8.430109331071183,8.368892157221426,8.307865520924766,8.243727515781933,8.183487645294504,8.117548822161112,8.05483741856387,7.993166690418939,7.928991553833872,7.8629933524036,7.799578036735869,7.738735663289841,7.694774191930397,7.667888660780996]
MinStrategy is: [87, 89, 107, 117, 120, 134, 143] + pump(57,169,24) , ['87 * 1 (-0.046349) , cost = 273.4752 s', '89 * 1 (-0.041521) , cost = 368.4349 s', '107 * 1 (-0.037906) , cost = 614.0729 s', '117 * 1 (-0.035945) , cost = 1366.4965 s', '120 * 1 (-0.035229) , cost = 2937.2820 s', '134 * 1 (-0.033948) , cost = 80923.2180 s', '143 * 1 (-0.032999) , cost = 622738.1207 s'] + pump(57,169,24)
[87,89,107,117,120,134,143]
Time cost for pnj-BKZ = 197.01 h,
Time cost for pump = 1375.96 h,
Total time cost = 1572.96 h.
