New Strategy:
n = 55, alpha = 0.02, q = 3037, jump = 1, goal_margin = 1.50, MAX_TIME = inf h
[16.0372509300915, 16.0372509300915, 16.0372509300915, 16.0372509300915, 16.0372509300915, 16.0372509300915, 16.0372509300915, 16.0372509300915, 16.0372509300915, 16.0372509300915, 16.0372509300915, 16.0372509300915, 16.0372509300915, 16.0372509300915, 16.0372509300915, 16.0372509300915, 16.0372509300915, 16.0372509300915, 16.0372509300915, 16.0372509300915, 16.0372509300915, 16.0372509300915, 16.0372509300915, 16.0372509300915, 16.0372509300915, 16.0372509300915, 16.0372509300915, 16.0372509300915, 16.0372509300915, 16.0372509300915, 16.0372509300915, 16.0372509300915, 16.0372509300915, 16.0372509300915, 16.0372509300915, 16.0372509300915, 16.0372509300915, 16.0372509300915, 16.0372509300915, 16.0372509300915, 16.0372509300915, 16.0372509300915, 16.0372509300915, 16.0372509300915, 16.0372509300915, 16.0372509300915, 16.0372509300915, 16.0372509300915, 16.0372509300915, 16.0372509300915, 16.0372509300915, 16.0372509300915, 16.0372509300915, 16.0372509300915, 16.0372509300915, 16.0372509300915, 16.0372509300915, 16.0372509300915, 16.0372509300915, 16.0372509300915, 16.0372509300915, 16.0372509300915, 16.0372509300915, 16.0372509300915, 16.0372509300915, 16.0372509300915, 16.0372509300915, 16.0372509300915, 16.0372509300915, 16.0372509300915, 16.0372509300915, 16.0372509300915, 16.0372509300915, 16.0372509300915, 16.0372509300915, 16.0372509300915, 16.0372509300915, 16.0372509300915, 16.0372509300915, 16.0372509300915, 16.0372509300915, 16.0372509300915, 16.0372509300915, 16.0372509300915, 16.0372509300915, 16.0372509300915, 16.0372509300915, 16.0372509300915, 16.0372509300915, 16.0372509300915, 16.0372509300915, 16.0372509300915, 16.0372509300915, 16.0372509300915, 16.0372509300915, 16.0372509300915, 16.0372509300915, 16.0372509300915, 16.0372509300915, 16.0372509300915, 16.0372509300915, 16.0372509300915, 16.0372509300915, 16.0372509300915, 15.901900031766022, 15.740127151981058, 15.93576397636519, 15.847639963853098, 15.774099784020825, 15.759161777147924, 15.759461149213779, 15.607182389911701, 15.619012864329992, 15.504661300584795, 15.362991582415834, 15.15186168710299, 14.94774229215174, 14.93315725874817, 15.102247013212098, 14.891792032397108, 14.81093199027216, 14.689797456487556, 14.457460692731873, 14.26462186159546, 14.155157471228753, 14.317604200113133, 14.146152820219351, 13.998363265379831, 14.209257010489416, 14.056056307541017, 13.95181936449318, 13.993322485930472, 13.862840170887925, 13.73412295641869, 13.827894053752853, 13.61686506422397, 13.549643045368601, 13.357000104239397, 13.118845307618734, 12.998852038193158, 12.870895114130667, 12.799462605134359, 12.667916851988894, 12.616835334589762, 12.575247178698357, 12.434705887102469, 12.301199616995936, 12.08301424407525, 12.137762321474698, 12.10077142362612, 12.086190676014347, 12.031188308785316, 12.042696417541613, 12.01900248731348, 11.846407061819619, 11.614709309181642, 11.437414327730353, 11.276516837101637, 11.430479306617618, 11.32646374467576, 11.129922156447149, 11.317098406801826, 11.112155147937374, 10.930788089429067, 10.843732656991934, 10.89855123617496, 10.783860100330688, 10.719334533398404, 10.748445842870611, 10.70452375273338, 10.532737103440642, 10.631298389506329, 10.389828550313307, 10.291258956174872, 10.07987913727912, 10.079410432702442, 9.806413458456591, 9.638893424204745, 9.475121142381886, 9.634454253175498, 9.539861819585838, 9.297558340058993, 9.268255188510675, 9.079454888422166, 8.843783280053138, 8.904513102992265, 8.831321161469694, 8.646824513712945, 8.595498961471424, 8.705089962047134, 8.675351535417553, 8.5339177667412, 8.560352567291092, 8.408762544168233, 8.237678644029085, 8.277143377194653, 8.316559339568496, 8.2602358762175, 8.07226947317859, 8.00696349812927, 7.778814050048722, 8.089733211824564, 7.884966947813154, 7.733523224232923, 7.543774833892943, 7.461425028963207, 7.499857539980101, 7.392150509083981, 7.148003161469651, 6.913487034308033, 6.937878567251332, 6.805339139051065, 6.707395092132392, 6.693548834298235, 6.497546721093375, 6.607541164688834, 6.44994570998853, 6.415165933964462, 6.4566548376096975, 6.329264097726548, 6.205160076048263, 6.165983547419614, 5.974019198984126, 5.812245647626046, 5.712016655328663, 5.779106014231855, 5.686564066128987, 5.819009209585756, 5.648642698531577, 5.628077254434398, 5.534554879865471, 5.349198103255627, 5.112728140383855, 4.994050875558667, 4.847992639662731, 5.016662575930165, 4.874927372691653, 4.858111476402217, 4.752080006873513, 4.589412095114394, 4.639578395246787, 4.504999452848368, 4.368617511354399, 4.179850804115225, 4.287546539772922, 4.13687703945658, 3.991710093458324, 3.953548532231871, 4.047352153978315, 4.072545989713254]
Blocksize strategy selection process: -0.052802 --> -0.052802, len_BS = 1
Blocksize strategy selection process: -0.044869 --> -0.026941, len_BS = 186
Blocksize strategy selection process: -0.044724 --> -0.026940, len_BS = 297
Blocksize strategy selection process: -0.044579 --> -0.026940, len_BS = 380
Blocksize strategy selection process: -0.044435 --> -0.026940, len_BS = 468
Blocksize strategy selection process: -0.044289 --> -0.026940, len_BS = 545
Blocksize strategy selection process: -0.040835 --> -0.026940, len_BS = 629
Blocksize strategy selection process: -0.040732 --> -0.026940, len_BS = 689
Blocksize strategy selection process: -0.040659 --> -0.026940, len_BS = 759
Blocksize strategy selection process: -0.040629 --> -0.026940, len_BS = 817
Blocksize strategy selection process: -0.040556 --> -0.026940, len_BS = 864
Blocksize strategy selection process: -0.040525 --> -0.026940, len_BS = 920
Blocksize strategy selection process: -0.040483 --> -0.026940, len_BS = 964
Blocksize strategy selection process: -0.040453 --> -0.026940, len_BS = 975
Blocksize strategy selection process: -0.040420 --> -0.026940, len_BS = 1027
Blocksize strategy selection process: -0.040381 --> -0.026940, len_BS = 1072
Blocksize strategy selection process: -0.040349 --> -0.026940, len_BS = 1083
Blocksize strategy selection process: -0.038692 --> -0.026940, len_BS = 1126
Blocksize strategy selection process: -0.038633 --> -0.026940, len_BS = 1138
Blocksize strategy selection process: -0.038575 --> -0.026940, len_BS = 1191
Blocksize strategy selection process: -0.038517 --> -0.026940, len_BS = 1244
Blocksize strategy selection process: -0.038237 --> -0.026940, len_BS = 1311
Blocksize strategy selection process: -0.037326 --> -0.026940, len_BS = 1303
Blocksize strategy selection process: -0.037286 --> -0.026940, len_BS = 1286
Blocksize strategy selection process: -0.037262 --> -0.026940, len_BS = 1335
Blocksize strategy selection process: -0.037245 --> -0.026940, len_BS = 1371
Blocksize strategy selection process: -0.037196 --> -0.026940, len_BS = 1400
Blocksize strategy selection process: -0.037156 --> -0.026940, len_BS = 1463
Blocksize strategy selection process: -0.037133 --> -0.026940, len_BS = 1515
Blocksize strategy selection process: -0.037116 --> -0.026940, len_BS = 1556
Blocksize strategy selection process: -0.037110 --> -0.026940, len_BS = 1587
Blocksize strategy selection process: -0.036492 --> -0.026940, len_BS = 1602
Blocksize strategy selection process: -0.036473 --> -0.026940, len_BS = 1612
Blocksize strategy selection process: -0.036455 --> -0.026940, len_BS = 1634
Blocksize strategy selection process: -0.036413 --> -0.026940, len_BS = 1665
Blocksize strategy selection process: -0.036395 --> -0.026940, len_BS = 1722
Blocksize strategy selection process: -0.036377 --> -0.026940, len_BS = 1760
Blocksize strategy selection process: -0.036073 --> -0.026940, len_BS = 1792
Blocksize strategy selection process: -0.036060 --> -0.026940, len_BS = 1844
Blocksize strategy selection process: -0.036053 --> -0.026940, len_BS = 1859
Blocksize strategy selection process: -0.036048 --> -0.026940, len_BS = 1876
Blocksize strategy selection process: -0.036041 --> -0.026940, len_BS = 1880
Blocksize strategy selection process: -0.036000 --> -0.026940, len_BS = 1890
Blocksize strategy selection process: -0.035988 --> -0.026940, len_BS = 1941
Blocksize strategy selection process: -0.035981 --> -0.026940, len_BS = 1952
Blocksize strategy selection process: -0.035976 --> -0.026940, len_BS = 1964
Blocksize strategy selection process: -0.035683 --> -0.026940, len_BS = 1970
Blocksize strategy selection process: -0.035667 --> -0.026940, len_BS = 1888
Blocksize strategy selection process: -0.035652 --> -0.026940, len_BS = 1912
Blocksize strategy selection process: -0.035636 --> -0.026940, len_BS = 1936
Blocksize strategy selection process: -0.035324 --> -0.026940, len_BS = 1961
Blocksize strategy selection process: -0.035313 --> -0.026940, len_BS = 1984
Blocksize strategy selection process: -0.035307 --> -0.026940, len_BS = 2013
Blocksize strategy selection process: -0.035302 --> -0.026940, len_BS = 2030
Blocksize strategy selection process: -0.035283 --> -0.026940, len_BS = 2039
Blocksize strategy selection process: -0.035273 --> -0.026940, len_BS = 2065
Blocksize strategy selection process: -0.035266 --> -0.026940, len_BS = 2081
Blocksize strategy selection process: -0.035262 --> -0.026940, len_BS = 2096
Blocksize strategy selection process: -0.035260 --> -0.026940, len_BS = 2109
Blocksize strategy selection process: -0.035106 --> -0.026940, len_BS = 2112
Blocksize strategy selection process: -0.035101 --> -0.026940, len_BS = 2112
Blocksize strategy selection process: -0.035097 --> -0.026940, len_BS = 2126
Blocksize strategy selection process: -0.035079 --> -0.026940, len_BS = 2138
Blocksize strategy selection process: -0.035075 --> -0.026940, len_BS = 2173
Blocksize strategy selection process: -0.035070 --> -0.026940, len_BS = 2186
Blocksize strategy selection process: -0.034998 --> -0.026940, len_BS = 2201
Blocksize strategy selection process: -0.034995 --> -0.026940, len_BS = 2218
Blocksize strategy selection process: -0.034993 --> -0.026940, len_BS = 2227
Blocksize strategy selection process: -0.034992 --> -0.026940, len_BS = 2232
Blocksize strategy selection process: -0.034990 --> -0.026940, len_BS = 2235
Blocksize strategy selection process: -0.034973 --> -0.026940, len_BS = 2240
Blocksize strategy selection process: -0.034970 --> -0.026940, len_BS = 2256
Blocksize strategy selection process: -0.034968 --> -0.026940, len_BS = 2266
Blocksize strategy selection process: -0.034967 --> -0.026940, len_BS = 2272
Blocksize strategy selection process: -0.034926 --> -0.026940, len_BS = 2276
Blocksize strategy selection process: -0.034923 --> -0.026940, len_BS = 2318
Blocksize strategy selection process: -0.034835 --> -0.026940, len_BS = 2329
Blocksize strategy selection process: -0.034831 --> -0.026940, len_BS = 2372
Blocksize strategy selection process: -0.034827 --> -0.026940, len_BS = 2381
Blocksize strategy selection process: -0.034823 --> -0.026940, len_BS = 2394
Blocksize strategy selection process: -0.034735 --> -0.026940, len_BS = 2405
Blocksize strategy selection process: -0.034734 --> -0.026940, len_BS = 2431
Blocksize strategy selection process: -0.034731 --> -0.026940, len_BS = 2448
Blocksize strategy selection process: -0.034730 --> -0.026940, len_BS = 2452
Blocksize strategy selection process: -0.034729 --> -0.026940, len_BS = 2456
Blocksize strategy selection process: -0.034728 --> -0.026940, len_BS = 2457
Blocksize strategy selection process: -0.034676 --> -0.026940, len_BS = 2458
Blocksize strategy selection process: -0.034673 --> -0.026940, len_BS = 2469
Blocksize strategy selection process: -0.034672 --> -0.026940, len_BS = 2478
Blocksize strategy selection process: -0.034671 --> -0.026940, len_BS = 2479
Blocksize strategy selection process: -0.034666 --> -0.026940, len_BS = 2486
Blocksize strategy selection process: -0.034661 --> -0.026940, len_BS = 2502
Blocksize strategy selection process: -0.034660 --> -0.026940, len_BS = 2517
Blocksize strategy selection process: -0.034607 --> -0.026940, len_BS = 2518
Blocksize strategy selection process: -0.034605 --> -0.026940, len_BS = 2554
Blocksize strategy selection process: -0.034603 --> -0.026940, len_BS = 2558
Blocksize strategy selection process: -0.034602 --> -0.026940, len_BS = 2562
Blocksize strategy selection process: -0.034596 --> -0.026940, len_BS = 2566
Blocksize strategy selection process: -0.034595 --> -0.026940, len_BS = 2564
Blocksize strategy selection process: -0.034594 --> -0.026940, len_BS = 2564
Blocksize strategy selection process: -0.034589 --> -0.026940, len_BS = 2564
Blocksize strategy selection process: -0.034588 --> -0.026940, len_BS = 2564
Blocksize strategy selection process: -0.034554 --> -0.026940, len_BS = 2564
Blocksize strategy selection process: -0.034553 --> -0.026940, len_BS = 2609
Blocksize strategy selection process: -0.034552 --> -0.026940, len_BS = 2612
Blocksize strategy selection process: -0.034548 --> -0.026940, len_BS = 2616
Blocksize strategy selection process: -0.034547 --> -0.026940, len_BS = 2628
Blocksize strategy selection process: -0.034546 --> -0.026940, len_BS = 2629
Blocksize strategy selection process: -0.034528 --> -0.026940, len_BS = 2631
Blocksize strategy selection process: -0.034527 --> -0.026940, len_BS = 2649
Blocksize strategy selection process: -0.034526 --> -0.026940, len_BS = 2652
Blocksize strategy selection process: -0.034522 --> -0.026940, len_BS = 2652
Blocksize strategy selection process: -0.034457 --> -0.026940, len_BS = 2665
Blocksize strategy selection process: -0.034455 --> -0.026940, len_BS = 2690
Blocksize strategy selection process: -0.034454 --> -0.026940, len_BS = 2692
Blocksize strategy selection process: -0.034453 --> -0.026940, len_BS = 2721
Blocksize strategy selection process: -0.034417 --> -0.026940, len_BS = 2723
Blocksize strategy selection process: -0.034416 --> -0.026940, len_BS = 2754
Blocksize strategy selection process: -0.034415 --> -0.026940, len_BS = 2758
Blocksize strategy selection process: -0.034411 --> -0.026940, len_BS = 2760
Blocksize strategy selection process: -0.034410 --> -0.026940, len_BS = 2773
Blocksize strategy selection process: -0.034409 --> -0.026940, len_BS = 2778
Blocksize strategy selection process: -0.034392 --> -0.026940, len_BS = 2781
Blocksize strategy selection process: -0.034391 --> -0.026940, len_BS = 2803
Blocksize strategy selection process: -0.034390 --> -0.026940, len_BS = 2803
Blocksize strategy selection process: -0.034386 --> -0.026940, len_BS = 2807
Blocksize strategy selection process: -0.034385 --> -0.026940, len_BS = 2815
Blocksize strategy selection process: -0.034348 --> -0.026940, len_BS = 2819
Blocksize strategy selection process: -0.034347 --> -0.026940, len_BS = 2855
Blocksize strategy selection process: -0.034346 --> -0.026940, len_BS = 2856
Blocksize strategy selection process: -0.034323 --> -0.026940, len_BS = 2858
Blocksize strategy selection process: -0.034322 --> -0.026940, len_BS = 2869
Blocksize strategy selection process: -0.034301 --> -0.026940, len_BS = 2871
Blocksize strategy selection process: -0.034300 --> -0.026940, len_BS = 2902
Blocksize strategy selection process: -0.034254 --> -0.026940, len_BS = 2903
Blocksize strategy selection process: -0.034253 --> -0.026940, len_BS = 2922
Blocksize strategy selection process: -0.034252 --> -0.026940, len_BS = 2922
Blocksize strategy selection process: -0.034248 --> -0.026940, len_BS = 2927
Blocksize strategy selection process: -0.034247 --> -0.026940, len_BS = 2938
Blocksize strategy selection process: -0.034217 --> -0.026940, len_BS = 2944
Blocksize strategy selection process: -0.034216 --> -0.026940, len_BS = 2976
Blocksize strategy selection process: -0.034215 --> -0.026940, len_BS = 2977
Blocksize strategy selection process: -0.034194 --> -0.026940, len_BS = 2979
Blocksize strategy selection process: -0.034193 --> -0.026940, len_BS = 2999
Blocksize strategy selection process: -0.034040 --> -0.026940, len_BS = 3002
Blocksize strategy selection process: -0.034039 --> -0.026940, len_BS = 2939
Blocksize strategy selection process: -0.033996 --> -0.026940, len_BS = 2942
Blocksize strategy selection process: -0.033995 --> -0.026940, len_BS = 2976
Blocksize strategy selection process: -0.033994 --> -0.026940, len_BS = 2979
Blocksize strategy selection process: -0.033990 --> -0.026940, len_BS = 2982
Blocksize strategy selection process: -0.033989 --> -0.026940, len_BS = 2989
Blocksize strategy selection process: -0.033988 --> -0.026940, len_BS = 2993
Blocksize strategy selection process: -0.033973 --> -0.026940, len_BS = 2995
Blocksize strategy selection process: -0.033972 --> -0.026940, len_BS = 3004
Blocksize strategy selection process: -0.033971 --> -0.026940, len_BS = 3004
Blocksize strategy selection process: -0.033968 --> -0.026940, len_BS = 3007
Blocksize strategy selection process: -0.033967 --> -0.026940, len_BS = 3012
Blocksize strategy selection process: -0.033966 --> -0.026940, len_BS = 3014
Blocksize strategy selection process: -0.033953 --> -0.026940, len_BS = 3015
Blocksize strategy selection process: -0.033952 --> -0.026940, len_BS = 3028
Blocksize strategy selection process: -0.033939 --> -0.026940, len_BS = 3028
Blocksize strategy selection process: -0.033902 --> -0.026940, len_BS = 3051
Blocksize strategy selection process: -0.033901 --> -0.026940, len_BS = 3066
Blocksize strategy selection process: -0.033900 --> -0.026940, len_BS = 3068
Blocksize strategy selection process: -0.033899 --> -0.026940, len_BS = 3080
Blocksize strategy selection process: -0.033898 --> -0.026940, len_BS = 3083
Blocksize strategy selection process: -0.033897 --> -0.026940, len_BS = 3085
Blocksize strategy selection process: -0.033896 --> -0.026940, len_BS = 3087
Blocksize strategy selection process: -0.033880 --> -0.026940, len_BS = 3088
Blocksize strategy selection process: -0.033879 --> -0.026940, len_BS = 3088
Blocksize strategy selection process: -0.033869 --> -0.026940, len_BS = 3088
Blocksize strategy selection process: -0.033868 --> -0.026940, len_BS = 3112
Blocksize strategy selection process: -0.033797 --> -0.026940, len_BS = 3112
Blocksize strategy selection process: -0.033796 --> -0.026940, len_BS = 3122
Blocksize strategy selection process: -0.033795 --> -0.026940, len_BS = 3124
Blocksize strategy selection process: -0.033758 --> -0.026940, len_BS = 3127
Blocksize strategy selection process: -0.033757 --> -0.026940, len_BS = 3160
Blocksize strategy selection process: -0.033688 --> -0.026940, len_BS = 3162
Blocksize strategy selection process: -0.033687 --> -0.026940, len_BS = 3187
Blocksize strategy selection process: -0.033686 --> -0.026940, len_BS = 3199
Blocksize strategy selection process: -0.033685 --> -0.026940, len_BS = 3199
Blocksize strategy selection process: -0.033673 --> -0.026940, len_BS = 3200
Blocksize strategy selection process: -0.033634 --> -0.026940, len_BS = 3211
Blocksize strategy selection process: -0.033630 --> -0.026940, len_BS = 3225
Blocksize strategy selection process: -0.033622 --> -0.026940, len_BS = 3233
Blocksize strategy selection process: -0.033621 --> -0.026940, len_BS = 3250
Blocksize strategy selection process: -0.033617 --> -0.026940, len_BS = 3251
Blocksize strategy selection process: -0.033616 --> -0.026940, len_BS = 3262
Blocksize strategy selection process: -0.033604 --> -0.026940, len_BS = 3266
Blocksize strategy selection process: -0.033599 --> -0.026940, len_BS = 3287
Blocksize strategy selection process: -0.033595 --> -0.026940, len_BS = 3301
Blocksize strategy selection process: -0.033518 --> -0.026940, len_BS = 3310
Blocksize strategy selection process: -0.033511 --> -0.026940, len_BS = 3302
Blocksize strategy selection process: -0.033510 --> -0.026940, len_BS = 3327
Blocksize strategy selection process: -0.033507 --> -0.026940, len_BS = 3329
Blocksize strategy selection process: -0.033506 --> -0.026940, len_BS = 3335
Blocksize strategy selection process: -0.033503 --> -0.026940, len_BS = 3335
Blocksize strategy selection process: -0.033500 --> -0.026940, len_BS = 3346
Blocksize strategy selection process: -0.033492 --> -0.026940, len_BS = 3352
Blocksize strategy selection process: -0.033489 --> -0.026940, len_BS = 3368
Blocksize strategy selection process: -0.033488 --> -0.026940, len_BS = 3376
Blocksize strategy selection process: -0.033452 --> -0.026940, len_BS = 3376
Blocksize strategy selection process: -0.033444 --> -0.026940, len_BS = 3398
Blocksize strategy selection process: -0.033443 --> -0.026940, len_BS = 3422
Blocksize strategy selection process: -0.033442 --> -0.026940, len_BS = 3422
Blocksize strategy selection process: -0.033439 --> -0.026940, len_BS = 3424
Blocksize strategy selection process: -0.033438 --> -0.026940, len_BS = 3426
Blocksize strategy selection process: -0.033435 --> -0.026940, len_BS = 3429
Blocksize strategy selection process: -0.033432 --> -0.026940, len_BS = 3442
Blocksize strategy selection process: -0.033425 --> -0.026940, len_BS = 3448
Blocksize strategy selection process: -0.033424 --> -0.026940, len_BS = 3462
Blocksize strategy selection process: -0.033421 --> -0.026940, len_BS = 3463
Blocksize strategy selection process: -0.033383 --> -0.026940, len_BS = 3468
Blocksize strategy selection process: -0.033375 --> -0.026940, len_BS = 3482
Blocksize strategy selection process: -0.033374 --> -0.026940, len_BS = 3499
Blocksize strategy selection process: -0.033373 --> -0.026940, len_BS = 3500
Blocksize strategy selection process: -0.033371 --> -0.026940, len_BS = 3500
Blocksize strategy selection process: -0.033370 --> -0.026940, len_BS = 3511
Blocksize strategy selection process: -0.033369 --> -0.026940, len_BS = 3511
Blocksize strategy selection process: -0.033367 --> -0.026940, len_BS = 3515
Blocksize strategy selection process: -0.033364 --> -0.026940, len_BS = 3522
Blocksize strategy selection process: -0.033356 --> -0.026940, len_BS = 3529
Blocksize strategy selection process: -0.033353 --> -0.026940, len_BS = 3552
Blocksize strategy selection process: -0.033351 --> -0.026940, len_BS = 3562
Blocksize strategy selection process: -0.033306 --> -0.026940, len_BS = 3566
Blocksize strategy selection process: -0.033302 --> -0.026940, len_BS = 3587
Blocksize strategy selection process: -0.033301 --> -0.026940, len_BS = 3600
Blocksize strategy selection process: -0.033298 --> -0.026940, len_BS = 3601
Blocksize strategy selection process: -0.033295 --> -0.026940, len_BS = 3610
Blocksize strategy selection process: -0.033288 --> -0.026940, len_BS = 3615
Blocksize strategy selection process: -0.033287 --> -0.026940, len_BS = 3634
Blocksize strategy selection process: -0.033284 --> -0.026940, len_BS = 3638
Blocksize strategy selection process: -0.033282 --> -0.026940, len_BS = 3646
Blocksize strategy selection process: -0.033237 --> -0.026940, len_BS = 3647
Blocksize strategy selection process: -0.033233 --> -0.026940, len_BS = 3656
Blocksize strategy selection process: -0.033232 --> -0.026940, len_BS = 3665
Blocksize strategy selection process: -0.033229 --> -0.026940, len_BS = 3668
Blocksize strategy selection process: -0.033220 --> -0.026940, len_BS = 3672
Blocksize strategy selection process: -0.033219 --> -0.026940, len_BS = 3689
Blocksize strategy selection process: -0.033216 --> -0.026940, len_BS = 3689
Blocksize strategy selection process: -0.033214 --> -0.026940, len_BS = 3694
Blocksize strategy selection process: -0.033176 --> -0.026940, len_BS = 3695
Blocksize strategy selection process: -0.032922 --> -0.026940, len_BS = 3725
Blocksize strategy selection process: -0.032910 --> -0.026940, len_BS = 3634
Blocksize strategy selection process: -0.032909 --> -0.026940, len_BS = 3547
Blocksize strategy selection process: -0.032812 --> -0.026940, len_BS = 3565
Blocksize strategy selection process: -0.032811 --> -0.026940, len_BS = 3545
Blocksize strategy selection process: -0.032809 --> -0.026940, len_BS = 3548
Blocksize strategy selection process: -0.032807 --> -0.026940, len_BS = 3552
Blocksize strategy selection process: -0.032800 --> -0.026940, len_BS = 3555
Blocksize strategy selection process: -0.032797 --> -0.026940, len_BS = 3573
Blocksize strategy selection process: -0.032795 --> -0.026940, len_BS = 3583
Blocksize strategy selection process: -0.032742 --> -0.026940, len_BS = 3588
Blocksize strategy selection process: -0.032741 --> -0.026940, len_BS = 3603
Blocksize strategy selection process: -0.032740 --> -0.026940, len_BS = 3622
Blocksize strategy selection process: -0.032739 --> -0.026940, len_BS = 3623
Blocksize strategy selection process: -0.032725 --> -0.026940, len_BS = 3624
Blocksize strategy selection process: -0.032724 --> -0.026940, len_BS = 3631
Blocksize strategy selection process: -0.032722 --> -0.026940, len_BS = 3631
Blocksize strategy selection process: -0.032719 --> -0.026940, len_BS = 3631
Blocksize strategy selection process: -0.032635 --> -0.026940, len_BS = 3639
Blocksize strategy selection process: -0.032629 --> -0.026940, len_BS = 3656
Blocksize strategy selection process: -0.032627 --> -0.026940, len_BS = 3643
Blocksize strategy selection process: -0.032626 --> -0.026940, len_BS = 3644
Blocksize strategy selection process: -0.032625 --> -0.026940, len_BS = 3645
Blocksize strategy selection process: -0.032586 --> -0.026940, len_BS = 3648
Blocksize strategy selection process: -0.032547 --> -0.026940, len_BS = 3671
Blocksize strategy selection process: -0.032545 --> -0.026940, len_BS = 3697
Blocksize strategy selection process: -0.032536 --> -0.026940, len_BS = 3703
Blocksize strategy selection process: -0.032535 --> -0.026940, len_BS = 3725
Blocksize strategy selection process: -0.032534 --> -0.026940, len_BS = 3725
Blocksize strategy selection process: -0.032531 --> -0.026940, len_BS = 3727
Blocksize strategy selection process: -0.032516 --> -0.026940, len_BS = 3733
Blocksize strategy selection process: -0.032515 --> -0.026940, len_BS = 3759
Blocksize strategy selection process: -0.032513 --> -0.026940, len_BS = 3764
Blocksize strategy selection process: -0.032511 --> -0.026940, len_BS = 3769
Blocksize strategy selection process: -0.032504 --> -0.026940, len_BS = 3773
Blocksize strategy selection process: -0.032502 --> -0.026940, len_BS = 3785
Blocksize strategy selection process: -0.032501 --> -0.026940, len_BS = 3788
Blocksize strategy selection process: -0.032499 --> -0.026940, len_BS = 3792
Blocksize strategy selection process: -0.032490 --> -0.026940, len_BS = 3797
Blocksize strategy selection process: -0.032488 --> -0.026940, len_BS = 3820
Blocksize strategy selection process: -0.032487 --> -0.026940, len_BS = 3826
Blocksize strategy selection process: -0.032486 --> -0.026940, len_BS = 3829
Blocksize strategy selection process: -0.032446 --> -0.026940, len_BS = 3830
Blocksize strategy selection process: -0.032441 --> -0.026940, len_BS = 3843
Blocksize strategy selection process: -0.032434 --> -0.026940, len_BS = 3858
Blocksize strategy selection process: -0.032432 --> -0.026940, len_BS = 3874
Blocksize strategy selection process: -0.032429 --> -0.026940, len_BS = 3878
Blocksize strategy selection process: -0.032390 --> -0.026940, len_BS = 3885
Blocksize strategy selection process: -0.032362 --> -0.026940, len_BS = 3905
Blocksize strategy selection process: -0.032361 --> -0.026940, len_BS = 3928
Blocksize strategy selection process: -0.032360 --> -0.026940, len_BS = 3933
Blocksize strategy selection process: -0.032359 --> -0.026940, len_BS = 3939
Blocksize strategy selection process: -0.032350 --> -0.026940, len_BS = 3940
Blocksize strategy selection process: -0.032349 --> -0.026940, len_BS = 3960
Blocksize strategy selection process: -0.032348 --> -0.026940, len_BS = 3967
Blocksize strategy selection process: -0.032347 --> -0.026940, len_BS = 3969
Blocksize strategy selection process: -0.032345 --> -0.026940, len_BS = 3969
Blocksize strategy selection process: -0.032336 --> -0.026940, len_BS = 3971
Blocksize strategy selection process: -0.032335 --> -0.026940, len_BS = 3997
Blocksize strategy selection process: -0.032334 --> -0.026940, len_BS = 3998
Blocksize strategy selection process: -0.032333 --> -0.026940, len_BS = 3998
Blocksize strategy selection process: -0.032332 --> -0.026940, len_BS = 4002
Blocksize strategy selection process: -0.032181 --> -0.026940, len_BS = 4004
Blocksize strategy selection process: -0.032178 --> -0.026940, len_BS = 3937
Blocksize strategy selection process: -0.032173 --> -0.026940, len_BS = 3945
Blocksize strategy selection process: -0.032172 --> -0.026940, len_BS = 3926
Blocksize strategy selection process: -0.032171 --> -0.026940, len_BS = 3935
Blocksize strategy selection process: -0.032124 --> -0.026940, len_BS = 3935
Blocksize strategy selection process: -0.032119 --> -0.026940, len_BS = 3923
Blocksize strategy selection process: -0.032105 --> -0.026940, len_BS = 3938
Blocksize strategy selection process: -0.032104 --> -0.026940, len_BS = 3958
Blocksize strategy selection process: -0.032103 --> -0.026940, len_BS = 3958
Blocksize strategy selection process: -0.032102 --> -0.026940, len_BS = 3962
Blocksize strategy selection process: -0.032095 --> -0.026940, len_BS = 3965
Blocksize strategy selection process: -0.032093 --> -0.026940, len_BS = 3978
Blocksize strategy selection process: -0.032092 --> -0.026940, len_BS = 3980
Blocksize strategy selection process: -0.031972 --> -0.026940, len_BS = 3982
Blocksize strategy selection process: -0.031971 --> -0.026940, len_BS = 3908
Blocksize strategy selection process: -0.031970 --> -0.026940, len_BS = 3910
Blocksize strategy selection process: -0.031969 --> -0.026940, len_BS = 3918
Blocksize strategy selection process: -0.031914 --> -0.026940, len_BS = 3921
Blocksize strategy selection process: -0.031913 --> -0.026940, len_BS = 3923
Blocksize strategy selection process: -0.031902 --> -0.026940, len_BS = 3924
Blocksize strategy selection process: -0.031901 --> -0.026940, len_BS = 3943
Blocksize strategy selection process: -0.031900 --> -0.026940, len_BS = 3943
Blocksize strategy selection process: -0.031747 --> -0.026940, len_BS = 3949
Blocksize strategy selection process: -0.031746 --> -0.026940, len_BS = 3881
Blocksize strategy selection process: -0.031735 --> -0.026940, len_BS = 3882
Blocksize strategy selection process: -0.031733 --> -0.026940, len_BS = 3893
Blocksize strategy selection process: -0.031712 --> -0.026940, len_BS = 3897
Blocksize strategy selection process: -0.031710 --> -0.026940, len_BS = 3911
Blocksize strategy selection process: -0.031709 --> -0.026940, len_BS = 3916
Blocksize strategy selection process: -0.031700 --> -0.026940, len_BS = 3916
Blocksize strategy selection process: -0.031699 --> -0.026940, len_BS = 3928
Blocksize strategy selection process: -0.031698 --> -0.026940, len_BS = 3930
Blocksize strategy selection process: -0.031651 --> -0.026940, len_BS = 3931
Blocksize strategy selection process: -0.031641 --> -0.026940, len_BS = 3938
Blocksize strategy selection process: -0.031640 --> -0.026940, len_BS = 3950
Blocksize strategy selection process: -0.031639 --> -0.026940, len_BS = 3951
Blocksize strategy selection process: -0.031638 --> -0.026940, len_BS = 3954
Blocksize strategy selection process: -0.031633 --> -0.026940, len_BS = 3958
Blocksize strategy selection process: -0.031632 --> -0.026940, len_BS = 3959
Blocksize strategy selection process: -0.031621 --> -0.026940, len_BS = 3959
Blocksize strategy selection process: -0.031620 --> -0.026940, len_BS = 3960
Blocksize strategy selection process: -0.031619 --> -0.026940, len_BS = 3961
Blocksize strategy selection process: -0.031612 --> -0.026940, len_BS = 3963
Blocksize strategy selection process: -0.031610 --> -0.026940, len_BS = 3971
Blocksize strategy selection process: -0.031596 --> -0.026940, len_BS = 3973
Blocksize strategy selection process: -0.031595 --> -0.026940, len_BS = 3987
Blocksize strategy selection process: -0.031589 --> -0.026940, len_BS = 3988
Blocksize strategy selection process: -0.031581 --> -0.026940, len_BS = 3997
Blocksize strategy selection process: -0.031580 --> -0.026940, len_BS = 4006
Blocksize strategy selection process: -0.031578 --> -0.026940, len_BS = 4007
Blocksize strategy selection process: -0.031577 --> -0.026940, len_BS = 4011
Blocksize strategy selection process: -0.031576 --> -0.026940, len_BS = 4011
Blocksize strategy selection process: -0.031574 --> -0.026940, len_BS = 4011
Blocksize strategy selection process: -0.031494 --> -0.026940, len_BS = 4013
Blocksize strategy selection process: -0.031493 --> -0.026940, len_BS = 3986
Blocksize strategy selection process: -0.031481 --> -0.026940, len_BS = 3986
Blocksize strategy selection process: -0.031480 --> -0.026940, len_BS = 3999
Blocksize strategy selection process: -0.031473 --> -0.026940, len_BS = 4002
Blocksize strategy selection process: -0.031471 --> -0.026940, len_BS = 4014
Blocksize strategy selection process: -0.031456 --> -0.026940, len_BS = 4014
Blocksize strategy selection process: -0.031412 --> -0.026940, len_BS = 4032
Blocksize strategy selection process: -0.031411 --> -0.026940, len_BS = 4039
Blocksize strategy selection process: -0.031410 --> -0.026940, len_BS = 4041
Blocksize strategy selection process: -0.031284 --> -0.026940, len_BS = 4044
Blocksize strategy selection process: -0.031281 --> -0.026940, len_BS = 4014
Blocksize strategy selection process: -0.031280 --> -0.026940, len_BS = 4018
Blocksize strategy selection process: -0.031279 --> -0.026940, len_BS = 4004
Blocksize strategy selection process: -0.031278 --> -0.026940, len_BS = 4004
Blocksize strategy selection process: -0.031277 --> -0.026940, len_BS = 4005
Blocksize strategy selection process: -0.031276 --> -0.026940, len_BS = 4006
Blocksize strategy selection process: -0.031222 --> -0.026940, len_BS = 4006
Blocksize strategy selection process: -0.031221 --> -0.026940, len_BS = 3992
Blocksize strategy selection process: -0.031220 --> -0.026940, len_BS = 3992
Blocksize strategy selection process: -0.031214 --> -0.026940, len_BS = 3993
Blocksize strategy selection process: -0.031172 --> -0.026940, len_BS = 4003
Blocksize strategy selection process: -0.031166 --> -0.026940, len_BS = 4011
Blocksize strategy selection process: -0.031165 --> -0.026940, len_BS = 4019
Blocksize strategy selection process: -0.031164 --> -0.026940, len_BS = 4022
Blocksize strategy selection process: -0.031163 --> -0.026940, len_BS = 4022
Blocksize strategy selection process: -0.031162 --> -0.026940, len_BS = 4023
Blocksize strategy selection process: -0.031103 --> -0.026940, len_BS = 4023
Blocksize strategy selection process: -0.031097 --> -0.026940, len_BS = 4032
Blocksize strategy selection process: -0.031096 --> -0.026940, len_BS = 4038
Blocksize strategy selection process: -0.031092 --> -0.026940, len_BS = 4042
Blocksize strategy selection process: -0.031083 --> -0.026940, len_BS = 4042
Blocksize strategy selection process: -0.031039 --> -0.026940, len_BS = 4050
Blocksize strategy selection process: -0.031038 --> -0.026940, len_BS = 4058
Blocksize strategy selection process: -0.031033 --> -0.026940, len_BS = 4059
Blocksize strategy selection process: -0.031025 --> -0.026940, len_BS = 4064
Blocksize strategy selection process: -0.031023 --> -0.026940, len_BS = 4076
Blocksize strategy selection process: -0.031021 --> -0.026940, len_BS = 4078
Blocksize strategy selection process: -0.030798 --> -0.026940, len_BS = 4080
Blocksize strategy selection process: -0.030794 --> -0.026940, len_BS = 3999
Blocksize strategy selection process: -0.030793 --> -0.026940, len_BS = 3997
Blocksize strategy selection process: -0.030633 --> -0.026940, len_BS = 3997
Blocksize strategy selection process: -0.030610 --> -0.026940, len_BS = 3963
Blocksize strategy selection process: -0.030609 --> -0.026940, len_BS = 3974
Blocksize strategy selection process: -0.030608 --> -0.026940, len_BS = 3974
Blocksize strategy selection process: -0.030607 --> -0.026940, len_BS = 3977
Blocksize strategy selection process: -0.030606 --> -0.026940, len_BS = 3978
Blocksize strategy selection process: -0.030540 --> -0.026940, len_BS = 3978
Blocksize strategy selection process: -0.030539 --> -0.026940, len_BS = 3986
Blocksize strategy selection process: -0.030537 --> -0.026940, len_BS = 3986
Blocksize strategy selection process: -0.030522 --> -0.026940, len_BS = 3988
Blocksize strategy selection process: -0.030520 --> -0.026940, len_BS = 3995
Blocksize strategy selection process: -0.030519 --> -0.026940, len_BS = 3995
Blocksize strategy selection process: -0.030501 --> -0.026940, len_BS = 3995
Blocksize strategy selection process: -0.030498 --> -0.026940, len_BS = 4006
Blocksize strategy selection process: -0.030495 --> -0.026940, len_BS = 4007
Blocksize strategy selection process: -0.030494 --> -0.026940, len_BS = 4010
Blocksize strategy selection process: -0.030453 --> -0.026940, len_BS = 4012
Blocksize strategy selection process: -0.030451 --> -0.026940, len_BS = 4021
Blocksize strategy selection process: -0.030432 --> -0.026940, len_BS = 4023
Blocksize strategy selection process: -0.030429 --> -0.026940, len_BS = 4033
Blocksize strategy selection process: -0.030426 --> -0.026940, len_BS = 4034
Blocksize strategy selection process: -0.030425 --> -0.026940, len_BS = 4038
Blocksize strategy selection process: -0.030384 --> -0.026940, len_BS = 4038
Blocksize strategy selection process: -0.030363 --> -0.026940, len_BS = 4042
Blocksize strategy selection process: -0.030312 --> -0.026940, len_BS = 4050
Blocksize strategy selection process: -0.030271 --> -0.026940, len_BS = 4058
Blocksize strategy selection process: -0.030265 --> -0.026940, len_BS = 4066
Blocksize strategy selection process: -0.030264 --> -0.026940, len_BS = 4069
Blocksize strategy selection process: -0.030219 --> -0.026940, len_BS = 4069
Blocksize strategy selection process: -0.030104 --> -0.026940, len_BS = 4074
Blocksize strategy selection process: -0.030103 --> -0.026940, len_BS = 4051
Blocksize strategy selection process: -0.030102 --> -0.026940, len_BS = 4061
Blocksize strategy selection process: -0.030101 --> -0.026940, len_BS = 4061
Blocksize strategy selection process: -0.030100 --> -0.026940, len_BS = 4061
Blocksize strategy selection process: -0.030060 --> -0.026940, len_BS = 4062
Blocksize strategy selection process: -0.029921 --> -0.026940, len_BS = 4066
Blocksize strategy selection process: -0.029784 --> -0.026940, len_BS = 4054
Blocksize strategy selection process: -0.029779 --> -0.026940, len_BS = 4050
Blocksize strategy selection process: -0.029778 --> -0.026940, len_BS = 4051
Blocksize strategy selection process: -0.029777 --> -0.026940, len_BS = 4051
Blocksize strategy selection process: -0.029776 --> -0.026940, len_BS = 4051
Blocksize strategy selection process: -0.029775 --> -0.026940, len_BS = 4051
Blocksize strategy selection process: -0.029771 --> -0.026940, len_BS = 4053
Blocksize strategy selection process: -0.029770 --> -0.026940, len_BS = 4055
Blocksize strategy selection process: -0.029765 --> -0.026940, len_BS = 4055
Blocksize strategy selection process: -0.029763 --> -0.026940, len_BS = 4057
Blocksize strategy selection process: -0.029720 --> -0.026940, len_BS = 4057
Blocksize strategy selection process: -0.029716 --> -0.026940, len_BS = 4066
Blocksize strategy selection process: -0.029712 --> -0.026940, len_BS = 4066
Blocksize strategy selection process: -0.029711 --> -0.026940, len_BS = 4070
Blocksize strategy selection process: -0.029708 --> -0.026940, len_BS = 4070
Blocksize strategy selection process: -0.029703 --> -0.026940, len_BS = 4071
Blocksize strategy selection process: -0.029640 --> -0.026940, len_BS = 4073
Blocksize strategy selection process: -0.029637 --> -0.026940, len_BS = 4085
Blocksize strategy selection process: -0.029635 --> -0.026940, len_BS = 4089
Blocksize strategy selection process: -0.029633 --> -0.026940, len_BS = 4089
Blocksize strategy selection process: -0.029625 --> -0.026940, len_BS = 4089
Blocksize strategy selection process: -0.029624 --> -0.026940, len_BS = 4091
Blocksize strategy selection process: -0.029579 --> -0.026940, len_BS = 4092
Blocksize strategy selection process: -0.029578 --> -0.026940, len_BS = 4100
Blocksize strategy selection process: -0.029577 --> -0.026940, len_BS = 4101
Blocksize strategy selection process: -0.029576 --> -0.026940, len_BS = 4102
Blocksize strategy selection process: -0.029570 --> -0.026940, len_BS = 4103
Blocksize strategy selection process: -0.029569 --> -0.026940, len_BS = 4105
Blocksize strategy selection process: -0.029568 --> -0.026940, len_BS = 4106
Blocksize strategy selection process: -0.029561 --> -0.026940, len_BS = 4107
Blocksize strategy selection process: -0.029555 --> -0.026940, len_BS = 4108
Blocksize strategy selection process: -0.029514 --> -0.026940, len_BS = 4113
Blocksize strategy selection process: -0.029513 --> -0.026940, len_BS = 4124
Blocksize strategy selection process: -0.029512 --> -0.026940, len_BS = 4125
Blocksize strategy selection process: -0.029511 --> -0.026940, len_BS = 4126
Blocksize strategy selection process: -0.029507 --> -0.026940, len_BS = 4126
Blocksize strategy selection process: -0.029506 --> -0.026940, len_BS = 4126
Blocksize strategy selection process: -0.029505 --> -0.026940, len_BS = 4126
Blocksize strategy selection process: -0.029504 --> -0.026940, len_BS = 4126
Blocksize strategy selection process: -0.029503 --> -0.026940, len_BS = 4127
Blocksize strategy selection process: -0.029415 --> -0.026940, len_BS = 4127
Blocksize strategy selection process: -0.029397 --> -0.026940, len_BS = 4129
Blocksize strategy selection process: -0.029349 --> -0.026940, len_BS = 4135
Blocksize strategy selection process: -0.029321 --> -0.026940, len_BS = 4144
Blocksize strategy selection process: -0.029314 --> -0.026940, len_BS = 4155
Blocksize strategy selection process: -0.029313 --> -0.026940, len_BS = 4155
Blocksize strategy selection process: -0.029258 --> -0.026940, len_BS = 4155
Blocksize strategy selection process: -0.029257 --> -0.026940, len_BS = 4165
Blocksize strategy selection process: -0.029253 --> -0.026940, len_BS = 4165
Blocksize strategy selection process: -0.029242 --> -0.026940, len_BS = 4166
Blocksize strategy selection process: -0.029159 --> -0.026940, len_BS = 4170
Blocksize strategy selection process: -0.029126 --> -0.026940, len_BS = 4176
Blocksize strategy selection process: -0.029118 --> -0.026940, len_BS = 4181
Blocksize strategy selection process: -0.029035 --> -0.026940, len_BS = 4183
Blocksize strategy selection process: -0.028897 --> -0.026940, len_BS = 4182
Blocksize strategy selection process: -0.028809 --> -0.026940, len_BS = 4181
Blocksize strategy selection process: -0.028807 --> -0.026940, len_BS = 4184
Blocksize strategy selection process: -0.028806 --> -0.026940, len_BS = 4184
Blocksize strategy selection process: -0.028805 --> -0.026940, len_BS = 4185
Blocksize strategy selection process: -0.028770 --> -0.026940, len_BS = 4185
Blocksize strategy selection process: -0.028698 --> -0.026940, len_BS = 4187
Blocksize strategy selection process: -0.028642 --> -0.026940, len_BS = 4192
Blocksize strategy selection process: -0.028640 --> -0.026940, len_BS = 4194
Blocksize strategy selection process: -0.028575 --> -0.026940, len_BS = 4194
Blocksize strategy selection process: -0.028567 --> -0.026940, len_BS = 4200
Blocksize strategy selection process: -0.028566 --> -0.026940, len_BS = 4200
Blocksize strategy selection process: -0.028530 --> -0.026940, len_BS = 4200
Blocksize strategy selection process: -0.028511 --> -0.026940, len_BS = 4203
Blocksize strategy selection process: -0.028469 --> -0.026940, len_BS = 4204
Blocksize strategy selection process: -0.028429 --> -0.026940, len_BS = 4208
Blocksize strategy selection process: -0.028428 --> -0.026940, len_BS = 4209
Blocksize strategy selection process: -0.028427 --> -0.026940, len_BS = 4209
Blocksize strategy selection process: -0.028417 --> -0.026940, len_BS = 4209
Blocksize strategy selection process: -0.028383 --> -0.026940, len_BS = 4210
Blocksize strategy selection process: -0.028382 --> -0.026940, len_BS = 4211
Blocksize strategy selection process: -0.028379 --> -0.026940, len_BS = 4212
Blocksize strategy selection process: -0.028375 --> -0.026940, len_BS = 4212
Blocksize strategy selection process: -0.028221 --> -0.026940, len_BS = 4212
Blocksize strategy selection process: -0.028134 --> -0.026940, len_BS = 4214
Blocksize strategy selection process: -0.028105 --> -0.026940, len_BS = 4214
Blocksize strategy selection process: -0.028104 --> -0.026940, len_BS = 4214
Blocksize strategy selection process: -0.028080 --> -0.026940, len_BS = 4214
Blocksize strategy selection process: -0.028079 --> -0.026940, len_BS = 4216
Blocksize strategy selection process: -0.028030 --> -0.026940, len_BS = 4216
Blocksize strategy selection process: -0.028021 --> -0.026940, len_BS = 4216
Blocksize strategy selection process: -0.028009 --> -0.026940, len_BS = 4216
Blocksize strategy selection process: -0.028002 --> -0.026940, len_BS = 4217
Blocksize strategy selection process: -0.027987 --> -0.026940, len_BS = 4217
Blocksize strategy selection process: -0.027986 --> -0.026940, len_BS = 4217
Blocksize strategy selection process: -0.027930 --> -0.026940, len_BS = 4217
Blocksize strategy selection process: -0.027896 --> -0.026940, len_BS = 4217
Blocksize strategy selection process: -0.027881 --> -0.026940, len_BS = 4217
Blocksize strategy selection process: -0.027850 --> -0.026940, len_BS = 4217
Blocksize strategy selection process: -0.027836 --> -0.026940, len_BS = 4217
Blocksize strategy selection process: -0.027810 --> -0.026940, len_BS = 4217
Blocksize strategy selection process: -0.027796 --> -0.026940, len_BS = 4218
Blocksize strategy selection process: -0.027792 --> -0.026940, len_BS = 4218
Blocksize strategy selection process: -0.027759 --> -0.026940, len_BS = 4218
Blocksize strategy selection process: -0.027724 --> -0.026940, len_BS = 4219
Blocksize strategy selection process: -0.027711 --> -0.026940, len_BS = 4219
Blocksize strategy selection process: -0.027678 --> -0.026940, len_BS = 4219
Blocksize strategy selection process: -0.027606 --> -0.026940, len_BS = 4219
Blocksize strategy selection process: -0.027587 --> -0.026940, len_BS = 4220
Blocksize strategy selection process: -0.027581 --> -0.026940, len_BS = 4220
Blocksize strategy selection process: -0.027580 --> -0.026940, len_BS = 4220
Blocksize strategy selection process: -0.027579 --> -0.026940, len_BS = 4220
Blocksize strategy selection process: -0.027578 --> -0.026940, len_BS = 4220
Blocksize strategy selection process: -0.027577 --> -0.026940, len_BS = 4220
Blocksize strategy selection process: -0.027576 --> -0.026940, len_BS = 4220
Blocksize strategy selection process: -0.027572 --> -0.026940, len_BS = 4220
Blocksize strategy selection process: -0.027550 --> -0.026940, len_BS = 4220
Blocksize strategy selection process: -0.027544 --> -0.026940, len_BS = 4220
Blocksize strategy selection process: -0.027533 --> -0.026940, len_BS = 4220
Blocksize strategy selection process: -0.027531 --> -0.026940, len_BS = 4220
Blocksize strategy selection process: -0.027508 --> -0.026940, len_BS = 4220
Blocksize strategy selection process: -0.027507 --> -0.026940, len_BS = 4220
Blocksize strategy selection process: -0.027505 --> -0.026940, len_BS = 4220
Blocksize strategy selection process: -0.027472 --> -0.026940, len_BS = 4220
Blocksize strategy selection process: -0.027452 --> -0.026940, len_BS = 4220
Blocksize strategy selection process: -0.027403 --> -0.026940, len_BS = 4220
Blocksize strategy selection process: -0.027395 --> -0.026940, len_BS = 4220
Blocksize strategy selection process: -0.027363 --> -0.026940, len_BS = 4220
Blocksize strategy selection process: -0.027339 --> -0.026940, len_BS = 4220
Blocksize strategy selection process: -0.027338 --> -0.026940, len_BS = 4220
Blocksize strategy selection process: -0.027337 --> -0.026940, len_BS = 4220
Blocksize strategy selection process: -0.027336 --> -0.026940, len_BS = 4220
Blocksize strategy selection process: -0.027335 --> -0.026940, len_BS = 4220
Blocksize strategy selection process: -0.027334 --> -0.026940, len_BS = 4220
Blocksize strategy selection process: -0.027333 --> -0.026940, len_BS = 4220
Blocksize strategy selection process: -0.027332 --> -0.026940, len_BS = 4220
Blocksize strategy selection process: -0.027331 --> -0.026940, len_BS = 4220
Blocksize strategy selection process: -0.027315 --> -0.026940, len_BS = 4220
Blocksize strategy selection process: -0.027314 --> -0.026940, len_BS = 4221
Blocksize strategy selection process: -0.027313 --> -0.026940, len_BS = 4221
Blocksize strategy selection process: -0.027312 --> -0.026940, len_BS = 4221
Blocksize strategy selection process: -0.027279 --> -0.026940, len_BS = 4221
Blocksize strategy selection process: -0.027278 --> -0.026940, len_BS = 4221
Blocksize strategy selection process: -0.027277 --> -0.026940, len_BS = 4221
Blocksize strategy selection process: -0.027276 --> -0.026940, len_BS = 4221
Blocksize strategy selection process: -0.027275 --> -0.026940, len_BS = 4221
Blocksize strategy selection process: -0.027274 --> -0.026940, len_BS = 4221
Blocksize strategy selection process: -0.027258 --> -0.026940, len_BS = 4221
Blocksize strategy selection process: -0.027257 --> -0.026940, len_BS = 4221
Blocksize strategy selection process: -0.027256 --> -0.026940, len_BS = 4221
Blocksize strategy selection process: -0.027255 --> -0.026940, len_BS = 4221
Blocksize strategy selection process: -0.027254 --> -0.026940, len_BS = 4221
Blocksize strategy selection process: -0.027253 --> -0.026940, len_BS = 4221
Blocksize strategy selection process: -0.027252 --> -0.026940, len_BS = 4221
Blocksize strategy selection process: -0.027251 --> -0.026940, len_BS = 4221
Blocksize strategy selection process: -0.027250 --> -0.026940, len_BS = 4221
Blocksize strategy selection process: -0.027249 --> -0.026940, len_BS = 4221
Blocksize strategy selection process: -0.027248 --> -0.026940, len_BS = 4221
Blocksize strategy selection process: -0.027247 --> -0.026940, len_BS = 4221
Blocksize strategy selection process: -0.027246 --> -0.026940, len_BS = 4221
Blocksize strategy selection process: -0.027231 --> -0.026940, len_BS = 4221
Blocksize strategy selection process: -0.027230 --> -0.026940, len_BS = 4221
Blocksize strategy selection process: -0.027229 --> -0.026940, len_BS = 4221
Blocksize strategy selection process: -0.027228 --> -0.026940, len_BS = 4221
Blocksize strategy selection process: -0.027227 --> -0.026940, len_BS = 4221
Blocksize strategy selection process: -0.027226 --> -0.026940, len_BS = 4221
Blocksize strategy selection process: -0.027225 --> -0.026940, len_BS = 4221
Blocksize strategy selection process: -0.027224 --> -0.026940, len_BS = 4221
Blocksize strategy selection process: -0.027223 --> -0.026940, len_BS = 4221
Blocksize strategy selection process: -0.027222 --> -0.026940, len_BS = 4221
Blocksize strategy selection process: -0.027221 --> -0.026940, len_BS = 4222
Blocksize strategy selection process: -0.027220 --> -0.026940, len_BS = 4222
Blocksize strategy selection process: -0.027206 --> -0.026940, len_BS = 4222
Blocksize strategy selection process: -0.027205 --> -0.026940, len_BS = 4222
Blocksize strategy selection process: -0.027204 --> -0.026940, len_BS = 4222
Blocksize strategy selection process: -0.027203 --> -0.026940, len_BS = 4222
Blocksize strategy selection process: -0.027202 --> -0.026940, len_BS = 4222
Blocksize strategy selection process: -0.027201 --> -0.026940, len_BS = 4222
Blocksize strategy selection process: -0.027200 --> -0.026940, len_BS = 4222
Blocksize strategy selection process: -0.027199 --> -0.026940, len_BS = 4222
Blocksize strategy selection process: -0.027198 --> -0.026940, len_BS = 4222
Blocksize strategy selection process: -0.027197 --> -0.026940, len_BS = 4222
Blocksize strategy selection process: -0.027196 --> -0.026940, len_BS = 4222
Blocksize strategy selection process: -0.027195 --> -0.026940, len_BS = 4222
Blocksize strategy selection process: -0.027181 --> -0.026940, len_BS = 4222
Blocksize strategy selection process: -0.027154 --> -0.026940, len_BS = 4222
Blocksize strategy selection process: -0.027153 --> -0.026940, len_BS = 4222
Blocksize strategy selection process: -0.027151 --> -0.026940, len_BS = 4222
Blocksize strategy selection process: -0.027150 --> -0.026940, len_BS = 4222
Blocksize strategy selection process: -0.027149 --> -0.026940, len_BS = 4222
Blocksize strategy selection process: -0.027148 --> -0.026940, len_BS = 4222
Blocksize strategy selection process: -0.027146 --> -0.026940, len_BS = 4222
Blocksize strategy selection process: -0.027145 --> -0.026940, len_BS = 4222
Blocksize strategy selection process: -0.027144 --> -0.026940, len_BS = 4222
Blocksize strategy selection process: -0.027143 --> -0.026940, len_BS = 4222
Blocksize strategy selection process: -0.027142 --> -0.026940, len_BS = 4222
Blocksize strategy selection process: -0.027141 --> -0.026940, len_BS = 4222
Blocksize strategy selection process: -0.027140 --> -0.026940, len_BS = 4222
Blocksize strategy selection process: -0.027139 --> -0.026940, len_BS = 4222
Blocksize strategy selection process: -0.027138 --> -0.026940, len_BS = 4222
Blocksize strategy selection process: -0.027137 --> -0.026940, len_BS = 4222
Blocksize strategy selection process: -0.027136 --> -0.026940, len_BS = 4222
Blocksize strategy selection process: -0.027135 --> -0.026940, len_BS = 4222
Blocksize strategy selection process: -0.027134 --> -0.026940, len_BS = 4222
Blocksize strategy selection process: -0.027133 --> -0.026940, len_BS = 4222
Blocksize strategy selection process: -0.027132 --> -0.026940, len_BS = 4222
Blocksize strategy selection process: -0.027131 --> -0.026940, len_BS = 4222
Blocksize strategy selection process: -0.027130 --> -0.026940, len_BS = 4222
Blocksize strategy selection process: -0.027129 --> -0.026940, len_BS = 4222
Blocksize strategy selection process: -0.027128 --> -0.026940, len_BS = 4222
Blocksize strategy selection process: -0.027127 --> -0.026940, len_BS = 4222
Blocksize strategy selection process: -0.027126 --> -0.026940, len_BS = 4222
Blocksize strategy selection process: -0.027114 --> -0.026940, len_BS = 4222
Blocksize strategy selection process: -0.027113 --> -0.026940, len_BS = 4222
Blocksize strategy selection process: -0.027112 --> -0.026940, len_BS = 4222
Blocksize strategy selection process: -0.027111 --> -0.026940, len_BS = 4222
Blocksize strategy selection process: -0.027110 --> -0.026940, len_BS = 4222
Blocksize strategy selection process: -0.027109 --> -0.026940, len_BS = 4222
Blocksize strategy selection process: -0.027108 --> -0.026940, len_BS = 4222
Blocksize strategy selection process: -0.027107 --> -0.026940, len_BS = 4222
Blocksize strategy selection process: -0.027106 --> -0.026940, len_BS = 4222
Blocksize strategy selection process: -0.027105 --> -0.026940, len_BS = 4222
Blocksize strategy selection process: -0.027094 --> -0.026940, len_BS = 4222
Blocksize strategy selection process: -0.027093 --> -0.026940, len_BS = 4222
Blocksize strategy selection process: -0.027092 --> -0.026940, len_BS = 4222
Blocksize strategy selection process: -0.027091 --> -0.026940, len_BS = 4222
Blocksize strategy selection process: -0.027090 --> -0.026940, len_BS = 4222
Blocksize strategy selection process: -0.027089 --> -0.026940, len_BS = 4222
Blocksize strategy selection process: -0.027088 --> -0.026940, len_BS = 4222
Blocksize strategy selection process: -0.027087 --> -0.026940, len_BS = 4222
Blocksize strategy selection process: -0.027086 --> -0.026940, len_BS = 4222
Blocksize strategy selection process: -0.027075 --> -0.026940, len_BS = 4222
Blocksize strategy selection process: -0.027074 --> -0.026940, len_BS = 4222
Blocksize strategy selection process: -0.027073 --> -0.026940, len_BS = 4222
Blocksize strategy selection process: -0.027072 --> -0.026940, len_BS = 4222
Blocksize strategy selection process: -0.027071 --> -0.026940, len_BS = 4222
Blocksize strategy selection process: -0.027070 --> -0.026940, len_BS = 4222
Blocksize strategy selection process: -0.027069 --> -0.026940, len_BS = 4222
Blocksize strategy selection process: -0.027068 --> -0.026940, len_BS = 4222
Blocksize strategy selection process: -0.027067 --> -0.026940, len_BS = 4222
Blocksize strategy selection process: -0.027057 --> -0.026940, len_BS = 4222
Blocksize strategy selection process: -0.027056 --> -0.026940, len_BS = 4222
Blocksize strategy selection process: -0.027055 --> -0.026940, len_BS = 4222
Blocksize strategy selection process: -0.027054 --> -0.026940, len_BS = 4222
Blocksize strategy selection process: -0.027053 --> -0.026940, len_BS = 4222
Blocksize strategy selection process: -0.027052 --> -0.026940, len_BS = 4222
Blocksize strategy selection process: -0.027051 --> -0.026940, len_BS = 4222
Blocksize strategy selection process: -0.027050 --> -0.026940, len_BS = 4222
Blocksize strategy selection process: -0.027049 --> -0.026940, len_BS = 4222
Blocksize strategy selection process: -0.027040 --> -0.026940, len_BS = 4222
Blocksize strategy selection process: -0.027039 --> -0.026940, len_BS = 4222
Blocksize strategy selection process: -0.027038 --> -0.026940, len_BS = 4222
Blocksize strategy selection process: -0.027037 --> -0.026940, len_BS = 4222
Blocksize strategy selection process: -0.027036 --> -0.026940, len_BS = 4222
Blocksize strategy selection process: -0.027035 --> -0.026940, len_BS = 4222
Blocksize strategy selection process: -0.027034 --> -0.026940, len_BS = 4222
Blocksize strategy selection process: -0.027025 --> -0.026940, len_BS = 4222
Blocksize strategy selection process: -0.027024 --> -0.026940, len_BS = 4222
Blocksize strategy selection process: -0.027023 --> -0.026940, len_BS = 4222
Blocksize strategy selection process: -0.027022 --> -0.026940, len_BS = 4222
Blocksize strategy selection process: -0.027021 --> -0.026940, len_BS = 4222
Blocksize strategy selection process: -0.027020 --> -0.026940, len_BS = 4222
Blocksize strategy selection process: -0.027019 --> -0.026940, len_BS = 4222
Blocksize strategy selection process: -0.027018 --> -0.026940, len_BS = 4222
Blocksize strategy selection process: -0.027017 --> -0.026940, len_BS = 4222
Blocksize strategy selection process: -0.027010 --> -0.026940, len_BS = 4222
Blocksize strategy selection process: -0.027009 --> -0.026940, len_BS = 4222
Blocksize strategy selection process: -0.027008 --> -0.026940, len_BS = 4222
Blocksize strategy selection process: -0.027007 --> -0.026940, len_BS = 4222
Blocksize strategy selection process: -0.027006 --> -0.026940, len_BS = 4222
Blocksize strategy selection process: -0.027005 --> -0.026940, len_BS = 4222
Blocksize strategy selection process: -0.027004 --> -0.026940, len_BS = 4222
Blocksize strategy selection process: -0.027003 --> -0.026940, len_BS = 4222
Blocksize strategy selection process: -0.026997 --> -0.026940, len_BS = 4222
Blocksize strategy selection process: -0.026996 --> -0.026940, len_BS = 4222
Blocksize strategy selection process: -0.026995 --> -0.026940, len_BS = 4222
Blocksize strategy selection process: -0.026994 --> -0.026940, len_BS = 4222
Blocksize strategy selection process: -0.026993 --> -0.026940, len_BS = 4222
Blocksize strategy selection process: -0.026992 --> -0.026940, len_BS = 4222
Blocksize strategy selection process: -0.026991 --> -0.026940, len_BS = 4222
Blocksize strategy selection process: -0.026985 --> -0.026940, len_BS = 4222
Blocksize strategy selection process: -0.026984 --> -0.026940, len_BS = 4222
Blocksize strategy selection process: -0.026983 --> -0.026940, len_BS = 4222
Blocksize strategy selection process: -0.026982 --> -0.026940, len_BS = 4222
Blocksize strategy selection process: -0.026981 --> -0.026940, len_BS = 4222
Blocksize strategy selection process: -0.026975 --> -0.026940, len_BS = 4222
Blocksize strategy selection process: -0.026974 --> -0.026940, len_BS = 4222
Blocksize strategy selection process: -0.026973 --> -0.026940, len_BS = 4222
Blocksize strategy selection process: -0.026972 --> -0.026940, len_BS = 4222
Blocksize strategy selection process: -0.026971 --> -0.026940, len_BS = 4222
Blocksize strategy selection process: -0.026970 --> -0.026940, len_BS = 4222
Blocksize strategy selection process: -0.026965 --> -0.026940, len_BS = 4222
Blocksize strategy selection process: -0.026956 --> -0.026940, len_BS = 4222
Blocksize strategy selection process: -0.026950 --> -0.026940, len_BS = 4222
Blocksize strategy selection process: -0.026949 --> -0.026940, len_BS = 4222
Blocksize strategy selection process: -0.026948 --> -0.026940, len_BS = 4222
Blocksize strategy selection process: -0.026947 --> -0.026940, len_BS = 4222
Blocksize strategy selection process: -0.026946 --> -0.026940, len_BS = 4222
Blocksize strategy selection process: -0.026944 --> -0.026940, len_BS = 4222
Blocksize strategy selection process: -0.026943 --> -0.026940, len_BS = 4222
Blocksize strategy selection process: -0.026941 --> -0.026940, len_BS = 4222
Blocksize strategy selection process: -0.026940 --> -0.026940, len_BS = 4222
len(BS) = 4222
Time cost for generating Strategy: 715.066790 s
[16.0372509300915,16.0372509300915,16.0372509300915,16.0372509300915,16.0372509300915,16.0372509300915,16.0372509300915,16.0372509300915,16.0372509300915,16.0372509300915,16.0372509300915,16.028530489698163,15.998331784214733,15.968143177933122,15.937963235994955,15.90779051248192,15.877623549982559,15.847460879145476,15.817301018218286,15.787142472571784,15.756983734208678,15.726823281256197,15.696659577441931,15.66649107155213,15.636316196871732,15.606133370605331,15.575940993278188,15.545737448116528,15.515521100406088,15.485290296828037,15.45504336477124,15.424778611619836,15.394494324014996,15.364188767089775,15.333860183675814,15.303506793480672,15.273126792234482,15.24271835080457,15.212279614276625,15.18180870100099,15.1513037016025,15.120762677952337,15.09018366210026,15.05956465516556,15.028903626184965,14.99819851091584,14.967447210592793,14.936647590635964,14.905797479309124,14.87489466632587,14.84393690140204,14.81292189275276,14.781847305532413,14.750710760216158,14.719509830921643,14.688242043669902,14.656904874584809,14.625495748030769,14.594012034689,14.562451049573445,14.530810049988219,14.499086233429693,14.467276735437714,14.435416067354373,14.403654025041325,14.371876119250835,14.340056312166698,14.308155166474352,14.276157914510664,14.244066718772492,14.211868355730166,14.17959765169675,14.147207678637374,14.114717568102991,14.082091663316607,14.049379876810514,14.016533223025649,13.983562834322333,13.950458797009034,13.917230167871395,13.883871194385167,13.850368012802136,13.816735653146374,13.782952317139761,13.749027652019628,13.71493964811923,13.680710550223116,13.646324336369448,13.611774130903378,13.577049676593134,13.542156093897136,13.507106553724478,13.471882482210553,13.436507476269512,13.400939350810148,13.36519186137603,13.329267594691121,13.293146029135878,13.256855804105586,13.220358246221426,13.18367737473088,13.146821748997995,13.109775077734676,13.072525948218441,13.03509383837947,12.997498020403386,12.959857687368675,12.92229256273876,12.900261125845443,12.87812303301672,12.855877112348622,12.833522171669458,12.811056998060788,12.788480357364097,12.76579099367256,12.74298762880746,12.720068961778619,12.697033668228293,12.673880399857918,12.650607783837039,12.627214422193815,12.603698891186337,12.58005974065409,12.55629549334876,12.53240464424365,12.508385659820814,12.484236977335092,12.459957004054147,12.43554411647353,12.410996659505837,12.386312945642864,12.36149125408977,12.336529829870049,12.31142688290016,12.286180587032613,12.260789079066168,12.235250457721845,12.209562782583305,12.183724073000132,12.157732306952468,12.13158541987537,12.105281303441192,12.07881780429822,12.052192722763653,12.025403811469019,11.998448773955936,11.971325263220058,11.94403088020098,11.916563172215694,11.888919631333106,11.861097692687025,11.833094732724847,11.80490806738911,11.776534950228818,11.747972570437422,11.719218050814117,11.690268445644936,11.661120738499996,11.63177183994302,11.602218585149107,11.57245773142651,11.542485955637956,11.512299851516817,11.48189592687331,11.451270600685493,11.420420200069751,11.389340957125105,11.358029005645447,11.326480377693544,11.294691000030353,11.262656690392957,11.230373153614039,11.19783597757565,11.165040628989663,11.131982448997038,11.09865664857772,11.06505830376279,11.0311823506402,10.99702358014519,10.962576632626352,10.927835992178125,10.892795980730472,10.85745075188647,10.821794284498651,10.785820375975172,10.749522635307272,10.712894475810076,10.67592910756957,10.638619529589752,10.600958521635393,10.562938635767798,10.524552187573356,10.485791247087956,10.446647629424108,10.407112885112772,10.36717829017794,10.326834835969867,10.28607321879232,10.24488382937117,10.203256742226348,10.161181705027186,10.11864812803389,10.075645073755435,10.0321612469887,9.988184985446079,9.949058164389369,9.931300981458188,9.897270461870704,9.859500671088867,9.816049443030442,9.770405100536486,9.724973888821516,9.677557768589379,9.635014643821188,9.585688469075686,9.538978837090276,9.487070148519429,9.442163157814454,9.390165350444322,9.339624603321013,9.287542463389943,9.236621795196028,9.184753924210048,9.130773192881302,9.078797546897917,9.023575569070216,8.969582169829902,8.912300059132214,8.858035613844459,8.80133893401777,8.743501919590853,8.684034129408046,8.625124315934984,8.567928814076732,8.507921292102644,8.451113597511327,8.388122500450208,8.326905326600452,8.265878690303792,8.201740685160958,8.14150081467353,8.075561991540138,8.012850587942896,7.951179859797965,7.887004723212898,7.821006521782626,7.757591206114895,7.696748832668867,7.652787361309422,7.625901830160021]
MinStrategy is: [87, 89, 107, 117, 118, 129, 138, 143] + pump(82,168,24) , ['87 * 1 (-0.044869) , cost = 338.1039 s', '89 * 1 (-0.040629) , cost = 455.5049 s', '107 * 1 (-0.037245) , cost = 759.1929 s', '117 * 1 (-0.035302) , cost = 1689.4322 s', '118 * 1 (-0.034671) , cost = 2180.3179 s', '129 * 1 (-0.033758) , cost = 27945.3916 s', '138 * 1 (-0.032909) , cost = 277537.4194 s', '143 * 1 (-0.032398) , cost = 769905.9917 s'] + pump(82,168,24)
[87,89,107,117,118,129,138,143]
Time cost for pnj-BKZ = 300.23 h,
Time cost for pump = 1066.17 h,
Total time cost = 1366.39 h.
