New Strategy:
n = 80, alpha = 0.005, q = 6421, jump = 1, goal_margin = 1.50, MAX_TIME = inf h
[17.5346582955881, 17.5346582955881, 17.5346582955881, 17.5346582955881, 17.5346582955881, 17.5346582955881, 17.5346582955881, 17.5346582955881, 17.5346582955881, 17.5346582955881, 17.5346582955881, 17.5346582955881, 17.5346582955881, 17.5346582955881, 17.5346582955881, 17.5346582955881, 17.5346582955881, 17.5346582955881, 17.5346582955881, 17.5346582955881, 17.5346582955881, 17.5346582955881, 17.5346582955881, 17.5346582955881, 17.5346582955881, 17.5346582955881, 17.5346582955881, 17.5346582955881, 17.5346582955881, 17.5346582955881, 17.5346582955881, 17.5346582955881, 17.5346582955881, 17.5346582955881, 17.5346582955881, 17.5346582955881, 17.5346582955881, 17.5346582955881, 17.5346582955881, 17.5346582955881, 17.5346582955881, 17.5346582955881, 17.5346582955881, 17.5346582955881, 17.5346582955881, 17.5346582955881, 17.5346582955881, 17.5346582955881, 17.5346582955881, 17.5346582955881, 17.5346582955881, 17.5346582955881, 17.5346582955881, 17.5346582955881, 17.5346582955881, 17.5346582955881, 17.5346582955881, 17.5346582955881, 17.5346582955881, 17.5346582955881, 17.5346582955881, 17.5346582955881, 17.5346582955881, 17.5346582955881, 17.5346582955881, 17.5346582955881, 17.5346582955881, 17.5346582955881, 17.5346582955881, 17.5346582955881, 17.5346582955881, 17.5346582955881, 17.5346582955881, 17.5346582955881, 17.5346582955881, 17.5346582955881, 17.5346582955881, 17.5346582955881, 17.5346582955881, 17.5346582955881, 17.5346582955881, 17.5346582955881, 17.5346582955881, 17.5346582955881, 17.5346582955881, 17.5346582955881, 17.5346582955881, 17.5346582955881, 17.5346582955881, 17.5346582955881, 17.24595963970075, 17.277883014606903, 17.23201515480781, 17.30953209559968, 17.18702845762782, 16.967947037044542, 16.851571989103675, 16.747627228655112, 16.81861963695161, 16.907128957752967, 16.828067076520206, 16.671031263065554, 16.408011159150846, 16.332268405585612, 16.305643957875727, 16.139992652957837, 16.0269745220172, 15.973856132385412, 16.00477107381552, 15.882221590273767, 15.826835141218023, 15.910681954863703, 15.73104937604592, 15.696368568591128, 15.51362049108617, 15.334004874117234, 15.303393333098043, 15.32063550291541, 15.28174504064246, 15.305343704518952, 15.117295733206628, 15.007711290784245, 14.783354603346428, 14.62756585004667, 14.543081739467494, 14.480277169285134, 14.423961666051113, 14.39947008831918, 14.32054515090135, 14.255941897326808, 14.328821911449003, 14.208970578315725, 14.11694792170085, 14.235296256391116, 14.090973557813925, 13.909828005544105, 13.951591710942989, 13.739562216345862, 13.488995758031043, 13.587647577929092, 13.545596101399521, 13.383131898245251, 13.406860033129838, 13.142953727795838, 13.11255127041688, 12.953856214185567, 12.89635989648322, 12.744960878228676, 12.609177616038455, 12.541956559192034, 12.562116244076341, 12.400114409878597, 12.350679636342266, 12.324166331517072, 12.337628362658215, 12.126183611563551, 12.018013938529364, 11.84282292593946, 11.651902234809189, 11.546448527711181, 11.587887574103947, 11.431364447852248, 11.281094843973934, 11.347555053795343, 11.169313189875512, 10.95760036510694, 10.937631124251107, 11.014894030883154, 11.053316809579998, 10.871052565681428, 10.675217866799501, 10.704002824174482, 10.626801252719625, 10.432176614170734, 10.256350714855694, 10.440833498223103, 10.430214200639664, 10.4071200931893, 10.17001301969577, 9.881973645775311, 9.760184654982107, 9.850804213006775, 9.671700052047797, 9.470846665439895, 9.411186779805826, 9.24496331803398, 9.350387342219827, 9.439780680870157, 9.197906866758915, 9.097575099865265, 8.923893480376421, 8.779862279090251, 8.8111486857141, 8.674502450832033, 8.394009528039813, 8.48039776526423, 8.280098405888628, 8.274322702261948, 8.1293730050903, 8.176490108992743, 7.960968142573984, 7.772907723628239, 7.673335603251777, 7.606457422192299, 7.676253442136392, 7.712127842856228, 7.499212970958091, 7.322009918860436, 7.219145388044466, 7.155416698955217, 7.0362630990920545, 7.032643254827401, 6.921105023588323, 6.866287196378643, 6.755167553743301, 6.787698282865671, 6.637631349138314, 6.667700081315176, 6.404476641044303, 6.314513129325642, 6.036165901730049, 6.001932955537216, 6.068731477893259, 5.953248963489719, 5.760412449786773, 5.908154147764209, 5.650443682774224, 5.506473063117261, 5.442647060768432, 5.421334291003347, 5.341565565833645, 5.33585430367825, 5.09352436852685, 4.903482764218824, 4.675561450601208, 4.6467775008572705, 4.529371843396222, 4.42631089656162, 4.15367423841343, 4.000244331035896, 3.724695587132688, 3.59528843409899, 3.4800807956017086, 3.66476152869756, 3.7013786636456234, 3.696675242256542, 3.62907192920201, 3.518979599236805, 3.482275712599648, 3.2463458919072914, 3.105902705155852, 3.111620117083565, 2.937023729433167, 2.853660900916516, 2.72247917051714, 2.6573567229917314, 2.5813085431820593, 2.4944248079633153, 2.2468781695132933, 2.39298573071512, 2.3918687391265343, 2.298481963613008, 2.271281252552598, 2.035318197525821, 2.0756331480673547, 2.1242276331992858, 1.9136783632218868, 1.9947108057478817, 1.797172878819546, 1.7486534827857099, 1.5407644337868038]
Blocksize strategy selection process: -0.065334 --> -0.065334, len_BS = 1
Blocksize strategy selection process: -0.055461 --> -0.025700, len_BS = 238
Blocksize strategy selection process: -0.055267 --> -0.025699, len_BS = 394
Blocksize strategy selection process: -0.055074 --> -0.025699, len_BS = 488
Blocksize strategy selection process: -0.054879 --> -0.025699, len_BS = 590
Blocksize strategy selection process: -0.054684 --> -0.025699, len_BS = 683
Blocksize strategy selection process: -0.049262 --> -0.025699, len_BS = 791
Blocksize strategy selection process: -0.049110 --> -0.025699, len_BS = 877
Blocksize strategy selection process: -0.048987 --> -0.025699, len_BS = 975
Blocksize strategy selection process: -0.048958 --> -0.025699, len_BS = 1059
Blocksize strategy selection process: -0.048835 --> -0.025699, len_BS = 1098
Blocksize strategy selection process: -0.048804 --> -0.025699, len_BS = 1174
Blocksize strategy selection process: -0.048712 --> -0.025699, len_BS = 1220
Blocksize strategy selection process: -0.048682 --> -0.025699, len_BS = 1275
Blocksize strategy selection process: -0.048650 --> -0.025699, len_BS = 1322
Blocksize strategy selection process: -0.048560 --> -0.025699, len_BS = 1363
Blocksize strategy selection process: -0.048529 --> -0.025699, len_BS = 1418
Blocksize strategy selection process: -0.045409 --> -0.025699, len_BS = 1461
Blocksize strategy selection process: -0.045290 --> -0.025699, len_BS = 1484
Blocksize strategy selection process: -0.045194 --> -0.025699, len_BS = 1578
Blocksize strategy selection process: -0.045168 --> -0.025699, len_BS = 1640
Blocksize strategy selection process: -0.045118 --> -0.025699, len_BS = 1682
Blocksize strategy selection process: -0.045073 --> -0.025699, len_BS = 1705
Blocksize strategy selection process: -0.045046 --> -0.025699, len_BS = 1764
Blocksize strategy selection process: -0.044999 --> -0.025699, len_BS = 1815
Blocksize strategy selection process: -0.044978 --> -0.025699, len_BS = 1832
Blocksize strategy selection process: -0.044952 --> -0.025699, len_BS = 1863
Blocksize strategy selection process: -0.044923 --> -0.025699, len_BS = 1907
Blocksize strategy selection process: -0.044904 --> -0.025699, len_BS = 1950
Blocksize strategy selection process: -0.044878 --> -0.025699, len_BS = 1950
Blocksize strategy selection process: -0.044857 --> -0.025699, len_BS = 1964
Blocksize strategy selection process: -0.044829 --> -0.025699, len_BS = 1990
Blocksize strategy selection process: -0.042811 --> -0.025699, len_BS = 2037
Blocksize strategy selection process: -0.042728 --> -0.025698, len_BS = 1916
Blocksize strategy selection process: -0.042665 --> -0.025698, len_BS = 1966
Blocksize strategy selection process: -0.042645 --> -0.025698, len_BS = 2015
Blocksize strategy selection process: -0.042582 --> -0.025698, len_BS = 2034
Blocksize strategy selection process: -0.042561 --> -0.025698, len_BS = 2077
Blocksize strategy selection process: -0.042519 --> -0.025698, len_BS = 2108
Blocksize strategy selection process: -0.042499 --> -0.025698, len_BS = 2138
Blocksize strategy selection process: -0.041798 --> -0.025698, len_BS = 2157
Blocksize strategy selection process: -0.040920 --> -0.025698, len_BS = 2166
Blocksize strategy selection process: -0.040855 --> -0.025698, len_BS = 2122
Blocksize strategy selection process: -0.040806 --> -0.025698, len_BS = 2176
Blocksize strategy selection process: -0.040789 --> -0.025698, len_BS = 2224
Blocksize strategy selection process: -0.040769 --> -0.025698, len_BS = 2250
Blocksize strategy selection process: -0.040740 --> -0.025698, len_BS = 2266
Blocksize strategy selection process: -0.040722 --> -0.025698, len_BS = 2305
Blocksize strategy selection process: -0.040704 --> -0.025698, len_BS = 2337
Blocksize strategy selection process: -0.040691 --> -0.025698, len_BS = 2351
Blocksize strategy selection process: -0.040674 --> -0.025698, len_BS = 2371
Blocksize strategy selection process: -0.040655 --> -0.025698, len_BS = 2398
Blocksize strategy selection process: -0.040602 --> -0.025698, len_BS = 2431
Blocksize strategy selection process: -0.040584 --> -0.025698, len_BS = 2499
Blocksize strategy selection process: -0.040571 --> -0.025698, len_BS = 2519
Blocksize strategy selection process: -0.039490 --> -0.025698, len_BS = 2533
Blocksize strategy selection process: -0.039449 --> -0.025698, len_BS = 2520
Blocksize strategy selection process: -0.039419 --> -0.025698, len_BS = 2560
Blocksize strategy selection process: -0.039407 --> -0.025698, len_BS = 2598
Blocksize strategy selection process: -0.039339 --> -0.025698, len_BS = 2612
Blocksize strategy selection process: -0.039335 --> -0.025698, len_BS = 2674
Blocksize strategy selection process: -0.039170 --> -0.025698, len_BS = 2672
Blocksize strategy selection process: -0.038586 --> -0.025698, len_BS = 2712
Blocksize strategy selection process: -0.038553 --> -0.025698, len_BS = 2664
Blocksize strategy selection process: -0.038529 --> -0.025698, len_BS = 2703
Blocksize strategy selection process: -0.038485 --> -0.025698, len_BS = 2730
Blocksize strategy selection process: -0.038452 --> -0.025698, len_BS = 2794
Blocksize strategy selection process: -0.038428 --> -0.025698, len_BS = 2837
Blocksize strategy selection process: -0.038419 --> -0.025698, len_BS = 2856
Blocksize strategy selection process: -0.038411 --> -0.025698, len_BS = 2869
Blocksize strategy selection process: -0.038396 --> -0.025698, len_BS = 2879
Blocksize strategy selection process: -0.038385 --> -0.025698, len_BS = 2898
Blocksize strategy selection process: -0.038378 --> -0.025698, len_BS = 2917
Blocksize strategy selection process: -0.038372 --> -0.025698, len_BS = 2928
Blocksize strategy selection process: -0.037871 --> -0.025698, len_BS = 2942
Blocksize strategy selection process: -0.037852 --> -0.025698, len_BS = 2925
Blocksize strategy selection process: -0.037838 --> -0.025698, len_BS = 2953
Blocksize strategy selection process: -0.037833 --> -0.025698, len_BS = 2971
Blocksize strategy selection process: -0.037819 --> -0.025698, len_BS = 2980
Blocksize strategy selection process: -0.037778 --> -0.025698, len_BS = 2999
Blocksize strategy selection process: -0.037760 --> -0.025698, len_BS = 3063
Blocksize strategy selection process: -0.037746 --> -0.025698, len_BS = 3089
Blocksize strategy selection process: -0.037740 --> -0.025698, len_BS = 3112
Blocksize strategy selection process: -0.037719 --> -0.025698, len_BS = 3117
Blocksize strategy selection process: -0.037685 --> -0.025698, len_BS = 3153
Blocksize strategy selection process: -0.037469 --> -0.025698, len_BS = 3205
Blocksize strategy selection process: -0.037457 --> -0.025698, len_BS = 3261
Blocksize strategy selection process: -0.037442 --> -0.025698, len_BS = 3228
Blocksize strategy selection process: -0.037431 --> -0.025698, len_BS = 3254
Blocksize strategy selection process: -0.037427 --> -0.025698, len_BS = 3269
Blocksize strategy selection process: -0.037423 --> -0.025698, len_BS = 3280
Blocksize strategy selection process: -0.037416 --> -0.025698, len_BS = 3290
Blocksize strategy selection process: -0.037370 --> -0.025698, len_BS = 3301
Blocksize strategy selection process: -0.037355 --> -0.025698, len_BS = 3365
Blocksize strategy selection process: -0.037344 --> -0.025698, len_BS = 3380
Blocksize strategy selection process: -0.037316 --> -0.025698, len_BS = 3397
Blocksize strategy selection process: -0.037282 --> -0.025698, len_BS = 3439
Blocksize strategy selection process: -0.036911 --> -0.025698, len_BS = 3494
Blocksize strategy selection process: -0.036894 --> -0.025698, len_BS = 3419
Blocksize strategy selection process: -0.036882 --> -0.025698, len_BS = 3445
Blocksize strategy selection process: -0.036877 --> -0.025698, len_BS = 3470
Blocksize strategy selection process: -0.036841 --> -0.025698, len_BS = 3477
Blocksize strategy selection process: -0.036817 --> -0.025698, len_BS = 3524
Blocksize strategy selection process: -0.036552 --> -0.025698, len_BS = 3547
Blocksize strategy selection process: -0.036539 --> -0.025698, len_BS = 3521
Blocksize strategy selection process: -0.036530 --> -0.025698, len_BS = 3551
Blocksize strategy selection process: -0.036503 --> -0.025698, len_BS = 3572
Blocksize strategy selection process: -0.036490 --> -0.025698, len_BS = 3602
Blocksize strategy selection process: -0.036481 --> -0.025698, len_BS = 3634
Blocksize strategy selection process: -0.036477 --> -0.025698, len_BS = 3653
Blocksize strategy selection process: -0.036474 --> -0.025698, len_BS = 3664
Blocksize strategy selection process: -0.036468 --> -0.025698, len_BS = 3668
Blocksize strategy selection process: -0.036464 --> -0.025698, len_BS = 3682
Blocksize strategy selection process: -0.036462 --> -0.025698, len_BS = 3694
Blocksize strategy selection process: -0.036459 --> -0.025698, len_BS = 3699
Blocksize strategy selection process: -0.036273 --> -0.025698, len_BS = 3704
Blocksize strategy selection process: -0.036266 --> -0.025698, len_BS = 3715
Blocksize strategy selection process: -0.036260 --> -0.025698, len_BS = 3736
Blocksize strategy selection process: -0.036258 --> -0.025698, len_BS = 3747
Blocksize strategy selection process: -0.036253 --> -0.025698, len_BS = 3754
Blocksize strategy selection process: -0.036228 --> -0.025698, len_BS = 3766
Blocksize strategy selection process: -0.036221 --> -0.025698, len_BS = 3807
Blocksize strategy selection process: -0.036216 --> -0.025698, len_BS = 3823
Blocksize strategy selection process: -0.036214 --> -0.025698, len_BS = 3839
Blocksize strategy selection process: -0.036047 --> -0.025698, len_BS = 3845
Blocksize strategy selection process: -0.036036 --> -0.025698, len_BS = 3870
Blocksize strategy selection process: -0.036028 --> -0.025698, len_BS = 3902
Blocksize strategy selection process: -0.036024 --> -0.025698, len_BS = 3926
Blocksize strategy selection process: -0.036022 --> -0.025698, len_BS = 3935
Blocksize strategy selection process: -0.036017 --> -0.025698, len_BS = 3939
Blocksize strategy selection process: -0.036013 --> -0.025698, len_BS = 3958
Blocksize strategy selection process: -0.036011 --> -0.025698, len_BS = 3966
Blocksize strategy selection process: -0.036009 --> -0.025698, len_BS = 3974
Blocksize strategy selection process: -0.036005 --> -0.025698, len_BS = 3980
Blocksize strategy selection process: -0.036002 --> -0.025698, len_BS = 3990
Blocksize strategy selection process: -0.035989 --> -0.025698, len_BS = 4005
Blocksize strategy selection process: -0.035987 --> -0.025698, len_BS = 4036
Blocksize strategy selection process: -0.035985 --> -0.025698, len_BS = 4047
Blocksize strategy selection process: -0.035809 --> -0.025698, len_BS = 4053
Blocksize strategy selection process: -0.035803 --> -0.025698, len_BS = 4050
Blocksize strategy selection process: -0.035798 --> -0.025698, len_BS = 4069
Blocksize strategy selection process: -0.035796 --> -0.025698, len_BS = 4085
Blocksize strategy selection process: -0.035781 --> -0.025698, len_BS = 4096
Blocksize strategy selection process: -0.035774 --> -0.025698, len_BS = 4129
Blocksize strategy selection process: -0.035672 --> -0.025698, len_BS = 4143
Blocksize strategy selection process: -0.035667 --> -0.025698, len_BS = 4146
Blocksize strategy selection process: -0.035664 --> -0.025698, len_BS = 4160
Blocksize strategy selection process: -0.035653 --> -0.025698, len_BS = 4175
Blocksize strategy selection process: -0.035648 --> -0.025698, len_BS = 4205
Blocksize strategy selection process: -0.035644 --> -0.025698, len_BS = 4224
Blocksize strategy selection process: -0.035643 --> -0.025698, len_BS = 4238
Blocksize strategy selection process: -0.035642 --> -0.025698, len_BS = 4243
Blocksize strategy selection process: -0.035639 --> -0.025698, len_BS = 4250
Blocksize strategy selection process: -0.035638 --> -0.025698, len_BS = 4257
Blocksize strategy selection process: -0.035637 --> -0.025698, len_BS = 4263
Blocksize strategy selection process: -0.035636 --> -0.025698, len_BS = 4266
Blocksize strategy selection process: -0.035566 --> -0.025698, len_BS = 4270
Blocksize strategy selection process: -0.035563 --> -0.025698, len_BS = 4287
Blocksize strategy selection process: -0.035561 --> -0.025698, len_BS = 4300
Blocksize strategy selection process: -0.035560 --> -0.025698, len_BS = 4305
Blocksize strategy selection process: -0.035558 --> -0.025698, len_BS = 4307
Blocksize strategy selection process: -0.035548 --> -0.025698, len_BS = 4317
Blocksize strategy selection process: -0.035545 --> -0.025698, len_BS = 4345
Blocksize strategy selection process: -0.035543 --> -0.025698, len_BS = 4363
Blocksize strategy selection process: -0.035485 --> -0.025698, len_BS = 4372
Blocksize strategy selection process: -0.035472 --> -0.025698, len_BS = 4402
Blocksize strategy selection process: -0.035467 --> -0.025698, len_BS = 4397
Blocksize strategy selection process: -0.035464 --> -0.025698, len_BS = 4398
Blocksize strategy selection process: -0.035463 --> -0.025698, len_BS = 4398
Blocksize strategy selection process: -0.035462 --> -0.025698, len_BS = 4398
Blocksize strategy selection process: -0.035461 --> -0.025698, len_BS = 4398
Blocksize strategy selection process: -0.035460 --> -0.025698, len_BS = 4398
Blocksize strategy selection process: -0.035459 --> -0.025698, len_BS = 4398
Blocksize strategy selection process: -0.035458 --> -0.025698, len_BS = 4399
Blocksize strategy selection process: -0.035457 --> -0.025698, len_BS = 4399
Blocksize strategy selection process: -0.035456 --> -0.025698, len_BS = 4401
Blocksize strategy selection process: -0.035454 --> -0.025698, len_BS = 4401
Blocksize strategy selection process: -0.035450 --> -0.025698, len_BS = 4406
Blocksize strategy selection process: -0.035449 --> -0.025698, len_BS = 4414
Blocksize strategy selection process: -0.035448 --> -0.025698, len_BS = 4416
Blocksize strategy selection process: -0.035381 --> -0.025698, len_BS = 4420
Blocksize strategy selection process: -0.035379 --> -0.025698, len_BS = 4431
Blocksize strategy selection process: -0.035377 --> -0.025698, len_BS = 4444
Blocksize strategy selection process: -0.035376 --> -0.025698, len_BS = 4456
Blocksize strategy selection process: -0.035371 --> -0.025698, len_BS = 4458
Blocksize strategy selection process: -0.035368 --> -0.025698, len_BS = 4476
Blocksize strategy selection process: -0.035303 --> -0.025698, len_BS = 4486
Blocksize strategy selection process: -0.035301 --> -0.025698, len_BS = 4496
Blocksize strategy selection process: -0.035299 --> -0.025698, len_BS = 4510
Blocksize strategy selection process: -0.035298 --> -0.025698, len_BS = 4522
Blocksize strategy selection process: -0.035293 --> -0.025698, len_BS = 4526
Blocksize strategy selection process: -0.035290 --> -0.025698, len_BS = 4540
Blocksize strategy selection process: -0.035176 --> -0.025698, len_BS = 4553
Blocksize strategy selection process: -0.035144 --> -0.025698, len_BS = 4531
Blocksize strategy selection process: -0.035142 --> -0.025698, len_BS = 4473
Blocksize strategy selection process: -0.035140 --> -0.025698, len_BS = 4481
Blocksize strategy selection process: -0.035064 --> -0.025698, len_BS = 4485
Blocksize strategy selection process: -0.035052 --> -0.025698, len_BS = 4500
Blocksize strategy selection process: -0.035015 --> -0.025698, len_BS = 4519
Blocksize strategy selection process: -0.035014 --> -0.025698, len_BS = 4558
Blocksize strategy selection process: -0.035012 --> -0.025698, len_BS = 4562
Blocksize strategy selection process: -0.035008 --> -0.025698, len_BS = 4565
Blocksize strategy selection process: -0.035007 --> -0.025698, len_BS = 4576
Blocksize strategy selection process: -0.035005 --> -0.025698, len_BS = 4580
Blocksize strategy selection process: -0.034978 --> -0.025698, len_BS = 4584
Blocksize strategy selection process: -0.034977 --> -0.025698, len_BS = 4602
Blocksize strategy selection process: -0.034976 --> -0.025698, len_BS = 4606
Blocksize strategy selection process: -0.034975 --> -0.025698, len_BS = 4608
Blocksize strategy selection process: -0.034971 --> -0.025698, len_BS = 4611
Blocksize strategy selection process: -0.034970 --> -0.025698, len_BS = 4625
Blocksize strategy selection process: -0.034969 --> -0.025698, len_BS = 4626
Blocksize strategy selection process: -0.034940 --> -0.025698, len_BS = 4629
Blocksize strategy selection process: -0.034939 --> -0.025698, len_BS = 4664
Blocksize strategy selection process: -0.034938 --> -0.025698, len_BS = 4664
Blocksize strategy selection process: -0.034936 --> -0.025698, len_BS = 4665
Blocksize strategy selection process: -0.034935 --> -0.025698, len_BS = 4670
Blocksize strategy selection process: -0.034898 --> -0.025698, len_BS = 4674
Blocksize strategy selection process: -0.034897 --> -0.025698, len_BS = 4701
Blocksize strategy selection process: -0.034861 --> -0.025698, len_BS = 4705
Blocksize strategy selection process: -0.034770 --> -0.025698, len_BS = 4733
Blocksize strategy selection process: -0.034769 --> -0.025698, len_BS = 4735
Blocksize strategy selection process: -0.034767 --> -0.025698, len_BS = 4737
Blocksize strategy selection process: -0.034765 --> -0.025698, len_BS = 4692
Blocksize strategy selection process: -0.034764 --> -0.025698, len_BS = 4694
Blocksize strategy selection process: -0.034637 --> -0.025698, len_BS = 4696
Blocksize strategy selection process: -0.034571 --> -0.025698, len_BS = 4670
Blocksize strategy selection process: -0.034569 --> -0.025698, len_BS = 4693
Blocksize strategy selection process: -0.034568 --> -0.025698, len_BS = 4695
Blocksize strategy selection process: -0.034567 --> -0.025698, len_BS = 4705
Blocksize strategy selection process: -0.034531 --> -0.025698, len_BS = 4708
Blocksize strategy selection process: -0.034527 --> -0.025698, len_BS = 4706
Blocksize strategy selection process: -0.034487 --> -0.025698, len_BS = 4714
Blocksize strategy selection process: -0.034449 --> -0.025698, len_BS = 4711
Blocksize strategy selection process: -0.034399 --> -0.025698, len_BS = 4740
Blocksize strategy selection process: -0.034398 --> -0.025698, len_BS = 4733
Blocksize strategy selection process: -0.034397 --> -0.025698, len_BS = 4734
Blocksize strategy selection process: -0.034395 --> -0.025698, len_BS = 4735
Blocksize strategy selection process: -0.034394 --> -0.025698, len_BS = 4742
Blocksize strategy selection process: -0.034296 --> -0.025698, len_BS = 4744
Blocksize strategy selection process: -0.034295 --> -0.025698, len_BS = 4760
Blocksize strategy selection process: -0.034291 --> -0.025698, len_BS = 4748
Blocksize strategy selection process: -0.034279 --> -0.025698, len_BS = 4753
Blocksize strategy selection process: -0.034278 --> -0.025698, len_BS = 4766
Blocksize strategy selection process: -0.034277 --> -0.025698, len_BS = 4772
Blocksize strategy selection process: -0.034276 --> -0.025698, len_BS = 4773
Blocksize strategy selection process: -0.034267 --> -0.025698, len_BS = 4773
Blocksize strategy selection process: -0.034266 --> -0.025698, len_BS = 4785
Blocksize strategy selection process: -0.034265 --> -0.025698, len_BS = 4785
Blocksize strategy selection process: -0.034264 --> -0.025698, len_BS = 4789
Blocksize strategy selection process: -0.034254 --> -0.025698, len_BS = 4789
Blocksize strategy selection process: -0.034253 --> -0.025698, len_BS = 4799
Blocksize strategy selection process: -0.034215 --> -0.025698, len_BS = 4800
Blocksize strategy selection process: -0.034211 --> -0.025698, len_BS = 4804
Blocksize strategy selection process: -0.034200 --> -0.025698, len_BS = 4815
Blocksize strategy selection process: -0.034199 --> -0.025698, len_BS = 4829
Blocksize strategy selection process: -0.034169 --> -0.025698, len_BS = 4831
Blocksize strategy selection process: -0.034168 --> -0.025698, len_BS = 4843
Blocksize strategy selection process: -0.034167 --> -0.025698, len_BS = 4844
Blocksize strategy selection process: -0.034161 --> -0.025698, len_BS = 4846
Blocksize strategy selection process: -0.034160 --> -0.025698, len_BS = 4850
Blocksize strategy selection process: -0.034159 --> -0.025698, len_BS = 4851
Blocksize strategy selection process: -0.034156 --> -0.025698, len_BS = 4852
Blocksize strategy selection process: -0.034155 --> -0.025698, len_BS = 4853
Blocksize strategy selection process: -0.034154 --> -0.025698, len_BS = 4853
Blocksize strategy selection process: -0.034153 --> -0.025698, len_BS = 4859
Blocksize strategy selection process: -0.034141 --> -0.025698, len_BS = 4861
Blocksize strategy selection process: -0.034094 --> -0.025698, len_BS = 4864
Blocksize strategy selection process: -0.034093 --> -0.025698, len_BS = 4870
Blocksize strategy selection process: -0.034045 --> -0.025698, len_BS = 4872
Blocksize strategy selection process: -0.034044 --> -0.025698, len_BS = 4890
Blocksize strategy selection process: -0.034041 --> -0.025698, len_BS = 4890
Blocksize strategy selection process: -0.034040 --> -0.025698, len_BS = 4895
Blocksize strategy selection process: -0.034031 --> -0.025698, len_BS = 4895
Blocksize strategy selection process: -0.034030 --> -0.025698, len_BS = 4870
Blocksize strategy selection process: -0.033992 --> -0.025698, len_BS = 4871
Blocksize strategy selection process: -0.033991 --> -0.025698, len_BS = 4896
Blocksize strategy selection process: -0.033990 --> -0.025698, len_BS = 4896
Blocksize strategy selection process: -0.033942 --> -0.025698, len_BS = 4900
Blocksize strategy selection process: -0.033940 --> -0.025698, len_BS = 4853
Blocksize strategy selection process: -0.033850 --> -0.025698, len_BS = 4857
Blocksize strategy selection process: -0.033846 --> -0.025698, len_BS = 4873
Blocksize strategy selection process: -0.033845 --> -0.025698, len_BS = 4847
Blocksize strategy selection process: -0.033844 --> -0.025698, len_BS = 4847
Blocksize strategy selection process: -0.033843 --> -0.025698, len_BS = 4848
Blocksize strategy selection process: -0.033841 --> -0.025698, len_BS = 4862
Blocksize strategy selection process: -0.033838 --> -0.025698, len_BS = 4867
Blocksize strategy selection process: -0.033837 --> -0.025698, len_BS = 4877
Blocksize strategy selection process: -0.033834 --> -0.025698, len_BS = 4878
Blocksize strategy selection process: -0.033798 --> -0.025698, len_BS = 4887
Blocksize strategy selection process: -0.033797 --> -0.025698, len_BS = 4902
Blocksize strategy selection process: -0.033769 --> -0.025698, len_BS = 4903
Blocksize strategy selection process: -0.033766 --> -0.025698, len_BS = 4914
Blocksize strategy selection process: -0.033765 --> -0.025698, len_BS = 4915
Blocksize strategy selection process: -0.033761 --> -0.025698, len_BS = 4921
Blocksize strategy selection process: -0.033758 --> -0.025698, len_BS = 4933
Blocksize strategy selection process: -0.033757 --> -0.025698, len_BS = 4941
Blocksize strategy selection process: -0.033754 --> -0.025698, len_BS = 4941
Blocksize strategy selection process: -0.033686 --> -0.025698, len_BS = 4952
Blocksize strategy selection process: -0.033685 --> -0.025698, len_BS = 4940
Blocksize strategy selection process: -0.033684 --> -0.025698, len_BS = 4945
Blocksize strategy selection process: -0.033673 --> -0.025698, len_BS = 4945
Blocksize strategy selection process: -0.033658 --> -0.025698, len_BS = 4956
Blocksize strategy selection process: -0.033657 --> -0.025698, len_BS = 4955
Blocksize strategy selection process: -0.033656 --> -0.025698, len_BS = 4953
Blocksize strategy selection process: -0.033652 --> -0.025698, len_BS = 4955
Blocksize strategy selection process: -0.033592 --> -0.025698, len_BS = 4964
Blocksize strategy selection process: -0.033580 --> -0.025698, len_BS = 4981
Blocksize strategy selection process: -0.033579 --> -0.025698, len_BS = 4967
Blocksize strategy selection process: -0.033576 --> -0.025698, len_BS = 4968
Blocksize strategy selection process: -0.033533 --> -0.025698, len_BS = 4973
Blocksize strategy selection process: -0.033530 --> -0.025698, len_BS = 4982
Blocksize strategy selection process: -0.033529 --> -0.025698, len_BS = 4988
Blocksize strategy selection process: -0.033527 --> -0.025698, len_BS = 4989
Blocksize strategy selection process: -0.033523 --> -0.025698, len_BS = 4998
Blocksize strategy selection process: -0.033481 --> -0.025698, len_BS = 5009
Blocksize strategy selection process: -0.033450 --> -0.025698, len_BS = 5035
Blocksize strategy selection process: -0.033417 --> -0.025698, len_BS = 5064
Blocksize strategy selection process: -0.033416 --> -0.025698, len_BS = 5085
Blocksize strategy selection process: -0.033388 --> -0.025698, len_BS = 5086
Blocksize strategy selection process: -0.033387 --> -0.025698, len_BS = 5106
Blocksize strategy selection process: -0.033382 --> -0.025698, len_BS = 5110
Blocksize strategy selection process: -0.033341 --> -0.025698, len_BS = 5118
Blocksize strategy selection process: -0.033340 --> -0.025698, len_BS = 5131
Blocksize strategy selection process: -0.033313 --> -0.025698, len_BS = 5132
Blocksize strategy selection process: -0.033312 --> -0.025698, len_BS = 5156
Blocksize strategy selection process: -0.033311 --> -0.025698, len_BS = 5156
Blocksize strategy selection process: -0.033310 --> -0.025698, len_BS = 5157
Blocksize strategy selection process: -0.033306 --> -0.025698, len_BS = 5162
Blocksize strategy selection process: -0.033292 --> -0.025698, len_BS = 5169
Blocksize strategy selection process: -0.033283 --> -0.025698, len_BS = 5179
Blocksize strategy selection process: -0.033282 --> -0.025698, len_BS = 5188
Blocksize strategy selection process: -0.033281 --> -0.025698, len_BS = 5191
Blocksize strategy selection process: -0.033280 --> -0.025698, len_BS = 5192
Blocksize strategy selection process: -0.033237 --> -0.025698, len_BS = 5194
Blocksize strategy selection process: -0.033236 --> -0.025698, len_BS = 5201
Blocksize strategy selection process: -0.033235 --> -0.025698, len_BS = 5202
Blocksize strategy selection process: -0.033234 --> -0.025698, len_BS = 5203
Blocksize strategy selection process: -0.033231 --> -0.025698, len_BS = 5204
Blocksize strategy selection process: -0.033216 --> -0.025698, len_BS = 5211
Blocksize strategy selection process: -0.033208 --> -0.025698, len_BS = 5220
Blocksize strategy selection process: -0.033207 --> -0.025698, len_BS = 5234
Blocksize strategy selection process: -0.033206 --> -0.025698, len_BS = 5234
Blocksize strategy selection process: -0.033205 --> -0.025698, len_BS = 5236
Blocksize strategy selection process: -0.033204 --> -0.025698, len_BS = 5238
Blocksize strategy selection process: -0.033161 --> -0.025698, len_BS = 5239
Blocksize strategy selection process: -0.033160 --> -0.025698, len_BS = 5247
Blocksize strategy selection process: -0.033159 --> -0.025698, len_BS = 5247
Blocksize strategy selection process: -0.033158 --> -0.025698, len_BS = 5249
Blocksize strategy selection process: -0.033155 --> -0.025698, len_BS = 5250
Blocksize strategy selection process: -0.033068 --> -0.025698, len_BS = 5256
Blocksize strategy selection process: -0.033067 --> -0.025698, len_BS = 5263
Blocksize strategy selection process: -0.033066 --> -0.025698, len_BS = 5265
Blocksize strategy selection process: -0.033065 --> -0.025698, len_BS = 5262
Blocksize strategy selection process: -0.032889 --> -0.025698, len_BS = 5262
Blocksize strategy selection process: -0.032854 --> -0.025698, len_BS = 5228
Blocksize strategy selection process: -0.032853 --> -0.025698, len_BS = 5167
Blocksize strategy selection process: -0.032852 --> -0.025698, len_BS = 5168
Blocksize strategy selection process: -0.032851 --> -0.025698, len_BS = 5169
Blocksize strategy selection process: -0.032848 --> -0.025698, len_BS = 5172
Blocksize strategy selection process: -0.032835 --> -0.025698, len_BS = 5177
Blocksize strategy selection process: -0.032827 --> -0.025698, len_BS = 5187
Blocksize strategy selection process: -0.032826 --> -0.025698, len_BS = 5195
Blocksize strategy selection process: -0.032825 --> -0.025698, len_BS = 5195
Blocksize strategy selection process: -0.032824 --> -0.025698, len_BS = 5199
Blocksize strategy selection process: -0.032799 --> -0.025698, len_BS = 5203
Blocksize strategy selection process: -0.032796 --> -0.025698, len_BS = 5220
Blocksize strategy selection process: -0.032792 --> -0.025698, len_BS = 5224
Blocksize strategy selection process: -0.032791 --> -0.025698, len_BS = 5228
Blocksize strategy selection process: -0.032750 --> -0.025698, len_BS = 5230
Blocksize strategy selection process: -0.032749 --> -0.025698, len_BS = 5216
Blocksize strategy selection process: -0.032748 --> -0.025698, len_BS = 5217
Blocksize strategy selection process: -0.032747 --> -0.025698, len_BS = 5218
Blocksize strategy selection process: -0.032746 --> -0.025698, len_BS = 5237
Blocksize strategy selection process: -0.032745 --> -0.025698, len_BS = 5239
Blocksize strategy selection process: -0.032744 --> -0.025698, len_BS = 5240
Blocksize strategy selection process: -0.032673 --> -0.025698, len_BS = 5240
Blocksize strategy selection process: -0.032672 --> -0.025698, len_BS = 5219
Blocksize strategy selection process: -0.032671 --> -0.025698, len_BS = 5221
Blocksize strategy selection process: -0.032670 --> -0.025698, len_BS = 5222
Blocksize strategy selection process: -0.032669 --> -0.025698, len_BS = 5223
Blocksize strategy selection process: -0.032659 --> -0.025698, len_BS = 5225
Blocksize strategy selection process: -0.032658 --> -0.025698, len_BS = 5235
Blocksize strategy selection process: -0.032654 --> -0.025698, len_BS = 5239
Blocksize strategy selection process: -0.032618 --> -0.025698, len_BS = 5250
Blocksize strategy selection process: -0.032617 --> -0.025698, len_BS = 5268
Blocksize strategy selection process: -0.032576 --> -0.025698, len_BS = 5267
Blocksize strategy selection process: -0.032568 --> -0.025698, len_BS = 5286
Blocksize strategy selection process: -0.032561 --> -0.025698, len_BS = 5292
Blocksize strategy selection process: -0.032508 --> -0.025698, len_BS = 5300
Blocksize strategy selection process: -0.032507 --> -0.025698, len_BS = 5287
Blocksize strategy selection process: -0.032504 --> -0.025698, len_BS = 5294
Blocksize strategy selection process: -0.032487 --> -0.025698, len_BS = 5300
Blocksize strategy selection process: -0.032486 --> -0.025698, len_BS = 5306
Blocksize strategy selection process: -0.032485 --> -0.025698, len_BS = 5306
Blocksize strategy selection process: -0.032437 --> -0.025698, len_BS = 5306
Blocksize strategy selection process: -0.032436 --> -0.025698, len_BS = 5304
Blocksize strategy selection process: -0.032432 --> -0.025698, len_BS = 5308
Blocksize strategy selection process: -0.032430 --> -0.025698, len_BS = 5315
Blocksize strategy selection process: -0.032413 --> -0.025698, len_BS = 5320
Blocksize strategy selection process: -0.032412 --> -0.025698, len_BS = 5328
Blocksize strategy selection process: -0.032411 --> -0.025698, len_BS = 5329
Blocksize strategy selection process: -0.032378 --> -0.025698, len_BS = 5330
Blocksize strategy selection process: -0.032236 --> -0.025698, len_BS = 5347
Blocksize strategy selection process: -0.032235 --> -0.025698, len_BS = 5321
Blocksize strategy selection process: -0.032184 --> -0.025698, len_BS = 5321
Blocksize strategy selection process: -0.032174 --> -0.025698, len_BS = 5319
Blocksize strategy selection process: -0.032172 --> -0.025698, len_BS = 5240
Blocksize strategy selection process: -0.032171 --> -0.025698, len_BS = 5214
Blocksize strategy selection process: -0.032168 --> -0.025698, len_BS = 5215
Blocksize strategy selection process: -0.032166 --> -0.025698, len_BS = 5219
Blocksize strategy selection process: -0.032165 --> -0.025698, len_BS = 5223
Blocksize strategy selection process: -0.032160 --> -0.025698, len_BS = 5223
Blocksize strategy selection process: -0.032159 --> -0.025698, len_BS = 5231
Blocksize strategy selection process: -0.032158 --> -0.025698, len_BS = 5232
Blocksize strategy selection process: -0.032148 --> -0.025698, len_BS = 5232
Blocksize strategy selection process: -0.032143 --> -0.025698, len_BS = 5238
Blocksize strategy selection process: -0.032101 --> -0.025698, len_BS = 5246
Blocksize strategy selection process: -0.032100 --> -0.025698, len_BS = 5257
Blocksize strategy selection process: -0.032076 --> -0.025698, len_BS = 5253
Blocksize strategy selection process: -0.032071 --> -0.025698, len_BS = 5265
Blocksize strategy selection process: -0.032027 --> -0.025698, len_BS = 5278
Blocksize strategy selection process: -0.031907 --> -0.025698, len_BS = 5305
Blocksize strategy selection process: -0.031883 --> -0.025698, len_BS = 5253
Blocksize strategy selection process: -0.031882 --> -0.025698, len_BS = 5252
Blocksize strategy selection process: -0.031841 --> -0.025698, len_BS = 5267
Blocksize strategy selection process: -0.031840 --> -0.025698, len_BS = 5283
Blocksize strategy selection process: -0.031838 --> -0.025698, len_BS = 5285
Blocksize strategy selection process: -0.031833 --> -0.025698, len_BS = 5288
Blocksize strategy selection process: -0.031828 --> -0.025698, len_BS = 5292
Blocksize strategy selection process: -0.031632 --> -0.025698, len_BS = 5293
Blocksize strategy selection process: -0.031444 --> -0.025698, len_BS = 5162
Blocksize strategy selection process: -0.031442 --> -0.025698, len_BS = 5074
Blocksize strategy selection process: -0.031439 --> -0.025698, len_BS = 5074
Blocksize strategy selection process: -0.031422 --> -0.025698, len_BS = 5080
Blocksize strategy selection process: -0.031345 --> -0.025698, len_BS = 5092
Blocksize strategy selection process: -0.031272 --> -0.025698, len_BS = 5082
Blocksize strategy selection process: -0.031270 --> -0.025698, len_BS = 5095
Blocksize strategy selection process: -0.031225 --> -0.025698, len_BS = 5105
Blocksize strategy selection process: -0.031224 --> -0.025698, len_BS = 5104
Blocksize strategy selection process: -0.031223 --> -0.025698, len_BS = 5105
Blocksize strategy selection process: -0.031221 --> -0.025698, len_BS = 5106
Blocksize strategy selection process: -0.031220 --> -0.025698, len_BS = 5109
Blocksize strategy selection process: -0.031208 --> -0.025698, len_BS = 5110
Blocksize strategy selection process: -0.031204 --> -0.025698, len_BS = 5121
Blocksize strategy selection process: -0.031127 --> -0.025698, len_BS = 5127
Blocksize strategy selection process: -0.031077 --> -0.025698, len_BS = 5131
Blocksize strategy selection process: -0.031068 --> -0.025698, len_BS = 5131
Blocksize strategy selection process: -0.031067 --> -0.025698, len_BS = 5136
Blocksize strategy selection process: -0.031064 --> -0.025698, len_BS = 5136
Blocksize strategy selection process: -0.031063 --> -0.025698, len_BS = 5139
Blocksize strategy selection process: -0.031020 --> -0.025698, len_BS = 5139
Blocksize strategy selection process: -0.031019 --> -0.025698, len_BS = 5152
Blocksize strategy selection process: -0.031015 --> -0.025698, len_BS = 5153
Blocksize strategy selection process: -0.031012 --> -0.025698, len_BS = 5155
Blocksize strategy selection process: -0.031011 --> -0.025698, len_BS = 5163
Blocksize strategy selection process: -0.031010 --> -0.025698, len_BS = 5165
Blocksize strategy selection process: -0.030953 --> -0.025698, len_BS = 5166
Blocksize strategy selection process: -0.030943 --> -0.025698, len_BS = 5175
Blocksize strategy selection process: -0.030942 --> -0.025698, len_BS = 5189
Blocksize strategy selection process: -0.030941 --> -0.025698, len_BS = 5190
Blocksize strategy selection process: -0.030890 --> -0.025698, len_BS = 5190
Blocksize strategy selection process: -0.030811 --> -0.025698, len_BS = 5206
Blocksize strategy selection process: -0.030805 --> -0.025698, len_BS = 5198
Blocksize strategy selection process: -0.030804 --> -0.025698, len_BS = 5204
Blocksize strategy selection process: -0.030802 --> -0.025698, len_BS = 5204
Blocksize strategy selection process: -0.030789 --> -0.025698, len_BS = 5209
Blocksize strategy selection process: -0.030788 --> -0.025698, len_BS = 5209
Blocksize strategy selection process: -0.030786 --> -0.025698, len_BS = 5209
Blocksize strategy selection process: -0.030585 --> -0.025698, len_BS = 5210
Blocksize strategy selection process: -0.030445 --> -0.025698, len_BS = 5082
Blocksize strategy selection process: -0.030444 --> -0.025698, len_BS = 5057
Blocksize strategy selection process: -0.030443 --> -0.025698, len_BS = 5058
Blocksize strategy selection process: -0.030432 --> -0.025698, len_BS = 5060
Blocksize strategy selection process: -0.030431 --> -0.025698, len_BS = 5078
Blocksize strategy selection process: -0.030422 --> -0.025698, len_BS = 5078
Blocksize strategy selection process: -0.030395 --> -0.025698, len_BS = 5086
Blocksize strategy selection process: -0.030352 --> -0.025698, len_BS = 5097
Blocksize strategy selection process: -0.030345 --> -0.025698, len_BS = 5093
Blocksize strategy selection process: -0.030316 --> -0.025698, len_BS = 5102
Blocksize strategy selection process: -0.030314 --> -0.025698, len_BS = 5107
Blocksize strategy selection process: -0.030300 --> -0.025698, len_BS = 5110
Blocksize strategy selection process: -0.030290 --> -0.025698, len_BS = 5118
Blocksize strategy selection process: -0.030209 --> -0.025698, len_BS = 5124
Blocksize strategy selection process: -0.030181 --> -0.025698, len_BS = 5088
Blocksize strategy selection process: -0.030179 --> -0.025698, len_BS = 5095
Blocksize strategy selection process: -0.030156 --> -0.025698, len_BS = 5097
Blocksize strategy selection process: -0.030154 --> -0.025698, len_BS = 5109
Blocksize strategy selection process: -0.030114 --> -0.025698, len_BS = 5110
Blocksize strategy selection process: -0.030073 --> -0.025698, len_BS = 5120
Blocksize strategy selection process: -0.030047 --> -0.025698, len_BS = 5136
Blocksize strategy selection process: -0.030044 --> -0.025698, len_BS = 5149
Blocksize strategy selection process: -0.030017 --> -0.025698, len_BS = 5151
Blocksize strategy selection process: -0.030015 --> -0.025698, len_BS = 5162
Blocksize strategy selection process: -0.029965 --> -0.025698, len_BS = 5166
Blocksize strategy selection process: -0.029956 --> -0.025698, len_BS = 5160
Blocksize strategy selection process: -0.029887 --> -0.025698, len_BS = 5168
Blocksize strategy selection process: -0.029846 --> -0.025698, len_BS = 5171
Blocksize strategy selection process: -0.029843 --> -0.025698, len_BS = 5189
Blocksize strategy selection process: -0.029779 --> -0.025698, len_BS = 5185
Blocksize strategy selection process: -0.029778 --> -0.025698, len_BS = 5195
Blocksize strategy selection process: -0.029699 --> -0.025698, len_BS = 5209
Blocksize strategy selection process: -0.029686 --> -0.025698, len_BS = 5209
Blocksize strategy selection process: -0.029685 --> -0.025698, len_BS = 5222
Blocksize strategy selection process: -0.029684 --> -0.025698, len_BS = 5222
Blocksize strategy selection process: -0.029683 --> -0.025698, len_BS = 5224
Blocksize strategy selection process: -0.029670 --> -0.025698, len_BS = 5224
Blocksize strategy selection process: -0.029664 --> -0.025698, len_BS = 5238
Blocksize strategy selection process: -0.029659 --> -0.025698, len_BS = 5244
Blocksize strategy selection process: -0.029658 --> -0.025698, len_BS = 5251
Blocksize strategy selection process: -0.029657 --> -0.025698, len_BS = 5251
Blocksize strategy selection process: -0.029649 --> -0.025698, len_BS = 5251
Blocksize strategy selection process: -0.029648 --> -0.025698, len_BS = 5260
Blocksize strategy selection process: -0.029605 --> -0.025698, len_BS = 5261
Blocksize strategy selection process: -0.029598 --> -0.025698, len_BS = 5277
Blocksize strategy selection process: -0.029593 --> -0.025698, len_BS = 5284
Blocksize strategy selection process: -0.029592 --> -0.025698, len_BS = 5289
Blocksize strategy selection process: -0.029584 --> -0.025698, len_BS = 5289
Blocksize strategy selection process: -0.029583 --> -0.025698, len_BS = 5298
Blocksize strategy selection process: -0.029468 --> -0.025698, len_BS = 5298
Blocksize strategy selection process: -0.029445 --> -0.025698, len_BS = 5276
Blocksize strategy selection process: -0.029423 --> -0.025698, len_BS = 5287
Blocksize strategy selection process: -0.029422 --> -0.025698, len_BS = 5300
Blocksize strategy selection process: -0.029409 --> -0.025698, len_BS = 5301
Blocksize strategy selection process: -0.029403 --> -0.025698, len_BS = 5309
Blocksize strategy selection process: -0.029402 --> -0.025698, len_BS = 5314
Blocksize strategy selection process: -0.029398 --> -0.025698, len_BS = 5314
Blocksize strategy selection process: -0.029397 --> -0.025698, len_BS = 5316
Blocksize strategy selection process: -0.029396 --> -0.025698, len_BS = 5316
Blocksize strategy selection process: -0.029391 --> -0.025698, len_BS = 5316
Blocksize strategy selection process: -0.029390 --> -0.025698, len_BS = 5322
Blocksize strategy selection process: -0.029389 --> -0.025698, len_BS = 5323
Blocksize strategy selection process: -0.029388 --> -0.025698, len_BS = 5323
Blocksize strategy selection process: -0.029383 --> -0.025698, len_BS = 5323
Blocksize strategy selection process: -0.029338 --> -0.025698, len_BS = 5324
Blocksize strategy selection process: -0.029274 --> -0.025698, len_BS = 5329
Blocksize strategy selection process: -0.029273 --> -0.025698, len_BS = 5333
Blocksize strategy selection process: -0.029269 --> -0.025698, len_BS = 5333
Blocksize strategy selection process: -0.029268 --> -0.025698, len_BS = 5335
Blocksize strategy selection process: -0.029267 --> -0.025698, len_BS = 5336
Blocksize strategy selection process: -0.029255 --> -0.025698, len_BS = 5337
Blocksize strategy selection process: -0.029215 --> -0.025698, len_BS = 5342
Blocksize strategy selection process: -0.029203 --> -0.025698, len_BS = 5351
Blocksize strategy selection process: -0.029180 --> -0.025698, len_BS = 5354
Blocksize strategy selection process: -0.029175 --> -0.025698, len_BS = 5368
Blocksize strategy selection process: -0.029172 --> -0.025698, len_BS = 5366
Blocksize strategy selection process: -0.029170 --> -0.025698, len_BS = 5366
Blocksize strategy selection process: -0.029133 --> -0.025698, len_BS = 5366
Blocksize strategy selection process: -0.029128 --> -0.025698, len_BS = 5374
Blocksize strategy selection process: -0.029113 --> -0.025698, len_BS = 5375
Blocksize strategy selection process: -0.029075 --> -0.025698, len_BS = 5380
Blocksize strategy selection process: -0.029073 --> -0.025698, len_BS = 5386
Blocksize strategy selection process: -0.029070 --> -0.025698, len_BS = 5388
Blocksize strategy selection process: -0.028991 --> -0.025698, len_BS = 5388
Blocksize strategy selection process: -0.028990 --> -0.025698, len_BS = 5392
Blocksize strategy selection process: -0.028951 --> -0.025698, len_BS = 5395
Blocksize strategy selection process: -0.028950 --> -0.025698, len_BS = 5398
Blocksize strategy selection process: -0.028949 --> -0.025698, len_BS = 5398
Blocksize strategy selection process: -0.028942 --> -0.025698, len_BS = 5399
Blocksize strategy selection process: -0.028940 --> -0.025698, len_BS = 5399
Blocksize strategy selection process: -0.028903 --> -0.025698, len_BS = 5399
Blocksize strategy selection process: -0.028881 --> -0.025698, len_BS = 5401
Blocksize strategy selection process: -0.028880 --> -0.025698, len_BS = 5410
Blocksize strategy selection process: -0.028879 --> -0.025698, len_BS = 5410
Blocksize strategy selection process: -0.028841 --> -0.025698, len_BS = 5410
Blocksize strategy selection process: -0.028828 --> -0.025698, len_BS = 5411
Blocksize strategy selection process: -0.028826 --> -0.025698, len_BS = 5414
Blocksize strategy selection process: -0.028820 --> -0.025698, len_BS = 5415
Blocksize strategy selection process: -0.028780 --> -0.025698, len_BS = 5417
Blocksize strategy selection process: -0.028759 --> -0.025698, len_BS = 5419
Blocksize strategy selection process: -0.028746 --> -0.025698, len_BS = 5421
Blocksize strategy selection process: -0.028744 --> -0.025698, len_BS = 5427
Blocksize strategy selection process: -0.028743 --> -0.025698, len_BS = 5427
Blocksize strategy selection process: -0.028742 --> -0.025698, len_BS = 5427
Blocksize strategy selection process: -0.028741 --> -0.025698, len_BS = 5428
Blocksize strategy selection process: -0.028705 --> -0.025698, len_BS = 5428
Blocksize strategy selection process: -0.028704 --> -0.025698, len_BS = 5432
Blocksize strategy selection process: -0.028702 --> -0.025698, len_BS = 5432
Blocksize strategy selection process: -0.028694 --> -0.025698, len_BS = 5432
Blocksize strategy selection process: -0.028685 --> -0.025698, len_BS = 5436
Blocksize strategy selection process: -0.028683 --> -0.025698, len_BS = 5441
Blocksize strategy selection process: -0.028681 --> -0.025698, len_BS = 5442
Blocksize strategy selection process: -0.028644 --> -0.025698, len_BS = 5442
Blocksize strategy selection process: -0.028643 --> -0.025698, len_BS = 5449
Blocksize strategy selection process: -0.028641 --> -0.025698, len_BS = 5449
Blocksize strategy selection process: -0.028531 --> -0.025698, len_BS = 5450
Blocksize strategy selection process: -0.028518 --> -0.025698, len_BS = 5441
Blocksize strategy selection process: -0.028517 --> -0.025698, len_BS = 5446
Blocksize strategy selection process: -0.028436 --> -0.025698, len_BS = 5446
Blocksize strategy selection process: -0.028376 --> -0.025698, len_BS = 5448
Blocksize strategy selection process: -0.028295 --> -0.025698, len_BS = 5456
Blocksize strategy selection process: -0.028286 --> -0.025698, len_BS = 5460
Blocksize strategy selection process: -0.028280 --> -0.025698, len_BS = 5460
Blocksize strategy selection process: -0.028277 --> -0.025698, len_BS = 5461
Blocksize strategy selection process: -0.028267 --> -0.025698, len_BS = 5461
Blocksize strategy selection process: -0.028257 --> -0.025698, len_BS = 5465
Blocksize strategy selection process: -0.028222 --> -0.025698, len_BS = 5466
Blocksize strategy selection process: -0.028221 --> -0.025698, len_BS = 5474
Blocksize strategy selection process: -0.028209 --> -0.025698, len_BS = 5474
Blocksize strategy selection process: -0.028206 --> -0.025698, len_BS = 5475
Blocksize strategy selection process: -0.028167 --> -0.025698, len_BS = 5476
Blocksize strategy selection process: -0.028163 --> -0.025698, len_BS = 5483
Blocksize strategy selection process: -0.028162 --> -0.025698, len_BS = 5484
Blocksize strategy selection process: -0.028148 --> -0.025698, len_BS = 5484
Blocksize strategy selection process: -0.028111 --> -0.025698, len_BS = 5484
Blocksize strategy selection process: -0.028107 --> -0.025698, len_BS = 5489
Blocksize strategy selection process: -0.028105 --> -0.025698, len_BS = 5489
Blocksize strategy selection process: -0.028065 --> -0.025698, len_BS = 5489
Blocksize strategy selection process: -0.028050 --> -0.025698, len_BS = 5495
Blocksize strategy selection process: -0.028049 --> -0.025698, len_BS = 5497
Blocksize strategy selection process: -0.028041 --> -0.025698, len_BS = 5497
Blocksize strategy selection process: -0.028039 --> -0.025698, len_BS = 5498
Blocksize strategy selection process: -0.027998 --> -0.025698, len_BS = 5498
Blocksize strategy selection process: -0.027996 --> -0.025698, len_BS = 5503
Blocksize strategy selection process: -0.027992 --> -0.025698, len_BS = 5505
Blocksize strategy selection process: -0.027984 --> -0.025698, len_BS = 5505
Blocksize strategy selection process: -0.027983 --> -0.025698, len_BS = 5505
Blocksize strategy selection process: -0.027978 --> -0.025698, len_BS = 5505
Blocksize strategy selection process: -0.027942 --> -0.025698, len_BS = 5506
Blocksize strategy selection process: -0.027941 --> -0.025698, len_BS = 5510
Blocksize strategy selection process: -0.027939 --> -0.025698, len_BS = 5510
Blocksize strategy selection process: -0.027925 --> -0.025698, len_BS = 5510
Blocksize strategy selection process: -0.027920 --> -0.025698, len_BS = 5512
Blocksize strategy selection process: -0.027886 --> -0.025698, len_BS = 5513
Blocksize strategy selection process: -0.027885 --> -0.025698, len_BS = 5518
Blocksize strategy selection process: -0.027776 --> -0.025698, len_BS = 5518
Blocksize strategy selection process: -0.027767 --> -0.025698, len_BS = 5519
Blocksize strategy selection process: -0.027766 --> -0.025698, len_BS = 5520
Blocksize strategy selection process: -0.027749 --> -0.025698, len_BS = 5520
Blocksize strategy selection process: -0.027720 --> -0.025698, len_BS = 5521
Blocksize strategy selection process: -0.027719 --> -0.025698, len_BS = 5522
Blocksize strategy selection process: -0.027716 --> -0.025698, len_BS = 5522
Blocksize strategy selection process: -0.027715 --> -0.025698, len_BS = 5522
Blocksize strategy selection process: -0.027706 --> -0.025698, len_BS = 5522
Blocksize strategy selection process: -0.027703 --> -0.025698, len_BS = 5524
Blocksize strategy selection process: -0.027701 --> -0.025698, len_BS = 5524
Blocksize strategy selection process: -0.027700 --> -0.025698, len_BS = 5524
Blocksize strategy selection process: -0.027699 --> -0.025698, len_BS = 5524
Blocksize strategy selection process: -0.027698 --> -0.025698, len_BS = 5524
Blocksize strategy selection process: -0.027695 --> -0.025698, len_BS = 5524
Blocksize strategy selection process: -0.027660 --> -0.025698, len_BS = 5524
Blocksize strategy selection process: -0.027649 --> -0.025698, len_BS = 5529
Blocksize strategy selection process: -0.027647 --> -0.025698, len_BS = 5529
Blocksize strategy selection process: -0.027612 --> -0.025698, len_BS = 5529
Blocksize strategy selection process: -0.027599 --> -0.025698, len_BS = 5531
Blocksize strategy selection process: -0.027596 --> -0.025698, len_BS = 5531
Blocksize strategy selection process: -0.027585 --> -0.025698, len_BS = 5531
Blocksize strategy selection process: -0.027576 --> -0.025698, len_BS = 5531
Blocksize strategy selection process: -0.027575 --> -0.025698, len_BS = 5531
Blocksize strategy selection process: -0.027574 --> -0.025698, len_BS = 5531
Blocksize strategy selection process: -0.027573 --> -0.025698, len_BS = 5531
Blocksize strategy selection process: -0.027541 --> -0.025698, len_BS = 5531
Blocksize strategy selection process: -0.027539 --> -0.025698, len_BS = 5532
Blocksize strategy selection process: -0.027506 --> -0.025698, len_BS = 5532
Blocksize strategy selection process: -0.027502 --> -0.025698, len_BS = 5533
Blocksize strategy selection process: -0.027494 --> -0.025698, len_BS = 5533
Blocksize strategy selection process: -0.027454 --> -0.025698, len_BS = 5533
Blocksize strategy selection process: -0.027443 --> -0.025698, len_BS = 5535
Blocksize strategy selection process: -0.027442 --> -0.025698, len_BS = 5535
Blocksize strategy selection process: -0.027440 --> -0.025698, len_BS = 5535
Blocksize strategy selection process: -0.027433 --> -0.025698, len_BS = 5535
Blocksize strategy selection process: -0.027398 --> -0.025698, len_BS = 5536
Blocksize strategy selection process: -0.027392 --> -0.025698, len_BS = 5536
Blocksize strategy selection process: -0.027346 --> -0.025698, len_BS = 5536
Blocksize strategy selection process: -0.027331 --> -0.025698, len_BS = 5539
Blocksize strategy selection process: -0.027326 --> -0.025698, len_BS = 5541
Blocksize strategy selection process: -0.027297 --> -0.025698, len_BS = 5542
Blocksize strategy selection process: -0.027278 --> -0.025698, len_BS = 5542
Blocksize strategy selection process: -0.027248 --> -0.025698, len_BS = 5543
Blocksize strategy selection process: -0.027127 --> -0.025698, len_BS = 5543
Blocksize strategy selection process: -0.027039 --> -0.025698, len_BS = 5543
Blocksize strategy selection process: -0.027035 --> -0.025698, len_BS = 5544
Blocksize strategy selection process: -0.027034 --> -0.025698, len_BS = 5544
Blocksize strategy selection process: -0.026981 --> -0.025698, len_BS = 5544
Blocksize strategy selection process: -0.026966 --> -0.025698, len_BS = 5544
Blocksize strategy selection process: -0.026959 --> -0.025698, len_BS = 5544
Blocksize strategy selection process: -0.026955 --> -0.025698, len_BS = 5544
Blocksize strategy selection process: -0.026953 --> -0.025698, len_BS = 5544
Blocksize strategy selection process: -0.026950 --> -0.025698, len_BS = 5544
Blocksize strategy selection process: -0.026946 --> -0.025698, len_BS = 5544
Blocksize strategy selection process: -0.026889 --> -0.025698, len_BS = 5544
Blocksize strategy selection process: -0.026822 --> -0.025698, len_BS = 5544
Blocksize strategy selection process: -0.026777 --> -0.025698, len_BS = 5544
Blocksize strategy selection process: -0.026774 --> -0.025698, len_BS = 5544
Blocksize strategy selection process: -0.026749 --> -0.025698, len_BS = 5544
Blocksize strategy selection process: -0.026738 --> -0.025698, len_BS = 5544
Blocksize strategy selection process: -0.026734 --> -0.025698, len_BS = 5544
Blocksize strategy selection process: -0.026732 --> -0.025698, len_BS = 5544
Blocksize strategy selection process: -0.026722 --> -0.025698, len_BS = 5544
Blocksize strategy selection process: -0.026721 --> -0.025698, len_BS = 5544
Blocksize strategy selection process: -0.026697 --> -0.025698, len_BS = 5544
Blocksize strategy selection process: -0.026695 --> -0.025698, len_BS = 5544
Blocksize strategy selection process: -0.026692 --> -0.025698, len_BS = 5544
Blocksize strategy selection process: -0.026681 --> -0.025698, len_BS = 5544
Blocksize strategy selection process: -0.026656 --> -0.025698, len_BS = 5544
Blocksize strategy selection process: -0.026653 --> -0.025698, len_BS = 5544
Blocksize strategy selection process: -0.026578 --> -0.025698, len_BS = 5544
Blocksize strategy selection process: -0.026576 --> -0.025698, len_BS = 5544
Blocksize strategy selection process: -0.026463 --> -0.025698, len_BS = 5544
Blocksize strategy selection process: -0.026428 --> -0.025698, len_BS = 5544
Blocksize strategy selection process: -0.026374 --> -0.025698, len_BS = 5545
Blocksize strategy selection process: -0.026324 --> -0.025698, len_BS = 5545
Blocksize strategy selection process: -0.026307 --> -0.025698, len_BS = 5545
Blocksize strategy selection process: -0.026300 --> -0.025698, len_BS = 5545
Blocksize strategy selection process: -0.026299 --> -0.025698, len_BS = 5545
Blocksize strategy selection process: -0.026298 --> -0.025698, len_BS = 5545
Blocksize strategy selection process: -0.026297 --> -0.025698, len_BS = 5545
Blocksize strategy selection process: -0.026296 --> -0.025698, len_BS = 5545
Blocksize strategy selection process: -0.026295 --> -0.025698, len_BS = 5545
Blocksize strategy selection process: -0.026294 --> -0.025698, len_BS = 5545
Blocksize strategy selection process: -0.026293 --> -0.025698, len_BS = 5545
Blocksize strategy selection process: -0.026292 --> -0.025698, len_BS = 5545
Blocksize strategy selection process: -0.026291 --> -0.025698, len_BS = 5545
Blocksize strategy selection process: -0.026290 --> -0.025698, len_BS = 5545
Blocksize strategy selection process: -0.026289 --> -0.025698, len_BS = 5545
Blocksize strategy selection process: -0.026288 --> -0.025698, len_BS = 5545
Blocksize strategy selection process: -0.026287 --> -0.025698, len_BS = 5545
Blocksize strategy selection process: -0.026286 --> -0.025698, len_BS = 5545
Blocksize strategy selection process: -0.026268 --> -0.025698, len_BS = 5545
Blocksize strategy selection process: -0.026267 --> -0.025698, len_BS = 5545
Blocksize strategy selection process: -0.026266 --> -0.025698, len_BS = 5545
Blocksize strategy selection process: -0.026265 --> -0.025698, len_BS = 5545
Blocksize strategy selection process: -0.026264 --> -0.025698, len_BS = 5545
Blocksize strategy selection process: -0.026263 --> -0.025698, len_BS = 5545
Blocksize strategy selection process: -0.026262 --> -0.025698, len_BS = 5545
Blocksize strategy selection process: -0.026243 --> -0.025698, len_BS = 5545
Blocksize strategy selection process: -0.026226 --> -0.025698, len_BS = 5545
Blocksize strategy selection process: -0.026195 --> -0.025698, len_BS = 5545
Blocksize strategy selection process: -0.026182 --> -0.025698, len_BS = 5545
Blocksize strategy selection process: -0.026175 --> -0.025698, len_BS = 5545
Blocksize strategy selection process: -0.026174 --> -0.025698, len_BS = 5545
Blocksize strategy selection process: -0.026173 --> -0.025698, len_BS = 5545
Blocksize strategy selection process: -0.026172 --> -0.025698, len_BS = 5545
Blocksize strategy selection process: -0.026171 --> -0.025698, len_BS = 5545
Blocksize strategy selection process: -0.026170 --> -0.025698, len_BS = 5545
Blocksize strategy selection process: -0.026169 --> -0.025698, len_BS = 5545
Blocksize strategy selection process: -0.026168 --> -0.025698, len_BS = 5545
Blocksize strategy selection process: -0.026167 --> -0.025698, len_BS = 5545
Blocksize strategy selection process: -0.026166 --> -0.025698, len_BS = 5545
Blocksize strategy selection process: -0.026165 --> -0.025698, len_BS = 5545
Blocksize strategy selection process: -0.026164 --> -0.025698, len_BS = 5545
Blocksize strategy selection process: -0.026163 --> -0.025698, len_BS = 5545
Blocksize strategy selection process: -0.026162 --> -0.025698, len_BS = 5545
Blocksize strategy selection process: -0.026161 --> -0.025698, len_BS = 5545
Blocksize strategy selection process: -0.026145 --> -0.025698, len_BS = 5545
Blocksize strategy selection process: -0.026144 --> -0.025698, len_BS = 5545
Blocksize strategy selection process: -0.026143 --> -0.025698, len_BS = 5545
Blocksize strategy selection process: -0.026142 --> -0.025698, len_BS = 5545
Blocksize strategy selection process: -0.026141 --> -0.025698, len_BS = 5545
Blocksize strategy selection process: -0.026140 --> -0.025698, len_BS = 5545
Blocksize strategy selection process: -0.026139 --> -0.025698, len_BS = 5545
Blocksize strategy selection process: -0.026138 --> -0.025698, len_BS = 5545
Blocksize strategy selection process: -0.026137 --> -0.025698, len_BS = 5545
Blocksize strategy selection process: -0.026136 --> -0.025698, len_BS = 5545
Blocksize strategy selection process: -0.026135 --> -0.025698, len_BS = 5545
Blocksize strategy selection process: -0.026134 --> -0.025698, len_BS = 5545
Blocksize strategy selection process: -0.026117 --> -0.025698, len_BS = 5545
Blocksize strategy selection process: -0.026116 --> -0.025698, len_BS = 5545
Blocksize strategy selection process: -0.026115 --> -0.025698, len_BS = 5545
Blocksize strategy selection process: -0.026114 --> -0.025698, len_BS = 5545
Blocksize strategy selection process: -0.026113 --> -0.025698, len_BS = 5545
Blocksize strategy selection process: -0.026112 --> -0.025698, len_BS = 5545
Blocksize strategy selection process: -0.026111 --> -0.025698, len_BS = 5545
Blocksize strategy selection process: -0.026110 --> -0.025698, len_BS = 5545
Blocksize strategy selection process: -0.026109 --> -0.025698, len_BS = 5545
Blocksize strategy selection process: -0.026063 --> -0.025698, len_BS = 5545
Blocksize strategy selection process: -0.026062 --> -0.025698, len_BS = 5545
Blocksize strategy selection process: -0.026061 --> -0.025698, len_BS = 5545
Blocksize strategy selection process: -0.026060 --> -0.025698, len_BS = 5545
Blocksize strategy selection process: -0.026059 --> -0.025698, len_BS = 5545
Blocksize strategy selection process: -0.026058 --> -0.025698, len_BS = 5545
Blocksize strategy selection process: -0.026056 --> -0.025698, len_BS = 5545
Blocksize strategy selection process: -0.026055 --> -0.025698, len_BS = 5545
Blocksize strategy selection process: -0.026054 --> -0.025698, len_BS = 5545
Blocksize strategy selection process: -0.026053 --> -0.025698, len_BS = 5545
Blocksize strategy selection process: -0.026052 --> -0.025698, len_BS = 5545
Blocksize strategy selection process: -0.026051 --> -0.025698, len_BS = 5545
Blocksize strategy selection process: -0.026050 --> -0.025698, len_BS = 5545
Blocksize strategy selection process: -0.026049 --> -0.025698, len_BS = 5545
Blocksize strategy selection process: -0.026047 --> -0.025698, len_BS = 5545
Blocksize strategy selection process: -0.026046 --> -0.025698, len_BS = 5545
Blocksize strategy selection process: -0.026045 --> -0.025698, len_BS = 5545
Blocksize strategy selection process: -0.026044 --> -0.025698, len_BS = 5545
Blocksize strategy selection process: -0.026043 --> -0.025698, len_BS = 5545
Blocksize strategy selection process: -0.026042 --> -0.025698, len_BS = 5545
Blocksize strategy selection process: -0.026041 --> -0.025698, len_BS = 5545
Blocksize strategy selection process: -0.026039 --> -0.025698, len_BS = 5545
Blocksize strategy selection process: -0.026038 --> -0.025698, len_BS = 5545
Blocksize strategy selection process: -0.026037 --> -0.025698, len_BS = 5545
Blocksize strategy selection process: -0.026036 --> -0.025698, len_BS = 5545
Blocksize strategy selection process: -0.026035 --> -0.025698, len_BS = 5545
Blocksize strategy selection process: -0.026034 --> -0.025698, len_BS = 5545
Blocksize strategy selection process: -0.026033 --> -0.025698, len_BS = 5545
Blocksize strategy selection process: -0.026032 --> -0.025698, len_BS = 5545
Blocksize strategy selection process: -0.026031 --> -0.025698, len_BS = 5545
Blocksize strategy selection process: -0.026030 --> -0.025698, len_BS = 5545
Blocksize strategy selection process: -0.026029 --> -0.025698, len_BS = 5545
Blocksize strategy selection process: -0.026028 --> -0.025698, len_BS = 5545
Blocksize strategy selection process: -0.026027 --> -0.025698, len_BS = 5545
Blocksize strategy selection process: -0.026026 --> -0.025698, len_BS = 5545
Blocksize strategy selection process: -0.026012 --> -0.025698, len_BS = 5545
Blocksize strategy selection process: -0.026011 --> -0.025698, len_BS = 5545
Blocksize strategy selection process: -0.026010 --> -0.025698, len_BS = 5545
Blocksize strategy selection process: -0.026009 --> -0.025698, len_BS = 5545
Blocksize strategy selection process: -0.026008 --> -0.025698, len_BS = 5545
Blocksize strategy selection process: -0.026007 --> -0.025698, len_BS = 5545
Blocksize strategy selection process: -0.026006 --> -0.025698, len_BS = 5545
Blocksize strategy selection process: -0.026005 --> -0.025698, len_BS = 5545
Blocksize strategy selection process: -0.026004 --> -0.025698, len_BS = 5545
Blocksize strategy selection process: -0.026003 --> -0.025698, len_BS = 5545
Blocksize strategy selection process: -0.026002 --> -0.025698, len_BS = 5545
Blocksize strategy selection process: -0.026001 --> -0.025698, len_BS = 5545
Blocksize strategy selection process: -0.025988 --> -0.025698, len_BS = 5545
Blocksize strategy selection process: -0.025987 --> -0.025698, len_BS = 5545
Blocksize strategy selection process: -0.025986 --> -0.025698, len_BS = 5545
Blocksize strategy selection process: -0.025985 --> -0.025698, len_BS = 5545
Blocksize strategy selection process: -0.025984 --> -0.025698, len_BS = 5545
Blocksize strategy selection process: -0.025983 --> -0.025698, len_BS = 5545
Blocksize strategy selection process: -0.025982 --> -0.025698, len_BS = 5545
Blocksize strategy selection process: -0.025981 --> -0.025698, len_BS = 5545
Blocksize strategy selection process: -0.025980 --> -0.025698, len_BS = 5545
Blocksize strategy selection process: -0.025979 --> -0.025698, len_BS = 5545
Blocksize strategy selection process: -0.025978 --> -0.025698, len_BS = 5545
Blocksize strategy selection process: -0.025977 --> -0.025698, len_BS = 5545
Blocksize strategy selection process: -0.025976 --> -0.025698, len_BS = 5545
Blocksize strategy selection process: -0.025964 --> -0.025698, len_BS = 5545
Blocksize strategy selection process: -0.025963 --> -0.025698, len_BS = 5545
Blocksize strategy selection process: -0.025962 --> -0.025698, len_BS = 5545
Blocksize strategy selection process: -0.025961 --> -0.025698, len_BS = 5545
Blocksize strategy selection process: -0.025960 --> -0.025698, len_BS = 5545
Blocksize strategy selection process: -0.025959 --> -0.025698, len_BS = 5545
Blocksize strategy selection process: -0.025958 --> -0.025698, len_BS = 5545
Blocksize strategy selection process: -0.025957 --> -0.025698, len_BS = 5545
Blocksize strategy selection process: -0.025956 --> -0.025698, len_BS = 5545
Blocksize strategy selection process: -0.025955 --> -0.025698, len_BS = 5545
Blocksize strategy selection process: -0.025942 --> -0.025698, len_BS = 5545
Blocksize strategy selection process: -0.025941 --> -0.025698, len_BS = 5545
Blocksize strategy selection process: -0.025940 --> -0.025698, len_BS = 5545
Blocksize strategy selection process: -0.025939 --> -0.025698, len_BS = 5545
Blocksize strategy selection process: -0.025938 --> -0.025698, len_BS = 5545
Blocksize strategy selection process: -0.025937 --> -0.025698, len_BS = 5545
Blocksize strategy selection process: -0.025936 --> -0.025698, len_BS = 5545
Blocksize strategy selection process: -0.025935 --> -0.025698, len_BS = 5545
Blocksize strategy selection process: -0.025934 --> -0.025698, len_BS = 5545
Blocksize strategy selection process: -0.025933 --> -0.025698, len_BS = 5545
Blocksize strategy selection process: -0.025932 --> -0.025698, len_BS = 5545
Blocksize strategy selection process: -0.025920 --> -0.025698, len_BS = 5545
Blocksize strategy selection process: -0.025919 --> -0.025698, len_BS = 5545
Blocksize strategy selection process: -0.025918 --> -0.025698, len_BS = 5545
Blocksize strategy selection process: -0.025917 --> -0.025698, len_BS = 5545
Blocksize strategy selection process: -0.025916 --> -0.025698, len_BS = 5545
Blocksize strategy selection process: -0.025915 --> -0.025698, len_BS = 5545
Blocksize strategy selection process: -0.025914 --> -0.025698, len_BS = 5545
Blocksize strategy selection process: -0.025913 --> -0.025698, len_BS = 5545
Blocksize strategy selection process: -0.025912 --> -0.025698, len_BS = 5545
Blocksize strategy selection process: -0.025911 --> -0.025698, len_BS = 5545
Blocksize strategy selection process: -0.025900 --> -0.025698, len_BS = 5545
Blocksize strategy selection process: -0.025899 --> -0.025698, len_BS = 5545
Blocksize strategy selection process: -0.025898 --> -0.025698, len_BS = 5545
Blocksize strategy selection process: -0.025897 --> -0.025698, len_BS = 5545
Blocksize strategy selection process: -0.025896 --> -0.025698, len_BS = 5545
Blocksize strategy selection process: -0.025895 --> -0.025698, len_BS = 5545
Blocksize strategy selection process: -0.025894 --> -0.025698, len_BS = 5545
Blocksize strategy selection process: -0.025893 --> -0.025698, len_BS = 5545
Blocksize strategy selection process: -0.025892 --> -0.025698, len_BS = 5545
Blocksize strategy selection process: -0.025891 --> -0.025698, len_BS = 5545
Blocksize strategy selection process: -0.025890 --> -0.025698, len_BS = 5545
Blocksize strategy selection process: -0.025880 --> -0.025698, len_BS = 5545
Blocksize strategy selection process: -0.025879 --> -0.025698, len_BS = 5545
Blocksize strategy selection process: -0.025878 --> -0.025698, len_BS = 5545
Blocksize strategy selection process: -0.025877 --> -0.025698, len_BS = 5545
Blocksize strategy selection process: -0.025876 --> -0.025698, len_BS = 5545
Blocksize strategy selection process: -0.025875 --> -0.025698, len_BS = 5545
Blocksize strategy selection process: -0.025874 --> -0.025698, len_BS = 5545
Blocksize strategy selection process: -0.025873 --> -0.025698, len_BS = 5545
Blocksize strategy selection process: -0.025872 --> -0.025698, len_BS = 5545
Blocksize strategy selection process: -0.025871 --> -0.025698, len_BS = 5545
Blocksize strategy selection process: -0.025861 --> -0.025698, len_BS = 5545
Blocksize strategy selection process: -0.025860 --> -0.025698, len_BS = 5545
Blocksize strategy selection process: -0.025859 --> -0.025698, len_BS = 5545
Blocksize strategy selection process: -0.025858 --> -0.025698, len_BS = 5545
Blocksize strategy selection process: -0.025857 --> -0.025698, len_BS = 5545
Blocksize strategy selection process: -0.025856 --> -0.025698, len_BS = 5545
Blocksize strategy selection process: -0.025855 --> -0.025698, len_BS = 5545
Blocksize strategy selection process: -0.025854 --> -0.025698, len_BS = 5545
Blocksize strategy selection process: -0.025853 --> -0.025698, len_BS = 5545
Blocksize strategy selection process: -0.025843 --> -0.025698, len_BS = 5545
Blocksize strategy selection process: -0.025842 --> -0.025698, len_BS = 5545
Blocksize strategy selection process: -0.025841 --> -0.025698, len_BS = 5545
Blocksize strategy selection process: -0.025840 --> -0.025698, len_BS = 5545
Blocksize strategy selection process: -0.025839 --> -0.025698, len_BS = 5545
Blocksize strategy selection process: -0.025838 --> -0.025698, len_BS = 5545
Blocksize strategy selection process: -0.025837 --> -0.025698, len_BS = 5545
Blocksize strategy selection process: -0.025836 --> -0.025698, len_BS = 5545
Blocksize strategy selection process: -0.025827 --> -0.025698, len_BS = 5545
Blocksize strategy selection process: -0.025826 --> -0.025698, len_BS = 5545
Blocksize strategy selection process: -0.025825 --> -0.025698, len_BS = 5545
Blocksize strategy selection process: -0.025824 --> -0.025698, len_BS = 5545
Blocksize strategy selection process: -0.025823 --> -0.025698, len_BS = 5545
Blocksize strategy selection process: -0.025822 --> -0.025698, len_BS = 5545
Blocksize strategy selection process: -0.025821 --> -0.025698, len_BS = 5545
Blocksize strategy selection process: -0.025796 --> -0.025698, len_BS = 5545
Blocksize strategy selection process: -0.025795 --> -0.025698, len_BS = 5545
Blocksize strategy selection process: -0.025793 --> -0.025698, len_BS = 5545
Blocksize strategy selection process: -0.025792 --> -0.025698, len_BS = 5545
Blocksize strategy selection process: -0.025790 --> -0.025698, len_BS = 5545
Blocksize strategy selection process: -0.025789 --> -0.025698, len_BS = 5545
Blocksize strategy selection process: -0.025788 --> -0.025698, len_BS = 5545
Blocksize strategy selection process: -0.025787 --> -0.025698, len_BS = 5545
Blocksize strategy selection process: -0.025786 --> -0.025698, len_BS = 5545
Blocksize strategy selection process: -0.025785 --> -0.025698, len_BS = 5545
Blocksize strategy selection process: -0.025784 --> -0.025698, len_BS = 5545
Blocksize strategy selection process: -0.025783 --> -0.025698, len_BS = 5545
Blocksize strategy selection process: -0.025782 --> -0.025698, len_BS = 5545
Blocksize strategy selection process: -0.025781 --> -0.025698, len_BS = 5545
Blocksize strategy selection process: -0.025780 --> -0.025698, len_BS = 5545
Blocksize strategy selection process: -0.025779 --> -0.025698, len_BS = 5545
Blocksize strategy selection process: -0.025778 --> -0.025698, len_BS = 5545
Blocksize strategy selection process: -0.025777 --> -0.025698, len_BS = 5545
Blocksize strategy selection process: -0.025776 --> -0.025698, len_BS = 5545
Blocksize strategy selection process: -0.025769 --> -0.025698, len_BS = 5545
Blocksize strategy selection process: -0.025768 --> -0.025698, len_BS = 5545
Blocksize strategy selection process: -0.025767 --> -0.025698, len_BS = 5545
Blocksize strategy selection process: -0.025766 --> -0.025698, len_BS = 5545
Blocksize strategy selection process: -0.025765 --> -0.025698, len_BS = 5545
Blocksize strategy selection process: -0.025764 --> -0.025698, len_BS = 5545
Blocksize strategy selection process: -0.025757 --> -0.025698, len_BS = 5545
Blocksize strategy selection process: -0.025756 --> -0.025698, len_BS = 5545
Blocksize strategy selection process: -0.025755 --> -0.025698, len_BS = 5545
Blocksize strategy selection process: -0.025754 --> -0.025698, len_BS = 5545
Blocksize strategy selection process: -0.025753 --> -0.025698, len_BS = 5545
Blocksize strategy selection process: -0.025752 --> -0.025698, len_BS = 5545
Blocksize strategy selection process: -0.025746 --> -0.025698, len_BS = 5545
Blocksize strategy selection process: -0.025745 --> -0.025698, len_BS = 5545
Blocksize strategy selection process: -0.025744 --> -0.025698, len_BS = 5545
Blocksize strategy selection process: -0.025743 --> -0.025698, len_BS = 5545
Blocksize strategy selection process: -0.025742 --> -0.025698, len_BS = 5545
Blocksize strategy selection process: -0.025741 --> -0.025698, len_BS = 5545
Blocksize strategy selection process: -0.025736 --> -0.025698, len_BS = 5545
Blocksize strategy selection process: -0.025735 --> -0.025698, len_BS = 5545
Blocksize strategy selection process: -0.025734 --> -0.025698, len_BS = 5545
Blocksize strategy selection process: -0.025733 --> -0.025698, len_BS = 5545
Blocksize strategy selection process: -0.025732 --> -0.025698, len_BS = 5545
Blocksize strategy selection process: -0.025731 --> -0.025698, len_BS = 5545
Blocksize strategy selection process: -0.025727 --> -0.025698, len_BS = 5545
Blocksize strategy selection process: -0.025726 --> -0.025698, len_BS = 5545
Blocksize strategy selection process: -0.025725 --> -0.025698, len_BS = 5545
Blocksize strategy selection process: -0.025724 --> -0.025698, len_BS = 5545
Blocksize strategy selection process: -0.025723 --> -0.025698, len_BS = 5545
Blocksize strategy selection process: -0.025720 --> -0.025698, len_BS = 5545
Blocksize strategy selection process: -0.025719 --> -0.025698, len_BS = 5545
Blocksize strategy selection process: -0.025718 --> -0.025698, len_BS = 5545
Blocksize strategy selection process: -0.025717 --> -0.025698, len_BS = 5545
Blocksize strategy selection process: -0.025716 --> -0.025698, len_BS = 5545
Blocksize strategy selection process: -0.025713 --> -0.025698, len_BS = 5545
Blocksize strategy selection process: -0.025712 --> -0.025698, len_BS = 5545
Blocksize strategy selection process: -0.025711 --> -0.025698, len_BS = 5545
Blocksize strategy selection process: -0.025710 --> -0.025698, len_BS = 5545
Blocksize strategy selection process: -0.025709 --> -0.025698, len_BS = 5545
Blocksize strategy selection process: -0.025706 --> -0.025698, len_BS = 5545
Blocksize strategy selection process: -0.025705 --> -0.025698, len_BS = 5545
Blocksize strategy selection process: -0.025703 --> -0.025698, len_BS = 5545
Blocksize strategy selection process: -0.025702 --> -0.025698, len_BS = 5545
Blocksize strategy selection process: -0.025701 --> -0.025698, len_BS = 5545
Blocksize strategy selection process: -0.025700 --> -0.025698, len_BS = 5545
Blocksize strategy selection process: -0.025699 --> -0.025698, len_BS = 5545
Blocksize strategy selection process: -0.025698 --> -0.025698, len_BS = 5545
len(BS) = 5545
Time cost for generating Strategy: 1677.820686 s
[17.09338834636377,17.05779014247853,17.02217832214638,16.986552115280222,16.950910957093534,16.91525391370709,16.879580579781145,16.84389004007151,16.808181502609465,16.772454077620285,16.736706976700916,16.7009393571106,16.665150237604436,16.62933880168406,16.593504011230007,16.55764493724801,16.521760428085308,16.485849573994,16.449911304957478,16.413944487871557,16.377947891873674,16.34192034998809,16.30586084259553,16.269768164344885,16.233641366576173,16.197479067563073,16.1612800412785,16.12504309916552,16.088766848377688,16.052450207411717,16.016091699806903,15.979690113059105,15.943244334471919,15.90675309056595,15.8702149996816,15.833628895781992,15.796993824141651,15.760310083035392,15.723579216637036,15.686946508961165,15.650409879915289,15.61396725093524,15.577616544637596,15.541355684465717,15.505182594329087,15.469095198235703,15.433091419917183,15.397169182446316,15.361326407846699,15.325561016694135,15.289870927709426,15.254254057342234,15.218708319345536,15.183231624340387,15.147821879370476,15.112476987446067,15.07719484707689,15.041973351793471,15.006810389656403,14.97170384275306,14.936651586681169,14.901651490018704,14.866701413779463,14.831799210853747,14.796942725433428,14.762129792420785,14.727358236820312,14.692625873112826,14.657930504611016,14.62326992279565,14.588641906631564,14.554044221862513,14.51947462028397,14.484930838992835,14.450410599613049,14.41591160749602,14.381431550894698,14.346968100110155,14.312518906609363,14.278081602112913,14.243653797651309,14.209233082588396,14.17481702361044,14.140403163679352,14.105989020948366,14.071572087638598,14.03714982887466,14.002719681477561,13.968279052713019,13.933825318993273,13.899355824530382,13.864867879938988,13.830358760786494,13.795825706088467,13.761265916747222,13.726676553931394,13.692054737394383,13.657397543729608,13.622702004560564,13.587965104663809,13.55318378002314,13.51835491581352,13.483475344313572,13.448541842745922,13.413551131045136,13.378499869553766,13.34338465664785,13.308202026294303,13.272948445544062,13.23762031196654,13.20225971097466,13.167049566547401,13.131849504383734,13.096627478727605,13.061335118008206,13.025954278812101,12.990487538996177,12.954918667723707,12.919290187446997,12.883544632858591,12.84770536820696,12.811728758051746,12.775675819857646,12.739486600730416,12.703174718970741,12.666728048679689,12.630157669004848,12.593456541541027,12.556607725155281,12.519629619627677,12.482495583567593,12.445217450386307,12.407768343038219,12.370175514853036,12.332419405884593,12.294491665245564,12.256379821618983,12.218090217566365,12.17963902464361,12.141003589592213,12.102212836083211,12.06321524203103,12.024027737040404,11.984653572807847,11.94506775181537,11.905305400485334,11.865319318627064,11.825139003249657,11.784775009130646,11.744207500973465,11.70342263646352,11.66244434929411,11.621296283609514,11.580124171722568,11.539074167363294,11.513827871495746,11.488436363529301,11.462897742184978,11.43721006704644,11.411371357463265,11.3853795914156,11.359232704338503,11.332928587904327,11.306465088761353,11.279840007226786,11.253051095932152,11.226096058419065,11.198972547683187,11.171678164664108,11.14421045667882,11.116566915796232,11.088744977150148,11.06074201718797,11.032555351852237,11.004182234691942,10.975619854900545,10.946865335277238,10.917915730108055,10.888768022963113,10.859419124406136,10.829865869612226,10.800105015889631,10.770133240101076,10.739947135979936,10.709543211336428,10.678917885148607,10.648067484532865,10.616988241588217,10.585676290108555,10.554127662156652,10.522338284493463,10.490303974856072,10.458020438077153,10.42548326203876,10.392687913452777,10.35962973346015,10.32630393304083,10.292705588225896,10.258829635103305,10.2246708646083,10.190223917089458,10.15548327664123,10.12044326519358,10.085098036349581,10.049441568961763,10.013467660438279,9.977169919770379,9.94054176027318,9.903576392032669,9.866266814052848,9.828605806098494,9.790585920230898,9.752199472036452,9.713438531551049,9.674294913887199,9.634760169575866,9.59482557464104,9.554482120432963,9.513720503255412,9.472531113834261,9.430904026689443,9.388828989490278,9.346295412496977,9.303292358218519,9.25980853145178,9.215832269909164,9.17670544885245,9.15894826592127,9.124917746333786,9.087147955551949,9.043696727493524,8.998052384999568,8.952621173284598,8.90520505305246,8.86266192828427,8.813335753538768,8.766626121553358,8.71471743298251,8.669810442277536,8.617812634907404,8.567271887784095,8.515189747853025,8.46426907965911,8.41240120867313,8.358420477344383,8.306444831360999,8.251222853533298,8.197229454292984,8.139947343595296,8.08568289830754,8.028986218480851,7.971149204053935,7.911681413871127,7.852771600398065,7.795576098539813,7.735568576565726,7.678760881974408,7.61576978491329,7.554552611063534,7.493525974766873,7.429387969624041,7.36914809913661,7.303209276003219,7.240497872405978,7.178827144261047,7.114652007675979,7.048653806245707,6.985238490577976,6.924396117131948,6.880434645772504,6.853549114623103]
MinStrategy is: [87, 88, 107, 107, 117, 117] + pump(136,135,21) , ['87 * 1 (-0.055461) , cost = 394.6540 s', '88 * 1 (-0.049110) , cost = 458.0764 s', '107 * 2 (-0.039449) , cost = 1772.3460 s', '117 * 2 (-0.035803) , cost = 3944.0020 s'] + pump(136,135,21)
[87,88,107,107,117,117]
Time cost for pnj-BKZ = 1.82 h,
Time cost for pump = 0.94 h,
Total time cost = 2.77 h.
