New Strategy:
n = 40, alpha = 0.035, q = 1601, jump = 1, goal_margin = 1.50, MAX_TIME = inf h
Blocksize strategy selection process: -0.063307 --> -0.063307, len_BS = 1
Blocksize strategy selection process: -0.057006 --> -0.032486, len_BS = 154
Blocksize strategy selection process: -0.056793 --> -0.032485, len_BS = 210
Blocksize strategy selection process: -0.056575 --> -0.032485, len_BS = 265
Blocksize strategy selection process: -0.056356 --> -0.032485, len_BS = 319
Blocksize strategy selection process: -0.056135 --> -0.032485, len_BS = 380
Blocksize strategy selection process: -0.055911 --> -0.032485, len_BS = 427
Blocksize strategy selection process: -0.055686 --> -0.032485, len_BS = 476
Blocksize strategy selection process: -0.055459 --> -0.032485, len_BS = 525
Blocksize strategy selection process: -0.055230 --> -0.032485, len_BS = 576
Blocksize strategy selection process: -0.055000 --> -0.032485, len_BS = 623
Blocksize strategy selection process: -0.054768 --> -0.032485, len_BS = 670
Blocksize strategy selection process: -0.054535 --> -0.032485, len_BS = 712
Blocksize strategy selection process: -0.054300 --> -0.032485, len_BS = 761
Blocksize strategy selection process: -0.054064 --> -0.032485, len_BS = 810
Blocksize strategy selection process: -0.053827 --> -0.032485, len_BS = 856
Blocksize strategy selection process: -0.053589 --> -0.032485, len_BS = 904
Blocksize strategy selection process: -0.053350 --> -0.032485, len_BS = 953
Blocksize strategy selection process: -0.053109 --> -0.032484, len_BS = 1005
Blocksize strategy selection process: -0.052869 --> -0.032484, len_BS = 1052
Blocksize strategy selection process: -0.052627 --> -0.032484, len_BS = 1096
Blocksize strategy selection process: -0.052385 --> -0.032484, len_BS = 1139
Blocksize strategy selection process: -0.052141 --> -0.032484, len_BS = 1186
Blocksize strategy selection process: -0.051897 --> -0.032484, len_BS = 1222
Blocksize strategy selection process: -0.051652 --> -0.032484, len_BS = 1267
Blocksize strategy selection process: -0.051407 --> -0.032484, len_BS = 1305
Blocksize strategy selection process: -0.051162 --> -0.032484, len_BS = 1344
Blocksize strategy selection process: -0.050916 --> -0.032484, len_BS = 1386
Blocksize strategy selection process: -0.050670 --> -0.032484, len_BS = 1429
Blocksize strategy selection process: -0.050423 --> -0.032484, len_BS = 1465
Blocksize strategy selection process: -0.050178 --> -0.032484, len_BS = 1502
Blocksize strategy selection process: -0.049930 --> -0.032484, len_BS = 1531
Blocksize strategy selection process: -0.049684 --> -0.032484, len_BS = 1568
Blocksize strategy selection process: -0.049437 --> -0.032484, len_BS = 1599
Blocksize strategy selection process: -0.049191 --> -0.032484, len_BS = 1630
Blocksize strategy selection process: -0.048943 --> -0.032484, len_BS = 1654
Blocksize strategy selection process: -0.048698 --> -0.032484, len_BS = 1681
Blocksize strategy selection process: -0.048451 --> -0.032484, len_BS = 1703
Blocksize strategy selection process: -0.048205 --> -0.032484, len_BS = 1730
Blocksize strategy selection process: -0.047959 --> -0.032484, len_BS = 1750
Blocksize strategy selection process: -0.047714 --> -0.032484, len_BS = 1782
Blocksize strategy selection process: -0.047632 --> -0.032484, len_BS = 1803
Blocksize strategy selection process: -0.047522 --> -0.032484, len_BS = 1803
Blocksize strategy selection process: -0.047410 --> -0.032484, len_BS = 1803
Blocksize strategy selection process: -0.047335 --> -0.032484, len_BS = 1803
Blocksize strategy selection process: -0.047299 --> -0.032484, len_BS = 1803
Blocksize strategy selection process: -0.047253 --> -0.032484, len_BS = 1803
Blocksize strategy selection process: -0.047187 --> -0.032484, len_BS = 1803
Blocksize strategy selection process: -0.047074 --> -0.032484, len_BS = 1803
Blocksize strategy selection process: -0.047024 --> -0.032484, len_BS = 1803
Blocksize strategy selection process: -0.046962 --> -0.032484, len_BS = 1808
Blocksize strategy selection process: -0.046849 --> -0.032484, len_BS = 1841
Blocksize strategy selection process: -0.046784 --> -0.032484, len_BS = 1870
Blocksize strategy selection process: -0.046736 --> -0.032484, len_BS = 1899
Blocksize strategy selection process: -0.046673 --> -0.032484, len_BS = 1899
Blocksize strategy selection process: -0.046623 --> -0.032484, len_BS = 1927
Blocksize strategy selection process: -0.046562 --> -0.032484, len_BS = 1934
Blocksize strategy selection process: -0.046497 --> -0.032484, len_BS = 1966
Blocksize strategy selection process: -0.046451 --> -0.032484, len_BS = 1996
Blocksize strategy selection process: -0.046387 --> -0.032484, len_BS = 1997
Blocksize strategy selection process: -0.046339 --> -0.032484, len_BS = 2025
Blocksize strategy selection process: -0.046277 --> -0.032484, len_BS = 2030
Blocksize strategy selection process: -0.046228 --> -0.032484, len_BS = 2060
Blocksize strategy selection process: -0.046168 --> -0.032484, len_BS = 2065
Blocksize strategy selection process: -0.046103 --> -0.032484, len_BS = 2095
Blocksize strategy selection process: -0.046058 --> -0.032484, len_BS = 2126
Blocksize strategy selection process: -0.045995 --> -0.032484, len_BS = 2126
Blocksize strategy selection process: -0.045948 --> -0.032484, len_BS = 2158
Blocksize strategy selection process: -0.045887 --> -0.032484, len_BS = 2162
Blocksize strategy selection process: -0.045822 --> -0.032484, len_BS = 2186
Blocksize strategy selection process: -0.045780 --> -0.032484, len_BS = 2215
Blocksize strategy selection process: -0.045716 --> -0.032484, len_BS = 2215
Blocksize strategy selection process: -0.045671 --> -0.032484, len_BS = 2240
Blocksize strategy selection process: -0.045609 --> -0.032484, len_BS = 2240
Blocksize strategy selection process: -0.045564 --> -0.032484, len_BS = 2268
Blocksize strategy selection process: -0.045503 --> -0.032484, len_BS = 2272
Blocksize strategy selection process: -0.045439 --> -0.032484, len_BS = 2297
Blocksize strategy selection process: -0.045398 --> -0.032484, len_BS = 2323
Blocksize strategy selection process: -0.045335 --> -0.032484, len_BS = 2319
Blocksize strategy selection process: -0.045292 --> -0.032484, len_BS = 2345
Blocksize strategy selection process: -0.045230 --> -0.032484, len_BS = 2345
Blocksize strategy selection process: -0.045164 --> -0.032484, len_BS = 2367
Blocksize strategy selection process: -0.045127 --> -0.032484, len_BS = 2393
Blocksize strategy selection process: -0.045063 --> -0.032484, len_BS = 2393
Blocksize strategy selection process: -0.044995 --> -0.032484, len_BS = 2421
Blocksize strategy selection process: -0.044960 --> -0.032484, len_BS = 2447
Blocksize strategy selection process: -0.044894 --> -0.032484, len_BS = 2447
Blocksize strategy selection process: -0.044822 --> -0.032484, len_BS = 2471
Blocksize strategy selection process: -0.044498 --> -0.032484, len_BS = 2491
Blocksize strategy selection process: -0.044407 --> -0.032484, len_BS = 2444
Blocksize strategy selection process: -0.044317 --> -0.032484, len_BS = 2465
Blocksize strategy selection process: -0.044128 --> -0.032484, len_BS = 2480
Blocksize strategy selection process: -0.043954 --> -0.032484, len_BS = 2485
Blocksize strategy selection process: -0.043779 --> -0.032484, len_BS = 2504
Blocksize strategy selection process: -0.043693 --> -0.032484, len_BS = 2511
Blocksize strategy selection process: -0.043602 --> -0.032484, len_BS = 2534
Blocksize strategy selection process: -0.043516 --> -0.032484, len_BS = 2552
Blocksize strategy selection process: -0.043422 --> -0.032484, len_BS = 2564
Blocksize strategy selection process: -0.043339 --> -0.032484, len_BS = 2578
Blocksize strategy selection process: -0.043243 --> -0.032484, len_BS = 2595
Blocksize strategy selection process: -0.043161 --> -0.032484, len_BS = 2609
Blocksize strategy selection process: -0.043063 --> -0.032484, len_BS = 2620
Blocksize strategy selection process: -0.042983 --> -0.032484, len_BS = 2622
Blocksize strategy selection process: -0.042884 --> -0.032484, len_BS = 2635
Blocksize strategy selection process: -0.042806 --> -0.032484, len_BS = 2641
Blocksize strategy selection process: -0.042705 --> -0.032484, len_BS = 2657
Blocksize strategy selection process: -0.042628 --> -0.032484, len_BS = 2666
Blocksize strategy selection process: -0.042525 --> -0.032484, len_BS = 2681
Blocksize strategy selection process: -0.042450 --> -0.032484, len_BS = 2676
Blocksize strategy selection process: -0.042346 --> -0.032484, len_BS = 2686
Blocksize strategy selection process: -0.042087 --> -0.032484, len_BS = 2689
Blocksize strategy selection process: -0.042017 --> -0.032484, len_BS = 2664
Blocksize strategy selection process: -0.041947 --> -0.032484, len_BS = 2681
Blocksize strategy selection process: -0.041878 --> -0.032484, len_BS = 2693
Blocksize strategy selection process: -0.041808 --> -0.032484, len_BS = 2706
Blocksize strategy selection process: -0.041738 --> -0.032484, len_BS = 2713
Blocksize strategy selection process: -0.041670 --> -0.032484, len_BS = 2719
Blocksize strategy selection process: -0.041600 --> -0.032484, len_BS = 2727
Blocksize strategy selection process: -0.041493 --> -0.032484, len_BS = 2732
Blocksize strategy selection process: -0.041425 --> -0.032484, len_BS = 2714
Blocksize strategy selection process: -0.041317 --> -0.032484, len_BS = 2718
Blocksize strategy selection process: -0.041251 --> -0.032484, len_BS = 2694
Blocksize strategy selection process: -0.041141 --> -0.032484, len_BS = 2704
Blocksize strategy selection process: -0.041076 --> -0.032484, len_BS = 2683
Blocksize strategy selection process: -0.040965 --> -0.032484, len_BS = 2692
Blocksize strategy selection process: -0.040902 --> -0.032484, len_BS = 2673
Blocksize strategy selection process: -0.040790 --> -0.032484, len_BS = 2681
Blocksize strategy selection process: -0.040727 --> -0.032484, len_BS = 2664
Blocksize strategy selection process: -0.040614 --> -0.032484, len_BS = 2673
Blocksize strategy selection process: -0.040554 --> -0.032484, len_BS = 2659
Blocksize strategy selection process: -0.040440 --> -0.032484, len_BS = 2665
Blocksize strategy selection process: -0.040380 --> -0.032484, len_BS = 2638
Blocksize strategy selection process: -0.040265 --> -0.032484, len_BS = 2650
Blocksize strategy selection process: -0.040206 --> -0.032484, len_BS = 2625
Blocksize strategy selection process: -0.040090 --> -0.032484, len_BS = 2629
Blocksize strategy selection process: -0.040034 --> -0.032484, len_BS = 2610
Blocksize strategy selection process: -0.039916 --> -0.032484, len_BS = 2620
Blocksize strategy selection process: -0.039861 --> -0.032484, len_BS = 2598
Blocksize strategy selection process: -0.039743 --> -0.032484, len_BS = 2609
Blocksize strategy selection process: -0.039689 --> -0.032484, len_BS = 2596
Blocksize strategy selection process: -0.039431 --> -0.032484, len_BS = 2608
Blocksize strategy selection process: -0.039379 --> -0.032483, len_BS = 2520
Blocksize strategy selection process: -0.039327 --> -0.032483, len_BS = 2531
Blocksize strategy selection process: -0.039276 --> -0.032483, len_BS = 2543
Blocksize strategy selection process: -0.039225 --> -0.032483, len_BS = 2553
Blocksize strategy selection process: -0.039174 --> -0.032483, len_BS = 2563
Blocksize strategy selection process: -0.039053 --> -0.032483, len_BS = 2567
Blocksize strategy selection process: -0.039003 --> -0.032483, len_BS = 2545
Blocksize strategy selection process: -0.038882 --> -0.032483, len_BS = 2563
Blocksize strategy selection process: -0.038834 --> -0.032483, len_BS = 2542
Blocksize strategy selection process: -0.038711 --> -0.032483, len_BS = 2555
Blocksize strategy selection process: -0.038664 --> -0.032483, len_BS = 2537
Blocksize strategy selection process: -0.038617 --> -0.032483, len_BS = 2554
Blocksize strategy selection process: -0.038570 --> -0.032483, len_BS = 2567
Blocksize strategy selection process: -0.038523 --> -0.032483, len_BS = 2586
Blocksize strategy selection process: -0.038476 --> -0.032483, len_BS = 2602
Blocksize strategy selection process: -0.038430 --> -0.032483, len_BS = 2620
Blocksize strategy selection process: -0.038384 --> -0.032483, len_BS = 2636
Blocksize strategy selection process: -0.038338 --> -0.032483, len_BS = 2658
Blocksize strategy selection process: -0.038292 --> -0.032483, len_BS = 2674
Blocksize strategy selection process: -0.038247 --> -0.032483, len_BS = 2690
Blocksize strategy selection process: -0.038202 --> -0.032483, len_BS = 2706
Blocksize strategy selection process: -0.038158 --> -0.032483, len_BS = 2722
Blocksize strategy selection process: -0.038113 --> -0.032483, len_BS = 2734
Blocksize strategy selection process: -0.038069 --> -0.032483, len_BS = 2748
Blocksize strategy selection process: -0.038025 --> -0.032483, len_BS = 2767
Blocksize strategy selection process: -0.037982 --> -0.032483, len_BS = 2775
Blocksize strategy selection process: -0.037981 --> -0.032483, len_BS = 2787
Blocksize strategy selection process: -0.037965 --> -0.032483, len_BS = 2789
Blocksize strategy selection process: -0.037948 --> -0.032483, len_BS = 2799
Blocksize strategy selection process: -0.037931 --> -0.032483, len_BS = 2811
Blocksize strategy selection process: -0.037915 --> -0.032483, len_BS = 2823
Blocksize strategy selection process: -0.037914 --> -0.032483, len_BS = 2837
Blocksize strategy selection process: -0.037898 --> -0.032483, len_BS = 2839
Blocksize strategy selection process: -0.037881 --> -0.032483, len_BS = 2850
Blocksize strategy selection process: -0.037865 --> -0.032483, len_BS = 2858
Blocksize strategy selection process: -0.037864 --> -0.032483, len_BS = 2876
Blocksize strategy selection process: -0.037848 --> -0.032483, len_BS = 2876
Blocksize strategy selection process: -0.037832 --> -0.032483, len_BS = 2887
Blocksize strategy selection process: -0.037816 --> -0.032483, len_BS = 2894
Blocksize strategy selection process: -0.037800 --> -0.032483, len_BS = 2905
Blocksize strategy selection process: -0.037784 --> -0.032483, len_BS = 2914
Blocksize strategy selection process: -0.037769 --> -0.032483, len_BS = 2921
Blocksize strategy selection process: -0.037753 --> -0.032483, len_BS = 2930
Blocksize strategy selection process: -0.037738 --> -0.032483, len_BS = 2939
Blocksize strategy selection process: -0.037723 --> -0.032483, len_BS = 2946
Blocksize strategy selection process: -0.037707 --> -0.032483, len_BS = 2957
Blocksize strategy selection process: -0.037692 --> -0.032483, len_BS = 2965
Blocksize strategy selection process: -0.037678 --> -0.032483, len_BS = 2975
Blocksize strategy selection process: -0.037662 --> -0.032483, len_BS = 2985
Blocksize strategy selection process: -0.037648 --> -0.032483, len_BS = 2997
Blocksize strategy selection process: -0.037632 --> -0.032483, len_BS = 3006
Blocksize strategy selection process: -0.037618 --> -0.032483, len_BS = 3014
Blocksize strategy selection process: -0.037602 --> -0.032483, len_BS = 3021
Blocksize strategy selection process: -0.037529 --> -0.032483, len_BS = 3030
Blocksize strategy selection process: -0.037517 --> -0.032483, len_BS = 3035
Blocksize strategy selection process: -0.037505 --> -0.032483, len_BS = 3040
Blocksize strategy selection process: -0.037469 --> -0.032483, len_BS = 3046
Blocksize strategy selection process: -0.037446 --> -0.032483, len_BS = 3051
Blocksize strategy selection process: -0.037423 --> -0.032483, len_BS = 3057
Blocksize strategy selection process: -0.037412 --> -0.032483, len_BS = 3066
Blocksize strategy selection process: -0.037394 --> -0.032483, len_BS = 3070
Blocksize strategy selection process: -0.037383 --> -0.032483, len_BS = 3076
Blocksize strategy selection process: -0.037366 --> -0.032483, len_BS = 3080
Blocksize strategy selection process: -0.037355 --> -0.032483, len_BS = 3084
Blocksize strategy selection process: -0.037338 --> -0.032483, len_BS = 3089
Blocksize strategy selection process: -0.037328 --> -0.032483, len_BS = 3095
Blocksize strategy selection process: -0.037310 --> -0.032483, len_BS = 3095
Blocksize strategy selection process: -0.037300 --> -0.032483, len_BS = 3105
Blocksize strategy selection process: -0.037283 --> -0.032483, len_BS = 3111
Blocksize strategy selection process: -0.037273 --> -0.032483, len_BS = 3118
Blocksize strategy selection process: -0.037256 --> -0.032483, len_BS = 3121
Blocksize strategy selection process: -0.037246 --> -0.032483, len_BS = 3129
Blocksize strategy selection process: -0.037229 --> -0.032483, len_BS = 3132
Blocksize strategy selection process: -0.037220 --> -0.032483, len_BS = 3142
Blocksize strategy selection process: -0.037202 --> -0.032483, len_BS = 3144
Blocksize strategy selection process: -0.037158 --> -0.032483, len_BS = 3154
Blocksize strategy selection process: -0.037149 --> -0.032483, len_BS = 3161
Blocksize strategy selection process: -0.037141 --> -0.032483, len_BS = 3168
Blocksize strategy selection process: -0.037133 --> -0.032483, len_BS = 3168
Blocksize strategy selection process: -0.037125 --> -0.032483, len_BS = 3171
Blocksize strategy selection process: -0.037116 --> -0.032483, len_BS = 3173
Blocksize strategy selection process: -0.037108 --> -0.032483, len_BS = 3181
Blocksize strategy selection process: -0.037100 --> -0.032483, len_BS = 3184
Blocksize strategy selection process: -0.037026 --> -0.032483, len_BS = 3190
Blocksize strategy selection process: -0.037018 --> -0.032483, len_BS = 3191
Blocksize strategy selection process: -0.037010 --> -0.032483, len_BS = 3196
Blocksize strategy selection process: -0.037003 --> -0.032483, len_BS = 3205
Blocksize strategy selection process: -0.036987 --> -0.032483, len_BS = 3205
Blocksize strategy selection process: -0.036980 --> -0.032483, len_BS = 3208
Blocksize strategy selection process: -0.036963 --> -0.032483, len_BS = 3214
Blocksize strategy selection process: -0.036956 --> -0.032483, len_BS = 3225
Blocksize strategy selection process: -0.036940 --> -0.032483, len_BS = 3231
Blocksize strategy selection process: -0.036933 --> -0.032483, len_BS = 3241
Blocksize strategy selection process: -0.036917 --> -0.032483, len_BS = 3244
Blocksize strategy selection process: -0.036911 --> -0.032483, len_BS = 3249
Blocksize strategy selection process: -0.036840 --> -0.032483, len_BS = 3252
Blocksize strategy selection process: -0.036759 --> -0.032483, len_BS = 3253
Blocksize strategy selection process: -0.036753 --> -0.032483, len_BS = 3259
Blocksize strategy selection process: -0.036646 --> -0.032483, len_BS = 3262
Blocksize strategy selection process: -0.036640 --> -0.032483, len_BS = 3258
Blocksize strategy selection process: -0.036586 --> -0.032483, len_BS = 3261
Blocksize strategy selection process: -0.036581 --> -0.032483, len_BS = 3272
Blocksize strategy selection process: -0.036513 --> -0.032483, len_BS = 3274
Blocksize strategy selection process: -0.036050 --> -0.032483, len_BS = 3279
Blocksize strategy selection process: -0.035931 --> -0.032483, len_BS = 3246
Blocksize strategy selection process: -0.035829 --> -0.032483, len_BS = 3245
Blocksize strategy selection process: -0.035820 --> -0.032483, len_BS = 3245
Blocksize strategy selection process: -0.035789 --> -0.032483, len_BS = 3239
Blocksize strategy selection process: -0.035778 --> -0.032483, len_BS = 3242
Blocksize strategy selection process: -0.035774 --> -0.032483, len_BS = 3245
Blocksize strategy selection process: -0.035763 --> -0.032483, len_BS = 3246
Blocksize strategy selection process: -0.035759 --> -0.032483, len_BS = 3247
Blocksize strategy selection process: -0.035749 --> -0.032483, len_BS = 3247
Blocksize strategy selection process: -0.035745 --> -0.032483, len_BS = 3248
Blocksize strategy selection process: -0.035720 --> -0.032483, len_BS = 3248
Blocksize strategy selection process: -0.035541 --> -0.032483, len_BS = 3249
Blocksize strategy selection process: -0.035540 --> -0.032483, len_BS = 3248
Blocksize strategy selection process: -0.035537 --> -0.032483, len_BS = 3243
Blocksize strategy selection process: -0.035534 --> -0.032483, len_BS = 3243
Blocksize strategy selection process: -0.035531 --> -0.032483, len_BS = 3243
Blocksize strategy selection process: -0.035528 --> -0.032483, len_BS = 3243
Blocksize strategy selection process: -0.035525 --> -0.032483, len_BS = 3243
Blocksize strategy selection process: -0.035523 --> -0.032483, len_BS = 3243
Blocksize strategy selection process: -0.035520 --> -0.032483, len_BS = 3243
Blocksize strategy selection process: -0.035517 --> -0.032483, len_BS = 3243
Blocksize strategy selection process: -0.035514 --> -0.032483, len_BS = 3243
Blocksize strategy selection process: -0.035284 --> -0.032483, len_BS = 3243
Blocksize strategy selection process: -0.035136 --> -0.032483, len_BS = 3242
Blocksize strategy selection process: -0.035044 --> -0.032483, len_BS = 3240
Blocksize strategy selection process: -0.034970 --> -0.032483, len_BS = 3240
Blocksize strategy selection process: -0.034967 --> -0.032483, len_BS = 3242
Blocksize strategy selection process: -0.034839 --> -0.032483, len_BS = 3242
Blocksize strategy selection process: -0.034546 --> -0.032483, len_BS = 3243
Blocksize strategy selection process: -0.034542 --> -0.032483, len_BS = 3243
Blocksize strategy selection process: -0.034439 --> -0.032483, len_BS = 3243
Blocksize strategy selection process: -0.034239 --> -0.032483, len_BS = 3244
Blocksize strategy selection process: -0.034222 --> -0.032483, len_BS = 3244
Blocksize strategy selection process: -0.034070 --> -0.032483, len_BS = 3245
Blocksize strategy selection process: -0.033877 --> -0.032483, len_BS = 3247
Blocksize strategy selection process: -0.033839 --> -0.032483, len_BS = 3247
Blocksize strategy selection process: -0.033837 --> -0.032483, len_BS = 3247
Blocksize strategy selection process: -0.033800 --> -0.032483, len_BS = 3247
Blocksize strategy selection process: -0.033751 --> -0.032483, len_BS = 3247
Blocksize strategy selection process: -0.033676 --> -0.032483, len_BS = 3247
Blocksize strategy selection process: -0.033641 --> -0.032483, len_BS = 3247
Blocksize strategy selection process: -0.033633 --> -0.032483, len_BS = 3247
Blocksize strategy selection process: -0.033617 --> -0.032483, len_BS = 3247
Blocksize strategy selection process: -0.033616 --> -0.032483, len_BS = 3247
Blocksize strategy selection process: -0.033495 --> -0.032483, len_BS = 3247
Blocksize strategy selection process: -0.033494 --> -0.032483, len_BS = 3247
Blocksize strategy selection process: -0.033406 --> -0.032483, len_BS = 3247
Blocksize strategy selection process: -0.033394 --> -0.032483, len_BS = 3247
Blocksize strategy selection process: -0.033342 --> -0.032483, len_BS = 3247
Blocksize strategy selection process: -0.033338 --> -0.032483, len_BS = 3247
Blocksize strategy selection process: -0.033337 --> -0.032483, len_BS = 3247
Blocksize strategy selection process: -0.033302 --> -0.032483, len_BS = 3247
Blocksize strategy selection process: -0.033299 --> -0.032483, len_BS = 3247
Blocksize strategy selection process: -0.033295 --> -0.032483, len_BS = 3247
Blocksize strategy selection process: -0.033293 --> -0.032483, len_BS = 3247
Blocksize strategy selection process: -0.033292 --> -0.032483, len_BS = 3247
Blocksize strategy selection process: -0.033290 --> -0.032483, len_BS = 3247
Blocksize strategy selection process: -0.033281 --> -0.032483, len_BS = 3247
Blocksize strategy selection process: -0.033279 --> -0.032483, len_BS = 3247
Blocksize strategy selection process: -0.033173 --> -0.032483, len_BS = 3247
Blocksize strategy selection process: -0.033113 --> -0.032483, len_BS = 3247
Blocksize strategy selection process: -0.033098 --> -0.032483, len_BS = 3247
Blocksize strategy selection process: -0.033088 --> -0.032483, len_BS = 3247
Blocksize strategy selection process: -0.033064 --> -0.032483, len_BS = 3247
Blocksize strategy selection process: -0.033063 --> -0.032483, len_BS = 3247
Blocksize strategy selection process: -0.033062 --> -0.032483, len_BS = 3247
Blocksize strategy selection process: -0.033061 --> -0.032483, len_BS = 3247
Blocksize strategy selection process: -0.033060 --> -0.032483, len_BS = 3247
Blocksize strategy selection process: -0.032995 --> -0.032483, len_BS = 3247
Blocksize strategy selection process: -0.032992 --> -0.032483, len_BS = 3247
Blocksize strategy selection process: -0.032935 --> -0.032483, len_BS = 3247
Blocksize strategy selection process: -0.032886 --> -0.032483, len_BS = 3247
Blocksize strategy selection process: -0.032866 --> -0.032483, len_BS = 3247
Blocksize strategy selection process: -0.032865 --> -0.032483, len_BS = 3247
Blocksize strategy selection process: -0.032840 --> -0.032483, len_BS = 3247
Blocksize strategy selection process: -0.032822 --> -0.032483, len_BS = 3247
Blocksize strategy selection process: -0.032821 --> -0.032483, len_BS = 3247
Blocksize strategy selection process: -0.032797 --> -0.032483, len_BS = 3247
Blocksize strategy selection process: -0.032781 --> -0.032483, len_BS = 3247
Blocksize strategy selection process: -0.032780 --> -0.032483, len_BS = 3247
Blocksize strategy selection process: -0.032756 --> -0.032483, len_BS = 3247
Blocksize strategy selection process: -0.032755 --> -0.032483, len_BS = 3247
Blocksize strategy selection process: -0.032754 --> -0.032483, len_BS = 3247
Blocksize strategy selection process: -0.032753 --> -0.032483, len_BS = 3247
Blocksize strategy selection process: -0.032752 --> -0.032483, len_BS = 3247
Blocksize strategy selection process: -0.032751 --> -0.032483, len_BS = 3247
Blocksize strategy selection process: -0.032692 --> -0.032483, len_BS = 3247
Blocksize strategy selection process: -0.032691 --> -0.032483, len_BS = 3247
Blocksize strategy selection process: -0.032690 --> -0.032483, len_BS = 3247
Blocksize strategy selection process: -0.032672 --> -0.032483, len_BS = 3247
Blocksize strategy selection process: -0.032663 --> -0.032483, len_BS = 3247
Blocksize strategy selection process: -0.032662 --> -0.032483, len_BS = 3247
Blocksize strategy selection process: -0.032661 --> -0.032483, len_BS = 3247
Blocksize strategy selection process: -0.032660 --> -0.032483, len_BS = 3247
Blocksize strategy selection process: -0.032659 --> -0.032483, len_BS = 3247
Blocksize strategy selection process: -0.032658 --> -0.032483, len_BS = 3247
Blocksize strategy selection process: -0.032657 --> -0.032483, len_BS = 3247
Blocksize strategy selection process: -0.032656 --> -0.032483, len_BS = 3247
Blocksize strategy selection process: -0.032655 --> -0.032483, len_BS = 3247
Blocksize strategy selection process: -0.032654 --> -0.032483, len_BS = 3247
Blocksize strategy selection process: -0.032653 --> -0.032483, len_BS = 3247
Blocksize strategy selection process: -0.032652 --> -0.032483, len_BS = 3247
Blocksize strategy selection process: -0.032651 --> -0.032483, len_BS = 3247
Blocksize strategy selection process: -0.032650 --> -0.032483, len_BS = 3247
Blocksize strategy selection process: -0.032603 --> -0.032483, len_BS = 3247
Blocksize strategy selection process: -0.032602 --> -0.032483, len_BS = 3247
Blocksize strategy selection process: -0.032601 --> -0.032483, len_BS = 3247
Blocksize strategy selection process: -0.032600 --> -0.032483, len_BS = 3247
Blocksize strategy selection process: -0.032599 --> -0.032483, len_BS = 3247
Blocksize strategy selection process: -0.032598 --> -0.032483, len_BS = 3247
Blocksize strategy selection process: -0.032597 --> -0.032483, len_BS = 3247
Blocksize strategy selection process: -0.032596 --> -0.032483, len_BS = 3247
Blocksize strategy selection process: -0.032595 --> -0.032483, len_BS = 3247
Blocksize strategy selection process: -0.032594 --> -0.032483, len_BS = 3247
Blocksize strategy selection process: -0.032581 --> -0.032483, len_BS = 3247
Blocksize strategy selection process: -0.032580 --> -0.032483, len_BS = 3247
Blocksize strategy selection process: -0.032579 --> -0.032483, len_BS = 3247
Blocksize strategy selection process: -0.032578 --> -0.032483, len_BS = 3247
Blocksize strategy selection process: -0.032577 --> -0.032483, len_BS = 3247
Blocksize strategy selection process: -0.032576 --> -0.032483, len_BS = 3247
Blocksize strategy selection process: -0.032575 --> -0.032483, len_BS = 3247
Blocksize strategy selection process: -0.032574 --> -0.032483, len_BS = 3247
Blocksize strategy selection process: -0.032573 --> -0.032483, len_BS = 3247
Blocksize strategy selection process: -0.032572 --> -0.032483, len_BS = 3247
Blocksize strategy selection process: -0.032571 --> -0.032483, len_BS = 3247
Blocksize strategy selection process: -0.032559 --> -0.032483, len_BS = 3247
Blocksize strategy selection process: -0.032558 --> -0.032483, len_BS = 3247
Blocksize strategy selection process: -0.032557 --> -0.032483, len_BS = 3247
Blocksize strategy selection process: -0.032556 --> -0.032483, len_BS = 3247
Blocksize strategy selection process: -0.032555 --> -0.032483, len_BS = 3247
Blocksize strategy selection process: -0.032554 --> -0.032483, len_BS = 3247
Blocksize strategy selection process: -0.032553 --> -0.032483, len_BS = 3247
Blocksize strategy selection process: -0.032552 --> -0.032483, len_BS = 3247
Blocksize strategy selection process: -0.032551 --> -0.032483, len_BS = 3247
Blocksize strategy selection process: -0.032550 --> -0.032483, len_BS = 3247
Blocksize strategy selection process: -0.032549 --> -0.032483, len_BS = 3247
Blocksize strategy selection process: -0.032539 --> -0.032483, len_BS = 3247
Blocksize strategy selection process: -0.032538 --> -0.032483, len_BS = 3247
Blocksize strategy selection process: -0.032537 --> -0.032483, len_BS = 3247
Blocksize strategy selection process: -0.032536 --> -0.032483, len_BS = 3247
Blocksize strategy selection process: -0.032535 --> -0.032483, len_BS = 3247
Blocksize strategy selection process: -0.032534 --> -0.032483, len_BS = 3247
Blocksize strategy selection process: -0.032533 --> -0.032483, len_BS = 3247
Blocksize strategy selection process: -0.032532 --> -0.032483, len_BS = 3247
Blocksize strategy selection process: -0.032531 --> -0.032483, len_BS = 3247
Blocksize strategy selection process: -0.032522 --> -0.032483, len_BS = 3247
Blocksize strategy selection process: -0.032521 --> -0.032483, len_BS = 3247
Blocksize strategy selection process: -0.032520 --> -0.032483, len_BS = 3247
Blocksize strategy selection process: -0.032519 --> -0.032483, len_BS = 3247
Blocksize strategy selection process: -0.032518 --> -0.032483, len_BS = 3247
Blocksize strategy selection process: -0.032517 --> -0.032483, len_BS = 3247
Blocksize strategy selection process: -0.032516 --> -0.032483, len_BS = 3247
Blocksize strategy selection process: -0.032515 --> -0.032483, len_BS = 3247
Blocksize strategy selection process: -0.032508 --> -0.032483, len_BS = 3247
Blocksize strategy selection process: -0.032507 --> -0.032483, len_BS = 3247
Blocksize strategy selection process: -0.032506 --> -0.032483, len_BS = 3247
Blocksize strategy selection process: -0.032505 --> -0.032483, len_BS = 3247
Blocksize strategy selection process: -0.032504 --> -0.032483, len_BS = 3247
Blocksize strategy selection process: -0.032503 --> -0.032483, len_BS = 3247
Blocksize strategy selection process: -0.032497 --> -0.032483, len_BS = 3247
Blocksize strategy selection process: -0.032494 --> -0.032483, len_BS = 3247
Blocksize strategy selection process: -0.032493 --> -0.032483, len_BS = 3247
Blocksize strategy selection process: -0.032492 --> -0.032483, len_BS = 3247
Blocksize strategy selection process: -0.032491 --> -0.032483, len_BS = 3247
Blocksize strategy selection process: -0.032490 --> -0.032483, len_BS = 3247
Blocksize strategy selection process: -0.032489 --> -0.032483, len_BS = 3247
Blocksize strategy selection process: -0.032486 --> -0.032483, len_BS = 3247
Blocksize strategy selection process: -0.032485 --> -0.032483, len_BS = 3247
Blocksize strategy selection process: -0.032484 --> -0.032483, len_BS = 3247
Blocksize strategy selection process: -0.032483 --> -0.032483, len_BS = 3247
len(BS) = 3247
Time cost for generating Strategy: 155.011710 s
[14.628420963376032,14.59083998611261,14.553255257493596,14.515663676570519,14.47806210112127,14.440447345824031,14.402816180364281,14.365165327473116,14.327491460895486,14.289791203287084,14.25206112403926,14.21429773703163,14.176497498312964,14.138656803711605,14.100771986377964,14.062839314262842,14.024854987537232,13.986860895902806,13.949039769300033,13.911251041047821,13.873462474654326,13.835625509443185,13.797721814511677,13.759753781829883,13.721704996263043,13.683617797540636,13.6454345391941,13.607178405859198,13.568805584018005,13.530376914579687,13.49183226960349,13.45318509383971,13.414423089322364,13.375557164602654,13.336580112137078,13.297474823100025,13.258259531012143,13.218907429644439,13.179430188978674,13.13980076993657,13.10004626520006,13.060146955548248,13.020094332180411,12.979875767215862,12.939497447990558,12.898975392161555,12.858286793886863,12.817460425558185,12.776444615103589,12.735256143423392,12.693898114780662,12.652345385484086,12.610632937032033,12.568713425548513,12.526616205585391,12.484351690680544,12.441899905504926,12.399246868908328,12.356416376935053,12.313431937256881,12.270439146880582,12.227584025386562,12.202337729519016,12.17694622155257,12.151407600208248,12.125719925069706,12.099881215486533,12.073889449438868,12.04774256236177,12.021438445927593,11.99497494678462,11.968349865250055,11.941560953955424,11.914605916442339,11.887482405706459,11.86018802268738,11.832720314702094,11.805076773819506,11.777254835173425,11.749251875211248,11.721065209875512,11.69269209271522,11.664129712923824,11.635375193300519,11.606425588131339,11.577277880986399,11.547928982429422,11.518375727635512,11.488614873912917,11.458643098124362,11.428456994003222,11.398053069359712,11.367427743171893,11.33657734255615,11.305498099611503,11.274186148131845,11.24263752017994,11.210848142516753,11.178813832879358,11.146530296100439,11.113993120062048,11.081197771476061,11.048139591483434,11.014813791064112,10.98121544624918,10.94733949312659,10.913180722631582,10.878733775112744,10.843993134664517,10.808953123216865,10.773607894372862,10.737951426985047,10.701977518461563,10.665679777793665,10.629051618296467,10.59208625005596,10.554776672076144,10.517115664121789,10.479095778254194,10.440709330059748,10.401948389574345,10.362804771910499,10.323270027599163,10.283335432664334,10.242991978456258,10.202230361278707,10.16104097185756,10.119413884712737,10.077338847513571,10.034805270520271,9.991802216241814,9.948318389475075,9.904342127932455,9.865215306875742,9.84745812394456,9.813427604357077,9.77565781357524,9.732206585516815,9.686562243022859,9.64113103130789,9.593714911075752,9.551171786307561,9.501845611562059,9.45513597957665,9.403227291005802,9.358320300300827,9.306322492930695,9.255781745807386,9.203699605876317,9.1527789376824,9.10091106669642,9.046930335367675,8.99495468938429,8.939732711556589,8.885739312316275,8.828457201618587,8.774192756330832,8.717496076504142,8.659659062077226,8.600191271894419,8.541281458421357,8.484085956563105,8.424078434589017,8.3672707399977,8.304279642936581,8.243062469086825,8.182035832790165,8.117897827647331,8.057657957159902,7.991719134026511,7.929007730429269,7.867337002284338,7.803161865699271,7.737163664268999,7.673748348601268,7.61290597515524,7.568944503795795,7.5420589726463945]
MinStrategy is: [73, 92, 117] + pump(5,173,39) , ['73 * 1 (-0.051897) , cost = 2094.0665 s', '92 * 1 (-0.043161) , cost = 3965.2365 s', '117 * 1 (-0.037328) , cost = 9156.5091 s'] + pump(5,173,39)
[73,92,117]
Time cost for pnj-BKZ = 4.23 h,
Time cost for pump = 7.61 h,
Total time cost = 11.84 h.
