"lwechallenge/40-025.txt" exists.
-------------------------
Primal attack, TU LWE challenge n=40, m=1600, alpha=0.025, q=1601 
Chose 171 samples. Predict solution at bkz-89 + svp-117. 
Initial slope = -0.0665978
dim = 172, dvol = 331.97353385059

After a sigma normalization,Slope = -0.066598
enumbs min_G_prec = 0.1
 Attack Estimation via simulation + probabilistic model (EnumBS in parallel)
v1. beta_start= 50, gap = 1, J = 100, J_gap = 1, cost_model = 2, max_loop = 5, threads = 2, G_prec = 1.000000e-03,  slope_prec = 1.000000e-04,  progressive_sieve = True, worst_case = 0, succ_prob = 0.999, Find minimal time cost strategy, average_case, practical_pnjbkz_d4f = 3, practical_pump_d4f = 3.
 
Find the expected minimal  Strategy through EumBS!!
bs = (slope = -4.165278e-02, G_BKZ = 4.642258e+00 log2(sec), B_BKZ = 3.147695e+01 log2(bit), cum-pr = 1.935897e-02, pump-{33,139,21}, G_dsvp = 1.087770e+01 log2(sec), B_dsvp = 3.544804e+01 bit, G = 1.089672e+01 log2(sec), B = 3.544804e+01 log2(bit),  min_GB.first = 1.089672e+01 log2(sec))
S(beta,jump,tours):[(89,9,1),(114,10,1)]
Min Cost = 10.90 log2(sec) = 1906.52 s, Memory Cost = 35.54 log2(bit) = 5.80 GB 
EnumBS cost:9.7s.



"lwechallenge/40-030.txt" exists.
-------------------------
Primal attack, TU LWE challenge n=40, m=1600, alpha=0.030, q=1601 
Chose 178 samples. Predict solution at bkz-102 + svp-133. 
Initial slope = -0.064
dim = 179, dvol = 325.16013135542

After a sigma normalization,Slope = -0.064016
enumbs min_G_prec = 0.1
 Attack Estimation via simulation + probabilistic model (EnumBS in parallel)
v1. beta_start= 50, gap = 1, J = 100, J_gap = 1, cost_model = 2, max_loop = 5, threads = 2, G_prec = 1.000000e-03,  slope_prec = 1.000000e-04,  progressive_sieve = True, worst_case = 0, succ_prob = 0.999, Find minimal time cost strategy, average_case, practical_pnjbkz_d4f = 3, practical_pump_d4f = 3.
 
Find the expected minimal  Strategy through EumBS!!
bs = (slope = -3.807609e-02, G_BKZ = 2.645378e+00 log2(sec), B_BKZ = 2.920589e+01 log2(bit), cum-pr = 2.157689e-03, pump-{27,152,22}, G_dsvp = 1.305524e+01 log2(sec), B_dsvp = 3.739111e+01 bit, G = 1.305630e+01 log2(sec), B = 3.739111e+01 log2(bit),  min_GB.first = 1.305630e+01 log2(sec))
S(beta,jump,tours):[(73,8,1),(89,9,1),(117,10,1),(119,10,1)]
Min Cost = 13.06 log2(sec) = 8518.01 s, Memory Cost = 37.40 log2(bit) = 21.05 GB 
EnumBS cost:40s.



"lwechallenge/45-020.txt" exists.
-------------------------
Primal attack, TU LWE challenge n=45, m=2025, alpha=0.020, q=2027 
Chose 184 samples. Predict solution at bkz-89 + svp-121. 
Initial slope = -0.066
dim = 185, dvol = 373.46589773268

After a sigma normalization,Slope = -0.065691
enumbs min_G_prec = 0.1
 Attack Estimation via simulation + probabilistic model (EnumBS in parallel)
v1. beta_start= 50, gap = 1, J = 100, J_gap = 1, cost_model = 2, max_loop = 5, threads = 2, G_prec = 1.000000e-03,  slope_prec = 1.000000e-04,  progressive_sieve = True, worst_case = 0, succ_prob = 0.999, Find minimal time cost strategy, average_case, practical_pnjbkz_d4f = 3, practical_pump_d4f = 3.
 
Find the expected minimal  Strategy through EumBS!!
bs = (slope = -4.052067e-02, G_BKZ = 5.446861e+00 log2(sec), B_BKZ = 3.231819e+01 log2(bit), cum-pr = 2.383398e-02, pump-{44,141,22}, G_dsvp = 1.138741e+01 log2(sec), B_dsvp = 3.575304e+01 bit, G = 1.141071e+01 log2(sec), B = 3.575304e+01 log2(bit),  min_GB.first = 1.141071e+01 log2(sec))
S(beta,jump,tours):[(73,8,1),(90,9,1),(117,10,1)]
Min Cost = 11.41 log2(sec) = 2722.50 s, Memory Cost = 35.88 log2(bit) = 7.36 GB 
EnumBS cost:19s.



"lwechallenge/50-015.txt" exists.
-------------------------
Primal attack, TU LWE challenge n=50, m=2500, alpha=0.015, q=2503 
Chose 193 samples. Predict solution at bkz-87 + svp-118. 
Initial slope = -0.068
dim = 194, dvol = 415.65527573918

After a sigma normalization,Slope = -0.068032
enumbs min_G_prec = 0.1
 Attack Estimation via simulation + probabilistic model (EnumBS in parallel)
v1. beta_start= 50, gap = 1, J = 100, J_gap = 1, cost_model = 2, max_loop = 5, threads = 2, G_prec = 1.000000e-03,  slope_prec = 1.000000e-04,  progressive_sieve = True, worst_case = 0, succ_prob = 0.999, Find minimal time cost strategy, average_case, practical_pnjbkz_d4f = 3, practical_pump_d4f = 3.
 
Find the expected minimal  Strategy through EumBS!!
bs = (slope = -4.185209e-02, G_BKZ = 4.405054e+00 log2(sec), B_BKZ = 3.063254e+01 log2(bit), cum-pr = 1.078179e-02, pump-{54,140,22}, G_dsvp = 1.142579e+01 log2(sec), B_dsvp = 3.567853e+01 bit, G = 1.143685e+01 log2(sec), B = 3.567853e+01 log2(bit),  min_GB.first = 1.143685e+01 log2(sec))
S(beta,jump,tours):[(73,8,1),(90,9,1),(114,10,1)]
Min Cost = 11.44 log2(sec) = 2772.27 s, Memory Cost = 35.72 log2(bit) = 6.60 GB 
EnumBS cost:23s.



"lwechallenge/60-010.txt" exists.
-------------------------
Primal attack, TU LWE challenge n=60, m=3600, alpha=0.010, q=3607 
Chose 221 samples. Predict solution at bkz-92 + svp-122. 
Initial slope = -0.066
dim = 222, dvol = 522.71923621791

After a sigma normalization,Slope = -0.065713
enumbs min_G_prec = 0.1
 Attack Estimation via simulation + probabilistic model (EnumBS in parallel)
v1. beta_start= 50, gap = 1, J = 100, J_gap = 1, cost_model = 2, max_loop = 5, threads = 2, G_prec = 1.000000e-03,  slope_prec = 1.000000e-04,  progressive_sieve = True, worst_case = 0, succ_prob = 0.999, Find minimal time cost strategy, average_case, practical_pnjbkz_d4f = 3, practical_pump_d4f = 3.
 
Find the expected minimal  Strategy through EumBS!!
bs = (slope = -4.031013e-02, G_BKZ = 4.267483e+00 log2(sec), B_BKZ = 2.966837e+01 log2(bit), cum-pr = 4.884921e-03, pump-{78,144,22}, G_dsvp = 1.238989e+01 log2(sec), B_dsvp = 3.619041e+01 bit, G = 1.239505e+01 log2(sec), B = 3.619041e+01 log2(bit),  min_GB.first = 1.239505e+01 log2(sec))
S(beta,jump,tours):[(89,9,1),(115,10,2)]
Min Cost = 12.40 log2(sec) = 5386.20 s, Memory Cost = 36.21 log2(bit) = 9.23 GB 
EnumBS cost:52s.



"lwechallenge/80-005.txt" exists.
-------------------------
Primal attack, TU LWE challenge n=80, m=6400, alpha=0.005, q=6421 
Chose 270 samples. Predict solution at bkz-100 + svp-132. 
Initial slope = -0.065
dim = 271, dvol = 725.69003801176

After a sigma normalization,Slope = -0.065334
enumbs min_G_prec = 0.1
 Attack Estimation via simulation + probabilistic model (EnumBS in parallel)
v1. beta_start= 50, gap = 1, J = 100, J_gap = 1, cost_model = 2, max_loop = 5, threads = 2, G_prec = 1.000000e-03,  slope_prec = 1.000000e-04,  progressive_sieve = True, worst_case = 0, succ_prob = 0.999, Find minimal time cost strategy, average_case, practical_pnjbkz_d4f = 3, practical_pump_d4f = 3.
 
Find the expected minimal  Strategy through EumBS!!
bs = (slope = -3.766134e-02, G_BKZ = 4.737610e+00 log2(sec), B_BKZ = 2.909869e+01 log2(bit), cum-pr = 1.997412e-03, pump-{119,152,22}, G_dsvp = 1.422066e+01 log2(sec), B_dsvp = 3.740465e+01 bit, G = 1.422267e+01 log2(sec), B = 3.740465e+01 log2(bit),  min_GB.first = 1.422267e+01 log2(sec))
S(beta,jump,tours):[(89,9,1),(90,9,1),(117,10,3),(119,10,1)]
Min Cost = 14.22 log2(sec) = 19118.38 s, Memory Cost = 37.41 log2(bit) = 21.25 GB 
EnumBS cost:2e+02s.



"lwechallenge/40-035.txt" exists.
-------------------------
Primal attack, TU LWE challenge n=40, m=1600, alpha=0.035, q=1601 
Chose 187 samples. Predict solution at bkz-114 + svp-148. 
Initial slope = -0.06
dim = 188, dvol = 327.73882468246

After a sigma normalization,Slope = -0.059717
enumbs min_G_prec = 0.1
 Attack Estimation via simulation + probabilistic model (EnumBS in parallel)
v1. beta_start= 50, gap = 1, J = 100, J_gap = 1, cost_model = 2, max_loop = 5, threads = 2, G_prec = 1.000000e-03,  slope_prec = 1.000000e-04,  progressive_sieve = True, worst_case = 0, succ_prob = 0.999, Find minimal time cost strategy, average_case, practical_pnjbkz_d4f = 3, practical_pump_d4f = 3.
 
There's no strategy whose memory cost (39.804255 log(bit)) is below 38.900000 log(bit), the lowest memory cost strategy is:
bs = (slope = -3.506570e-02, G_BKZ = 9.629755e+00 log2(sec), B_BKZ = 3.532686e+01 log2(bit), cum-pr = 2.277965e-02, pump-{21,167,24}, G_dsvp = 1.705915e+01 log2(sec), B_dsvp = 3.973799e+01 bit, G = 1.706749e+01 log2(sec), B = 3.973799e+01 log2(bit),  min_GB.first = 1.706749e+01 log2(sec))
S(beta,jump,tours):[(94,9,1),(117,10,1),(119,10,1),(122,4,1),(133,4,1)]
Min Cost = 17.07 log2(sec) = 137349.42 s, Memory Cost = 39.80 log2(bit) = 111.76 GB 
EnumBS cost:1.4e+02s.



"lwechallenge/40-040.txt" exists.
-------------------------
Primal attack, TU LWE challenge n=40, m=1600, alpha=0.040, q=1601 
Chose 191 samples. Predict solution at bkz-128 + svp-162. 
Initial slope = -0.057
dim = 192, dvol = 315.51042609031

After a sigma normalization,Slope = -0.056585
enumbs min_G_prec = 0.1
 Attack Estimation via simulation + probabilistic model (EnumBS in parallel)
v1. beta_start= 50, gap = 1, J = 100, J_gap = 1, cost_model = 2, max_loop = 5, threads = 2, G_prec = 1.000000e-03,  slope_prec = 1.000000e-04,  progressive_sieve = True, worst_case = 0, succ_prob = 0.999, Find minimal time cost strategy, average_case, practical_pnjbkz_d4f = 3, practical_pump_d4f = 3.
 
There's no strategy whose memory cost (42.427943 log(bit)) is below 38.900000 log(bit), the lowest memory cost strategy is:
bs = (slope = -3.357839e-02, G_BKZ = 1.318725e+01 log2(sec), B_BKZ = 3.805438e+01 log2(bit), cum-pr = 2.305763e-02, pump-{11,181,25}, G_dsvp = 2.170146e+01 log2(sec), B_dsvp = 4.235661e+01 bit, G = 2.170540e+01 log2(sec), B = 4.235661e+01 log2(bit),  min_GB.first = 2.170540e+01 log2(sec))
S(beta,jump,tours):[(89,9,1),(114,10,1),(117,10,1),(117,4,1),(131,4,1),(141,4,1),(147,4,1)]
Min Cost = 21.71 log2(sec) = 3419608.74 s, Memory Cost = 42.43 log2(bit) = 688.80 GB 
EnumBS cost:2.1e+02s.



"lwechallenge/50-025.txt" exists.
-------------------------
Primal attack, TU LWE challenge n=50, m=2500, alpha=0.025, q=2503 
Chose 219 samples. Predict solution at bkz-130 + svp-161. 
Initial slope = -0.058
dim = 220, dvol = 412.46597436512

After a sigma normalization,Slope = -0.057964
enumbs min_G_prec = 0.1
 Attack Estimation via simulation + probabilistic model (EnumBS in parallel)
