"lwechallenge/40-025.txt" exists.
-------------------------
Primal attack, TU LWE challenge n=40, m=1600, alpha=0.025, q=1601 
Chose 171 samples. Predict solution at bkz-89 + svp-117. 
Initial slope = -0.0665978
dim = 172, dvol = 331.97353385059

After a sigma normalization,Slope = -0.066598
enumbs min_G_prec = 0.1
 Attack Estimation via simulation + probabilistic model (EnumBS in parallel)
v1. beta_start= 50, gap = 1, J = 100, J_gap = 1, cost_model = 2, max_loop = 5, threads = 2, G_prec = 1.000000e-03,  slope_prec = 1.000000e-04,  progressive_sieve = True, worst_case = 0, succ_prob = 0.999, Find minimal time cost strategy, average_case, practical_pnjbkz_d4f = 3, practical_pump_d4f = 2.
 
Find the expected minimal  Strategy through EumBS!!
bs = (slope = -4.106301e-02, G_BKZ = 6.388629e+00 log2(sec), B_BKZ = 3.364701e+01 log2(bit), cum-pr = 5.987032e-02, pump-{34,138,20}, G_dsvp = 1.098001e+01 log2(sec), B_dsvp = 3.552764e+01 bit, G = 1.103865e+01 log2(sec), B = 3.552764e+01 log2(bit),  min_GB.first = 1.103865e+01 log2(sec))
S(beta,jump,tours):[(89,9,1),(117,10,1)]
Min Cost = 11.04 log2(sec) = 2103.61 s, Memory Cost = 35.87 log2(bit) = 7.33 GB 
EnumBS cost:17s.



"lwechallenge/40-030.txt" exists.
-------------------------
Primal attack, TU LWE challenge n=40, m=1600, alpha=0.030, q=1601 
Chose 178 samples. Predict solution at bkz-102 + svp-133. 
Initial slope = -0.064
dim = 179, dvol = 325.16013135542

After a sigma normalization,Slope = -0.064016
enumbs min_G_prec = 0.1
 Attack Estimation via simulation + probabilistic model (EnumBS in parallel)
v1. beta_start= 50, gap = 1, J = 100, J_gap = 1, cost_model = 2, max_loop = 5, threads = 2, G_prec = 1.000000e-03,  slope_prec = 1.000000e-04,  progressive_sieve = True, worst_case = 0, succ_prob = 0.999, Find minimal time cost strategy, average_case, practical_pnjbkz_d4f = 3, practical_pump_d4f = 2.
 
Find the expected minimal  Strategy through EumBS!!
bs = (slope = -3.737957e-02, G_BKZ = 5.650982e+00 log2(sec), B_BKZ = 3.141406e+01 log2(bit), cum-pr = 1.273587e-02, pump-{27,152,21}, G_dsvp = 1.342124e+01 log2(sec), B_dsvp = 3.757648e+01 bit, G = 1.342784e+01 log2(sec), B = 3.757648e+01 log2(bit),  min_GB.first = 1.342784e+01 log2(sec))
S(beta,jump,tours):[(93,9,1),(117,10,1),(117,4,1)]
Min Cost = 13.43 log2(sec) = 11019.99 s, Memory Cost = 37.60 log2(bit) = 24.19 GB 
EnumBS cost:81s.



"lwechallenge/45-020.txt" exists.
-------------------------
Primal attack, TU LWE challenge n=45, m=2025, alpha=0.020, q=2027 
Chose 184 samples. Predict solution at bkz-89 + svp-121. 
Initial slope = -0.066
dim = 185, dvol = 373.46589773268

After a sigma normalization,Slope = -0.065691
enumbs min_G_prec = 0.1
 Attack Estimation via simulation + probabilistic model (EnumBS in parallel)
v1. beta_start= 50, gap = 1, J = 100, J_gap = 1, cost_model = 2, max_loop = 5, threads = 2, G_prec = 1.000000e-03,  slope_prec = 1.000000e-04,  progressive_sieve = True, worst_case = 0, succ_prob = 0.999, Find minimal time cost strategy, average_case, practical_pnjbkz_d4f = 3, practical_pump_d4f = 2.
 
Find the expected minimal  Strategy through EumBS!!
bs = (slope = -3.993348e-02, G_BKZ = 6.139946e+00 log2(sec), B_BKZ = 3.286925e+01 log2(bit), cum-pr = 3.492068e-02, pump-{45,140,20}, G_dsvp = 1.152936e+01 log2(sec), B_dsvp = 3.584859e+01 bit, G = 1.156337e+01 log2(sec), B = 3.584859e+01 log2(bit),  min_GB.first = 1.156337e+01 log2(sec))
S(beta,jump,tours):[(89,9,1),(92,9,1),(117,10,1)]
Min Cost = 11.56 log2(sec) = 3026.37 s, Memory Cost = 36.02 log2(bit) = 8.12 GB 
EnumBS cost:39s.



"lwechallenge/50-015.txt" exists.
-------------------------
Primal attack, TU LWE challenge n=50, m=2500, alpha=0.015, q=2503 
Chose 193 samples. Predict solution at bkz-87 + svp-118. 
Initial slope = -0.068
dim = 194, dvol = 415.65527573918

After a sigma normalization,Slope = -0.068032
enumbs min_G_prec = 0.1
 Attack Estimation via simulation + probabilistic model (EnumBS in parallel)
v1. beta_start= 50, gap = 1, J = 100, J_gap = 1, cost_model = 2, max_loop = 5, threads = 2, G_prec = 1.000000e-03,  slope_prec = 1.000000e-04,  progressive_sieve = True, worst_case = 0, succ_prob = 0.999, Find minimal time cost strategy, average_case, practical_pnjbkz_d4f = 3, practical_pump_d4f = 2.
 
Find the expected minimal  Strategy through EumBS!!
bs = (slope = -4.064085e-02, G_BKZ = 7.073947e+00 log2(sec), B_BKZ = 3.362995e+01 log2(bit), cum-pr = 5.916657e-02, pump-{56,138,20}, G_dsvp = 1.148627e+01 log2(sec), B_dsvp = 3.555377e+01 bit, G = 1.155248e+01 log2(sec), B = 3.555377e+01 log2(bit),  min_GB.first = 1.155248e+01 log2(sec))
S(beta,jump,tours):[(89,9,1),(90,9,1),(117,10,1)]
Min Cost = 11.55 log2(sec) = 3003.61 s, Memory Cost = 35.89 log2(bit) = 7.42 GB 
EnumBS cost:47s.



"lwechallenge/60-010.txt" exists.
-------------------------
Primal attack, TU LWE challenge n=60, m=3600, alpha=0.010, q=3607 
Chose 221 samples. Predict solution at bkz-92 + svp-122. 
Initial slope = -0.066
dim = 222, dvol = 522.71923621791

After a sigma normalization,Slope = -0.065713
enumbs min_G_prec = 0.1
 Attack Estimation via simulation + probabilistic model (EnumBS in parallel)
v1. beta_start= 50, gap = 1, J = 100, J_gap = 1, cost_model = 2, max_loop = 5, threads = 2, G_prec = 1.000000e-03,  slope_prec = 1.000000e-04,  progressive_sieve = True, worst_case = 0, succ_prob = 0.999, Find minimal time cost strategy, average_case, practical_pnjbkz_d4f = 3, practical_pump_d4f = 2.
 
Find the expected minimal  Strategy through EumBS!!
bs = (slope = -3.984497e-02, G_BKZ = 5.940901e+00 log2(sec), B_BKZ = 3.161304e+01 log2(bit), cum-pr = 1.461931e-02, pump-{79,143,20}, G_dsvp = 1.249739e+01 log2(sec), B_dsvp = 3.629671e+01 bit, G = 1.251264e+01 log2(sec), B = 3.629671e+01 log2(bit),  min_GB.first = 1.251264e+01 log2(sec))
S(beta,jump,tours):[(89,9,1),(117,10,2)]
Min Cost = 12.51 log2(sec) = 5843.59 s, Memory Cost = 36.35 log2(bit) = 10.21 GB 
EnumBS cost:1e+02s.



"lwechallenge/80-005.txt" exists.
-------------------------
Primal attack, TU LWE challenge n=80, m=6400, alpha=0.005, q=6421 
Chose 270 samples. Predict solution at bkz-100 + svp-132. 
Initial slope = -0.065
dim = 271, dvol = 725.69003801176

After a sigma normalization,Slope = -0.065334
enumbs min_G_prec = 0.1
 Attack Estimation via simulation + probabilistic model (EnumBS in parallel)
v1. beta_start= 50, gap = 1, J = 100, J_gap = 1, cost_model = 2, max_loop = 5, threads = 2, G_prec = 1.000000e-03,  slope_prec = 1.000000e-04,  progressive_sieve = True, worst_case = 0, succ_prob = 0.999, Find minimal time cost strategy, average_case, practical_pnjbkz_d4f = 3, practical_pump_d4f = 2.
 
Find the expected minimal  Strategy through EumBS!!
bs = (slope = -3.736941e-02, G_BKZ = 5.725440e+00 log2(sec), B_BKZ = 2.999905e+01 log2(bit), cum-pr = 3.694195e-03, pump-{120,151,20}, G_dsvp = 1.440555e+01 log2(sec), B_dsvp = 3.755674e+01 bit, G = 1.440906e+01 log2(sec), B = 3.755674e+01 log2(bit),  min_GB.first = 1.440906e+01 log2(sec))
S(beta,jump,tours):[(73,8,1),(89,9,1),(90,9,1),(117,10,2),(119,10,2)]
Min Cost = 14.41 log2(sec) = 21755.04 s, Memory Cost = 37.56 log2(bit) = 23.66 GB 
EnumBS cost:3.7e+02s.



"lwechallenge/40-035.txt" exists.
-------------------------
Primal attack, TU LWE challenge n=40, m=1600, alpha=0.035, q=1601 
Chose 187 samples. Predict solution at bkz-114 + svp-148. 
Initial slope = -0.06
dim = 188, dvol = 327.73882468246

After a sigma normalization,Slope = -0.059717
enumbs min_G_prec = 0.1
 Attack Estimation via simulation + probabilistic model (EnumBS in parallel)
v1. beta_start= 50, gap = 1, J = 100, J_gap = 1, cost_model = 2, max_loop = 5, threads = 2, G_prec = 1.000000e-03,  slope_prec = 1.000000e-04,  progressive_sieve = True, worst_case = 0, succ_prob = 0.999, Find minimal time cost strategy, average_case, practical_pnjbkz_d4f = 3, practical_pump_d4f = 2.
 
Find the expected minimal  Strategy through EumBS!!
bs = (slope = -3.471675e-02, G_BKZ = 1.198460e+01 log2(sec), B_BKZ = 3.785596e+01 log2(bit), cum-pr = 7.550161e-02, pump-{22,166,21}, G_dsvp = 1.753604e+01 log2(sec), B_dsvp = 3.993166e+01 bit, G = 1.756648e+01 log2(sec), B = 3.993166e+01 log2(bit),  min_GB.first = 1.756648e+01 log2(sec))
S(beta,jump,tours):[(94,9,1),(117,10,2),(119,4,1),(137,4,1)]
Min Cost = 17.57 log2(sec) = 194104.95 s, Memory Cost = 40.24 log2(bit) = 151.04 GB 
EnumBS cost:2.7e+02s.



"lwechallenge/40-040.txt" exists.
-------------------------
Primal attack, TU LWE challenge n=40, m=1600, alpha=0.040, q=1601 
Chose 191 samples. Predict solution at bkz-128 + svp-162. 
Initial slope = -0.057
dim = 192, dvol = 315.51042609031

After a sigma normalization,Slope = -0.056585
enumbs min_G_prec = 0.1
 Attack Estimation via simulation + probabilistic model (EnumBS in parallel)
v1. beta_start= 50, gap = 1, J = 100, J_gap = 1, cost_model = 2, max_loop = 5, threads = 2, G_prec = 1.000000e-03,  slope_prec = 1.000000e-04,  progressive_sieve = True, worst_case = 0, succ_prob = 0.999, Find minimal time cost strategy, average_case, practical_pnjbkz_d4f = 3, practical_pump_d4f = 2.
 
Find the expected minimal  Strategy through EumBS!!
bs = (slope = -3.334380e-02, G_BKZ = 1.519541e+01 log2(sec), B_BKZ = 3.992860e+01 log2(bit), cum-pr = 5.435997e-02, pump-{11,181,23}, G_dsvp = 2.233057e+01 log2(sec), B_dsvp = 4.265521e+01 bit, G = 2.234080e+01 log2(sec), B = 4.265521e+01 log2(bit),  min_GB.first = 2.234080e+01 log2(sec))
S(beta,jump,tours):[(95,9,1),(117,10,1),(119,10,1),(121,4,1),(141,4,1),(150,4,1)]
Min Cost = 22.34 log2(sec) = 5311901.91 s, Memory Cost = 42.86 log2(bit) = 928.14 GB 
EnumBS cost:3.9e+02s.



"lwechallenge/45-030.txt" exists.
-------------------------
Primal attack, TU LWE challenge n=45, m=2025, alpha=0.030, q=2027 
Chose 201 samples. Predict solution at bkz-123 + svp-157. 
Initial slope = -0.06
dim = 202, dvol = 358.06633582192

After a sigma normalization,Slope = -0.060080
enumbs min_G_prec = 0.1
 Attack Estimation via simulation + probabilistic model (EnumBS in parallel)
v1. beta_start= 50, gap = 1, J = 100, J_gap = 1, cost_model = 2, max_loop = 5, threads = 2, G_prec = 1.000000e-03,  slope_prec = 1.000000e-04,  progressive_sieve = True, worst_case = 0, succ_prob = 0.999, Find minimal time cost strategy, average_case, practical_pnjbkz_d4f = 3, practical_pump_d4f = 2.
 
Find the expected minimal  Strategy through EumBS!!
bs = (slope = -3.350474e-02, G_BKZ = 1.468560e+01 log2(sec), B_BKZ = 3.969101e+01 log2(bit), cum-pr = 7.840040e-02, pump-{27,175,22}, G_dsvp = 2.049639e+01 log2(sec), B_dsvp = 4.157646e+01 bit, G = 2.052187e+01 log2(sec), B = 4.157646e+01 log2(bit),  min_GB.first = 2.052187e+01 log2(sec))
S(beta,jump,tours):[(91,9,1),(95,9,1),(117,10,1),(119,10,1),(120,4,1),(133,4,1),(146,4,1)]
Min Cost = 20.52 log2(sec) = 1505557.84 s, Memory Cost = 41.92 log2(bit) = 485.07 GB 
EnumBS cost:5.3e+02s.



"lwechallenge/50-025.txt" exists.
-------------------------
Primal attack, TU LWE challenge n=50, m=2500, alpha=0.025, q=2503 
Chose 219 samples. Predict solution at bkz-130 + svp-161. 
Initial slope = -0.058
dim = 220, dvol = 412.46597436512

After a sigma normalization,Slope = -0.057964
enumbs min_G_prec = 0.1
 Attack Estimation via simulation + probabilistic model (EnumBS in parallel)
v1. beta_start= 50, gap = 1, J = 100, J_gap = 1, cost_model = 2, max_loop = 5, threads = 2, G_prec = 1.000000e-03,  slope_prec = 1.000000e-04,  progressive_sieve = True, worst_case = 0, succ_prob = 0.999, Find minimal time cost strategy, average_case, practical_pnjbkz_d4f = 3, practical_pump_d4f = 2.
 
Find the expected minimal  Strategy through EumBS!!
bs = (slope = -3.276972e-02, G_BKZ = 1.618429e+01 log2(sec), B_BKZ = 4.038653e+01 log2(bit), cum-pr = 7.437943e-02, pump-{40,180,22}, G_dsvp = 2.203548e+01 log2(sec), B_dsvp = 4.238906e+01 bit, G = 2.206026e+01 log2(sec), B = 4.238906e+01 log2(bit),  min_GB.first = 2.206026e+01 log2(sec))
S(beta,jump,tours):[(89,9,1),(94,9,1),(117,10,1),(119,10,1),(119,4,1),(129,4,1),(141,4,1),(150,4,1)]
Min Cost = 22.06 log2(sec) = 4373208.70 s, Memory Cost = 42.71 log2(bit) = 837.81 GB 
EnumBS cost:7.4e+02s.



"lwechallenge/55-020.txt" exists.
-------------------------
Primal attack, TU LWE challenge n=55, m=3025, alpha=0.020, q=3037 
Chose 230 samples. Predict solution at bkz-128 + svp-161. 
Initial slope = -0.059
dim = 231, dvol = 454.63428930493

After a sigma normalization,Slope = -0.058674
enumbs min_G_prec = 0.1
 Attack Estimation via simulation + probabilistic model (EnumBS in parallel)
v1. beta_start= 50, gap = 1, J = 100, J_gap = 1, cost_model = 2, max_loop = 5, threads = 2, G_prec = 1.000000e-03,  slope_prec = 1.000000e-04,  progressive_sieve = True, worst_case = 0, succ_prob = 0.999, Find minimal time cost strategy, average_case, practical_pnjbkz_d4f = 3, practical_pump_d4f = 2.
 
Find the expected minimal  Strategy through EumBS!!
bs = (slope = -3.267267e-02, G_BKZ = 1.598118e+01 log2(sec), B_BKZ = 4.006536e+01 log2(bit), cum-pr = 6.873318e-02, pump-{52,179,22}, G_dsvp = 2.184427e+01 log2(sec), B_dsvp = 4.227642e+01 bit, G = 2.186884e+01 log2(sec), B = 4.227642e+01 log2(bit),  min_GB.first = 2.186884e+01 log2(sec))
S(beta,jump,tours):[(73,8,1),(89,9,1),(117,10,2),(117,4,1),(123,4,1),(131,4,1),(141,4,1),(149,4,1)]
Min Cost = 21.87 log2(sec) = 3829812.84 s, Memory Cost = 42.56 log2(bit) = 754.06 GB 
EnumBS cost:8.9e+02s.



"lwechallenge/60-015.txt" exists.
-------------------------
Primal attack, TU LWE challenge n=60, m=3600, alpha=0.015, q=3607 
Chose 241 samples. Predict solution at bkz-121 + svp-154. 
Initial slope = -0.059
dim = 242, dvol = 516.70005929558

After a sigma normalization,Slope = -0.059337
enumbs min_G_prec = 0.1
 Attack Estimation via simulation + probabilistic model (EnumBS in parallel)
v1. beta_start= 50, gap = 1, J = 100, J_gap = 1, cost_model = 2, max_loop = 5, threads = 2, G_prec = 1.000000e-03,  slope_prec = 1.000000e-04,  progressive_sieve = True, worst_case = 0, succ_prob = 0.999, Find minimal time cost strategy, average_case, practical_pnjbkz_d4f = 3, practical_pump_d4f = 2.
 
Find the expected minimal  Strategy through EumBS!!
bs = (slope = -3.330443e-02, G_BKZ = 1.384016e+01 log2(sec), B_BKZ = 3.833852e+01 log2(bit), cum-pr = 6.285390e-02, pump-{71,171,22}, G_dsvp = 1.939747e+01 log2(sec), B_dsvp = 4.086955e+01 bit, G = 1.942779e+01 log2(sec), B = 4.086955e+01 log2(bit),  min_GB.first = 1.942779e+01 log2(sec))
S(beta,jump,tours):[(91,9,1),(92,9,1),(117,10,2),(117,4,1),(128,4,1),(134,4,1),(141,4,1)]
Min Cost = 19.43 log2(sec) = 705256.76 s, Memory Cost = 41.10 log2(bit) = 274.33 GB 
EnumBS cost:7.6e+02s.



"lwechallenge/65-010.txt" exists.
-------------------------
Primal attack, TU LWE challenge n=65, m=4225, alpha=0.010, q=4229 
Chose 243 samples. Predict solution at bkz-108 + svp-137. 
Initial slope = -0.063
dim = 244, dvol = 572.57997452285

After a sigma normalization,Slope = -0.062932
enumbs min_G_prec = 0.1
 Attack Estimation via simulation + probabilistic model (EnumBS in parallel)
v1. beta_start= 50, gap = 1, J = 100, J_gap = 1, cost_model = 2, max_loop = 5, threads = 2, G_prec = 1.000000e-03,  slope_prec = 1.000000e-04,  progressive_sieve = True, worst_case = 0, succ_prob = 0.999, Find minimal time cost strategy, average_case, practical_pnjbkz_d4f = 3, practical_pump_d4f = 2.
 
Find the expected minimal  Strategy through EumBS!!
bs = (slope = -3.603941e-02, G_BKZ = 6.882980e+00 log2(sec), B_BKZ = 3.081638e+01 log2(bit), cum-pr = 6.688743e-03, pump-{88,156,21}, G_dsvp = 1.512510e+01 log2(sec), B_dsvp = 3.834481e+01 bit, G = 1.512985e+01 log2(sec), B = 3.834481e+01 log2(bit),  min_GB.first = 1.512985e+01 log2(sec))
S(beta,jump,tours):[(89,9,1),(91,9,1),(117,10,2),(117,4,1),(119,4,1)]
Min Cost = 15.13 log2(sec) = 35854.18 s, Memory Cost = 38.35 log2(bit) = 40.86 GB 
EnumBS cost:3.5e+02s.



"lwechallenge/70-010.txt" exists.
-------------------------
Primal attack, TU LWE challenge n=70, m=4900, alpha=0.010, q=4903 
Chose 262 samples. Predict solution at bkz-121 + svp-154. 
Initial slope = -0.06
dim = 263, dvol = 607.82998779217

After a sigma normalization,Slope = -0.060093
enumbs min_G_prec = 0.1
 Attack Estimation via simulation + probabilistic model (EnumBS in parallel)
v1. beta_start= 50, gap = 1, J = 100, J_gap = 1, cost_model = 2, max_loop = 5, threads = 2, G_prec = 1.000000e-03,  slope_prec = 1.000000e-04,  progressive_sieve = True, worst_case = 0, succ_prob = 0.999, Find minimal time cost strategy, average_case, practical_pnjbkz_d4f = 3, practical_pump_d4f = 2.
 
Find the expected minimal  Strategy through EumBS!!
bs = (slope = -3.304690e-02, G_BKZ = 1.458630e+01 log2(sec), B_BKZ = 3.869868e+01 log2(bit), cum-pr = 8.219369e-02, pump-{93,170,22}, G_dsvp = 1.932896e+01 log2(sec), B_dsvp = 4.067106e+01 bit, G = 1.938186e+01 log2(sec), B = 4.067106e+01 log2(bit),  min_GB.first = 1.938186e+01 log2(sec))
S(beta,jump,tours):[(73,8,1),(89,9,1),(117,10,3),(117,4,1),(119,4,1),(128,4,1),(136,4,1),(141,4,1)]
Min Cost = 19.38 log2(sec) = 683159.03 s, Memory Cost = 41.00 log2(bit) = 255.74 GB 
EnumBS cost:1e+03s.



"lwechallenge/90-005.txt" exists.
-------------------------
Primal attack, TU LWE challenge n=90, m=8100, alpha=0.005, q=8101 
Chose 306 samples. Predict solution at bkz-127 + svp-156. 
Initial slope = -0.06
dim = 307, dvol = 807.55779063989

After a sigma normalization,Slope = -0.060246
enumbs min_G_prec = 0.1
 Attack Estimation via simulation + probabilistic model (EnumBS in parallel)
v1. beta_start= 50, gap = 1, J = 100, J_gap = 1, cost_model = 2, max_loop = 5, threads = 2, G_prec = 1.000000e-03,  slope_prec = 1.000000e-04,  progressive_sieve = True, worst_case = 0, succ_prob = 0.999, Find minimal time cost strategy, average_case, practical_pnjbkz_d4f = 3, practical_pump_d4f = 2.
 
Find the expected minimal  Strategy through EumBS!!
bs = (slope = -3.246032e-02, G_BKZ = 1.558308e+01 log2(sec), B_BKZ = 3.894345e+01 log2(bit), cum-pr = 7.411070e-02, pump-{134,173,22}, G_dsvp = 2.044971e+01 log2(sec), B_dsvp = 4.123350e+01 bit, G = 2.049833e+01 log2(sec), B = 4.123350e+01 log2(bit),  min_GB.first = 2.049833e+01 log2(sec))
S(beta,jump,tours):[(89,9,2),(94,9,1),(114,10,1),(117,10,2),(117,4,2),(120,4,1),(128,4,1),(132,4,1),(141,4,1),(143,4,1)]
Min Cost = 20.50 log2(sec) = 1481199.55 s, Memory Cost = 41.50 log2(bit) = 362.52 GB 
EnumBS cost:1.7e+03s.



"lwechallenge/40-045.txt" exists.
-------------------------
Primal attack, TU LWE challenge n=40, m=1600, alpha=0.045, q=1601 
Chose 194 samples. Predict solution at bkz-137 + svp-176. 
Initial slope = -0.057
dim = 195, dvol = 302.19936168844

After a sigma normalization,Slope = -0.056677
enumbs min_G_prec = 0.1
 Attack Estimation via simulation + probabilistic model (EnumBS in parallel)
v1. beta_start= 50, gap = 1, J = 100, J_gap = 1, cost_model = 2, max_loop = 5, threads = 2, G_prec = 1.000000e-03,  slope_prec = 1.000000e-04,  progressive_sieve = True, worst_case = 0, succ_prob = 0.999, Find minimal time cost strategy, average_case, practical_pnjbkz_d4f = 3, practical_pump_d4f = 2.
 
Find the expected minimal  Strategy through EumBS!!
bs = (slope = -3.240999e-02, G_BKZ = 1.766447e+01 log2(sec), B_BKZ = 4.085818e+01 log2(bit), cum-pr = 2.251338e-02, pump-{0,195,24}, G_dsvp = 2.713107e+01 log2(sec), B_dsvp = 4.533238e+01 bit, G = 2.713310e+01 log2(sec), B = 4.533238e+01 log2(bit),  min_GB.first = 2.713310e+01 log2(sec))
S(beta,jump,tours):[(77,8,1),(114,10,1),(116,10,1),(120,10,1),(128,4,1),(141,4,1),(149,2,1),(161,4,1)]
Min Cost = 27.13 log2(sec) = 147189937.76 s, Memory Cost = 45.40 log2(bit) = 5389.26 GB 
EnumBS cost:5.4e+02s.



"lwechallenge/45-035.txt" exists.
-------------------------
Primal attack, TU LWE challenge n=45, m=2025, alpha=0.035, q=2027 
Chose 210 samples. Predict solution at bkz-142 + svp-173. 
Initial slope = -0.056
dim = 211, dvol = 357.09956384954

After a sigma normalization,Slope = -0.056187
enumbs min_G_prec = 0.1
 Attack Estimation via simulation + probabilistic model (EnumBS in parallel)
v1. beta_start= 50, gap = 1, J = 100, J_gap = 1, cost_model = 2, max_loop = 5, threads = 2, G_prec = 1.000000e-03,  slope_prec = 1.000000e-04,  progressive_sieve = True, worst_case = 0, succ_prob = 0.999, Find minimal time cost strategy, average_case, practical_pnjbkz_d4f = 3, practical_pump_d4f = 2.
 
Find the expected minimal  Strategy through EumBS!!
bs = (slope = -3.200804e-02, G_BKZ = 1.855749e+01 log2(sec), B_BKZ = 4.102099e+01 log2(bit), cum-pr = 3.790110e-02, pump-{18,193,23}, G_dsvp = 2.628754e+01 log2(sec), B_dsvp = 4.480737e+01 bit, G = 2.629432e+01 log2(sec), B = 4.480737e+01 log2(bit),  min_GB.first = 2.629432e+01 log2(sec))
S(beta,jump,tours):[(89,9,2),(117,10,1),(118,9,1),(119,4,1),(131,4,1),(139,4,1),(150,4,1),(158,2,1)]
Min Cost = 26.29 log2(sec) = 82296144.28 s, Memory Cost = 44.91 log2(bit) = 3843.79 GB 
EnumBS cost:7.3e+02s.



"lwechallenge/50-030.txt" exists.
-------------------------
Primal attack, TU LWE challenge n=50, m=2500, alpha=0.030, q=2503 
Chose 227 samples. Predict solution at bkz-146 + svp-181. 
Initial slope = -0.056
dim = 228, dvol = 400.40769158427

After a sigma normalization,Slope = -0.055556
enumbs min_G_prec = 0.1
 Attack Estimation via simulation + probabilistic model (EnumBS in parallel)
v1. beta_start= 50, gap = 1, J = 100, J_gap = 1, cost_model = 2, max_loop = 5, threads = 2, G_prec = 1.000000e-03,  slope_prec = 1.000000e-04,  progressive_sieve = True, worst_case = 0, succ_prob = 0.999, Find minimal time cost strategy, average_case, practical_pnjbkz_d4f = 3, practical_pump_d4f = 2.
 
Find the expected minimal  Strategy through EumBS!!
bs = (slope = -3.097522e-02, G_BKZ = 2.240390e+01 log2(sec), B_BKZ = 4.348840e+01 log2(bit), cum-pr = 6.023551e-02, pump-{28,200,24}, G_dsvp = 2.885125e+01 log2(sec), B_dsvp = 4.611603e+01 bit, G = 2.886769e+01 log2(sec), B = 4.611603e+01 log2(bit),  min_GB.first = 2.886769e+01 log2(sec))
S(beta,jump,tours):[(73,8,1),(93,9,1),(117,10,2),(117,4,1),(124,4,1),(133,4,1),(141,4,1),(148,4,1),(155,2,1),(167,2,1)]
Min Cost = 28.87 log2(sec) = 489825192.46 s, Memory Cost = 46.33 log2(bit) = 10314.65 GB 
EnumBS cost:1.2e+03s.



"lwechallenge/55-025.txt" exists.
-------------------------
Primal attack, TU LWE challenge n=55, m=3025, alpha=0.025, q=3037 
Chose 240 samples. Predict solution at bkz-150 + svp-184. 
Initial slope = -0.056
dim = 241, dvol = 439.97692024407

After a sigma normalization,Slope = -0.056477
enumbs min_G_prec = 0.1
 Attack Estimation via simulation + probabilistic model (EnumBS in parallel)
v1. beta_start= 50, gap = 1, J = 100, J_gap = 1, cost_model = 2, max_loop = 5, threads = 2, G_prec = 1.000000e-03,  slope_prec = 1.000000e-04,  progressive_sieve = True, worst_case = 0, succ_prob = 0.999, Find minimal time cost strategy, average_case, practical_pnjbkz_d4f = 3, practical_pump_d4f = 2.
 
Find the expected minimal  Strategy through EumBS!!
bs = (slope = -3.058016e-02, G_BKZ = 2.294147e+01 log2(sec), B_BKZ = 4.345651e+01 log2(bit), cum-pr = 4.496722e-02, pump-{38,203,24}, G_dsvp = 2.993141e+01 log2(sec), B_dsvp = 4.672829e+01 bit, G = 2.994271e+01 log2(sec), B = 4.672829e+01 log2(bit),  min_GB.first = 2.994271e+01 log2(sec))
S(beta,jump,tours):[(91,9,2),(117,10,2),(117,4,1),(123,4,1),(131,4,1),(141,4,1),(146,4,1),(150,2,1),(159,2,1),(169,2,1)]
Min Cost = 29.94 log2(sec) = 1031940609.31 s, Memory Cost = 46.87 log2(bit) = 14976.60 GB 
EnumBS cost:1.6e+03s.



"lwechallenge/60-020.txt" exists.
-------------------------
Primal attack, TU LWE challenge n=60, m=3600, alpha=0.020, q=3607 
Chose 253 samples. Predict solution at bkz-146 + svp-182. 
Initial slope = -0.056
dim = 254, dvol = 494.02531552183

After a sigma normalization,Slope = -0.056398
enumbs min_G_prec = 0.1
 Attack Estimation via simulation + probabilistic model (EnumBS in parallel)
v1. beta_start= 50, gap = 1, J = 100, J_gap = 1, cost_model = 2, max_loop = 5, threads = 2, G_prec = 1.000000e-03,  slope_prec = 1.000000e-04,  progressive_sieve = True, worst_case = 0, succ_prob = 0.999, Find minimal time cost strategy, average_case, practical_pnjbkz_d4f = 3, practical_pump_d4f = 2.
 
Find the expected minimal  Strategy through EumBS!!
bs = (slope = -3.050792e-02, G_BKZ = 2.283019e+01 log2(sec), B_BKZ = 4.342911e+01 log2(bit), cum-pr = 5.913682e-02, pump-{54,200,24}, G_dsvp = 2.900592e+01 log2(sec), B_dsvp = 4.615552e+01 bit, G = 2.902574e+01 log2(sec), B = 4.615552e+01 log2(bit),  min_GB.first = 2.902574e+01 log2(sec))
S(beta,jump,tours):[(89,9,2),(117,10,2),(118,10,1),(118,4,1),(128,4,1),(130,4,1),(141,4,1),(146,4,1),(155,4,1),(159,2,1),(167,2,1)]
Min Cost = 29.03 log2(sec) = 546535177.17 s, Memory Cost = 46.36 log2(bit) = 10503.14 GB 
EnumBS cost:2e+03s.



"lwechallenge/65-015.txt" exists.
-------------------------
Primal attack, TU LWE challenge n=65, m=4225, alpha=0.015, q=4229 
Chose 261 samples. Predict solution at bkz-140 + svp-172. 
Initial slope = -0.058
dim = 262, dvol = 549.24128135648

After a sigma normalization,Slope = -0.057532
enumbs min_G_prec = 0.1
 Attack Estimation via simulation + probabilistic model (EnumBS in parallel)
v1. beta_start= 50, gap = 1, J = 100, J_gap = 1, cost_model = 2, max_loop = 5, threads = 2, G_prec = 1.000000e-03,  slope_prec = 1.000000e-04,  progressive_sieve = True, worst_case = 0, succ_prob = 0.999, Find minimal time cost strategy, average_case, practical_pnjbkz_d4f = 3, practical_pump_d4f = 2.
 
Find the expected minimal  Strategy through EumBS!!
bs = (slope = -3.118426e-02, G_BKZ = 1.972141e+01 log2(sec), B_BKZ = 4.148609e+01 log2(bit), cum-pr = 6.154298e-02, pump-{72,190,23}, G_dsvp = 2.570362e+01 log2(sec), B_dsvp = 4.433482e+01 bit, G = 2.572626e+01 log2(sec), B = 4.433482e+01 log2(bit),  min_GB.first = 2.572626e+01 log2(sec))
S(beta,jump,tours):[(75,8,1),(89,9,1),(117,10,3),(118,4,1),(121,4,1),(128,4,1),(135,4,1),(141,4,1),(144,4,1),(155,4,1),(157,2,1)]
Min Cost = 25.73 log2(sec) = 55510713.23 s, Memory Cost = 44.52 log2(bit) = 2941.54 GB 
EnumBS cost:1.8e+03s.



"lwechallenge/75-010.txt" exists.
-------------------------
Primal attack, TU LWE challenge n=75, m=5625, alpha=0.010, q=5639 
Chose 280 samples. Predict solution at bkz-137 + svp-170. 
Initial slope = -0.059
dim = 281, dvol = 637.60574731214

After a sigma normalization,Slope = -0.058740
enumbs min_G_prec = 0.1
 Attack Estimation via simulation + probabilistic model (EnumBS in parallel)
v1. beta_start= 50, gap = 1, J = 100, J_gap = 1, cost_model = 2, max_loop = 5, threads = 2, G_prec = 1.000000e-03,  slope_prec = 1.000000e-04,  progressive_sieve = True, worst_case = 0, succ_prob = 0.999, Find minimal time cost strategy, average_case, practical_pnjbkz_d4f = 3, practical_pump_d4f = 2.
 
Find the expected minimal  Strategy through EumBS!!
bs = (slope = -3.121466e-02, G_BKZ = 1.891423e+01 log2(sec), B_BKZ = 4.075633e+01 log2(bit), cum-pr = 5.725195e-02, pump-{94,187,23}, G_dsvp = 2.478254e+01 log2(sec), B_dsvp = 4.380308e+01 bit, G = 2.480702e+01 log2(sec), B = 4.380308e+01 log2(bit),  min_GB.first = 2.480702e+01 log2(sec))
S(beta,jump,tours):[(75,8,1),(90,9,1),(91,9,1),(117,10,3),(117,4,1),(118,4,1),(123,4,1),(129,4,1),(135,4,1),(141,4,1),(145,4,1),(149,2,1),(154,2,1)]
Min Cost = 24.81 log2(sec) = 29353403.62 s, Memory Cost = 43.97 log2(bit) = 2002.91 GB 
EnumBS cost:2.2e+03s.



"lwechallenge/95-005.txt" exists.
-------------------------
Primal attack, TU LWE challenge n=95, m=9025, alpha=0.005, q=9029 
Chose 322 samples. Predict solution at bkz-140 + svp-169. 
Initial slope = -0.059
dim = 323, dvol = 836.94876527566

After a sigma normalization,Slope = -0.059469
enumbs min_G_prec = 0.1
 Attack Estimation via simulation + probabilistic model (EnumBS in parallel)
v1. beta_start= 50, gap = 1, J = 100, J_gap = 1, cost_model = 2, max_loop = 5, threads = 2, G_prec = 1.000000e-03,  slope_prec = 1.000000e-04,  progressive_sieve = True, worst_case = 0, succ_prob = 0.999, Find minimal time cost strategy, average_case, practical_pnjbkz_d4f = 3, practical_pump_d4f = 2.
 
Find the expected minimal  Strategy through EumBS!!
bs = (slope = -3.080542e-02, G_BKZ = 2.044436e+01 log2(sec), B_BKZ = 4.225091e+01 log2(bit), cum-pr = 1.082738e-01, pump-{137,186,23}, G_dsvp = 2.478946e+01 log2(sec), B_dsvp = 4.354487e+01 bit, G = 2.485876e+01 log2(sec), B = 4.354487e+01 log2(bit),  min_GB.first = 2.485876e+01 log2(sec))
S(beta,jump,tours):[(89,9,1),(90,9,1),(115,10,3),(117,10,2),(117,4,1),(118,4,1),(121,4,1),(128,4,1),(130,4,1),(134,4,1),(141,4,1),(143,4,1),(148,4,1),(155,4,1),(157,4,1)]
Min Cost = 24.86 log2(sec) = 30425047.40 s, Memory Cost = 44.04 log2(bit) = 2103.16 GB 
EnumBS cost:2.6e+03s.



