New Strategy:
n = 60, alpha = 0.015, q = 3607, jump = 1, goal_margin = 1.50, MAX_TIME = inf h
[16.38126336180708, 16.38126336180708, 16.38126336180708, 16.38126336180708, 16.38126336180708, 16.38126336180708, 16.38126336180708, 16.38126336180708, 16.38126336180708, 16.38126336180708, 16.38126336180708, 16.38126336180708, 16.38126336180708, 16.38126336180708, 16.38126336180708, 16.38126336180708, 16.38126336180708, 16.38126336180708, 16.38126336180708, 16.38126336180708, 16.38126336180708, 16.38126336180708, 16.38126336180708, 16.38126336180708, 16.38126336180708, 16.38126336180708, 16.38126336180708, 16.38126336180708, 16.38126336180708, 16.38126336180708, 16.38126336180708, 16.38126336180708, 16.38126336180708, 16.38126336180708, 16.38126336180708, 16.38126336180708, 16.38126336180708, 16.38126336180708, 16.38126336180708, 16.38126336180708, 16.38126336180708, 16.38126336180708, 16.38126336180708, 16.38126336180708, 16.38126336180708, 16.38126336180708, 16.38126336180708, 16.38126336180708, 16.38126336180708, 16.38126336180708, 16.38126336180708, 16.38126336180708, 16.38126336180708, 16.38126336180708, 16.38126336180708, 16.38126336180708, 16.38126336180708, 16.38126336180708, 16.38126336180708, 16.38126336180708, 16.38126336180708, 16.38126336180708, 16.38126336180708, 16.38126336180708, 16.38126336180708, 16.38126336180708, 16.38126336180708, 16.38126336180708, 16.38126336180708, 16.38126336180708, 16.38126336180708, 16.38126336180708, 16.38126336180708, 16.38126336180708, 16.38126336180708, 16.38126336180708, 16.38126336180708, 16.38126336180708, 16.38126336180708, 16.38126336180708, 16.38126336180708, 16.38126336180708, 16.38126336180708, 16.38126336180708, 16.38126336180708, 16.38126336180708, 16.38126336180708, 16.38126336180708, 16.38126336180708, 16.38126336180708, 16.38126336180708, 16.38126336180708, 16.38126336180708, 16.38126336180708, 16.38126336180708, 16.38126336180708, 16.36695053481587, 16.13171523771403, 16.07464711794076, 16.173344798938547, 16.151348698960092, 16.054912071383615, 16.086264391554483, 15.99287877663834, 15.84712751975301, 15.686389260735027, 15.658746473491812, 15.595231978870272, 15.661577658240294, 15.413331651139146, 15.251495930923992, 15.252592082278367, 15.067418753753586, 14.848805549608933, 14.69735005522035, 14.779634077618208, 14.755661454372733, 14.58109342137579, 14.582180573826236, 14.618581078361542, 14.528852417686567, 14.334272009739198, 14.248197819451113, 14.157216407828502, 13.99746044618207, 13.883346926115719, 13.804748283903372, 13.614510533056675, 13.445557792125468, 13.522283801466987, 13.43153868545522, 13.436280312623223, 13.322340206861645, 13.15870181525582, 13.153684318347572, 12.997989761673782, 12.944918886146981, 12.7648695850183, 12.512619536936139, 12.539570772903224, 12.61853304292281, 12.597870422929338, 12.427559226934832, 12.373328366881493, 12.255129953563339, 12.235032673031558, 12.084781057877485, 12.265671877459162, 12.06850700924958, 11.97421264048416, 11.792470704463433, 11.69577052938007, 11.56430817984226, 11.559904011245685, 11.549663733455525, 11.301856963176176, 11.03084044481203, 10.930234847850373, 10.86680807631174, 10.84989552580924, 10.840325699982063, 10.839917199405958, 10.759413241577326, 10.759636192443697, 10.561470794668564, 10.37533740515614, 10.324312031544027, 10.170861635592992, 10.219251650915142, 10.269727713085828, 10.009482147360096, 9.89518994165129, 9.68540290606, 9.73996044830099, 9.620201152339318, 9.466422099143578, 9.629696900861905, 9.57235368529934, 9.372242612020846, 9.340899007981331, 9.125219420736578, 9.172568652805396, 9.105894434492916, 8.968690348627227, 8.749552958381202, 8.922484987815663, 8.769230622061503, 8.767964592936947, 8.568836687200006, 8.368128309430833, 8.30832409061224, 8.341173828860944, 8.244412336746285, 8.077628879518723, 7.903328204595478, 7.885513530361234, 7.66079499724804, 7.714431442719799, 7.4530491903803755, 7.290853427943613, 7.310448541507391, 7.160129980578405, 7.1567912393325654, 7.021011092105155, 6.901958370655818, 6.919336649161226, 6.941643554027601, 6.754275626725615, 6.673317459056849, 6.597918444333111, 6.5615185502773805, 6.4845261061234565, 6.391477165759071, 6.3737028854089885, 6.147227168477802, 6.077001908889681, 6.093000548563311, 5.93987559000789, 5.861913736844936, 5.710152924356877, 5.648165481890854, 5.486160134253006, 5.353468279545466, 5.370087277464632, 5.130366078943641, 5.277924950033444, 5.095431342808114, 5.16303198149652, 4.986413900561754, 4.769072192770395, 4.544696119647969, 4.689391348144915, 4.57685246693595, 4.433388950576671, 4.437972581057154, 4.206136314818581, 4.013987682783425, 4.095778864170317, 4.067756394331332, 4.082603830779147, 3.9565067523326105, 4.041130148982041, 3.8970675378074247, 3.8575062508758196, 3.858550534436128, 3.735988866228919, 3.691762168262783, 3.849114828223335, 3.661948046194982]
Blocksize strategy selection process: -0.057393 --> -0.057393, len_BS = 1
Blocksize strategy selection process: -0.048359 --> -0.027004, len_BS = 201
Blocksize strategy selection process: -0.048192 --> -0.027003, len_BS = 309
Blocksize strategy selection process: -0.048024 --> -0.027003, len_BS = 403
Blocksize strategy selection process: -0.047856 --> -0.027003, len_BS = 492
Blocksize strategy selection process: -0.047688 --> -0.027003, len_BS = 570
Blocksize strategy selection process: -0.043485 --> -0.027003, len_BS = 651
Blocksize strategy selection process: -0.043363 --> -0.027003, len_BS = 705
Blocksize strategy selection process: -0.043272 --> -0.027003, len_BS = 779
Blocksize strategy selection process: -0.043240 --> -0.027003, len_BS = 839
Blocksize strategy selection process: -0.043150 --> -0.027003, len_BS = 891
Blocksize strategy selection process: -0.043116 --> -0.027003, len_BS = 954
Blocksize strategy selection process: -0.043060 --> -0.027003, len_BS = 1004
Blocksize strategy selection process: -0.043027 --> -0.027003, len_BS = 1033
Blocksize strategy selection process: -0.042992 --> -0.027003, len_BS = 1090
Blocksize strategy selection process: -0.042937 --> -0.027003, len_BS = 1134
Blocksize strategy selection process: -0.042904 --> -0.027003, len_BS = 1155
Blocksize strategy selection process: -0.040930 --> -0.027003, len_BS = 1208
Blocksize strategy selection process: -0.040856 --> -0.027003, len_BS = 1213
Blocksize strategy selection process: -0.040781 --> -0.027003, len_BS = 1264
Blocksize strategy selection process: -0.040706 --> -0.027003, len_BS = 1322
Blocksize strategy selection process: -0.040695 --> -0.027003, len_BS = 1375
Blocksize strategy selection process: -0.040685 --> -0.027003, len_BS = 1357
Blocksize strategy selection process: -0.040663 --> -0.027003, len_BS = 1357
Blocksize strategy selection process: -0.040633 --> -0.027003, len_BS = 1358
Blocksize strategy selection process: -0.039941 --> -0.027003, len_BS = 1360
Blocksize strategy selection process: -0.039061 --> -0.027003, len_BS = 1404
Blocksize strategy selection process: -0.039008 --> -0.027002, len_BS = 1398
Blocksize strategy selection process: -0.038974 --> -0.027002, len_BS = 1444
Blocksize strategy selection process: -0.038955 --> -0.027002, len_BS = 1485
Blocksize strategy selection process: -0.038922 --> -0.027002, len_BS = 1508
Blocksize strategy selection process: -0.038902 --> -0.027002, len_BS = 1552
Blocksize strategy selection process: -0.038889 --> -0.027002, len_BS = 1580
Blocksize strategy selection process: -0.038869 --> -0.027002, len_BS = 1592
Blocksize strategy selection process: -0.038848 --> -0.027002, len_BS = 1628
Blocksize strategy selection process: -0.038796 --> -0.027002, len_BS = 1650
Blocksize strategy selection process: -0.038783 --> -0.027002, len_BS = 1713
Blocksize strategy selection process: -0.037960 --> -0.027002, len_BS = 1732
Blocksize strategy selection process: -0.037934 --> -0.027002, len_BS = 1753
Blocksize strategy selection process: -0.037908 --> -0.027002, len_BS = 1806
Blocksize strategy selection process: -0.037866 --> -0.027002, len_BS = 1859
Blocksize strategy selection process: -0.037840 --> -0.027002, len_BS = 1934
Blocksize strategy selection process: -0.037795 --> -0.027002, len_BS = 1980
Blocksize strategy selection process: -0.037311 --> -0.027002, len_BS = 1980
Blocksize strategy selection process: -0.037292 --> -0.027002, len_BS = 1915
Blocksize strategy selection process: -0.037281 --> -0.027002, len_BS = 1954
Blocksize strategy selection process: -0.037273 --> -0.027002, len_BS = 1982
Blocksize strategy selection process: -0.037262 --> -0.027002, len_BS = 2001
Blocksize strategy selection process: -0.037225 --> -0.027002, len_BS = 2026
Blocksize strategy selection process: -0.037206 --> -0.027002, len_BS = 2103
Blocksize strategy selection process: -0.037195 --> -0.027002, len_BS = 2134
Blocksize strategy selection process: -0.037188 --> -0.027002, len_BS = 2169
Blocksize strategy selection process: -0.037176 --> -0.027002, len_BS = 2180
Blocksize strategy selection process: -0.037138 --> -0.027002, len_BS = 2202
Blocksize strategy selection process: -0.036925 --> -0.027002, len_BS = 2264
Blocksize strategy selection process: -0.036916 --> -0.027002, len_BS = 2323
Blocksize strategy selection process: -0.036907 --> -0.027002, len_BS = 2344
Blocksize strategy selection process: -0.036845 --> -0.027002, len_BS = 2365
Blocksize strategy selection process: -0.036836 --> -0.027002, len_BS = 2414
Blocksize strategy selection process: -0.036827 --> -0.027002, len_BS = 2425
Blocksize strategy selection process: -0.036423 --> -0.027002, len_BS = 2439
Blocksize strategy selection process: -0.036406 --> -0.027002, len_BS = 2334
Blocksize strategy selection process: -0.036396 --> -0.027002, len_BS = 2361
Blocksize strategy selection process: -0.036390 --> -0.027002, len_BS = 2381
Blocksize strategy selection process: -0.036380 --> -0.027002, len_BS = 2388
Blocksize strategy selection process: -0.036374 --> -0.027002, len_BS = 2412
Blocksize strategy selection process: -0.036370 --> -0.027002, len_BS = 2423
Blocksize strategy selection process: -0.036364 --> -0.027002, len_BS = 2434
Blocksize strategy selection process: -0.036357 --> -0.027002, len_BS = 2443
Blocksize strategy selection process: -0.036333 --> -0.027002, len_BS = 2453
Blocksize strategy selection process: -0.036329 --> -0.027002, len_BS = 2494
Blocksize strategy selection process: -0.036088 --> -0.027002, len_BS = 2500
Blocksize strategy selection process: -0.036081 --> -0.027002, len_BS = 2501
Blocksize strategy selection process: -0.036073 --> -0.027002, len_BS = 2510
Blocksize strategy selection process: -0.036052 --> -0.027002, len_BS = 2526
Blocksize strategy selection process: -0.036044 --> -0.027002, len_BS = 2550
Blocksize strategy selection process: -0.035895 --> -0.027002, len_BS = 2564
Blocksize strategy selection process: -0.035890 --> -0.027002, len_BS = 2565
Blocksize strategy selection process: -0.035886 --> -0.027002, len_BS = 2576
Blocksize strategy selection process: -0.035884 --> -0.027002, len_BS = 2581
Blocksize strategy selection process: -0.035881 --> -0.027002, len_BS = 2588
Blocksize strategy selection process: -0.035861 --> -0.027002, len_BS = 2597
Blocksize strategy selection process: -0.035856 --> -0.027002, len_BS = 2623
Blocksize strategy selection process: -0.035853 --> -0.027002, len_BS = 2638
Blocksize strategy selection process: -0.035851 --> -0.027002, len_BS = 2650
Blocksize strategy selection process: -0.035847 --> -0.027002, len_BS = 2658
Blocksize strategy selection process: -0.035827 --> -0.027002, len_BS = 2673
Blocksize strategy selection process: -0.035781 --> -0.027002, len_BS = 2711
Blocksize strategy selection process: -0.035779 --> -0.027002, len_BS = 2730
Blocksize strategy selection process: -0.035776 --> -0.027002, len_BS = 2734
Blocksize strategy selection process: -0.035713 --> -0.027002, len_BS = 2746
Blocksize strategy selection process: -0.035707 --> -0.027002, len_BS = 2776
Blocksize strategy selection process: -0.035700 --> -0.027002, len_BS = 2793
Blocksize strategy selection process: -0.035693 --> -0.027002, len_BS = 2811
Blocksize strategy selection process: -0.035680 --> -0.027002, len_BS = 2824
Blocksize strategy selection process: -0.035548 --> -0.027002, len_BS = 2847
Blocksize strategy selection process: -0.035544 --> -0.027002, len_BS = 2827
Blocksize strategy selection process: -0.035541 --> -0.027002, len_BS = 2845
Blocksize strategy selection process: -0.035539 --> -0.027002, len_BS = 2858
Blocksize strategy selection process: -0.035536 --> -0.027002, len_BS = 2863
Blocksize strategy selection process: -0.035534 --> -0.027002, len_BS = 2869
Blocksize strategy selection process: -0.035533 --> -0.027002, len_BS = 2878
Blocksize strategy selection process: -0.035531 --> -0.027002, len_BS = 2882
Blocksize strategy selection process: -0.035529 --> -0.027002, len_BS = 2887
Blocksize strategy selection process: -0.035522 --> -0.027002, len_BS = 2893
Blocksize strategy selection process: -0.035521 --> -0.027002, len_BS = 2905
Blocksize strategy selection process: -0.035451 --> -0.027002, len_BS = 2908
Blocksize strategy selection process: -0.035449 --> -0.027002, len_BS = 2903
Blocksize strategy selection process: -0.035446 --> -0.027002, len_BS = 2912
Blocksize strategy selection process: -0.035440 --> -0.027002, len_BS = 2916
Blocksize strategy selection process: -0.035438 --> -0.027002, len_BS = 2930
Blocksize strategy selection process: -0.035372 --> -0.027002, len_BS = 2935
Blocksize strategy selection process: -0.035370 --> -0.027002, len_BS = 2935
Blocksize strategy selection process: -0.035368 --> -0.027002, len_BS = 2940
Blocksize strategy selection process: -0.035362 --> -0.027002, len_BS = 2948
Blocksize strategy selection process: -0.035360 --> -0.027002, len_BS = 2966
Blocksize strategy selection process: -0.035293 --> -0.027002, len_BS = 2974
Blocksize strategy selection process: -0.035291 --> -0.027002, len_BS = 3011
Blocksize strategy selection process: -0.035289 --> -0.027002, len_BS = 3014
Blocksize strategy selection process: -0.035283 --> -0.027002, len_BS = 3023
Blocksize strategy selection process: -0.035281 --> -0.027002, len_BS = 3032
Blocksize strategy selection process: -0.035239 --> -0.027002, len_BS = 3036
Blocksize strategy selection process: -0.035203 --> -0.027002, len_BS = 3059
Blocksize strategy selection process: -0.035160 --> -0.027002, len_BS = 3100
Blocksize strategy selection process: -0.035158 --> -0.027002, len_BS = 3131
Blocksize strategy selection process: -0.035157 --> -0.027002, len_BS = 3134
Blocksize strategy selection process: -0.035156 --> -0.027002, len_BS = 3136
Blocksize strategy selection process: -0.035150 --> -0.027002, len_BS = 3142
Blocksize strategy selection process: -0.035149 --> -0.027002, len_BS = 3152
Blocksize strategy selection process: -0.035148 --> -0.027002, len_BS = 3155
Blocksize strategy selection process: -0.035147 --> -0.027002, len_BS = 3159
Blocksize strategy selection process: -0.035146 --> -0.027002, len_BS = 3162
Blocksize strategy selection process: -0.035128 --> -0.027002, len_BS = 3162
Blocksize strategy selection process: -0.035080 --> -0.027002, len_BS = 3190
Blocksize strategy selection process: -0.035079 --> -0.027002, len_BS = 3223
Blocksize strategy selection process: -0.035078 --> -0.027002, len_BS = 3228
Blocksize strategy selection process: -0.035077 --> -0.027002, len_BS = 3230
Blocksize strategy selection process: -0.035071 --> -0.027002, len_BS = 3231
Blocksize strategy selection process: -0.035070 --> -0.027002, len_BS = 3248
Blocksize strategy selection process: -0.035069 --> -0.027002, len_BS = 3253
Blocksize strategy selection process: -0.035068 --> -0.027002, len_BS = 3255
Blocksize strategy selection process: -0.035067 --> -0.027002, len_BS = 3257
Blocksize strategy selection process: -0.035065 --> -0.027002, len_BS = 3261
Blocksize strategy selection process: -0.035030 --> -0.027002, len_BS = 3261
Blocksize strategy selection process: -0.035028 --> -0.027002, len_BS = 3295
Blocksize strategy selection process: -0.035026 --> -0.027002, len_BS = 3296
Blocksize strategy selection process: -0.035025 --> -0.027002, len_BS = 3300
Blocksize strategy selection process: -0.034985 --> -0.027002, len_BS = 3304
Blocksize strategy selection process: -0.034984 --> -0.027002, len_BS = 3338
Blocksize strategy selection process: -0.034983 --> -0.027002, len_BS = 3342
Blocksize strategy selection process: -0.034982 --> -0.027002, len_BS = 3343
Blocksize strategy selection process: -0.034981 --> -0.027002, len_BS = 3343
Blocksize strategy selection process: -0.034980 --> -0.027002, len_BS = 3348
Blocksize strategy selection process: -0.034978 --> -0.027002, len_BS = 3349
Blocksize strategy selection process: -0.034958 --> -0.027002, len_BS = 3353
Blocksize strategy selection process: -0.034957 --> -0.027002, len_BS = 3384
Blocksize strategy selection process: -0.034956 --> -0.027002, len_BS = 3385
Blocksize strategy selection process: -0.034955 --> -0.027002, len_BS = 3391
Blocksize strategy selection process: -0.034836 --> -0.027002, len_BS = 3393
Blocksize strategy selection process: -0.034835 --> -0.027002, len_BS = 3408
Blocksize strategy selection process: -0.034830 --> -0.027002, len_BS = 3411
Blocksize strategy selection process: -0.034828 --> -0.027002, len_BS = 3417
Blocksize strategy selection process: -0.034827 --> -0.027002, len_BS = 3419
Blocksize strategy selection process: -0.034826 --> -0.027002, len_BS = 3414
Blocksize strategy selection process: -0.034825 --> -0.027002, len_BS = 3418
Blocksize strategy selection process: -0.034824 --> -0.027002, len_BS = 3418
Blocksize strategy selection process: -0.034823 --> -0.027002, len_BS = 3420
Blocksize strategy selection process: -0.034801 --> -0.027002, len_BS = 3421
Blocksize strategy selection process: -0.034800 --> -0.027002, len_BS = 3421
Blocksize strategy selection process: -0.034798 --> -0.027002, len_BS = 3421
Blocksize strategy selection process: -0.034746 --> -0.027002, len_BS = 3424
Blocksize strategy selection process: -0.034745 --> -0.027002, len_BS = 3465
Blocksize strategy selection process: -0.034722 --> -0.027002, len_BS = 3467
Blocksize strategy selection process: -0.034721 --> -0.027002, len_BS = 3500
Blocksize strategy selection process: -0.034719 --> -0.027002, len_BS = 3502
Blocksize strategy selection process: -0.034718 --> -0.027002, len_BS = 3510
Blocksize strategy selection process: -0.034667 --> -0.027002, len_BS = 3512
Blocksize strategy selection process: -0.034664 --> -0.027002, len_BS = 3496
Blocksize strategy selection process: -0.034663 --> -0.027002, len_BS = 3504
Blocksize strategy selection process: -0.034662 --> -0.027002, len_BS = 3533
Blocksize strategy selection process: -0.034546 --> -0.027002, len_BS = 3540
Blocksize strategy selection process: -0.034499 --> -0.027002, len_BS = 3536
Blocksize strategy selection process: -0.034481 --> -0.027002, len_BS = 3536
Blocksize strategy selection process: -0.034480 --> -0.027002, len_BS = 3553
Blocksize strategy selection process: -0.034479 --> -0.027002, len_BS = 3557
Blocksize strategy selection process: -0.034478 --> -0.027002, len_BS = 3561
Blocksize strategy selection process: -0.034477 --> -0.027002, len_BS = 3564
Blocksize strategy selection process: -0.034453 --> -0.027002, len_BS = 3565
Blocksize strategy selection process: -0.034452 --> -0.027002, len_BS = 3566
Blocksize strategy selection process: -0.034451 --> -0.027002, len_BS = 3568
Blocksize strategy selection process: -0.034450 --> -0.027002, len_BS = 3571
Blocksize strategy selection process: -0.034427 --> -0.027002, len_BS = 3573
Blocksize strategy selection process: -0.034426 --> -0.027002, len_BS = 3591
Blocksize strategy selection process: -0.034425 --> -0.027002, len_BS = 3594
Blocksize strategy selection process: -0.034424 --> -0.027002, len_BS = 3595
Blocksize strategy selection process: -0.034423 --> -0.027002, len_BS = 3600
Blocksize strategy selection process: -0.034413 --> -0.027002, len_BS = 3600
Blocksize strategy selection process: -0.034397 --> -0.027002, len_BS = 3618
Blocksize strategy selection process: -0.034317 --> -0.027002, len_BS = 3636
Blocksize strategy selection process: -0.034257 --> -0.027002, len_BS = 3586
Blocksize strategy selection process: -0.034152 --> -0.027002, len_BS = 3581
Blocksize strategy selection process: -0.034126 --> -0.027002, len_BS = 3604
Blocksize strategy selection process: -0.034069 --> -0.027002, len_BS = 3623
Blocksize strategy selection process: -0.034042 --> -0.027002, len_BS = 3653
Blocksize strategy selection process: -0.034035 --> -0.027002, len_BS = 3680
Blocksize strategy selection process: -0.034026 --> -0.027002, len_BS = 3647
Blocksize strategy selection process: -0.034025 --> -0.027002, len_BS = 3657
Blocksize strategy selection process: -0.034024 --> -0.027002, len_BS = 3658
Blocksize strategy selection process: -0.034021 --> -0.027002, len_BS = 3661
Blocksize strategy selection process: -0.034019 --> -0.027002, len_BS = 3661
Blocksize strategy selection process: -0.033877 --> -0.027002, len_BS = 3585
Blocksize strategy selection process: -0.033874 --> -0.027002, len_BS = 3568
Blocksize strategy selection process: -0.033835 --> -0.027002, len_BS = 3590
Blocksize strategy selection process: -0.033834 --> -0.027002, len_BS = 3595
Blocksize strategy selection process: -0.033795 --> -0.027002, len_BS = 3597
Blocksize strategy selection process: -0.033780 --> -0.027002, len_BS = 3620
Blocksize strategy selection process: -0.033779 --> -0.027002, len_BS = 3646
Blocksize strategy selection process: -0.033778 --> -0.027002, len_BS = 3646
Blocksize strategy selection process: -0.033774 --> -0.027002, len_BS = 3652
Blocksize strategy selection process: -0.033773 --> -0.027002, len_BS = 3661
Blocksize strategy selection process: -0.033767 --> -0.027002, len_BS = 3661
Blocksize strategy selection process: -0.033764 --> -0.027002, len_BS = 3675
Blocksize strategy selection process: -0.033761 --> -0.027002, len_BS = 3681
Blocksize strategy selection process: -0.033715 --> -0.027002, len_BS = 3688
Blocksize strategy selection process: -0.033700 --> -0.027002, len_BS = 3708
Blocksize strategy selection process: -0.033698 --> -0.027002, len_BS = 3728
Blocksize strategy selection process: -0.033694 --> -0.027002, len_BS = 3732
Blocksize strategy selection process: -0.033688 --> -0.027002, len_BS = 3739
Blocksize strategy selection process: -0.033685 --> -0.027002, len_BS = 3750
Blocksize strategy selection process: -0.033682 --> -0.027002, len_BS = 3758
Blocksize strategy selection process: -0.033621 --> -0.027002, len_BS = 3768
Blocksize strategy selection process: -0.033620 --> -0.027002, len_BS = 3796
Blocksize strategy selection process: -0.033619 --> -0.027002, len_BS = 3798
Blocksize strategy selection process: -0.033615 --> -0.027002, len_BS = 3799
Blocksize strategy selection process: -0.033614 --> -0.027002, len_BS = 3809
Blocksize strategy selection process: -0.033609 --> -0.027002, len_BS = 3811
Blocksize strategy selection process: -0.033608 --> -0.027002, len_BS = 3824
Blocksize strategy selection process: -0.033606 --> -0.027002, len_BS = 3826
Blocksize strategy selection process: -0.033602 --> -0.027002, len_BS = 3834
Blocksize strategy selection process: -0.033573 --> -0.027002, len_BS = 3838
Blocksize strategy selection process: -0.033553 --> -0.027002, len_BS = 3852
Blocksize strategy selection process: -0.033493 --> -0.027002, len_BS = 3870
Blocksize strategy selection process: -0.033464 --> -0.027002, len_BS = 3881
Blocksize strategy selection process: -0.033423 --> -0.027002, len_BS = 3883
Blocksize strategy selection process: -0.033421 --> -0.027002, len_BS = 3891
Blocksize strategy selection process: -0.033419 --> -0.027002, len_BS = 3893
Blocksize strategy selection process: -0.033418 --> -0.027002, len_BS = 3896
Blocksize strategy selection process: -0.033416 --> -0.027002, len_BS = 3896
Blocksize strategy selection process: -0.033386 --> -0.027002, len_BS = 3899
Blocksize strategy selection process: -0.033344 --> -0.027002, len_BS = 3916
Blocksize strategy selection process: -0.033342 --> -0.027002, len_BS = 3932
Blocksize strategy selection process: -0.033340 --> -0.027002, len_BS = 3934
Blocksize strategy selection process: -0.033339 --> -0.027002, len_BS = 3938
Blocksize strategy selection process: -0.033307 --> -0.027002, len_BS = 3939
Blocksize strategy selection process: -0.033262 --> -0.027002, len_BS = 3966
Blocksize strategy selection process: -0.033128 --> -0.027002, len_BS = 3963
Blocksize strategy selection process: -0.033090 --> -0.027002, len_BS = 3844
Blocksize strategy selection process: -0.033072 --> -0.027002, len_BS = 3860
Blocksize strategy selection process: -0.033026 --> -0.027002, len_BS = 3883
Blocksize strategy selection process: -0.033024 --> -0.027002, len_BS = 3899
Blocksize strategy selection process: -0.033022 --> -0.027002, len_BS = 3907
Blocksize strategy selection process: -0.033021 --> -0.027002, len_BS = 3910
Blocksize strategy selection process: -0.033020 --> -0.027002, len_BS = 3910
Blocksize strategy selection process: -0.032992 --> -0.027002, len_BS = 3911
Blocksize strategy selection process: -0.032979 --> -0.027002, len_BS = 3936
Blocksize strategy selection process: -0.032972 --> -0.027002, len_BS = 3954
Blocksize strategy selection process: -0.032969 --> -0.027002, len_BS = 3963
Blocksize strategy selection process: -0.032967 --> -0.027002, len_BS = 3969
Blocksize strategy selection process: -0.032966 --> -0.027002, len_BS = 3970
Blocksize strategy selection process: -0.032965 --> -0.027002, len_BS = 3972
Blocksize strategy selection process: -0.032829 --> -0.027002, len_BS = 3973
Blocksize strategy selection process: -0.032824 --> -0.027002, len_BS = 3891
Blocksize strategy selection process: -0.032814 --> -0.027002, len_BS = 3899
Blocksize strategy selection process: -0.032811 --> -0.027002, len_BS = 3858
Blocksize strategy selection process: -0.032810 --> -0.027002, len_BS = 3860
Blocksize strategy selection process: -0.032809 --> -0.027002, len_BS = 3860
Blocksize strategy selection process: -0.032754 --> -0.027002, len_BS = 3860
Blocksize strategy selection process: -0.032745 --> -0.027002, len_BS = 3870
Blocksize strategy selection process: -0.032742 --> -0.027002, len_BS = 3889
Blocksize strategy selection process: -0.032735 --> -0.027002, len_BS = 3892
Blocksize strategy selection process: -0.032732 --> -0.027002, len_BS = 3908
Blocksize strategy selection process: -0.032716 --> -0.027002, len_BS = 3909
Blocksize strategy selection process: -0.032713 --> -0.027002, len_BS = 3931
Blocksize strategy selection process: -0.032694 --> -0.027002, len_BS = 3938
Blocksize strategy selection process: -0.032692 --> -0.027002, len_BS = 3952
Blocksize strategy selection process: -0.032691 --> -0.027002, len_BS = 3956
Blocksize strategy selection process: -0.032685 --> -0.027002, len_BS = 3956
Blocksize strategy selection process: -0.032682 --> -0.027002, len_BS = 3970
Blocksize strategy selection process: -0.032634 --> -0.027002, len_BS = 3977
Blocksize strategy selection process: -0.032633 --> -0.027002, len_BS = 3993
Blocksize strategy selection process: -0.032632 --> -0.027002, len_BS = 3997
Blocksize strategy selection process: -0.032545 --> -0.027002, len_BS = 4001
Blocksize strategy selection process: -0.032544 --> -0.027002, len_BS = 3975
Blocksize strategy selection process: -0.032543 --> -0.027002, len_BS = 3980
Blocksize strategy selection process: -0.032541 --> -0.027002, len_BS = 3981
Blocksize strategy selection process: -0.032540 --> -0.027002, len_BS = 3985
Blocksize strategy selection process: -0.032397 --> -0.027002, len_BS = 3999
Blocksize strategy selection process: -0.032387 --> -0.027002, len_BS = 3944
Blocksize strategy selection process: -0.032352 --> -0.027002, len_BS = 3952
Blocksize strategy selection process: -0.032266 --> -0.027002, len_BS = 3961
Blocksize strategy selection process: -0.032265 --> -0.027002, len_BS = 3965
Blocksize strategy selection process: -0.032261 --> -0.027002, len_BS = 3966
Blocksize strategy selection process: -0.032117 --> -0.027002, len_BS = 3975
Blocksize strategy selection process: -0.032111 --> -0.027002, len_BS = 3836
Blocksize strategy selection process: -0.032110 --> -0.027002, len_BS = 3814
Blocksize strategy selection process: -0.032105 --> -0.027002, len_BS = 3814
Blocksize strategy selection process: -0.032095 --> -0.027002, len_BS = 3818
Blocksize strategy selection process: -0.032090 --> -0.027002, len_BS = 3818
Blocksize strategy selection process: -0.032079 --> -0.027002, len_BS = 3830
Blocksize strategy selection process: -0.032071 --> -0.027002, len_BS = 3848
Blocksize strategy selection process: -0.032069 --> -0.027002, len_BS = 3848
Blocksize strategy selection process: -0.032068 --> -0.027002, len_BS = 3848
Blocksize strategy selection process: -0.032061 --> -0.027002, len_BS = 3848
Blocksize strategy selection process: -0.031888 --> -0.027002, len_BS = 3848
Blocksize strategy selection process: -0.031825 --> -0.027002, len_BS = 3783
Blocksize strategy selection process: -0.031743 --> -0.027002, len_BS = 3670
Blocksize strategy selection process: -0.031738 --> -0.027002, len_BS = 3664
Blocksize strategy selection process: -0.031736 --> -0.027002, len_BS = 3669
Blocksize strategy selection process: -0.031729 --> -0.027002, len_BS = 3672
Blocksize strategy selection process: -0.031728 --> -0.027002, len_BS = 3680
Blocksize strategy selection process: -0.031725 --> -0.027002, len_BS = 3680
Blocksize strategy selection process: -0.031723 --> -0.027002, len_BS = 3684
Blocksize strategy selection process: -0.031722 --> -0.027002, len_BS = 3686
Blocksize strategy selection process: -0.031721 --> -0.027002, len_BS = 3687
Blocksize strategy selection process: -0.031694 --> -0.027002, len_BS = 3687
Blocksize strategy selection process: -0.031693 --> -0.027002, len_BS = 3700
Blocksize strategy selection process: -0.031649 --> -0.027002, len_BS = 3701
Blocksize strategy selection process: -0.031647 --> -0.027002, len_BS = 3701
Blocksize strategy selection process: -0.031586 --> -0.027002, len_BS = 3703
Blocksize strategy selection process: -0.031584 --> -0.027002, len_BS = 3713
Blocksize strategy selection process: -0.031578 --> -0.027002, len_BS = 3719
Blocksize strategy selection process: -0.031544 --> -0.027002, len_BS = 3725
Blocksize strategy selection process: -0.031543 --> -0.027002, len_BS = 3739
Blocksize strategy selection process: -0.031534 --> -0.027002, len_BS = 3739
Blocksize strategy selection process: -0.031533 --> -0.027002, len_BS = 3752
Blocksize strategy selection process: -0.031532 --> -0.027002, len_BS = 3752
Blocksize strategy selection process: -0.031529 --> -0.027002, len_BS = 3753
Blocksize strategy selection process: -0.031526 --> -0.027002, len_BS = 3760
Blocksize strategy selection process: -0.031525 --> -0.027002, len_BS = 3761
Blocksize strategy selection process: -0.031470 --> -0.027002, len_BS = 3764
Blocksize strategy selection process: -0.031469 --> -0.027002, len_BS = 3757
Blocksize strategy selection process: -0.031421 --> -0.027002, len_BS = 3758
Blocksize strategy selection process: -0.031420 --> -0.027002, len_BS = 3758
Blocksize strategy selection process: -0.031419 --> -0.027002, len_BS = 3759
Blocksize strategy selection process: -0.031320 --> -0.027002, len_BS = 3759
Blocksize strategy selection process: -0.031319 --> -0.027002, len_BS = 3755
Blocksize strategy selection process: -0.031282 --> -0.027002, len_BS = 3759
Blocksize strategy selection process: -0.031278 --> -0.027002, len_BS = 3784
Blocksize strategy selection process: -0.031277 --> -0.027002, len_BS = 3791
Blocksize strategy selection process: -0.031259 --> -0.027002, len_BS = 3791
Blocksize strategy selection process: -0.031255 --> -0.027002, len_BS = 3813
Blocksize strategy selection process: -0.031050 --> -0.027002, len_BS = 3819
Blocksize strategy selection process: -0.031041 --> -0.027002, len_BS = 3749
Blocksize strategy selection process: -0.031039 --> -0.027002, len_BS = 3746
Blocksize strategy selection process: -0.031037 --> -0.027002, len_BS = 3746
Blocksize strategy selection process: -0.030926 --> -0.027002, len_BS = 3746
Blocksize strategy selection process: -0.030916 --> -0.027002, len_BS = 3705
Blocksize strategy selection process: -0.030839 --> -0.027002, len_BS = 3716
Blocksize strategy selection process: -0.030754 --> -0.027002, len_BS = 3719
Blocksize strategy selection process: -0.030751 --> -0.027002, len_BS = 3707
Blocksize strategy selection process: -0.030750 --> -0.027002, len_BS = 3711
Blocksize strategy selection process: -0.030749 --> -0.027002, len_BS = 3712
Blocksize strategy selection process: -0.030748 --> -0.027002, len_BS = 3712
Blocksize strategy selection process: -0.030729 --> -0.027002, len_BS = 3713
Blocksize strategy selection process: -0.030686 --> -0.027002, len_BS = 3727
Blocksize strategy selection process: -0.030685 --> -0.027002, len_BS = 3733
Blocksize strategy selection process: -0.030677 --> -0.027002, len_BS = 3734
Blocksize strategy selection process: -0.030676 --> -0.027002, len_BS = 3741
Blocksize strategy selection process: -0.030664 --> -0.027002, len_BS = 3743
Blocksize strategy selection process: -0.030576 --> -0.027002, len_BS = 3743
Blocksize strategy selection process: -0.030537 --> -0.027002, len_BS = 3730
Blocksize strategy selection process: -0.030522 --> -0.027002, len_BS = 3739
Blocksize strategy selection process: -0.030385 --> -0.027002, len_BS = 3746
Blocksize strategy selection process: -0.030384 --> -0.027002, len_BS = 3714
Blocksize strategy selection process: -0.030381 --> -0.027002, len_BS = 3714
Blocksize strategy selection process: -0.030364 --> -0.027002, len_BS = 3707
Blocksize strategy selection process: -0.030334 --> -0.027002, len_BS = 3709
Blocksize strategy selection process: -0.030327 --> -0.027002, len_BS = 3718
Blocksize strategy selection process: -0.030326 --> -0.027002, len_BS = 3721
Blocksize strategy selection process: -0.030241 --> -0.027002, len_BS = 3722
Blocksize strategy selection process: -0.030225 --> -0.027002, len_BS = 3719
Blocksize strategy selection process: -0.030224 --> -0.027002, len_BS = 3731
Blocksize strategy selection process: -0.030156 --> -0.027002, len_BS = 3731
Blocksize strategy selection process: -0.030155 --> -0.027002, len_BS = 3739
Blocksize strategy selection process: -0.030154 --> -0.027002, len_BS = 3739
Blocksize strategy selection process: -0.030122 --> -0.027002, len_BS = 3739
Blocksize strategy selection process: -0.030121 --> -0.027002, len_BS = 3753
Blocksize strategy selection process: -0.030119 --> -0.027002, len_BS = 3753
Blocksize strategy selection process: -0.030118 --> -0.027002, len_BS = 3754
Blocksize strategy selection process: -0.030108 --> -0.027002, len_BS = 3754
Blocksize strategy selection process: -0.030067 --> -0.027002, len_BS = 3763
Blocksize strategy selection process: -0.030061 --> -0.027002, len_BS = 3776
Blocksize strategy selection process: -0.030019 --> -0.027002, len_BS = 3776
Blocksize strategy selection process: -0.029999 --> -0.027002, len_BS = 3792
Blocksize strategy selection process: -0.029931 --> -0.027002, len_BS = 3803
Blocksize strategy selection process: -0.029920 --> -0.027002, len_BS = 3808
Blocksize strategy selection process: -0.029801 --> -0.027002, len_BS = 3817
Blocksize strategy selection process: -0.029800 --> -0.027002, len_BS = 3813
Blocksize strategy selection process: -0.029759 --> -0.027002, len_BS = 3814
Blocksize strategy selection process: -0.029731 --> -0.027002, len_BS = 3824
Blocksize strategy selection process: -0.029729 --> -0.027002, len_BS = 3834
Blocksize strategy selection process: -0.029726 --> -0.027002, len_BS = 3835
Blocksize strategy selection process: -0.029721 --> -0.027002, len_BS = 3836
Blocksize strategy selection process: -0.029720 --> -0.027002, len_BS = 3836
Blocksize strategy selection process: -0.029718 --> -0.027002, len_BS = 3836
Blocksize strategy selection process: -0.029714 --> -0.027002, len_BS = 3837
Blocksize strategy selection process: -0.029709 --> -0.027002, len_BS = 3839
Blocksize strategy selection process: -0.029708 --> -0.027002, len_BS = 3839
Blocksize strategy selection process: -0.029706 --> -0.027002, len_BS = 3840
Blocksize strategy selection process: -0.029705 --> -0.027002, len_BS = 3842
Blocksize strategy selection process: -0.029701 --> -0.027002, len_BS = 3842
Blocksize strategy selection process: -0.029696 --> -0.027002, len_BS = 3844
Blocksize strategy selection process: -0.029656 --> -0.027002, len_BS = 3844
Blocksize strategy selection process: -0.029655 --> -0.027002, len_BS = 3863
Blocksize strategy selection process: -0.029644 --> -0.027002, len_BS = 3863
Blocksize strategy selection process: -0.029643 --> -0.027002, len_BS = 3870
Blocksize strategy selection process: -0.029600 --> -0.027002, len_BS = 3871
Blocksize strategy selection process: -0.029591 --> -0.027002, len_BS = 3882
Blocksize strategy selection process: -0.029588 --> -0.027002, len_BS = 3884
Blocksize strategy selection process: -0.029577 --> -0.027002, len_BS = 3886
Blocksize strategy selection process: -0.029576 --> -0.027002, len_BS = 3894
Blocksize strategy selection process: -0.029531 --> -0.027002, len_BS = 3894
Blocksize strategy selection process: -0.029526 --> -0.027002, len_BS = 3907
Blocksize strategy selection process: -0.029525 --> -0.027002, len_BS = 3909
Blocksize strategy selection process: -0.029523 --> -0.027002, len_BS = 3909
Blocksize strategy selection process: -0.029471 --> -0.027002, len_BS = 3910
Blocksize strategy selection process: -0.029433 --> -0.027002, len_BS = 3915
Blocksize strategy selection process: -0.029397 --> -0.027002, len_BS = 3927
Blocksize strategy selection process: -0.029388 --> -0.027002, len_BS = 3938
Blocksize strategy selection process: -0.029387 --> -0.027002, len_BS = 3942
Blocksize strategy selection process: -0.029384 --> -0.027002, len_BS = 3942
Blocksize strategy selection process: -0.029343 --> -0.027002, len_BS = 3942
Blocksize strategy selection process: -0.029332 --> -0.027002, len_BS = 3949
Blocksize strategy selection process: -0.029329 --> -0.027002, len_BS = 3950
Blocksize strategy selection process: -0.029325 --> -0.027002, len_BS = 3951
Blocksize strategy selection process: -0.029323 --> -0.027002, len_BS = 3952
Blocksize strategy selection process: -0.029249 --> -0.027002, len_BS = 3952
Blocksize strategy selection process: -0.029214 --> -0.027002, len_BS = 3958
Blocksize strategy selection process: -0.029210 --> -0.027002, len_BS = 3963
Blocksize strategy selection process: -0.029207 --> -0.027002, len_BS = 3963
Blocksize strategy selection process: -0.029204 --> -0.027002, len_BS = 3964
Blocksize strategy selection process: -0.029148 --> -0.027002, len_BS = 3965
Blocksize strategy selection process: -0.029146 --> -0.027002, len_BS = 3970
Blocksize strategy selection process: -0.029139 --> -0.027002, len_BS = 3970
Blocksize strategy selection process: -0.029137 --> -0.027002, len_BS = 3972
Blocksize strategy selection process: -0.029136 --> -0.027002, len_BS = 3972
Blocksize strategy selection process: -0.029094 --> -0.027002, len_BS = 3972
Blocksize strategy selection process: -0.029087 --> -0.027002, len_BS = 3979
Blocksize strategy selection process: -0.029085 --> -0.027002, len_BS = 3981
Blocksize strategy selection process: -0.028935 --> -0.027002, len_BS = 3982
Blocksize strategy selection process: -0.028913 --> -0.027002, len_BS = 3983
Blocksize strategy selection process: -0.028911 --> -0.027002, len_BS = 3988
Blocksize strategy selection process: -0.028908 --> -0.027002, len_BS = 3988
Blocksize strategy selection process: -0.028897 --> -0.027002, len_BS = 3988
Blocksize strategy selection process: -0.028896 --> -0.027002, len_BS = 3988
Blocksize strategy selection process: -0.028895 --> -0.027002, len_BS = 3988
Blocksize strategy selection process: -0.028887 --> -0.027002, len_BS = 3988
Blocksize strategy selection process: -0.028866 --> -0.027002, len_BS = 3988
Blocksize strategy selection process: -0.028828 --> -0.027002, len_BS = 3992
Blocksize strategy selection process: -0.028827 --> -0.027002, len_BS = 3996
Blocksize strategy selection process: -0.028826 --> -0.027002, len_BS = 3996
Blocksize strategy selection process: -0.028717 --> -0.027002, len_BS = 3996
Blocksize strategy selection process: -0.028660 --> -0.027002, len_BS = 3999
Blocksize strategy selection process: -0.028652 --> -0.027002, len_BS = 3999
Blocksize strategy selection process: -0.028634 --> -0.027002, len_BS = 3999
Blocksize strategy selection process: -0.028625 --> -0.027002, len_BS = 4001
Blocksize strategy selection process: -0.028504 --> -0.027002, len_BS = 4001
Blocksize strategy selection process: -0.028497 --> -0.027002, len_BS = 4001
Blocksize strategy selection process: -0.028493 --> -0.027002, len_BS = 4001
Blocksize strategy selection process: -0.028458 --> -0.027002, len_BS = 4001
Blocksize strategy selection process: -0.028455 --> -0.027002, len_BS = 4001
Blocksize strategy selection process: -0.028394 --> -0.027002, len_BS = 4001
Blocksize strategy selection process: -0.028392 --> -0.027002, len_BS = 4004
Blocksize strategy selection process: -0.028382 --> -0.027002, len_BS = 4004
Blocksize strategy selection process: -0.028376 --> -0.027002, len_BS = 4004
Blocksize strategy selection process: -0.028366 --> -0.027002, len_BS = 4004
Blocksize strategy selection process: -0.028243 --> -0.027002, len_BS = 4004
Blocksize strategy selection process: -0.028211 --> -0.027002, len_BS = 4004
Blocksize strategy selection process: -0.028210 --> -0.027002, len_BS = 4004
Blocksize strategy selection process: -0.028206 --> -0.027002, len_BS = 4004
Blocksize strategy selection process: -0.028194 --> -0.027002, len_BS = 4004
Blocksize strategy selection process: -0.028128 --> -0.027002, len_BS = 4004
Blocksize strategy selection process: -0.028127 --> -0.027002, len_BS = 4005
Blocksize strategy selection process: -0.028114 --> -0.027002, len_BS = 4005
Blocksize strategy selection process: -0.028053 --> -0.027002, len_BS = 4005
Blocksize strategy selection process: -0.028036 --> -0.027002, len_BS = 4006
Blocksize strategy selection process: -0.028035 --> -0.027002, len_BS = 4006
Blocksize strategy selection process: -0.027986 --> -0.027002, len_BS = 4006
Blocksize strategy selection process: -0.027975 --> -0.027002, len_BS = 4007
Blocksize strategy selection process: -0.027972 --> -0.027002, len_BS = 4007
Blocksize strategy selection process: -0.027952 --> -0.027002, len_BS = 4007
Blocksize strategy selection process: -0.027939 --> -0.027002, len_BS = 4007
Blocksize strategy selection process: -0.027887 --> -0.027002, len_BS = 4007
Blocksize strategy selection process: -0.027884 --> -0.027002, len_BS = 4007
Blocksize strategy selection process: -0.027858 --> -0.027002, len_BS = 4007
Blocksize strategy selection process: -0.027802 --> -0.027002, len_BS = 4007
Blocksize strategy selection process: -0.027792 --> -0.027002, len_BS = 4007
Blocksize strategy selection process: -0.027776 --> -0.027002, len_BS = 4007
Blocksize strategy selection process: -0.027773 --> -0.027002, len_BS = 4007
Blocksize strategy selection process: -0.027769 --> -0.027002, len_BS = 4007
Blocksize strategy selection process: -0.027761 --> -0.027002, len_BS = 4007
Blocksize strategy selection process: -0.027721 --> -0.027002, len_BS = 4007
Blocksize strategy selection process: -0.027712 --> -0.027002, len_BS = 4008
Blocksize strategy selection process: -0.027679 --> -0.027002, len_BS = 4008
Blocksize strategy selection process: -0.027673 --> -0.027002, len_BS = 4008
Blocksize strategy selection process: -0.027625 --> -0.027002, len_BS = 4008
Blocksize strategy selection process: -0.027620 --> -0.027002, len_BS = 4008
Blocksize strategy selection process: -0.027612 --> -0.027002, len_BS = 4008
Blocksize strategy selection process: -0.027611 --> -0.027002, len_BS = 4008
Blocksize strategy selection process: -0.027610 --> -0.027002, len_BS = 4008
Blocksize strategy selection process: -0.027609 --> -0.027002, len_BS = 4008
Blocksize strategy selection process: -0.027608 --> -0.027002, len_BS = 4008
Blocksize strategy selection process: -0.027607 --> -0.027002, len_BS = 4008
Blocksize strategy selection process: -0.027606 --> -0.027002, len_BS = 4008
Blocksize strategy selection process: -0.027605 --> -0.027002, len_BS = 4008
Blocksize strategy selection process: -0.027604 --> -0.027002, len_BS = 4008
Blocksize strategy selection process: -0.027601 --> -0.027002, len_BS = 4008
Blocksize strategy selection process: -0.027600 --> -0.027002, len_BS = 4008
Blocksize strategy selection process: -0.027598 --> -0.027002, len_BS = 4008
Blocksize strategy selection process: -0.027597 --> -0.027002, len_BS = 4008
Blocksize strategy selection process: -0.027596 --> -0.027002, len_BS = 4008
Blocksize strategy selection process: -0.027575 --> -0.027002, len_BS = 4008
Blocksize strategy selection process: -0.027569 --> -0.027002, len_BS = 4008
Blocksize strategy selection process: -0.027533 --> -0.027002, len_BS = 4008
Blocksize strategy selection process: -0.027527 --> -0.027002, len_BS = 4008
Blocksize strategy selection process: -0.027506 --> -0.027002, len_BS = 4008
Blocksize strategy selection process: -0.027472 --> -0.027002, len_BS = 4008
Blocksize strategy selection process: -0.027471 --> -0.027002, len_BS = 4008
Blocksize strategy selection process: -0.027465 --> -0.027002, len_BS = 4008
Blocksize strategy selection process: -0.027438 --> -0.027002, len_BS = 4008
Blocksize strategy selection process: -0.027421 --> -0.027002, len_BS = 4008
Blocksize strategy selection process: -0.027411 --> -0.027002, len_BS = 4008
Blocksize strategy selection process: -0.027410 --> -0.027002, len_BS = 4008
Blocksize strategy selection process: -0.027409 --> -0.027002, len_BS = 4008
Blocksize strategy selection process: -0.027408 --> -0.027002, len_BS = 4008
Blocksize strategy selection process: -0.027407 --> -0.027002, len_BS = 4009
Blocksize strategy selection process: -0.027406 --> -0.027002, len_BS = 4009
Blocksize strategy selection process: -0.027405 --> -0.027002, len_BS = 4009
Blocksize strategy selection process: -0.027404 --> -0.027002, len_BS = 4009
Blocksize strategy selection process: -0.027403 --> -0.027002, len_BS = 4009
Blocksize strategy selection process: -0.027402 --> -0.027002, len_BS = 4009
Blocksize strategy selection process: -0.027401 --> -0.027002, len_BS = 4009
Blocksize strategy selection process: -0.027400 --> -0.027002, len_BS = 4009
Blocksize strategy selection process: -0.027399 --> -0.027002, len_BS = 4009
Blocksize strategy selection process: -0.027398 --> -0.027002, len_BS = 4009
Blocksize strategy selection process: -0.027397 --> -0.027002, len_BS = 4009
Blocksize strategy selection process: -0.027380 --> -0.027002, len_BS = 4009
Blocksize strategy selection process: -0.027379 --> -0.027002, len_BS = 4009
Blocksize strategy selection process: -0.027378 --> -0.027002, len_BS = 4009
Blocksize strategy selection process: -0.027377 --> -0.027002, len_BS = 4009
Blocksize strategy selection process: -0.027376 --> -0.027002, len_BS = 4009
Blocksize strategy selection process: -0.027375 --> -0.027002, len_BS = 4009
Blocksize strategy selection process: -0.027374 --> -0.027002, len_BS = 4009
Blocksize strategy selection process: -0.027373 --> -0.027002, len_BS = 4009
Blocksize strategy selection process: -0.027372 --> -0.027002, len_BS = 4009
Blocksize strategy selection process: -0.027371 --> -0.027002, len_BS = 4009
Blocksize strategy selection process: -0.027370 --> -0.027002, len_BS = 4009
Blocksize strategy selection process: -0.027322 --> -0.027002, len_BS = 4009
Blocksize strategy selection process: -0.027317 --> -0.027002, len_BS = 4009
Blocksize strategy selection process: -0.027316 --> -0.027002, len_BS = 4009
Blocksize strategy selection process: -0.027315 --> -0.027002, len_BS = 4009
Blocksize strategy selection process: -0.027314 --> -0.027002, len_BS = 4009
Blocksize strategy selection process: -0.027313 --> -0.027002, len_BS = 4009
Blocksize strategy selection process: -0.027312 --> -0.027002, len_BS = 4009
Blocksize strategy selection process: -0.027311 --> -0.027002, len_BS = 4009
Blocksize strategy selection process: -0.027296 --> -0.027002, len_BS = 4009
Blocksize strategy selection process: -0.027295 --> -0.027002, len_BS = 4010
Blocksize strategy selection process: -0.027293 --> -0.027002, len_BS = 4010
Blocksize strategy selection process: -0.027292 --> -0.027002, len_BS = 4010
Blocksize strategy selection process: -0.027291 --> -0.027002, len_BS = 4010
Blocksize strategy selection process: -0.027290 --> -0.027002, len_BS = 4010
Blocksize strategy selection process: -0.027289 --> -0.027002, len_BS = 4010
Blocksize strategy selection process: -0.027288 --> -0.027002, len_BS = 4010
Blocksize strategy selection process: -0.027287 --> -0.027002, len_BS = 4010
Blocksize strategy selection process: -0.027286 --> -0.027002, len_BS = 4010
Blocksize strategy selection process: -0.027271 --> -0.027002, len_BS = 4010
Blocksize strategy selection process: -0.027270 --> -0.027002, len_BS = 4010
Blocksize strategy selection process: -0.027269 --> -0.027002, len_BS = 4010
Blocksize strategy selection process: -0.027268 --> -0.027002, len_BS = 4010
Blocksize strategy selection process: -0.027266 --> -0.027002, len_BS = 4010
Blocksize strategy selection process: -0.027265 --> -0.027002, len_BS = 4010
Blocksize strategy selection process: -0.027264 --> -0.027002, len_BS = 4010
Blocksize strategy selection process: -0.027263 --> -0.027002, len_BS = 4010
Blocksize strategy selection process: -0.027262 --> -0.027002, len_BS = 4010
Blocksize strategy selection process: -0.027261 --> -0.027002, len_BS = 4010
Blocksize strategy selection process: -0.027260 --> -0.027002, len_BS = 4010
Blocksize strategy selection process: -0.027246 --> -0.027002, len_BS = 4010
Blocksize strategy selection process: -0.027245 --> -0.027002, len_BS = 4010
Blocksize strategy selection process: -0.027244 --> -0.027002, len_BS = 4010
Blocksize strategy selection process: -0.027243 --> -0.027002, len_BS = 4010
Blocksize strategy selection process: -0.027242 --> -0.027002, len_BS = 4010
Blocksize strategy selection process: -0.027241 --> -0.027002, len_BS = 4010
Blocksize strategy selection process: -0.027240 --> -0.027002, len_BS = 4010
Blocksize strategy selection process: -0.027239 --> -0.027002, len_BS = 4010
Blocksize strategy selection process: -0.027238 --> -0.027002, len_BS = 4010
Blocksize strategy selection process: -0.027237 --> -0.027002, len_BS = 4010
Blocksize strategy selection process: -0.027236 --> -0.027002, len_BS = 4010
Blocksize strategy selection process: -0.027198 --> -0.027002, len_BS = 4010
Blocksize strategy selection process: -0.027197 --> -0.027002, len_BS = 4010
Blocksize strategy selection process: -0.027194 --> -0.027002, len_BS = 4010
Blocksize strategy selection process: -0.027193 --> -0.027002, len_BS = 4010
Blocksize strategy selection process: -0.027191 --> -0.027002, len_BS = 4010
Blocksize strategy selection process: -0.027190 --> -0.027002, len_BS = 4010
Blocksize strategy selection process: -0.027187 --> -0.027002, len_BS = 4010
Blocksize strategy selection process: -0.027186 --> -0.027002, len_BS = 4010
Blocksize strategy selection process: -0.027185 --> -0.027002, len_BS = 4010
Blocksize strategy selection process: -0.027184 --> -0.027002, len_BS = 4010
Blocksize strategy selection process: -0.027183 --> -0.027002, len_BS = 4010
Blocksize strategy selection process: -0.027182 --> -0.027002, len_BS = 4010
Blocksize strategy selection process: -0.027181 --> -0.027002, len_BS = 4010
Blocksize strategy selection process: -0.027180 --> -0.027002, len_BS = 4010
Blocksize strategy selection process: -0.027179 --> -0.027002, len_BS = 4010
Blocksize strategy selection process: -0.027178 --> -0.027002, len_BS = 4010
Blocksize strategy selection process: -0.027177 --> -0.027002, len_BS = 4010
Blocksize strategy selection process: -0.027176 --> -0.027002, len_BS = 4010
Blocksize strategy selection process: -0.027175 --> -0.027002, len_BS = 4010
Blocksize strategy selection process: -0.027174 --> -0.027002, len_BS = 4010
Blocksize strategy selection process: -0.027173 --> -0.027002, len_BS = 4010
Blocksize strategy selection process: -0.027172 --> -0.027002, len_BS = 4010
Blocksize strategy selection process: -0.027171 --> -0.027002, len_BS = 4010
Blocksize strategy selection process: -0.027170 --> -0.027002, len_BS = 4010
Blocksize strategy selection process: -0.027169 --> -0.027002, len_BS = 4010
Blocksize strategy selection process: -0.027158 --> -0.027002, len_BS = 4010
Blocksize strategy selection process: -0.027157 --> -0.027002, len_BS = 4010
Blocksize strategy selection process: -0.027156 --> -0.027002, len_BS = 4010
Blocksize strategy selection process: -0.027155 --> -0.027002, len_BS = 4010
Blocksize strategy selection process: -0.027154 --> -0.027002, len_BS = 4010
Blocksize strategy selection process: -0.027153 --> -0.027002, len_BS = 4010
Blocksize strategy selection process: -0.027152 --> -0.027002, len_BS = 4010
Blocksize strategy selection process: -0.027151 --> -0.027002, len_BS = 4010
Blocksize strategy selection process: -0.027150 --> -0.027002, len_BS = 4010
Blocksize strategy selection process: -0.027149 --> -0.027002, len_BS = 4010
Blocksize strategy selection process: -0.027138 --> -0.027002, len_BS = 4010
Blocksize strategy selection process: -0.027137 --> -0.027002, len_BS = 4010
Blocksize strategy selection process: -0.027136 --> -0.027002, len_BS = 4010
Blocksize strategy selection process: -0.027135 --> -0.027002, len_BS = 4010
Blocksize strategy selection process: -0.027134 --> -0.027002, len_BS = 4010
Blocksize strategy selection process: -0.027133 --> -0.027002, len_BS = 4010
Blocksize strategy selection process: -0.027132 --> -0.027002, len_BS = 4010
Blocksize strategy selection process: -0.027131 --> -0.027002, len_BS = 4010
Blocksize strategy selection process: -0.027130 --> -0.027002, len_BS = 4010
Blocksize strategy selection process: -0.027120 --> -0.027002, len_BS = 4010
Blocksize strategy selection process: -0.027119 --> -0.027002, len_BS = 4010
Blocksize strategy selection process: -0.027118 --> -0.027002, len_BS = 4010
Blocksize strategy selection process: -0.027117 --> -0.027002, len_BS = 4010
Blocksize strategy selection process: -0.027116 --> -0.027002, len_BS = 4010
Blocksize strategy selection process: -0.027115 --> -0.027002, len_BS = 4010
Blocksize strategy selection process: -0.027114 --> -0.027002, len_BS = 4010
Blocksize strategy selection process: -0.027113 --> -0.027002, len_BS = 4010
Blocksize strategy selection process: -0.027104 --> -0.027002, len_BS = 4010
Blocksize strategy selection process: -0.027103 --> -0.027002, len_BS = 4010
Blocksize strategy selection process: -0.027102 --> -0.027002, len_BS = 4010
Blocksize strategy selection process: -0.027101 --> -0.027002, len_BS = 4010
Blocksize strategy selection process: -0.027100 --> -0.027002, len_BS = 4010
Blocksize strategy selection process: -0.027099 --> -0.027002, len_BS = 4010
Blocksize strategy selection process: -0.027098 --> -0.027002, len_BS = 4010
Blocksize strategy selection process: -0.027097 --> -0.027002, len_BS = 4010
Blocksize strategy selection process: -0.027096 --> -0.027002, len_BS = 4010
Blocksize strategy selection process: -0.027088 --> -0.027002, len_BS = 4010
Blocksize strategy selection process: -0.027087 --> -0.027002, len_BS = 4010
Blocksize strategy selection process: -0.027086 --> -0.027002, len_BS = 4010
Blocksize strategy selection process: -0.027085 --> -0.027002, len_BS = 4010
Blocksize strategy selection process: -0.027084 --> -0.027002, len_BS = 4010
Blocksize strategy selection process: -0.027083 --> -0.027002, len_BS = 4010
Blocksize strategy selection process: -0.027082 --> -0.027002, len_BS = 4010
Blocksize strategy selection process: -0.027081 --> -0.027002, len_BS = 4010
Blocksize strategy selection process: -0.027073 --> -0.027002, len_BS = 4010
Blocksize strategy selection process: -0.027072 --> -0.027002, len_BS = 4010
Blocksize strategy selection process: -0.027071 --> -0.027002, len_BS = 4010
Blocksize strategy selection process: -0.027070 --> -0.027002, len_BS = 4010
Blocksize strategy selection process: -0.027069 --> -0.027002, len_BS = 4010
Blocksize strategy selection process: -0.027068 --> -0.027002, len_BS = 4010
Blocksize strategy selection process: -0.027067 --> -0.027002, len_BS = 4010
Blocksize strategy selection process: -0.027060 --> -0.027002, len_BS = 4010
Blocksize strategy selection process: -0.027059 --> -0.027002, len_BS = 4010
Blocksize strategy selection process: -0.027058 --> -0.027002, len_BS = 4010
Blocksize strategy selection process: -0.027057 --> -0.027002, len_BS = 4010
Blocksize strategy selection process: -0.027056 --> -0.027002, len_BS = 4010
Blocksize strategy selection process: -0.027055 --> -0.027002, len_BS = 4010
Blocksize strategy selection process: -0.027054 --> -0.027002, len_BS = 4010
Blocksize strategy selection process: -0.027048 --> -0.027002, len_BS = 4010
Blocksize strategy selection process: -0.027047 --> -0.027002, len_BS = 4010
Blocksize strategy selection process: -0.027046 --> -0.027002, len_BS = 4010
Blocksize strategy selection process: -0.027045 --> -0.027002, len_BS = 4010
Blocksize strategy selection process: -0.027044 --> -0.027002, len_BS = 4010
Blocksize strategy selection process: -0.027043 --> -0.027002, len_BS = 4010
Blocksize strategy selection process: -0.027037 --> -0.027002, len_BS = 4010
Blocksize strategy selection process: -0.027036 --> -0.027002, len_BS = 4010
Blocksize strategy selection process: -0.027035 --> -0.027002, len_BS = 4010
Blocksize strategy selection process: -0.027034 --> -0.027002, len_BS = 4010
Blocksize strategy selection process: -0.027033 --> -0.027002, len_BS = 4010
Blocksize strategy selection process: -0.027028 --> -0.027002, len_BS = 4010
Blocksize strategy selection process: -0.027027 --> -0.027002, len_BS = 4010
Blocksize strategy selection process: -0.027026 --> -0.027002, len_BS = 4010
Blocksize strategy selection process: -0.027025 --> -0.027002, len_BS = 4010
Blocksize strategy selection process: -0.027024 --> -0.027002, len_BS = 4010
Blocksize strategy selection process: -0.027023 --> -0.027002, len_BS = 4010
Blocksize strategy selection process: -0.027019 --> -0.027002, len_BS = 4010
Blocksize strategy selection process: -0.027018 --> -0.027002, len_BS = 4010
Blocksize strategy selection process: -0.027017 --> -0.027002, len_BS = 4010
Blocksize strategy selection process: -0.027016 --> -0.027002, len_BS = 4010
Blocksize strategy selection process: -0.027010 --> -0.027002, len_BS = 4010
Blocksize strategy selection process: -0.027007 --> -0.027002, len_BS = 4010
Blocksize strategy selection process: -0.027006 --> -0.027002, len_BS = 4010
Blocksize strategy selection process: -0.027005 --> -0.027002, len_BS = 4010
Blocksize strategy selection process: -0.027004 --> -0.027002, len_BS = 4010
Blocksize strategy selection process: -0.027003 --> -0.027002, len_BS = 4010
Blocksize strategy selection process: -0.027002 --> -0.027002, len_BS = 4010
len(BS) = 4010
Time cost for generating Strategy: 729.986627 s
[16.38126336180708,16.38126336180708,16.38126336180708,16.355679515208223,16.3228319840391,16.290040246074746,16.257302737597616,16.22461789170746,16.19198413802984,16.159399902417878,16.126863606646964,16.09437366810222,16.061928499458315,16.029526508351427,15.997166097042966,15.964845662074755,15.932563593915313,15.900318276596897,15.868108087342875,15.835931396185101,15.803786565570801,15.771671949958629,15.739585895403343,15.707526739128694,15.675492809088027,15.643482423512026,15.611493890443136,15.579525507256013,15.547575560163494,15.515642323707388,15.483724060233477,15.451819019350046,15.419925437369209,15.388041536730304,15.356165525404554,15.324295596280185,15.292429926527149,15.260566676940536,15.228703991261732,15.196839995476376,15.164972797088016,15.133100484366448,15.10122112556958,15.069332768137631,15.03743343785845,15.00552113800266,14.973593848427274,14.941649524646397,14.90968609686752,14.877701468991928,14.845693517577619,14.813660090763083,14.781599007150279,14.749508054645029,14.71738498925304,14.685227533829709,14.653033376781826,14.62080017071919,14.58852553105433,14.55620703454823,14.52384221780023,14.491428575680192,14.458963559701038,14.426444576330034,14.393868985237175,14.36123409747931,14.328537173619003,14.295775421777316,14.262945995620338,14.230045992279834,14.197072450209157,14.164022346976587,14.130892596999482,14.097680049224167,14.064422354324565,14.031282983943806,13.998136810897346,13.964955343059012,13.931695480104498,13.89834107913823,13.864894488776935,13.831341260783038,13.797719407622923,13.763977674145366,13.730136949076142,13.696158300621414,13.662096229706759,13.627897244773358,13.5935735135637,13.559114221982123,13.52452927103709,13.489812389404724,13.454948455484598,13.419953897808263,13.384804932344517,13.349512116241254,13.314051442927346,13.27844722936936,13.242682004618489,13.206748292923521,13.17063493177445,13.134347551905348,13.097900568051594,13.061273732761808,13.024492845110943,12.987511879525647,12.95034590471696,12.912997787454163,12.875445167230453,12.837719361890223,12.799778190001954,12.76164793237545,12.723337976500714,12.684830576498417,12.646113323050105,12.607207534775693,12.56813429165264,12.529023733810227,12.490006496782264,12.466613135139042,12.443097604131564,12.419458453599315,12.395694206293985,12.371803357188876,12.34778437276604,12.323635690280316,12.299355716999372,12.274942829418755,12.250395372451061,12.22571165858809,12.200889967034994,12.175928542815273,12.150825595845385,12.125579299977836,12.100187792011392,12.074649170667069,12.048961495528529,12.023122785945354,11.997131019897692,11.970984132820593,11.944680016386416,11.918216517243442,11.891591435708877,11.864802524414243,11.837847486901158,11.810723976165278,11.783429593146199,11.755961885160913,11.728318344278325,11.700496405632242,11.672493445670064,11.644306780334327,11.615933663174035,11.58737128338264,11.558616763759332,11.529667158590152,11.50051945144521,11.471170552888236,11.441617298094322,11.411856444371729,11.381884668583176,11.351698564462037,11.321294639818529,11.290669313630712,11.25981891301497,11.228739670070324,11.197427718590665,11.165879090638763,11.134089712975577,11.10205540333818,11.069771866559263,11.037234690520872,11.004439341934885,10.97138116194226,10.93805536152294,10.90445701670801,10.870581063585421,10.83642229309041,10.801975345571572,10.767234705123347,10.732194693675693,10.696849464831688,10.661192997443871,10.62521908892039,10.58892134825249,10.552293188755295,10.515327820514788,10.478018242534969,10.440357234580617,10.402337348713024,10.363950900518581,10.32518996003318,10.286046342369332,10.246511598057994,10.206577003123163,10.166233548915091,10.125471931737541,10.084282542316393,10.04265545517157,10.000580417972408,9.95804684097911,9.915043786700656,9.87155995993392,9.8275836983913,9.788456877334589,9.770699694403408,9.736669174815924,9.698899384034087,9.655448155975662,9.609803813481706,9.564372601766737,9.5169564815346,9.474413356766409,9.425087182020906,9.378377550035497,9.32646886146465,9.281561870759674,9.229564063389542,9.179023316266234,9.126941176335162,9.076020508141248,9.024152637155268,8.970171905826522,8.918196259843137,8.862974282015436,8.808980882775122,8.751698772077434,8.69743432678968,8.64073764696299,8.582900632536074,8.523432842353266,8.464523028880205,8.407327527021952,8.347320005047864,8.290512310456547,8.227521213395429,8.166304039545672,8.105277403249012,8.041139398106179,7.980899527618749,7.914960704485358,7.852249300888117,7.790578572743185,7.726403436158118,7.660405234727846,7.596989919060115,7.536147545614087,7.492186074254643,7.465300543105242]
MinStrategy is: [87, 107, 117, 117, 127, 131] + pump(90,159,23) , ['87 * 1 (-0.048359) , cost = 335.4110 s', '107 * 1 (-0.040930) , cost = 753.1463 s', '117 * 2 (-0.035713) , cost = 3351.9532 s', '127 * 1 (-0.034546) , cost = 16644.8273 s', '131 * 1 (-0.033874) , cost = 46173.7818 s'] + pump(90,159,23)
[87,107,117,117,127,131]
Time cost for pnj-BKZ = 18.68 h,
Time cost for pump = 101.75 h,
Total time cost = 120.43 h.
