New Strategy:
n = 40, alpha = 0.035, q = 1601, jump = 1, goal_margin = 1.50, MAX_TIME = inf h
[14.756767425993429, 14.756767425993429, 14.756767425993429, 14.756767425993429, 14.756767425993429, 14.756767425993429, 14.756767425993429, 14.756767425993429, 14.756767425993429, 14.756767425993429, 14.756767425993429, 14.756767425993429, 14.756767425993429, 14.756767425993429, 14.756767425993429, 14.756767425993429, 14.756767425993429, 14.756767425993429, 14.756767425993429, 14.756767425993429, 14.756767425993429, 14.756767425993429, 14.756767425993429, 14.756767425993429, 14.756767425993429, 14.756767425993429, 14.756767425993429, 14.756767425993429, 14.756767425993429, 14.756767425993429, 14.756767425993429, 14.756767425993429, 14.756767425993429, 14.756767425993429, 14.756767425993429, 14.756767425993429, 14.756767425993429, 14.756767425993429, 14.756767425993429, 14.756767425993429, 14.756767425993429, 14.756767425993429, 14.756767425993429, 14.756767425993429, 14.756767425993429, 14.756767425993429, 14.756767425993429, 14.756767425993429, 14.756767425993429, 14.756767425993429, 14.756767425993429, 14.756767425993429, 14.756767425993429, 14.756767425993429, 14.756767425993429, 14.756767425993429, 14.756767425993429, 14.756767425993429, 14.756767425993429, 14.756767425993429, 14.756767425993429, 14.756767425993429, 14.756767425993429, 14.756767425993429, 14.756767425993429, 14.756767425993429, 14.756767425993429, 14.756767425993429, 14.756767425993429, 14.756767425993429, 14.756767425993429, 14.756767425993429, 14.70543308422581, 14.683777068143856, 14.641533553384425, 14.582587117327906, 14.61494028646504, 14.405219115556466, 14.345045576354693, 14.288108901458482, 14.228273789525632, 14.288817505236086, 14.169501594547926, 14.057517870259545, 13.968128872075654, 13.910649135070052, 13.894446092676842, 13.717197024958885, 13.477518732128068, 13.456116866368907, 13.485822372796529, 13.37276465390297, 13.269205132496554, 13.33201561599404, 13.110026577571064, 13.001790356482768, 12.808148027045082, 12.758089475341407, 12.874195289945575, 12.738498968529724, 12.568199903705995, 12.76539470556111, 12.609238905555268, 12.431799035865037, 12.476210501228177, 12.359524298189486, 12.251511219841854, 12.158787574839648, 12.0484977583123, 11.981544723101885, 12.050155334756381, 11.835081394069643, 11.936818841189003, 11.701105485570876, 11.517404972735488, 11.486493528227543, 11.277748032873074, 11.089298909542425, 11.139313046027473, 10.936773173606706, 10.952550715021754, 11.045699304684726, 10.756018667969224, 10.786484982208059, 10.643102522886668, 10.580947234855431, 10.504807019868077, 10.484979240097475, 10.313402736669595, 10.092621135084546, 10.089056907358756, 9.835725409665926, 9.898260950161909, 9.901018170035828, 9.831824638739091, 9.821043085224687, 9.624505745228246, 9.581503703217358, 9.406197413574345, 9.376233920230225, 9.279457274049896, 9.11026590220215, 8.98751494293395, 8.955682586153836, 8.854798921420008, 8.803167056819367, 8.530818069219222, 8.554103098693542, 8.584357685186474, 8.42359391750141, 8.55804760863588, 8.349884856793533, 8.129881813257686, 7.958304699846059, 7.924170193210329, 7.846594437259189, 7.678576854511826, 7.645615709920458, 7.648490403236976, 7.534700599503403, 7.514689401081433, 7.3180875033799495, 7.151182922420157, 7.085932371097919, 6.839129098011267, 6.607935765529559, 6.559901824586307, 6.531221151437182, 6.395552476650753, 6.281462035694155, 6.297424509605956, 6.069697554729155, 6.028655901891391, 5.945234097719472, 5.904333770172426, 5.927740500670045, 6.01580602961108, 5.934520425695657, 5.865441426531172, 5.627671936902338, 5.546022558475303, 5.398015507656273, 5.331719467704818, 5.369726824009611, 5.099090914428543, 5.1520003698633845, 4.989926249767396, 4.997733244189339, 5.004070652536769, 5.09358717431234, 5.040939282090522, 4.8731580156841865, 4.8004535207032335, 5.009816701225918]
Blocksize strategy selection process: -0.057476 --> -0.057476, len_BS = 1
Blocksize strategy selection process: -0.045728 --> -0.031040, len_BS = 104
Blocksize strategy selection process: -0.045534 --> -0.031038, len_BS = 152
Blocksize strategy selection process: -0.045340 --> -0.031038, len_BS = 207
Blocksize strategy selection process: -0.045147 --> -0.031038, len_BS = 259
Blocksize strategy selection process: -0.044953 --> -0.031038, len_BS = 303
Blocksize strategy selection process: -0.041133 --> -0.031038, len_BS = 357
Blocksize strategy selection process: -0.041014 --> -0.031038, len_BS = 385
Blocksize strategy selection process: -0.040949 --> -0.031038, len_BS = 427
Blocksize strategy selection process: -0.040894 --> -0.031038, len_BS = 466
Blocksize strategy selection process: -0.040829 --> -0.031038, len_BS = 501
Blocksize strategy selection process: -0.040773 --> -0.031038, len_BS = 537
Blocksize strategy selection process: -0.040765 --> -0.031038, len_BS = 576
Blocksize strategy selection process: -0.040710 --> -0.031038, len_BS = 576
Blocksize strategy selection process: -0.040652 --> -0.031038, len_BS = 607
Blocksize strategy selection process: -0.040647 --> -0.031038, len_BS = 645
Blocksize strategy selection process: -0.040590 --> -0.031038, len_BS = 645
Blocksize strategy selection process: -0.039806 --> -0.031038, len_BS = 670
Blocksize strategy selection process: -0.039713 --> -0.031038, len_BS = 714
Blocksize strategy selection process: -0.038681 --> -0.031038, len_BS = 765
Blocksize strategy selection process: -0.038637 --> -0.031038, len_BS = 793
Blocksize strategy selection process: -0.038557 --> -0.031038, len_BS = 832
Blocksize strategy selection process: -0.038514 --> -0.031038, len_BS = 884
Blocksize strategy selection process: -0.038472 --> -0.031038, len_BS = 920
Blocksize strategy selection process: -0.037819 --> -0.031038, len_BS = 955
Blocksize strategy selection process: -0.037792 --> -0.031038, len_BS = 942
Blocksize strategy selection process: -0.037780 --> -0.031038, len_BS = 981
Blocksize strategy selection process: -0.037714 --> -0.031038, len_BS = 1007
Blocksize strategy selection process: -0.037688 --> -0.031038, len_BS = 1057
Blocksize strategy selection process: -0.037677 --> -0.031038, len_BS = 1104
Blocksize strategy selection process: -0.037662 --> -0.031038, len_BS = 1140
Blocksize strategy selection process: -0.037586 --> -0.031038, len_BS = 1175
Blocksize strategy selection process: -0.037564 --> -0.031038, len_BS = 1218
Blocksize strategy selection process: -0.037297 --> -0.031038, len_BS = 1258
Blocksize strategy selection process: -0.036766 --> -0.031038, len_BS = 1250
Blocksize strategy selection process: -0.036745 --> -0.031038, len_BS = 991
Blocksize strategy selection process: -0.036736 --> -0.031038, len_BS = 1025
Blocksize strategy selection process: -0.036724 --> -0.031038, len_BS = 1048
Blocksize strategy selection process: -0.036715 --> -0.031038, len_BS = 1069
Blocksize strategy selection process: -0.036703 --> -0.031038, len_BS = 1088
Blocksize strategy selection process: -0.036694 --> -0.031038, len_BS = 1112
Blocksize strategy selection process: -0.036682 --> -0.031038, len_BS = 1128
Blocksize strategy selection process: -0.036674 --> -0.031038, len_BS = 1158
Blocksize strategy selection process: -0.036582 --> -0.031038, len_BS = 1178
Blocksize strategy selection process: -0.036565 --> -0.031038, len_BS = 1193
Blocksize strategy selection process: -0.036356 --> -0.031038, len_BS = 1227
Blocksize strategy selection process: -0.036350 --> -0.031038, len_BS = 1225
Blocksize strategy selection process: -0.036336 --> -0.031038, len_BS = 1244
Blocksize strategy selection process: -0.036330 --> -0.031038, len_BS = 1277
Blocksize strategy selection process: -0.036325 --> -0.031038, len_BS = 1293
Blocksize strategy selection process: -0.036244 --> -0.031038, len_BS = 1308
Blocksize strategy selection process: -0.036241 --> -0.031038, len_BS = 1343
Blocksize strategy selection process: -0.036239 --> -0.031038, len_BS = 1357
Blocksize strategy selection process: -0.036228 --> -0.031038, len_BS = 1358
Blocksize strategy selection process: -0.036224 --> -0.031038, len_BS = 1385
Blocksize strategy selection process: -0.036223 --> -0.031038, len_BS = 1399
Blocksize strategy selection process: -0.036221 --> -0.031038, len_BS = 1403
Blocksize strategy selection process: -0.036214 --> -0.031038, len_BS = 1406
Blocksize strategy selection process: -0.036211 --> -0.031038, len_BS = 1420
Blocksize strategy selection process: -0.036151 --> -0.031038, len_BS = 1429
Blocksize strategy selection process: -0.036148 --> -0.031038, len_BS = 1459
Blocksize strategy selection process: -0.036146 --> -0.031038, len_BS = 1466
Blocksize strategy selection process: -0.036135 --> -0.031038, len_BS = 1470
Blocksize strategy selection process: -0.036131 --> -0.031038, len_BS = 1492
Blocksize strategy selection process: -0.036130 --> -0.031038, len_BS = 1502
Blocksize strategy selection process: -0.036128 --> -0.031038, len_BS = 1503
Blocksize strategy selection process: -0.036122 --> -0.031038, len_BS = 1511
Blocksize strategy selection process: -0.036119 --> -0.031038, len_BS = 1524
Blocksize strategy selection process: -0.036058 --> -0.031038, len_BS = 1530
Blocksize strategy selection process: -0.036054 --> -0.031038, len_BS = 1553
Blocksize strategy selection process: -0.036053 --> -0.031038, len_BS = 1561
Blocksize strategy selection process: -0.036042 --> -0.031038, len_BS = 1565
Blocksize strategy selection process: -0.035993 --> -0.031038, len_BS = 1587
Blocksize strategy selection process: -0.035990 --> -0.031038, len_BS = 1619
Blocksize strategy selection process: -0.035989 --> -0.031038, len_BS = 1630
Blocksize strategy selection process: -0.035988 --> -0.031038, len_BS = 1634
Blocksize strategy selection process: -0.035987 --> -0.031038, len_BS = 1637
Blocksize strategy selection process: -0.035985 --> -0.031038, len_BS = 1638
Blocksize strategy selection process: -0.035984 --> -0.031038, len_BS = 1639
Blocksize strategy selection process: -0.035983 --> -0.031038, len_BS = 1643
Blocksize strategy selection process: -0.035982 --> -0.031038, len_BS = 1646
Blocksize strategy selection process: -0.035971 --> -0.031038, len_BS = 1647
Blocksize strategy selection process: -0.035969 --> -0.031038, len_BS = 1674
Blocksize strategy selection process: -0.035904 --> -0.031038, len_BS = 1678
Blocksize strategy selection process: -0.035901 --> -0.031038, len_BS = 1715
Blocksize strategy selection process: -0.035900 --> -0.031038, len_BS = 1717
Blocksize strategy selection process: -0.035899 --> -0.031038, len_BS = 1721
Blocksize strategy selection process: -0.035898 --> -0.031038, len_BS = 1726
Blocksize strategy selection process: -0.035896 --> -0.031038, len_BS = 1726
Blocksize strategy selection process: -0.035895 --> -0.031038, len_BS = 1728
Blocksize strategy selection process: -0.035894 --> -0.031038, len_BS = 1730
Blocksize strategy selection process: -0.035893 --> -0.031038, len_BS = 1734
Blocksize strategy selection process: -0.035882 --> -0.031038, len_BS = 1735
Blocksize strategy selection process: -0.035880 --> -0.031038, len_BS = 1755
Blocksize strategy selection process: -0.035814 --> -0.031038, len_BS = 1760
Blocksize strategy selection process: -0.035812 --> -0.031038, len_BS = 1785
Blocksize strategy selection process: -0.035811 --> -0.031038, len_BS = 1788
Blocksize strategy selection process: -0.035809 --> -0.031038, len_BS = 1790
Blocksize strategy selection process: -0.035808 --> -0.031038, len_BS = 1793
Blocksize strategy selection process: -0.035807 --> -0.031038, len_BS = 1795
Blocksize strategy selection process: -0.035806 --> -0.031038, len_BS = 1798
Blocksize strategy selection process: -0.035805 --> -0.031038, len_BS = 1799
Blocksize strategy selection process: -0.035804 --> -0.031038, len_BS = 1803
Blocksize strategy selection process: -0.035793 --> -0.031038, len_BS = 1803
Blocksize strategy selection process: -0.035792 --> -0.031038, len_BS = 1818
Blocksize strategy selection process: -0.035725 --> -0.031038, len_BS = 1821
Blocksize strategy selection process: -0.035722 --> -0.031038, len_BS = 1850
Blocksize strategy selection process: -0.035721 --> -0.031038, len_BS = 1856
Blocksize strategy selection process: -0.035720 --> -0.031038, len_BS = 1860
Blocksize strategy selection process: -0.035719 --> -0.031038, len_BS = 1860
Blocksize strategy selection process: -0.035718 --> -0.031038, len_BS = 1864
Blocksize strategy selection process: -0.035717 --> -0.031038, len_BS = 1865
Blocksize strategy selection process: -0.035715 --> -0.031038, len_BS = 1867
Blocksize strategy selection process: -0.035714 --> -0.031038, len_BS = 1867
Blocksize strategy selection process: -0.035704 --> -0.031038, len_BS = 1869
Blocksize strategy selection process: -0.035702 --> -0.031038, len_BS = 1884
Blocksize strategy selection process: -0.035635 --> -0.031038, len_BS = 1886
Blocksize strategy selection process: -0.035632 --> -0.031038, len_BS = 1911
Blocksize strategy selection process: -0.035631 --> -0.031038, len_BS = 1915
Blocksize strategy selection process: -0.035630 --> -0.031038, len_BS = 1918
Blocksize strategy selection process: -0.035629 --> -0.031038, len_BS = 1919
Blocksize strategy selection process: -0.035628 --> -0.031038, len_BS = 1922
Blocksize strategy selection process: -0.035627 --> -0.031038, len_BS = 1925
Blocksize strategy selection process: -0.035625 --> -0.031038, len_BS = 1929
Blocksize strategy selection process: -0.035624 --> -0.031038, len_BS = 1931
Blocksize strategy selection process: -0.035614 --> -0.031038, len_BS = 1931
Blocksize strategy selection process: -0.035613 --> -0.031038, len_BS = 1947
Blocksize strategy selection process: -0.035544 --> -0.031038, len_BS = 1949
Blocksize strategy selection process: -0.035542 --> -0.031038, len_BS = 1973
Blocksize strategy selection process: -0.035541 --> -0.031038, len_BS = 1978
Blocksize strategy selection process: -0.035540 --> -0.031038, len_BS = 1978
Blocksize strategy selection process: -0.035539 --> -0.031038, len_BS = 1979
Blocksize strategy selection process: -0.035538 --> -0.031038, len_BS = 1979
Blocksize strategy selection process: -0.035537 --> -0.031038, len_BS = 1980
Blocksize strategy selection process: -0.035535 --> -0.031038, len_BS = 1982
Blocksize strategy selection process: -0.035534 --> -0.031038, len_BS = 1985
Blocksize strategy selection process: -0.035525 --> -0.031038, len_BS = 1986
Blocksize strategy selection process: -0.035523 --> -0.031038, len_BS = 1997
Blocksize strategy selection process: -0.035454 --> -0.031038, len_BS = 2000
Blocksize strategy selection process: -0.035452 --> -0.031038, len_BS = 2032
Blocksize strategy selection process: -0.035451 --> -0.031038, len_BS = 2037
Blocksize strategy selection process: -0.035450 --> -0.031038, len_BS = 2037
Blocksize strategy selection process: -0.035449 --> -0.031038, len_BS = 2038
Blocksize strategy selection process: -0.035448 --> -0.031038, len_BS = 2038
Blocksize strategy selection process: -0.035447 --> -0.031038, len_BS = 2039
Blocksize strategy selection process: -0.035446 --> -0.031038, len_BS = 2041
Blocksize strategy selection process: -0.035445 --> -0.031038, len_BS = 2043
Blocksize strategy selection process: -0.035435 --> -0.031038, len_BS = 2043
Blocksize strategy selection process: -0.035434 --> -0.031038, len_BS = 2058
Blocksize strategy selection process: -0.035364 --> -0.031038, len_BS = 2061
Blocksize strategy selection process: -0.035256 --> -0.031038, len_BS = 2076
Blocksize strategy selection process: -0.035182 --> -0.031038, len_BS = 2076
Blocksize strategy selection process: -0.035180 --> -0.031038, len_BS = 2091
Blocksize strategy selection process: -0.035178 --> -0.031038, len_BS = 2094
Blocksize strategy selection process: -0.035176 --> -0.031038, len_BS = 2095
Blocksize strategy selection process: -0.035174 --> -0.031038, len_BS = 2096
Blocksize strategy selection process: -0.035165 --> -0.031038, len_BS = 2096
Blocksize strategy selection process: -0.035163 --> -0.031038, len_BS = 2110
Blocksize strategy selection process: -0.035144 --> -0.031038, len_BS = 2110
Blocksize strategy selection process: -0.035092 --> -0.031038, len_BS = 2127
Blocksize strategy selection process: -0.035090 --> -0.031038, len_BS = 2137
Blocksize strategy selection process: -0.035089 --> -0.031038, len_BS = 2139
Blocksize strategy selection process: -0.035088 --> -0.031038, len_BS = 2140
Blocksize strategy selection process: -0.035074 --> -0.031038, len_BS = 2142
Blocksize strategy selection process: -0.035054 --> -0.031038, len_BS = 2152
Blocksize strategy selection process: -0.035001 --> -0.031038, len_BS = 2174
Blocksize strategy selection process: -0.034984 --> -0.031038, len_BS = 2189
Blocksize strategy selection process: -0.034983 --> -0.031038, len_BS = 2204
Blocksize strategy selection process: -0.034964 --> -0.031038, len_BS = 2205
Blocksize strategy selection process: -0.034962 --> -0.031038, len_BS = 2222
Blocksize strategy selection process: -0.034961 --> -0.031038, len_BS = 2222
Blocksize strategy selection process: -0.034908 --> -0.031038, len_BS = 2224
Blocksize strategy selection process: -0.034907 --> -0.031038, len_BS = 2243
Blocksize strategy selection process: -0.034906 --> -0.031038, len_BS = 2247
Blocksize strategy selection process: -0.034905 --> -0.031038, len_BS = 2248
Blocksize strategy selection process: -0.034904 --> -0.031038, len_BS = 2248
Blocksize strategy selection process: -0.034903 --> -0.031038, len_BS = 2249
Blocksize strategy selection process: -0.034875 --> -0.031038, len_BS = 2251
Blocksize strategy selection process: -0.034874 --> -0.031038, len_BS = 2267
Blocksize strategy selection process: -0.034873 --> -0.031038, len_BS = 2267
Blocksize strategy selection process: -0.034872 --> -0.031038, len_BS = 2270
Blocksize strategy selection process: -0.034820 --> -0.031038, len_BS = 2271
Blocksize strategy selection process: -0.034818 --> -0.031038, len_BS = 2290
Blocksize strategy selection process: -0.034817 --> -0.031038, len_BS = 2292
Blocksize strategy selection process: -0.034816 --> -0.031038, len_BS = 2292
Blocksize strategy selection process: -0.034815 --> -0.031038, len_BS = 2292
Blocksize strategy selection process: -0.034814 --> -0.031038, len_BS = 2294
Blocksize strategy selection process: -0.034641 --> -0.031038, len_BS = 2294
Blocksize strategy selection process: -0.034638 --> -0.031038, len_BS = 2279
Blocksize strategy selection process: -0.034606 --> -0.031038, len_BS = 2280
Blocksize strategy selection process: -0.034605 --> -0.031038, len_BS = 2267
Blocksize strategy selection process: -0.034604 --> -0.031038, len_BS = 2267
Blocksize strategy selection process: -0.034547 --> -0.031038, len_BS = 2267
Blocksize strategy selection process: -0.034546 --> -0.031038, len_BS = 2283
Blocksize strategy selection process: -0.034545 --> -0.031038, len_BS = 2284
Blocksize strategy selection process: -0.034544 --> -0.031038, len_BS = 2286
Blocksize strategy selection process: -0.034543 --> -0.031038, len_BS = 2286
Blocksize strategy selection process: -0.034542 --> -0.031038, len_BS = 2287
Blocksize strategy selection process: -0.034517 --> -0.031038, len_BS = 2287
Blocksize strategy selection process: -0.034516 --> -0.031038, len_BS = 2304
Blocksize strategy selection process: -0.034459 --> -0.031038, len_BS = 2304
Blocksize strategy selection process: -0.034457 --> -0.031038, len_BS = 2316
Blocksize strategy selection process: -0.034456 --> -0.031038, len_BS = 2317
Blocksize strategy selection process: -0.034455 --> -0.031038, len_BS = 2317
Blocksize strategy selection process: -0.034454 --> -0.031038, len_BS = 2321
Blocksize strategy selection process: -0.034427 --> -0.031038, len_BS = 2322
Blocksize strategy selection process: -0.034426 --> -0.031038, len_BS = 2331
Blocksize strategy selection process: -0.034425 --> -0.031038, len_BS = 2331
Blocksize strategy selection process: -0.034368 --> -0.031038, len_BS = 2331
Blocksize strategy selection process: -0.034366 --> -0.031038, len_BS = 2343
Blocksize strategy selection process: -0.034363 --> -0.031038, len_BS = 2344
Blocksize strategy selection process: -0.034362 --> -0.031038, len_BS = 2345
Blocksize strategy selection process: -0.034361 --> -0.031038, len_BS = 2345
Blocksize strategy selection process: -0.034313 --> -0.031038, len_BS = 2345
Blocksize strategy selection process: -0.034312 --> -0.031038, len_BS = 2363
Blocksize strategy selection process: -0.034301 --> -0.031038, len_BS = 2363
Blocksize strategy selection process: -0.034294 --> -0.031038, len_BS = 2368
Blocksize strategy selection process: -0.034293 --> -0.031038, len_BS = 2371
Blocksize strategy selection process: -0.034292 --> -0.031038, len_BS = 2372
Blocksize strategy selection process: -0.034241 --> -0.031038, len_BS = 2373
Blocksize strategy selection process: -0.034240 --> -0.031038, len_BS = 2388
Blocksize strategy selection process: -0.034184 --> -0.031038, len_BS = 2389
Blocksize strategy selection process: -0.034176 --> -0.031038, len_BS = 2405
Blocksize strategy selection process: -0.034160 --> -0.031038, len_BS = 2410
Blocksize strategy selection process: -0.034159 --> -0.031038, len_BS = 2420
Blocksize strategy selection process: -0.034151 --> -0.031038, len_BS = 2420
Blocksize strategy selection process: -0.034093 --> -0.031038, len_BS = 2423
Blocksize strategy selection process: -0.034010 --> -0.031038, len_BS = 2434
Blocksize strategy selection process: -0.034008 --> -0.031038, len_BS = 2417
Blocksize strategy selection process: -0.034007 --> -0.031038, len_BS = 2417
Blocksize strategy selection process: -0.034006 --> -0.031038, len_BS = 2418
Blocksize strategy selection process: -0.034005 --> -0.031038, len_BS = 2418
Blocksize strategy selection process: -0.034004 --> -0.031038, len_BS = 2419
Blocksize strategy selection process: -0.033998 --> -0.031038, len_BS = 2420
Blocksize strategy selection process: -0.033996 --> -0.031038, len_BS = 2421
Blocksize strategy selection process: -0.033983 --> -0.031038, len_BS = 2421
Blocksize strategy selection process: -0.033982 --> -0.031038, len_BS = 2429
Blocksize strategy selection process: -0.033981 --> -0.031038, len_BS = 2429
Blocksize strategy selection process: -0.033976 --> -0.031038, len_BS = 2430
Blocksize strategy selection process: -0.033975 --> -0.031038, len_BS = 2432
Blocksize strategy selection process: -0.033974 --> -0.031038, len_BS = 2432
Blocksize strategy selection process: -0.033973 --> -0.031038, len_BS = 2432
Blocksize strategy selection process: -0.033920 --> -0.031038, len_BS = 2432
Blocksize strategy selection process: -0.033919 --> -0.031038, len_BS = 2447
Blocksize strategy selection process: -0.033918 --> -0.031038, len_BS = 2448
Blocksize strategy selection process: -0.033917 --> -0.031038, len_BS = 2448
Blocksize strategy selection process: -0.033831 --> -0.031038, len_BS = 2448
Blocksize strategy selection process: -0.033830 --> -0.031038, len_BS = 2460
Blocksize strategy selection process: -0.033829 --> -0.031038, len_BS = 2460
Blocksize strategy selection process: -0.033828 --> -0.031038, len_BS = 2464
Blocksize strategy selection process: -0.033823 --> -0.031038, len_BS = 2464
Blocksize strategy selection process: -0.033719 --> -0.031038, len_BS = 2464
Blocksize strategy selection process: -0.033706 --> -0.031038, len_BS = 2467
Blocksize strategy selection process: -0.033654 --> -0.031038, len_BS = 2473
Blocksize strategy selection process: -0.033653 --> -0.031038, len_BS = 2486
Blocksize strategy selection process: -0.033652 --> -0.031038, len_BS = 2486
Blocksize strategy selection process: -0.033568 --> -0.031038, len_BS = 2486
Blocksize strategy selection process: -0.033567 --> -0.031038, len_BS = 2493
Blocksize strategy selection process: -0.033565 --> -0.031038, len_BS = 2494
Blocksize strategy selection process: -0.033564 --> -0.031038, len_BS = 2494
Blocksize strategy selection process: -0.033557 --> -0.031038, len_BS = 2494
Blocksize strategy selection process: -0.033539 --> -0.031038, len_BS = 2494
Blocksize strategy selection process: -0.033538 --> -0.031038, len_BS = 2499
Blocksize strategy selection process: -0.033532 --> -0.031038, len_BS = 2499
Blocksize strategy selection process: -0.033471 --> -0.031038, len_BS = 2502
Blocksize strategy selection process: -0.033368 --> -0.031038, len_BS = 2510
Blocksize strategy selection process: -0.033367 --> -0.031038, len_BS = 2518
Blocksize strategy selection process: -0.033309 --> -0.031038, len_BS = 2522
Blocksize strategy selection process: -0.033307 --> -0.031038, len_BS = 2537
Blocksize strategy selection process: -0.033300 --> -0.031038, len_BS = 2537
Blocksize strategy selection process: -0.033202 --> -0.031038, len_BS = 2537
Blocksize strategy selection process: -0.033201 --> -0.031038, len_BS = 2545
Blocksize strategy selection process: -0.033196 --> -0.031038, len_BS = 2545
Blocksize strategy selection process: -0.033195 --> -0.031038, len_BS = 2547
Blocksize strategy selection process: -0.033139 --> -0.031038, len_BS = 2547
Blocksize strategy selection process: -0.033112 --> -0.031038, len_BS = 2554
Blocksize strategy selection process: -0.033107 --> -0.031038, len_BS = 2562
Blocksize strategy selection process: -0.033051 --> -0.031038, len_BS = 2563
Blocksize strategy selection process: -0.033041 --> -0.031038, len_BS = 2567
Blocksize strategy selection process: -0.033040 --> -0.031038, len_BS = 2569
Blocksize strategy selection process: -0.033026 --> -0.031038, len_BS = 2569
Blocksize strategy selection process: -0.033025 --> -0.031038, len_BS = 2572
Blocksize strategy selection process: -0.032977 --> -0.031038, len_BS = 2573
Blocksize strategy selection process: -0.032868 --> -0.031038, len_BS = 2578
Blocksize strategy selection process: -0.032814 --> -0.031038, len_BS = 2581
Blocksize strategy selection process: -0.032779 --> -0.031038, len_BS = 2592
Blocksize strategy selection process: -0.032778 --> -0.031038, len_BS = 2594
Blocksize strategy selection process: -0.032777 --> -0.031038, len_BS = 2594
Blocksize strategy selection process: -0.032774 --> -0.031038, len_BS = 2594
Blocksize strategy selection process: -0.032773 --> -0.031038, len_BS = 2594
Blocksize strategy selection process: -0.032770 --> -0.031038, len_BS = 2594
Blocksize strategy selection process: -0.032769 --> -0.031038, len_BS = 2594
Blocksize strategy selection process: -0.032766 --> -0.031038, len_BS = 2594
Blocksize strategy selection process: -0.032765 --> -0.031038, len_BS = 2594
Blocksize strategy selection process: -0.032762 --> -0.031038, len_BS = 2594
Blocksize strategy selection process: -0.032718 --> -0.031038, len_BS = 2596
Blocksize strategy selection process: -0.032625 --> -0.031038, len_BS = 2600
Blocksize strategy selection process: -0.032549 --> -0.031038, len_BS = 2605
Blocksize strategy selection process: -0.032515 --> -0.031038, len_BS = 2610
Blocksize strategy selection process: -0.032493 --> -0.031038, len_BS = 2613
Blocksize strategy selection process: -0.032491 --> -0.031038, len_BS = 2615
Blocksize strategy selection process: -0.032407 --> -0.031038, len_BS = 2615
Blocksize strategy selection process: -0.032372 --> -0.031038, len_BS = 2619
Blocksize strategy selection process: -0.032331 --> -0.031038, len_BS = 2622
Blocksize strategy selection process: -0.032328 --> -0.031038, len_BS = 2623
Blocksize strategy selection process: -0.032289 --> -0.031038, len_BS = 2624
Blocksize strategy selection process: -0.032280 --> -0.031038, len_BS = 2626
Blocksize strategy selection process: -0.032269 --> -0.031038, len_BS = 2626
Blocksize strategy selection process: -0.032224 --> -0.031038, len_BS = 2626
Blocksize strategy selection process: -0.032222 --> -0.031038, len_BS = 2627
Blocksize strategy selection process: -0.032218 --> -0.031038, len_BS = 2627
Blocksize strategy selection process: -0.032216 --> -0.031038, len_BS = 2627
Blocksize strategy selection process: -0.032167 --> -0.031038, len_BS = 2627
Blocksize strategy selection process: -0.032163 --> -0.031038, len_BS = 2628
Blocksize strategy selection process: -0.032126 --> -0.031038, len_BS = 2628
Blocksize strategy selection process: -0.032124 --> -0.031038, len_BS = 2631
Blocksize strategy selection process: -0.032014 --> -0.031038, len_BS = 2632
Blocksize strategy selection process: -0.031938 --> -0.031038, len_BS = 2636
Blocksize strategy selection process: -0.031879 --> -0.031038, len_BS = 2638
Blocksize strategy selection process: -0.031848 --> -0.031038, len_BS = 2638
Blocksize strategy selection process: -0.031845 --> -0.031038, len_BS = 2641
Blocksize strategy selection process: -0.031842 --> -0.031038, len_BS = 2641
Blocksize strategy selection process: -0.031841 --> -0.031038, len_BS = 2641
Blocksize strategy selection process: -0.031840 --> -0.031038, len_BS = 2641
Blocksize strategy selection process: -0.031838 --> -0.031038, len_BS = 2641
Blocksize strategy selection process: -0.031837 --> -0.031038, len_BS = 2641
Blocksize strategy selection process: -0.031835 --> -0.031038, len_BS = 2641
Blocksize strategy selection process: -0.031834 --> -0.031038, len_BS = 2641
Blocksize strategy selection process: -0.031832 --> -0.031038, len_BS = 2641
Blocksize strategy selection process: -0.031831 --> -0.031038, len_BS = 2641
Blocksize strategy selection process: -0.031830 --> -0.031038, len_BS = 2641
Blocksize strategy selection process: -0.031829 --> -0.031038, len_BS = 2641
Blocksize strategy selection process: -0.031828 --> -0.031038, len_BS = 2641
Blocksize strategy selection process: -0.031827 --> -0.031038, len_BS = 2641
Blocksize strategy selection process: -0.031826 --> -0.031038, len_BS = 2641
Blocksize strategy selection process: -0.031825 --> -0.031038, len_BS = 2641
Blocksize strategy selection process: -0.031822 --> -0.031038, len_BS = 2641
Blocksize strategy selection process: -0.031821 --> -0.031038, len_BS = 2641
Blocksize strategy selection process: -0.031820 --> -0.031038, len_BS = 2641
Blocksize strategy selection process: -0.031819 --> -0.031038, len_BS = 2641
Blocksize strategy selection process: -0.031788 --> -0.031038, len_BS = 2641
Blocksize strategy selection process: -0.031787 --> -0.031038, len_BS = 2642
Blocksize strategy selection process: -0.031786 --> -0.031038, len_BS = 2642
Blocksize strategy selection process: -0.031785 --> -0.031038, len_BS = 2642
Blocksize strategy selection process: -0.031784 --> -0.031038, len_BS = 2642
Blocksize strategy selection process: -0.031783 --> -0.031038, len_BS = 2642
Blocksize strategy selection process: -0.031781 --> -0.031038, len_BS = 2642
Blocksize strategy selection process: -0.031780 --> -0.031038, len_BS = 2642
Blocksize strategy selection process: -0.031779 --> -0.031038, len_BS = 2642
Blocksize strategy selection process: -0.031777 --> -0.031038, len_BS = 2642
Blocksize strategy selection process: -0.031776 --> -0.031038, len_BS = 2642
Blocksize strategy selection process: -0.031775 --> -0.031038, len_BS = 2642
Blocksize strategy selection process: -0.031774 --> -0.031038, len_BS = 2642
Blocksize strategy selection process: -0.031716 --> -0.031038, len_BS = 2643
Blocksize strategy selection process: -0.031704 --> -0.031038, len_BS = 2645
Blocksize strategy selection process: -0.031685 --> -0.031038, len_BS = 2645
Blocksize strategy selection process: -0.031684 --> -0.031038, len_BS = 2645
Blocksize strategy selection process: -0.031683 --> -0.031038, len_BS = 2645
Blocksize strategy selection process: -0.031682 --> -0.031038, len_BS = 2645
Blocksize strategy selection process: -0.031681 --> -0.031038, len_BS = 2645
Blocksize strategy selection process: -0.031680 --> -0.031038, len_BS = 2645
Blocksize strategy selection process: -0.031679 --> -0.031038, len_BS = 2645
Blocksize strategy selection process: -0.031678 --> -0.031038, len_BS = 2645
Blocksize strategy selection process: -0.031677 --> -0.031038, len_BS = 2645
Blocksize strategy selection process: -0.031676 --> -0.031038, len_BS = 2645
Blocksize strategy selection process: -0.031675 --> -0.031038, len_BS = 2645
Blocksize strategy selection process: -0.031674 --> -0.031038, len_BS = 2645
Blocksize strategy selection process: -0.031673 --> -0.031038, len_BS = 2645
Blocksize strategy selection process: -0.031671 --> -0.031038, len_BS = 2645
Blocksize strategy selection process: -0.031670 --> -0.031038, len_BS = 2645
Blocksize strategy selection process: -0.031669 --> -0.031038, len_BS = 2645
Blocksize strategy selection process: -0.031668 --> -0.031038, len_BS = 2645
Blocksize strategy selection process: -0.031667 --> -0.031038, len_BS = 2645
Blocksize strategy selection process: -0.031666 --> -0.031038, len_BS = 2645
Blocksize strategy selection process: -0.031664 --> -0.031038, len_BS = 2645
Blocksize strategy selection process: -0.031663 --> -0.031038, len_BS = 2645
Blocksize strategy selection process: -0.031662 --> -0.031038, len_BS = 2645
Blocksize strategy selection process: -0.031635 --> -0.031038, len_BS = 2645
Blocksize strategy selection process: -0.031634 --> -0.031038, len_BS = 2645
Blocksize strategy selection process: -0.031633 --> -0.031038, len_BS = 2645
Blocksize strategy selection process: -0.031632 --> -0.031038, len_BS = 2645
Blocksize strategy selection process: -0.031631 --> -0.031038, len_BS = 2645
Blocksize strategy selection process: -0.031630 --> -0.031038, len_BS = 2645
Blocksize strategy selection process: -0.031629 --> -0.031038, len_BS = 2645
Blocksize strategy selection process: -0.031628 --> -0.031038, len_BS = 2645
Blocksize strategy selection process: -0.031627 --> -0.031038, len_BS = 2645
Blocksize strategy selection process: -0.031626 --> -0.031038, len_BS = 2645
Blocksize strategy selection process: -0.031625 --> -0.031038, len_BS = 2645
Blocksize strategy selection process: -0.031624 --> -0.031038, len_BS = 2645
Blocksize strategy selection process: -0.031623 --> -0.031038, len_BS = 2645
Blocksize strategy selection process: -0.031621 --> -0.031038, len_BS = 2645
Blocksize strategy selection process: -0.031620 --> -0.031038, len_BS = 2645
Blocksize strategy selection process: -0.031619 --> -0.031038, len_BS = 2645
Blocksize strategy selection process: -0.031618 --> -0.031038, len_BS = 2645
Blocksize strategy selection process: -0.031617 --> -0.031038, len_BS = 2645
Blocksize strategy selection process: -0.031616 --> -0.031038, len_BS = 2645
Blocksize strategy selection process: -0.031588 --> -0.031038, len_BS = 2645
Blocksize strategy selection process: -0.031587 --> -0.031038, len_BS = 2645
Blocksize strategy selection process: -0.031585 --> -0.031038, len_BS = 2645
Blocksize strategy selection process: -0.031584 --> -0.031038, len_BS = 2645
Blocksize strategy selection process: -0.031583 --> -0.031038, len_BS = 2645
Blocksize strategy selection process: -0.031582 --> -0.031038, len_BS = 2645
Blocksize strategy selection process: -0.031581 --> -0.031038, len_BS = 2645
Blocksize strategy selection process: -0.031580 --> -0.031038, len_BS = 2645
Blocksize strategy selection process: -0.031579 --> -0.031038, len_BS = 2645
Blocksize strategy selection process: -0.031578 --> -0.031038, len_BS = 2645
Blocksize strategy selection process: -0.031577 --> -0.031038, len_BS = 2645
Blocksize strategy selection process: -0.031576 --> -0.031038, len_BS = 2645
Blocksize strategy selection process: -0.031575 --> -0.031038, len_BS = 2645
Blocksize strategy selection process: -0.031574 --> -0.031038, len_BS = 2645
Blocksize strategy selection process: -0.031573 --> -0.031038, len_BS = 2645
Blocksize strategy selection process: -0.031572 --> -0.031038, len_BS = 2645
Blocksize strategy selection process: -0.031571 --> -0.031038, len_BS = 2645
Blocksize strategy selection process: -0.031570 --> -0.031038, len_BS = 2645
Blocksize strategy selection process: -0.031569 --> -0.031038, len_BS = 2645
Blocksize strategy selection process: -0.031493 --> -0.031038, len_BS = 2645
Blocksize strategy selection process: -0.031492 --> -0.031037, len_BS = 2648
Blocksize strategy selection process: -0.031491 --> -0.031037, len_BS = 2648
Blocksize strategy selection process: -0.031490 --> -0.031037, len_BS = 2648
Blocksize strategy selection process: -0.031489 --> -0.031037, len_BS = 2648
Blocksize strategy selection process: -0.031488 --> -0.031037, len_BS = 2648
Blocksize strategy selection process: -0.031487 --> -0.031037, len_BS = 2648
Blocksize strategy selection process: -0.031486 --> -0.031037, len_BS = 2648
Blocksize strategy selection process: -0.031485 --> -0.031037, len_BS = 2648
Blocksize strategy selection process: -0.031484 --> -0.031037, len_BS = 2648
Blocksize strategy selection process: -0.031483 --> -0.031037, len_BS = 2648
Blocksize strategy selection process: -0.031482 --> -0.031037, len_BS = 2648
Blocksize strategy selection process: -0.031481 --> -0.031037, len_BS = 2648
Blocksize strategy selection process: -0.031480 --> -0.031037, len_BS = 2648
Blocksize strategy selection process: -0.031479 --> -0.031037, len_BS = 2648
Blocksize strategy selection process: -0.031478 --> -0.031037, len_BS = 2648
Blocksize strategy selection process: -0.031477 --> -0.031037, len_BS = 2648
Blocksize strategy selection process: -0.031476 --> -0.031037, len_BS = 2648
Blocksize strategy selection process: -0.031475 --> -0.031037, len_BS = 2648
Blocksize strategy selection process: -0.031474 --> -0.031037, len_BS = 2648
Blocksize strategy selection process: -0.031451 --> -0.031037, len_BS = 2648
Blocksize strategy selection process: -0.031450 --> -0.031037, len_BS = 2648
Blocksize strategy selection process: -0.031448 --> -0.031037, len_BS = 2648
Blocksize strategy selection process: -0.031447 --> -0.031037, len_BS = 2648
Blocksize strategy selection process: -0.031446 --> -0.031037, len_BS = 2648
Blocksize strategy selection process: -0.031445 --> -0.031037, len_BS = 2648
Blocksize strategy selection process: -0.031444 --> -0.031037, len_BS = 2648
Blocksize strategy selection process: -0.031443 --> -0.031037, len_BS = 2648
Blocksize strategy selection process: -0.031442 --> -0.031037, len_BS = 2648
Blocksize strategy selection process: -0.031441 --> -0.031037, len_BS = 2648
Blocksize strategy selection process: -0.031440 --> -0.031037, len_BS = 2648
Blocksize strategy selection process: -0.031439 --> -0.031037, len_BS = 2648
Blocksize strategy selection process: -0.031438 --> -0.031037, len_BS = 2648
Blocksize strategy selection process: -0.031437 --> -0.031037, len_BS = 2648
Blocksize strategy selection process: -0.031436 --> -0.031037, len_BS = 2648
Blocksize strategy selection process: -0.031414 --> -0.031037, len_BS = 2648
Blocksize strategy selection process: -0.031409 --> -0.031037, len_BS = 2648
Blocksize strategy selection process: -0.031408 --> -0.031037, len_BS = 2648
Blocksize strategy selection process: -0.031406 --> -0.031037, len_BS = 2648
Blocksize strategy selection process: -0.031405 --> -0.031037, len_BS = 2648
Blocksize strategy selection process: -0.031404 --> -0.031037, len_BS = 2648
Blocksize strategy selection process: -0.031403 --> -0.031037, len_BS = 2648
Blocksize strategy selection process: -0.031402 --> -0.031037, len_BS = 2648
Blocksize strategy selection process: -0.031401 --> -0.031037, len_BS = 2648
Blocksize strategy selection process: -0.031400 --> -0.031037, len_BS = 2648
Blocksize strategy selection process: -0.031399 --> -0.031037, len_BS = 2648
Blocksize strategy selection process: -0.031398 --> -0.031037, len_BS = 2648
Blocksize strategy selection process: -0.031397 --> -0.031037, len_BS = 2648
Blocksize strategy selection process: -0.031376 --> -0.031037, len_BS = 2648
Blocksize strategy selection process: -0.031375 --> -0.031037, len_BS = 2648
Blocksize strategy selection process: -0.031373 --> -0.031037, len_BS = 2648
Blocksize strategy selection process: -0.031369 --> -0.031037, len_BS = 2648
Blocksize strategy selection process: -0.031368 --> -0.031037, len_BS = 2649
Blocksize strategy selection process: -0.031367 --> -0.031037, len_BS = 2649
Blocksize strategy selection process: -0.031366 --> -0.031037, len_BS = 2649
Blocksize strategy selection process: -0.031365 --> -0.031037, len_BS = 2649
Blocksize strategy selection process: -0.031364 --> -0.031037, len_BS = 2649
Blocksize strategy selection process: -0.031363 --> -0.031037, len_BS = 2649
Blocksize strategy selection process: -0.031362 --> -0.031037, len_BS = 2649
Blocksize strategy selection process: -0.031361 --> -0.031037, len_BS = 2649
Blocksize strategy selection process: -0.031321 --> -0.031037, len_BS = 2649
Blocksize strategy selection process: -0.031320 --> -0.031037, len_BS = 2650
Blocksize strategy selection process: -0.031319 --> -0.031037, len_BS = 2650
Blocksize strategy selection process: -0.031318 --> -0.031037, len_BS = 2650
Blocksize strategy selection process: -0.031317 --> -0.031037, len_BS = 2651
Blocksize strategy selection process: -0.031314 --> -0.031037, len_BS = 2651
Blocksize strategy selection process: -0.031313 --> -0.031037, len_BS = 2651
Blocksize strategy selection process: -0.031272 --> -0.031037, len_BS = 2651
Blocksize strategy selection process: -0.031268 --> -0.031037, len_BS = 2651
Blocksize strategy selection process: -0.031236 --> -0.031037, len_BS = 2651
Blocksize strategy selection process: -0.031235 --> -0.031037, len_BS = 2651
Blocksize strategy selection process: -0.031234 --> -0.031037, len_BS = 2651
Blocksize strategy selection process: -0.031233 --> -0.031037, len_BS = 2651
Blocksize strategy selection process: -0.031202 --> -0.031037, len_BS = 2651
Blocksize strategy selection process: -0.031201 --> -0.031037, len_BS = 2651
Blocksize strategy selection process: -0.031200 --> -0.031037, len_BS = 2651
Blocksize strategy selection process: -0.031186 --> -0.031037, len_BS = 2651
Blocksize strategy selection process: -0.031185 --> -0.031037, len_BS = 2651
Blocksize strategy selection process: -0.031183 --> -0.031037, len_BS = 2651
Blocksize strategy selection process: -0.031179 --> -0.031037, len_BS = 2651
Blocksize strategy selection process: -0.031178 --> -0.031037, len_BS = 2651
Blocksize strategy selection process: -0.031177 --> -0.031037, len_BS = 2651
Blocksize strategy selection process: -0.031176 --> -0.031037, len_BS = 2651
Blocksize strategy selection process: -0.031175 --> -0.031037, len_BS = 2651
Blocksize strategy selection process: -0.031174 --> -0.031037, len_BS = 2651
Blocksize strategy selection process: -0.031173 --> -0.031037, len_BS = 2651
Blocksize strategy selection process: -0.031160 --> -0.031037, len_BS = 2651
Blocksize strategy selection process: -0.031159 --> -0.031037, len_BS = 2651
Blocksize strategy selection process: -0.031158 --> -0.031037, len_BS = 2651
Blocksize strategy selection process: -0.031157 --> -0.031037, len_BS = 2651
Blocksize strategy selection process: -0.031153 --> -0.031037, len_BS = 2651
Blocksize strategy selection process: -0.031151 --> -0.031037, len_BS = 2651
Blocksize strategy selection process: -0.031150 --> -0.031037, len_BS = 2651
Blocksize strategy selection process: -0.031149 --> -0.031037, len_BS = 2651
Blocksize strategy selection process: -0.031148 --> -0.031037, len_BS = 2651
Blocksize strategy selection process: -0.031147 --> -0.031037, len_BS = 2651
Blocksize strategy selection process: -0.031135 --> -0.031037, len_BS = 2651
Blocksize strategy selection process: -0.031134 --> -0.031037, len_BS = 2651
Blocksize strategy selection process: -0.031133 --> -0.031037, len_BS = 2651
Blocksize strategy selection process: -0.031130 --> -0.031037, len_BS = 2651
Blocksize strategy selection process: -0.031129 --> -0.031037, len_BS = 2651
Blocksize strategy selection process: -0.031128 --> -0.031037, len_BS = 2651
Blocksize strategy selection process: -0.031127 --> -0.031037, len_BS = 2651
Blocksize strategy selection process: -0.031126 --> -0.031037, len_BS = 2651
Blocksize strategy selection process: -0.031125 --> -0.031037, len_BS = 2651
Blocksize strategy selection process: -0.031124 --> -0.031037, len_BS = 2651
Blocksize strategy selection process: -0.031123 --> -0.031037, len_BS = 2651
Blocksize strategy selection process: -0.031113 --> -0.031037, len_BS = 2651
Blocksize strategy selection process: -0.031112 --> -0.031037, len_BS = 2651
Blocksize strategy selection process: -0.031111 --> -0.031037, len_BS = 2651
Blocksize strategy selection process: -0.031100 --> -0.031037, len_BS = 2651
Blocksize strategy selection process: -0.031099 --> -0.031037, len_BS = 2651
Blocksize strategy selection process: -0.031094 --> -0.031037, len_BS = 2651
Blocksize strategy selection process: -0.031093 --> -0.031037, len_BS = 2651
Blocksize strategy selection process: -0.031092 --> -0.031037, len_BS = 2651
Blocksize strategy selection process: -0.031091 --> -0.031037, len_BS = 2651
Blocksize strategy selection process: -0.031090 --> -0.031037, len_BS = 2651
Blocksize strategy selection process: -0.031089 --> -0.031037, len_BS = 2651
Blocksize strategy selection process: -0.031081 --> -0.031037, len_BS = 2651
Blocksize strategy selection process: -0.031080 --> -0.031037, len_BS = 2651
Blocksize strategy selection process: -0.031077 --> -0.031037, len_BS = 2651
Blocksize strategy selection process: -0.031076 --> -0.031037, len_BS = 2651
Blocksize strategy selection process: -0.031075 --> -0.031037, len_BS = 2651
Blocksize strategy selection process: -0.031074 --> -0.031037, len_BS = 2651
Blocksize strategy selection process: -0.031073 --> -0.031037, len_BS = 2651
Blocksize strategy selection process: -0.031072 --> -0.031037, len_BS = 2651
Blocksize strategy selection process: -0.031066 --> -0.031037, len_BS = 2651
Blocksize strategy selection process: -0.031065 --> -0.031037, len_BS = 2651
Blocksize strategy selection process: -0.031063 --> -0.031037, len_BS = 2651
Blocksize strategy selection process: -0.031062 --> -0.031037, len_BS = 2651
Blocksize strategy selection process: -0.031061 --> -0.031037, len_BS = 2651
Blocksize strategy selection process: -0.031060 --> -0.031037, len_BS = 2651
Blocksize strategy selection process: -0.031059 --> -0.031037, len_BS = 2651
Blocksize strategy selection process: -0.031054 --> -0.031037, len_BS = 2651
Blocksize strategy selection process: -0.031053 --> -0.031037, len_BS = 2651
Blocksize strategy selection process: -0.031052 --> -0.031037, len_BS = 2651
Blocksize strategy selection process: -0.031051 --> -0.031037, len_BS = 2651
Blocksize strategy selection process: -0.031050 --> -0.031037, len_BS = 2651
Blocksize strategy selection process: -0.031049 --> -0.031037, len_BS = 2651
Blocksize strategy selection process: -0.031044 --> -0.031037, len_BS = 2651
Blocksize strategy selection process: -0.031043 --> -0.031037, len_BS = 2651
Blocksize strategy selection process: -0.031042 --> -0.031037, len_BS = 2651
Blocksize strategy selection process: -0.031040 --> -0.031037, len_BS = 2651
Blocksize strategy selection process: -0.031038 --> -0.031037, len_BS = 2651
Blocksize strategy selection process: -0.031037 --> -0.031037, len_BS = 2651
len(BS) = 2651
Time cost for generating Strategy: 141.131077 s
[14.756767425993429,14.756767425993429,14.756767425993429,14.749649366746205,14.717633457889683,14.685566450308695,14.653445832045264,14.621269046160258,14.589033488994573,14.556736508366445,14.52437540170385,14.491947414111266,14.459449736370559,14.426879502876382,14.394233789507208,14.361509611434176,14.328703920871042,14.295813604770185,14.262876042419663,14.230053482943525,14.197221772254426,14.164352651867656,14.131403363998523,14.09835790147314,14.065218607514506,14.031971155781068,13.99865328228222,13.965214133773923,13.931674451299894,13.897995609688767,13.864231706342082,13.830329667358853,13.796301577556381,13.762136714646875,13.727844913818547,13.693419960943572,13.658846858231826,13.62414191807105,13.589281545806738,13.554276226368366,13.519102143359845,13.483783436394667,13.448302775089626,13.412652747473054,13.37682228226129,13.340816973502086,13.304651132976982,13.268304673653024,13.231803204970976,13.19510105728606,13.15821318970595,13.121142452665875,13.08386666056441,13.046416898172144,13.00875130956214,12.970895979929509,12.932860230611176,12.894626455631734,12.856182344088271,12.817549056755983,12.778747518771318,12.739906890382304,12.70115683091177,12.677884214890891,12.654490853247667,12.630975322240191,12.607336171707942,12.583571924402612,12.559681075297505,12.535662090874666,12.511513408388943,12.487233435107996,12.462820547527382,12.438273090559687,12.413589376696715,12.388767685143621,12.363806260923898,12.33870331395401,12.313457018086462,12.288065510120017,12.262526888775692,12.236839213637152,12.211000504053981,12.185008738006317,12.15886185092922,12.132557734495041,12.106094235352069,12.079469153817504,12.052680242522872,12.025725205009786,11.998601694273907,11.97130731125483,11.943839603269543,11.916196062386957,11.888374123740874,11.860371163778696,11.832184498442961,11.803811381282667,11.775249001491272,11.746494481867964,11.717544876698785,11.688397169553843,11.659048270996866,11.629495016202956,11.59973416248036,11.569762386691803,11.539576282570664,11.509172357927156,11.478547031739337,11.447696631123597,11.416617388178949,11.38530543669929,11.353756808747384,11.321967431084195,11.2899331214468,11.25764958466788,11.225112408629489,11.192317060043505,11.159258880050878,11.125933079631558,11.092334734816628,11.058458781694037,11.02430001119903,10.98985306368019,10.955112423231963,10.920072411784313,10.884727182940312,10.849070715552493,10.813096807029012,10.776799066361113,10.740170906863915,10.703205538623406,10.665895960643587,10.628234952689231,10.590215066821637,10.551828618627193,10.513067678141788,10.473924060477938,10.434389316166603,10.394454721231776,10.354111267023702,10.313349649846153,10.272160260425002,10.230533173280183,10.188458136081016,10.145924559087716,10.102921504809261,10.059437678042523,10.015461416499905,9.976334595443195,9.958577412512014,9.92454689292453,9.886777102142693,9.843325874084268,9.797681531590312,9.752250319875342,9.704834199643205,9.662291074875014,9.612964900129512,9.566255268144102,9.514346579573255,9.46943958886828,9.417441781498148,9.36690103437484,9.314818894443768,9.263898226249854,9.212030355263874,9.158049623935128,9.106073977951743,9.050852000124042,8.996858600883728,8.93957649018604,8.885312044898285,8.828615365071595,8.77077835064468,8.711310560461872,8.65240074698881,8.595205245130558,8.53519772315647,8.478390028565153,8.415398931504035,8.354181757654278,8.293155121357618,8.229017116214784,8.168777245727355,8.102838422593964,8.040127018996722,7.978456290851791,7.914281154266724,7.848282952836452,7.784867637168721,7.724025263722693,7.680063792363248,7.6531782612138475]
MinStrategy is: [87, 87, 87, 117, 127, 132] + pump(39,155,23) , ['87 * 3 (-0.039806) , cost = 561.9108 s', '117 * 1 (-0.036582) , cost = 935.9156 s', '127 * 1 (-0.035165) , cost = 9294.9704 s', '132 * 1 (-0.034584) , cost = 33276.9263 s'] + pump(39,155,23)
[87,87,87,117,127,132]
Time cost for pnj-BKZ = 12.24 h,
Time cost for pump = 49.94 h,
Total time cost = 62.18 h.
