New Strategy:
n = 60, alpha = 0.015, q = 3607, jump = 1, goal_margin = 1.50, MAX_TIME = inf h
[16.38126336180708, 16.38126336180708, 16.38126336180708, 16.38126336180708, 16.38126336180708, 16.38126336180708, 16.38126336180708, 16.38126336180708, 16.38126336180708, 16.38126336180708, 16.38126336180708, 16.38126336180708, 16.38126336180708, 16.38126336180708, 16.38126336180708, 16.38126336180708, 16.38126336180708, 16.38126336180708, 16.38126336180708, 16.38126336180708, 16.38126336180708, 16.38126336180708, 16.38126336180708, 16.38126336180708, 16.38126336180708, 16.38126336180708, 16.38126336180708, 16.38126336180708, 16.38126336180708, 16.38126336180708, 16.38126336180708, 16.38126336180708, 16.38126336180708, 16.38126336180708, 16.38126336180708, 16.38126336180708, 16.38126336180708, 16.38126336180708, 16.38126336180708, 16.38126336180708, 16.38126336180708, 16.38126336180708, 16.38126336180708, 16.38126336180708, 16.38126336180708, 16.38126336180708, 16.38126336180708, 16.38126336180708, 16.38126336180708, 16.38126336180708, 16.38126336180708, 16.38126336180708, 16.38126336180708, 16.38126336180708, 16.38126336180708, 16.38126336180708, 16.38126336180708, 16.38126336180708, 16.38126336180708, 16.38126336180708, 16.38126336180708, 16.38126336180708, 16.38126336180708, 16.38126336180708, 16.38126336180708, 16.38126336180708, 16.38126336180708, 16.38126336180708, 16.38126336180708, 16.38126336180708, 16.38126336180708, 16.38126336180708, 16.38126336180708, 16.38126336180708, 16.38126336180708, 16.38126336180708, 16.38126336180708, 16.38126336180708, 16.38126336180708, 16.38126336180708, 16.38126336180708, 16.38126336180708, 16.38126336180708, 16.38126336180708, 16.38126336180708, 16.38126336180708, 16.38126336180708, 16.38126336180708, 16.34236185186559, 16.203934657559188, 16.28658792719404, 16.328189533947132, 16.33641882125402, 16.13988495453389, 16.306241732151115, 16.111366962738895, 16.013925477559628, 15.994922291750408, 15.936922876130096, 15.697314331166353, 15.615380462844177, 15.492266317760285, 15.36751726048537, 15.497182009338392, 15.33933540815782, 15.33664536833174, 15.170827119272886, 15.117130652954675, 14.932226196081148, 14.97412262431735, 14.815347944343298, 14.834587746147335, 14.62992220966518, 14.631713186592467, 14.656900176830321, 14.457886272774148, 14.436879637580885, 14.295802395167598, 14.37108921505488, 14.24416819053715, 14.139693293151787, 13.958717679747854, 13.993706855987508, 13.777238753275048, 13.745776267810072, 13.690978576677074, 13.671801301288763, 13.570246009103618, 13.400730072485157, 13.16410727144138, 13.374078884213016, 13.107354104075778, 13.106045031024149, 13.024005054383643, 13.107735832682556, 12.903396001605298, 12.980503424856062, 12.722531480313, 12.636356702599006, 12.55825837213613, 12.417440019281544, 12.346360604035736, 12.309680485685696, 12.29446218846012, 12.20408618485113, 12.048819321160913, 12.044625622178271, 11.90994155655557, 11.70524249054392, 11.51164448686713, 11.648640680496136, 11.64320516861743, 11.560352821051557, 11.440894867567636, 11.256620686916962, 11.242444092586409, 11.109599822856664, 10.966766118380834, 10.757048486235014, 10.736365649740472, 10.67570746128862, 10.647979413662746, 10.572210350875256, 10.684669487992437, 10.433971162227344, 10.277899512433786, 10.301182233621384, 10.13946309797681, 9.892933441174728, 9.90754993290028, 9.809711974829671, 9.608666911446278, 9.588798732962925, 9.444229428382377, 9.263686270142504, 9.16342583853465, 9.111780920964446, 9.021023341141813, 8.987622191689953, 8.81208774257472, 9.06588457564665, 8.96692709429925, 8.77263856568992, 8.678248693537778, 8.647457674711235, 8.577003362981099, 8.544067749717767, 8.492756159147888, 8.352356481966975, 8.48346571207412, 8.225826229259248, 8.225071276579701, 7.9173850550700875, 7.802722597338616, 7.755860055399783, 7.774803079517512, 7.644175516080931, 7.399556814093532, 7.257999831277524, 7.327714281762459, 7.371092989925971, 7.222213894459316, 6.975751004721423, 6.932719316953693, 6.796859076155763, 6.701134706737642, 6.799433999635354, 6.6520390882670695, 6.606331047640601, 6.568523051237933, 6.398739299576886, 6.26972591037711, 6.304346602481561, 6.046123446633549, 5.999776231994031, 5.940717459827141, 5.816945185162703, 5.739633831666938, 5.587124336005736, 5.656040862100784, 5.568391020428954, 5.360541781077645, 5.603302152290966, 5.5343323167395155, 5.3467389838394, 5.344144955853152, 5.174205729197743, 5.139242241477483, 5.024127529083807, 5.067830714953352, 4.941564534802147, 4.805464413766412, 4.751970707061063, 4.629243560238206, 4.608851057492055, 4.572109812172844, 4.420571390500705, 4.282076538654702, 4.089643523422685, 4.003178569728345, 3.8908968820463543, 3.90769918740733, 3.8227123028568077, 3.713512012578671, 3.8450254211245833, 3.7560799690813873, 3.8160273556023516]
Blocksize strategy selection process: -0.057361 --> -0.057361, len_BS = 1
Blocksize strategy selection process: -0.048465 --> -0.027130, len_BS = 192
Blocksize strategy selection process: -0.048296 --> -0.027129, len_BS = 303
Blocksize strategy selection process: -0.048127 --> -0.027129, len_BS = 395
Blocksize strategy selection process: -0.047958 --> -0.027129, len_BS = 469
Blocksize strategy selection process: -0.047788 --> -0.027129, len_BS = 550
Blocksize strategy selection process: -0.043614 --> -0.027129, len_BS = 630
Blocksize strategy selection process: -0.043490 --> -0.027129, len_BS = 681
Blocksize strategy selection process: -0.043399 --> -0.027129, len_BS = 755
Blocksize strategy selection process: -0.043366 --> -0.027129, len_BS = 818
Blocksize strategy selection process: -0.043275 --> -0.027129, len_BS = 865
Blocksize strategy selection process: -0.043241 --> -0.027129, len_BS = 927
Blocksize strategy selection process: -0.043184 --> -0.027129, len_BS = 981
Blocksize strategy selection process: -0.043151 --> -0.027129, len_BS = 1005
Blocksize strategy selection process: -0.043116 --> -0.027129, len_BS = 1055
Blocksize strategy selection process: -0.043061 --> -0.027129, len_BS = 1108
Blocksize strategy selection process: -0.043026 --> -0.027129, len_BS = 1130
Blocksize strategy selection process: -0.041028 --> -0.027129, len_BS = 1176
Blocksize strategy selection process: -0.040953 --> -0.027129, len_BS = 1162
Blocksize strategy selection process: -0.040878 --> -0.027129, len_BS = 1215
Blocksize strategy selection process: -0.040803 --> -0.027129, len_BS = 1269
Blocksize strategy selection process: -0.040802 --> -0.027129, len_BS = 1324
Blocksize strategy selection process: -0.040770 --> -0.027129, len_BS = 1320
Blocksize strategy selection process: -0.040093 --> -0.027129, len_BS = 1322
Blocksize strategy selection process: -0.039171 --> -0.027129, len_BS = 1340
Blocksize strategy selection process: -0.039118 --> -0.027129, len_BS = 1340
Blocksize strategy selection process: -0.039084 --> -0.027129, len_BS = 1390
Blocksize strategy selection process: -0.039064 --> -0.027129, len_BS = 1428
Blocksize strategy selection process: -0.039031 --> -0.027129, len_BS = 1457
Blocksize strategy selection process: -0.039010 --> -0.027129, len_BS = 1496
Blocksize strategy selection process: -0.038976 --> -0.027129, len_BS = 1522
Blocksize strategy selection process: -0.038956 --> -0.027129, len_BS = 1579
Blocksize strategy selection process: -0.038902 --> -0.027129, len_BS = 1586
Blocksize strategy selection process: -0.038890 --> -0.027129, len_BS = 1650
Blocksize strategy selection process: -0.038057 --> -0.027129, len_BS = 1667
Blocksize strategy selection process: -0.038030 --> -0.027129, len_BS = 1669
Blocksize strategy selection process: -0.038004 --> -0.027129, len_BS = 1717
Blocksize strategy selection process: -0.037960 --> -0.027129, len_BS = 1767
Blocksize strategy selection process: -0.037934 --> -0.027129, len_BS = 1829
Blocksize strategy selection process: -0.037907 --> -0.027129, len_BS = 1878
Blocksize strategy selection process: -0.037411 --> -0.027129, len_BS = 1919
Blocksize strategy selection process: -0.037393 --> -0.027129, len_BS = 1901
Blocksize strategy selection process: -0.037381 --> -0.027129, len_BS = 1940
Blocksize strategy selection process: -0.037373 --> -0.027129, len_BS = 1960
Blocksize strategy selection process: -0.037362 --> -0.027129, len_BS = 1978
Blocksize strategy selection process: -0.037323 --> -0.027129, len_BS = 2008
Blocksize strategy selection process: -0.037305 --> -0.027129, len_BS = 2072
Blocksize strategy selection process: -0.037293 --> -0.027129, len_BS = 2108
Blocksize strategy selection process: -0.037286 --> -0.027129, len_BS = 2134
Blocksize strategy selection process: -0.037275 --> -0.027129, len_BS = 2150
Blocksize strategy selection process: -0.037235 --> -0.027129, len_BS = 2175
Blocksize strategy selection process: -0.037021 --> -0.027129, len_BS = 2247
Blocksize strategy selection process: -0.037012 --> -0.027129, len_BS = 2297
Blocksize strategy selection process: -0.037003 --> -0.027129, len_BS = 2312
Blocksize strategy selection process: -0.036939 --> -0.027129, len_BS = 2336
Blocksize strategy selection process: -0.036930 --> -0.027129, len_BS = 2379
Blocksize strategy selection process: -0.036921 --> -0.027129, len_BS = 2394
Blocksize strategy selection process: -0.036504 --> -0.027129, len_BS = 2409
Blocksize strategy selection process: -0.036487 --> -0.027128, len_BS = 2294
Blocksize strategy selection process: -0.036477 --> -0.027128, len_BS = 2316
Blocksize strategy selection process: -0.036471 --> -0.027128, len_BS = 2336
Blocksize strategy selection process: -0.036461 --> -0.027128, len_BS = 2342
Blocksize strategy selection process: -0.036454 --> -0.027128, len_BS = 2361
Blocksize strategy selection process: -0.036435 --> -0.027128, len_BS = 2375
Blocksize strategy selection process: -0.036412 --> -0.027128, len_BS = 2403
Blocksize strategy selection process: -0.036409 --> -0.027128, len_BS = 2433
Blocksize strategy selection process: -0.036165 --> -0.027128, len_BS = 2439
Blocksize strategy selection process: -0.036157 --> -0.027128, len_BS = 2421
Blocksize strategy selection process: -0.036149 --> -0.027128, len_BS = 2438
Blocksize strategy selection process: -0.036128 --> -0.027128, len_BS = 2456
Blocksize strategy selection process: -0.036120 --> -0.027128, len_BS = 2485
Blocksize strategy selection process: -0.036112 --> -0.027128, len_BS = 2506
Blocksize strategy selection process: -0.035973 --> -0.027128, len_BS = 2515
Blocksize strategy selection process: -0.035968 --> -0.027128, len_BS = 2531
Blocksize strategy selection process: -0.035964 --> -0.027128, len_BS = 2544
Blocksize strategy selection process: -0.035962 --> -0.027128, len_BS = 2551
Blocksize strategy selection process: -0.035959 --> -0.027128, len_BS = 2558
Blocksize strategy selection process: -0.035939 --> -0.027128, len_BS = 2568
Blocksize strategy selection process: -0.035933 --> -0.027128, len_BS = 2597
Blocksize strategy selection process: -0.035930 --> -0.027128, len_BS = 2612
Blocksize strategy selection process: -0.035928 --> -0.027128, len_BS = 2621
Blocksize strategy selection process: -0.035924 --> -0.027128, len_BS = 2631
Blocksize strategy selection process: -0.035904 --> -0.027128, len_BS = 2645
Blocksize strategy selection process: -0.035858 --> -0.027128, len_BS = 2679
Blocksize strategy selection process: -0.035855 --> -0.027128, len_BS = 2708
Blocksize strategy selection process: -0.035852 --> -0.027128, len_BS = 2725
Blocksize strategy selection process: -0.035783 --> -0.027128, len_BS = 2732
Blocksize strategy selection process: -0.035776 --> -0.027128, len_BS = 2762
Blocksize strategy selection process: -0.035769 --> -0.027128, len_BS = 2776
Blocksize strategy selection process: -0.035762 --> -0.027128, len_BS = 2792
Blocksize strategy selection process: -0.035755 --> -0.027128, len_BS = 2807
Blocksize strategy selection process: -0.035619 --> -0.027128, len_BS = 2819
Blocksize strategy selection process: -0.035614 --> -0.027128, len_BS = 2805
Blocksize strategy selection process: -0.035611 --> -0.027128, len_BS = 2819
Blocksize strategy selection process: -0.035609 --> -0.027128, len_BS = 2831
Blocksize strategy selection process: -0.035606 --> -0.027128, len_BS = 2840
Blocksize strategy selection process: -0.035604 --> -0.027128, len_BS = 2846
Blocksize strategy selection process: -0.035599 --> -0.027128, len_BS = 2858
Blocksize strategy selection process: -0.035592 --> -0.027128, len_BS = 2866
Blocksize strategy selection process: -0.035591 --> -0.027128, len_BS = 2883
Blocksize strategy selection process: -0.035520 --> -0.027128, len_BS = 2886
Blocksize strategy selection process: -0.035518 --> -0.027128, len_BS = 2890
Blocksize strategy selection process: -0.035515 --> -0.027128, len_BS = 2900
Blocksize strategy selection process: -0.035509 --> -0.027128, len_BS = 2905
Blocksize strategy selection process: -0.035507 --> -0.027128, len_BS = 2922
Blocksize strategy selection process: -0.035504 --> -0.027128, len_BS = 2928
Blocksize strategy selection process: -0.035440 --> -0.027128, len_BS = 2937
Blocksize strategy selection process: -0.035437 --> -0.027128, len_BS = 2932
Blocksize strategy selection process: -0.035435 --> -0.027128, len_BS = 2942
Blocksize strategy selection process: -0.035429 --> -0.027128, len_BS = 2946
Blocksize strategy selection process: -0.035427 --> -0.027128, len_BS = 2959
Blocksize strategy selection process: -0.035424 --> -0.027128, len_BS = 2965
Blocksize strategy selection process: -0.035359 --> -0.027128, len_BS = 2971
Blocksize strategy selection process: -0.035357 --> -0.027128, len_BS = 3000
Blocksize strategy selection process: -0.035354 --> -0.027128, len_BS = 3006
Blocksize strategy selection process: -0.035348 --> -0.027128, len_BS = 3012
Blocksize strategy selection process: -0.035346 --> -0.027128, len_BS = 3024
Blocksize strategy selection process: -0.035305 --> -0.027128, len_BS = 3026
Blocksize strategy selection process: -0.035303 --> -0.027128, len_BS = 3038
Blocksize strategy selection process: -0.035266 --> -0.027128, len_BS = 3044
Blocksize strategy selection process: -0.035224 --> -0.027128, len_BS = 3085
Blocksize strategy selection process: -0.035222 --> -0.027128, len_BS = 3106
Blocksize strategy selection process: -0.035221 --> -0.027128, len_BS = 3108
Blocksize strategy selection process: -0.035220 --> -0.027128, len_BS = 3114
Blocksize strategy selection process: -0.035214 --> -0.027128, len_BS = 3116
Blocksize strategy selection process: -0.035212 --> -0.027128, len_BS = 3133
Blocksize strategy selection process: -0.035211 --> -0.027128, len_BS = 3136
Blocksize strategy selection process: -0.035210 --> -0.027128, len_BS = 3142
Blocksize strategy selection process: -0.035192 --> -0.027128, len_BS = 3146
Blocksize strategy selection process: -0.035191 --> -0.027128, len_BS = 3172
Blocksize strategy selection process: -0.035142 --> -0.027128, len_BS = 3174
Blocksize strategy selection process: -0.035141 --> -0.027128, len_BS = 3202
Blocksize strategy selection process: -0.035140 --> -0.027128, len_BS = 3209
Blocksize strategy selection process: -0.035139 --> -0.027128, len_BS = 3212
Blocksize strategy selection process: -0.035138 --> -0.027128, len_BS = 3214
Blocksize strategy selection process: -0.035133 --> -0.027128, len_BS = 3219
Blocksize strategy selection process: -0.035131 --> -0.027128, len_BS = 3231
Blocksize strategy selection process: -0.035130 --> -0.027128, len_BS = 3235
Blocksize strategy selection process: -0.035129 --> -0.027128, len_BS = 3238
Blocksize strategy selection process: -0.035126 --> -0.027128, len_BS = 3240
Blocksize strategy selection process: -0.035090 --> -0.027128, len_BS = 3240
Blocksize strategy selection process: -0.035088 --> -0.027128, len_BS = 3274
Blocksize strategy selection process: -0.035086 --> -0.027128, len_BS = 3283
Blocksize strategy selection process: -0.035084 --> -0.027128, len_BS = 3287
Blocksize strategy selection process: -0.034977 --> -0.027128, len_BS = 3289
Blocksize strategy selection process: -0.034975 --> -0.027128, len_BS = 3322
Blocksize strategy selection process: -0.034974 --> -0.027128, len_BS = 3329
Blocksize strategy selection process: -0.034968 --> -0.027128, len_BS = 3332
Blocksize strategy selection process: -0.034967 --> -0.027128, len_BS = 3341
Blocksize strategy selection process: -0.034966 --> -0.027128, len_BS = 3343
Blocksize strategy selection process: -0.034965 --> -0.027128, len_BS = 3344
Blocksize strategy selection process: -0.034964 --> -0.027128, len_BS = 3345
Blocksize strategy selection process: -0.034963 --> -0.027128, len_BS = 3337
Blocksize strategy selection process: -0.034962 --> -0.027128, len_BS = 3340
Blocksize strategy selection process: -0.034961 --> -0.027128, len_BS = 3341
Blocksize strategy selection process: -0.034938 --> -0.027128, len_BS = 3342
Blocksize strategy selection process: -0.034937 --> -0.027128, len_BS = 3342
Blocksize strategy selection process: -0.034935 --> -0.027128, len_BS = 3342
Blocksize strategy selection process: -0.034934 --> -0.027128, len_BS = 3345
Blocksize strategy selection process: -0.034883 --> -0.027128, len_BS = 3349
Blocksize strategy selection process: -0.034882 --> -0.027128, len_BS = 3378
Blocksize strategy selection process: -0.034881 --> -0.027128, len_BS = 3378
Blocksize strategy selection process: -0.034880 --> -0.027128, len_BS = 3383
Blocksize strategy selection process: -0.034879 --> -0.027128, len_BS = 3386
Blocksize strategy selection process: -0.034857 --> -0.027128, len_BS = 3386
Blocksize strategy selection process: -0.034856 --> -0.027128, len_BS = 3411
Blocksize strategy selection process: -0.034854 --> -0.027128, len_BS = 3412
Blocksize strategy selection process: -0.034853 --> -0.027128, len_BS = 3416
Blocksize strategy selection process: -0.034801 --> -0.027128, len_BS = 3418
Blocksize strategy selection process: -0.034800 --> -0.027128, len_BS = 3448
Blocksize strategy selection process: -0.034799 --> -0.027128, len_BS = 3453
Blocksize strategy selection process: -0.034775 --> -0.027128, len_BS = 3455
Blocksize strategy selection process: -0.034774 --> -0.027128, len_BS = 3480
Blocksize strategy selection process: -0.034773 --> -0.027128, len_BS = 3488
Blocksize strategy selection process: -0.034772 --> -0.027128, len_BS = 3496
Blocksize strategy selection process: -0.034771 --> -0.027128, len_BS = 3496
Blocksize strategy selection process: -0.034719 --> -0.027128, len_BS = 3497
Blocksize strategy selection process: -0.034716 --> -0.027128, len_BS = 3503
Blocksize strategy selection process: -0.034715 --> -0.027128, len_BS = 3509
Blocksize strategy selection process: -0.034704 --> -0.027128, len_BS = 3535
Blocksize strategy selection process: -0.034703 --> -0.027128, len_BS = 3544
Blocksize strategy selection process: -0.034547 --> -0.027128, len_BS = 3545
Blocksize strategy selection process: -0.034546 --> -0.027128, len_BS = 3511
Blocksize strategy selection process: -0.034528 --> -0.027128, len_BS = 3480
Blocksize strategy selection process: -0.034527 --> -0.027128, len_BS = 3486
Blocksize strategy selection process: -0.034525 --> -0.027128, len_BS = 3486
Blocksize strategy selection process: -0.034524 --> -0.027128, len_BS = 3490
Blocksize strategy selection process: -0.034501 --> -0.027128, len_BS = 3494
Blocksize strategy selection process: -0.034500 --> -0.027128, len_BS = 3509
Blocksize strategy selection process: -0.034499 --> -0.027128, len_BS = 3514
Blocksize strategy selection process: -0.034498 --> -0.027128, len_BS = 3514
Blocksize strategy selection process: -0.034497 --> -0.027128, len_BS = 3516
Blocksize strategy selection process: -0.034473 --> -0.027128, len_BS = 3518
Blocksize strategy selection process: -0.034472 --> -0.027128, len_BS = 3548
Blocksize strategy selection process: -0.034470 --> -0.027128, len_BS = 3549
Blocksize strategy selection process: -0.034460 --> -0.027128, len_BS = 3554
Blocksize strategy selection process: -0.034459 --> -0.027128, len_BS = 3570
Blocksize strategy selection process: -0.034443 --> -0.027128, len_BS = 3571
Blocksize strategy selection process: -0.034432 --> -0.027128, len_BS = 3591
Blocksize strategy selection process: -0.034431 --> -0.027128, len_BS = 3601
Blocksize strategy selection process: -0.034430 --> -0.027128, len_BS = 3602
Blocksize strategy selection process: -0.034429 --> -0.027128, len_BS = 3610
Blocksize strategy selection process: -0.034424 --> -0.027128, len_BS = 3611
Blocksize strategy selection process: -0.034404 --> -0.027128, len_BS = 3622
Blocksize strategy selection process: -0.034403 --> -0.027128, len_BS = 3634
Blocksize strategy selection process: -0.034402 --> -0.027128, len_BS = 3634
Blocksize strategy selection process: -0.034401 --> -0.027128, len_BS = 3638
Blocksize strategy selection process: -0.034391 --> -0.027128, len_BS = 3641
Blocksize strategy selection process: -0.034390 --> -0.027128, len_BS = 3660
Blocksize strategy selection process: -0.034350 --> -0.027128, len_BS = 3663
Blocksize strategy selection process: -0.034323 --> -0.027128, len_BS = 3680
Blocksize strategy selection process: -0.034322 --> -0.027128, len_BS = 3699
Blocksize strategy selection process: -0.034320 --> -0.027128, len_BS = 3704
Blocksize strategy selection process: -0.034310 --> -0.027128, len_BS = 3709
Blocksize strategy selection process: -0.034309 --> -0.027128, len_BS = 3724
Blocksize strategy selection process: -0.034241 --> -0.027128, len_BS = 3727
Blocksize strategy selection process: -0.034240 --> -0.027128, len_BS = 3741
Blocksize strategy selection process: -0.034239 --> -0.027128, len_BS = 3742
Blocksize strategy selection process: -0.034238 --> -0.027128, len_BS = 3752
Blocksize strategy selection process: -0.034191 --> -0.027128, len_BS = 3754
Blocksize strategy selection process: -0.034190 --> -0.027128, len_BS = 3793
Blocksize strategy selection process: -0.034187 --> -0.027128, len_BS = 3794
Blocksize strategy selection process: -0.034186 --> -0.027128, len_BS = 3801
Blocksize strategy selection process: -0.034185 --> -0.027128, len_BS = 3802
Blocksize strategy selection process: -0.034184 --> -0.027128, len_BS = 3807
Blocksize strategy selection process: -0.034183 --> -0.027128, len_BS = 3807
Blocksize strategy selection process: -0.034164 --> -0.027128, len_BS = 3807
Blocksize strategy selection process: -0.034163 --> -0.027128, len_BS = 3823
Blocksize strategy selection process: -0.034158 --> -0.027128, len_BS = 3824
Blocksize strategy selection process: -0.034157 --> -0.027128, len_BS = 3832
Blocksize strategy selection process: -0.034109 --> -0.027128, len_BS = 3834
Blocksize strategy selection process: -0.034083 --> -0.027128, len_BS = 3857
Blocksize strategy selection process: -0.034082 --> -0.027128, len_BS = 3874
Blocksize strategy selection process: -0.034077 --> -0.027128, len_BS = 3874
Blocksize strategy selection process: -0.034076 --> -0.027128, len_BS = 3889
Blocksize strategy selection process: -0.034026 --> -0.027128, len_BS = 3889
Blocksize strategy selection process: -0.034023 --> -0.027128, len_BS = 3909
Blocksize strategy selection process: -0.033955 --> -0.027128, len_BS = 3919
Blocksize strategy selection process: -0.033887 --> -0.027128, len_BS = 3922
Blocksize strategy selection process: -0.033867 --> -0.027128, len_BS = 3923
Blocksize strategy selection process: -0.033726 --> -0.027128, len_BS = 3937
Blocksize strategy selection process: -0.033703 --> -0.027128, len_BS = 3918
Blocksize strategy selection process: -0.033702 --> -0.027128, len_BS = 3928
Blocksize strategy selection process: -0.033701 --> -0.027128, len_BS = 3892
Blocksize strategy selection process: -0.033699 --> -0.027128, len_BS = 3894
Blocksize strategy selection process: -0.033652 --> -0.027128, len_BS = 3899
Blocksize strategy selection process: -0.033648 --> -0.027128, len_BS = 3903
Blocksize strategy selection process: -0.033647 --> -0.027128, len_BS = 3912
Blocksize strategy selection process: -0.033646 --> -0.027128, len_BS = 3914
Blocksize strategy selection process: -0.033520 --> -0.027128, len_BS = 3917
Blocksize strategy selection process: -0.033476 --> -0.027128, len_BS = 3853
Blocksize strategy selection process: -0.033473 --> -0.027128, len_BS = 3886
Blocksize strategy selection process: -0.033472 --> -0.027128, len_BS = 3803
Blocksize strategy selection process: -0.033470 --> -0.027128, len_BS = 3803
Blocksize strategy selection process: -0.033466 --> -0.027128, len_BS = 3811
Blocksize strategy selection process: -0.033464 --> -0.027128, len_BS = 3820
Blocksize strategy selection process: -0.033462 --> -0.027128, len_BS = 3825
Blocksize strategy selection process: -0.033433 --> -0.027128, len_BS = 3827
Blocksize strategy selection process: -0.033377 --> -0.027128, len_BS = 3833
Blocksize strategy selection process: -0.033376 --> -0.027128, len_BS = 3837
Blocksize strategy selection process: -0.033360 --> -0.027128, len_BS = 3838
Blocksize strategy selection process: -0.033309 --> -0.027128, len_BS = 3861
Blocksize strategy selection process: -0.033299 --> -0.027128, len_BS = 3861
Blocksize strategy selection process: -0.033295 --> -0.027128, len_BS = 3880
Blocksize strategy selection process: -0.033162 --> -0.027128, len_BS = 3889
Blocksize strategy selection process: -0.033158 --> -0.027128, len_BS = 3860
Blocksize strategy selection process: -0.033155 --> -0.027128, len_BS = 3834
Blocksize strategy selection process: -0.033154 --> -0.027128, len_BS = 3841
Blocksize strategy selection process: -0.033115 --> -0.027128, len_BS = 3841
Blocksize strategy selection process: -0.033110 --> -0.027128, len_BS = 3852
Blocksize strategy selection process: -0.033108 --> -0.027128, len_BS = 3860
Blocksize strategy selection process: -0.033107 --> -0.027128, len_BS = 3865
Blocksize strategy selection process: -0.033062 --> -0.027128, len_BS = 3865
Blocksize strategy selection process: -0.033061 --> -0.027128, len_BS = 3885
Blocksize strategy selection process: -0.033056 --> -0.027128, len_BS = 3886
Blocksize strategy selection process: -0.033054 --> -0.027128, len_BS = 3897
Blocksize strategy selection process: -0.033053 --> -0.027128, len_BS = 3909
Blocksize strategy selection process: -0.033038 --> -0.027128, len_BS = 3911
Blocksize strategy selection process: -0.033037 --> -0.027128, len_BS = 3912
Blocksize strategy selection process: -0.032947 --> -0.027128, len_BS = 3912
Blocksize strategy selection process: -0.032946 --> -0.027128, len_BS = 3857
Blocksize strategy selection process: -0.032944 --> -0.027128, len_BS = 3860
Blocksize strategy selection process: -0.032931 --> -0.027128, len_BS = 3866
Blocksize strategy selection process: -0.032927 --> -0.027128, len_BS = 3887
Blocksize strategy selection process: -0.032924 --> -0.027128, len_BS = 3880
Blocksize strategy selection process: -0.032889 --> -0.027128, len_BS = 3880
Blocksize strategy selection process: -0.032888 --> -0.027128, len_BS = 3874
Blocksize strategy selection process: -0.032884 --> -0.027128, len_BS = 3874
Blocksize strategy selection process: -0.032798 --> -0.027128, len_BS = 3887
Blocksize strategy selection process: -0.032785 --> -0.027128, len_BS = 3869
Blocksize strategy selection process: -0.032768 --> -0.027128, len_BS = 3895
Blocksize strategy selection process: -0.032765 --> -0.027128, len_BS = 3914
Blocksize strategy selection process: -0.032731 --> -0.027128, len_BS = 3921
Blocksize strategy selection process: -0.032727 --> -0.027128, len_BS = 3951
Blocksize strategy selection process: -0.032718 --> -0.027128, len_BS = 3961
Blocksize strategy selection process: -0.032717 --> -0.027128, len_BS = 3981
Blocksize strategy selection process: -0.032678 --> -0.027128, len_BS = 3983
Blocksize strategy selection process: -0.032677 --> -0.027128, len_BS = 4003
Blocksize strategy selection process: -0.032672 --> -0.027128, len_BS = 4006
Blocksize strategy selection process: -0.032574 --> -0.027128, len_BS = 4016
Blocksize strategy selection process: -0.032573 --> -0.027128, len_BS = 3987
Blocksize strategy selection process: -0.032569 --> -0.027128, len_BS = 3987
Blocksize strategy selection process: -0.032495 --> -0.027128, len_BS = 3999
Blocksize strategy selection process: -0.032494 --> -0.027128, len_BS = 3994
Blocksize strategy selection process: -0.032491 --> -0.027128, len_BS = 3995
Blocksize strategy selection process: -0.032490 --> -0.027128, len_BS = 4004
Blocksize strategy selection process: -0.032337 --> -0.027128, len_BS = 4005
Blocksize strategy selection process: -0.032334 --> -0.027128, len_BS = 3942
Blocksize strategy selection process: -0.032303 --> -0.027128, len_BS = 3935
Blocksize strategy selection process: -0.032302 --> -0.027128, len_BS = 3941
Blocksize strategy selection process: -0.032214 --> -0.027128, len_BS = 3941
Blocksize strategy selection process: -0.032211 --> -0.027128, len_BS = 3882
Blocksize strategy selection process: -0.032193 --> -0.027128, len_BS = 3867
Blocksize strategy selection process: -0.032191 --> -0.027128, len_BS = 3891
Blocksize strategy selection process: -0.032133 --> -0.027128, len_BS = 3893
Blocksize strategy selection process: -0.032020 --> -0.027128, len_BS = 3890
Blocksize strategy selection process: -0.031859 --> -0.027128, len_BS = 3850
Blocksize strategy selection process: -0.031853 --> -0.027128, len_BS = 3802
Blocksize strategy selection process: -0.031767 --> -0.027128, len_BS = 3785
Blocksize strategy selection process: -0.031762 --> -0.027128, len_BS = 3781
Blocksize strategy selection process: -0.031761 --> -0.027128, len_BS = 3791
Blocksize strategy selection process: -0.031754 --> -0.027128, len_BS = 3792
Blocksize strategy selection process: -0.031752 --> -0.027128, len_BS = 3801
Blocksize strategy selection process: -0.031751 --> -0.027128, len_BS = 3805
Blocksize strategy selection process: -0.031691 --> -0.027128, len_BS = 3807
Blocksize strategy selection process: -0.031686 --> -0.027128, len_BS = 3810
Blocksize strategy selection process: -0.031685 --> -0.027128, len_BS = 3820
Blocksize strategy selection process: -0.031678 --> -0.027128, len_BS = 3820
Blocksize strategy selection process: -0.031615 --> -0.027128, len_BS = 3830
Blocksize strategy selection process: -0.031614 --> -0.027128, len_BS = 3818
Blocksize strategy selection process: -0.031612 --> -0.027128, len_BS = 3818
Blocksize strategy selection process: -0.031609 --> -0.027128, len_BS = 3823
Blocksize strategy selection process: -0.031608 --> -0.027128, len_BS = 3830
Blocksize strategy selection process: -0.031561 --> -0.027128, len_BS = 3830
Blocksize strategy selection process: -0.031560 --> -0.027128, len_BS = 3845
Blocksize strategy selection process: -0.031558 --> -0.027128, len_BS = 3845
Blocksize strategy selection process: -0.031557 --> -0.027128, len_BS = 3847
Blocksize strategy selection process: -0.031553 --> -0.027128, len_BS = 3847
Blocksize strategy selection process: -0.031552 --> -0.027128, len_BS = 3853
Blocksize strategy selection process: -0.031551 --> -0.027128, len_BS = 3854
Blocksize strategy selection process: -0.031508 --> -0.027128, len_BS = 3854
Blocksize strategy selection process: -0.031507 --> -0.027128, len_BS = 3852
Blocksize strategy selection process: -0.031463 --> -0.027128, len_BS = 3853
Blocksize strategy selection process: -0.031433 --> -0.027128, len_BS = 3871
Blocksize strategy selection process: -0.031432 --> -0.027128, len_BS = 3893
Blocksize strategy selection process: -0.031430 --> -0.027128, len_BS = 3893
Blocksize strategy selection process: -0.031428 --> -0.027128, len_BS = 3897
Blocksize strategy selection process: -0.031427 --> -0.027128, len_BS = 3902
Blocksize strategy selection process: -0.031332 --> -0.027128, len_BS = 3902
Blocksize strategy selection process: -0.031330 --> -0.027128, len_BS = 3883
Blocksize strategy selection process: -0.031328 --> -0.027128, len_BS = 3889
Blocksize strategy selection process: -0.031307 --> -0.027128, len_BS = 3890
Blocksize strategy selection process: -0.031306 --> -0.027128, len_BS = 3896
Blocksize strategy selection process: -0.031295 --> -0.027128, len_BS = 3897
Blocksize strategy selection process: -0.031249 --> -0.027128, len_BS = 3910
Blocksize strategy selection process: -0.031188 --> -0.027128, len_BS = 3919
Blocksize strategy selection process: -0.031187 --> -0.027128, len_BS = 3931
Blocksize strategy selection process: -0.031180 --> -0.027128, len_BS = 3933
Blocksize strategy selection process: -0.031176 --> -0.027128, len_BS = 3944
Blocksize strategy selection process: -0.031159 --> -0.027128, len_BS = 3947
Blocksize strategy selection process: -0.031102 --> -0.027128, len_BS = 3963
Blocksize strategy selection process: -0.031086 --> -0.027128, len_BS = 3964
Blocksize strategy selection process: -0.031027 --> -0.027128, len_BS = 3977
Blocksize strategy selection process: -0.031002 --> -0.027128, len_BS = 3982
Blocksize strategy selection process: -0.030940 --> -0.027128, len_BS = 3995
Blocksize strategy selection process: -0.030939 --> -0.027128, len_BS = 3993
Blocksize strategy selection process: -0.030890 --> -0.027128, len_BS = 3993
Blocksize strategy selection process: -0.030786 --> -0.027128, len_BS = 3997
Blocksize strategy selection process: -0.030784 --> -0.027128, len_BS = 3984
Blocksize strategy selection process: -0.030782 --> -0.027128, len_BS = 3986
Blocksize strategy selection process: -0.030777 --> -0.027128, len_BS = 3987
Blocksize strategy selection process: -0.030731 --> -0.027128, len_BS = 3992
Blocksize strategy selection process: -0.030730 --> -0.027128, len_BS = 3998
Blocksize strategy selection process: -0.030713 --> -0.027128, len_BS = 3999
Blocksize strategy selection process: -0.030712 --> -0.027128, len_BS = 3998
Blocksize strategy selection process: -0.030696 --> -0.027128, len_BS = 3998
Blocksize strategy selection process: -0.030694 --> -0.027128, len_BS = 4009
Blocksize strategy selection process: -0.030693 --> -0.027128, len_BS = 4009
Blocksize strategy selection process: -0.030681 --> -0.027128, len_BS = 4009
Blocksize strategy selection process: -0.030680 --> -0.027128, len_BS = 4016
Blocksize strategy selection process: -0.030679 --> -0.027128, len_BS = 4017
Blocksize strategy selection process: -0.030672 --> -0.027128, len_BS = 4017
Blocksize strategy selection process: -0.030659 --> -0.027128, len_BS = 4023
Blocksize strategy selection process: -0.030491 --> -0.027128, len_BS = 4028
Blocksize strategy selection process: -0.030489 --> -0.027128, len_BS = 4015
Blocksize strategy selection process: -0.030488 --> -0.027128, len_BS = 4015
Blocksize strategy selection process: -0.030469 --> -0.027128, len_BS = 4015
Blocksize strategy selection process: -0.030468 --> -0.027128, len_BS = 4008
Blocksize strategy selection process: -0.030412 --> -0.027128, len_BS = 4009
Blocksize strategy selection process: -0.030410 --> -0.027128, len_BS = 4009
Blocksize strategy selection process: -0.030409 --> -0.027128, len_BS = 4010
Blocksize strategy selection process: -0.030405 --> -0.027128, len_BS = 4013
Blocksize strategy selection process: -0.030404 --> -0.027128, len_BS = 4013
Blocksize strategy selection process: -0.030399 --> -0.027128, len_BS = 4013
Blocksize strategy selection process: -0.030394 --> -0.027128, len_BS = 4013
Blocksize strategy selection process: -0.030392 --> -0.027128, len_BS = 4016
Blocksize strategy selection process: -0.030391 --> -0.027128, len_BS = 4018
Blocksize strategy selection process: -0.030309 --> -0.027128, len_BS = 4018
Blocksize strategy selection process: -0.030260 --> -0.027128, len_BS = 4017
Blocksize strategy selection process: -0.030259 --> -0.027128, len_BS = 4024
Blocksize strategy selection process: -0.030252 --> -0.027128, len_BS = 4024
Blocksize strategy selection process: -0.030183 --> -0.027128, len_BS = 4027
Blocksize strategy selection process: -0.030172 --> -0.027128, len_BS = 4028
Blocksize strategy selection process: -0.030120 --> -0.027128, len_BS = 4034
Blocksize strategy selection process: -0.030114 --> -0.027128, len_BS = 4039
Blocksize strategy selection process: -0.030104 --> -0.027128, len_BS = 4042
Blocksize strategy selection process: -0.030053 --> -0.027128, len_BS = 4050
Blocksize strategy selection process: -0.030052 --> -0.027128, len_BS = 4054
Blocksize strategy selection process: -0.030022 --> -0.027128, len_BS = 4054
Blocksize strategy selection process: -0.029999 --> -0.027128, len_BS = 4063
Blocksize strategy selection process: -0.029955 --> -0.027128, len_BS = 4071
Blocksize strategy selection process: -0.029835 --> -0.027128, len_BS = 4077
Blocksize strategy selection process: -0.029825 --> -0.027128, len_BS = 4062
Blocksize strategy selection process: -0.029822 --> -0.027128, len_BS = 4063
Blocksize strategy selection process: -0.029819 --> -0.027128, len_BS = 4064
Blocksize strategy selection process: -0.029769 --> -0.027128, len_BS = 4067
Blocksize strategy selection process: -0.029759 --> -0.027128, len_BS = 4072
Blocksize strategy selection process: -0.029758 --> -0.027128, len_BS = 4076
Blocksize strategy selection process: -0.029757 --> -0.027128, len_BS = 4076
Blocksize strategy selection process: -0.029687 --> -0.027128, len_BS = 4076
Blocksize strategy selection process: -0.029685 --> -0.027128, len_BS = 4078
Blocksize strategy selection process: -0.029684 --> -0.027128, len_BS = 4079
Blocksize strategy selection process: -0.029679 --> -0.027128, len_BS = 4079
Blocksize strategy selection process: -0.029620 --> -0.027128, len_BS = 4079
Blocksize strategy selection process: -0.029619 --> -0.027128, len_BS = 4083
Blocksize strategy selection process: -0.029615 --> -0.027128, len_BS = 4083
Blocksize strategy selection process: -0.029614 --> -0.027128, len_BS = 4083
Blocksize strategy selection process: -0.029609 --> -0.027128, len_BS = 4083
Blocksize strategy selection process: -0.029572 --> -0.027128, len_BS = 4086
Blocksize strategy selection process: -0.029561 --> -0.027128, len_BS = 4089
Blocksize strategy selection process: -0.029560 --> -0.027128, len_BS = 4091
Blocksize strategy selection process: -0.029556 --> -0.027128, len_BS = 4091
Blocksize strategy selection process: -0.029497 --> -0.027128, len_BS = 4091
Blocksize strategy selection process: -0.029491 --> -0.027128, len_BS = 4098
Blocksize strategy selection process: -0.029472 --> -0.027128, len_BS = 4101
Blocksize strategy selection process: -0.029433 --> -0.027128, len_BS = 4102
Blocksize strategy selection process: -0.029423 --> -0.027128, len_BS = 4108
Blocksize strategy selection process: -0.029419 --> -0.027128, len_BS = 4109
Blocksize strategy selection process: -0.029380 --> -0.027128, len_BS = 4110
Blocksize strategy selection process: -0.029337 --> -0.027128, len_BS = 4118
Blocksize strategy selection process: -0.029307 --> -0.027128, len_BS = 4126
Blocksize strategy selection process: -0.029299 --> -0.027128, len_BS = 4129
Blocksize strategy selection process: -0.029298 --> -0.027128, len_BS = 4131
Blocksize strategy selection process: -0.029294 --> -0.027128, len_BS = 4131
Blocksize strategy selection process: -0.029211 --> -0.027128, len_BS = 4131
Blocksize strategy selection process: -0.029108 --> -0.027128, len_BS = 4132
Blocksize strategy selection process: -0.028930 --> -0.027128, len_BS = 4134
Blocksize strategy selection process: -0.028909 --> -0.027128, len_BS = 4135
Blocksize strategy selection process: -0.028824 --> -0.027128, len_BS = 4135
Blocksize strategy selection process: -0.028809 --> -0.027128, len_BS = 4137
Blocksize strategy selection process: -0.028792 --> -0.027128, len_BS = 4137
Blocksize strategy selection process: -0.028778 --> -0.027128, len_BS = 4137
Blocksize strategy selection process: -0.028735 --> -0.027128, len_BS = 4137
Blocksize strategy selection process: -0.028721 --> -0.027128, len_BS = 4138
Blocksize strategy selection process: -0.028715 --> -0.027128, len_BS = 4139
Blocksize strategy selection process: -0.028709 --> -0.027128, len_BS = 4139
Blocksize strategy selection process: -0.028699 --> -0.027128, len_BS = 4140
Blocksize strategy selection process: -0.028666 --> -0.027128, len_BS = 4140
Blocksize strategy selection process: -0.028653 --> -0.027128, len_BS = 4141
Blocksize strategy selection process: -0.028615 --> -0.027128, len_BS = 4141
Blocksize strategy selection process: -0.028610 --> -0.027128, len_BS = 4143
Blocksize strategy selection process: -0.028602 --> -0.027128, len_BS = 4143
Blocksize strategy selection process: -0.028540 --> -0.027128, len_BS = 4143
Blocksize strategy selection process: -0.028534 --> -0.027128, len_BS = 4143
Blocksize strategy selection process: -0.028498 --> -0.027128, len_BS = 4143
Blocksize strategy selection process: -0.028443 --> -0.027128, len_BS = 4144
Blocksize strategy selection process: -0.028438 --> -0.027128, len_BS = 4145
Blocksize strategy selection process: -0.028431 --> -0.027128, len_BS = 4145
Blocksize strategy selection process: -0.028387 --> -0.027128, len_BS = 4145
Blocksize strategy selection process: -0.028368 --> -0.027128, len_BS = 4145
Blocksize strategy selection process: -0.028269 --> -0.027128, len_BS = 4145
Blocksize strategy selection process: -0.028252 --> -0.027128, len_BS = 4146
Blocksize strategy selection process: -0.028250 --> -0.027128, len_BS = 4147
Blocksize strategy selection process: -0.028211 --> -0.027128, len_BS = 4147
Blocksize strategy selection process: -0.028210 --> -0.027128, len_BS = 4147
Blocksize strategy selection process: -0.028206 --> -0.027128, len_BS = 4147
Blocksize strategy selection process: -0.028205 --> -0.027128, len_BS = 4147
Blocksize strategy selection process: -0.028177 --> -0.027128, len_BS = 4147
Blocksize strategy selection process: -0.028149 --> -0.027128, len_BS = 4147
Blocksize strategy selection process: -0.028104 --> -0.027128, len_BS = 4147
Blocksize strategy selection process: -0.028086 --> -0.027128, len_BS = 4147
Blocksize strategy selection process: -0.028024 --> -0.027128, len_BS = 4147
Blocksize strategy selection process: -0.028016 --> -0.027128, len_BS = 4148
Blocksize strategy selection process: -0.027989 --> -0.027128, len_BS = 4148
Blocksize strategy selection process: -0.027985 --> -0.027128, len_BS = 4148
Blocksize strategy selection process: -0.027984 --> -0.027128, len_BS = 4148
Blocksize strategy selection process: -0.027981 --> -0.027128, len_BS = 4148
Blocksize strategy selection process: -0.027931 --> -0.027128, len_BS = 4148
Blocksize strategy selection process: -0.027880 --> -0.027128, len_BS = 4148
Blocksize strategy selection process: -0.027877 --> -0.027128, len_BS = 4149
Blocksize strategy selection process: -0.027856 --> -0.027128, len_BS = 4149
Blocksize strategy selection process: -0.027849 --> -0.027128, len_BS = 4149
Blocksize strategy selection process: -0.027819 --> -0.027128, len_BS = 4149
Blocksize strategy selection process: -0.027816 --> -0.027128, len_BS = 4149
Blocksize strategy selection process: -0.027810 --> -0.027128, len_BS = 4149
Blocksize strategy selection process: -0.027761 --> -0.027128, len_BS = 4149
Blocksize strategy selection process: -0.027697 --> -0.027128, len_BS = 4149
Blocksize strategy selection process: -0.027688 --> -0.027128, len_BS = 4149
Blocksize strategy selection process: -0.027677 --> -0.027128, len_BS = 4149
Blocksize strategy selection process: -0.027676 --> -0.027128, len_BS = 4149
Blocksize strategy selection process: -0.027675 --> -0.027128, len_BS = 4149
Blocksize strategy selection process: -0.027674 --> -0.027128, len_BS = 4149
Blocksize strategy selection process: -0.027673 --> -0.027128, len_BS = 4149
Blocksize strategy selection process: -0.027653 --> -0.027128, len_BS = 4149
Blocksize strategy selection process: -0.027652 --> -0.027128, len_BS = 4149
Blocksize strategy selection process: -0.027650 --> -0.027128, len_BS = 4149
Blocksize strategy selection process: -0.027648 --> -0.027128, len_BS = 4149
Blocksize strategy selection process: -0.027646 --> -0.027128, len_BS = 4149
Blocksize strategy selection process: -0.027645 --> -0.027128, len_BS = 4149
Blocksize strategy selection process: -0.027644 --> -0.027128, len_BS = 4149
Blocksize strategy selection process: -0.027643 --> -0.027128, len_BS = 4149
Blocksize strategy selection process: -0.027642 --> -0.027128, len_BS = 4149
Blocksize strategy selection process: -0.027641 --> -0.027128, len_BS = 4149
Blocksize strategy selection process: -0.027640 --> -0.027128, len_BS = 4149
Blocksize strategy selection process: -0.027639 --> -0.027128, len_BS = 4149
Blocksize strategy selection process: -0.027638 --> -0.027128, len_BS = 4149
Blocksize strategy selection process: -0.027619 --> -0.027128, len_BS = 4149
Blocksize strategy selection process: -0.027599 --> -0.027128, len_BS = 4149
Blocksize strategy selection process: -0.027593 --> -0.027128, len_BS = 4149
Blocksize strategy selection process: -0.027566 --> -0.027128, len_BS = 4149
Blocksize strategy selection process: -0.027534 --> -0.027128, len_BS = 4149
Blocksize strategy selection process: -0.027513 --> -0.027128, len_BS = 4149
Blocksize strategy selection process: -0.027512 --> -0.027128, len_BS = 4149
Blocksize strategy selection process: -0.027511 --> -0.027128, len_BS = 4149
Blocksize strategy selection process: -0.027510 --> -0.027128, len_BS = 4149
Blocksize strategy selection process: -0.027509 --> -0.027128, len_BS = 4149
Blocksize strategy selection process: -0.027508 --> -0.027128, len_BS = 4149
Blocksize strategy selection process: -0.027507 --> -0.027128, len_BS = 4149
Blocksize strategy selection process: -0.027506 --> -0.027128, len_BS = 4149
Blocksize strategy selection process: -0.027473 --> -0.027128, len_BS = 4149
Blocksize strategy selection process: -0.027472 --> -0.027128, len_BS = 4149
Blocksize strategy selection process: -0.027471 --> -0.027128, len_BS = 4149
Blocksize strategy selection process: -0.027455 --> -0.027128, len_BS = 4149
Blocksize strategy selection process: -0.027454 --> -0.027128, len_BS = 4150
Blocksize strategy selection process: -0.027453 --> -0.027128, len_BS = 4150
Blocksize strategy selection process: -0.027452 --> -0.027128, len_BS = 4150
Blocksize strategy selection process: -0.027451 --> -0.027128, len_BS = 4150
Blocksize strategy selection process: -0.027450 --> -0.027128, len_BS = 4150
Blocksize strategy selection process: -0.027449 --> -0.027128, len_BS = 4150
Blocksize strategy selection process: -0.027448 --> -0.027128, len_BS = 4150
Blocksize strategy selection process: -0.027447 --> -0.027128, len_BS = 4150
Blocksize strategy selection process: -0.027446 --> -0.027128, len_BS = 4150
Blocksize strategy selection process: -0.027445 --> -0.027128, len_BS = 4150
Blocksize strategy selection process: -0.027444 --> -0.027128, len_BS = 4150
Blocksize strategy selection process: -0.027443 --> -0.027128, len_BS = 4150
Blocksize strategy selection process: -0.027428 --> -0.027128, len_BS = 4150
Blocksize strategy selection process: -0.027427 --> -0.027128, len_BS = 4150
Blocksize strategy selection process: -0.027426 --> -0.027128, len_BS = 4150
Blocksize strategy selection process: -0.027425 --> -0.027128, len_BS = 4150
Blocksize strategy selection process: -0.027424 --> -0.027128, len_BS = 4150
Blocksize strategy selection process: -0.027423 --> -0.027128, len_BS = 4150
Blocksize strategy selection process: -0.027422 --> -0.027128, len_BS = 4150
Blocksize strategy selection process: -0.027421 --> -0.027128, len_BS = 4150
Blocksize strategy selection process: -0.027420 --> -0.027128, len_BS = 4150
Blocksize strategy selection process: -0.027419 --> -0.027128, len_BS = 4150
Blocksize strategy selection process: -0.027418 --> -0.027128, len_BS = 4150
Blocksize strategy selection process: -0.027417 --> -0.027128, len_BS = 4150
Blocksize strategy selection process: -0.027416 --> -0.027128, len_BS = 4150
Blocksize strategy selection process: -0.027401 --> -0.027128, len_BS = 4150
Blocksize strategy selection process: -0.027400 --> -0.027128, len_BS = 4150
Blocksize strategy selection process: -0.027399 --> -0.027128, len_BS = 4150
Blocksize strategy selection process: -0.027398 --> -0.027128, len_BS = 4150
Blocksize strategy selection process: -0.027397 --> -0.027128, len_BS = 4150
Blocksize strategy selection process: -0.027396 --> -0.027128, len_BS = 4150
Blocksize strategy selection process: -0.027395 --> -0.027128, len_BS = 4150
Blocksize strategy selection process: -0.027394 --> -0.027128, len_BS = 4150
Blocksize strategy selection process: -0.027393 --> -0.027128, len_BS = 4150
Blocksize strategy selection process: -0.027392 --> -0.027128, len_BS = 4150
Blocksize strategy selection process: -0.027391 --> -0.027128, len_BS = 4150
Blocksize strategy selection process: -0.027376 --> -0.027128, len_BS = 4150
Blocksize strategy selection process: -0.027375 --> -0.027128, len_BS = 4150
Blocksize strategy selection process: -0.027374 --> -0.027128, len_BS = 4150
Blocksize strategy selection process: -0.027373 --> -0.027128, len_BS = 4150
Blocksize strategy selection process: -0.027372 --> -0.027128, len_BS = 4150
Blocksize strategy selection process: -0.027371 --> -0.027128, len_BS = 4150
Blocksize strategy selection process: -0.027370 --> -0.027128, len_BS = 4150
Blocksize strategy selection process: -0.027369 --> -0.027128, len_BS = 4150
Blocksize strategy selection process: -0.027368 --> -0.027128, len_BS = 4150
Blocksize strategy selection process: -0.027367 --> -0.027128, len_BS = 4150
Blocksize strategy selection process: -0.027366 --> -0.027128, len_BS = 4150
Blocksize strategy selection process: -0.027352 --> -0.027128, len_BS = 4150
Blocksize strategy selection process: -0.027351 --> -0.027128, len_BS = 4151
Blocksize strategy selection process: -0.027350 --> -0.027128, len_BS = 4151
Blocksize strategy selection process: -0.027349 --> -0.027128, len_BS = 4151
Blocksize strategy selection process: -0.027348 --> -0.027128, len_BS = 4151
Blocksize strategy selection process: -0.027347 --> -0.027128, len_BS = 4151
Blocksize strategy selection process: -0.027346 --> -0.027128, len_BS = 4151
Blocksize strategy selection process: -0.027345 --> -0.027128, len_BS = 4151
Blocksize strategy selection process: -0.027344 --> -0.027128, len_BS = 4151
Blocksize strategy selection process: -0.027343 --> -0.027128, len_BS = 4151
Blocksize strategy selection process: -0.027342 --> -0.027128, len_BS = 4151
Blocksize strategy selection process: -0.027329 --> -0.027128, len_BS = 4151
Blocksize strategy selection process: -0.027328 --> -0.027128, len_BS = 4151
Blocksize strategy selection process: -0.027327 --> -0.027128, len_BS = 4151
Blocksize strategy selection process: -0.027326 --> -0.027128, len_BS = 4151
Blocksize strategy selection process: -0.027325 --> -0.027128, len_BS = 4151
Blocksize strategy selection process: -0.027324 --> -0.027128, len_BS = 4151
Blocksize strategy selection process: -0.027323 --> -0.027128, len_BS = 4151
Blocksize strategy selection process: -0.027322 --> -0.027128, len_BS = 4151
Blocksize strategy selection process: -0.027321 --> -0.027128, len_BS = 4151
Blocksize strategy selection process: -0.027320 --> -0.027128, len_BS = 4151
Blocksize strategy selection process: -0.027285 --> -0.027128, len_BS = 4151
Blocksize strategy selection process: -0.027284 --> -0.027128, len_BS = 4151
Blocksize strategy selection process: -0.027280 --> -0.027128, len_BS = 4151
Blocksize strategy selection process: -0.027279 --> -0.027128, len_BS = 4151
Blocksize strategy selection process: -0.027276 --> -0.027128, len_BS = 4151
Blocksize strategy selection process: -0.027275 --> -0.027128, len_BS = 4151
Blocksize strategy selection process: -0.027274 --> -0.027128, len_BS = 4151
Blocksize strategy selection process: -0.027273 --> -0.027128, len_BS = 4151
Blocksize strategy selection process: -0.027272 --> -0.027128, len_BS = 4151
Blocksize strategy selection process: -0.027271 --> -0.027128, len_BS = 4151
Blocksize strategy selection process: -0.027270 --> -0.027128, len_BS = 4151
Blocksize strategy selection process: -0.027269 --> -0.027128, len_BS = 4151
Blocksize strategy selection process: -0.027268 --> -0.027128, len_BS = 4151
Blocksize strategy selection process: -0.027267 --> -0.027128, len_BS = 4151
Blocksize strategy selection process: -0.027266 --> -0.027128, len_BS = 4151
Blocksize strategy selection process: -0.027265 --> -0.027128, len_BS = 4151
Blocksize strategy selection process: -0.027264 --> -0.027128, len_BS = 4151
Blocksize strategy selection process: -0.027263 --> -0.027128, len_BS = 4151
Blocksize strategy selection process: -0.027262 --> -0.027128, len_BS = 4151
Blocksize strategy selection process: -0.027261 --> -0.027128, len_BS = 4151
Blocksize strategy selection process: -0.027260 --> -0.027128, len_BS = 4151
Blocksize strategy selection process: -0.027259 --> -0.027128, len_BS = 4151
Blocksize strategy selection process: -0.027249 --> -0.027128, len_BS = 4151
Blocksize strategy selection process: -0.027248 --> -0.027128, len_BS = 4151
Blocksize strategy selection process: -0.027247 --> -0.027128, len_BS = 4151
Blocksize strategy selection process: -0.027246 --> -0.027128, len_BS = 4151
Blocksize strategy selection process: -0.027245 --> -0.027128, len_BS = 4151
Blocksize strategy selection process: -0.027244 --> -0.027128, len_BS = 4151
Blocksize strategy selection process: -0.027243 --> -0.027128, len_BS = 4151
Blocksize strategy selection process: -0.027242 --> -0.027128, len_BS = 4151
Blocksize strategy selection process: -0.027241 --> -0.027128, len_BS = 4151
Blocksize strategy selection process: -0.027231 --> -0.027128, len_BS = 4151
Blocksize strategy selection process: -0.027230 --> -0.027128, len_BS = 4151
Blocksize strategy selection process: -0.027229 --> -0.027128, len_BS = 4151
Blocksize strategy selection process: -0.027228 --> -0.027128, len_BS = 4151
Blocksize strategy selection process: -0.027227 --> -0.027128, len_BS = 4151
Blocksize strategy selection process: -0.027226 --> -0.027128, len_BS = 4151
Blocksize strategy selection process: -0.027225 --> -0.027128, len_BS = 4151
Blocksize strategy selection process: -0.027216 --> -0.027128, len_BS = 4151
Blocksize strategy selection process: -0.027215 --> -0.027128, len_BS = 4151
Blocksize strategy selection process: -0.027214 --> -0.027128, len_BS = 4151
Blocksize strategy selection process: -0.027213 --> -0.027128, len_BS = 4151
Blocksize strategy selection process: -0.027212 --> -0.027128, len_BS = 4151
Blocksize strategy selection process: -0.027211 --> -0.027128, len_BS = 4151
Blocksize strategy selection process: -0.027210 --> -0.027128, len_BS = 4151
Blocksize strategy selection process: -0.027209 --> -0.027128, len_BS = 4151
Blocksize strategy selection process: -0.027201 --> -0.027128, len_BS = 4151
Blocksize strategy selection process: -0.027200 --> -0.027128, len_BS = 4151
Blocksize strategy selection process: -0.027199 --> -0.027128, len_BS = 4151
Blocksize strategy selection process: -0.027198 --> -0.027128, len_BS = 4151
Blocksize strategy selection process: -0.027197 --> -0.027128, len_BS = 4151
Blocksize strategy selection process: -0.027196 --> -0.027128, len_BS = 4151
Blocksize strategy selection process: -0.027195 --> -0.027128, len_BS = 4151
Blocksize strategy selection process: -0.027194 --> -0.027128, len_BS = 4151
Blocksize strategy selection process: -0.027187 --> -0.027128, len_BS = 4151
Blocksize strategy selection process: -0.027186 --> -0.027128, len_BS = 4151
Blocksize strategy selection process: -0.027185 --> -0.027128, len_BS = 4151
Blocksize strategy selection process: -0.027184 --> -0.027128, len_BS = 4151
Blocksize strategy selection process: -0.027183 --> -0.027128, len_BS = 4151
Blocksize strategy selection process: -0.027182 --> -0.027128, len_BS = 4151
Blocksize strategy selection process: -0.027181 --> -0.027128, len_BS = 4151
Blocksize strategy selection process: -0.027175 --> -0.027128, len_BS = 4151
Blocksize strategy selection process: -0.027174 --> -0.027128, len_BS = 4151
Blocksize strategy selection process: -0.027173 --> -0.027128, len_BS = 4151
Blocksize strategy selection process: -0.027172 --> -0.027128, len_BS = 4151
Blocksize strategy selection process: -0.027171 --> -0.027128, len_BS = 4151
Blocksize strategy selection process: -0.027170 --> -0.027128, len_BS = 4151
Blocksize strategy selection process: -0.027169 --> -0.027128, len_BS = 4151
Blocksize strategy selection process: -0.027164 --> -0.027128, len_BS = 4151
Blocksize strategy selection process: -0.027163 --> -0.027128, len_BS = 4151
Blocksize strategy selection process: -0.027162 --> -0.027128, len_BS = 4151
Blocksize strategy selection process: -0.027161 --> -0.027128, len_BS = 4151
Blocksize strategy selection process: -0.027160 --> -0.027128, len_BS = 4151
Blocksize strategy selection process: -0.027155 --> -0.027128, len_BS = 4151
Blocksize strategy selection process: -0.027153 --> -0.027128, len_BS = 4151
Blocksize strategy selection process: -0.027152 --> -0.027128, len_BS = 4151
Blocksize strategy selection process: -0.027151 --> -0.027128, len_BS = 4151
Blocksize strategy selection process: -0.027150 --> -0.027128, len_BS = 4151
Blocksize strategy selection process: -0.027146 --> -0.027128, len_BS = 4151
Blocksize strategy selection process: -0.027145 --> -0.027128, len_BS = 4151
Blocksize strategy selection process: -0.027144 --> -0.027128, len_BS = 4151
Blocksize strategy selection process: -0.027143 --> -0.027128, len_BS = 4151
Blocksize strategy selection process: -0.027140 --> -0.027128, len_BS = 4151
Blocksize strategy selection process: -0.027139 --> -0.027128, len_BS = 4151
Blocksize strategy selection process: -0.027138 --> -0.027128, len_BS = 4151
Blocksize strategy selection process: -0.027137 --> -0.027128, len_BS = 4151
Blocksize strategy selection process: -0.027136 --> -0.027128, len_BS = 4151
Blocksize strategy selection process: -0.027135 --> -0.027128, len_BS = 4151
Blocksize strategy selection process: -0.027133 --> -0.027128, len_BS = 4151
Blocksize strategy selection process: -0.027132 --> -0.027128, len_BS = 4151
Blocksize strategy selection process: -0.027131 --> -0.027128, len_BS = 4151
Blocksize strategy selection process: -0.027130 --> -0.027128, len_BS = 4151
Blocksize strategy selection process: -0.027129 --> -0.027128, len_BS = 4151
Blocksize strategy selection process: -0.027128 --> -0.027128, len_BS = 4151
len(BS) = 4151
Time cost for generating Strategy: 729.186768 s
[16.339078950594804,16.30689246938335,16.274753359601956,16.242660125520068,16.210611267162093,16.17860528001251,16.14664065471372,16.114715876756453,16.08282942616234,16.050979777158386,16.019165397843,15.987384749843255,15.95563628796302,15.923918459821579,15.892229705482336,15.860568457071285,15.828933138384677,15.797322164485578,15.765733941288772,15.73416686513356,15.702619322343914,15.6710896887755,15.639576329348962,15.608077597568936,15.576591835028147,15.545117370895955,15.51365252139071,15.482195589235182,15.450744863094336,15.419298616994727,15.387855109724626,15.356412584214155,15.324969266894424,15.293523367034815,15.262073076057458,15.230616566827859,15.199151992920573,15.167677487858974,15.136191164327741,15.104691113357042,15.073175403477059,15.041642079841534,15.010089163318995,14.978514649550217,14.9469165079704,14.91529268079455,14.883641081964463,14.851959596055586,14.820246077142123,14.788498347618553,14.756714196975775,14.724891380530028,14.693027618102686,14.661120592649027,14.62916794883406,14.597167291553582,14.565116184398438,14.533012148060394,14.500852658677768,14.468635146119382,14.436356992205408,14.404015528864086,14.371608036223666,14.339131740639179,14.306583812654587,14.273961364901272,14.241261449935084,14.208481058015156,14.175617114829393,14.142706433749066,14.109908838475821,14.07710204227486,14.044258208800908,14.011335215665877,13.978317287087869,13.94520672206854,13.911989399174487,13.878702480744064,13.845295866370986,13.811789975747072,13.778146750810123,13.74441946791968,13.710555837831627,13.6765677516463,13.642444635209138,13.608196163908115,13.573816204549747,13.539289970773684,13.504633517503539,13.469823590169533,13.43487050259742,13.399750780524368,13.364488187382552,13.329065638369954,13.293475817227396,13.257707802286031,13.22176708735562,13.185667754612318,13.149390002546397,13.112959041954166,13.076329871388289,13.039517208260591,13.002523843840589,12.96532790747489,12.92796000145157,12.890378879628923,12.85261021839004,12.814663183517538,12.776520416542699,12.738169773191327,12.699632080046552,12.660927934063707,12.622184554309392,12.58352966596258,12.560494372412254,12.537341104041879,12.514068488021,12.490675126377777,12.467159595370301,12.443520444838052,12.419756197532724,12.395865348427614,12.371846364004778,12.347697681519053,12.323417708238107,12.29900482065749,12.274457363689796,12.249773649826825,12.22495195827373,12.199990534054006,12.174887587084118,12.149641291216568,12.124249783250123,12.0987111619058,12.07302348676726,12.047184777184087,12.021193011136424,11.995046124059327,11.96874200762515,11.942278508482175,11.91565342694761,11.888864515652978,11.861909478139893,11.834785967404011,11.807491584384934,11.780023876399648,11.752380335517062,11.724558396870979,11.6965554369088,11.668368771573062,11.63999565441277,11.611433274621373,11.582678754998065,11.553729149828884,11.524581442683944,11.495232544126967,11.465679289333057,11.435918435610464,11.40594665982191,11.37576055570077,11.345356631057262,11.314731304869444,11.283880904253701,11.252801661309054,11.221489709829395,11.18994108187749,11.158151704214305,11.126117394576914,11.093833857797994,11.061296681759604,11.028501333173617,10.99544315318099,10.96211735276167,10.928519007946738,10.894643054824147,10.860484284329143,10.826037336810304,10.791296696362076,10.756256684914423,10.720911456070425,10.685254988682606,10.649281080159124,10.612983339491224,10.576355179994026,10.539389811753518,10.502080233773698,10.464419225819345,10.42639933995175,10.388012891757308,10.349251951271905,10.310108333608056,10.270573589296717,10.230638994361884,10.19029554015381,10.14953392297626,10.10834453355511,10.066717446410285,10.024642409211122,9.982108832217822,9.939105777939366,9.895621951172629,9.851645689630015,9.812518868573305,9.794761685642124,9.76073116605464,9.722961375272803,9.679510147214378,9.633865804720422,9.588434593005452,9.541018472773315,9.498475348005124,9.449149173259622,9.402439541274212,9.350530852703365,9.30562386199839,9.253626054628258,9.20308530750495,9.15100316757388,9.100082499379964,9.048214628393984,8.994233897065238,8.942258251081853,8.887036273254152,8.833042874013838,8.77576076331615,8.721496318028395,8.664799638201705,8.60696262377479,8.547494833591982,8.48858502011892,8.431389518260668,8.37138199628658,8.314574301695263,8.251583204634144,8.190366030784388,8.129339394487728,8.065201389344894,8.004961518857465,7.9390226957240735,7.876311292126832,7.814640563981901,7.750465427396834,7.684467225966562,7.621051910298831,7.560209536852803,7.516248065493358,7.489362534343957]
MinStrategy is: [87, 87, 107, 107, 117, 121, 129, 134] + pump(89,158,23) , ['87 * 2 (-0.043614) , cost = 660.0506 s', '107 * 2 (-0.037411) , cost = 1482.1058 s', '117 * 1 (-0.035973) , cost = 1649.0653 s', '121 * 1 (-0.035142) , cost = 4574.6092 s', '129 * 1 (-0.034241) , cost = 27277.6699 s', '134 * 1 (-0.033573) , cost = 97656.7937 s'] + pump(89,158,23)
[87,87,107,107,117,121,129,134]
Time cost for pnj-BKZ = 37.03 h,
Time cost for pump = 81.86 h,
Total time cost = 118.88 h.
