New Strategy:
n = 45, alpha = 0.03, q = 2027, jump = 1, goal_margin = 1.50, MAX_TIME = inf h
Blocksize strategy selection process: -0.062085 --> -0.062085, len_BS = 1
Blocksize strategy selection process: -0.056483 --> -0.030701, len_BS = 182
Blocksize strategy selection process: -0.056294 --> -0.030700, len_BS = 274
Blocksize strategy selection process: -0.056103 --> -0.030700, len_BS = 357
Blocksize strategy selection process: -0.055909 --> -0.030700, len_BS = 428
Blocksize strategy selection process: -0.055713 --> -0.030700, len_BS = 512
Blocksize strategy selection process: -0.055516 --> -0.030700, len_BS = 593
Blocksize strategy selection process: -0.055316 --> -0.030700, len_BS = 674
Blocksize strategy selection process: -0.055115 --> -0.030700, len_BS = 749
Blocksize strategy selection process: -0.054912 --> -0.030700, len_BS = 831
Blocksize strategy selection process: -0.054707 --> -0.030700, len_BS = 911
Blocksize strategy selection process: -0.054501 --> -0.030700, len_BS = 984
Blocksize strategy selection process: -0.054294 --> -0.030700, len_BS = 1052
Blocksize strategy selection process: -0.054085 --> -0.030700, len_BS = 1137
Blocksize strategy selection process: -0.053876 --> -0.030700, len_BS = 1210
Blocksize strategy selection process: -0.053664 --> -0.030699, len_BS = 1278
Blocksize strategy selection process: -0.053452 --> -0.030699, len_BS = 1337
Blocksize strategy selection process: -0.053239 --> -0.030699, len_BS = 1406
Blocksize strategy selection process: -0.053024 --> -0.030699, len_BS = 1462
Blocksize strategy selection process: -0.052810 --> -0.030699, len_BS = 1522
Blocksize strategy selection process: -0.052593 --> -0.030699, len_BS = 1583
Blocksize strategy selection process: -0.052377 --> -0.030699, len_BS = 1640
Blocksize strategy selection process: -0.052159 --> -0.030699, len_BS = 1691
Blocksize strategy selection process: -0.051941 --> -0.030699, len_BS = 1742
Blocksize strategy selection process: -0.051721 --> -0.030699, len_BS = 1790
Blocksize strategy selection process: -0.051502 --> -0.030699, len_BS = 1841
Blocksize strategy selection process: -0.051281 --> -0.030699, len_BS = 1893
Blocksize strategy selection process: -0.051060 --> -0.030699, len_BS = 1966
Blocksize strategy selection process: -0.050839 --> -0.030699, len_BS = 2029
Blocksize strategy selection process: -0.050617 --> -0.030699, len_BS = 2089
Blocksize strategy selection process: -0.050396 --> -0.030699, len_BS = 2146
Blocksize strategy selection process: -0.050173 --> -0.030699, len_BS = 2196
Blocksize strategy selection process: -0.049952 --> -0.030699, len_BS = 2247
Blocksize strategy selection process: -0.049728 --> -0.030699, len_BS = 2296
Blocksize strategy selection process: -0.049506 --> -0.030699, len_BS = 2339
Blocksize strategy selection process: -0.049282 --> -0.030699, len_BS = 2389
Blocksize strategy selection process: -0.049059 --> -0.030699, len_BS = 2430
Blocksize strategy selection process: -0.048836 --> -0.030699, len_BS = 2475
Blocksize strategy selection process: -0.048613 --> -0.030699, len_BS = 2511
Blocksize strategy selection process: -0.048552 --> -0.030699, len_BS = 2547
Blocksize strategy selection process: -0.048449 --> -0.030699, len_BS = 2548
Blocksize strategy selection process: -0.048346 --> -0.030699, len_BS = 2548
Blocksize strategy selection process: -0.048241 --> -0.030699, len_BS = 2550
Blocksize strategy selection process: -0.048135 --> -0.030699, len_BS = 2551
Blocksize strategy selection process: -0.048029 --> -0.030699, len_BS = 2551
Blocksize strategy selection process: -0.047922 --> -0.030699, len_BS = 2590
Blocksize strategy selection process: -0.047813 --> -0.030699, len_BS = 2627
Blocksize strategy selection process: -0.047705 --> -0.030699, len_BS = 2657
Blocksize strategy selection process: -0.047681 --> -0.030699, len_BS = 2698
Blocksize strategy selection process: -0.047592 --> -0.030699, len_BS = 2696
Blocksize strategy selection process: -0.047486 --> -0.030699, len_BS = 2718
Blocksize strategy selection process: -0.047478 --> -0.030699, len_BS = 2753
Blocksize strategy selection process: -0.047429 --> -0.030699, len_BS = 2748
Blocksize strategy selection process: -0.047363 --> -0.030699, len_BS = 2758
Blocksize strategy selection process: -0.047264 --> -0.030699, len_BS = 2772
Blocksize strategy selection process: -0.047248 --> -0.030699, len_BS = 2796
Blocksize strategy selection process: -0.047202 --> -0.030699, len_BS = 2795
Blocksize strategy selection process: -0.047153 --> -0.030699, len_BS = 2812
Blocksize strategy selection process: -0.047132 --> -0.030699, len_BS = 2851
Blocksize strategy selection process: -0.047041 --> -0.030699, len_BS = 2851
Blocksize strategy selection process: -0.047016 --> -0.030699, len_BS = 2879
Blocksize strategy selection process: -0.046975 --> -0.030699, len_BS = 2880
Blocksize strategy selection process: -0.046929 --> -0.030699, len_BS = 2899
Blocksize strategy selection process: -0.046878 --> -0.030699, len_BS = 2933
Blocksize strategy selection process: -0.046816 --> -0.030699, len_BS = 2975
Blocksize strategy selection process: -0.046767 --> -0.030699, len_BS = 2993
Blocksize strategy selection process: -0.046745 --> -0.030699, len_BS = 3020
Blocksize strategy selection process: -0.046703 --> -0.030699, len_BS = 3020
Blocksize strategy selection process: -0.046656 --> -0.030699, len_BS = 3036
Blocksize strategy selection process: -0.046589 --> -0.030699, len_BS = 3072
Blocksize strategy selection process: -0.046544 --> -0.030699, len_BS = 3101
Blocksize strategy selection process: -0.046476 --> -0.030699, len_BS = 3133
Blocksize strategy selection process: -0.046433 --> -0.030699, len_BS = 3152
Blocksize strategy selection process: -0.046363 --> -0.030699, len_BS = 3182
Blocksize strategy selection process: -0.046321 --> -0.030699, len_BS = 3212
Blocksize strategy selection process: -0.046275 --> -0.030699, len_BS = 3246
Blocksize strategy selection process: -0.046208 --> -0.030699, len_BS = 3277
Blocksize strategy selection process: -0.046164 --> -0.030699, len_BS = 3299
Blocksize strategy selection process: -0.046096 --> -0.030699, len_BS = 3331
Blocksize strategy selection process: -0.046054 --> -0.030699, len_BS = 3359
Blocksize strategy selection process: -0.046007 --> -0.030699, len_BS = 3389
Blocksize strategy selection process: -0.045943 --> -0.030699, len_BS = 3417
Blocksize strategy selection process: -0.045898 --> -0.030699, len_BS = 3431
Blocksize strategy selection process: -0.045831 --> -0.030699, len_BS = 3465
Blocksize strategy selection process: -0.045788 --> -0.030699, len_BS = 3482
Blocksize strategy selection process: -0.045740 --> -0.030699, len_BS = 3518
Blocksize strategy selection process: -0.045679 --> -0.030699, len_BS = 3550
Blocksize strategy selection process: -0.045633 --> -0.030699, len_BS = 3565
Blocksize strategy selection process: -0.045583 --> -0.030699, len_BS = 3595
Blocksize strategy selection process: -0.045569 --> -0.030699, len_BS = 3625
Blocksize strategy selection process: -0.045525 --> -0.030699, len_BS = 3625
Blocksize strategy selection process: -0.045476 --> -0.030699, len_BS = 3635
Blocksize strategy selection process: -0.045424 --> -0.030699, len_BS = 3665
Blocksize strategy selection process: -0.045417 --> -0.030699, len_BS = 3692
Blocksize strategy selection process: -0.045370 --> -0.030699, len_BS = 3692
Blocksize strategy selection process: -0.045319 --> -0.030699, len_BS = 3700
Blocksize strategy selection process: -0.045265 --> -0.030699, len_BS = 3736
Blocksize strategy selection process: -0.045264 --> -0.030699, len_BS = 3758
Blocksize strategy selection process: -0.045214 --> -0.030699, len_BS = 3758
Blocksize strategy selection process: -0.045161 --> -0.030699, len_BS = 3760
Blocksize strategy selection process: -0.045104 --> -0.030699, len_BS = 3794
Blocksize strategy selection process: -0.045058 --> -0.030699, len_BS = 3817
Blocksize strategy selection process: -0.045002 --> -0.030699, len_BS = 3823
Blocksize strategy selection process: -0.044943 --> -0.030699, len_BS = 3850
Blocksize strategy selection process: -0.044670 --> -0.030699, len_BS = 3884
Blocksize strategy selection process: -0.044575 --> -0.030699, len_BS = 3866
Blocksize strategy selection process: -0.044481 --> -0.030699, len_BS = 3890
Blocksize strategy selection process: -0.044456 --> -0.030699, len_BS = 3911
Blocksize strategy selection process: -0.044387 --> -0.030699, len_BS = 3911
Blocksize strategy selection process: -0.044292 --> -0.030699, len_BS = 3938
Blocksize strategy selection process: -0.044198 --> -0.030699, len_BS = 3968
Blocksize strategy selection process: -0.044128 --> -0.030699, len_BS = 3987
Blocksize strategy selection process: -0.044103 --> -0.030699, len_BS = 4006
Blocksize strategy selection process: -0.044035 --> -0.030699, len_BS = 4005
Blocksize strategy selection process: -0.043963 --> -0.030699, len_BS = 4021
Blocksize strategy selection process: -0.043942 --> -0.030699, len_BS = 4043
Blocksize strategy selection process: -0.043872 --> -0.030699, len_BS = 4042
Blocksize strategy selection process: -0.043799 --> -0.030699, len_BS = 4058
Blocksize strategy selection process: -0.043781 --> -0.030699, len_BS = 4071
Blocksize strategy selection process: -0.043708 --> -0.030699, len_BS = 4070
Blocksize strategy selection process: -0.043633 --> -0.030699, len_BS = 4093
Blocksize strategy selection process: -0.043618 --> -0.030699, len_BS = 4116
Blocksize strategy selection process: -0.043544 --> -0.030699, len_BS = 4115
Blocksize strategy selection process: -0.043467 --> -0.030699, len_BS = 4132
Blocksize strategy selection process: -0.043305 --> -0.030699, len_BS = 4152
Blocksize strategy selection process: -0.043302 --> -0.030699, len_BS = 4162
Blocksize strategy selection process: -0.043293 --> -0.030699, len_BS = 4180
Blocksize strategy selection process: -0.043215 --> -0.030699, len_BS = 4178
Blocksize strategy selection process: -0.043135 --> -0.030699, len_BS = 4192
Blocksize strategy selection process: -0.043130 --> -0.030699, len_BS = 4214
Blocksize strategy selection process: -0.043051 --> -0.030699, len_BS = 4214
Blocksize strategy selection process: -0.042970 --> -0.030699, len_BS = 4236
Blocksize strategy selection process: -0.042966 --> -0.030699, len_BS = 4252
Blocksize strategy selection process: -0.042886 --> -0.030699, len_BS = 4251
Blocksize strategy selection process: -0.042802 --> -0.030699, len_BS = 4272
Blocksize strategy selection process: -0.042721 --> -0.030699, len_BS = 4291
Blocksize strategy selection process: -0.042443 --> -0.030699, len_BS = 4311
Blocksize strategy selection process: -0.042366 --> -0.030699, len_BS = 4269
Blocksize strategy selection process: -0.042289 --> -0.030699, len_BS = 4288
Blocksize strategy selection process: -0.042213 --> -0.030699, len_BS = 4309
Blocksize strategy selection process: -0.042135 --> -0.030699, len_BS = 4327
Blocksize strategy selection process: -0.042059 --> -0.030699, len_BS = 4346
Blocksize strategy selection process: -0.041969 --> -0.030699, len_BS = 4368
Blocksize strategy selection process: -0.041893 --> -0.030699, len_BS = 4384
Blocksize strategy selection process: -0.041802 --> -0.030699, len_BS = 4400
Blocksize strategy selection process: -0.041728 --> -0.030699, len_BS = 4403
Blocksize strategy selection process: -0.041635 --> -0.030699, len_BS = 4419
Blocksize strategy selection process: -0.041563 --> -0.030699, len_BS = 4425
Blocksize strategy selection process: -0.041468 --> -0.030699, len_BS = 4441
Blocksize strategy selection process: -0.041397 --> -0.030699, len_BS = 4452
Blocksize strategy selection process: -0.041326 --> -0.030699, len_BS = 4468
Blocksize strategy selection process: -0.041232 --> -0.030699, len_BS = 4484
Blocksize strategy selection process: -0.041184 --> -0.030699, len_BS = 4493
Blocksize strategy selection process: -0.041092 --> -0.030699, len_BS = 4501
Blocksize strategy selection process: -0.040998 --> -0.030699, len_BS = 4502
Blocksize strategy selection process: -0.040929 --> -0.030699, len_BS = 4508
Blocksize strategy selection process: -0.040766 --> -0.030699, len_BS = 4522
Blocksize strategy selection process: -0.040700 --> -0.030699, len_BS = 4515
Blocksize strategy selection process: -0.040632 --> -0.030699, len_BS = 4526
Blocksize strategy selection process: -0.040538 --> -0.030699, len_BS = 4541
Blocksize strategy selection process: -0.040472 --> -0.030699, len_BS = 4547
Blocksize strategy selection process: -0.040313 --> -0.030699, len_BS = 4554
Blocksize strategy selection process: -0.040248 --> -0.030699, len_BS = 4514
Blocksize strategy selection process: -0.040184 --> -0.030699, len_BS = 4516
Blocksize strategy selection process: -0.039813 --> -0.030699, len_BS = 4526
Blocksize strategy selection process: -0.039753 --> -0.030699, len_BS = 4283
Blocksize strategy selection process: -0.039693 --> -0.030699, len_BS = 4284
Blocksize strategy selection process: -0.039634 --> -0.030699, len_BS = 4285
Blocksize strategy selection process: -0.039575 --> -0.030699, len_BS = 4278
Blocksize strategy selection process: -0.039516 --> -0.030699, len_BS = 4278
Blocksize strategy selection process: -0.039458 --> -0.030699, len_BS = 4284
Blocksize strategy selection process: -0.039399 --> -0.030699, len_BS = 4277
Blocksize strategy selection process: -0.039341 --> -0.030699, len_BS = 4288
Blocksize strategy selection process: -0.039243 --> -0.030699, len_BS = 4292
Blocksize strategy selection process: -0.039186 --> -0.030699, len_BS = 4249
Blocksize strategy selection process: -0.039129 --> -0.030699, len_BS = 4252
Blocksize strategy selection process: -0.038975 --> -0.030699, len_BS = 4241
Blocksize strategy selection process: -0.038960 --> -0.030698, len_BS = 4221
Blocksize strategy selection process: -0.038903 --> -0.030698, len_BS = 4203
Blocksize strategy selection process: -0.038848 --> -0.030698, len_BS = 4213
Blocksize strategy selection process: -0.038754 --> -0.030698, len_BS = 4214
Blocksize strategy selection process: -0.038700 --> -0.030698, len_BS = 4178
Blocksize strategy selection process: -0.038668 --> -0.030698, len_BS = 4178
Blocksize strategy selection process: -0.038652 --> -0.030698, len_BS = 4184
Blocksize strategy selection process: -0.038645 --> -0.030698, len_BS = 4171
Blocksize strategy selection process: -0.038579 --> -0.030698, len_BS = 4171
Blocksize strategy selection process: -0.038574 --> -0.030698, len_BS = 4165
Blocksize strategy selection process: -0.038532 --> -0.030698, len_BS = 4171
Blocksize strategy selection process: -0.038526 --> -0.030698, len_BS = 4187
Blocksize strategy selection process: -0.038430 --> -0.030698, len_BS = 4199
Blocksize strategy selection process: -0.038423 --> -0.030698, len_BS = 4141
Blocksize strategy selection process: -0.038345 --> -0.030698, len_BS = 4134
Blocksize strategy selection process: -0.038304 --> -0.030698, len_BS = 4125
Blocksize strategy selection process: -0.038299 --> -0.030698, len_BS = 4138
Blocksize strategy selection process: -0.038276 --> -0.030698, len_BS = 4150
Blocksize strategy selection process: -0.038196 --> -0.030698, len_BS = 4162
Blocksize strategy selection process: -0.038163 --> -0.030698, len_BS = 4151
Blocksize strategy selection process: -0.038141 --> -0.030698, len_BS = 4168
Blocksize strategy selection process: -0.038120 --> -0.030698, len_BS = 4179
Blocksize strategy selection process: -0.038081 --> -0.030698, len_BS = 4195
Blocksize strategy selection process: -0.038060 --> -0.030698, len_BS = 4207
Blocksize strategy selection process: -0.038042 --> -0.030698, len_BS = 4219
Blocksize strategy selection process: -0.038021 --> -0.030698, len_BS = 4236
Blocksize strategy selection process: -0.038004 --> -0.030698, len_BS = 4253
Blocksize strategy selection process: -0.037983 --> -0.030698, len_BS = 4269
Blocksize strategy selection process: -0.037965 --> -0.030698, len_BS = 4288
Blocksize strategy selection process: -0.037945 --> -0.030698, len_BS = 4307
Blocksize strategy selection process: -0.037926 --> -0.030698, len_BS = 4324
Blocksize strategy selection process: -0.037887 --> -0.030698, len_BS = 4335
Blocksize strategy selection process: -0.037848 --> -0.030698, len_BS = 4339
Blocksize strategy selection process: -0.037843 --> -0.030698, len_BS = 4348
Blocksize strategy selection process: -0.037766 --> -0.030698, len_BS = 4350
Blocksize strategy selection process: -0.037748 --> -0.030698, len_BS = 4330
Blocksize strategy selection process: -0.037730 --> -0.030698, len_BS = 4348
Blocksize strategy selection process: -0.037712 --> -0.030698, len_BS = 4365
Blocksize strategy selection process: -0.037694 --> -0.030698, len_BS = 4375
Blocksize strategy selection process: -0.037676 --> -0.030698, len_BS = 4394
Blocksize strategy selection process: -0.037655 --> -0.030698, len_BS = 4408
Blocksize strategy selection process: -0.037637 --> -0.030698, len_BS = 4423
Blocksize strategy selection process: -0.037616 --> -0.030698, len_BS = 4436
Blocksize strategy selection process: -0.037599 --> -0.030698, len_BS = 4451
Blocksize strategy selection process: -0.037578 --> -0.030698, len_BS = 4465
Blocksize strategy selection process: -0.037561 --> -0.030698, len_BS = 4480
Blocksize strategy selection process: -0.037540 --> -0.030698, len_BS = 4500
Blocksize strategy selection process: -0.037523 --> -0.030698, len_BS = 4520
Blocksize strategy selection process: -0.037501 --> -0.030698, len_BS = 4533
Blocksize strategy selection process: -0.037463 --> -0.030698, len_BS = 4551
Blocksize strategy selection process: -0.037457 --> -0.030698, len_BS = 4552
Blocksize strategy selection process: -0.037447 --> -0.030698, len_BS = 4562
Blocksize strategy selection process: -0.037425 --> -0.030698, len_BS = 4576
Blocksize strategy selection process: -0.037409 --> -0.030698, len_BS = 4593
Blocksize strategy selection process: -0.037387 --> -0.030698, len_BS = 4607
Blocksize strategy selection process: -0.037372 --> -0.030698, len_BS = 4624
Blocksize strategy selection process: -0.037350 --> -0.030698, len_BS = 4637
Blocksize strategy selection process: -0.037334 --> -0.030698, len_BS = 4649
Blocksize strategy selection process: -0.037321 --> -0.030698, len_BS = 4659
Blocksize strategy selection process: -0.037256 --> -0.030698, len_BS = 4659
Blocksize strategy selection process: -0.037242 --> -0.030698, len_BS = 4648
Blocksize strategy selection process: -0.037228 --> -0.030698, len_BS = 4659
Blocksize strategy selection process: -0.037214 --> -0.030698, len_BS = 4672
Blocksize strategy selection process: -0.037200 --> -0.030698, len_BS = 4688
Blocksize strategy selection process: -0.037186 --> -0.030698, len_BS = 4701
Blocksize strategy selection process: -0.037163 --> -0.030698, len_BS = 4711
Blocksize strategy selection process: -0.037149 --> -0.030698, len_BS = 4722
Blocksize strategy selection process: -0.037126 --> -0.030698, len_BS = 4726
Blocksize strategy selection process: -0.037112 --> -0.030698, len_BS = 4737
Blocksize strategy selection process: -0.037089 --> -0.030698, len_BS = 4749
Blocksize strategy selection process: -0.037076 --> -0.030698, len_BS = 4756
Blocksize strategy selection process: -0.037053 --> -0.030698, len_BS = 4762
Blocksize strategy selection process: -0.037040 --> -0.030698, len_BS = 4773
Blocksize strategy selection process: -0.037027 --> -0.030698, len_BS = 4782
Blocksize strategy selection process: -0.037004 --> -0.030698, len_BS = 4790
Blocksize strategy selection process: -0.037001 --> -0.030698, len_BS = 4794
Blocksize strategy selection process: -0.036978 --> -0.030698, len_BS = 4798
Blocksize strategy selection process: -0.036955 --> -0.030698, len_BS = 4806
Blocksize strategy selection process: -0.036883 --> -0.030698, len_BS = 4812
Blocksize strategy selection process: -0.036861 --> -0.030698, len_BS = 4799
Blocksize strategy selection process: -0.036850 --> -0.030698, len_BS = 4799
Blocksize strategy selection process: -0.036816 --> -0.030698, len_BS = 4801
Blocksize strategy selection process: -0.036804 --> -0.030698, len_BS = 4804
Blocksize strategy selection process: -0.036793 --> -0.030698, len_BS = 4809
Blocksize strategy selection process: -0.036789 --> -0.030698, len_BS = 4817
Blocksize strategy selection process: -0.036778 --> -0.030698, len_BS = 4815
Blocksize strategy selection process: -0.036699 --> -0.030698, len_BS = 4815
Blocksize strategy selection process: -0.036689 --> -0.030698, len_BS = 4791
Blocksize strategy selection process: -0.036679 --> -0.030698, len_BS = 4799
Blocksize strategy selection process: -0.036678 --> -0.030698, len_BS = 4806
Blocksize strategy selection process: -0.036668 --> -0.030698, len_BS = 4807
Blocksize strategy selection process: -0.036658 --> -0.030698, len_BS = 4811
Blocksize strategy selection process: -0.036648 --> -0.030698, len_BS = 4816
Blocksize strategy selection process: -0.036637 --> -0.030698, len_BS = 4824
Blocksize strategy selection process: -0.036627 --> -0.030698, len_BS = 4830
Blocksize strategy selection process: -0.036617 --> -0.030698, len_BS = 4837
Blocksize strategy selection process: -0.036594 --> -0.030698, len_BS = 4844
Blocksize strategy selection process: -0.036584 --> -0.030698, len_BS = 4852
Blocksize strategy selection process: -0.036578 --> -0.030698, len_BS = 4860
Blocksize strategy selection process: -0.036574 --> -0.030698, len_BS = 4862
Blocksize strategy selection process: -0.036568 --> -0.030698, len_BS = 4865
Blocksize strategy selection process: -0.036558 --> -0.030698, len_BS = 4869
Blocksize strategy selection process: -0.036549 --> -0.030698, len_BS = 4877
Blocksize strategy selection process: -0.036542 --> -0.030698, len_BS = 4883
Blocksize strategy selection process: -0.036539 --> -0.030698, len_BS = 4887
Blocksize strategy selection process: -0.036535 --> -0.030698, len_BS = 4891
Blocksize strategy selection process: -0.036530 --> -0.030698, len_BS = 4893
Blocksize strategy selection process: -0.036525 --> -0.030698, len_BS = 4895
Blocksize strategy selection process: -0.036520 --> -0.030698, len_BS = 4899
Blocksize strategy selection process: -0.036511 --> -0.030698, len_BS = 4900
Blocksize strategy selection process: -0.036504 --> -0.030698, len_BS = 4908
Blocksize strategy selection process: -0.036501 --> -0.030698, len_BS = 4913
Blocksize strategy selection process: -0.036495 --> -0.030698, len_BS = 4916
Blocksize strategy selection process: -0.036492 --> -0.030698, len_BS = 4921
Blocksize strategy selection process: -0.036483 --> -0.030698, len_BS = 4921
Blocksize strategy selection process: -0.036474 --> -0.030698, len_BS = 4927
Blocksize strategy selection process: -0.036471 --> -0.030698, len_BS = 4932
Blocksize strategy selection process: -0.036470 --> -0.030698, len_BS = 4933
Blocksize strategy selection process: -0.036465 --> -0.030698, len_BS = 4935
Blocksize strategy selection process: -0.036462 --> -0.030698, len_BS = 4939
Blocksize strategy selection process: -0.036458 --> -0.030698, len_BS = 4942
Blocksize strategy selection process: -0.036453 --> -0.030698, len_BS = 4945
Blocksize strategy selection process: -0.036450 --> -0.030698, len_BS = 4949
Blocksize strategy selection process: -0.036449 --> -0.030698, len_BS = 4951
Blocksize strategy selection process: -0.036443 --> -0.030698, len_BS = 4951
Blocksize strategy selection process: -0.036442 --> -0.030698, len_BS = 4955
Blocksize strategy selection process: -0.036441 --> -0.030698, len_BS = 4955
Blocksize strategy selection process: -0.036435 --> -0.030698, len_BS = 4956
Blocksize strategy selection process: -0.036434 --> -0.030698, len_BS = 4961
Blocksize strategy selection process: -0.036431 --> -0.030698, len_BS = 4962
Blocksize strategy selection process: -0.036428 --> -0.030698, len_BS = 4964
Blocksize strategy selection process: -0.036427 --> -0.030698, len_BS = 4965
Blocksize strategy selection process: -0.036424 --> -0.030698, len_BS = 4966
Blocksize strategy selection process: -0.036421 --> -0.030698, len_BS = 4968
Blocksize strategy selection process: -0.036420 --> -0.030698, len_BS = 4969
Blocksize strategy selection process: -0.036417 --> -0.030698, len_BS = 4969
Blocksize strategy selection process: -0.036416 --> -0.030698, len_BS = 4972
Blocksize strategy selection process: -0.036413 --> -0.030698, len_BS = 4973
Blocksize strategy selection process: -0.036412 --> -0.030698, len_BS = 4975
Blocksize strategy selection process: -0.036122 --> -0.030698, len_BS = 4977
Blocksize strategy selection process: -0.036097 --> -0.030698, len_BS = 4855
Blocksize strategy selection process: -0.035892 --> -0.030698, len_BS = 4828
Blocksize strategy selection process: -0.035773 --> -0.030698, len_BS = 4811
Blocksize strategy selection process: -0.035561 --> -0.030698, len_BS = 4796
Blocksize strategy selection process: -0.035469 --> -0.030698, len_BS = 4778
Blocksize strategy selection process: -0.035464 --> -0.030698, len_BS = 4740
Blocksize strategy selection process: -0.035400 --> -0.030698, len_BS = 4740
Blocksize strategy selection process: -0.035390 --> -0.030698, len_BS = 4739
Blocksize strategy selection process: -0.035385 --> -0.030698, len_BS = 4740
Blocksize strategy selection process: -0.035384 --> -0.030698, len_BS = 4741
Blocksize strategy selection process: -0.035381 --> -0.030698, len_BS = 4741
Blocksize strategy selection process: -0.035312 --> -0.030698, len_BS = 4741
Blocksize strategy selection process: -0.035281 --> -0.030698, len_BS = 4742
Blocksize strategy selection process: -0.035280 --> -0.030698, len_BS = 4743
Blocksize strategy selection process: -0.035208 --> -0.030698, len_BS = 4743
Blocksize strategy selection process: -0.035014 --> -0.030698, len_BS = 4744
Blocksize strategy selection process: -0.035005 --> -0.030698, len_BS = 4736
Blocksize strategy selection process: -0.035001 --> -0.030698, len_BS = 4725
Blocksize strategy selection process: -0.034931 --> -0.030698, len_BS = 4725
Blocksize strategy selection process: -0.034912 --> -0.030698, len_BS = 4726
Blocksize strategy selection process: -0.034833 --> -0.030698, len_BS = 4730
Blocksize strategy selection process: -0.034753 --> -0.030698, len_BS = 4732
Blocksize strategy selection process: -0.034707 --> -0.030698, len_BS = 4728
Blocksize strategy selection process: -0.034610 --> -0.030698, len_BS = 4731
Blocksize strategy selection process: -0.034609 --> -0.030698, len_BS = 4731
Blocksize strategy selection process: -0.034539 --> -0.030698, len_BS = 4733
Blocksize strategy selection process: -0.034537 --> -0.030698, len_BS = 4735
Blocksize strategy selection process: -0.034534 --> -0.030698, len_BS = 4737
Blocksize strategy selection process: -0.034363 --> -0.030698, len_BS = 4738
Blocksize strategy selection process: -0.034342 --> -0.030698, len_BS = 4723
Blocksize strategy selection process: -0.034267 --> -0.030698, len_BS = 4727
Blocksize strategy selection process: -0.034086 --> -0.030698, len_BS = 4727
Blocksize strategy selection process: -0.034074 --> -0.030698, len_BS = 4723
Blocksize strategy selection process: -0.033993 --> -0.030698, len_BS = 4723
Blocksize strategy selection process: -0.033884 --> -0.030698, len_BS = 4723
Blocksize strategy selection process: -0.033871 --> -0.030698, len_BS = 4725
Blocksize strategy selection process: -0.033773 --> -0.030698, len_BS = 4727
Blocksize strategy selection process: -0.033735 --> -0.030698, len_BS = 4728
Blocksize strategy selection process: -0.033584 --> -0.030698, len_BS = 4730
Blocksize strategy selection process: -0.033350 --> -0.030698, len_BS = 4730
Blocksize strategy selection process: -0.033098 --> -0.030698, len_BS = 4716
Blocksize strategy selection process: -0.033075 --> -0.030698, len_BS = 4716
Blocksize strategy selection process: -0.032901 --> -0.030698, len_BS = 4716
Blocksize strategy selection process: -0.032739 --> -0.030698, len_BS = 4716
Blocksize strategy selection process: -0.032672 --> -0.030698, len_BS = 4716
Blocksize strategy selection process: -0.032572 --> -0.030698, len_BS = 4716
Blocksize strategy selection process: -0.032501 --> -0.030698, len_BS = 4717
Blocksize strategy selection process: -0.032453 --> -0.030698, len_BS = 4717
Blocksize strategy selection process: -0.032391 --> -0.030698, len_BS = 4717
Blocksize strategy selection process: -0.032300 --> -0.030698, len_BS = 4717
Blocksize strategy selection process: -0.032273 --> -0.030698, len_BS = 4717
Blocksize strategy selection process: -0.032054 --> -0.030698, len_BS = 4717
Blocksize strategy selection process: -0.032028 --> -0.030698, len_BS = 4716
Blocksize strategy selection process: -0.032022 --> -0.030698, len_BS = 4716
Blocksize strategy selection process: -0.032020 --> -0.030698, len_BS = 4716
Blocksize strategy selection process: -0.032016 --> -0.030698, len_BS = 4716
Blocksize strategy selection process: -0.032014 --> -0.030698, len_BS = 4716
Blocksize strategy selection process: -0.031896 --> -0.030698, len_BS = 4716
Blocksize strategy selection process: -0.031894 --> -0.030698, len_BS = 4716
Blocksize strategy selection process: -0.031852 --> -0.030698, len_BS = 4716
Blocksize strategy selection process: -0.031798 --> -0.030698, len_BS = 4716
Blocksize strategy selection process: -0.031780 --> -0.030698, len_BS = 4716
Blocksize strategy selection process: -0.031767 --> -0.030698, len_BS = 4716
Blocksize strategy selection process: -0.031766 --> -0.030698, len_BS = 4716
Blocksize strategy selection process: -0.031762 --> -0.030698, len_BS = 4716
Blocksize strategy selection process: -0.031761 --> -0.030698, len_BS = 4716
Blocksize strategy selection process: -0.031759 --> -0.030698, len_BS = 4716
Blocksize strategy selection process: -0.031756 --> -0.030698, len_BS = 4716
Blocksize strategy selection process: -0.031754 --> -0.030698, len_BS = 4716
Blocksize strategy selection process: -0.031751 --> -0.030698, len_BS = 4716
Blocksize strategy selection process: -0.031646 --> -0.030698, len_BS = 4716
Blocksize strategy selection process: -0.031596 --> -0.030698, len_BS = 4716
Blocksize strategy selection process: -0.031594 --> -0.030698, len_BS = 4716
Blocksize strategy selection process: -0.031538 --> -0.030698, len_BS = 4716
Blocksize strategy selection process: -0.031536 --> -0.030698, len_BS = 4716
Blocksize strategy selection process: -0.031463 --> -0.030698, len_BS = 4716
Blocksize strategy selection process: -0.031421 --> -0.030698, len_BS = 4716
Blocksize strategy selection process: -0.031400 --> -0.030698, len_BS = 4716
Blocksize strategy selection process: -0.031379 --> -0.030698, len_BS = 4716
Blocksize strategy selection process: -0.031318 --> -0.030698, len_BS = 4716
Blocksize strategy selection process: -0.031316 --> -0.030698, len_BS = 4716
Blocksize strategy selection process: -0.031308 --> -0.030698, len_BS = 4716
Blocksize strategy selection process: -0.031226 --> -0.030698, len_BS = 4716
Blocksize strategy selection process: -0.031213 --> -0.030698, len_BS = 4716
Blocksize strategy selection process: -0.031173 --> -0.030698, len_BS = 4716
Blocksize strategy selection process: -0.031168 --> -0.030698, len_BS = 4716
Blocksize strategy selection process: -0.031160 --> -0.030698, len_BS = 4716
Blocksize strategy selection process: -0.031135 --> -0.030698, len_BS = 4716
Blocksize strategy selection process: -0.031134 --> -0.030698, len_BS = 4716
Blocksize strategy selection process: -0.031130 --> -0.030698, len_BS = 4716
Blocksize strategy selection process: -0.031118 --> -0.030698, len_BS = 4716
Blocksize strategy selection process: -0.031093 --> -0.030698, len_BS = 4716
Blocksize strategy selection process: -0.031091 --> -0.030698, len_BS = 4716
Blocksize strategy selection process: -0.031088 --> -0.030698, len_BS = 4716
Blocksize strategy selection process: -0.031014 --> -0.030698, len_BS = 4716
Blocksize strategy selection process: -0.030999 --> -0.030698, len_BS = 4716
Blocksize strategy selection process: -0.030978 --> -0.030698, len_BS = 4716
Blocksize strategy selection process: -0.030944 --> -0.030698, len_BS = 4716
Blocksize strategy selection process: -0.030912 --> -0.030698, len_BS = 4716
Blocksize strategy selection process: -0.030894 --> -0.030698, len_BS = 4716
Blocksize strategy selection process: -0.030864 --> -0.030698, len_BS = 4716
Blocksize strategy selection process: -0.030863 --> -0.030698, len_BS = 4716
Blocksize strategy selection process: -0.030862 --> -0.030698, len_BS = 4716
Blocksize strategy selection process: -0.030861 --> -0.030698, len_BS = 4716
Blocksize strategy selection process: -0.030860 --> -0.030698, len_BS = 4716
Blocksize strategy selection process: -0.030859 --> -0.030698, len_BS = 4716
Blocksize strategy selection process: -0.030858 --> -0.030698, len_BS = 4716
Blocksize strategy selection process: -0.030857 --> -0.030698, len_BS = 4716
Blocksize strategy selection process: -0.030856 --> -0.030698, len_BS = 4716
Blocksize strategy selection process: -0.030855 --> -0.030698, len_BS = 4716
Blocksize strategy selection process: -0.030841 --> -0.030698, len_BS = 4716
Blocksize strategy selection process: -0.030840 --> -0.030698, len_BS = 4716
Blocksize strategy selection process: -0.030839 --> -0.030698, len_BS = 4716
Blocksize strategy selection process: -0.030838 --> -0.030698, len_BS = 4716
Blocksize strategy selection process: -0.030837 --> -0.030698, len_BS = 4716
Blocksize strategy selection process: -0.030836 --> -0.030698, len_BS = 4716
Blocksize strategy selection process: -0.030835 --> -0.030698, len_BS = 4716
Blocksize strategy selection process: -0.030834 --> -0.030698, len_BS = 4716
Blocksize strategy selection process: -0.030833 --> -0.030698, len_BS = 4716
Blocksize strategy selection process: -0.030832 --> -0.030698, len_BS = 4716
Blocksize strategy selection process: -0.030831 --> -0.030698, len_BS = 4716
Blocksize strategy selection process: -0.030830 --> -0.030698, len_BS = 4716
Blocksize strategy selection process: -0.030829 --> -0.030698, len_BS = 4716
Blocksize strategy selection process: -0.030817 --> -0.030698, len_BS = 4716
Blocksize strategy selection process: -0.030816 --> -0.030698, len_BS = 4716
Blocksize strategy selection process: -0.030815 --> -0.030698, len_BS = 4716
Blocksize strategy selection process: -0.030814 --> -0.030698, len_BS = 4716
Blocksize strategy selection process: -0.030813 --> -0.030698, len_BS = 4716
Blocksize strategy selection process: -0.030812 --> -0.030698, len_BS = 4716
Blocksize strategy selection process: -0.030811 --> -0.030698, len_BS = 4716
Blocksize strategy selection process: -0.030810 --> -0.030698, len_BS = 4716
Blocksize strategy selection process: -0.030809 --> -0.030698, len_BS = 4716
Blocksize strategy selection process: -0.030808 --> -0.030698, len_BS = 4716
Blocksize strategy selection process: -0.030807 --> -0.030698, len_BS = 4716
Blocksize strategy selection process: -0.030795 --> -0.030698, len_BS = 4716
Blocksize strategy selection process: -0.030794 --> -0.030698, len_BS = 4716
Blocksize strategy selection process: -0.030793 --> -0.030698, len_BS = 4716
Blocksize strategy selection process: -0.030792 --> -0.030698, len_BS = 4716
Blocksize strategy selection process: -0.030791 --> -0.030698, len_BS = 4716
Blocksize strategy selection process: -0.030790 --> -0.030698, len_BS = 4716
Blocksize strategy selection process: -0.030789 --> -0.030698, len_BS = 4716
Blocksize strategy selection process: -0.030788 --> -0.030698, len_BS = 4716
Blocksize strategy selection process: -0.030787 --> -0.030698, len_BS = 4716
Blocksize strategy selection process: -0.030776 --> -0.030698, len_BS = 4716
Blocksize strategy selection process: -0.030775 --> -0.030698, len_BS = 4716
Blocksize strategy selection process: -0.030774 --> -0.030698, len_BS = 4716
Blocksize strategy selection process: -0.030773 --> -0.030698, len_BS = 4716
Blocksize strategy selection process: -0.030772 --> -0.030698, len_BS = 4716
Blocksize strategy selection process: -0.030771 --> -0.030698, len_BS = 4716
Blocksize strategy selection process: -0.030770 --> -0.030698, len_BS = 4716
Blocksize strategy selection process: -0.030769 --> -0.030698, len_BS = 4716
Blocksize strategy selection process: -0.030768 --> -0.030698, len_BS = 4716
Blocksize strategy selection process: -0.030767 --> -0.030698, len_BS = 4716
Blocksize strategy selection process: -0.030758 --> -0.030698, len_BS = 4716
Blocksize strategy selection process: -0.030757 --> -0.030698, len_BS = 4716
Blocksize strategy selection process: -0.030756 --> -0.030698, len_BS = 4716
Blocksize strategy selection process: -0.030755 --> -0.030698, len_BS = 4716
Blocksize strategy selection process: -0.030754 --> -0.030698, len_BS = 4716
Blocksize strategy selection process: -0.030753 --> -0.030698, len_BS = 4716
Blocksize strategy selection process: -0.030752 --> -0.030698, len_BS = 4716
Blocksize strategy selection process: -0.030751 --> -0.030698, len_BS = 4716
Blocksize strategy selection process: -0.030742 --> -0.030698, len_BS = 4716
Blocksize strategy selection process: -0.030741 --> -0.030698, len_BS = 4716
Blocksize strategy selection process: -0.030740 --> -0.030698, len_BS = 4716
Blocksize strategy selection process: -0.030739 --> -0.030698, len_BS = 4716
Blocksize strategy selection process: -0.030738 --> -0.030698, len_BS = 4716
Blocksize strategy selection process: -0.030737 --> -0.030698, len_BS = 4716
Blocksize strategy selection process: -0.030736 --> -0.030698, len_BS = 4716
Blocksize strategy selection process: -0.030729 --> -0.030698, len_BS = 4716
Blocksize strategy selection process: -0.030728 --> -0.030698, len_BS = 4716
Blocksize strategy selection process: -0.030727 --> -0.030698, len_BS = 4716
Blocksize strategy selection process: -0.030726 --> -0.030698, len_BS = 4716
Blocksize strategy selection process: -0.030725 --> -0.030698, len_BS = 4716
Blocksize strategy selection process: -0.030724 --> -0.030698, len_BS = 4716
Blocksize strategy selection process: -0.030718 --> -0.030698, len_BS = 4716
Blocksize strategy selection process: -0.030717 --> -0.030698, len_BS = 4716
Blocksize strategy selection process: -0.030716 --> -0.030698, len_BS = 4716
Blocksize strategy selection process: -0.030715 --> -0.030698, len_BS = 4716
Blocksize strategy selection process: -0.030714 --> -0.030698, len_BS = 4716
Blocksize strategy selection process: -0.030713 --> -0.030698, len_BS = 4716
Blocksize strategy selection process: -0.030712 --> -0.030698, len_BS = 4716
Blocksize strategy selection process: -0.030711 --> -0.030698, len_BS = 4716
Blocksize strategy selection process: -0.030707 --> -0.030698, len_BS = 4716
Blocksize strategy selection process: -0.030706 --> -0.030698, len_BS = 4716
Blocksize strategy selection process: -0.030705 --> -0.030698, len_BS = 4716
Blocksize strategy selection process: -0.030704 --> -0.030698, len_BS = 4716
Blocksize strategy selection process: -0.030703 --> -0.030698, len_BS = 4716
Blocksize strategy selection process: -0.030701 --> -0.030698, len_BS = 4716
Blocksize strategy selection process: -0.030700 --> -0.030698, len_BS = 4716
Blocksize strategy selection process: -0.030699 --> -0.030698, len_BS = 4716
Blocksize strategy selection process: -0.030698 --> -0.030698, len_BS = 4716
len(BS) = 4716
Time cost for generating Strategy: 339.947024 s
[15.091855341868055,15.05844617617154,15.025035472433405,14.991620986179957,14.958200448835111,14.924771566692101,14.891332019847425,14.857879461095408,14.824411514781666,14.790925775613662,14.757419807426512,14.723891141902115,14.690337277239731,14.656755676775894,14.62314376755177,14.589498938825773,14.555818540529518,14.522099881664985,14.488340228640936,14.454536803546642,14.420686782361152,14.3867872930964,14.35283541387276,14.318828170925915,14.28476253654432,14.25063542693701,14.216443700032201,14.182184153207977,14.147853520957295,14.113448472491037,14.078965609284317,14.044444990322724,14.010060659458933,13.97567920510959,13.941270203309571,13.906787687474935,13.872214425082092,13.837552886678498,13.80278765248768,13.76795918341412,13.733012846814773,13.697970873667572,13.662791772752698,13.627533583302945,13.592139299398553,13.556621873516775,13.52096977516305,13.485193542095175,13.449286482702764,13.413232482888109,13.377049038795658,13.340710809876093,13.304229042986435,13.267578167610537,13.230784092479258,13.193828207553707,13.15670255734766,13.119395263727164,13.081912339863965,13.04426915113902,13.006444138566515,12.968464795245893,12.930282104333887,12.891912141202873,12.853357977477014,12.814595815040452,12.775659037091277,12.736502730319469,12.697154918695421,12.657625619945186,12.617895948529629,12.577952711829397,12.537818645218863,12.497516218390153,12.457184043231926,12.416961190382711,12.392548302802098,12.368000845834402,12.343317131971428,12.318495440418335,12.293534016198613,12.268431069228724,12.243184773361177,12.21779326539473,12.19225464405041,12.16656696891187,12.140728259328696,12.114736493281034,12.088589606203936,12.062285489769758,12.035821990626788,12.009196909092221,11.982407997797589,11.955452960284504,11.928329449548626,11.90103506652955,11.87356735854426,11.845923817661674,11.81810187901559,11.790098919053413,11.761912253717679,11.733539136557386,11.70497675676599,11.676222237142685,11.647272631973506,11.618124924828566,11.588776026271589,11.559222771477678,11.529461917755086,11.499490141966529,11.469304037845388,11.43890011320188,11.40827478701406,11.377424386398317,11.34634514345367,11.315033191974011,11.283484564022107,11.25169518635892,11.219660876721525,11.187377339942605,11.154840163904213,11.122044815318226,11.088986635325599,11.055660834906277,11.022062490091345,10.988186536968755,10.954027766473747,10.919580818954909,10.884840178506682,10.84980016705903,10.814454938215027,10.77879847082721,10.742824562303728,10.70652682163583,10.66989866213863,10.632933293898123,10.595623715918306,10.557962707963952,10.519942822096356,10.481556373901915,10.44279543341651,10.403651815752664,10.364117071441328,10.324182476506499,10.283839022298427,10.243077405120875,10.201888015699728,10.160260928554905,10.11818589135574,10.07565231436244,10.032649260083982,9.989165433317247,9.945189171774627,9.906062350717914,9.888305167786733,9.85427464819925,9.816504857417412,9.773053629358987,9.727409286865031,9.681978075150061,9.634561954917924,9.592018830149733,9.542692655404231,9.495983023418821,9.444074334847974,9.399167344142999,9.347169536772867,9.296628789649558,9.244546649718487,9.193625981524573,9.141758110538593,9.087777379209847,9.035801733226462,8.980579755398761,8.926586356158447,8.869304245460759,8.815039800173004,8.758343120346314,8.700506105919398,8.64103831573659,8.58212850226353,8.524933000405277,8.464925478431189,8.408117783839872,8.345126686778753,8.283909512928997,8.222882876632337,8.158744871489503,8.098505001002074,8.032566177868683,7.969854774271441,7.90818404612651,7.844008909541443,7.778010708111171,7.71459539244344,7.653753018997412,7.609791547637967,7.582906016488566]
MinStrategy is: [74, 102, 117, 123] + pump(33,165,23) , ['74 * 1 (-0.051721) , cost = 2389.2034 s', '102 * 1 (-0.041802) , cost = 6407.7829 s', '117 * 1 (-0.037126) , cost = 10777.1302 s', '123 * 1 (-0.035635) , cost = 26575.5271 s'] + pump(33,165,23)
[74,102,117,123]
Time cost for pnj-BKZ = 12.82 h,
Time cost for pump = 26.78 h,
Total time cost = 39.60 h.
