New Strategy:
n = 40, alpha = 0.035, q = 1601, jump = 1, goal_margin = 1.50, MAX_TIME = inf h
[14.756767425993429, 14.756767425993429, 14.756767425993429, 14.756767425993429, 14.756767425993429, 14.756767425993429, 14.756767425993429, 14.756767425993429, 14.756767425993429, 14.756767425993429, 14.756767425993429, 14.756767425993429, 14.756767425993429, 14.756767425993429, 14.756767425993429, 14.756767425993429, 14.756767425993429, 14.756767425993429, 14.756767425993429, 14.756767425993429, 14.756767425993429, 14.756767425993429, 14.756767425993429, 14.756767425993429, 14.756767425993429, 14.756767425993429, 14.756767425993429, 14.756767425993429, 14.756767425993429, 14.756767425993429, 14.756767425993429, 14.756767425993429, 14.756767425993429, 14.756767425993429, 14.756767425993429, 14.756767425993429, 14.756767425993429, 14.756767425993429, 14.756767425993429, 14.756767425993429, 14.756767425993429, 14.756767425993429, 14.756767425993429, 14.756767425993429, 14.756767425993429, 14.756767425993429, 14.756767425993429, 14.756767425993429, 14.756767425993429, 14.756767425993429, 14.756767425993429, 14.756767425993429, 14.756767425993429, 14.756767425993429, 14.756767425993429, 14.756767425993429, 14.756767425993429, 14.756767425993429, 14.756767425993429, 14.756767425993429, 14.756767425993429, 14.756767425993429, 14.756767425993429, 14.756767425993429, 14.756767425993429, 14.756767425993429, 14.756767425993429, 14.756767425993429, 14.756767425993429, 14.756767425993429, 14.756767425993429, 14.756767425993429, 14.756767425993429, 14.756767425993429, 14.756767425993429, 14.635185097570977, 14.619260511623663, 14.637283449419739, 14.642149137920295, 14.66368197358027, 14.631068833267856, 14.527144831548807, 14.595370120615671, 14.36797441177357, 14.367971814734666, 14.121704278993763, 14.139186944713405, 14.063424478709964, 13.916833649324662, 13.793487431332476, 13.66433050503736, 13.780708730877347, 13.744986109482033, 13.620567952933692, 13.420369826063347, 13.402820326666838, 13.288936355425228, 13.218072051380243, 13.174984544944438, 13.025579798745156, 13.004794224207203, 12.953777179533457, 12.776085009718287, 12.624170918142712, 12.63935130614496, 12.563979231746448, 12.500062757661789, 12.485904340137155, 12.337950667037473, 12.168454892190057, 12.057553818313712, 12.07528740838021, 11.905178792839441, 11.887839699778102, 11.751653026645522, 11.563486043046671, 11.564273905998881, 11.521974661838057, 11.309521086916503, 11.121087278616475, 11.070536137427434, 11.192388745814684, 11.144596989244745, 10.998148843868458, 10.822901002260108, 10.654392032571298, 10.631288487774128, 10.687007435836458, 10.431033635530028, 10.281405386103215, 10.187543262917252, 10.028993400315308, 10.141659174520116, 9.96043402731892, 9.766222347681197, 9.794305074919578, 9.650296671774871, 9.657005762733496, 9.450974845611944, 9.239770660770832, 9.123962118958081, 9.1268548653282, 8.909521489189244, 9.014090206021073, 9.022996180402979, 8.857177439932913, 8.666323300387708, 8.681830296983271, 8.551054340161503, 8.495951831631297, 8.298141897291119, 8.449956523660196, 8.374542670740311, 8.244361757461824, 8.172119358822918, 8.200104518416962, 8.2637777416859, 8.005338572752958, 7.9964195895959085, 7.803555919558011, 7.660236789628177, 7.507836051018501, 7.3017223968546725, 7.27182151659725, 7.232822949407097, 7.154602985193645, 7.1993911037613705, 6.970659148977306, 6.828357617109804, 6.75393662295663, 6.754037125978606, 6.510634873826413, 6.677778899507595, 6.440495647958602, 6.415978827255177, 6.375743192940511, 6.227709009228276, 6.173690466551931, 6.119303695408693, 5.965570286365772, 5.887006829421571, 5.7483929103176195, 5.656637208547167, 5.5647056708961085, 5.459339391450562, 5.407654066458239, 5.479223744192197, 5.305305009351171, 5.3514399975015055, 5.266572318886278, 5.252698889512137, 5.236690653930539, 5.142453990492409, 5.149856517850938, 5.0743423989740855, 4.968253404607696, 4.880805229265941]
Blocksize strategy selection process: -0.056188 --> -0.056188, len_BS = 1
Blocksize strategy selection process: -0.044928 --> -0.030785, len_BS = 104
Blocksize strategy selection process: -0.044744 --> -0.030783, len_BS = 154
Blocksize strategy selection process: -0.044559 --> -0.030783, len_BS = 206
Blocksize strategy selection process: -0.044376 --> -0.030783, len_BS = 257
Blocksize strategy selection process: -0.044192 --> -0.030783, len_BS = 314
Blocksize strategy selection process: -0.040656 --> -0.030783, len_BS = 364
Blocksize strategy selection process: -0.040544 --> -0.030783, len_BS = 401
Blocksize strategy selection process: -0.040481 --> -0.030783, len_BS = 454
Blocksize strategy selection process: -0.040429 --> -0.030783, len_BS = 495
Blocksize strategy selection process: -0.040368 --> -0.030783, len_BS = 535
Blocksize strategy selection process: -0.040315 --> -0.030783, len_BS = 566
Blocksize strategy selection process: -0.040308 --> -0.030783, len_BS = 608
Blocksize strategy selection process: -0.040256 --> -0.030783, len_BS = 608
Blocksize strategy selection process: -0.040201 --> -0.030783, len_BS = 643
Blocksize strategy selection process: -0.040196 --> -0.030783, len_BS = 674
Blocksize strategy selection process: -0.040142 --> -0.030783, len_BS = 674
Blocksize strategy selection process: -0.039425 --> -0.030783, len_BS = 707
Blocksize strategy selection process: -0.039337 --> -0.030783, len_BS = 749
Blocksize strategy selection process: -0.038332 --> -0.030783, len_BS = 793
Blocksize strategy selection process: -0.038290 --> -0.030783, len_BS = 812
Blocksize strategy selection process: -0.038214 --> -0.030783, len_BS = 851
Blocksize strategy selection process: -0.038174 --> -0.030783, len_BS = 903
Blocksize strategy selection process: -0.038134 --> -0.030783, len_BS = 937
Blocksize strategy selection process: -0.037533 --> -0.030783, len_BS = 972
Blocksize strategy selection process: -0.037507 --> -0.030783, len_BS = 946
Blocksize strategy selection process: -0.037496 --> -0.030782, len_BS = 984
Blocksize strategy selection process: -0.037433 --> -0.030782, len_BS = 1012
Blocksize strategy selection process: -0.037408 --> -0.030782, len_BS = 1070
Blocksize strategy selection process: -0.037398 --> -0.030782, len_BS = 1117
Blocksize strategy selection process: -0.037384 --> -0.030782, len_BS = 1154
Blocksize strategy selection process: -0.037316 --> -0.030782, len_BS = 1187
Blocksize strategy selection process: -0.037296 --> -0.030782, len_BS = 1234
Blocksize strategy selection process: -0.037037 --> -0.030782, len_BS = 1282
Blocksize strategy selection process: -0.036529 --> -0.030782, len_BS = 1288
Blocksize strategy selection process: -0.036509 --> -0.030782, len_BS = 1029
Blocksize strategy selection process: -0.036500 --> -0.030782, len_BS = 1064
Blocksize strategy selection process: -0.036489 --> -0.030782, len_BS = 1081
Blocksize strategy selection process: -0.036481 --> -0.030782, len_BS = 1110
Blocksize strategy selection process: -0.036469 --> -0.030782, len_BS = 1128
Blocksize strategy selection process: -0.036461 --> -0.030782, len_BS = 1153
Blocksize strategy selection process: -0.036450 --> -0.030782, len_BS = 1177
Blocksize strategy selection process: -0.036441 --> -0.030782, len_BS = 1205
Blocksize strategy selection process: -0.036359 --> -0.030782, len_BS = 1221
Blocksize strategy selection process: -0.036343 --> -0.030782, len_BS = 1246
Blocksize strategy selection process: -0.036140 --> -0.030782, len_BS = 1277
Blocksize strategy selection process: -0.036135 --> -0.030782, len_BS = 1290
Blocksize strategy selection process: -0.036121 --> -0.030782, len_BS = 1302
Blocksize strategy selection process: -0.036116 --> -0.030782, len_BS = 1334
Blocksize strategy selection process: -0.036111 --> -0.030782, len_BS = 1349
Blocksize strategy selection process: -0.036037 --> -0.030782, len_BS = 1360
Blocksize strategy selection process: -0.036033 --> -0.030782, len_BS = 1396
Blocksize strategy selection process: -0.036032 --> -0.030782, len_BS = 1406
Blocksize strategy selection process: -0.036021 --> -0.030782, len_BS = 1410
Blocksize strategy selection process: -0.036018 --> -0.030782, len_BS = 1441
Blocksize strategy selection process: -0.036016 --> -0.030782, len_BS = 1451
Blocksize strategy selection process: -0.036015 --> -0.030782, len_BS = 1454
Blocksize strategy selection process: -0.036009 --> -0.030782, len_BS = 1456
Blocksize strategy selection process: -0.036006 --> -0.030782, len_BS = 1474
Blocksize strategy selection process: -0.035948 --> -0.030782, len_BS = 1480
Blocksize strategy selection process: -0.035945 --> -0.030782, len_BS = 1514
Blocksize strategy selection process: -0.035943 --> -0.030782, len_BS = 1520
Blocksize strategy selection process: -0.035932 --> -0.030782, len_BS = 1523
Blocksize strategy selection process: -0.035929 --> -0.030782, len_BS = 1554
Blocksize strategy selection process: -0.035928 --> -0.030782, len_BS = 1559
Blocksize strategy selection process: -0.035926 --> -0.030782, len_BS = 1563
Blocksize strategy selection process: -0.035921 --> -0.030782, len_BS = 1565
Blocksize strategy selection process: -0.035918 --> -0.030782, len_BS = 1582
Blocksize strategy selection process: -0.035859 --> -0.030782, len_BS = 1586
Blocksize strategy selection process: -0.035855 --> -0.030782, len_BS = 1612
Blocksize strategy selection process: -0.035854 --> -0.030782, len_BS = 1620
Blocksize strategy selection process: -0.035844 --> -0.030782, len_BS = 1624
Blocksize strategy selection process: -0.035797 --> -0.030782, len_BS = 1648
Blocksize strategy selection process: -0.035795 --> -0.030782, len_BS = 1682
Blocksize strategy selection process: -0.035794 --> -0.030782, len_BS = 1690
Blocksize strategy selection process: -0.035792 --> -0.030782, len_BS = 1691
Blocksize strategy selection process: -0.035791 --> -0.030782, len_BS = 1693
Blocksize strategy selection process: -0.035790 --> -0.030782, len_BS = 1696
Blocksize strategy selection process: -0.035789 --> -0.030782, len_BS = 1696
Blocksize strategy selection process: -0.035787 --> -0.030782, len_BS = 1697
Blocksize strategy selection process: -0.035786 --> -0.030782, len_BS = 1700
Blocksize strategy selection process: -0.035776 --> -0.030782, len_BS = 1703
Blocksize strategy selection process: -0.035775 --> -0.030782, len_BS = 1727
Blocksize strategy selection process: -0.035712 --> -0.030782, len_BS = 1732
Blocksize strategy selection process: -0.035709 --> -0.030782, len_BS = 1764
Blocksize strategy selection process: -0.035708 --> -0.030782, len_BS = 1768
Blocksize strategy selection process: -0.035707 --> -0.030782, len_BS = 1769
Blocksize strategy selection process: -0.035706 --> -0.030782, len_BS = 1773
Blocksize strategy selection process: -0.035705 --> -0.030782, len_BS = 1775
Blocksize strategy selection process: -0.035704 --> -0.030782, len_BS = 1781
Blocksize strategy selection process: -0.035702 --> -0.030782, len_BS = 1782
Blocksize strategy selection process: -0.035701 --> -0.030782, len_BS = 1786
Blocksize strategy selection process: -0.035692 --> -0.030782, len_BS = 1789
Blocksize strategy selection process: -0.035690 --> -0.030782, len_BS = 1805
Blocksize strategy selection process: -0.035627 --> -0.030782, len_BS = 1813
Blocksize strategy selection process: -0.035624 --> -0.030782, len_BS = 1842
Blocksize strategy selection process: -0.035623 --> -0.030782, len_BS = 1843
Blocksize strategy selection process: -0.035622 --> -0.030782, len_BS = 1844
Blocksize strategy selection process: -0.035621 --> -0.030782, len_BS = 1849
Blocksize strategy selection process: -0.035620 --> -0.030782, len_BS = 1849
Blocksize strategy selection process: -0.035619 --> -0.030782, len_BS = 1852
Blocksize strategy selection process: -0.035617 --> -0.030782, len_BS = 1854
Blocksize strategy selection process: -0.035607 --> -0.030782, len_BS = 1858
Blocksize strategy selection process: -0.035605 --> -0.030782, len_BS = 1869
Blocksize strategy selection process: -0.035541 --> -0.030782, len_BS = 1872
Blocksize strategy selection process: -0.035539 --> -0.030782, len_BS = 1892
Blocksize strategy selection process: -0.035538 --> -0.030782, len_BS = 1894
Blocksize strategy selection process: -0.035537 --> -0.030782, len_BS = 1896
Blocksize strategy selection process: -0.035536 --> -0.030782, len_BS = 1896
Blocksize strategy selection process: -0.035534 --> -0.030782, len_BS = 1898
Blocksize strategy selection process: -0.035533 --> -0.030782, len_BS = 1900
Blocksize strategy selection process: -0.035532 --> -0.030782, len_BS = 1903
Blocksize strategy selection process: -0.035531 --> -0.030782, len_BS = 1905
Blocksize strategy selection process: -0.035522 --> -0.030782, len_BS = 1909
Blocksize strategy selection process: -0.035520 --> -0.030782, len_BS = 1924
Blocksize strategy selection process: -0.035455 --> -0.030782, len_BS = 1927
Blocksize strategy selection process: -0.035453 --> -0.030782, len_BS = 1960
Blocksize strategy selection process: -0.035452 --> -0.030782, len_BS = 1967
Blocksize strategy selection process: -0.035450 --> -0.030782, len_BS = 1968
Blocksize strategy selection process: -0.035448 --> -0.030782, len_BS = 1970
Blocksize strategy selection process: -0.035447 --> -0.030782, len_BS = 1970
Blocksize strategy selection process: -0.035446 --> -0.030782, len_BS = 1972
Blocksize strategy selection process: -0.035445 --> -0.030782, len_BS = 1972
Blocksize strategy selection process: -0.035436 --> -0.030782, len_BS = 1974
Blocksize strategy selection process: -0.035435 --> -0.030782, len_BS = 1992
Blocksize strategy selection process: -0.035369 --> -0.030782, len_BS = 1993
Blocksize strategy selection process: -0.035367 --> -0.030782, len_BS = 2022
Blocksize strategy selection process: -0.035366 --> -0.030782, len_BS = 2027
Blocksize strategy selection process: -0.035364 --> -0.030782, len_BS = 2029
Blocksize strategy selection process: -0.035362 --> -0.030782, len_BS = 2033
Blocksize strategy selection process: -0.035360 --> -0.030782, len_BS = 2037
Blocksize strategy selection process: -0.035359 --> -0.030782, len_BS = 2039
Blocksize strategy selection process: -0.035351 --> -0.030782, len_BS = 2042
Blocksize strategy selection process: -0.035349 --> -0.030782, len_BS = 2051
Blocksize strategy selection process: -0.035283 --> -0.030782, len_BS = 2055
Blocksize strategy selection process: -0.035281 --> -0.030782, len_BS = 2083
Blocksize strategy selection process: -0.035280 --> -0.030782, len_BS = 2087
Blocksize strategy selection process: -0.035279 --> -0.030782, len_BS = 2087
Blocksize strategy selection process: -0.035278 --> -0.030782, len_BS = 2088
Blocksize strategy selection process: -0.035277 --> -0.030782, len_BS = 2090
Blocksize strategy selection process: -0.035276 --> -0.030782, len_BS = 2091
Blocksize strategy selection process: -0.035275 --> -0.030782, len_BS = 2092
Blocksize strategy selection process: -0.035274 --> -0.030782, len_BS = 2094
Blocksize strategy selection process: -0.035265 --> -0.030782, len_BS = 2096
Blocksize strategy selection process: -0.035264 --> -0.030782, len_BS = 2109
Blocksize strategy selection process: -0.035094 --> -0.030782, len_BS = 2111
Blocksize strategy selection process: -0.035023 --> -0.030782, len_BS = 2079
Blocksize strategy selection process: -0.035021 --> -0.030782, len_BS = 2092
Blocksize strategy selection process: -0.035019 --> -0.030782, len_BS = 2094
Blocksize strategy selection process: -0.035018 --> -0.030782, len_BS = 2095
Blocksize strategy selection process: -0.035017 --> -0.030782, len_BS = 2096
Blocksize strategy selection process: -0.035016 --> -0.030782, len_BS = 2099
Blocksize strategy selection process: -0.035015 --> -0.030782, len_BS = 2099
Blocksize strategy selection process: -0.035007 --> -0.030782, len_BS = 2100
Blocksize strategy selection process: -0.035006 --> -0.030782, len_BS = 2108
Blocksize strategy selection process: -0.034987 --> -0.030782, len_BS = 2108
Blocksize strategy selection process: -0.034937 --> -0.030782, len_BS = 2126
Blocksize strategy selection process: -0.034935 --> -0.030782, len_BS = 2137
Blocksize strategy selection process: -0.034934 --> -0.030782, len_BS = 2139
Blocksize strategy selection process: -0.034920 --> -0.030782, len_BS = 2140
Blocksize strategy selection process: -0.034901 --> -0.030782, len_BS = 2151
Blocksize strategy selection process: -0.034900 --> -0.030782, len_BS = 2165
Blocksize strategy selection process: -0.034899 --> -0.030782, len_BS = 2165
Blocksize strategy selection process: -0.034898 --> -0.030782, len_BS = 2169
Blocksize strategy selection process: -0.034891 --> -0.030782, len_BS = 2170
Blocksize strategy selection process: -0.034890 --> -0.030782, len_BS = 2177
Blocksize strategy selection process: -0.034889 --> -0.030782, len_BS = 2177
Blocksize strategy selection process: -0.034888 --> -0.030782, len_BS = 2177
Blocksize strategy selection process: -0.034881 --> -0.030782, len_BS = 2179
Blocksize strategy selection process: -0.034880 --> -0.030782, len_BS = 2184
Blocksize strategy selection process: -0.034879 --> -0.030782, len_BS = 2186
Blocksize strategy selection process: -0.034871 --> -0.030782, len_BS = 2187
Blocksize strategy selection process: -0.034870 --> -0.030782, len_BS = 2197
Blocksize strategy selection process: -0.034868 --> -0.030782, len_BS = 2197
Blocksize strategy selection process: -0.034867 --> -0.030782, len_BS = 2199
Blocksize strategy selection process: -0.034866 --> -0.030782, len_BS = 2199
Blocksize strategy selection process: -0.034815 --> -0.030782, len_BS = 2201
Blocksize strategy selection process: -0.034813 --> -0.030782, len_BS = 2212
Blocksize strategy selection process: -0.034812 --> -0.030782, len_BS = 2216
Blocksize strategy selection process: -0.034762 --> -0.030782, len_BS = 2216
Blocksize strategy selection process: -0.034761 --> -0.030782, len_BS = 2231
Blocksize strategy selection process: -0.034760 --> -0.030782, len_BS = 2232
Blocksize strategy selection process: -0.034759 --> -0.030782, len_BS = 2232
Blocksize strategy selection process: -0.034758 --> -0.030782, len_BS = 2233
Blocksize strategy selection process: -0.034757 --> -0.030782, len_BS = 2234
Blocksize strategy selection process: -0.034749 --> -0.030782, len_BS = 2234
Blocksize strategy selection process: -0.034730 --> -0.030782, len_BS = 2241
Blocksize strategy selection process: -0.034729 --> -0.030782, len_BS = 2255
Blocksize strategy selection process: -0.034728 --> -0.030782, len_BS = 2256
Blocksize strategy selection process: -0.034727 --> -0.030782, len_BS = 2257
Blocksize strategy selection process: -0.034677 --> -0.030782, len_BS = 2257
Blocksize strategy selection process: -0.034675 --> -0.030782, len_BS = 2271
Blocksize strategy selection process: -0.034674 --> -0.030782, len_BS = 2272
Blocksize strategy selection process: -0.034673 --> -0.030782, len_BS = 2274
Blocksize strategy selection process: -0.034672 --> -0.030782, len_BS = 2274
Blocksize strategy selection process: -0.034642 --> -0.030782, len_BS = 2275
Blocksize strategy selection process: -0.034591 --> -0.030782, len_BS = 2292
Blocksize strategy selection process: -0.034589 --> -0.030782, len_BS = 2304
Blocksize strategy selection process: -0.034588 --> -0.030782, len_BS = 2304
Blocksize strategy selection process: -0.034558 --> -0.030782, len_BS = 2305
Blocksize strategy selection process: -0.034557 --> -0.030782, len_BS = 2326
Blocksize strategy selection process: -0.034556 --> -0.030782, len_BS = 2329
Blocksize strategy selection process: -0.034550 --> -0.030782, len_BS = 2329
Blocksize strategy selection process: -0.034549 --> -0.030782, len_BS = 2332
Blocksize strategy selection process: -0.034548 --> -0.030782, len_BS = 2332
Blocksize strategy selection process: -0.034547 --> -0.030782, len_BS = 2333
Blocksize strategy selection process: -0.034541 --> -0.030782, len_BS = 2335
Blocksize strategy selection process: -0.034540 --> -0.030782, len_BS = 2342
Blocksize strategy selection process: -0.034539 --> -0.030782, len_BS = 2342
Blocksize strategy selection process: -0.034538 --> -0.030782, len_BS = 2344
Blocksize strategy selection process: -0.034532 --> -0.030782, len_BS = 2345
Blocksize strategy selection process: -0.034531 --> -0.030782, len_BS = 2350
Blocksize strategy selection process: -0.034529 --> -0.030782, len_BS = 2350
Blocksize strategy selection process: -0.034528 --> -0.030782, len_BS = 2351
Blocksize strategy selection process: -0.034527 --> -0.030782, len_BS = 2351
Blocksize strategy selection process: -0.034520 --> -0.030782, len_BS = 2354
Blocksize strategy selection process: -0.034519 --> -0.030782, len_BS = 2359
Blocksize strategy selection process: -0.034518 --> -0.030782, len_BS = 2360
Blocksize strategy selection process: -0.034416 --> -0.030782, len_BS = 2360
Blocksize strategy selection process: -0.034415 --> -0.030782, len_BS = 2363
Blocksize strategy selection process: -0.034414 --> -0.030782, len_BS = 2365
Blocksize strategy selection process: -0.034413 --> -0.030782, len_BS = 2365
Blocksize strategy selection process: -0.034412 --> -0.030782, len_BS = 2365
Blocksize strategy selection process: -0.034405 --> -0.030782, len_BS = 2365
Blocksize strategy selection process: -0.034332 --> -0.030782, len_BS = 2370
Blocksize strategy selection process: -0.034331 --> -0.030782, len_BS = 2377
Blocksize strategy selection process: -0.034330 --> -0.030782, len_BS = 2377
Blocksize strategy selection process: -0.034329 --> -0.030782, len_BS = 2377
Blocksize strategy selection process: -0.034328 --> -0.030782, len_BS = 2378
Blocksize strategy selection process: -0.034325 --> -0.030782, len_BS = 2379
Blocksize strategy selection process: -0.034302 --> -0.030782, len_BS = 2382
Blocksize strategy selection process: -0.034301 --> -0.030782, len_BS = 2397
Blocksize strategy selection process: -0.034300 --> -0.030782, len_BS = 2397
Blocksize strategy selection process: -0.034241 --> -0.030782, len_BS = 2397
Blocksize strategy selection process: -0.034240 --> -0.030782, len_BS = 2407
Blocksize strategy selection process: -0.034239 --> -0.030782, len_BS = 2409
Blocksize strategy selection process: -0.034158 --> -0.030782, len_BS = 2411
Blocksize strategy selection process: -0.034157 --> -0.030782, len_BS = 2413
Blocksize strategy selection process: -0.034156 --> -0.030782, len_BS = 2413
Blocksize strategy selection process: -0.034155 --> -0.030782, len_BS = 2413
Blocksize strategy selection process: -0.034154 --> -0.030782, len_BS = 2414
Blocksize strategy selection process: -0.034125 --> -0.030782, len_BS = 2414
Blocksize strategy selection process: -0.034124 --> -0.030782, len_BS = 2426
Blocksize strategy selection process: -0.034072 --> -0.030782, len_BS = 2427
Blocksize strategy selection process: -0.034071 --> -0.030782, len_BS = 2440
Blocksize strategy selection process: -0.034070 --> -0.030782, len_BS = 2441
Blocksize strategy selection process: -0.034047 --> -0.030782, len_BS = 2441
Blocksize strategy selection process: -0.034039 --> -0.030782, len_BS = 2457
Blocksize strategy selection process: -0.034032 --> -0.030782, len_BS = 2459
Blocksize strategy selection process: -0.034022 --> -0.030782, len_BS = 2465
Blocksize strategy selection process: -0.034021 --> -0.030782, len_BS = 2469
Blocksize strategy selection process: -0.034015 --> -0.030782, len_BS = 2470
Blocksize strategy selection process: -0.034014 --> -0.030782, len_BS = 2472
Blocksize strategy selection process: -0.034000 --> -0.030782, len_BS = 2473
Blocksize strategy selection process: -0.033903 --> -0.030782, len_BS = 2483
Blocksize strategy selection process: -0.033902 --> -0.030782, len_BS = 2489
Blocksize strategy selection process: -0.033901 --> -0.030782, len_BS = 2490
Blocksize strategy selection process: -0.033900 --> -0.030782, len_BS = 2491
Blocksize strategy selection process: -0.033899 --> -0.030782, len_BS = 2491
Blocksize strategy selection process: -0.033898 --> -0.030782, len_BS = 2491
Blocksize strategy selection process: -0.033892 --> -0.030782, len_BS = 2493
Blocksize strategy selection process: -0.033891 --> -0.030782, len_BS = 2496
Blocksize strategy selection process: -0.033878 --> -0.030782, len_BS = 2496
Blocksize strategy selection process: -0.033877 --> -0.030782, len_BS = 2505
Blocksize strategy selection process: -0.033876 --> -0.030782, len_BS = 2505
Blocksize strategy selection process: -0.033871 --> -0.030782, len_BS = 2505
Blocksize strategy selection process: -0.033870 --> -0.030782, len_BS = 2510
Blocksize strategy selection process: -0.033869 --> -0.030782, len_BS = 2512
Blocksize strategy selection process: -0.033818 --> -0.030782, len_BS = 2513
Blocksize strategy selection process: -0.033817 --> -0.030782, len_BS = 2525
Blocksize strategy selection process: -0.033816 --> -0.030782, len_BS = 2525
Blocksize strategy selection process: -0.033815 --> -0.030782, len_BS = 2526
Blocksize strategy selection process: -0.033734 --> -0.030782, len_BS = 2527
Blocksize strategy selection process: -0.033690 --> -0.030782, len_BS = 2539
Blocksize strategy selection process: -0.033687 --> -0.030782, len_BS = 2555
Blocksize strategy selection process: -0.033681 --> -0.030782, len_BS = 2556
Blocksize strategy selection process: -0.033626 --> -0.030782, len_BS = 2559
Blocksize strategy selection process: -0.033614 --> -0.030782, len_BS = 2573
Blocksize strategy selection process: -0.033606 --> -0.030782, len_BS = 2577
Blocksize strategy selection process: -0.033537 --> -0.030782, len_BS = 2579
Blocksize strategy selection process: -0.033524 --> -0.030782, len_BS = 2593
Blocksize strategy selection process: -0.033523 --> -0.030782, len_BS = 2597
Blocksize strategy selection process: -0.033522 --> -0.030782, len_BS = 2597
Blocksize strategy selection process: -0.033516 --> -0.030782, len_BS = 2598
Blocksize strategy selection process: -0.033515 --> -0.030782, len_BS = 2601
Blocksize strategy selection process: -0.033454 --> -0.030782, len_BS = 2602
Blocksize strategy selection process: -0.033453 --> -0.030782, len_BS = 2610
Blocksize strategy selection process: -0.033448 --> -0.030782, len_BS = 2611
Blocksize strategy selection process: -0.033442 --> -0.030782, len_BS = 2613
Blocksize strategy selection process: -0.033365 --> -0.030782, len_BS = 2616
Blocksize strategy selection process: -0.033316 --> -0.030782, len_BS = 2628
Blocksize strategy selection process: -0.033313 --> -0.030782, len_BS = 2642
Blocksize strategy selection process: -0.033312 --> -0.030782, len_BS = 2644
Blocksize strategy selection process: -0.033214 --> -0.030782, len_BS = 2645
Blocksize strategy selection process: -0.033213 --> -0.030782, len_BS = 2654
Blocksize strategy selection process: -0.033208 --> -0.030782, len_BS = 2658
Blocksize strategy selection process: -0.033150 --> -0.030782, len_BS = 2659
Blocksize strategy selection process: -0.033149 --> -0.030782, len_BS = 2667
Blocksize strategy selection process: -0.033037 --> -0.030782, len_BS = 2667
Blocksize strategy selection process: -0.032956 --> -0.030782, len_BS = 2679
Blocksize strategy selection process: -0.032955 --> -0.030782, len_BS = 2693
Blocksize strategy selection process: -0.032947 --> -0.030782, len_BS = 2695
Blocksize strategy selection process: -0.032884 --> -0.030782, len_BS = 2695
Blocksize strategy selection process: -0.032881 --> -0.030782, len_BS = 2701
Blocksize strategy selection process: -0.032880 --> -0.030782, len_BS = 2702
Blocksize strategy selection process: -0.032876 --> -0.030782, len_BS = 2702
Blocksize strategy selection process: -0.032676 --> -0.030782, len_BS = 2704
Blocksize strategy selection process: -0.032641 --> -0.030782, len_BS = 2709
Blocksize strategy selection process: -0.032636 --> -0.030782, len_BS = 2714
Blocksize strategy selection process: -0.032626 --> -0.030782, len_BS = 2715
Blocksize strategy selection process: -0.032622 --> -0.030782, len_BS = 2715
Blocksize strategy selection process: -0.032618 --> -0.030782, len_BS = 2715
Blocksize strategy selection process: -0.032614 --> -0.030782, len_BS = 2715
Blocksize strategy selection process: -0.032563 --> -0.030782, len_BS = 2715
Blocksize strategy selection process: -0.032514 --> -0.030782, len_BS = 2724
Blocksize strategy selection process: -0.032500 --> -0.030782, len_BS = 2728
Blocksize strategy selection process: -0.032406 --> -0.030782, len_BS = 2728
Blocksize strategy selection process: -0.032400 --> -0.030782, len_BS = 2733
Blocksize strategy selection process: -0.032399 --> -0.030782, len_BS = 2734
Blocksize strategy selection process: -0.032353 --> -0.030782, len_BS = 2735
Blocksize strategy selection process: -0.032330 --> -0.030782, len_BS = 2741
Blocksize strategy selection process: -0.032327 --> -0.030782, len_BS = 2743
Blocksize strategy selection process: -0.032256 --> -0.030782, len_BS = 2743
Blocksize strategy selection process: -0.032180 --> -0.030782, len_BS = 2746
Blocksize strategy selection process: -0.032147 --> -0.030782, len_BS = 2750
Blocksize strategy selection process: -0.032064 --> -0.030782, len_BS = 2752
Blocksize strategy selection process: -0.032042 --> -0.030782, len_BS = 2756
Blocksize strategy selection process: -0.032041 --> -0.030782, len_BS = 2756
Blocksize strategy selection process: -0.031923 --> -0.030782, len_BS = 2757
Blocksize strategy selection process: -0.031859 --> -0.030782, len_BS = 2762
Blocksize strategy selection process: -0.031842 --> -0.030782, len_BS = 2764
Blocksize strategy selection process: -0.031841 --> -0.030782, len_BS = 2764
Blocksize strategy selection process: -0.031839 --> -0.030782, len_BS = 2764
Blocksize strategy selection process: -0.031838 --> -0.030782, len_BS = 2764
Blocksize strategy selection process: -0.031837 --> -0.030782, len_BS = 2764
Blocksize strategy selection process: -0.031831 --> -0.030782, len_BS = 2764
Blocksize strategy selection process: -0.031816 --> -0.030782, len_BS = 2766
Blocksize strategy selection process: -0.031815 --> -0.030782, len_BS = 2766
Blocksize strategy selection process: -0.031814 --> -0.030782, len_BS = 2766
Blocksize strategy selection process: -0.031812 --> -0.030782, len_BS = 2766
Blocksize strategy selection process: -0.031808 --> -0.030782, len_BS = 2766
Blocksize strategy selection process: -0.031807 --> -0.030782, len_BS = 2767
Blocksize strategy selection process: -0.031806 --> -0.030782, len_BS = 2767
Blocksize strategy selection process: -0.031805 --> -0.030782, len_BS = 2767
Blocksize strategy selection process: -0.031804 --> -0.030782, len_BS = 2767
Blocksize strategy selection process: -0.031803 --> -0.030782, len_BS = 2768
Blocksize strategy selection process: -0.031802 --> -0.030782, len_BS = 2768
Blocksize strategy selection process: -0.031801 --> -0.030782, len_BS = 2768
Blocksize strategy selection process: -0.031800 --> -0.030782, len_BS = 2768
Blocksize strategy selection process: -0.031799 --> -0.030782, len_BS = 2768
Blocksize strategy selection process: -0.031798 --> -0.030782, len_BS = 2768
Blocksize strategy selection process: -0.031797 --> -0.030782, len_BS = 2768
Blocksize strategy selection process: -0.031796 --> -0.030782, len_BS = 2768
Blocksize strategy selection process: -0.031795 --> -0.030782, len_BS = 2768
Blocksize strategy selection process: -0.031794 --> -0.030782, len_BS = 2768
Blocksize strategy selection process: -0.031793 --> -0.030782, len_BS = 2768
Blocksize strategy selection process: -0.031792 --> -0.030782, len_BS = 2768
Blocksize strategy selection process: -0.031791 --> -0.030782, len_BS = 2768
Blocksize strategy selection process: -0.031790 --> -0.030782, len_BS = 2768
Blocksize strategy selection process: -0.031789 --> -0.030782, len_BS = 2768
Blocksize strategy selection process: -0.031788 --> -0.030782, len_BS = 2768
Blocksize strategy selection process: -0.031784 --> -0.030782, len_BS = 2768
Blocksize strategy selection process: -0.031783 --> -0.030782, len_BS = 2768
Blocksize strategy selection process: -0.031715 --> -0.030782, len_BS = 2768
Blocksize strategy selection process: -0.031712 --> -0.030782, len_BS = 2771
Blocksize strategy selection process: -0.031669 --> -0.030782, len_BS = 2771
Blocksize strategy selection process: -0.031667 --> -0.030782, len_BS = 2771
Blocksize strategy selection process: -0.031610 --> -0.030782, len_BS = 2771
Blocksize strategy selection process: -0.031597 --> -0.030782, len_BS = 2772
Blocksize strategy selection process: -0.031577 --> -0.030782, len_BS = 2774
Blocksize strategy selection process: -0.031572 --> -0.030782, len_BS = 2774
Blocksize strategy selection process: -0.031540 --> -0.030782, len_BS = 2774
Blocksize strategy selection process: -0.031521 --> -0.030782, len_BS = 2774
Blocksize strategy selection process: -0.031520 --> -0.030782, len_BS = 2775
Blocksize strategy selection process: -0.031484 --> -0.030782, len_BS = 2775
Blocksize strategy selection process: -0.031440 --> -0.030782, len_BS = 2776
Blocksize strategy selection process: -0.031439 --> -0.030782, len_BS = 2779
Blocksize strategy selection process: -0.031438 --> -0.030782, len_BS = 2779
Blocksize strategy selection process: -0.031437 --> -0.030782, len_BS = 2779
Blocksize strategy selection process: -0.031436 --> -0.030782, len_BS = 2779
Blocksize strategy selection process: -0.031408 --> -0.030782, len_BS = 2779
Blocksize strategy selection process: -0.031407 --> -0.030782, len_BS = 2779
Blocksize strategy selection process: -0.031406 --> -0.030782, len_BS = 2779
Blocksize strategy selection process: -0.031405 --> -0.030782, len_BS = 2779
Blocksize strategy selection process: -0.031404 --> -0.030782, len_BS = 2779
Blocksize strategy selection process: -0.031403 --> -0.030782, len_BS = 2779
Blocksize strategy selection process: -0.031402 --> -0.030782, len_BS = 2779
Blocksize strategy selection process: -0.031401 --> -0.030782, len_BS = 2779
Blocksize strategy selection process: -0.031400 --> -0.030782, len_BS = 2779
Blocksize strategy selection process: -0.031398 --> -0.030782, len_BS = 2779
Blocksize strategy selection process: -0.031397 --> -0.030782, len_BS = 2779
Blocksize strategy selection process: -0.031396 --> -0.030782, len_BS = 2779
Blocksize strategy selection process: -0.031395 --> -0.030782, len_BS = 2779
Blocksize strategy selection process: -0.031394 --> -0.030782, len_BS = 2779
Blocksize strategy selection process: -0.031393 --> -0.030782, len_BS = 2779
Blocksize strategy selection process: -0.031392 --> -0.030782, len_BS = 2779
Blocksize strategy selection process: -0.031391 --> -0.030782, len_BS = 2779
Blocksize strategy selection process: -0.031390 --> -0.030782, len_BS = 2779
Blocksize strategy selection process: -0.031389 --> -0.030782, len_BS = 2779
Blocksize strategy selection process: -0.031388 --> -0.030782, len_BS = 2779
Blocksize strategy selection process: -0.031361 --> -0.030782, len_BS = 2779
Blocksize strategy selection process: -0.031360 --> -0.030782, len_BS = 2779
Blocksize strategy selection process: -0.031359 --> -0.030782, len_BS = 2779
Blocksize strategy selection process: -0.031358 --> -0.030782, len_BS = 2779
Blocksize strategy selection process: -0.031357 --> -0.030782, len_BS = 2779
Blocksize strategy selection process: -0.031356 --> -0.030782, len_BS = 2779
Blocksize strategy selection process: -0.031355 --> -0.030782, len_BS = 2779
Blocksize strategy selection process: -0.031354 --> -0.030782, len_BS = 2779
Blocksize strategy selection process: -0.031353 --> -0.030782, len_BS = 2779
Blocksize strategy selection process: -0.031352 --> -0.030782, len_BS = 2779
Blocksize strategy selection process: -0.031349 --> -0.030782, len_BS = 2779
Blocksize strategy selection process: -0.031348 --> -0.030782, len_BS = 2779
Blocksize strategy selection process: -0.031347 --> -0.030782, len_BS = 2779
Blocksize strategy selection process: -0.031346 --> -0.030782, len_BS = 2779
Blocksize strategy selection process: -0.031345 --> -0.030782, len_BS = 2779
Blocksize strategy selection process: -0.031344 --> -0.030782, len_BS = 2779
Blocksize strategy selection process: -0.031343 --> -0.030782, len_BS = 2779
Blocksize strategy selection process: -0.031342 --> -0.030782, len_BS = 2779
Blocksize strategy selection process: -0.031341 --> -0.030782, len_BS = 2779
Blocksize strategy selection process: -0.031340 --> -0.030782, len_BS = 2779
Blocksize strategy selection process: -0.031339 --> -0.030782, len_BS = 2779
Blocksize strategy selection process: -0.031314 --> -0.030782, len_BS = 2779
Blocksize strategy selection process: -0.031313 --> -0.030782, len_BS = 2779
Blocksize strategy selection process: -0.031312 --> -0.030782, len_BS = 2779
Blocksize strategy selection process: -0.031311 --> -0.030782, len_BS = 2779
Blocksize strategy selection process: -0.031310 --> -0.030782, len_BS = 2779
Blocksize strategy selection process: -0.031309 --> -0.030782, len_BS = 2779
Blocksize strategy selection process: -0.031308 --> -0.030782, len_BS = 2779
Blocksize strategy selection process: -0.031307 --> -0.030782, len_BS = 2779
Blocksize strategy selection process: -0.031306 --> -0.030782, len_BS = 2779
Blocksize strategy selection process: -0.031305 --> -0.030782, len_BS = 2779
Blocksize strategy selection process: -0.031304 --> -0.030782, len_BS = 2779
Blocksize strategy selection process: -0.031302 --> -0.030782, len_BS = 2779
Blocksize strategy selection process: -0.031301 --> -0.030782, len_BS = 2779
Blocksize strategy selection process: -0.031300 --> -0.030782, len_BS = 2779
Blocksize strategy selection process: -0.031299 --> -0.030782, len_BS = 2779
Blocksize strategy selection process: -0.031298 --> -0.030782, len_BS = 2779
Blocksize strategy selection process: -0.031297 --> -0.030782, len_BS = 2779
Blocksize strategy selection process: -0.031296 --> -0.030782, len_BS = 2779
Blocksize strategy selection process: -0.031295 --> -0.030782, len_BS = 2779
Blocksize strategy selection process: -0.031270 --> -0.030782, len_BS = 2779
Blocksize strategy selection process: -0.031269 --> -0.030782, len_BS = 2779
Blocksize strategy selection process: -0.031268 --> -0.030782, len_BS = 2779
Blocksize strategy selection process: -0.031267 --> -0.030782, len_BS = 2779
Blocksize strategy selection process: -0.031266 --> -0.030782, len_BS = 2779
Blocksize strategy selection process: -0.031265 --> -0.030782, len_BS = 2779
Blocksize strategy selection process: -0.031264 --> -0.030782, len_BS = 2779
Blocksize strategy selection process: -0.031263 --> -0.030782, len_BS = 2779
Blocksize strategy selection process: -0.031262 --> -0.030782, len_BS = 2779
Blocksize strategy selection process: -0.031261 --> -0.030782, len_BS = 2779
Blocksize strategy selection process: -0.031260 --> -0.030782, len_BS = 2779
Blocksize strategy selection process: -0.031259 --> -0.030782, len_BS = 2779
Blocksize strategy selection process: -0.031257 --> -0.030782, len_BS = 2779
Blocksize strategy selection process: -0.031256 --> -0.030782, len_BS = 2779
Blocksize strategy selection process: -0.031255 --> -0.030782, len_BS = 2779
Blocksize strategy selection process: -0.031254 --> -0.030782, len_BS = 2779
Blocksize strategy selection process: -0.031253 --> -0.030782, len_BS = 2779
Blocksize strategy selection process: -0.031252 --> -0.030782, len_BS = 2779
Blocksize strategy selection process: -0.031251 --> -0.030782, len_BS = 2779
Blocksize strategy selection process: -0.031250 --> -0.030782, len_BS = 2779
Blocksize strategy selection process: -0.031249 --> -0.030782, len_BS = 2779
Blocksize strategy selection process: -0.031226 --> -0.030782, len_BS = 2779
Blocksize strategy selection process: -0.031225 --> -0.030782, len_BS = 2780
Blocksize strategy selection process: -0.031179 --> -0.030782, len_BS = 2780
Blocksize strategy selection process: -0.031178 --> -0.030782, len_BS = 2780
Blocksize strategy selection process: -0.031177 --> -0.030782, len_BS = 2780
Blocksize strategy selection process: -0.031176 --> -0.030782, len_BS = 2780
Blocksize strategy selection process: -0.031175 --> -0.030782, len_BS = 2780
Blocksize strategy selection process: -0.031174 --> -0.030782, len_BS = 2780
Blocksize strategy selection process: -0.031169 --> -0.030782, len_BS = 2780
Blocksize strategy selection process: -0.031168 --> -0.030782, len_BS = 2780
Blocksize strategy selection process: -0.031156 --> -0.030782, len_BS = 2780
Blocksize strategy selection process: -0.031155 --> -0.030782, len_BS = 2780
Blocksize strategy selection process: -0.031151 --> -0.030782, len_BS = 2780
Blocksize strategy selection process: -0.031150 --> -0.030782, len_BS = 2780
Blocksize strategy selection process: -0.031149 --> -0.030782, len_BS = 2780
Blocksize strategy selection process: -0.031147 --> -0.030782, len_BS = 2780
Blocksize strategy selection process: -0.031143 --> -0.030782, len_BS = 2780
Blocksize strategy selection process: -0.031142 --> -0.030782, len_BS = 2780
Blocksize strategy selection process: -0.031141 --> -0.030782, len_BS = 2780
Blocksize strategy selection process: -0.031140 --> -0.030782, len_BS = 2780
Blocksize strategy selection process: -0.031139 --> -0.030782, len_BS = 2780
Blocksize strategy selection process: -0.031138 --> -0.030782, len_BS = 2780
Blocksize strategy selection process: -0.031137 --> -0.030782, len_BS = 2780
Blocksize strategy selection process: -0.031136 --> -0.030782, len_BS = 2780
Blocksize strategy selection process: -0.031135 --> -0.030782, len_BS = 2780
Blocksize strategy selection process: -0.031134 --> -0.030782, len_BS = 2780
Blocksize strategy selection process: -0.031133 --> -0.030782, len_BS = 2780
Blocksize strategy selection process: -0.031132 --> -0.030782, len_BS = 2780
Blocksize strategy selection process: -0.031131 --> -0.030782, len_BS = 2780
Blocksize strategy selection process: -0.031130 --> -0.030782, len_BS = 2780
Blocksize strategy selection process: -0.031110 --> -0.030782, len_BS = 2780
Blocksize strategy selection process: -0.031108 --> -0.030782, len_BS = 2780
Blocksize strategy selection process: -0.031104 --> -0.030782, len_BS = 2780
Blocksize strategy selection process: -0.031103 --> -0.030782, len_BS = 2780
Blocksize strategy selection process: -0.031102 --> -0.030782, len_BS = 2780
Blocksize strategy selection process: -0.031101 --> -0.030782, len_BS = 2780
Blocksize strategy selection process: -0.031100 --> -0.030782, len_BS = 2780
Blocksize strategy selection process: -0.031099 --> -0.030782, len_BS = 2780
Blocksize strategy selection process: -0.031098 --> -0.030782, len_BS = 2780
Blocksize strategy selection process: -0.031097 --> -0.030782, len_BS = 2780
Blocksize strategy selection process: -0.031096 --> -0.030782, len_BS = 2780
Blocksize strategy selection process: -0.031095 --> -0.030782, len_BS = 2780
Blocksize strategy selection process: -0.031094 --> -0.030782, len_BS = 2780
Blocksize strategy selection process: -0.031093 --> -0.030782, len_BS = 2780
Blocksize strategy selection process: -0.031092 --> -0.030782, len_BS = 2780
Blocksize strategy selection process: -0.031073 --> -0.030782, len_BS = 2780
Blocksize strategy selection process: -0.031072 --> -0.030782, len_BS = 2780
Blocksize strategy selection process: -0.031071 --> -0.030782, len_BS = 2780
Blocksize strategy selection process: -0.031067 --> -0.030782, len_BS = 2780
Blocksize strategy selection process: -0.031066 --> -0.030782, len_BS = 2780
Blocksize strategy selection process: -0.031065 --> -0.030782, len_BS = 2780
Blocksize strategy selection process: -0.031064 --> -0.030782, len_BS = 2780
Blocksize strategy selection process: -0.031063 --> -0.030782, len_BS = 2780
Blocksize strategy selection process: -0.031062 --> -0.030782, len_BS = 2780
Blocksize strategy selection process: -0.031061 --> -0.030782, len_BS = 2780
Blocksize strategy selection process: -0.031060 --> -0.030782, len_BS = 2780
Blocksize strategy selection process: -0.031059 --> -0.030782, len_BS = 2780
Blocksize strategy selection process: -0.031041 --> -0.030782, len_BS = 2780
Blocksize strategy selection process: -0.031005 --> -0.030782, len_BS = 2780
Blocksize strategy selection process: -0.031004 --> -0.030782, len_BS = 2780
Blocksize strategy selection process: -0.031003 --> -0.030782, len_BS = 2780
Blocksize strategy selection process: -0.030970 --> -0.030782, len_BS = 2780
Blocksize strategy selection process: -0.030969 --> -0.030782, len_BS = 2780
Blocksize strategy selection process: -0.030968 --> -0.030782, len_BS = 2780
Blocksize strategy selection process: -0.030967 --> -0.030782, len_BS = 2780
Blocksize strategy selection process: -0.030966 --> -0.030782, len_BS = 2780
Blocksize strategy selection process: -0.030952 --> -0.030782, len_BS = 2780
Blocksize strategy selection process: -0.030951 --> -0.030782, len_BS = 2780
Blocksize strategy selection process: -0.030946 --> -0.030782, len_BS = 2780
Blocksize strategy selection process: -0.030944 --> -0.030782, len_BS = 2780
Blocksize strategy selection process: -0.030943 --> -0.030782, len_BS = 2780
Blocksize strategy selection process: -0.030941 --> -0.030782, len_BS = 2780
Blocksize strategy selection process: -0.030940 --> -0.030782, len_BS = 2780
Blocksize strategy selection process: -0.030926 --> -0.030782, len_BS = 2780
Blocksize strategy selection process: -0.030925 --> -0.030782, len_BS = 2780
Blocksize strategy selection process: -0.030923 --> -0.030782, len_BS = 2780
Blocksize strategy selection process: -0.030919 --> -0.030782, len_BS = 2780
Blocksize strategy selection process: -0.030917 --> -0.030782, len_BS = 2780
Blocksize strategy selection process: -0.030916 --> -0.030782, len_BS = 2780
Blocksize strategy selection process: -0.030914 --> -0.030782, len_BS = 2780
Blocksize strategy selection process: -0.030913 --> -0.030782, len_BS = 2780
Blocksize strategy selection process: -0.030901 --> -0.030782, len_BS = 2780
Blocksize strategy selection process: -0.030900 --> -0.030782, len_BS = 2780
Blocksize strategy selection process: -0.030899 --> -0.030782, len_BS = 2780
Blocksize strategy selection process: -0.030898 --> -0.030782, len_BS = 2780
Blocksize strategy selection process: -0.030894 --> -0.030782, len_BS = 2780
Blocksize strategy selection process: -0.030893 --> -0.030782, len_BS = 2780
Blocksize strategy selection process: -0.030892 --> -0.030782, len_BS = 2780
Blocksize strategy selection process: -0.030890 --> -0.030782, len_BS = 2780
Blocksize strategy selection process: -0.030889 --> -0.030782, len_BS = 2780
Blocksize strategy selection process: -0.030888 --> -0.030782, len_BS = 2780
Blocksize strategy selection process: -0.030877 --> -0.030782, len_BS = 2780
Blocksize strategy selection process: -0.030876 --> -0.030782, len_BS = 2780
Blocksize strategy selection process: -0.030875 --> -0.030782, len_BS = 2780
Blocksize strategy selection process: -0.030874 --> -0.030782, len_BS = 2780
Blocksize strategy selection process: -0.030872 --> -0.030782, len_BS = 2780
Blocksize strategy selection process: -0.030871 --> -0.030782, len_BS = 2780
Blocksize strategy selection process: -0.030870 --> -0.030782, len_BS = 2780
Blocksize strategy selection process: -0.030869 --> -0.030782, len_BS = 2780
Blocksize strategy selection process: -0.030868 --> -0.030782, len_BS = 2780
Blocksize strategy selection process: -0.030867 --> -0.030782, len_BS = 2780
Blocksize strategy selection process: -0.030866 --> -0.030782, len_BS = 2780
Blocksize strategy selection process: -0.030865 --> -0.030782, len_BS = 2780
Blocksize strategy selection process: -0.030856 --> -0.030782, len_BS = 2780
Blocksize strategy selection process: -0.030855 --> -0.030782, len_BS = 2780
Blocksize strategy selection process: -0.030854 --> -0.030782, len_BS = 2780
Blocksize strategy selection process: -0.030852 --> -0.030782, len_BS = 2780
Blocksize strategy selection process: -0.030851 --> -0.030782, len_BS = 2780
Blocksize strategy selection process: -0.030842 --> -0.030782, len_BS = 2780
Blocksize strategy selection process: -0.030841 --> -0.030782, len_BS = 2780
Blocksize strategy selection process: -0.030837 --> -0.030782, len_BS = 2780
Blocksize strategy selection process: -0.030836 --> -0.030782, len_BS = 2780
Blocksize strategy selection process: -0.030835 --> -0.030782, len_BS = 2780
Blocksize strategy selection process: -0.030834 --> -0.030782, len_BS = 2780
Blocksize strategy selection process: -0.030833 --> -0.030782, len_BS = 2780
Blocksize strategy selection process: -0.030832 --> -0.030782, len_BS = 2780
Blocksize strategy selection process: -0.030825 --> -0.030782, len_BS = 2780
Blocksize strategy selection process: -0.030824 --> -0.030782, len_BS = 2780
Blocksize strategy selection process: -0.030807 --> -0.030782, len_BS = 2780
Blocksize strategy selection process: -0.030798 --> -0.030782, len_BS = 2780
Blocksize strategy selection process: -0.030797 --> -0.030782, len_BS = 2780
Blocksize strategy selection process: -0.030796 --> -0.030782, len_BS = 2780
Blocksize strategy selection process: -0.030795 --> -0.030782, len_BS = 2780
Blocksize strategy selection process: -0.030794 --> -0.030782, len_BS = 2780
Blocksize strategy selection process: -0.030789 --> -0.030782, len_BS = 2780
Blocksize strategy selection process: -0.030788 --> -0.030782, len_BS = 2780
Blocksize strategy selection process: -0.030787 --> -0.030782, len_BS = 2780
Blocksize strategy selection process: -0.030785 --> -0.030782, len_BS = 2780
Blocksize strategy selection process: -0.030783 --> -0.030782, len_BS = 2780
Blocksize strategy selection process: -0.030782 --> -0.030782, len_BS = 2780
len(BS) = 2780
Time cost for generating Strategy: 184.921861 s
[14.756767425993429,14.756767425993429,14.756767425993429,14.756767425993429,14.756767425993429,14.756767425993429,14.74964568661212,14.717629868020548,14.685562950020696,14.65344242065975,14.621265723003727,14.589030253398622,14.556733359667732,14.524372339244067,14.491944437237091,14.459446844433614,14.4268766952332,14.394231065519204,14.361506970467598,14.328701362296936,14.295811127964367,14.262873646762674,14.230051167820609,14.19721953705547,14.164350495987176,14.131401286835622,14.098355902431479,14.065216686002248,14.031969311210876,13.998651514071195,13.965212441343589,13.931672834076156,13.897994067101877,13.864230237826604,13.830328272353647,13.796300255504551,13.76213546499574,13.727843736019619,13.693418854452514,13.658845822508425,13.624140952579193,13.589280650014366,13.55427539974745,13.519101385386364,13.48378274654856,13.448302152854776,13.412652192337259,13.376821793716221,13.340816551043268,13.304650776103767,13.268304381868543,13.231802977782138,13.195100894203499,13.158213090244018,13.121142416342593,13.083866686901455,13.046416986694819,13.008751459799345,12.970896191413704,12.93286050287837,12.894626788221448,12.856182736543516,12.817549508623237,12.778748029600493,12.739907459726709,12.701157458328112,12.67788484230723,12.654491480664008,12.630975949656532,12.607336799124283,12.583572551818953,12.559681702713844,12.535662718291007,12.511514035805284,12.48723406252434,12.462821174943723,12.43827371797603,12.413590004113056,12.388768312559963,12.36380688834024,12.338703941370351,12.313457645502805,12.28806613753636,12.262527516192037,12.236839841053497,12.211001131470324,12.18500936542266,12.158862478345561,12.132558361911384,12.106094862768412,12.079469781233847,12.052680869939213,12.025725832426128,11.998602321690248,11.97130793867117,11.943840230685884,11.916196689803296,11.888374751157215,11.860371791195037,11.8321851258593,11.803812008699008,11.775249628907613,11.746495109284307,11.717545504115126,11.688397796970186,11.65904889841321,11.6294956436193,11.599734789896706,11.56976301410815,11.53957690998701,11.5091729853435,11.478547659155684,11.44769725853994,11.416618015595294,11.385306064115634,11.353757436163729,11.321968058500541,11.289933748863147,11.257650212084227,11.225113036045837,11.192317687459854,11.159259507467228,11.12593370704791,11.09233536223298,11.058459409110391,11.024300638615383,10.989853691096544,10.955113050648315,10.920073039200663,10.884727810356663,10.849071342968845,10.813097434445362,10.776799693777463,10.740171534280263,10.703206166039756,10.665896588059939,10.628235580105583,10.590215694237985,10.551829246043543,10.513068305558138,10.473924687894291,10.434389943582953,10.394455348648123,10.354111894440049,10.3133502772625,10.272160887841352,10.230533800696529,10.188458763497362,10.14592518650406,10.102922132225606,10.05943830545887,10.015462043916255,9.976335222859545,9.958578039928364,9.92454752034088,9.886777729559043,9.843326501500618,9.797682159006662,9.752250947291692,9.704834827059555,9.662291702291364,9.612965527545862,9.566255895560452,9.514347206989605,9.46944021628463,9.417442408914498,9.36690166179119,9.31481952186012,9.263898853666204,9.212030982680224,9.158050251351478,9.106074605368093,9.050852627540392,8.996859228300078,8.93957711760239,8.885312672314635,8.828615992487945,8.77077897806103,8.711311187878222,8.65240137440516,8.595205872546908,8.53519835057282,8.478390655981503,8.415399558920384,8.354182385070628,8.293155748773968,8.229017743631134,8.168777873143705,8.102839050010314,8.040127646413072,7.978456918268141,7.914281781683074,7.848283580252802,7.784868264585071,7.724025891139043,7.680064419779598,7.6531788886301975]
MinStrategy is: [87, 87, 87, 117, 127, 132] + pump(42,155,23) , ['87 * 3 (-0.039425) , cost = 586.1466 s', '117 * 1 (-0.036359) , cost = 976.2825 s', '127 * 1 (-0.035007) , cost = 9695.8717 s', '132 * 1 (-0.034452) , cost = 34712.1931 s'] + pump(42,155,23)
[87,87,87,117,127,132]
Time cost for pnj-BKZ = 12.77 h,
Time cost for pump = 49.94 h,
Total time cost = 62.71 h.
