Start Pump Cost Test Experiment, test 10 times for each blocksizes
1. fixed beta = 80, threads = 32, gpus = 2 

Starting a pnjBKZ-80 tour for dim=260. 
Intial Slope = -0.06787
k:0, b:63, f:0  , RAM cost: 1.6652 GB, Pump Cost: 3.9424 s 
k:0, b:64, f:1  , RAM cost: 1.6697 GB, Pump Cost: 2.2765 s 
k:0, b:65, f:2  , RAM cost: 1.6741 GB, Pump Cost: 2.2600 s 
k:0, b:66, f:3  , RAM cost: 1.6765 GB, Pump Cost: 2.4832 s 
k:0, b:67, f:4  , RAM cost: 1.6766 GB, Pump Cost: 2.4228 s 
k:0, b:68, f:5  , RAM cost: 1.6808 GB, Pump Cost: 2.2544 s 
k:0, b:69, f:6  , RAM cost: 1.6829 GB, Pump Cost: 2.2570 s 
k:0, b:70, f:7  , RAM cost: 1.6870 GB, Pump Cost: 2.2964 s 
k:0, b:71, f:8  , RAM cost: 1.6890 GB, Pump Cost: 2.4214 s 
k:0, b:72, f:9  , RAM cost: 1.6935 GB, Pump Cost: 2.1491 s 
k:0, b:73, f:10  , RAM cost: 1.6975 GB, Pump Cost: 2.4376 s 
k:0, b:74, f:11  , RAM cost: 1.6998 GB, Pump Cost: 2.3562 s 
k:0, b:75, f:12  , RAM cost: 1.7000 GB, Pump Cost: 2.4395 s 
k:0, b:76, f:13  , RAM cost: 1.7042 GB, Pump Cost: 2.3662 s 
k:0, b:77, f:14  , RAM cost: 1.7058 GB, Pump Cost: 2.4236 s 
k:0, b:78, f:15  , RAM cost: 1.7080 GB, Pump Cost: 2.4345 s 
k:0, b:79, f:16  , RAM cost: 1.7102 GB, Pump Cost: 2.5384 s 
k:0, b:80, f:17  , RAM cost: 1.7102 GB, Pump Cost: 2.7402 s 
k:0, b:81, f:18  , RAM cost: 1.7123 GB, Pump Cost: 2.7144 s 
k:0, b:82, f:19  , RAM cost: 1.7128 GB, Pump Cost: 2.8572 s 
k:0, b:83, f:20  , RAM cost: 1.7128 GB, Pump Cost: 2.7556 s 
k:0, b:84, f:21  , RAM cost: 1.7146 GB, Pump Cost: 2.7858 s 
k:0, b:85, f:22  , RAM cost: 1.7146 GB, Pump Cost: 2.8029 s 
k:0, b:86, f:23  , RAM cost: 1.7147 GB, Pump Cost: 2.8094 s 
k:0, b:87, f:24  , RAM cost: 1.7149 GB, Pump Cost: 2.9489 s 
k:0, b:88, f:25  , RAM cost: 1.7148 GB, Pump Cost: 2.8381 s 
k:0, b:89, f:26  , RAM cost: 1.7148 GB, Pump Cost: 2.8560 s 
k:0, b:90, f:27  , RAM cost: 1.7148 GB, Pump Cost: 2.8471 s 
k:0, b:91, f:28  , RAM cost: 1.7148 GB, Pump Cost: 2.8808 s 
k:0, b:92, f:29  , RAM cost: 1.7148 GB, Pump Cost: 2.8378 s 
k:1, b:92, f:29  , RAM cost: 1.7150 GB, Pump Cost: 2.8376 s 
k:2, b:92, f:29  , RAM cost: 1.7171 GB, Pump Cost: 2.8306 s 
k:3, b:92, f:29  , RAM cost: 1.7169 GB, Pump Cost: 2.7969 s 
k:4, b:92, f:29  , RAM cost: 1.7172 GB, Pump Cost: 2.8084 s 
k:5, b:92, f:29  , RAM cost: 1.7173 GB, Pump Cost: 2.7468 s 
k:6, b:92, f:29  , RAM cost: 1.7170 GB, Pump Cost: 2.8443 s 
k:7, b:92, f:29  , RAM cost: 1.7194 GB, Pump Cost: 2.8251 s 
k:8, b:92, f:29  , RAM cost: 1.7192 GB, Pump Cost: 3.1249 s 
k:9, b:92, f:29  , RAM cost: 1.7193 GB, Pump Cost: 3.1065 s 
k:10, b:92, f:29  , RAM cost: 1.7193 GB, Pump Cost: 4.0092 s 
k:11, b:92, f:29  , RAM cost: 1.7215 GB, Pump Cost: 4.7970 s 
k:12, b:92, f:29  , RAM cost: 1.7235 GB, Pump Cost: 5.2386 s 
k:13, b:92, f:29  , RAM cost: 1.7236 GB, Pump Cost: 5.8074 s 
k:14, b:92, f:29  , RAM cost: 1.7236 GB, Pump Cost: 6.2989 s 
k:15, b:92, f:29  , RAM cost: 1.7240 GB, Pump Cost: 6.7587 s 
k:16, b:92, f:29  , RAM cost: 1.7239 GB, Pump Cost: 7.4917 s 
k:17, b:92, f:29  , RAM cost: 1.7242 GB, Pump Cost: 7.5439 s 
k:18, b:92, f:29  , RAM cost: 1.7242 GB, Pump Cost: 7.6499 s 
k:19, b:92, f:29  , RAM cost: 1.7241 GB, Pump Cost: 8.1598 s 
k:20, b:92, f:29  , RAM cost: 1.7239 GB, Pump Cost: 8.5536 s 
