Start Pump Cost Test Experiment, test 2 times for each blocksizes
1. fixed beta = 80, threads = 32, gpus = 2 

Starting a pnjBKZ-80 tour for dim=260. 
Intial Slope = -0.06787
k:0, b:63, f:0  , RAM cost: 1.6586 GB, Pump Cost: 4.0083 s 
k:0, b:64, f:1  , RAM cost: 1.6614 GB, Pump Cost: 2.5206 s 
k:0, b:65, f:2  , RAM cost: 1.6640 GB, Pump Cost: 2.4595 s 
k:0, b:66, f:3  , RAM cost: 1.6681 GB, Pump Cost: 2.4322 s 
k:0, b:67, f:4  , RAM cost: 1.6726 GB, Pump Cost: 2.4466 s 
k:0, b:68, f:5  , RAM cost: 1.6748 GB, Pump Cost: 2.4563 s 
k:0, b:69, f:6  , RAM cost: 1.6749 GB, Pump Cost: 2.4216 s 
k:0, b:70, f:7  , RAM cost: 1.6793 GB, Pump Cost: 2.2040 s 
k:0, b:71, f:8  , RAM cost: 1.6812 GB, Pump Cost: 2.4212 s 
k:0, b:72, f:9  , RAM cost: 1.6833 GB, Pump Cost: 2.4356 s 
k:0, b:73, f:10  , RAM cost: 1.6876 GB, Pump Cost: 2.3998 s 
k:0, b:74, f:11  , RAM cost: 1.6898 GB, Pump Cost: 2.3898 s 
k:0, b:75, f:12  , RAM cost: 1.6937 GB, Pump Cost: 2.3135 s 
k:0, b:76, f:13  , RAM cost: 1.6941 GB, Pump Cost: 1.9307 s 
k:0, b:77, f:14  , RAM cost: 1.6959 GB, Pump Cost: 2.3633 s 
k:0, b:78, f:15  , RAM cost: 1.6960 GB, Pump Cost: 2.3830 s 
k:0, b:79, f:16  , RAM cost: 1.6963 GB, Pump Cost: 2.3482 s 
k:0, b:80, f:17  , RAM cost: 1.6965 GB, Pump Cost: 2.6921 s 
k:0, b:81, f:18  , RAM cost: 1.6964 GB, Pump Cost: 2.7039 s 
k:0, b:82, f:19  , RAM cost: 1.6962 GB, Pump Cost: 2.4959 s 
k:0, b:83, f:20  , RAM cost: 1.6981 GB, Pump Cost: 2.6681 s 
k:0, b:84, f:21  , RAM cost: 1.7003 GB, Pump Cost: 2.7429 s 
k:0, b:85, f:22  , RAM cost: 1.7022 GB, Pump Cost: 2.7486 s 
k:0, b:86, f:23  , RAM cost: 1.7064 GB, Pump Cost: 2.7538 s 
k:0, b:87, f:24  , RAM cost: 1.7090 GB, Pump Cost: 2.8706 s 
k:0, b:88, f:25  , RAM cost: 1.7090 GB, Pump Cost: 2.7623 s 
k:0, b:89, f:26  , RAM cost: 1.7090 GB, Pump Cost: 2.7731 s 
k:0, b:90, f:27  , RAM cost: 1.7129 GB, Pump Cost: 2.7672 s 
k:0, b:91, f:28  , RAM cost: 1.7129 GB, Pump Cost: 2.8246 s 
k:0, b:92, f:29  , RAM cost: 1.7128 GB, Pump Cost: 2.7860 s 
k:1, b:92, f:29  , RAM cost: 1.7132 GB, Pump Cost: 2.8404 s 
k:2, b:92, f:29  , RAM cost: 1.7132 GB, Pump Cost: 2.7824 s 
k:3, b:92, f:29  , RAM cost: 1.7130 GB, Pump Cost: 2.7892 s 
k:4, b:92, f:29  , RAM cost: 1.7130 GB, Pump Cost: 2.7591 s 
k:5, b:92, f:29  , RAM cost: 1.7151 GB, Pump Cost: 2.7545 s 
k:6, b:92, f:29  , RAM cost: 1.7152 GB, Pump Cost: 2.7663 s 
k:7, b:92, f:29  , RAM cost: 1.7154 GB, Pump Cost: 2.8493 s 
k:8, b:92, f:29  , RAM cost: 1.7154 GB, Pump Cost: 3.1528 s 
k:9, b:92, f:29  , RAM cost: 1.7196 GB, Pump Cost: 3.3346 s 
k:10, b:92, f:29  , RAM cost: 1.7196 GB, Pump Cost: 3.8786 s 
k:11, b:92, f:29  , RAM cost: 1.7195 GB, Pump Cost: 4.3910 s 
k:12, b:92, f:29  , RAM cost: 1.7196 GB, Pump Cost: 4.9613 s 
k:13, b:92, f:29  , RAM cost: 1.7198 GB, Pump Cost: 4.7008 s 
k:14, b:92, f:29  , RAM cost: 1.7200 GB, Pump Cost: 5.7020 s 
k:15, b:92, f:29  , RAM cost: 1.7197 GB, Pump Cost: 6.3765 s 
k:16, b:92, f:29  , RAM cost: 1.7220 GB, Pump Cost: 6.3698 s 
k:17, b:92, f:29  , RAM cost: 1.7219 GB, Pump Cost: 7.4079 s 
k:18, b:92, f:29  , RAM cost: 1.7220 GB, Pump Cost: 7.4531 s 
k:19, b:92, f:29  , RAM cost: 1.7221 GB, Pump Cost: 7.9671 s 
k:20, b:92, f:29  , RAM cost: 1.7220 GB, Pump Cost: 7.9160 s 
k:21, b:92, f:29  , RAM cost: 1.7221 GB, Pump Cost: 8.1605 s 
k:22, b:92, f:29  , RAM cost: 1.7224 GB, Pump Cost: 8.3806 s 
k:23, b:92, f:29  , RAM cost: 1.7223 GB, Pump Cost: 10.6290 s 
k:24, b:92, f:29  , RAM cost: 1.7222 GB, Pump Cost: 11.6070 s 
k:25, b:92, f:29  , RAM cost: 1.7222 GB, Pump Cost: 10.8608 s 
k:26, b:92, f:29  , RAM cost: 1.7222 GB, Pump Cost: 12.7244 s 
k:27, b:92, f:29  , RAM cost: 1.7223 GB, Pump Cost: 13.4466 s 
k:28, b:92, f:29  , RAM cost: 1.7227 GB, Pump Cost: 13.8191 s 
k:29, b:92, f:29  , RAM cost: 1.7224 GB, Pump Cost: 14.2454 s 
k:30, b:92, f:29  , RAM cost: 1.7226 GB, Pump Cost: 14.7629 s 
k:31, b:92, f:29  , RAM cost: 1.7225 GB, Pump Cost: 15.7544 s 
k:32, b:92, f:29  , RAM cost: 1.7225 GB, Pump Cost: 15.1852 s 
k:33, b:92, f:29  , RAM cost: 1.7225 GB, Pump Cost: 15.6651 s 
k:34, b:92, f:29  , RAM cost: 1.7225 GB, Pump Cost: 16.8851 s 
k:35, b:92, f:29  , RAM cost: 1.7226 GB, Pump Cost: 16.8388 s 
k:36, b:92, f:29  , RAM cost: 1.7225 GB, Pump Cost: 17.8010 s 
k:37, b:92, f:29  , RAM cost: 1.7229 GB, Pump Cost: 18.7309 s 
k:38, b:92, f:29  , RAM cost: 1.7226 GB, Pump Cost: 18.5471 s 
k:39, b:92, f:29  , RAM cost: 1.7227 GB, Pump Cost: 18.9490 s 
k:40, b:92, f:29  , RAM cost: 1.7226 GB, Pump Cost: 19.2588 s 
k:41, b:92, f:29  , RAM cost: 1.7227 GB, Pump Cost: 21.5203 s 
k:42, b:92, f:29  , RAM cost: 1.7226 GB, Pump Cost: 20.9650 s 
k:43, b:92, f:29  , RAM cost: 1.7228 GB, Pump Cost: 20.2722 s 
k:44, b:92, f:29  , RAM cost: 1.7226 GB, Pump Cost: 22.0220 s 
k:45, b:92, f:29  , RAM cost: 1.7226 GB, Pump Cost: 21.6779 s 
k:46, b:92, f:29  , RAM cost: 1.7230 GB, Pump Cost: 21.8713 s 
k:47, b:92, f:29  , RAM cost: 1.7226 GB, Pump Cost: 21.9946 s 
k:48, b:92, f:29  , RAM cost: 1.7230 GB, Pump Cost: 23.7194 s 
k:49, b:92, f:29  , RAM cost: 1.7227 GB, Pump Cost: 25.5108 s 
k:50, b:92, f:29  , RAM cost: 1.7227 GB, Pump Cost: 23.6383 s 
k:51, b:92, f:29  , RAM cost: 1.7230 GB, Pump Cost: 26.2601 s 
k:52, b:92, f:29  , RAM cost: 1.7227 GB, Pump Cost: 26.5134 s 
k:53, b:92, f:29  , RAM cost: 1.7231 GB, Pump Cost: 24.9641 s 
k:54, b:92, f:29  , RAM cost: 1.7229 GB, Pump Cost: 26.1704 s 
k:55, b:92, f:29  , RAM cost: 1.7228 GB, Pump Cost: 24.2492 s 
k:56, b:92, f:29  , RAM cost: 1.7230 GB, Pump Cost: 28.6397 s 
k:57, b:92, f:29  , RAM cost: 1.7231 GB, Pump Cost: 25.7145 s 
k:58, b:92, f:29  , RAM cost: 1.7230 GB, Pump Cost: 26.9598 s 
k:59, b:92, f:29  , RAM cost: 1.7231 GB, Pump Cost: 25.0035 s 
k:60, b:92, f:29  , RAM cost: 1.7231 GB, Pump Cost: 26.9805 s 
k:61, b:92, f:29  , RAM cost: 1.7228 GB, Pump Cost: 26.9562 s 
k:62, b:92, f:29  , RAM cost: 1.7228 GB, Pump Cost: 28.7743 s 
k:63, b:92, f:29  , RAM cost: 1.7230 GB, Pump Cost: 26.3012 s 
k:64, b:92, f:29  , RAM cost: 1.7232 GB, Pump Cost: 27.2528 s 
k:65, b:92, f:29  , RAM cost: 1.7232 GB, Pump Cost: 29.4047 s 
k:66, b:92, f:29  , RAM cost: 1.7229 GB, Pump Cost: 29.4405 s 
k:67, b:92, f:29  , RAM cost: 1.7232 GB, Pump Cost: 26.5409 s 
k:68, b:92, f:29  , RAM cost: 1.7231 GB, Pump Cost: 29.2295 s 
k:69, b:92, f:29  , RAM cost: 1.7229 GB, Pump Cost: 26.9208 s 
k:70, b:92, f:29  , RAM cost: 1.7229 GB, Pump Cost: 28.9773 s 
k:71, b:92, f:29  , RAM cost: 1.7231 GB, Pump Cost: 28.7481 s 
k:72, b:92, f:29  , RAM cost: 1.7231 GB, Pump Cost: 28.3683 s 
k:73, b:92, f:29  , RAM cost: 1.7232 GB, Pump Cost: 28.8378 s 
