New Strategy:
n = 80, alpha = 0.005, q = 6421, jump = 1, goal_margin = 1.50, MAX_TIME = inf h
[17.5346582955881, 17.5346582955881, 17.5346582955881, 17.5346582955881, 17.5346582955881, 17.5346582955881, 17.5346582955881, 17.5346582955881, 17.5346582955881, 17.5346582955881, 17.5346582955881, 17.5346582955881, 17.5346582955881, 17.5346582955881, 17.5346582955881, 17.5346582955881, 17.5346582955881, 17.5346582955881, 17.5346582955881, 17.5346582955881, 17.5346582955881, 17.5346582955881, 17.5346582955881, 17.5346582955881, 17.5346582955881, 17.5346582955881, 17.5346582955881, 17.5346582955881, 17.5346582955881, 17.5346582955881, 17.5346582955881, 17.5346582955881, 17.5346582955881, 17.5346582955881, 17.5346582955881, 17.5346582955881, 17.5346582955881, 17.5346582955881, 17.5346582955881, 17.5346582955881, 17.5346582955881, 17.5346582955881, 17.5346582955881, 17.5346582955881, 17.5346582955881, 17.5346582955881, 17.5346582955881, 17.5346582955881, 17.5346582955881, 17.5346582955881, 17.5346582955881, 17.5346582955881, 17.5346582955881, 17.5346582955881, 17.5346582955881, 17.5346582955881, 17.5346582955881, 17.5346582955881, 17.5346582955881, 17.5346582955881, 17.5346582955881, 17.5346582955881, 17.5346582955881, 17.5346582955881, 17.5346582955881, 17.5346582955881, 17.5346582955881, 17.5346582955881, 17.5346582955881, 17.5346582955881, 17.5346582955881, 17.5346582955881, 17.5346582955881, 17.5346582955881, 17.5346582955881, 17.5346582955881, 17.5346582955881, 17.5346582955881, 17.5346582955881, 17.5346582955881, 17.5346582955881, 17.5346582955881, 17.44468682186326, 17.45738095172307, 17.48940293345769, 17.417664262689353, 17.40215266664084, 17.39725190959943, 17.208598738318237, 17.023679902439437, 17.38566725241015, 17.20403066203069, 17.165757487271343, 16.9941151275532, 16.9094034665614, 16.750398545878948, 16.80299043507601, 16.76879596138379, 16.710129692274887, 16.726564450667947, 16.63491199912948, 16.580784305110058, 16.65822002876613, 16.463233180625902, 16.44744998308536, 16.25388016160418, 16.12831318217452, 15.990950791262735, 15.871717580895847, 15.757002319832427, 15.744965247715712, 15.64471301328277, 15.568000645998806, 15.606308017354932, 15.453484241099103, 15.594386248197022, 15.373664875483547, 15.195186303455875, 15.216689757625556, 15.03374986587846, 14.954277223795595, 14.766523620215336, 14.732747322171, 14.734054827846782, 14.582853121424252, 14.572720057395102, 14.39876761273786, 14.334483838962546, 14.17287824271002, 14.207680780951405, 13.978598549110448, 13.93819648445178, 13.917170532988706, 13.915262301985681, 13.846198712885446, 13.71243405900073, 13.627068161311083, 13.557123328317097, 13.540737505366838, 13.298835659844634, 13.045907775890797, 12.969223651211898, 12.879349009928227, 12.84087952604088, 12.697466943846782, 12.561675123242198, 12.67580889531596, 12.60775135196476, 12.425373362319856, 12.303568326668893, 12.25704338587732, 12.138089846621382, 12.135727175163025, 12.04855554273027, 11.767004487727041, 11.764644064678594, 11.51589845705259, 11.49376776147958, 11.30950067266561, 11.102877861724231, 11.097839965974089, 10.992478158117196, 10.90776373188976, 10.799418044841778, 10.863642927723808, 10.805976651221261, 10.681918904316808, 10.671606768717863, 10.472138161158766, 10.559531423776312, 10.328567318645346, 10.449518293936002, 10.160049939812053, 10.184109826218075, 9.942144201242966, 9.927284159788329, 9.8136922743998, 9.589629023478322, 9.620345223190194, 9.55094213865664, 9.637680924202296, 9.501331198187545, 9.45088498545504, 9.220021523846887, 9.198927975758098, 9.14889740025702, 8.977563064176572, 9.074194591334185, 8.973355553183636, 8.905545207094017, 8.722623802498212, 8.632845142170632, 8.62082654019453, 8.528104744688457, 8.366358239380588, 8.258959481805661, 8.164021828329007, 8.032317461855882, 7.956837460858716, 7.81572538287074, 7.6025794026921165, 7.658009145567299, 7.496349884508292, 7.425358017252518, 7.313266434367405, 7.277664210190909, 7.3233481414027555, 7.154137851617141, 6.980697165894119, 6.93810017261826, 6.807937493490091, 6.549797823893123, 6.787853987261704, 6.559856887207852, 6.528856147717003, 6.502447509609253, 6.308971576896002, 6.403994851712316, 6.250352549233781, 6.191246561967318, 6.0727533912741425, 5.916292333641453, 5.74248252271849, 5.604614045746748, 5.387966131092377, 5.25701622349543, 5.281754606945357, 5.144933486597577, 5.072047043652808, 5.047911529586633, 4.976446728574875, 4.852108993076676, 4.883603836498671, 4.605842722127795, 4.425849615482673, 4.569264430339931, 4.39286744677788, 4.231505501102535, 4.076889955082595, 4.2476643701056975, 4.23308537105547, 4.067415900329338, 3.9105456142451813, 3.958833404378746, 3.7723584916252926, 3.555184367864421, 3.4074090250698843, 3.370768242591324, 3.2124870058020494, 3.19969018125248, 3.2592811712184613, 3.1680934748005205, 3.1475775947630864, 3.131256019088506, 3.021282398573881, 2.8475982068568335, 2.7591616025869414, 2.6692535464999407, 2.681651579956111, 2.6661629535275058, 2.4441394385307462, 2.2807960842418127, 2.263797410865466, 2.270663077158507, 2.1502134346861372, 2.030361672705916, 2.036357670831563, 1.9574926468101073, 1.9516947695225733]
Blocksize strategy selection process: -0.065596 --> -0.065596, len_BS = 1
Blocksize strategy selection process: -0.055564 --> -0.025812, len_BS = 237
Blocksize strategy selection process: -0.055367 --> -0.025812, len_BS = 378
Blocksize strategy selection process: -0.055169 --> -0.025812, len_BS = 472
Blocksize strategy selection process: -0.054970 --> -0.025812, len_BS = 574
Blocksize strategy selection process: -0.054771 --> -0.025812, len_BS = 666
Blocksize strategy selection process: -0.049309 --> -0.025812, len_BS = 762
Blocksize strategy selection process: -0.049156 --> -0.025811, len_BS = 849
Blocksize strategy selection process: -0.049030 --> -0.025811, len_BS = 946
Blocksize strategy selection process: -0.049001 --> -0.025811, len_BS = 1023
Blocksize strategy selection process: -0.048876 --> -0.025811, len_BS = 1074
Blocksize strategy selection process: -0.048845 --> -0.025811, len_BS = 1157
Blocksize strategy selection process: -0.048751 --> -0.025811, len_BS = 1197
Blocksize strategy selection process: -0.048721 --> -0.025811, len_BS = 1242
Blocksize strategy selection process: -0.048689 --> -0.025811, len_BS = 1289
Blocksize strategy selection process: -0.048597 --> -0.025811, len_BS = 1337
Blocksize strategy selection process: -0.048565 --> -0.025811, len_BS = 1384
Blocksize strategy selection process: -0.045444 --> -0.025811, len_BS = 1425
Blocksize strategy selection process: -0.045322 --> -0.025811, len_BS = 1459
Blocksize strategy selection process: -0.045225 --> -0.025811, len_BS = 1538
Blocksize strategy selection process: -0.045199 --> -0.025811, len_BS = 1608
Blocksize strategy selection process: -0.045149 --> -0.025811, len_BS = 1649
Blocksize strategy selection process: -0.045103 --> -0.025811, len_BS = 1676
Blocksize strategy selection process: -0.045076 --> -0.025811, len_BS = 1737
Blocksize strategy selection process: -0.045027 --> -0.025811, len_BS = 1783
Blocksize strategy selection process: -0.045006 --> -0.025811, len_BS = 1803
Blocksize strategy selection process: -0.044980 --> -0.025811, len_BS = 1832
Blocksize strategy selection process: -0.044950 --> -0.025811, len_BS = 1877
Blocksize strategy selection process: -0.044931 --> -0.025811, len_BS = 1913
Blocksize strategy selection process: -0.044905 --> -0.025811, len_BS = 1913
Blocksize strategy selection process: -0.044884 --> -0.025811, len_BS = 1938
Blocksize strategy selection process: -0.044856 --> -0.025811, len_BS = 1966
Blocksize strategy selection process: -0.042805 --> -0.025811, len_BS = 2019
Blocksize strategy selection process: -0.042722 --> -0.025811, len_BS = 1901
Blocksize strategy selection process: -0.042657 --> -0.025811, len_BS = 1959
Blocksize strategy selection process: -0.042637 --> -0.025811, len_BS = 2011
Blocksize strategy selection process: -0.042574 --> -0.025811, len_BS = 2035
Blocksize strategy selection process: -0.042552 --> -0.025811, len_BS = 2095
Blocksize strategy selection process: -0.042509 --> -0.025811, len_BS = 2112
Blocksize strategy selection process: -0.042489 --> -0.025811, len_BS = 2154
Blocksize strategy selection process: -0.041823 --> -0.025811, len_BS = 2181
Blocksize strategy selection process: -0.040910 --> -0.025811, len_BS = 2183
Blocksize strategy selection process: -0.040844 --> -0.025811, len_BS = 2135
Blocksize strategy selection process: -0.040794 --> -0.025811, len_BS = 2188
Blocksize strategy selection process: -0.040777 --> -0.025811, len_BS = 2237
Blocksize strategy selection process: -0.040757 --> -0.025811, len_BS = 2261
Blocksize strategy selection process: -0.040728 --> -0.025811, len_BS = 2278
Blocksize strategy selection process: -0.040710 --> -0.025811, len_BS = 2315
Blocksize strategy selection process: -0.040691 --> -0.025811, len_BS = 2343
Blocksize strategy selection process: -0.040678 --> -0.025811, len_BS = 2358
Blocksize strategy selection process: -0.040660 --> -0.025811, len_BS = 2372
Blocksize strategy selection process: -0.040641 --> -0.025811, len_BS = 2398
Blocksize strategy selection process: -0.040587 --> -0.025811, len_BS = 2419
Blocksize strategy selection process: -0.040569 --> -0.025811, len_BS = 2480
Blocksize strategy selection process: -0.040556 --> -0.025811, len_BS = 2496
Blocksize strategy selection process: -0.039458 --> -0.025811, len_BS = 2510
Blocksize strategy selection process: -0.039416 --> -0.025811, len_BS = 2391
Blocksize strategy selection process: -0.039385 --> -0.025811, len_BS = 2442
Blocksize strategy selection process: -0.039374 --> -0.025811, len_BS = 2481
Blocksize strategy selection process: -0.039304 --> -0.025811, len_BS = 2498
Blocksize strategy selection process: -0.039301 --> -0.025811, len_BS = 2569
Blocksize strategy selection process: -0.039156 --> -0.025811, len_BS = 2569
Blocksize strategy selection process: -0.038553 --> -0.025811, len_BS = 2587
Blocksize strategy selection process: -0.038519 --> -0.025811, len_BS = 2544
Blocksize strategy selection process: -0.038496 --> -0.025811, len_BS = 2582
Blocksize strategy selection process: -0.038450 --> -0.025811, len_BS = 2615
Blocksize strategy selection process: -0.038417 --> -0.025811, len_BS = 2672
Blocksize strategy selection process: -0.038394 --> -0.025811, len_BS = 2703
Blocksize strategy selection process: -0.038384 --> -0.025811, len_BS = 2732
Blocksize strategy selection process: -0.038377 --> -0.025811, len_BS = 2745
Blocksize strategy selection process: -0.038361 --> -0.025811, len_BS = 2760
Blocksize strategy selection process: -0.038351 --> -0.025811, len_BS = 2778
Blocksize strategy selection process: -0.038344 --> -0.025811, len_BS = 2792
Blocksize strategy selection process: -0.038338 --> -0.025811, len_BS = 2803
Blocksize strategy selection process: -0.037842 --> -0.025811, len_BS = 2815
Blocksize strategy selection process: -0.037823 --> -0.025811, len_BS = 2821
Blocksize strategy selection process: -0.037809 --> -0.025811, len_BS = 2845
Blocksize strategy selection process: -0.037804 --> -0.025811, len_BS = 2863
Blocksize strategy selection process: -0.037790 --> -0.025811, len_BS = 2871
Blocksize strategy selection process: -0.037749 --> -0.025811, len_BS = 2887
Blocksize strategy selection process: -0.037730 --> -0.025811, len_BS = 2932
Blocksize strategy selection process: -0.037717 --> -0.025811, len_BS = 2950
Blocksize strategy selection process: -0.037711 --> -0.025811, len_BS = 2970
Blocksize strategy selection process: -0.037437 --> -0.025811, len_BS = 2980
Blocksize strategy selection process: -0.037423 --> -0.025811, len_BS = 3011
Blocksize strategy selection process: -0.037412 --> -0.025811, len_BS = 3033
Blocksize strategy selection process: -0.037408 --> -0.025811, len_BS = 3053
Blocksize strategy selection process: -0.037404 --> -0.025811, len_BS = 3064
Blocksize strategy selection process: -0.037397 --> -0.025811, len_BS = 3068
Blocksize strategy selection process: -0.037350 --> -0.025811, len_BS = 3080
Blocksize strategy selection process: -0.037335 --> -0.025811, len_BS = 3137
Blocksize strategy selection process: -0.037325 --> -0.025811, len_BS = 3156
Blocksize strategy selection process: -0.037296 --> -0.025811, len_BS = 3170
Blocksize strategy selection process: -0.037262 --> -0.025811, len_BS = 3220
Blocksize strategy selection process: -0.036879 --> -0.025811, len_BS = 3277
Blocksize strategy selection process: -0.036862 --> -0.025811, len_BS = 3238
Blocksize strategy selection process: -0.036850 --> -0.025811, len_BS = 3266
Blocksize strategy selection process: -0.036846 --> -0.025811, len_BS = 3290
Blocksize strategy selection process: -0.036809 --> -0.025811, len_BS = 3304
Blocksize strategy selection process: -0.036796 --> -0.025811, len_BS = 3346
Blocksize strategy selection process: -0.036529 --> -0.025811, len_BS = 3370
Blocksize strategy selection process: -0.036516 --> -0.025811, len_BS = 3354
Blocksize strategy selection process: -0.036507 --> -0.025811, len_BS = 3377
Blocksize strategy selection process: -0.036480 --> -0.025811, len_BS = 3403
Blocksize strategy selection process: -0.036468 --> -0.025811, len_BS = 3447
Blocksize strategy selection process: -0.036459 --> -0.025811, len_BS = 3475
Blocksize strategy selection process: -0.036455 --> -0.025811, len_BS = 3497
Blocksize strategy selection process: -0.036452 --> -0.025811, len_BS = 3511
Blocksize strategy selection process: -0.036446 --> -0.025811, len_BS = 3518
Blocksize strategy selection process: -0.036442 --> -0.025811, len_BS = 3533
Blocksize strategy selection process: -0.036440 --> -0.025811, len_BS = 3546
Blocksize strategy selection process: -0.036437 --> -0.025811, len_BS = 3552
Blocksize strategy selection process: -0.036257 --> -0.025811, len_BS = 3560
Blocksize strategy selection process: -0.036249 --> -0.025811, len_BS = 3578
Blocksize strategy selection process: -0.036244 --> -0.025811, len_BS = 3595
Blocksize strategy selection process: -0.036242 --> -0.025811, len_BS = 3613
Blocksize strategy selection process: -0.036237 --> -0.025811, len_BS = 3618
Blocksize strategy selection process: -0.036212 --> -0.025811, len_BS = 3636
Blocksize strategy selection process: -0.036205 --> -0.025811, len_BS = 3680
Blocksize strategy selection process: -0.036200 --> -0.025811, len_BS = 3702
Blocksize strategy selection process: -0.036198 --> -0.025811, len_BS = 3715
Blocksize strategy selection process: -0.036027 --> -0.025811, len_BS = 3724
Blocksize strategy selection process: -0.036016 --> -0.025811, len_BS = 3734
Blocksize strategy selection process: -0.036008 --> -0.025811, len_BS = 3763
Blocksize strategy selection process: -0.036005 --> -0.025811, len_BS = 3788
Blocksize strategy selection process: -0.036003 --> -0.025811, len_BS = 3799
Blocksize strategy selection process: -0.035998 --> -0.025811, len_BS = 3804
Blocksize strategy selection process: -0.035994 --> -0.025811, len_BS = 3822
Blocksize strategy selection process: -0.035992 --> -0.025811, len_BS = 3831
Blocksize strategy selection process: -0.035990 --> -0.025811, len_BS = 3840
Blocksize strategy selection process: -0.035987 --> -0.025811, len_BS = 3846
Blocksize strategy selection process: -0.035983 --> -0.025811, len_BS = 3855
Blocksize strategy selection process: -0.035970 --> -0.025811, len_BS = 3861
Blocksize strategy selection process: -0.035968 --> -0.025811, len_BS = 3893
Blocksize strategy selection process: -0.035966 --> -0.025811, len_BS = 3898
Blocksize strategy selection process: -0.035795 --> -0.025811, len_BS = 3903
Blocksize strategy selection process: -0.035789 --> -0.025811, len_BS = 3875
Blocksize strategy selection process: -0.035785 --> -0.025811, len_BS = 3887
Blocksize strategy selection process: -0.035783 --> -0.025811, len_BS = 3897
Blocksize strategy selection process: -0.035768 --> -0.025811, len_BS = 3904
Blocksize strategy selection process: -0.035765 --> -0.025811, len_BS = 3937
Blocksize strategy selection process: -0.035664 --> -0.025811, len_BS = 3948
Blocksize strategy selection process: -0.035660 --> -0.025811, len_BS = 3975
Blocksize strategy selection process: -0.035656 --> -0.025811, len_BS = 3990
Blocksize strategy selection process: -0.035645 --> -0.025811, len_BS = 4008
Blocksize strategy selection process: -0.035640 --> -0.025811, len_BS = 4041
Blocksize strategy selection process: -0.035637 --> -0.025811, len_BS = 4057
Blocksize strategy selection process: -0.035636 --> -0.025811, len_BS = 4069
Blocksize strategy selection process: -0.035635 --> -0.025811, len_BS = 4076
Blocksize strategy selection process: -0.035632 --> -0.025811, len_BS = 4082
Blocksize strategy selection process: -0.035631 --> -0.025811, len_BS = 4091
Blocksize strategy selection process: -0.035630 --> -0.025811, len_BS = 4098
Blocksize strategy selection process: -0.035629 --> -0.025811, len_BS = 4104
Blocksize strategy selection process: -0.035581 --> -0.025811, len_BS = 4108
Blocksize strategy selection process: -0.035577 --> -0.025811, len_BS = 4136
Blocksize strategy selection process: -0.035573 --> -0.025811, len_BS = 4153
Blocksize strategy selection process: -0.035571 --> -0.025811, len_BS = 4159
Blocksize strategy selection process: -0.035570 --> -0.025811, len_BS = 4152
Blocksize strategy selection process: -0.035566 --> -0.025811, len_BS = 4152
Blocksize strategy selection process: -0.035564 --> -0.025811, len_BS = 4153
Blocksize strategy selection process: -0.035562 --> -0.025811, len_BS = 4153
Blocksize strategy selection process: -0.035559 --> -0.025811, len_BS = 4178
Blocksize strategy selection process: -0.035557 --> -0.025811, len_BS = 4184
Blocksize strategy selection process: -0.035555 --> -0.025811, len_BS = 4184
Blocksize strategy selection process: -0.035545 --> -0.025811, len_BS = 4184
Blocksize strategy selection process: -0.035542 --> -0.025811, len_BS = 4188
Blocksize strategy selection process: -0.035540 --> -0.025811, len_BS = 4197
Blocksize strategy selection process: -0.035539 --> -0.025811, len_BS = 4202
Blocksize strategy selection process: -0.035481 --> -0.025811, len_BS = 4206
Blocksize strategy selection process: -0.035458 --> -0.025811, len_BS = 4209
Blocksize strategy selection process: -0.035457 --> -0.025811, len_BS = 4241
Blocksize strategy selection process: -0.035456 --> -0.025811, len_BS = 4241
Blocksize strategy selection process: -0.035455 --> -0.025811, len_BS = 4241
Blocksize strategy selection process: -0.035454 --> -0.025811, len_BS = 4241
Blocksize strategy selection process: -0.035453 --> -0.025811, len_BS = 4242
Blocksize strategy selection process: -0.035452 --> -0.025811, len_BS = 4243
Blocksize strategy selection process: -0.035447 --> -0.025811, len_BS = 4245
Blocksize strategy selection process: -0.035446 --> -0.025811, len_BS = 4247
Blocksize strategy selection process: -0.035382 --> -0.025811, len_BS = 4247
Blocksize strategy selection process: -0.035379 --> -0.025811, len_BS = 4254
Blocksize strategy selection process: -0.035378 --> -0.025811, len_BS = 4260
Blocksize strategy selection process: -0.035377 --> -0.025811, len_BS = 4267
Blocksize strategy selection process: -0.035300 --> -0.025811, len_BS = 4268
Blocksize strategy selection process: -0.035297 --> -0.025811, len_BS = 4241
Blocksize strategy selection process: -0.035296 --> -0.025811, len_BS = 4251
Blocksize strategy selection process: -0.035293 --> -0.025811, len_BS = 4255
Blocksize strategy selection process: -0.035292 --> -0.025811, len_BS = 4281
Blocksize strategy selection process: -0.035224 --> -0.025811, len_BS = 4284
Blocksize strategy selection process: -0.035221 --> -0.025811, len_BS = 4301
Blocksize strategy selection process: -0.035220 --> -0.025811, len_BS = 4309
Blocksize strategy selection process: -0.035219 --> -0.025811, len_BS = 4314
Blocksize strategy selection process: -0.035214 --> -0.025811, len_BS = 4318
Blocksize strategy selection process: -0.035213 --> -0.025811, len_BS = 4331
Blocksize strategy selection process: -0.035212 --> -0.025811, len_BS = 4330
Blocksize strategy selection process: -0.035208 --> -0.025811, len_BS = 4330
Blocksize strategy selection process: -0.035207 --> -0.025811, len_BS = 4330
Blocksize strategy selection process: -0.035144 --> -0.025811, len_BS = 4330
Blocksize strategy selection process: -0.035141 --> -0.025811, len_BS = 4332
Blocksize strategy selection process: -0.035140 --> -0.025811, len_BS = 4340
Blocksize strategy selection process: -0.035137 --> -0.025811, len_BS = 4345
Blocksize strategy selection process: -0.035135 --> -0.025811, len_BS = 4339
Blocksize strategy selection process: -0.035134 --> -0.025811, len_BS = 4339
Blocksize strategy selection process: -0.035097 --> -0.025811, len_BS = 4340
Blocksize strategy selection process: -0.035095 --> -0.025811, len_BS = 4367
Blocksize strategy selection process: -0.035094 --> -0.025811, len_BS = 4372
Blocksize strategy selection process: -0.035090 --> -0.025811, len_BS = 4373
Blocksize strategy selection process: -0.035088 --> -0.025811, len_BS = 4380
Blocksize strategy selection process: -0.035087 --> -0.025811, len_BS = 4383
Blocksize strategy selection process: -0.035086 --> -0.025811, len_BS = 4386
Blocksize strategy selection process: -0.035085 --> -0.025811, len_BS = 4392
Blocksize strategy selection process: -0.035084 --> -0.025811, len_BS = 4399
Blocksize strategy selection process: -0.035058 --> -0.025811, len_BS = 4399
Blocksize strategy selection process: -0.035057 --> -0.025811, len_BS = 4425
Blocksize strategy selection process: -0.035055 --> -0.025811, len_BS = 4435
Blocksize strategy selection process: -0.035054 --> -0.025811, len_BS = 4437
Blocksize strategy selection process: -0.035017 --> -0.025811, len_BS = 4437
Blocksize strategy selection process: -0.035015 --> -0.025811, len_BS = 4466
Blocksize strategy selection process: -0.035014 --> -0.025811, len_BS = 4474
Blocksize strategy selection process: -0.035010 --> -0.025811, len_BS = 4480
Blocksize strategy selection process: -0.035009 --> -0.025811, len_BS = 4491
Blocksize strategy selection process: -0.035008 --> -0.025811, len_BS = 4497
Blocksize strategy selection process: -0.034979 --> -0.025811, len_BS = 4500
Blocksize strategy selection process: -0.034977 --> -0.025811, len_BS = 4529
Blocksize strategy selection process: -0.034976 --> -0.025811, len_BS = 4537
Blocksize strategy selection process: -0.034975 --> -0.025811, len_BS = 4537
Blocksize strategy selection process: -0.034974 --> -0.025811, len_BS = 4537
Blocksize strategy selection process: -0.034973 --> -0.025811, len_BS = 4538
Blocksize strategy selection process: -0.034944 --> -0.025811, len_BS = 4540
Blocksize strategy selection process: -0.034899 --> -0.025811, len_BS = 4568
Blocksize strategy selection process: -0.034897 --> -0.025811, len_BS = 4596
Blocksize strategy selection process: -0.034896 --> -0.025811, len_BS = 4600
Blocksize strategy selection process: -0.034895 --> -0.025811, len_BS = 4601
Blocksize strategy selection process: -0.034894 --> -0.025811, len_BS = 4601
Blocksize strategy selection process: -0.034864 --> -0.025811, len_BS = 4601
Blocksize strategy selection process: -0.034839 --> -0.025811, len_BS = 4634
Blocksize strategy selection process: -0.034838 --> -0.025811, len_BS = 4664
Blocksize strategy selection process: -0.034837 --> -0.025811, len_BS = 4665
Blocksize strategy selection process: -0.034793 --> -0.025811, len_BS = 4669
Blocksize strategy selection process: -0.034792 --> -0.025811, len_BS = 4705
Blocksize strategy selection process: -0.034791 --> -0.025811, len_BS = 4706
Blocksize strategy selection process: -0.034760 --> -0.025811, len_BS = 4706
Blocksize strategy selection process: -0.034759 --> -0.025811, len_BS = 4739
Blocksize strategy selection process: -0.034758 --> -0.025811, len_BS = 4739
Blocksize strategy selection process: -0.034721 --> -0.025811, len_BS = 4740
Blocksize strategy selection process: -0.034720 --> -0.025811, len_BS = 4765
Blocksize strategy selection process: -0.034688 --> -0.025811, len_BS = 4765
Blocksize strategy selection process: -0.034687 --> -0.025811, len_BS = 4793
Blocksize strategy selection process: -0.034686 --> -0.025811, len_BS = 4794
Blocksize strategy selection process: -0.034685 --> -0.025811, len_BS = 4796
Blocksize strategy selection process: -0.034652 --> -0.025811, len_BS = 4797
Blocksize strategy selection process: -0.034651 --> -0.025811, len_BS = 4832
Blocksize strategy selection process: -0.034636 --> -0.025811, len_BS = 4833
Blocksize strategy selection process: -0.034635 --> -0.025811, len_BS = 4852
Blocksize strategy selection process: -0.034634 --> -0.025811, len_BS = 4854
Blocksize strategy selection process: -0.034633 --> -0.025811, len_BS = 4858
Blocksize strategy selection process: -0.034632 --> -0.025811, len_BS = 4859
Blocksize strategy selection process: -0.034623 --> -0.025811, len_BS = 4862
Blocksize strategy selection process: -0.034622 --> -0.025811, len_BS = 4872
Blocksize strategy selection process: -0.034573 --> -0.025811, len_BS = 4873
Blocksize strategy selection process: -0.034572 --> -0.025811, len_BS = 4911
Blocksize strategy selection process: -0.034558 --> -0.025811, len_BS = 4914
Blocksize strategy selection process: -0.034557 --> -0.025811, len_BS = 4932
Blocksize strategy selection process: -0.034555 --> -0.025811, len_BS = 4932
Blocksize strategy selection process: -0.034554 --> -0.025811, len_BS = 4933
Blocksize strategy selection process: -0.034553 --> -0.025811, len_BS = 4935
Blocksize strategy selection process: -0.034544 --> -0.025811, len_BS = 4935
Blocksize strategy selection process: -0.034543 --> -0.025811, len_BS = 4950
Blocksize strategy selection process: -0.034494 --> -0.025811, len_BS = 4952
Blocksize strategy selection process: -0.034493 --> -0.025811, len_BS = 4977
Blocksize strategy selection process: -0.034436 --> -0.025811, len_BS = 4979
Blocksize strategy selection process: -0.034392 --> -0.025811, len_BS = 5012
Blocksize strategy selection process: -0.034391 --> -0.025811, len_BS = 5006
Blocksize strategy selection process: -0.034368 --> -0.025811, len_BS = 5008
Blocksize strategy selection process: -0.034367 --> -0.025811, len_BS = 5016
Blocksize strategy selection process: -0.034365 --> -0.025811, len_BS = 5020
Blocksize strategy selection process: -0.034334 --> -0.025811, len_BS = 5024
Blocksize strategy selection process: -0.034333 --> -0.025811, len_BS = 5042
Blocksize strategy selection process: -0.034319 --> -0.025811, len_BS = 5043
Blocksize strategy selection process: -0.034318 --> -0.025811, len_BS = 5058
Blocksize strategy selection process: -0.034317 --> -0.025811, len_BS = 5058
Blocksize strategy selection process: -0.034316 --> -0.025811, len_BS = 5060
Blocksize strategy selection process: -0.034315 --> -0.025811, len_BS = 5064
Blocksize strategy selection process: -0.034307 --> -0.025811, len_BS = 5065
Blocksize strategy selection process: -0.034306 --> -0.025811, len_BS = 5070
Blocksize strategy selection process: -0.034285 --> -0.025811, len_BS = 5073
Blocksize strategy selection process: -0.034284 --> -0.025811, len_BS = 5089
Blocksize strategy selection process: -0.034253 --> -0.025811, len_BS = 5090
Blocksize strategy selection process: -0.034252 --> -0.025811, len_BS = 5098
Blocksize strategy selection process: -0.034239 --> -0.025811, len_BS = 5099
Blocksize strategy selection process: -0.034206 --> -0.025811, len_BS = 5109
Blocksize strategy selection process: -0.034172 --> -0.025811, len_BS = 5115
Blocksize strategy selection process: -0.034171 --> -0.025811, len_BS = 5124
Blocksize strategy selection process: -0.034164 --> -0.025811, len_BS = 5126
Blocksize strategy selection process: -0.034141 --> -0.025811, len_BS = 5122
Blocksize strategy selection process: -0.034140 --> -0.025811, len_BS = 5121
Blocksize strategy selection process: -0.034126 --> -0.025811, len_BS = 5122
Blocksize strategy selection process: -0.034125 --> -0.025811, len_BS = 5131
Blocksize strategy selection process: -0.034107 --> -0.025811, len_BS = 5132
Blocksize strategy selection process: -0.034095 --> -0.025811, len_BS = 5138
Blocksize strategy selection process: -0.034085 --> -0.025811, len_BS = 5153
Blocksize strategy selection process: -0.034084 --> -0.025811, len_BS = 5166
Blocksize strategy selection process: -0.034073 --> -0.025811, len_BS = 5167
Blocksize strategy selection process: -0.034068 --> -0.025811, len_BS = 5175
Blocksize strategy selection process: -0.034067 --> -0.025811, len_BS = 5184
Blocksize strategy selection process: -0.034064 --> -0.025811, len_BS = 5186
Blocksize strategy selection process: -0.034040 --> -0.025811, len_BS = 5189
Blocksize strategy selection process: -0.034006 --> -0.025811, len_BS = 5199
Blocksize strategy selection process: -0.033999 --> -0.025811, len_BS = 5207
Blocksize strategy selection process: -0.033995 --> -0.025811, len_BS = 5193
Blocksize strategy selection process: -0.033990 --> -0.025811, len_BS = 5204
Blocksize strategy selection process: -0.033989 --> -0.025811, len_BS = 5217
Blocksize strategy selection process: -0.033972 --> -0.025811, len_BS = 5219
Blocksize strategy selection process: -0.033958 --> -0.025811, len_BS = 5220
Blocksize strategy selection process: -0.033951 --> -0.025811, len_BS = 5225
Blocksize strategy selection process: -0.033950 --> -0.025811, len_BS = 5232
Blocksize strategy selection process: -0.033940 --> -0.025811, len_BS = 5233
Blocksize strategy selection process: -0.033935 --> -0.025811, len_BS = 5251
Blocksize strategy selection process: -0.033934 --> -0.025811, len_BS = 5258
Blocksize strategy selection process: -0.033879 --> -0.025811, len_BS = 5261
Blocksize strategy selection process: -0.033875 --> -0.025811, len_BS = 5200
Blocksize strategy selection process: -0.033851 --> -0.025811, len_BS = 5208
Blocksize strategy selection process: -0.033817 --> -0.025811, len_BS = 5218
Blocksize strategy selection process: -0.033757 --> -0.025811, len_BS = 5236
Blocksize strategy selection process: -0.033740 --> -0.025811, len_BS = 5221
Blocksize strategy selection process: -0.033719 --> -0.025811, len_BS = 5201
Blocksize strategy selection process: -0.033709 --> -0.025811, len_BS = 5200
Blocksize strategy selection process: -0.033705 --> -0.025811, len_BS = 5211
Blocksize strategy selection process: -0.033704 --> -0.025811, len_BS = 5223
Blocksize strategy selection process: -0.033701 --> -0.025811, len_BS = 5224
Blocksize strategy selection process: -0.033695 --> -0.025811, len_BS = 5230
Blocksize strategy selection process: -0.033677 --> -0.025811, len_BS = 5242
Blocksize strategy selection process: -0.033673 --> -0.025811, len_BS = 5258
Blocksize strategy selection process: -0.033627 --> -0.025811, len_BS = 5268
Blocksize strategy selection process: -0.033626 --> -0.025811, len_BS = 5288
Blocksize strategy selection process: -0.033624 --> -0.025811, len_BS = 5290
Blocksize strategy selection process: -0.033617 --> -0.025811, len_BS = 5295
Blocksize strategy selection process: -0.033600 --> -0.025811, len_BS = 5303
Blocksize strategy selection process: -0.033596 --> -0.025811, len_BS = 5314
Blocksize strategy selection process: -0.033553 --> -0.025811, len_BS = 5325
Blocksize strategy selection process: -0.033549 --> -0.025811, len_BS = 5336
Blocksize strategy selection process: -0.033540 --> -0.025811, len_BS = 5344
Blocksize strategy selection process: -0.033501 --> -0.025811, len_BS = 5360
Blocksize strategy selection process: -0.033471 --> -0.025811, len_BS = 5373
Blocksize strategy selection process: -0.033467 --> -0.025811, len_BS = 5388
Blocksize strategy selection process: -0.033462 --> -0.025811, len_BS = 5394
Blocksize strategy selection process: -0.033427 --> -0.025811, len_BS = 5403
Blocksize strategy selection process: -0.033414 --> -0.025811, len_BS = 5413
Blocksize strategy selection process: -0.033413 --> -0.025811, len_BS = 5412
Blocksize strategy selection process: -0.033409 --> -0.025811, len_BS = 5413
Blocksize strategy selection process: -0.033404 --> -0.025811, len_BS = 5421
Blocksize strategy selection process: -0.033398 --> -0.025811, len_BS = 5429
Blocksize strategy selection process: -0.033395 --> -0.025811, len_BS = 5436
Blocksize strategy selection process: -0.033392 --> -0.025811, len_BS = 5437
Blocksize strategy selection process: -0.033385 --> -0.025811, len_BS = 5441
Blocksize strategy selection process: -0.033371 --> -0.025811, len_BS = 5454
Blocksize strategy selection process: -0.033368 --> -0.025811, len_BS = 5467
Blocksize strategy selection process: -0.033365 --> -0.025811, len_BS = 5466
Blocksize strategy selection process: -0.033364 --> -0.025811, len_BS = 5469
Blocksize strategy selection process: -0.033363 --> -0.025811, len_BS = 5471
Blocksize strategy selection process: -0.033361 --> -0.025811, len_BS = 5472
Blocksize strategy selection process: -0.033360 --> -0.025811, len_BS = 5475
Blocksize strategy selection process: -0.033323 --> -0.025811, len_BS = 5475
Blocksize strategy selection process: -0.033320 --> -0.025811, len_BS = 5487
Blocksize strategy selection process: -0.033234 --> -0.025811, len_BS = 5493
Blocksize strategy selection process: -0.033205 --> -0.025811, len_BS = 5490
Blocksize strategy selection process: -0.033204 --> -0.025811, len_BS = 5500
Blocksize strategy selection process: -0.033172 --> -0.025811, len_BS = 5474
Blocksize strategy selection process: -0.033171 --> -0.025811, len_BS = 5469
Blocksize strategy selection process: -0.033156 --> -0.025811, len_BS = 5471
Blocksize strategy selection process: -0.033128 --> -0.025811, len_BS = 5479
Blocksize strategy selection process: -0.033122 --> -0.025811, len_BS = 5494
Blocksize strategy selection process: -0.033120 --> -0.025811, len_BS = 5504
Blocksize strategy selection process: -0.033118 --> -0.025811, len_BS = 5510
Blocksize strategy selection process: -0.033116 --> -0.025811, len_BS = 5511
Blocksize strategy selection process: -0.033011 --> -0.025811, len_BS = 5517
Blocksize strategy selection process: -0.032930 --> -0.025811, len_BS = 5518
Blocksize strategy selection process: -0.032927 --> -0.025811, len_BS = 5539
Blocksize strategy selection process: -0.032926 --> -0.025811, len_BS = 5543
Blocksize strategy selection process: -0.032889 --> -0.025811, len_BS = 5544
Blocksize strategy selection process: -0.032873 --> -0.025811, len_BS = 5553
Blocksize strategy selection process: -0.032854 --> -0.025811, len_BS = 5559
Blocksize strategy selection process: -0.032822 --> -0.025811, len_BS = 5577
Blocksize strategy selection process: -0.032821 --> -0.025811, len_BS = 5593
Blocksize strategy selection process: -0.032820 --> -0.025811, len_BS = 5593
Blocksize strategy selection process: -0.032818 --> -0.025811, len_BS = 5530
Blocksize strategy selection process: -0.032815 --> -0.025811, len_BS = 5530
Blocksize strategy selection process: -0.032814 --> -0.025811, len_BS = 5532
Blocksize strategy selection process: -0.032813 --> -0.025811, len_BS = 5534
Blocksize strategy selection process: -0.032812 --> -0.025811, len_BS = 5534
Blocksize strategy selection process: -0.032807 --> -0.025811, len_BS = 5536
Blocksize strategy selection process: -0.032772 --> -0.025811, len_BS = 5540
Blocksize strategy selection process: -0.032763 --> -0.025811, len_BS = 5538
Blocksize strategy selection process: -0.032762 --> -0.025811, len_BS = 5521
Blocksize strategy selection process: -0.032760 --> -0.025811, len_BS = 5523
Blocksize strategy selection process: -0.032750 --> -0.025811, len_BS = 5529
Blocksize strategy selection process: -0.032712 --> -0.025811, len_BS = 5536
Blocksize strategy selection process: -0.032687 --> -0.025811, len_BS = 5529
Blocksize strategy selection process: -0.032686 --> -0.025811, len_BS = 5540
Blocksize strategy selection process: -0.032684 --> -0.025811, len_BS = 5541
Blocksize strategy selection process: -0.032647 --> -0.025811, len_BS = 5547
Blocksize strategy selection process: -0.032636 --> -0.025811, len_BS = 5551
Blocksize strategy selection process: -0.032635 --> -0.025811, len_BS = 5559
Blocksize strategy selection process: -0.032619 --> -0.025811, len_BS = 5561
Blocksize strategy selection process: -0.032618 --> -0.025811, len_BS = 5566
Blocksize strategy selection process: -0.032508 --> -0.025811, len_BS = 5566
Blocksize strategy selection process: -0.032507 --> -0.025811, len_BS = 5573
Blocksize strategy selection process: -0.032506 --> -0.025811, len_BS = 5574
Blocksize strategy selection process: -0.032505 --> -0.025811, len_BS = 5575
Blocksize strategy selection process: -0.032483 --> -0.025811, len_BS = 5575
Blocksize strategy selection process: -0.032481 --> -0.025811, len_BS = 5583
Blocksize strategy selection process: -0.032459 --> -0.025811, len_BS = 5585
Blocksize strategy selection process: -0.032456 --> -0.025811, len_BS = 5590
Blocksize strategy selection process: -0.032400 --> -0.025811, len_BS = 5592
Blocksize strategy selection process: -0.032399 --> -0.025811, len_BS = 5611
Blocksize strategy selection process: -0.032398 --> -0.025811, len_BS = 5612
Blocksize strategy selection process: -0.032396 --> -0.025811, len_BS = 5611
Blocksize strategy selection process: -0.032395 --> -0.025811, len_BS = 5549
Blocksize strategy selection process: -0.032394 --> -0.025811, len_BS = 5550
Blocksize strategy selection process: -0.032211 --> -0.025811, len_BS = 5554
Blocksize strategy selection process: -0.032191 --> -0.025811, len_BS = 5488
Blocksize strategy selection process: -0.032139 --> -0.025811, len_BS = 5497
Blocksize strategy selection process: -0.032138 --> -0.025811, len_BS = 5496
Blocksize strategy selection process: -0.032132 --> -0.025811, len_BS = 5497
Blocksize strategy selection process: -0.032130 --> -0.025811, len_BS = 5504
Blocksize strategy selection process: -0.032018 --> -0.025811, len_BS = 5358
Blocksize strategy selection process: -0.031989 --> -0.025811, len_BS = 5308
Blocksize strategy selection process: -0.031985 --> -0.025811, len_BS = 5318
Blocksize strategy selection process: -0.031984 --> -0.025811, len_BS = 5264
Blocksize strategy selection process: -0.031971 --> -0.025811, len_BS = 5265
Blocksize strategy selection process: -0.031968 --> -0.025811, len_BS = 5277
Blocksize strategy selection process: -0.031964 --> -0.025811, len_BS = 5277
Blocksize strategy selection process: -0.031962 --> -0.025811, len_BS = 5282
Blocksize strategy selection process: -0.031961 --> -0.025811, len_BS = 5279
Blocksize strategy selection process: -0.031960 --> -0.025811, len_BS = 5280
Blocksize strategy selection process: -0.031957 --> -0.025811, len_BS = 5281
Blocksize strategy selection process: -0.031951 --> -0.025811, len_BS = 5287
Blocksize strategy selection process: -0.031950 --> -0.025811, len_BS = 5297
Blocksize strategy selection process: -0.031947 --> -0.025811, len_BS = 5298
Blocksize strategy selection process: -0.031935 --> -0.025811, len_BS = 5304
Blocksize strategy selection process: -0.031859 --> -0.025811, len_BS = 5318
Blocksize strategy selection process: -0.031857 --> -0.025811, len_BS = 5346
Blocksize strategy selection process: -0.031849 --> -0.025811, len_BS = 5333
Blocksize strategy selection process: -0.031847 --> -0.025811, len_BS = 5341
Blocksize strategy selection process: -0.031844 --> -0.025811, len_BS = 5345
Blocksize strategy selection process: -0.031805 --> -0.025811, len_BS = 5347
Blocksize strategy selection process: -0.031804 --> -0.025811, len_BS = 5372
Blocksize strategy selection process: -0.031802 --> -0.025811, len_BS = 5375
Blocksize strategy selection process: -0.031790 --> -0.025811, len_BS = 5379
Blocksize strategy selection process: -0.031785 --> -0.025811, len_BS = 5391
Blocksize strategy selection process: -0.031784 --> -0.025811, len_BS = 5399
Blocksize strategy selection process: -0.031777 --> -0.025811, len_BS = 5399
Blocksize strategy selection process: -0.031775 --> -0.025811, len_BS = 5412
Blocksize strategy selection process: -0.031772 --> -0.025811, len_BS = 5417
Blocksize strategy selection process: -0.031713 --> -0.025811, len_BS = 5423
Blocksize strategy selection process: -0.031712 --> -0.025811, len_BS = 5456
Blocksize strategy selection process: -0.031668 --> -0.025811, len_BS = 5456
Blocksize strategy selection process: -0.031667 --> -0.025811, len_BS = 5482
Blocksize strategy selection process: -0.031657 --> -0.025811, len_BS = 5486
Blocksize strategy selection process: -0.031656 --> -0.025811, len_BS = 5501
Blocksize strategy selection process: -0.031645 --> -0.025811, len_BS = 5501
Blocksize strategy selection process: -0.031640 --> -0.025811, len_BS = 5514
Blocksize strategy selection process: -0.031639 --> -0.025811, len_BS = 5517
Blocksize strategy selection process: -0.031638 --> -0.025811, len_BS = 5519
Blocksize strategy selection process: -0.031499 --> -0.025811, len_BS = 5519
Blocksize strategy selection process: -0.031494 --> -0.025811, len_BS = 5513
Blocksize strategy selection process: -0.031487 --> -0.025811, len_BS = 5520
Blocksize strategy selection process: -0.031485 --> -0.025811, len_BS = 5528
Blocksize strategy selection process: -0.031482 --> -0.025811, len_BS = 5530
Blocksize strategy selection process: -0.031440 --> -0.025811, len_BS = 5537
Blocksize strategy selection process: -0.031426 --> -0.025811, len_BS = 5538
Blocksize strategy selection process: -0.031375 --> -0.025811, len_BS = 5549
Blocksize strategy selection process: -0.031374 --> -0.025811, len_BS = 5556
Blocksize strategy selection process: -0.031371 --> -0.025811, len_BS = 5558
Blocksize strategy selection process: -0.031369 --> -0.025811, len_BS = 5563
Blocksize strategy selection process: -0.031368 --> -0.025811, len_BS = 5472
Blocksize strategy selection process: -0.031301 --> -0.025811, len_BS = 5475
Blocksize strategy selection process: -0.031299 --> -0.025811, len_BS = 5472
Blocksize strategy selection process: -0.031237 --> -0.025811, len_BS = 5477
Blocksize strategy selection process: -0.031119 --> -0.025811, len_BS = 5472
Blocksize strategy selection process: -0.031099 --> -0.025811, len_BS = 5418
Blocksize strategy selection process: -0.031096 --> -0.025811, len_BS = 5419
Blocksize strategy selection process: -0.031055 --> -0.025811, len_BS = 5424
Blocksize strategy selection process: -0.031054 --> -0.025811, len_BS = 5441
Blocksize strategy selection process: -0.031053 --> -0.025811, len_BS = 5442
Blocksize strategy selection process: -0.031052 --> -0.025811, len_BS = 5445
Blocksize strategy selection process: -0.031050 --> -0.025811, len_BS = 5446
Blocksize strategy selection process: -0.031034 --> -0.025811, len_BS = 5449
Blocksize strategy selection process: -0.031033 --> -0.025811, len_BS = 5466
Blocksize strategy selection process: -0.031032 --> -0.025811, len_BS = 5467
Blocksize strategy selection process: -0.030986 --> -0.025811, len_BS = 5467
Blocksize strategy selection process: -0.030985 --> -0.025811, len_BS = 5480
Blocksize strategy selection process: -0.030984 --> -0.025811, len_BS = 5480
Blocksize strategy selection process: -0.030983 --> -0.025811, len_BS = 5480
Blocksize strategy selection process: -0.030982 --> -0.025811, len_BS = 5483
Blocksize strategy selection process: -0.030981 --> -0.025811, len_BS = 5483
Blocksize strategy selection process: -0.030852 --> -0.025811, len_BS = 5487
Blocksize strategy selection process: -0.030813 --> -0.025811, len_BS = 5391
Blocksize strategy selection process: -0.030805 --> -0.025811, len_BS = 5411
Blocksize strategy selection process: -0.030780 --> -0.025811, len_BS = 5429
Blocksize strategy selection process: -0.030779 --> -0.025811, len_BS = 5446
Blocksize strategy selection process: -0.030777 --> -0.025811, len_BS = 5446
Blocksize strategy selection process: -0.030775 --> -0.025811, len_BS = 5450
Blocksize strategy selection process: -0.030774 --> -0.025811, len_BS = 5451
Blocksize strategy selection process: -0.030773 --> -0.025811, len_BS = 5457
Blocksize strategy selection process: -0.030771 --> -0.025811, len_BS = 5458
Blocksize strategy selection process: -0.030756 --> -0.025811, len_BS = 5461
Blocksize strategy selection process: -0.030755 --> -0.025811, len_BS = 5479
Blocksize strategy selection process: -0.030753 --> -0.025811, len_BS = 5482
Blocksize strategy selection process: -0.030706 --> -0.025811, len_BS = 5487
Blocksize strategy selection process: -0.030704 --> -0.025811, len_BS = 5493
Blocksize strategy selection process: -0.030703 --> -0.025811, len_BS = 5489
Blocksize strategy selection process: -0.030701 --> -0.025811, len_BS = 5489
Blocksize strategy selection process: -0.030687 --> -0.025811, len_BS = 5490
Blocksize strategy selection process: -0.030639 --> -0.025811, len_BS = 5505
Blocksize strategy selection process: -0.030637 --> -0.025811, len_BS = 5510
Blocksize strategy selection process: -0.030634 --> -0.025811, len_BS = 5513
Blocksize strategy selection process: -0.030569 --> -0.025811, len_BS = 5518
Blocksize strategy selection process: -0.030567 --> -0.025811, len_BS = 5517
Blocksize strategy selection process: -0.030566 --> -0.025811, len_BS = 5518
Blocksize strategy selection process: -0.030565 --> -0.025811, len_BS = 5519
Blocksize strategy selection process: -0.030564 --> -0.025811, len_BS = 5520
Blocksize strategy selection process: -0.030455 --> -0.025811, len_BS = 5521
Blocksize strategy selection process: -0.030453 --> -0.025811, len_BS = 5509
Blocksize strategy selection process: -0.030393 --> -0.025811, len_BS = 5510
Blocksize strategy selection process: -0.030390 --> -0.025811, len_BS = 5510
Blocksize strategy selection process: -0.030384 --> -0.025811, len_BS = 5514
Blocksize strategy selection process: -0.030374 --> -0.025811, len_BS = 5511
Blocksize strategy selection process: -0.030373 --> -0.025811, len_BS = 5511
Blocksize strategy selection process: -0.030372 --> -0.025811, len_BS = 5511
Blocksize strategy selection process: -0.030371 --> -0.025811, len_BS = 5511
Blocksize strategy selection process: -0.030347 --> -0.025811, len_BS = 5511
Blocksize strategy selection process: -0.030346 --> -0.025811, len_BS = 5523
Blocksize strategy selection process: -0.030345 --> -0.025811, len_BS = 5523
Blocksize strategy selection process: -0.030344 --> -0.025811, len_BS = 5523
Blocksize strategy selection process: -0.030261 --> -0.025811, len_BS = 5523
Blocksize strategy selection process: -0.030218 --> -0.025811, len_BS = 5516
Blocksize strategy selection process: -0.030210 --> -0.025811, len_BS = 5520
Blocksize strategy selection process: -0.030122 --> -0.025811, len_BS = 5526
Blocksize strategy selection process: -0.030116 --> -0.025811, len_BS = 5522
Blocksize strategy selection process: -0.030075 --> -0.025811, len_BS = 5530
Blocksize strategy selection process: -0.030074 --> -0.025811, len_BS = 5538
Blocksize strategy selection process: -0.030006 --> -0.025811, len_BS = 5538
Blocksize strategy selection process: -0.029964 --> -0.025811, len_BS = 5530
Blocksize strategy selection process: -0.029963 --> -0.025811, len_BS = 5538
Blocksize strategy selection process: -0.029926 --> -0.025811, len_BS = 5539
Blocksize strategy selection process: -0.029924 --> -0.025811, len_BS = 5553
Blocksize strategy selection process: -0.029916 --> -0.025811, len_BS = 5554
Blocksize strategy selection process: -0.029915 --> -0.025811, len_BS = 5560
Blocksize strategy selection process: -0.029873 --> -0.025811, len_BS = 5560
Blocksize strategy selection process: -0.029865 --> -0.025811, len_BS = 5575
Blocksize strategy selection process: -0.029790 --> -0.025811, len_BS = 5581
Blocksize strategy selection process: -0.029729 --> -0.025811, len_BS = 5586
Blocksize strategy selection process: -0.029707 --> -0.025811, len_BS = 5591
Blocksize strategy selection process: -0.029657 --> -0.025811, len_BS = 5599
Blocksize strategy selection process: -0.029641 --> -0.025811, len_BS = 5602
Blocksize strategy selection process: -0.029623 --> -0.025811, len_BS = 5612
Blocksize strategy selection process: -0.029622 --> -0.025811, len_BS = 5626
Blocksize strategy selection process: -0.029494 --> -0.025811, len_BS = 5627
Blocksize strategy selection process: -0.029493 --> -0.025811, len_BS = 5598
Blocksize strategy selection process: -0.029492 --> -0.025811, len_BS = 5598
Blocksize strategy selection process: -0.029443 --> -0.025811, len_BS = 5600
Blocksize strategy selection process: -0.029407 --> -0.025811, len_BS = 5611
Blocksize strategy selection process: -0.029398 --> -0.025811, len_BS = 5621
Blocksize strategy selection process: -0.029396 --> -0.025811, len_BS = 5627
Blocksize strategy selection process: -0.029392 --> -0.025811, len_BS = 5627
Blocksize strategy selection process: -0.029391 --> -0.025811, len_BS = 5627
Blocksize strategy selection process: -0.029389 --> -0.025811, len_BS = 5627
Blocksize strategy selection process: -0.029388 --> -0.025811, len_BS = 5627
Blocksize strategy selection process: -0.029387 --> -0.025811, len_BS = 5627
Blocksize strategy selection process: -0.029386 --> -0.025811, len_BS = 5627
Blocksize strategy selection process: -0.029380 --> -0.025811, len_BS = 5627
Blocksize strategy selection process: -0.029378 --> -0.025811, len_BS = 5628
Blocksize strategy selection process: -0.029297 --> -0.025811, len_BS = 5629
Blocksize strategy selection process: -0.029293 --> -0.025811, len_BS = 5623
Blocksize strategy selection process: -0.029264 --> -0.025811, len_BS = 5626
Blocksize strategy selection process: -0.029221 --> -0.025811, len_BS = 5629
Blocksize strategy selection process: -0.029165 --> -0.025811, len_BS = 5631
Blocksize strategy selection process: -0.029162 --> -0.025811, len_BS = 5631
Blocksize strategy selection process: -0.029156 --> -0.025811, len_BS = 5634
Blocksize strategy selection process: -0.029152 --> -0.025811, len_BS = 5634
Blocksize strategy selection process: -0.029077 --> -0.025811, len_BS = 5634
Blocksize strategy selection process: -0.029074 --> -0.025811, len_BS = 5626
Blocksize strategy selection process: -0.029071 --> -0.025811, len_BS = 5627
Blocksize strategy selection process: -0.029069 --> -0.025811, len_BS = 5627
Blocksize strategy selection process: -0.029064 --> -0.025811, len_BS = 5628
Blocksize strategy selection process: -0.029057 --> -0.025811, len_BS = 5630
Blocksize strategy selection process: -0.029056 --> -0.025811, len_BS = 5632
Blocksize strategy selection process: -0.029011 --> -0.025811, len_BS = 5632
Blocksize strategy selection process: -0.029009 --> -0.025811, len_BS = 5632
Blocksize strategy selection process: -0.029008 --> -0.025811, len_BS = 5632
Blocksize strategy selection process: -0.029007 --> -0.025811, len_BS = 5632
Blocksize strategy selection process: -0.029000 --> -0.025811, len_BS = 5632
Blocksize strategy selection process: -0.028949 --> -0.025811, len_BS = 5635
Blocksize strategy selection process: -0.028948 --> -0.025811, len_BS = 5635
Blocksize strategy selection process: -0.028946 --> -0.025811, len_BS = 5635
Blocksize strategy selection process: -0.028945 --> -0.025811, len_BS = 5636
Blocksize strategy selection process: -0.028938 --> -0.025811, len_BS = 5636
Blocksize strategy selection process: -0.028937 --> -0.025811, len_BS = 5637
Blocksize strategy selection process: -0.028889 --> -0.025811, len_BS = 5638
Blocksize strategy selection process: -0.028886 --> -0.025811, len_BS = 5637
Blocksize strategy selection process: -0.028882 --> -0.025811, len_BS = 5637
Blocksize strategy selection process: -0.028875 --> -0.025811, len_BS = 5638
Blocksize strategy selection process: -0.028870 --> -0.025811, len_BS = 5641
Blocksize strategy selection process: -0.028827 --> -0.025811, len_BS = 5643
Blocksize strategy selection process: -0.028815 --> -0.025811, len_BS = 5651
Blocksize strategy selection process: -0.028814 --> -0.025811, len_BS = 5653
Blocksize strategy selection process: -0.028813 --> -0.025811, len_BS = 5653
Blocksize strategy selection process: -0.028760 --> -0.025811, len_BS = 5653
Blocksize strategy selection process: -0.028753 --> -0.025811, len_BS = 5658
Blocksize strategy selection process: -0.028747 --> -0.025811, len_BS = 5663
Blocksize strategy selection process: -0.028741 --> -0.025811, len_BS = 5664
Blocksize strategy selection process: -0.028701 --> -0.025811, len_BS = 5666
Blocksize strategy selection process: -0.028697 --> -0.025811, len_BS = 5671
Blocksize strategy selection process: -0.028696 --> -0.025811, len_BS = 5674
Blocksize strategy selection process: -0.028679 --> -0.025811, len_BS = 5674
Blocksize strategy selection process: -0.028568 --> -0.025811, len_BS = 5681
Blocksize strategy selection process: -0.028564 --> -0.025811, len_BS = 5672
Blocksize strategy selection process: -0.028502 --> -0.025811, len_BS = 5672
Blocksize strategy selection process: -0.028497 --> -0.025811, len_BS = 5675
Blocksize strategy selection process: -0.028481 --> -0.025811, len_BS = 5675
Blocksize strategy selection process: -0.028457 --> -0.025811, len_BS = 5683
Blocksize strategy selection process: -0.028418 --> -0.025811, len_BS = 5688
Blocksize strategy selection process: -0.028396 --> -0.025811, len_BS = 5694
Blocksize strategy selection process: -0.028395 --> -0.025811, len_BS = 5701
Blocksize strategy selection process: -0.028390 --> -0.025811, len_BS = 5701
Blocksize strategy selection process: -0.028389 --> -0.025811, len_BS = 5701
Blocksize strategy selection process: -0.028319 --> -0.025811, len_BS = 5701
Blocksize strategy selection process: -0.028312 --> -0.025811, len_BS = 5700
Blocksize strategy selection process: -0.028268 --> -0.025811, len_BS = 5700
Blocksize strategy selection process: -0.028248 --> -0.025811, len_BS = 5707
Blocksize strategy selection process: -0.028238 --> -0.025811, len_BS = 5712
Blocksize strategy selection process: -0.028204 --> -0.025811, len_BS = 5714
Blocksize strategy selection process: -0.028196 --> -0.025811, len_BS = 5719
Blocksize strategy selection process: -0.028161 --> -0.025811, len_BS = 5722
Blocksize strategy selection process: -0.028107 --> -0.025811, len_BS = 5728
Blocksize strategy selection process: -0.028098 --> -0.025811, len_BS = 5733
Blocksize strategy selection process: -0.028082 --> -0.025811, len_BS = 5734
Blocksize strategy selection process: -0.028048 --> -0.025811, len_BS = 5738
Blocksize strategy selection process: -0.028045 --> -0.025811, len_BS = 5743
Blocksize strategy selection process: -0.028022 --> -0.025811, len_BS = 5744
Blocksize strategy selection process: -0.028021 --> -0.025811, len_BS = 5746
Blocksize strategy selection process: -0.027976 --> -0.025811, len_BS = 5746
Blocksize strategy selection process: -0.027969 --> -0.025811, len_BS = 5749
Blocksize strategy selection process: -0.027933 --> -0.025811, len_BS = 5749
Blocksize strategy selection process: -0.027880 --> -0.025811, len_BS = 5756
Blocksize strategy selection process: -0.027813 --> -0.025811, len_BS = 5759
Blocksize strategy selection process: -0.027803 --> -0.025811, len_BS = 5760
Blocksize strategy selection process: -0.027801 --> -0.025811, len_BS = 5761
Blocksize strategy selection process: -0.027794 --> -0.025811, len_BS = 5762
Blocksize strategy selection process: -0.027781 --> -0.025811, len_BS = 5763
Blocksize strategy selection process: -0.027780 --> -0.025811, len_BS = 5763
Blocksize strategy selection process: -0.027748 --> -0.025811, len_BS = 5763
Blocksize strategy selection process: -0.027742 --> -0.025811, len_BS = 5765
Blocksize strategy selection process: -0.027728 --> -0.025811, len_BS = 5765
Blocksize strategy selection process: -0.027711 --> -0.025811, len_BS = 5767
Blocksize strategy selection process: -0.027674 --> -0.025811, len_BS = 5767
Blocksize strategy selection process: -0.027641 --> -0.025811, len_BS = 5768
Blocksize strategy selection process: -0.027606 --> -0.025811, len_BS = 5772
Blocksize strategy selection process: -0.027589 --> -0.025811, len_BS = 5773
Blocksize strategy selection process: -0.027586 --> -0.025811, len_BS = 5775
Blocksize strategy selection process: -0.027574 --> -0.025811, len_BS = 5775
Blocksize strategy selection process: -0.027566 --> -0.025811, len_BS = 5776
Blocksize strategy selection process: -0.027556 --> -0.025811, len_BS = 5776
Blocksize strategy selection process: -0.027496 --> -0.025811, len_BS = 5776
Blocksize strategy selection process: -0.027485 --> -0.025811, len_BS = 5777
Blocksize strategy selection process: -0.027481 --> -0.025811, len_BS = 5777
Blocksize strategy selection process: -0.027464 --> -0.025811, len_BS = 5777
Blocksize strategy selection process: -0.027433 --> -0.025811, len_BS = 5778
Blocksize strategy selection process: -0.027431 --> -0.025811, len_BS = 5778
Blocksize strategy selection process: -0.027430 --> -0.025811, len_BS = 5778
Blocksize strategy selection process: -0.027396 --> -0.025811, len_BS = 5778
Blocksize strategy selection process: -0.027393 --> -0.025811, len_BS = 5781
Blocksize strategy selection process: -0.027364 --> -0.025811, len_BS = 5781
Blocksize strategy selection process: -0.027362 --> -0.025811, len_BS = 5781
Blocksize strategy selection process: -0.027298 --> -0.025811, len_BS = 5781
Blocksize strategy selection process: -0.027258 --> -0.025811, len_BS = 5783
Blocksize strategy selection process: -0.027168 --> -0.025811, len_BS = 5783
Blocksize strategy selection process: -0.027166 --> -0.025811, len_BS = 5783
Blocksize strategy selection process: -0.027165 --> -0.025811, len_BS = 5783
Blocksize strategy selection process: -0.027135 --> -0.025811, len_BS = 5783
Blocksize strategy selection process: -0.027131 --> -0.025811, len_BS = 5783
Blocksize strategy selection process: -0.027125 --> -0.025811, len_BS = 5783
Blocksize strategy selection process: -0.027097 --> -0.025811, len_BS = 5783
Blocksize strategy selection process: -0.027091 --> -0.025811, len_BS = 5783
Blocksize strategy selection process: -0.027063 --> -0.025811, len_BS = 5783
Blocksize strategy selection process: -0.026995 --> -0.025811, len_BS = 5783
Blocksize strategy selection process: -0.026994 --> -0.025811, len_BS = 5783
Blocksize strategy selection process: -0.026993 --> -0.025811, len_BS = 5783
Blocksize strategy selection process: -0.026987 --> -0.025811, len_BS = 5783
Blocksize strategy selection process: -0.026953 --> -0.025811, len_BS = 5783
Blocksize strategy selection process: -0.026920 --> -0.025811, len_BS = 5783
Blocksize strategy selection process: -0.026908 --> -0.025811, len_BS = 5783
Blocksize strategy selection process: -0.026891 --> -0.025811, len_BS = 5783
Blocksize strategy selection process: -0.026866 --> -0.025811, len_BS = 5783
Blocksize strategy selection process: -0.026865 --> -0.025811, len_BS = 5783
Blocksize strategy selection process: -0.026859 --> -0.025811, len_BS = 5783
Blocksize strategy selection process: -0.026818 --> -0.025811, len_BS = 5783
Blocksize strategy selection process: -0.026743 --> -0.025811, len_BS = 5783
Blocksize strategy selection process: -0.026742 --> -0.025811, len_BS = 5784
Blocksize strategy selection process: -0.026698 --> -0.025811, len_BS = 5784
Blocksize strategy selection process: -0.026689 --> -0.025811, len_BS = 5784
Blocksize strategy selection process: -0.026664 --> -0.025811, len_BS = 5784
Blocksize strategy selection process: -0.026626 --> -0.025811, len_BS = 5784
Blocksize strategy selection process: -0.026552 --> -0.025811, len_BS = 5784
Blocksize strategy selection process: -0.026487 --> -0.025811, len_BS = 5784
Blocksize strategy selection process: -0.026480 --> -0.025811, len_BS = 5784
Blocksize strategy selection process: -0.026452 --> -0.025811, len_BS = 5784
Blocksize strategy selection process: -0.026387 --> -0.025811, len_BS = 5784
Blocksize strategy selection process: -0.026386 --> -0.025811, len_BS = 5784
Blocksize strategy selection process: -0.026385 --> -0.025811, len_BS = 5784
Blocksize strategy selection process: -0.026384 --> -0.025811, len_BS = 5784
Blocksize strategy selection process: -0.026293 --> -0.025811, len_BS = 5784
Blocksize strategy selection process: -0.026292 --> -0.025811, len_BS = 5784
Blocksize strategy selection process: -0.026291 --> -0.025811, len_BS = 5784
Blocksize strategy selection process: -0.026290 --> -0.025811, len_BS = 5784
Blocksize strategy selection process: -0.026289 --> -0.025811, len_BS = 5784
Blocksize strategy selection process: -0.026288 --> -0.025811, len_BS = 5784
Blocksize strategy selection process: -0.026287 --> -0.025811, len_BS = 5784
Blocksize strategy selection process: -0.026286 --> -0.025811, len_BS = 5784
Blocksize strategy selection process: -0.026285 --> -0.025811, len_BS = 5784
Blocksize strategy selection process: -0.026284 --> -0.025811, len_BS = 5784
Blocksize strategy selection process: -0.026283 --> -0.025811, len_BS = 5784
Blocksize strategy selection process: -0.026282 --> -0.025811, len_BS = 5784
Blocksize strategy selection process: -0.026281 --> -0.025811, len_BS = 5784
Blocksize strategy selection process: -0.026265 --> -0.025811, len_BS = 5784
Blocksize strategy selection process: -0.026264 --> -0.025811, len_BS = 5784
Blocksize strategy selection process: -0.026263 --> -0.025811, len_BS = 5784
Blocksize strategy selection process: -0.026262 --> -0.025811, len_BS = 5784
Blocksize strategy selection process: -0.026261 --> -0.025811, len_BS = 5784
Blocksize strategy selection process: -0.026260 --> -0.025811, len_BS = 5784
Blocksize strategy selection process: -0.026259 --> -0.025811, len_BS = 5784
Blocksize strategy selection process: -0.026258 --> -0.025811, len_BS = 5784
Blocksize strategy selection process: -0.026257 --> -0.025811, len_BS = 5784
Blocksize strategy selection process: -0.026256 --> -0.025811, len_BS = 5784
Blocksize strategy selection process: -0.026255 --> -0.025811, len_BS = 5784
Blocksize strategy selection process: -0.026254 --> -0.025811, len_BS = 5784
Blocksize strategy selection process: -0.026253 --> -0.025811, len_BS = 5784
Blocksize strategy selection process: -0.026237 --> -0.025811, len_BS = 5784
Blocksize strategy selection process: -0.026236 --> -0.025811, len_BS = 5784
Blocksize strategy selection process: -0.026235 --> -0.025811, len_BS = 5784
Blocksize strategy selection process: -0.026234 --> -0.025811, len_BS = 5784
Blocksize strategy selection process: -0.026233 --> -0.025811, len_BS = 5784
Blocksize strategy selection process: -0.026232 --> -0.025811, len_BS = 5784
Blocksize strategy selection process: -0.026231 --> -0.025811, len_BS = 5784
Blocksize strategy selection process: -0.026230 --> -0.025811, len_BS = 5784
Blocksize strategy selection process: -0.026229 --> -0.025811, len_BS = 5784
Blocksize strategy selection process: -0.026228 --> -0.025811, len_BS = 5784
Blocksize strategy selection process: -0.026227 --> -0.025811, len_BS = 5784
Blocksize strategy selection process: -0.026226 --> -0.025811, len_BS = 5784
Blocksize strategy selection process: -0.026225 --> -0.025811, len_BS = 5784
Blocksize strategy selection process: -0.026224 --> -0.025811, len_BS = 5784
Blocksize strategy selection process: -0.026208 --> -0.025811, len_BS = 5784
Blocksize strategy selection process: -0.026207 --> -0.025811, len_BS = 5784
Blocksize strategy selection process: -0.026206 --> -0.025811, len_BS = 5784
Blocksize strategy selection process: -0.026205 --> -0.025811, len_BS = 5784
Blocksize strategy selection process: -0.026204 --> -0.025811, len_BS = 5784
Blocksize strategy selection process: -0.026203 --> -0.025811, len_BS = 5784
Blocksize strategy selection process: -0.026202 --> -0.025811, len_BS = 5784
Blocksize strategy selection process: -0.026201 --> -0.025811, len_BS = 5784
Blocksize strategy selection process: -0.026200 --> -0.025811, len_BS = 5784
Blocksize strategy selection process: -0.026199 --> -0.025811, len_BS = 5784
Blocksize strategy selection process: -0.026198 --> -0.025811, len_BS = 5784
Blocksize strategy selection process: -0.026197 --> -0.025811, len_BS = 5784
Blocksize strategy selection process: -0.026181 --> -0.025811, len_BS = 5784
Blocksize strategy selection process: -0.026180 --> -0.025811, len_BS = 5784
Blocksize strategy selection process: -0.026179 --> -0.025811, len_BS = 5784
Blocksize strategy selection process: -0.026178 --> -0.025811, len_BS = 5784
Blocksize strategy selection process: -0.026177 --> -0.025811, len_BS = 5784
Blocksize strategy selection process: -0.026176 --> -0.025811, len_BS = 5784
Blocksize strategy selection process: -0.026175 --> -0.025811, len_BS = 5784
Blocksize strategy selection process: -0.026174 --> -0.025811, len_BS = 5784
Blocksize strategy selection process: -0.026173 --> -0.025811, len_BS = 5784
Blocksize strategy selection process: -0.026129 --> -0.025811, len_BS = 5784
Blocksize strategy selection process: -0.026128 --> -0.025811, len_BS = 5784
Blocksize strategy selection process: -0.026127 --> -0.025811, len_BS = 5784
Blocksize strategy selection process: -0.026126 --> -0.025811, len_BS = 5784
Blocksize strategy selection process: -0.026125 --> -0.025811, len_BS = 5784
Blocksize strategy selection process: -0.026124 --> -0.025811, len_BS = 5784
Blocksize strategy selection process: -0.026123 --> -0.025811, len_BS = 5784
Blocksize strategy selection process: -0.026122 --> -0.025811, len_BS = 5784
Blocksize strategy selection process: -0.026121 --> -0.025811, len_BS = 5784
Blocksize strategy selection process: -0.026120 --> -0.025811, len_BS = 5784
Blocksize strategy selection process: -0.026119 --> -0.025811, len_BS = 5784
Blocksize strategy selection process: -0.026118 --> -0.025811, len_BS = 5784
Blocksize strategy selection process: -0.026117 --> -0.025811, len_BS = 5784
Blocksize strategy selection process: -0.026116 --> -0.025811, len_BS = 5784
Blocksize strategy selection process: -0.026115 --> -0.025811, len_BS = 5784
Blocksize strategy selection process: -0.026114 --> -0.025811, len_BS = 5784
Blocksize strategy selection process: -0.026113 --> -0.025811, len_BS = 5784
Blocksize strategy selection process: -0.026112 --> -0.025811, len_BS = 5784
Blocksize strategy selection process: -0.026111 --> -0.025811, len_BS = 5784
Blocksize strategy selection process: -0.026110 --> -0.025811, len_BS = 5784
Blocksize strategy selection process: -0.026109 --> -0.025811, len_BS = 5784
Blocksize strategy selection process: -0.026108 --> -0.025811, len_BS = 5784
Blocksize strategy selection process: -0.026107 --> -0.025811, len_BS = 5784
Blocksize strategy selection process: -0.026106 --> -0.025811, len_BS = 5784
Blocksize strategy selection process: -0.026105 --> -0.025811, len_BS = 5784
Blocksize strategy selection process: -0.026104 --> -0.025811, len_BS = 5784
Blocksize strategy selection process: -0.026103 --> -0.025811, len_BS = 5784
Blocksize strategy selection process: -0.026102 --> -0.025811, len_BS = 5784
Blocksize strategy selection process: -0.026101 --> -0.025811, len_BS = 5784
Blocksize strategy selection process: -0.026100 --> -0.025811, len_BS = 5784
Blocksize strategy selection process: -0.026099 --> -0.025811, len_BS = 5784
Blocksize strategy selection process: -0.026098 --> -0.025811, len_BS = 5784
Blocksize strategy selection process: -0.026097 --> -0.025811, len_BS = 5784
Blocksize strategy selection process: -0.026096 --> -0.025811, len_BS = 5784
Blocksize strategy selection process: -0.026095 --> -0.025811, len_BS = 5784
Blocksize strategy selection process: -0.026094 --> -0.025811, len_BS = 5784
Blocksize strategy selection process: -0.026081 --> -0.025811, len_BS = 5784
Blocksize strategy selection process: -0.026080 --> -0.025811, len_BS = 5784
Blocksize strategy selection process: -0.026079 --> -0.025811, len_BS = 5784
Blocksize strategy selection process: -0.026078 --> -0.025811, len_BS = 5784
Blocksize strategy selection process: -0.026077 --> -0.025811, len_BS = 5784
Blocksize strategy selection process: -0.026076 --> -0.025811, len_BS = 5784
Blocksize strategy selection process: -0.026075 --> -0.025811, len_BS = 5784
Blocksize strategy selection process: -0.026074 --> -0.025811, len_BS = 5784
Blocksize strategy selection process: -0.026073 --> -0.025811, len_BS = 5784
Blocksize strategy selection process: -0.026072 --> -0.025811, len_BS = 5784
Blocksize strategy selection process: -0.026071 --> -0.025811, len_BS = 5784
Blocksize strategy selection process: -0.026059 --> -0.025811, len_BS = 5784
Blocksize strategy selection process: -0.026058 --> -0.025811, len_BS = 5784
Blocksize strategy selection process: -0.026057 --> -0.025811, len_BS = 5784
Blocksize strategy selection process: -0.026056 --> -0.025811, len_BS = 5784
Blocksize strategy selection process: -0.026055 --> -0.025811, len_BS = 5784
Blocksize strategy selection process: -0.026054 --> -0.025811, len_BS = 5784
Blocksize strategy selection process: -0.026053 --> -0.025811, len_BS = 5784
Blocksize strategy selection process: -0.026052 --> -0.025811, len_BS = 5784
Blocksize strategy selection process: -0.026051 --> -0.025811, len_BS = 5784
Blocksize strategy selection process: -0.026050 --> -0.025811, len_BS = 5784
Blocksize strategy selection process: -0.026049 --> -0.025811, len_BS = 5784
Blocksize strategy selection process: -0.026037 --> -0.025811, len_BS = 5784
Blocksize strategy selection process: -0.026036 --> -0.025811, len_BS = 5784
Blocksize strategy selection process: -0.026035 --> -0.025811, len_BS = 5784
Blocksize strategy selection process: -0.026034 --> -0.025811, len_BS = 5784
Blocksize strategy selection process: -0.026033 --> -0.025811, len_BS = 5784
Blocksize strategy selection process: -0.026032 --> -0.025811, len_BS = 5784
Blocksize strategy selection process: -0.026031 --> -0.025811, len_BS = 5784
Blocksize strategy selection process: -0.026030 --> -0.025811, len_BS = 5784
Blocksize strategy selection process: -0.026029 --> -0.025811, len_BS = 5784
Blocksize strategy selection process: -0.026028 --> -0.025811, len_BS = 5784
Blocksize strategy selection process: -0.026016 --> -0.025811, len_BS = 5784
Blocksize strategy selection process: -0.026015 --> -0.025811, len_BS = 5784
Blocksize strategy selection process: -0.026014 --> -0.025811, len_BS = 5784
Blocksize strategy selection process: -0.026013 --> -0.025811, len_BS = 5784
Blocksize strategy selection process: -0.026012 --> -0.025811, len_BS = 5784
Blocksize strategy selection process: -0.026011 --> -0.025811, len_BS = 5784
Blocksize strategy selection process: -0.026010 --> -0.025811, len_BS = 5784
Blocksize strategy selection process: -0.026009 --> -0.025811, len_BS = 5784
Blocksize strategy selection process: -0.026008 --> -0.025811, len_BS = 5784
Blocksize strategy selection process: -0.026007 --> -0.025811, len_BS = 5784
Blocksize strategy selection process: -0.025996 --> -0.025811, len_BS = 5784
Blocksize strategy selection process: -0.025995 --> -0.025811, len_BS = 5784
Blocksize strategy selection process: -0.025994 --> -0.025811, len_BS = 5784
Blocksize strategy selection process: -0.025993 --> -0.025811, len_BS = 5784
Blocksize strategy selection process: -0.025992 --> -0.025811, len_BS = 5784
Blocksize strategy selection process: -0.025991 --> -0.025811, len_BS = 5784
Blocksize strategy selection process: -0.025990 --> -0.025811, len_BS = 5784
Blocksize strategy selection process: -0.025989 --> -0.025811, len_BS = 5784
Blocksize strategy selection process: -0.025988 --> -0.025811, len_BS = 5784
Blocksize strategy selection process: -0.025987 --> -0.025811, len_BS = 5784
Blocksize strategy selection process: -0.025977 --> -0.025811, len_BS = 5784
Blocksize strategy selection process: -0.025976 --> -0.025811, len_BS = 5784
Blocksize strategy selection process: -0.025975 --> -0.025811, len_BS = 5784
Blocksize strategy selection process: -0.025974 --> -0.025811, len_BS = 5784
Blocksize strategy selection process: -0.025973 --> -0.025811, len_BS = 5784
Blocksize strategy selection process: -0.025972 --> -0.025811, len_BS = 5784
Blocksize strategy selection process: -0.025971 --> -0.025811, len_BS = 5784
Blocksize strategy selection process: -0.025970 --> -0.025811, len_BS = 5784
Blocksize strategy selection process: -0.025969 --> -0.025811, len_BS = 5784
Blocksize strategy selection process: -0.025968 --> -0.025811, len_BS = 5784
Blocksize strategy selection process: -0.025958 --> -0.025811, len_BS = 5784
Blocksize strategy selection process: -0.025957 --> -0.025811, len_BS = 5784
Blocksize strategy selection process: -0.025956 --> -0.025811, len_BS = 5784
Blocksize strategy selection process: -0.025955 --> -0.025811, len_BS = 5784
Blocksize strategy selection process: -0.025954 --> -0.025811, len_BS = 5784
Blocksize strategy selection process: -0.025953 --> -0.025811, len_BS = 5784
Blocksize strategy selection process: -0.025952 --> -0.025811, len_BS = 5784
Blocksize strategy selection process: -0.025951 --> -0.025811, len_BS = 5784
Blocksize strategy selection process: -0.025950 --> -0.025811, len_BS = 5784
Blocksize strategy selection process: -0.025941 --> -0.025811, len_BS = 5784
Blocksize strategy selection process: -0.025940 --> -0.025811, len_BS = 5784
Blocksize strategy selection process: -0.025939 --> -0.025811, len_BS = 5784
Blocksize strategy selection process: -0.025938 --> -0.025811, len_BS = 5784
Blocksize strategy selection process: -0.025937 --> -0.025811, len_BS = 5784
Blocksize strategy selection process: -0.025936 --> -0.025811, len_BS = 5784
Blocksize strategy selection process: -0.025935 --> -0.025811, len_BS = 5784
Blocksize strategy selection process: -0.025934 --> -0.025811, len_BS = 5784
Blocksize strategy selection process: -0.025925 --> -0.025811, len_BS = 5784
Blocksize strategy selection process: -0.025924 --> -0.025811, len_BS = 5784
Blocksize strategy selection process: -0.025923 --> -0.025811, len_BS = 5784
Blocksize strategy selection process: -0.025922 --> -0.025811, len_BS = 5784
Blocksize strategy selection process: -0.025921 --> -0.025811, len_BS = 5784
Blocksize strategy selection process: -0.025920 --> -0.025811, len_BS = 5784
Blocksize strategy selection process: -0.025919 --> -0.025811, len_BS = 5784
Blocksize strategy selection process: -0.025918 --> -0.025811, len_BS = 5784
Blocksize strategy selection process: -0.025910 --> -0.025811, len_BS = 5784
Blocksize strategy selection process: -0.025909 --> -0.025811, len_BS = 5784
Blocksize strategy selection process: -0.025908 --> -0.025811, len_BS = 5784
Blocksize strategy selection process: -0.025907 --> -0.025811, len_BS = 5784
Blocksize strategy selection process: -0.025906 --> -0.025811, len_BS = 5784
Blocksize strategy selection process: -0.025905 --> -0.025811, len_BS = 5784
Blocksize strategy selection process: -0.025882 --> -0.025811, len_BS = 5784
Blocksize strategy selection process: -0.025881 --> -0.025811, len_BS = 5784
Blocksize strategy selection process: -0.025878 --> -0.025811, len_BS = 5784
Blocksize strategy selection process: -0.025876 --> -0.025811, len_BS = 5784
Blocksize strategy selection process: -0.025874 --> -0.025811, len_BS = 5784
Blocksize strategy selection process: -0.025873 --> -0.025811, len_BS = 5784
Blocksize strategy selection process: -0.025872 --> -0.025811, len_BS = 5784
Blocksize strategy selection process: -0.025871 --> -0.025811, len_BS = 5784
Blocksize strategy selection process: -0.025870 --> -0.025811, len_BS = 5784
Blocksize strategy selection process: -0.025869 --> -0.025811, len_BS = 5784
Blocksize strategy selection process: -0.025868 --> -0.025811, len_BS = 5784
Blocksize strategy selection process: -0.025867 --> -0.025811, len_BS = 5784
Blocksize strategy selection process: -0.025866 --> -0.025811, len_BS = 5784
Blocksize strategy selection process: -0.025865 --> -0.025811, len_BS = 5784
Blocksize strategy selection process: -0.025859 --> -0.025811, len_BS = 5784
Blocksize strategy selection process: -0.025858 --> -0.025811, len_BS = 5784
Blocksize strategy selection process: -0.025857 --> -0.025811, len_BS = 5784
Blocksize strategy selection process: -0.025856 --> -0.025811, len_BS = 5784
Blocksize strategy selection process: -0.025855 --> -0.025811, len_BS = 5784
Blocksize strategy selection process: -0.025849 --> -0.025811, len_BS = 5784
Blocksize strategy selection process: -0.025848 --> -0.025811, len_BS = 5784
Blocksize strategy selection process: -0.025847 --> -0.025811, len_BS = 5784
Blocksize strategy selection process: -0.025846 --> -0.025811, len_BS = 5784
Blocksize strategy selection process: -0.025845 --> -0.025811, len_BS = 5784
Blocksize strategy selection process: -0.025844 --> -0.025811, len_BS = 5784
Blocksize strategy selection process: -0.025840 --> -0.025811, len_BS = 5784
Blocksize strategy selection process: -0.025839 --> -0.025811, len_BS = 5784
Blocksize strategy selection process: -0.025838 --> -0.025811, len_BS = 5784
Blocksize strategy selection process: -0.025837 --> -0.025811, len_BS = 5784
Blocksize strategy selection process: -0.025836 --> -0.025811, len_BS = 5784
Blocksize strategy selection process: -0.025833 --> -0.025811, len_BS = 5784
Blocksize strategy selection process: -0.025832 --> -0.025811, len_BS = 5784
Blocksize strategy selection process: -0.025831 --> -0.025811, len_BS = 5784
Blocksize strategy selection process: -0.025830 --> -0.025811, len_BS = 5784
Blocksize strategy selection process: -0.025829 --> -0.025811, len_BS = 5784
Blocksize strategy selection process: -0.025826 --> -0.025811, len_BS = 5784
Blocksize strategy selection process: -0.025825 --> -0.025811, len_BS = 5784
Blocksize strategy selection process: -0.025824 --> -0.025811, len_BS = 5784
Blocksize strategy selection process: -0.025823 --> -0.025811, len_BS = 5784
Blocksize strategy selection process: -0.025822 --> -0.025811, len_BS = 5784
Blocksize strategy selection process: -0.025819 --> -0.025811, len_BS = 5784
Blocksize strategy selection process: -0.025818 --> -0.025811, len_BS = 5784
Blocksize strategy selection process: -0.025817 --> -0.025811, len_BS = 5784
Blocksize strategy selection process: -0.025816 --> -0.025811, len_BS = 5784
Blocksize strategy selection process: -0.025814 --> -0.025811, len_BS = 5784
Blocksize strategy selection process: -0.025812 --> -0.025811, len_BS = 5784
Blocksize strategy selection process: -0.025811 --> -0.025811, len_BS = 5784
len(BS) = 5784
Time cost for generating Strategy: 1603.377410 s
[17.06666358906094,17.030499717592896,16.994318581383133,16.958119325375215,16.921901621873783,16.885664632115024,16.849407639460804,16.81312982833127,16.776830483396424,16.740508833880504,16.704163969409162,16.66779514327359,16.631401386076174,16.594981836489964,16.558535409487966,16.522061260919372,16.485558385348707,16.44902571324953,16.41246207634608,16.375866369270753,16.339237633045915,16.302574722007616,16.265876746240444,16.229142381831807,16.19237045964912,16.155559847122234,16.118709206495108,16.081817510469737,16.04488333591664,16.007905522799874,15.970883010039028,15.933814574929256,15.89669888575465,15.859534825601674,15.82232148805822,15.785059218912743,15.74774960906314,15.710543104461241,15.673437582736572,15.636430923408314,15.59952100753467,15.562705717355817,15.525982935930223,15.489350546764014,15.452806433433123,15.416348479197854,15.379974566609604,15.34368257710933,15.307470390617492,15.271335885115025,15.235276936214978,15.199291416724462,15.163377196196404,15.127532140470757,15.091754111204626,15.056040965390894,15.020390554864795,14.98480072579797,14.949269318179379,14.913794165282576,14.878373093118697,14.843003919874535,14.807684455335076,14.772412500289775,14.737185845921886,14.702002273180035,14.666859552131331,14.631755441295114,14.59668768695651,14.56165402245888,14.526652167474221,14.49167982725053,14.45673469183505,14.42181443527237,14.38691671477622,14.352039169873727,14.317179421520946,14.282335071188337,14.247503699914814,14.212682867328972,14.177870110635983,14.143062943568614,14.108258855300805,14.073455309322053,14.038649742270918,14.003839562725826,13.969022149951309,13.934194852597741,13.899354987352597,13.864499837541196,13.829626651674847,13.79473264194428,13.759814982656243,13.724870808611117,13.689897213419414,13.654891247755115,13.619849917543814,13.584770182083794,13.549648952098348,13.514483087717837,13.479269396390343,13.444004630720169,13.40868548623397,13.373308599075012,13.337870543626869,13.302367830069068,13.266796901868457,13.231154133211929,13.195481586329759,13.1599621622164,13.124455463782754,13.088929422679461,13.053335644935526,13.017655964928773,12.98189293849716,12.946030312973235,12.910110589165171,12.874076280306362,12.837950729369545,12.801690279820471,12.765355928210239,12.72888770090975,12.69229919566206,12.655578266186302,12.618735971422359,12.581765252930017,12.544649149712583,12.507406041856122,12.47000926844435,12.432470643529774,12.394763270873458,12.35691438477585,12.318904406424144,12.280724966225645,12.24236357431788,12.203826554875365,12.16513006122417,12.126251422031753,12.087219543049601,12.04798288442575,12.008558358150394,11.968949198456054,11.929130390510018,11.8891370435679,11.848921940419018,11.808514561197928,11.767925443951846,11.72713473679689,11.68612858097291,11.644930893868215,11.60356530346146,11.562177526038013,11.52091369943742,11.49566740356987,11.470275895603427,11.444737274259106,11.419049599120564,11.39321088953739,11.367219123489726,11.34107223641263,11.314768119978451,11.288304620835477,11.261679539300914,11.23489062800628,11.207935590493195,11.180812079757319,11.153517696738241,11.126049988752955,11.098406447870367,11.070584509224284,11.042581549262108,11.014394883926371,10.986021766766077,10.957459386974683,10.928704867351376,10.899755262182197,10.870607555037255,10.84125865648028,10.811705401686366,10.781944547963775,10.75197277217522,10.721786668054081,10.691382743410575,10.660757417222758,10.629907016607016,10.59882777366237,10.567515822182711,10.535967194230809,10.504177816567617,10.472143506930221,10.439859970151304,10.407322794112915,10.374527445526928,10.341469265534302,10.308143465114984,10.274545120300054,10.240669167177465,10.206510396682454,10.172063449163616,10.137322808715389,10.102282797267737,10.066937568423734,10.031281101035916,9.995307192512437,9.959009451844537,9.92238129234734,9.885415924106834,9.848106346127016,9.810445338172658,9.772425452305063,9.73403900411062,9.69527806362522,9.656134445961372,9.616599701650037,9.576665106715204,9.536321652507132,9.495560035329584,9.454370645908435,9.412743558763612,9.37066852156445,9.328134944571154,9.2851318902927,9.241648063525965,9.197671801983343,9.158544980926633,9.140787797995452,9.106757278407969,9.068987487626131,9.025536259567707,8.97989191707375,8.93446070535878,8.887044585126644,8.844501460358453,8.79517528561295,8.748465653627541,8.696556965056693,8.651649974351718,8.599652166981587,8.549111419858278,8.497029279927208,8.446108611733292,8.394240740747312,8.340260009418566,8.288284363435181,8.23306238560748,8.179068986367167,8.121786875669478,8.067522430381723,8.010825750555034,7.952988736128118,7.89352094594531,7.834611132472248,7.777415630613996,7.7174081086399084,7.660600414048591,7.597609316987473,7.536392143137717,7.475365506841056,7.411227501698224,7.350987631210793,7.285048808077402,7.222337404480161,7.16066667633523,7.096491539750162,7.03049333831989,6.967078022652159,6.906235649206131,6.862274177846687,6.835388646697286]
MinStrategy is: [87, 87, 87, 107, 117, 117] + pump(133,136,21) , ['87 * 3 (-0.045444) , cost = 1167.8049 s', '107 * 1 (-0.040910) , cost = 874.0797 s', '117 * 2 (-0.036027) , cost = 3890.1794 s'] + pump(133,136,21)
[87,87,87,107,117,117]
Time cost for pnj-BKZ = 1.65 h,
Time cost for pump = 1.11 h,
Total time cost = 2.75 h.
